{"level":"\u001b[32minfo\u001b[39m","message":"{\"method\":\"GET\",\"url\":\"/api/attendence/get-policy?organizationId=6772156b15a6f5e05c8a29c9\",\"status\":\"401\",\"responseTime\":\"6.451\"}","timestamp":"2025-01-04T03:41:24.956Z"}
{"level":"\u001b[32minfo\u001b[39m","message":"{\"method\":\"GET\",\"url\":\"/api/attendence/get-policy?organizationId=6772156b15a6f5e05c8a29c9\",\"status\":\"304\",\"responseTime\":\"486.858\"}","timestamp":"2025-01-04T03:41:25.869Z"}
{"level":"\u001b[32minfo\u001b[39m","message":"{\"method\":\"GET\",\"url\":\"/api/employee/fetch-EmployeesCount?organizationId=6772156b15a6f5e05c8a29c9\",\"status\":\"304\",\"responseTime\":\"97.917\"}","timestamp":"2025-01-04T03:41:58.381Z"}
{"level":"\u001b[32minfo\u001b[39m","message":"{\"method\":\"GET\",\"url\":\"/api/attendence/get-policy?organizationId=6772156b15a6f5e05c8a29c9\",\"status\":\"304\",\"responseTime\":\"148.187\"}","timestamp":"2025-01-04T03:42:03.292Z"}
{"level":"\u001b[32minfo\u001b[39m","message":"{\"method\":\"POST\",\"url\":\"/api/attendence/update-policy\",\"status\":\"200\",\"responseTime\":\"367.876\"}","timestamp":"2025-01-04T03:42:09.378Z"}
{"level":"\u001b[32minfo\u001b[39m","message":"{\"method\":\"GET\",\"url\":\"/api/attendence/get-policy?organizationId=6772156b15a6f5e05c8a29c9\",\"status\":\"200\",\"responseTime\":\"105.407\"}","timestamp":"2025-01-04T03:42:17.150Z"}
{"level":"\u001b[32minfo\u001b[39m","message":"{\"method\":\"POST\",\"url\":\"/api/attendence/handle-attendence\",\"status\":\"200\",\"responseTime\":\"4.338\"}","timestamp":"2025-01-04T03:44:10.857Z"}
{"level":"\u001b[32minfo\u001b[39m","message":"{\"method\":\"POST\",\"url\":\"/api/attendence/handle-attendence\",\"status\":\"200\",\"responseTime\":\"26.435\"}","timestamp":"2025-01-04T03:46:27.529Z"}
{"level":"\u001b[32minfo\u001b[39m","message":"{\"method\":\"POST\",\"url\":\"/api/attendence/handle-attendence\",\"status\":\"200\",\"responseTime\":\"86.783\"}","timestamp":"2025-01-04T04:48:05.986Z"}
{"level":"\u001b[32minfo\u001b[39m","message":"{\"method\":\"POST\",\"url\":\"/api/attendence/handle-attendence\",\"status\":\"200\",\"responseTime\":\"116.676\"}","timestamp":"2025-01-04T05:02:46.804Z"}
{"level":"\u001b[32minfo\u001b[39m","message":"{\"method\":\"GET\",\"url\":\"/api/employee/get-employees?organizationId=6772156b15a6f5e05c8a29c9\",\"status\":\"401\",\"responseTime\":\"2.168\"}","timestamp":"2025-01-04T05:03:37.859Z"}
{"level":"\u001b[32minfo\u001b[39m","message":"{\"method\":\"GET\",\"url\":\"/api/attendence/get-policy?organizationId=6772156b15a6f5e05c8a29c9\",\"status\":\"401\",\"responseTime\":\"3.388\"}","timestamp":"2025-01-04T05:03:45.154Z"}
{"level":"\u001b[32minfo\u001b[39m","message":"{\"method\":\"GET\",\"url\":\"/api/attendence/get-policy?organizationId=6772156b15a6f5e05c8a29c9\",\"status\":\"304\",\"responseTime\":\"60.502\"}","timestamp":"2025-01-04T05:03:45.283Z"}
{"level":"\u001b[32minfo\u001b[39m","message":"{\"method\":\"GET\",\"url\":\"/api/attendence/get-policy?organizationId=6772156b15a6f5e05c8a29c9\",\"status\":\"304\",\"responseTime\":\"53.374\"}","timestamp":"2025-01-04T05:03:52.477Z"}
{"level":"\u001b[32minfo\u001b[39m","message":"{\"method\":\"POST\",\"url\":\"/api/attendence/update-policy\",\"status\":\"200\",\"responseTime\":\"116.558\"}","timestamp":"2025-01-04T05:04:42.397Z"}
{"level":"\u001b[32minfo\u001b[39m","message":"{\"method\":\"POST\",\"url\":\"/api/attendence/handle-attendence\",\"status\":\"200\",\"responseTime\":\"50.454\"}","timestamp":"2025-01-04T05:04:57.853Z"}
{"level":"\u001b[32minfo\u001b[39m","message":"{\"method\":\"POST\",\"url\":\"/api/attendence/update-policy\",\"status\":\"200\",\"responseTime\":\"137.095\"}","timestamp":"2025-01-04T05:42:21.270Z"}
{"level":"\u001b[32minfo\u001b[39m","message":"{\"method\":\"GET\",\"url\":\"/api/attendence/get-policy?organizationId=6772156b15a6f5e05c8a29c9\",\"status\":\"200\",\"responseTime\":\"51.023\"}","timestamp":"2025-01-04T05:42:26.800Z"}
{"level":"\u001b[32minfo\u001b[39m","message":"{\"method\":\"POST\",\"url\":\"/api/attendence/update-policy\",\"status\":\"200\",\"responseTime\":\"116.492\"}","timestamp":"2025-01-04T05:42:38.205Z"}
{"level":"\u001b[32minfo\u001b[39m","message":"{\"method\":\"GET\",\"url\":\"/api/attendence/get-policy?organizationId=6772156b15a6f5e05c8a29c9\",\"status\":\"200\",\"responseTime\":\"44.691\"}","timestamp":"2025-01-04T05:42:41.785Z"}
{"level":"\u001b[32minfo\u001b[39m","message":"{\"method\":\"GET\",\"url\":\"/api/attendence/get-policy?organizationId=6772156b15a6f5e05c8a29c9\",\"status\":\"304\",\"responseTime\":\"45.897\"}","timestamp":"2025-01-04T05:42:51.308Z"}
{"level":"\u001b[32minfo\u001b[39m","message":"{\"method\":\"POST\",\"url\":\"/api/attendence/handle-attendence\",\"status\":\"200\",\"responseTime\":\"126.020\"}","timestamp":"2025-01-04T05:43:28.235Z"}
{"level":"\u001b[32minfo\u001b[39m","message":"{\"method\":\"POST\",\"url\":\"/api/attendence/update-policy\",\"status\":\"401\",\"responseTime\":\"31.743\"}","timestamp":"2025-01-04T06:10:35.911Z"}
{"level":"\u001b[32minfo\u001b[39m","message":"{\"method\":\"POST\",\"url\":\"/api/attendence/update-policy\",\"status\":\"200\",\"responseTime\":\"162.258\"}","timestamp":"2025-01-04T06:10:36.121Z"}
{"level":"\u001b[32minfo\u001b[39m","message":"{\"method\":\"GET\",\"url\":\"/api/attendence/get-policy?organizationId=6772156b15a6f5e05c8a29c9\",\"status\":\"304\",\"responseTime\":\"59.889\"}","timestamp":"2025-01-04T06:10:41.753Z"}
{"level":"\u001b[32minfo\u001b[39m","message":"{\"method\":\"GET\",\"url\":\"/api/employee/fetch-EmployeesCount?organizationId=6772156b15a6f5e05c8a29c9\",\"status\":\"304\",\"responseTime\":\"91.824\"}","timestamp":"2025-01-04T06:12:05.136Z"}
{"level":"\u001b[32minfo\u001b[39m","message":"{\"method\":\"GET\",\"url\":\"/api/attendence/get-policy?organizationId=6772156b15a6f5e05c8a29c9\",\"status\":\"304\",\"responseTime\":\"61.763\"}","timestamp":"2025-01-04T06:12:22.437Z"}
{"level":"\u001b[32minfo\u001b[39m","message":"{\"method\":\"POST\",\"url\":\"/api/attendence/handle-attendence\",\"status\":\"200\",\"responseTime\":\"253.370\"}","timestamp":"2025-01-04T06:12:36.426Z"}
{"level":"\u001b[32minfo\u001b[39m","message":"{\"method\":\"POST\",\"url\":\"/api/attendence/handle-attendence\",\"status\":\"200\",\"responseTime\":\"332.739\"}","timestamp":"2025-01-04T06:14:22.772Z"}
{"level":"\u001b[32minfo\u001b[39m","message":"{\"method\":\"POST\",\"url\":\"/api/attendence/handle-attendence\",\"status\":\"200\",\"responseTime\":\"245.945\"}","timestamp":"2025-01-04T06:14:46.472Z"}
{"level":"\u001b[32minfo\u001b[39m","message":"{\"method\":\"POST\",\"url\":\"/api/attendence/handle-attendence\",\"status\":\"200\",\"responseTime\":\"233.151\"}","timestamp":"2025-01-04T06:19:36.974Z"}
{"level":"\u001b[32minfo\u001b[39m","message":"{\"method\":\"POST\",\"url\":\"/api/attendence/handle-attendence\",\"status\":\"200\",\"responseTime\":\"217.032\"}","timestamp":"2025-01-04T06:19:56.347Z"}
{"level":"\u001b[32minfo\u001b[39m","message":"{\"method\":\"GET\",\"url\":\"/api/attendence/get-policy?organizationId=6772156b15a6f5e05c8a29c9\",\"status\":\"304\",\"responseTime\":\"73.061\"}","timestamp":"2025-01-04T06:28:38.091Z"}
{"level":"\u001b[32minfo\u001b[39m","message":"{\"method\":\"GET\",\"url\":\"/api/attendence/get-policy?organizationId=6772156b15a6f5e05c8a29c9\",\"status\":\"304\",\"responseTime\":\"408.088\"}","timestamp":"2025-01-04T06:41:45.307Z"}
{"level":"\u001b[32minfo\u001b[39m","message":"{\"method\":\"GET\",\"url\":\"/api/attendence/get-policy?organizationId=6772156b15a6f5e05c8a29c9\",\"status\":\"401\",\"responseTime\":\"2.312\"}","timestamp":"2025-01-04T07:59:41.717Z"}
{"level":"\u001b[32minfo\u001b[39m","message":"{\"method\":\"GET\",\"url\":\"/api/attendence/get-policy?organizationId=6772156b15a6f5e05c8a29c9\",\"status\":\"304\",\"responseTime\":\"303.693\"}","timestamp":"2025-01-04T07:59:42.395Z"}
{"level":"\u001b[32minfo\u001b[39m","message":"{\"method\":\"GET\",\"url\":\"/api/attendence/get-policy?organizationId=6772156b15a6f5e05c8a29c9\",\"status\":\"304\",\"responseTime\":\"3384.220\"}","timestamp":"2025-01-04T08:16:39.661Z"}
{"level":"\u001b[32minfo\u001b[39m","message":"{\"method\":\"GET\",\"url\":\"/api/attendence/get-policy?organizationId=6772156b15a6f5e05c8a29c9\",\"status\":\"304\",\"responseTime\":\"496.350\"}","timestamp":"2025-01-04T08:43:55.570Z"}
{"level":"\u001b[32minfo\u001b[39m","message":"{\"method\":\"GET\",\"url\":\"/api/employee/fetch-EmployeesCount?organizationId=6772156b15a6f5e05c8a29c9\",\"status\":\"304\",\"responseTime\":\"66.713\"}","timestamp":"2025-01-04T08:44:28.072Z"}
{"level":"\u001b[32minfo\u001b[39m","message":"{\"method\":\"GET\",\"url\":\"/api/employee/fetch-EmployeesCount?organizationId=6772156b15a6f5e05c8a29c9\",\"status\":\"304\",\"responseTime\":\"92.368\"}","timestamp":"2025-01-04T09:01:22.071Z"}
{"level":"\u001b[32minfo\u001b[39m","message":"{\"method\":\"GET\",\"url\":\"/api/attendence/get-policy?organizationId=6772156b15a6f5e05c8a29c9\",\"status\":\"304\",\"responseTime\":\"72.186\"}","timestamp":"2025-01-04T09:01:28.750Z"}
{"level":"\u001b[32minfo\u001b[39m","message":"{\"method\":\"GET\",\"url\":\"/api/employee/get-employees?organizationId=6772156b15a6f5e05c8a29c9\",\"status\":\"200\",\"responseTime\":\"73.392\"}","timestamp":"2025-01-04T09:03:47.358Z"}
{"level":"\u001b[32minfo\u001b[39m","message":"{\"method\":\"POST\",\"url\":\"/api/employee/register-employee\",\"status\":\"200\",\"responseTime\":\"229.541\"}","timestamp":"2025-01-04T09:04:32.021Z"}
{"level":"\u001b[32minfo\u001b[39m","message":"{\"method\":\"GET\",\"url\":\"/api/employee/get-employees?organizationId=6772156b15a6f5e05c8a29c9\",\"status\":\"200\",\"responseTime\":\"148.902\"}","timestamp":"2025-01-04T09:04:36.654Z"}
{"level":"\u001b[32minfo\u001b[39m","message":"{\"method\":\"GET\",\"url\":\"/api/attendence/get-policy?organizationId=6772156b15a6f5e05c8a29c9\",\"status\":\"304\",\"responseTime\":\"47.024\"}","timestamp":"2025-01-04T09:06:14.745Z"}
