{"level":"\u001b[32minfo\u001b[39m","message":"{\"method\":\"GET\",\"url\":\"/api/employee/fetch-employeesById?employeeIds[]=67936b8fa37f9d4b8f5d23b3&employeeIds[]=67936bdca37f9d4b8f5d23b6&employeeIds[]=67869f7defffdbe0c161c74a\",\"status\":\"304\",\"responseTime\":\"868.023\"}","timestamp":"2025-01-29T04:10:19.539Z"}
{"level":"\u001b[32minfo\u001b[39m","message":"{\"method\":\"GET\",\"url\":\"/api/employee/fetch-employeesById?employeeIds[]=67936b8fa37f9d4b8f5d23b3&employeeIds[]=67936bdca37f9d4b8f5d23b6&employeeIds[]=67869f7defffdbe0c161c74a\",\"status\":\"304\",\"responseTime\":\"195.391\"}","timestamp":"2025-01-29T04:13:21.414Z"}
{"level":"\u001b[32minfo\u001b[39m","message":"{\"method\":\"GET\",\"url\":\"/api/employee/get-employees?organizationId=67869a6a1514145a64988362\",\"status\":\"304\",\"responseTime\":\"176.744\"}","timestamp":"2025-01-29T04:20:38.267Z"}
{"level":"\u001b[32minfo\u001b[39m","message":"{\"method\":\"GET\",\"url\":\"/api/employee/fetch-employeesById?employeeIds[]=67936b8fa37f9d4b8f5d23b3&employeeIds[]=67936bdca37f9d4b8f5d23b6&employeeIds[]=67869f7defffdbe0c161c74a\",\"status\":\"304\",\"responseTime\":\"149.239\"}","timestamp":"2025-01-29T04:20:38.434Z"}
{"level":"\u001b[32minfo\u001b[39m","message":"{\"method\":\"GET\",\"url\":\"/api/employee/fetch-employeesById?employeeIds[]=67936b8fa37f9d4b8f5d23b3&employeeIds[]=67936bdca37f9d4b8f5d23b6&employeeIds[]=67869f7defffdbe0c161c74a\",\"status\":\"304\",\"responseTime\":\"84.068\"}","timestamp":"2025-01-29T04:30:39.617Z"}
{"level":"\u001b[32minfo\u001b[39m","message":"{\"method\":\"GET\",\"url\":\"/api/employee/get-employees?organizationId=67869a6a1514145a64988362\",\"status\":\"304\",\"responseTime\":\"127.179\"}","timestamp":"2025-01-29T04:30:40.017Z"}
{"level":"\u001b[32minfo\u001b[39m","message":"{\"method\":\"GET\",\"url\":\"/api/employee/fetch-employeesById?employeeIds[]=67936b8fa37f9d4b8f5d23b3&employeeIds[]=67936bdca37f9d4b8f5d23b6&employeeIds[]=67869f7defffdbe0c161c74a\",\"status\":\"304\",\"responseTime\":\"108.450\"}","timestamp":"2025-01-29T04:30:40.168Z"}
{"level":"\u001b[32minfo\u001b[39m","message":"{\"method\":\"GET\",\"url\":\"/api/employee/fetch-employeesById?employeeIds[]=67936b8fa37f9d4b8f5d23b3&employeeIds[]=67936bdca37f9d4b8f5d23b6&employeeIds[]=67869f7defffdbe0c161c74a\",\"status\":\"304\",\"responseTime\":\"134.596\"}","timestamp":"2025-01-29T04:34:32.757Z"}
{"level":"\u001b[32minfo\u001b[39m","message":"{\"method\":\"GET\",\"url\":\"/api/employee/fetch-employeesById?employeeIds[]=67936b8fa37f9d4b8f5d23b3&employeeIds[]=67936bdca37f9d4b8f5d23b6&employeeIds[]=67869f7defffdbe0c161c74a\",\"status\":\"304\",\"responseTime\":\"217.789\"}","timestamp":"2025-01-29T04:48:40.221Z"}
{"level":"\u001b[32minfo\u001b[39m","message":"{\"method\":\"GET\",\"url\":\"/api/employee/get-employees?organizationId=67869a6a1514145a64988362\",\"status\":\"304\",\"responseTime\":\"179.265\"}","timestamp":"2025-01-29T04:49:09.769Z"}
{"level":"\u001b[32minfo\u001b[39m","message":"{\"method\":\"GET\",\"url\":\"/api/employee/fetch-employeesById?employeeIds[]=67936b8fa37f9d4b8f5d23b3&employeeIds[]=67936bdca37f9d4b8f5d23b6&employeeIds[]=67869f7defffdbe0c161c74a\",\"status\":\"304\",\"responseTime\":\"1798.328\"}","timestamp":"2025-01-29T04:49:11.538Z"}
{"level":"\u001b[32minfo\u001b[39m","message":"{\"method\":\"GET\",\"url\":\"/api/employee/fetch-employeesById?employeeIds[]=67936b8fa37f9d4b8f5d23b3&employeeIds[]=67936bdca37f9d4b8f5d23b6&employeeIds[]=67869f7defffdbe0c161c74a\",\"status\":\"304\",\"responseTime\":\"598.082\"}","timestamp":"2025-01-29T04:50:59.552Z"}
{"level":"\u001b[32minfo\u001b[39m","message":"{\"method\":\"GET\",\"url\":\"/api/employee/get-employees?organizationId=67869a6a1514145a64988362\",\"status\":\"304\",\"responseTime\":\"297.586\"}","timestamp":"2025-01-29T04:51:00.220Z"}
{"level":"\u001b[32minfo\u001b[39m","message":"{\"method\":\"GET\",\"url\":\"/api/employee/fetch-employeesById?employeeIds[]=67936b8fa37f9d4b8f5d23b3&employeeIds[]=67936bdca37f9d4b8f5d23b6&employeeIds[]=67869f7defffdbe0c161c74a\",\"status\":\"304\",\"responseTime\":\"433.187\"}","timestamp":"2025-01-29T04:51:00.838Z"}
{"level":"\u001b[32minfo\u001b[39m","message":"{\"method\":\"GET\",\"url\":\"/api/employee/fetch-employeesById?employeeIds[]=67936b8fa37f9d4b8f5d23b3&employeeIds[]=67936bdca37f9d4b8f5d23b6&employeeIds[]=67869f7defffdbe0c161c74a\",\"status\":\"304\",\"responseTime\":\"294.485\"}","timestamp":"2025-01-29T04:51:01.363Z"}
{"level":"\u001b[32minfo\u001b[39m","message":"{\"method\":\"GET\",\"url\":\"/api/employee/get-employees?organizationId=67869a6a1514145a64988362\",\"status\":\"401\",\"responseTime\":\"8.363\"}","timestamp":"2025-01-29T04:58:10.340Z"}
{"level":"\u001b[32minfo\u001b[39m","message":"{\"method\":\"GET\",\"url\":\"/api/employee/fetch-employeesById?employeeIds[]=67936b8fa37f9d4b8f5d23b3&employeeIds[]=67936bdca37f9d4b8f5d23b6&employeeIds[]=67869f7defffdbe0c161c74a\",\"status\":\"304\",\"responseTime\":\"120.449\"}","timestamp":"2025-01-29T04:58:10.767Z"}
{"level":"\u001b[32minfo\u001b[39m","message":"{\"method\":\"GET\",\"url\":\"/api/employee/get-employees?organizationId=67869a6a1514145a64988362\",\"status\":\"304\",\"responseTime\":\"125.895\"}","timestamp":"2025-01-29T04:58:12.523Z"}
{"level":"\u001b[32minfo\u001b[39m","message":"{\"method\":\"GET\",\"url\":\"/api/employee/fetch-employeesById?employeeIds[]=67936b8fa37f9d4b8f5d23b3&employeeIds[]=67936bdca37f9d4b8f5d23b6&employeeIds[]=67869f7defffdbe0c161c74a\",\"status\":\"304\",\"responseTime\":\"108.468\"}","timestamp":"2025-01-29T04:58:14.928Z"}
{"level":"\u001b[32minfo\u001b[39m","message":"{\"method\":\"GET\",\"url\":\"/api/employee/get-employees?organizationId=67869a6a1514145a64988362\",\"status\":\"401\",\"responseTime\":\"3.348\"}","timestamp":"2025-01-29T04:59:24.666Z"}
{"level":"\u001b[32minfo\u001b[39m","message":"{\"method\":\"GET\",\"url\":\"/api/employee/get-employees?organizationId=67869a6a1514145a64988362\",\"status\":\"304\",\"responseTime\":\"197.603\"}","timestamp":"2025-01-29T04:59:25.154Z"}
{"level":"\u001b[32minfo\u001b[39m","message":"{\"method\":\"GET\",\"url\":\"/api/employee/fetch-employeesById?employeeIds[]=67936b8fa37f9d4b8f5d23b3&employeeIds[]=67936bdca37f9d4b8f5d23b6&employeeIds[]=67869f7defffdbe0c161c74a\",\"status\":\"304\",\"responseTime\":\"95.309\"}","timestamp":"2025-01-29T04:59:25.227Z"}
{"level":"\u001b[32minfo\u001b[39m","message":"{\"method\":\"GET\",\"url\":\"/api/employee/fetch-employeesById?employeeIds[]=67936b8fa37f9d4b8f5d23b3&employeeIds[]=67936bdca37f9d4b8f5d23b6&employeeIds[]=67869f7defffdbe0c161c74a\",\"status\":\"304\",\"responseTime\":\"249.971\"}","timestamp":"2025-01-29T04:59:29.370Z"}
{"level":"\u001b[32minfo\u001b[39m","message":"{\"method\":\"GET\",\"url\":\"/api/employee/fetch-employeesById?employeeIds[]=67936b8fa37f9d4b8f5d23b3&employeeIds[]=67936bdca37f9d4b8f5d23b6&employeeIds[]=67869f7defffdbe0c161c74a\",\"status\":\"304\",\"responseTime\":\"339.988\"}","timestamp":"2025-01-29T05:42:07.033Z"}
{"level":"\u001b[32minfo\u001b[39m","message":"{\"method\":\"GET\",\"url\":\"/api/employee/get-employees?organizationId=67869a6a1514145a64988362\",\"status\":\"401\",\"responseTime\":\"6.988\"}","timestamp":"2025-01-29T05:42:36.013Z"}
{"level":"\u001b[32minfo\u001b[39m","message":"{\"method\":\"GET\",\"url\":\"/api/employee/get-employees?organizationId=67869a6a1514145a64988362\",\"status\":\"304\",\"responseTime\":\"694.894\"}","timestamp":"2025-01-29T05:42:37.327Z"}
{"level":"\u001b[32minfo\u001b[39m","message":"{\"method\":\"GET\",\"url\":\"/api/employee/fetch-employeesById?employeeIds[]=67936b8fa37f9d4b8f5d23b3&employeeIds[]=67936bdca37f9d4b8f5d23b6&employeeIds[]=67869f7defffdbe0c161c74a\",\"status\":\"304\",\"responseTime\":\"274.846\"}","timestamp":"2025-01-29T05:42:37.657Z"}
{"level":"\u001b[32minfo\u001b[39m","message":"{\"method\":\"GET\",\"url\":\"/api/employee/fetch-employeesById?employeeIds[]=67936b8fa37f9d4b8f5d23b3&employeeIds[]=67936bdca37f9d4b8f5d23b6&employeeIds[]=67869f7defffdbe0c161c74a\",\"status\":\"304\",\"responseTime\":\"535.169\"}","timestamp":"2025-01-29T05:43:09.053Z"}
{"level":"\u001b[32minfo\u001b[39m","message":"{\"method\":\"GET\",\"url\":\"/api/employee/fetch-employeesById?employeeIds[]=67936b8fa37f9d4b8f5d23b3&employeeIds[]=67936bdca37f9d4b8f5d23b6&employeeIds[]=67869f7defffdbe0c161c74a\",\"status\":\"304\",\"responseTime\":\"66.163\"}","timestamp":"2025-01-29T06:10:07.775Z"}
{"level":"\u001b[32minfo\u001b[39m","message":"{\"method\":\"GET\",\"url\":\"/api/employee/fetch-employeesById?employeeIds[]=67936b8fa37f9d4b8f5d23b3&employeeIds[]=67936bdca37f9d4b8f5d23b6&employeeIds[]=67869f7defffdbe0c161c74a\",\"status\":\"304\",\"responseTime\":\"974.241\"}","timestamp":"2025-01-29T06:38:13.698Z"}
{"level":"\u001b[32minfo\u001b[39m","message":"{\"method\":\"GET\",\"url\":\"/api/employee/fetch-employeesById?employeeIds[]=67936b8fa37f9d4b8f5d23b3&employeeIds[]=67936bdca37f9d4b8f5d23b6&employeeIds[]=67869f7defffdbe0c161c74a\",\"status\":\"304\",\"responseTime\":\"66.102\"}","timestamp":"2025-01-29T06:38:15.306Z"}
{"level":"\u001b[32minfo\u001b[39m","message":"{\"method\":\"GET\",\"url\":\"/api/employee/fetch-employeesById?employeeIds[]=67936b8fa37f9d4b8f5d23b3&employeeIds[]=67936bdca37f9d4b8f5d23b6&employeeIds[]=67869f7defffdbe0c161c74a\",\"status\":\"304\",\"responseTime\":\"75.844\"}","timestamp":"2025-01-29T06:38:22.386Z"}
{"level":"\u001b[32minfo\u001b[39m","message":"{\"method\":\"GET\",\"url\":\"/api/employee/fetch-position?organizationId=67869a6a1514145a64988362\",\"status\":\"304\",\"responseTime\":\"371.289\"}","timestamp":"2025-01-29T06:45:35.384Z"}
{"level":"\u001b[32minfo\u001b[39m","message":"{\"method\":\"GET\",\"url\":\"/api/employee/get-employees?organizationId=67869a6a1514145a64988362\",\"status\":\"304\",\"responseTime\":\"1519.608\"}","timestamp":"2025-01-29T06:45:36.558Z"}
{"level":"\u001b[32minfo\u001b[39m","message":"{\"method\":\"GET\",\"url\":\"/api/employee/fetch-position?organizationId=67869a6a1514145a64988362\",\"status\":\"304\",\"responseTime\":\"67.086\"}","timestamp":"2025-01-29T06:45:38.933Z"}
{"level":"\u001b[32minfo\u001b[39m","message":"{\"method\":\"GET\",\"url\":\"/api/employee/get-employees?organizationId=67869a6a1514145a64988362\",\"status\":\"304\",\"responseTime\":\"245.572\"}","timestamp":"2025-01-29T06:45:51.696Z"}
{"level":"\u001b[32minfo\u001b[39m","message":"{\"method\":\"GET\",\"url\":\"/api/employee/fetch-position?organizationId=67869a6a1514145a64988362\",\"status\":\"304\",\"responseTime\":\"243.628\"}","timestamp":"2025-01-29T06:45:51.700Z"}
{"level":"\u001b[32minfo\u001b[39m","message":"{\"method\":\"GET\",\"url\":\"/api/employee/fetch-employeesById?employeeIds[]=67936b8fa37f9d4b8f5d23b3&employeeIds[]=67936bdca37f9d4b8f5d23b6&employeeIds[]=67869f7defffdbe0c161c74a\",\"status\":\"304\",\"responseTime\":\"199.099\"}","timestamp":"2025-01-29T06:51:27.850Z"}
{"level":"\u001b[32minfo\u001b[39m","message":"{\"method\":\"GET\",\"url\":\"/api/employee/get-employees?organizationId=67869a6a1514145a64988362\",\"status\":\"401\",\"responseTime\":\"2.980\"}","timestamp":"2025-01-29T06:57:54.568Z"}
{"level":"\u001b[32minfo\u001b[39m","message":"{\"method\":\"GET\",\"url\":\"/api/employee/get-employees?organizationId=67869a6a1514145a64988362\",\"status\":\"304\",\"responseTime\":\"461.221\"}","timestamp":"2025-01-29T06:57:55.367Z"}
{"level":"\u001b[32minfo\u001b[39m","message":"{\"method\":\"GET\",\"url\":\"/api/employee/fetch-employeesById?employeeIds[]=67936b8fa37f9d4b8f5d23b3&employeeIds[]=67936bdca37f9d4b8f5d23b6&employeeIds[]=67869f7defffdbe0c161c74a\",\"status\":\"304\",\"responseTime\":\"377.107\"}","timestamp":"2025-01-29T06:57:55.825Z"}
{"level":"\u001b[32minfo\u001b[39m","message":"{\"method\":\"GET\",\"url\":\"/api/employee/fetch-employeesById?employeeIds[]=67936b8fa37f9d4b8f5d23b3&employeeIds[]=67936bdca37f9d4b8f5d23b6&employeeIds[]=67869f7defffdbe0c161c74a\",\"status\":\"304\",\"responseTime\":\"314.003\"}","timestamp":"2025-01-29T06:58:01.830Z"}
{"level":"\u001b[32minfo\u001b[39m","message":"{\"method\":\"GET\",\"url\":\"/api/employee/get-employees?organizationId=67869a6a1514145a64988362\",\"status\":\"401\",\"responseTime\":\"3.604\"}","timestamp":"2025-01-29T07:02:10.988Z"}
{"level":"\u001b[32minfo\u001b[39m","message":"{\"method\":\"GET\",\"url\":\"/api/employee/get-employees?organizationId=67869a6a1514145a64988362\",\"status\":\"304\",\"responseTime\":\"54.998\"}","timestamp":"2025-01-29T07:02:11.426Z"}
{"level":"\u001b[32minfo\u001b[39m","message":"{\"method\":\"GET\",\"url\":\"/api/employee/fetch-employeesById?employeeIds[]=67936b8fa37f9d4b8f5d23b3&employeeIds[]=67936bdca37f9d4b8f5d23b6&employeeIds[]=67869f7defffdbe0c161c74a\",\"status\":\"304\",\"responseTime\":\"96.611\"}","timestamp":"2025-01-29T07:02:11.605Z"}
{"level":"\u001b[32minfo\u001b[39m","message":"{\"method\":\"GET\",\"url\":\"/api/employee/fetch-employeesById?employeeIds[]=67936b8fa37f9d4b8f5d23b3&employeeIds[]=67936bdca37f9d4b8f5d23b6&employeeIds[]=67869f7defffdbe0c161c74a\",\"status\":\"304\",\"responseTime\":\"55.374\"}","timestamp":"2025-01-29T07:02:18.419Z"}
{"level":"\u001b[32minfo\u001b[39m","message":"{\"method\":\"GET\",\"url\":\"/api/employee/fetch-employeesById?employeeIds[]=67936b8fa37f9d4b8f5d23b3&employeeIds[]=67936bdca37f9d4b8f5d23b6&employeeIds[]=67869f7defffdbe0c161c74a\",\"status\":\"304\",\"responseTime\":\"426.166\"}","timestamp":"2025-01-29T08:04:48.171Z"}
{"level":"\u001b[32minfo\u001b[39m","message":"{\"method\":\"GET\",\"url\":\"/api/employee/fetch-EmployeesCount?organizationId=67869a6a1514145a64988362\",\"status\":\"401\",\"responseTime\":\"4.243\"}","timestamp":"2025-01-29T08:08:37.191Z"}
{"level":"\u001b[32minfo\u001b[39m","message":"{\"method\":\"GET\",\"url\":\"/api/employee/fetch-EmployeesCount?organizationId=67869a6a1514145a64988362\",\"status\":\"304\",\"responseTime\":\"57.696\"}","timestamp":"2025-01-29T08:08:37.488Z"}
{"level":"\u001b[32minfo\u001b[39m","message":"{\"method\":\"GET\",\"url\":\"/api/employee/fetch-EmployeesCount?organizationId=67869a6a1514145a64988362\",\"status\":\"401\",\"responseTime\":\"2.237\"}","timestamp":"2025-01-29T08:09:55.690Z"}
{"level":"\u001b[32minfo\u001b[39m","message":"{\"method\":\"GET\",\"url\":\"/api/employee/fetch-EmployeesCount?organizationId=67869a6a1514145a64988362\",\"status\":\"200\",\"responseTime\":\"81.616\"}","timestamp":"2025-01-29T08:09:56.317Z"}
{"level":"\u001b[32minfo\u001b[39m","message":"{\"method\":\"GET\",\"url\":\"/api/employee/fetch-EmployeesCount?organizationId=67869a6a1514145a64988362\",\"status\":\"304\",\"responseTime\":\"138.130\"}","timestamp":"2025-01-29T08:10:23.028Z"}
{"level":"\u001b[32minfo\u001b[39m","message":"{\"method\":\"GET\",\"url\":\"/api/employee/get-employees?organizationId=67869a6a1514145a64988362\",\"status\":\"401\",\"responseTime\":\"4.168\"}","timestamp":"2025-01-29T08:11:00.152Z"}
{"level":"\u001b[32minfo\u001b[39m","message":"{\"method\":\"GET\",\"url\":\"/api/employee/get-employees?organizationId=67869a6a1514145a64988362\",\"status\":\"401\",\"responseTime\":\"3.145\"}","timestamp":"2025-01-29T08:11:00.198Z"}
{"level":"\u001b[32minfo\u001b[39m","message":"{\"method\":\"GET\",\"url\":\"/api/employee/get-employees?organizationId=67869a6a1514145a64988362\",\"status\":\"304\",\"responseTime\":\"321.578\"}","timestamp":"2025-01-29T08:11:00.704Z"}
{"level":"\u001b[32minfo\u001b[39m","message":"{\"method\":\"GET\",\"url\":\"/api/employee/get-employees?organizationId=67869a6a1514145a64988362\",\"status\":\"304\",\"responseTime\":\"541.491\"}","timestamp":"2025-01-29T08:11:01.287Z"}
{"level":"\u001b[32minfo\u001b[39m","message":"{\"method\":\"GET\",\"url\":\"/api/employee/get-employees?organizationId=67869a6a1514145a64988362\",\"status\":\"304\",\"responseTime\":\"383.205\"}","timestamp":"2025-01-29T08:11:01.676Z"}
{"level":"\u001b[32minfo\u001b[39m","message":"{\"method\":\"GET\",\"url\":\"/api/employee/get-employees?organizationId=67869a6a1514145a64988362\",\"status\":\"304\",\"responseTime\":\"531.196\"}","timestamp":"2025-01-29T08:11:02.331Z"}
{"level":"\u001b[32minfo\u001b[39m","message":"{\"method\":\"GET\",\"url\":\"/api/employee/fetch-employeesById?employeeIds[]=67936b8fa37f9d4b8f5d23b3&employeeIds[]=67936bdca37f9d4b8f5d23b6&employeeIds[]=67869f7defffdbe0c161c74a\",\"status\":\"304\",\"responseTime\":\"618.905\"}","timestamp":"2025-01-29T08:11:02.986Z"}
{"level":"\u001b[32minfo\u001b[39m","message":"{\"method\":\"GET\",\"url\":\"/api/employee/get-employees?organizationId=67869a6a1514145a64988362\",\"status\":\"304\",\"responseTime\":\"760.221\"}","timestamp":"2025-01-29T08:11:03.387Z"}
{"level":"\u001b[32minfo\u001b[39m","message":"{\"method\":\"GET\",\"url\":\"/api/leave/fetch-leave?employeeEmail=moideenshacpcp10%40gmail.com\",\"status\":\"304\",\"responseTime\":\"2719.183\"}","timestamp":"2025-01-29T08:11:03.486Z"}
{"level":"\u001b[32minfo\u001b[39m","message":"{\"method\":\"GET\",\"url\":\"/api/leave/fetch-remainingLeaves?organizationId=67869a6a1514145a64988362&employeeEmail=moideenshacpcp10%40gmail.com\",\"status\":\"304\",\"responseTime\":\"3264.353\"}","timestamp":"2025-01-29T08:11:04.018Z"}
{"level":"\u001b[32minfo\u001b[39m","message":"{\"method\":\"GET\",\"url\":\"/api/employee/fetch-employeesById?employeeIds[]=67936b8fa37f9d4b8f5d23b3&employeeIds[]=67936bdca37f9d4b8f5d23b6&employeeIds[]=67869f7defffdbe0c161c74a\",\"status\":\"304\",\"responseTime\":\"446.441\"}","timestamp":"2025-01-29T08:11:07.413Z"}
{"level":"\u001b[32minfo\u001b[39m","message":"{\"method\":\"GET\",\"url\":\"/api/employee/fetch-employeesById?employeeIds[]=67936b8fa37f9d4b8f5d23b3&employeeIds[]=67936bdca37f9d4b8f5d23b6&employeeIds[]=67869f7defffdbe0c161c74a\",\"status\":\"304\",\"responseTime\":\"283.328\"}","timestamp":"2025-01-29T08:11:17.466Z"}
{"level":"\u001b[32minfo\u001b[39m","message":"{\"method\":\"GET\",\"url\":\"/api/employee/get-employees?organizationId=67869a6a1514145a64988362\",\"status\":\"304\",\"responseTime\":\"1268.679\"}","timestamp":"2025-01-29T08:11:18.100Z"}
{"level":"\u001b[32minfo\u001b[39m","message":"{\"method\":\"GET\",\"url\":\"/api/employee/fetch-employeesById?employeeIds[]=67936b8fa37f9d4b8f5d23b3&employeeIds[]=67936bdca37f9d4b8f5d23b6&employeeIds[]=67869f7defffdbe0c161c74a\",\"status\":\"304\",\"responseTime\":\"55.748\"}","timestamp":"2025-01-29T08:11:18.560Z"}
{"level":"\u001b[32minfo\u001b[39m","message":"{\"method\":\"GET\",\"url\":\"/api/employee/get-employees?organizationId=67869a6a1514145a64988362\",\"status\":\"304\",\"responseTime\":\"111.213\"}","timestamp":"2025-01-29T08:11:34.556Z"}
{"level":"\u001b[32minfo\u001b[39m","message":"{\"method\":\"GET\",\"url\":\"/api/employee/fetch-employeesById?employeeIds[]=67936b8fa37f9d4b8f5d23b3&employeeIds[]=67936bdca37f9d4b8f5d23b6&employeeIds[]=67869f7defffdbe0c161c74a\",\"status\":\"304\",\"responseTime\":\"191.848\"}","timestamp":"2025-01-29T08:11:34.788Z"}
{"level":"\u001b[32minfo\u001b[39m","message":"{\"method\":\"GET\",\"url\":\"/api/employee/fetch-employeesById?employeeIds[]=67936b8fa37f9d4b8f5d23b3&employeeIds[]=67936bdca37f9d4b8f5d23b6&employeeIds[]=67869f7defffdbe0c161c74a\",\"status\":\"304\",\"responseTime\":\"188.431\"}","timestamp":"2025-01-29T08:11:35.695Z"}
{"level":"\u001b[32minfo\u001b[39m","message":"{\"method\":\"GET\",\"url\":\"/api/employee/fetch-employeesById?employeeIds[]=67936b8fa37f9d4b8f5d23b3&employeeIds[]=67936bdca37f9d4b8f5d23b6&employeeIds[]=67869f7defffdbe0c161c74a\",\"status\":\"304\",\"responseTime\":\"50.859\"}","timestamp":"2025-01-29T08:15:55.405Z"}
{"level":"\u001b[32minfo\u001b[39m","message":"{\"method\":\"GET\",\"url\":\"/api/employee/fetch-employeesById?employeeIds[]=67936b8fa37f9d4b8f5d23b3&employeeIds[]=67936bdca37f9d4b8f5d23b6&employeeIds[]=67869f7defffdbe0c161c74a\",\"status\":\"304\",\"responseTime\":\"142.518\"}","timestamp":"2025-01-29T08:15:56.417Z"}
{"level":"\u001b[32minfo\u001b[39m","message":"{\"method\":\"GET\",\"url\":\"/api/employee/fetch-employeesById?employeeIds[]=67936b8fa37f9d4b8f5d23b3&employeeIds[]=67936bdca37f9d4b8f5d23b6&employeeIds[]=67869f7defffdbe0c161c74a\",\"status\":\"304\",\"responseTime\":\"61.872\"}","timestamp":"2025-01-29T08:16:07.319Z"}
{"level":"\u001b[32minfo\u001b[39m","message":"{\"method\":\"GET\",\"url\":\"/api/employee/get-employees?organizationId=67869a6a1514145a64988362\",\"status\":\"401\",\"responseTime\":\"3.198\"}","timestamp":"2025-01-29T08:19:13.509Z"}
{"level":"\u001b[32minfo\u001b[39m","message":"{\"method\":\"GET\",\"url\":\"/api/employee/get-employees?organizationId=67869a6a1514145a64988362\",\"status\":\"304\",\"responseTime\":\"54.968\"}","timestamp":"2025-01-29T08:19:13.766Z"}
{"level":"\u001b[32minfo\u001b[39m","message":"{\"method\":\"GET\",\"url\":\"/api/employee/fetch-employeesById?employeeIds[]=67936b8fa37f9d4b8f5d23b3&employeeIds[]=67936bdca37f9d4b8f5d23b6&employeeIds[]=67869f7defffdbe0c161c74a\",\"status\":\"304\",\"responseTime\":\"71.930\"}","timestamp":"2025-01-29T08:19:13.896Z"}
{"level":"\u001b[32minfo\u001b[39m","message":"{\"method\":\"GET\",\"url\":\"/api/employee/fetch-employeesById?employeeIds[]=67936b8fa37f9d4b8f5d23b3&employeeIds[]=67936bdca37f9d4b8f5d23b6&employeeIds[]=67869f7defffdbe0c161c74a\",\"status\":\"304\",\"responseTime\":\"114.956\"}","timestamp":"2025-01-29T08:19:15.045Z"}
{"level":"\u001b[32minfo\u001b[39m","message":"{\"method\":\"GET\",\"url\":\"/api/employee/get-employees?organizationId=67869a6a1514145a64988362\",\"status\":\"304\",\"responseTime\":\"86.063\"}","timestamp":"2025-01-29T08:19:17.253Z"}
{"level":"\u001b[32minfo\u001b[39m","message":"{\"method\":\"GET\",\"url\":\"/api/employee/fetch-employeesById?employeeIds[]=67936b8fa37f9d4b8f5d23b3&employeeIds[]=67936bdca37f9d4b8f5d23b6&employeeIds[]=67869f7defffdbe0c161c74a\",\"status\":\"304\",\"responseTime\":\"417.189\"}","timestamp":"2025-01-29T08:19:17.753Z"}
{"level":"\u001b[32minfo\u001b[39m","message":"{\"method\":\"GET\",\"url\":\"/api/employee/fetch-employeesById?employeeIds[]=67936b8fa37f9d4b8f5d23b3&employeeIds[]=67936bdca37f9d4b8f5d23b6&employeeIds[]=67869f7defffdbe0c161c74a\",\"status\":\"304\",\"responseTime\":\"204.298\"}","timestamp":"2025-01-29T08:19:18.622Z"}
{"level":"\u001b[32minfo\u001b[39m","message":"{\"method\":\"GET\",\"url\":\"/api/employee/get-employees?organizationId=67869a6a1514145a64988362\",\"status\":\"304\",\"responseTime\":\"69.232\"}","timestamp":"2025-01-29T08:19:20.339Z"}
{"level":"\u001b[32minfo\u001b[39m","message":"{\"method\":\"GET\",\"url\":\"/api/employee/fetch-employeesById?employeeIds[]=67936b8fa37f9d4b8f5d23b3&employeeIds[]=67936bdca37f9d4b8f5d23b6&employeeIds[]=67869f7defffdbe0c161c74a\",\"status\":\"304\",\"responseTime\":\"71.922\"}","timestamp":"2025-01-29T08:19:20.565Z"}
{"level":"\u001b[32minfo\u001b[39m","message":"{\"method\":\"GET\",\"url\":\"/api/employee/fetch-employeesById?employeeIds[]=67936b8fa37f9d4b8f5d23b3&employeeIds[]=67936bdca37f9d4b8f5d23b6&employeeIds[]=67869f7defffdbe0c161c74a\",\"status\":\"304\",\"responseTime\":\"212.014\"}","timestamp":"2025-01-29T08:19:21.730Z"}
{"level":"\u001b[32minfo\u001b[39m","message":"{\"method\":\"GET\",\"url\":\"/api/employee/get-employees?organizationId=67869a6a1514145a64988362\",\"status\":\"304\",\"responseTime\":\"378.186\"}","timestamp":"2025-01-29T08:19:24.918Z"}
{"level":"\u001b[32minfo\u001b[39m","message":"{\"method\":\"GET\",\"url\":\"/api/employee/fetch-employeesById?employeeIds[]=67936b8fa37f9d4b8f5d23b3&employeeIds[]=67936bdca37f9d4b8f5d23b6&employeeIds[]=67869f7defffdbe0c161c74a\",\"status\":\"304\",\"responseTime\":\"277.296\"}","timestamp":"2025-01-29T08:19:25.246Z"}
{"level":"\u001b[32minfo\u001b[39m","message":"{\"method\":\"GET\",\"url\":\"/api/employee/fetch-employeesById?employeeIds[]=67936b8fa37f9d4b8f5d23b3&employeeIds[]=67936bdca37f9d4b8f5d23b6&employeeIds[]=67869f7defffdbe0c161c74a\",\"status\":\"304\",\"responseTime\":\"66.722\"}","timestamp":"2025-01-29T08:19:26.256Z"}
{"level":"\u001b[32minfo\u001b[39m","message":"{\"method\":\"GET\",\"url\":\"/api/employee/get-employees?organizationId=67869a6a1514145a64988362\",\"status\":\"304\",\"responseTime\":\"50.190\"}","timestamp":"2025-01-29T08:19:28.458Z"}
{"level":"\u001b[32minfo\u001b[39m","message":"{\"method\":\"GET\",\"url\":\"/api/employee/fetch-employeesById?employeeIds[]=67936b8fa37f9d4b8f5d23b3&employeeIds[]=67936bdca37f9d4b8f5d23b6&employeeIds[]=67869f7defffdbe0c161c74a\",\"status\":\"304\",\"responseTime\":\"49.789\"}","timestamp":"2025-01-29T08:19:28.529Z"}
{"level":"\u001b[32minfo\u001b[39m","message":"{\"method\":\"GET\",\"url\":\"/api/employee/fetch-employeesById?employeeIds[]=67936b8fa37f9d4b8f5d23b3&employeeIds[]=67936bdca37f9d4b8f5d23b6&employeeIds[]=67869f7defffdbe0c161c74a\",\"status\":\"304\",\"responseTime\":\"68.941\"}","timestamp":"2025-01-29T08:19:29.678Z"}
{"level":"\u001b[32minfo\u001b[39m","message":"{\"method\":\"GET\",\"url\":\"/api/employee/fetch-position?organizationId=67869a6a1514145a64988362\",\"status\":\"304\",\"responseTime\":\"74.657\"}","timestamp":"2025-01-29T08:19:32.590Z"}
{"level":"\u001b[32minfo\u001b[39m","message":"{\"method\":\"GET\",\"url\":\"/api/employee/get-employees?organizationId=67869a6a1514145a64988362\",\"status\":\"304\",\"responseTime\":\"62.779\"}","timestamp":"2025-01-29T08:19:32.594Z"}
{"level":"\u001b[32minfo\u001b[39m","message":"{\"method\":\"GET\",\"url\":\"/api/employee/get-employees?organizationId=67869a6a1514145a64988362\",\"status\":\"304\",\"responseTime\":\"238.263\"}","timestamp":"2025-01-29T08:19:34.161Z"}
{"level":"\u001b[32minfo\u001b[39m","message":"{\"method\":\"GET\",\"url\":\"/api/employee/get-employees?organizationId=67869a6a1514145a64988362\",\"status\":\"304\",\"responseTime\":\"133.924\"}","timestamp":"2025-01-29T08:19:34.300Z"}
{"level":"\u001b[32minfo\u001b[39m","message":"{\"method\":\"GET\",\"url\":\"/api/leave/fetch-leave?employeeEmail=moideenshacpcp10%40gmail.com\",\"status\":\"304\",\"responseTime\":\"255.008\"}","timestamp":"2025-01-29T08:19:34.451Z"}
{"level":"\u001b[32minfo\u001b[39m","message":"{\"method\":\"GET\",\"url\":\"/api/employee/get-employees?organizationId=67869a6a1514145a64988362\",\"status\":\"304\",\"responseTime\":\"233.759\"}","timestamp":"2025-01-29T08:19:34.543Z"}
{"level":"\u001b[32minfo\u001b[39m","message":"{\"method\":\"GET\",\"url\":\"/api/leave/fetch-remainingLeaves?organizationId=67869a6a1514145a64988362&employeeEmail=moideenshacpcp10%40gmail.com\",\"status\":\"304\",\"responseTime\":\"591.432\"}","timestamp":"2025-01-29T08:19:34.781Z"}
{"level":"\u001b[32minfo\u001b[39m","message":"{\"method\":\"GET\",\"url\":\"/api/employee/get-employees?organizationId=67869a6a1514145a64988362\",\"status\":\"304\",\"responseTime\":\"266.229\"}","timestamp":"2025-01-29T08:19:34.817Z"}
{"level":"\u001b[32minfo\u001b[39m","message":"{\"method\":\"GET\",\"url\":\"/api/employee/get-employees?organizationId=67869a6a1514145a64988362\",\"status\":\"304\",\"responseTime\":\"167.977\"}","timestamp":"2025-01-29T08:19:34.995Z"}
{"level":"\u001b[32minfo\u001b[39m","message":"{\"method\":\"GET\",\"url\":\"/api/employee/get-employees?organizationId=67869a6a1514145a64988362\",\"status\":\"304\",\"responseTime\":\"282.730\"}","timestamp":"2025-01-29T08:19:35.284Z"}
{"level":"\u001b[32minfo\u001b[39m","message":"{\"method\":\"GET\",\"url\":\"/api/employee/get-employees?organizationId=67869a6a1514145a64988362\",\"status\":\"304\",\"responseTime\":\"248.969\"}","timestamp":"2025-01-29T08:19:35.538Z"}
{"level":"\u001b[32minfo\u001b[39m","message":"{\"method\":\"GET\",\"url\":\"/api/employee/get-employees?organizationId=67869a6a1514145a64988362\",\"status\":\"304\",\"responseTime\":\"71.996\"}","timestamp":"2025-01-29T08:19:37.000Z"}
{"level":"\u001b[32minfo\u001b[39m","message":"{\"method\":\"GET\",\"url\":\"/api/employee/fetch-employeesById?employeeIds[]=67936b8fa37f9d4b8f5d23b3&employeeIds[]=67936bdca37f9d4b8f5d23b6&employeeIds[]=67869f7defffdbe0c161c74a\",\"status\":\"304\",\"responseTime\":\"100.027\"}","timestamp":"2025-01-29T08:19:37.132Z"}
{"level":"\u001b[32minfo\u001b[39m","message":"{\"method\":\"GET\",\"url\":\"/api/employee/fetch-employeesById?employeeIds[]=67936b8fa37f9d4b8f5d23b3&employeeIds[]=67936bdca37f9d4b8f5d23b6&employeeIds[]=67869f7defffdbe0c161c74a\",\"status\":\"304\",\"responseTime\":\"70.531\"}","timestamp":"2025-01-29T08:19:39.368Z"}
{"level":"\u001b[32minfo\u001b[39m","message":"{\"method\":\"GET\",\"url\":\"/api/employee/get-employees?organizationId=67869a6a1514145a64988362\",\"status\":\"304\",\"responseTime\":\"87.607\"}","timestamp":"2025-01-29T08:19:41.870Z"}
{"level":"\u001b[32minfo\u001b[39m","message":"{\"method\":\"GET\",\"url\":\"/api/employee/fetch-employeesById?employeeIds[]=67936b8fa37f9d4b8f5d23b3&employeeIds[]=67936bdca37f9d4b8f5d23b6&employeeIds[]=67869f7defffdbe0c161c74a\",\"status\":\"304\",\"responseTime\":\"55.984\"}","timestamp":"2025-01-29T08:19:41.962Z"}
{"level":"\u001b[32minfo\u001b[39m","message":"{\"method\":\"GET\",\"url\":\"/api/employee/fetch-employeesById?employeeIds[]=67936b8fa37f9d4b8f5d23b3&employeeIds[]=67936bdca37f9d4b8f5d23b6&employeeIds[]=67869f7defffdbe0c161c74a\",\"status\":\"304\",\"responseTime\":\"120.982\"}","timestamp":"2025-01-29T08:19:43.599Z"}
{"level":"\u001b[32minfo\u001b[39m","message":"{\"method\":\"GET\",\"url\":\"/api/employee/get-employees?organizationId=67869a6a1514145a64988362\",\"status\":\"401\",\"responseTime\":\"2.133\"}","timestamp":"2025-01-29T08:21:16.655Z"}
{"level":"\u001b[32minfo\u001b[39m","message":"{\"method\":\"GET\",\"url\":\"/api/employee/get-employees?organizationId=67869a6a1514145a64988362\",\"status\":\"304\",\"responseTime\":\"53.814\"}","timestamp":"2025-01-29T08:21:16.854Z"}
{"level":"\u001b[32minfo\u001b[39m","message":"{\"method\":\"GET\",\"url\":\"/api/employee/fetch-employeesById?employeeIds[]=67936b8fa37f9d4b8f5d23b3&employeeIds[]=67936bdca37f9d4b8f5d23b6&employeeIds[]=67869f7defffdbe0c161c74a\",\"status\":\"304\",\"responseTime\":\"103.023\"}","timestamp":"2025-01-29T08:21:16.998Z"}
{"level":"\u001b[32minfo\u001b[39m","message":"{\"method\":\"GET\",\"url\":\"/api/employee/fetch-employeesById?employeeIds[]=67936b8fa37f9d4b8f5d23b3&employeeIds[]=67936bdca37f9d4b8f5d23b6&employeeIds[]=67869f7defffdbe0c161c74a\",\"status\":\"304\",\"responseTime\":\"52.587\"}","timestamp":"2025-01-29T08:21:18.082Z"}
{"level":"\u001b[32minfo\u001b[39m","message":"{\"method\":\"GET\",\"url\":\"/api/employee/get-employees?organizationId=67869a6a1514145a64988362\",\"status\":\"304\",\"responseTime\":\"55.685\"}","timestamp":"2025-01-29T08:21:19.645Z"}
{"level":"\u001b[32minfo\u001b[39m","message":"{\"method\":\"GET\",\"url\":\"/api/employee/fetch-employeesById?employeeIds[]=67936b8fa37f9d4b8f5d23b3&employeeIds[]=67936bdca37f9d4b8f5d23b6&employeeIds[]=67869f7defffdbe0c161c74a\",\"status\":\"304\",\"responseTime\":\"64.669\"}","timestamp":"2025-01-29T08:21:19.762Z"}
{"level":"\u001b[32minfo\u001b[39m","message":"{\"method\":\"GET\",\"url\":\"/api/employee/fetch-employeesById?employeeIds[]=67936b8fa37f9d4b8f5d23b3&employeeIds[]=67936bdca37f9d4b8f5d23b6&employeeIds[]=67869f7defffdbe0c161c74a\",\"status\":\"304\",\"responseTime\":\"90.299\"}","timestamp":"2025-01-29T08:21:20.831Z"}
{"level":"\u001b[32minfo\u001b[39m","message":"{\"method\":\"GET\",\"url\":\"/api/employee/get-employees?organizationId=67869a6a1514145a64988362\",\"status\":\"304\",\"responseTime\":\"158.603\"}","timestamp":"2025-01-29T08:22:11.567Z"}
{"level":"\u001b[32minfo\u001b[39m","message":"{\"method\":\"GET\",\"url\":\"/api/employee/fetch-employeesById?employeeIds[]=67936b8fa37f9d4b8f5d23b3&employeeIds[]=67936bdca37f9d4b8f5d23b6&employeeIds[]=67869f7defffdbe0c161c74a\",\"status\":\"304\",\"responseTime\":\"99.287\"}","timestamp":"2025-01-29T08:22:11.637Z"}
{"level":"\u001b[32minfo\u001b[39m","message":"{\"method\":\"GET\",\"url\":\"/api/employee/fetch-employeesById?employeeIds[]=67936b8fa37f9d4b8f5d23b3&employeeIds[]=67936bdca37f9d4b8f5d23b6&employeeIds[]=67869f7defffdbe0c161c74a\",\"status\":\"304\",\"responseTime\":\"65.185\"}","timestamp":"2025-01-29T08:22:12.809Z"}
{"level":"\u001b[32minfo\u001b[39m","message":"{\"method\":\"GET\",\"url\":\"/api/employee/get-employees?organizationId=67869a6a1514145a64988362\",\"status\":\"304\",\"responseTime\":\"68.598\"}","timestamp":"2025-01-29T08:22:14.697Z"}
{"level":"\u001b[32minfo\u001b[39m","message":"{\"method\":\"GET\",\"url\":\"/api/employee/fetch-employeesById?employeeIds[]=67936b8fa37f9d4b8f5d23b3&employeeIds[]=67936bdca37f9d4b8f5d23b6&employeeIds[]=67869f7defffdbe0c161c74a\",\"status\":\"304\",\"responseTime\":\"62.892\"}","timestamp":"2025-01-29T08:22:14.816Z"}
{"level":"\u001b[32minfo\u001b[39m","message":"{\"method\":\"GET\",\"url\":\"/api/employee/fetch-employeesById?employeeIds[]=67936b8fa37f9d4b8f5d23b3&employeeIds[]=67936bdca37f9d4b8f5d23b6&employeeIds[]=67869f7defffdbe0c161c74a\",\"status\":\"304\",\"responseTime\":\"54.463\"}","timestamp":"2025-01-29T08:22:16.803Z"}
{"level":"\u001b[32minfo\u001b[39m","message":"{\"method\":\"GET\",\"url\":\"/api/employee/get-employees?organizationId=67869a6a1514145a64988362\",\"status\":\"401\",\"responseTime\":\"3.305\"}","timestamp":"2025-01-29T08:24:03.422Z"}
{"level":"\u001b[32minfo\u001b[39m","message":"{\"method\":\"GET\",\"url\":\"/api/employee/get-employees?organizationId=67869a6a1514145a64988362\",\"status\":\"304\",\"responseTime\":\"60.169\"}","timestamp":"2025-01-29T08:24:03.650Z"}
{"level":"\u001b[32minfo\u001b[39m","message":"{\"method\":\"GET\",\"url\":\"/api/employee/fetch-employeesById?employeeIds[]=67936b8fa37f9d4b8f5d23b3&employeeIds[]=67936bdca37f9d4b8f5d23b6&employeeIds[]=67869f7defffdbe0c161c74a\",\"status\":\"304\",\"responseTime\":\"79.003\"}","timestamp":"2025-01-29T08:24:03.769Z"}
{"level":"\u001b[32minfo\u001b[39m","message":"{\"method\":\"GET\",\"url\":\"/api/employee/fetch-employeesById?employeeIds[]=67936b8fa37f9d4b8f5d23b3&employeeIds[]=67936bdca37f9d4b8f5d23b6&employeeIds[]=67869f7defffdbe0c161c74a\",\"status\":\"304\",\"responseTime\":\"60.670\"}","timestamp":"2025-01-29T08:24:04.794Z"}
{"level":"\u001b[32minfo\u001b[39m","message":"{\"method\":\"GET\",\"url\":\"/api/employee/get-employees?organizationId=67869a6a1514145a64988362\",\"status\":\"304\",\"responseTime\":\"53.993\"}","timestamp":"2025-01-29T08:24:08.750Z"}
{"level":"\u001b[32minfo\u001b[39m","message":"{\"method\":\"GET\",\"url\":\"/api/employee/fetch-employeesById?employeeIds[]=67936b8fa37f9d4b8f5d23b3&employeeIds[]=67936bdca37f9d4b8f5d23b6&employeeIds[]=67869f7defffdbe0c161c74a\",\"status\":\"304\",\"responseTime\":\"66.859\"}","timestamp":"2025-01-29T08:24:08.856Z"}
{"level":"\u001b[32minfo\u001b[39m","message":"{\"method\":\"GET\",\"url\":\"/api/employee/fetch-employeesById?employeeIds[]=67936b8fa37f9d4b8f5d23b3&employeeIds[]=67936bdca37f9d4b8f5d23b6&employeeIds[]=67869f7defffdbe0c161c74a\",\"status\":\"304\",\"responseTime\":\"56.931\"}","timestamp":"2025-01-29T08:24:10.022Z"}
{"level":"\u001b[32minfo\u001b[39m","message":"{\"method\":\"GET\",\"url\":\"/api/employee/fetch-employeesById?employeeIds[]=67936b8fa37f9d4b8f5d23b3&employeeIds[]=67936bdca37f9d4b8f5d23b6&employeeIds[]=67869f7defffdbe0c161c74a\",\"status\":\"304\",\"responseTime\":\"88.770\"}","timestamp":"2025-01-29T08:25:46.669Z"}
{"level":"\u001b[32minfo\u001b[39m","message":"{\"method\":\"GET\",\"url\":\"/api/employee/get-employees?organizationId=67869a6a1514145a64988362\",\"status\":\"304\",\"responseTime\":\"237.927\"}","timestamp":"2025-01-29T08:26:08.673Z"}
{"level":"\u001b[32minfo\u001b[39m","message":"{\"method\":\"GET\",\"url\":\"/api/employee/fetch-employeesById?employeeIds[]=67936b8fa37f9d4b8f5d23b3&employeeIds[]=67936bdca37f9d4b8f5d23b6&employeeIds[]=67869f7defffdbe0c161c74a\",\"status\":\"304\",\"responseTime\":\"279.507\"}","timestamp":"2025-01-29T08:26:08.981Z"}
{"level":"\u001b[32minfo\u001b[39m","message":"{\"method\":\"GET\",\"url\":\"/api/employee/fetch-employeesById?employeeIds[]=67936b8fa37f9d4b8f5d23b3&employeeIds[]=67936bdca37f9d4b8f5d23b6&employeeIds[]=67869f7defffdbe0c161c74a\",\"status\":\"304\",\"responseTime\":\"56.179\"}","timestamp":"2025-01-29T08:27:00.112Z"}
{"level":"\u001b[32minfo\u001b[39m","message":"{\"method\":\"GET\",\"url\":\"/api/employee/fetch-employeesById?employeeIds[]=67936b8fa37f9d4b8f5d23b3&employeeIds[]=67936bdca37f9d4b8f5d23b6&employeeIds[]=67869f7defffdbe0c161c74a\",\"status\":\"304\",\"responseTime\":\"113.377\"}","timestamp":"2025-01-29T08:29:05.608Z"}
{"level":"\u001b[32minfo\u001b[39m","message":"{\"method\":\"GET\",\"url\":\"/api/employee/get-employees?organizationId=67869a6a1514145a64988362\",\"status\":\"304\",\"responseTime\":\"145.629\"}","timestamp":"2025-01-29T08:29:10.123Z"}
{"level":"\u001b[32minfo\u001b[39m","message":"{\"method\":\"GET\",\"url\":\"/api/employee/fetch-employeesById?employeeIds[]=67936b8fa37f9d4b8f5d23b3&employeeIds[]=67936bdca37f9d4b8f5d23b6&employeeIds[]=67869f7defffdbe0c161c74a\",\"status\":\"304\",\"responseTime\":\"140.623\"}","timestamp":"2025-01-29T08:29:10.398Z"}
{"level":"\u001b[32minfo\u001b[39m","message":"{\"method\":\"GET\",\"url\":\"/api/employee/fetch-employeesById?employeeIds[]=67936b8fa37f9d4b8f5d23b3&employeeIds[]=67936bdca37f9d4b8f5d23b6&employeeIds[]=67869f7defffdbe0c161c74a\",\"status\":\"304\",\"responseTime\":\"156.265\"}","timestamp":"2025-01-29T08:29:11.503Z"}
{"level":"\u001b[32minfo\u001b[39m","message":"{\"method\":\"GET\",\"url\":\"/api/employee/get-employees?organizationId=67869a6a1514145a64988362\",\"status\":\"304\",\"responseTime\":\"217.948\"}","timestamp":"2025-01-29T08:29:18.302Z"}
{"level":"\u001b[32minfo\u001b[39m","message":"{\"method\":\"GET\",\"url\":\"/api/employee/fetch-employeesById?employeeIds[]=67936b8fa37f9d4b8f5d23b3&employeeIds[]=67936bdca37f9d4b8f5d23b6&employeeIds[]=67869f7defffdbe0c161c74a\",\"status\":\"304\",\"responseTime\":\"62.784\"}","timestamp":"2025-01-29T08:29:18.411Z"}
{"level":"\u001b[32minfo\u001b[39m","message":"{\"method\":\"GET\",\"url\":\"/api/employee/fetch-employeesById?employeeIds[]=67936b8fa37f9d4b8f5d23b3&employeeIds[]=67936bdca37f9d4b8f5d23b6&employeeIds[]=67869f7defffdbe0c161c74a\",\"status\":\"304\",\"responseTime\":\"214.360\"}","timestamp":"2025-01-29T08:29:19.638Z"}
{"level":"\u001b[32minfo\u001b[39m","message":"{\"method\":\"GET\",\"url\":\"/api/employee/get-employees?organizationId=67869a6a1514145a64988362\",\"status\":\"304\",\"responseTime\":\"64.285\"}","timestamp":"2025-01-29T08:29:48.836Z"}
{"level":"\u001b[32minfo\u001b[39m","message":"{\"method\":\"GET\",\"url\":\"/api/employee/fetch-employeesById?employeeIds[]=67936b8fa37f9d4b8f5d23b3&employeeIds[]=67936bdca37f9d4b8f5d23b6&employeeIds[]=67869f7defffdbe0c161c74a\",\"status\":\"304\",\"responseTime\":\"72.585\"}","timestamp":"2025-01-29T08:29:48.930Z"}
{"level":"\u001b[32minfo\u001b[39m","message":"{\"method\":\"GET\",\"url\":\"/api/employee/fetch-employeesById?employeeIds[]=67936b8fa37f9d4b8f5d23b3&employeeIds[]=67936bdca37f9d4b8f5d23b6&employeeIds[]=67869f7defffdbe0c161c74a\",\"status\":\"304\",\"responseTime\":\"56.971\"}","timestamp":"2025-01-29T08:29:50.321Z"}
{"level":"\u001b[32minfo\u001b[39m","message":"{\"method\":\"GET\",\"url\":\"/api/employee/fetch-employeesById?employeeIds[]=67936b8fa37f9d4b8f5d23b3&employeeIds[]=67936bdca37f9d4b8f5d23b6&employeeIds[]=67869f7defffdbe0c161c74a\",\"status\":\"304\",\"responseTime\":\"57.876\"}","timestamp":"2025-01-29T08:29:58.415Z"}
{"level":"\u001b[32minfo\u001b[39m","message":"{\"method\":\"GET\",\"url\":\"/api/employee/get-employees?organizationId=67869a6a1514145a64988362\",\"status\":\"401\",\"responseTime\":\"6.198\"}","timestamp":"2025-01-29T08:30:24.216Z"}
{"level":"\u001b[32minfo\u001b[39m","message":"{\"method\":\"GET\",\"url\":\"/api/employee/get-employees?organizationId=67869a6a1514145a64988362\",\"status\":\"304\",\"responseTime\":\"351.486\"}","timestamp":"2025-01-29T08:30:24.955Z"}
{"level":"\u001b[32minfo\u001b[39m","message":"{\"method\":\"GET\",\"url\":\"/api/employee/fetch-employeesById?employeeIds[]=67936b8fa37f9d4b8f5d23b3&employeeIds[]=67936bdca37f9d4b8f5d23b6&employeeIds[]=67869f7defffdbe0c161c74a\",\"status\":\"304\",\"responseTime\":\"310.919\"}","timestamp":"2025-01-29T08:30:25.298Z"}
{"level":"\u001b[32minfo\u001b[39m","message":"{\"method\":\"GET\",\"url\":\"/api/employee/fetch-employeesById?employeeIds[]=67936b8fa37f9d4b8f5d23b3&employeeIds[]=67936bdca37f9d4b8f5d23b6&employeeIds[]=67869f7defffdbe0c161c74a\",\"status\":\"304\",\"responseTime\":\"284.300\"}","timestamp":"2025-01-29T08:30:27.440Z"}
{"level":"\u001b[32minfo\u001b[39m","message":"{\"method\":\"GET\",\"url\":\"/api/employee/get-employees?organizationId=67869a6a1514145a64988362\",\"status\":\"304\",\"responseTime\":\"261.643\"}","timestamp":"2025-01-29T08:30:40.523Z"}
{"level":"\u001b[32minfo\u001b[39m","message":"{\"method\":\"GET\",\"url\":\"/api/employee/fetch-employeesById?employeeIds[]=67936b8fa37f9d4b8f5d23b3&employeeIds[]=67936bdca37f9d4b8f5d23b6&employeeIds[]=67869f7defffdbe0c161c74a\",\"status\":\"304\",\"responseTime\":\"323.153\"}","timestamp":"2025-01-29T08:30:40.884Z"}
{"level":"\u001b[32minfo\u001b[39m","message":"{\"method\":\"GET\",\"url\":\"/api/employee/fetch-employeesById?employeeIds[]=67936b8fa37f9d4b8f5d23b3&employeeIds[]=67936bdca37f9d4b8f5d23b6&employeeIds[]=67869f7defffdbe0c161c74a\",\"status\":\"304\",\"responseTime\":\"296.677\"}","timestamp":"2025-01-29T08:30:41.961Z"}
{"level":"\u001b[32minfo\u001b[39m","message":"{\"method\":\"GET\",\"url\":\"/api/employee/get-employees?organizationId=67869a6a1514145a64988362\",\"status\":\"304\",\"responseTime\":\"128.850\"}","timestamp":"2025-01-29T08:31:16.274Z"}
{"level":"\u001b[32minfo\u001b[39m","message":"{\"method\":\"GET\",\"url\":\"/api/employee/fetch-employeesById?employeeIds[]=67936b8fa37f9d4b8f5d23b3&employeeIds[]=67936bdca37f9d4b8f5d23b6&employeeIds[]=67869f7defffdbe0c161c74a\",\"status\":\"304\",\"responseTime\":\"86.211\"}","timestamp":"2025-01-29T08:31:16.350Z"}
{"level":"\u001b[32minfo\u001b[39m","message":"{\"method\":\"GET\",\"url\":\"/api/employee/fetch-employeesById?employeeIds[]=67936b8fa37f9d4b8f5d23b3&employeeIds[]=67936bdca37f9d4b8f5d23b6&employeeIds[]=67869f7defffdbe0c161c74a\",\"status\":\"304\",\"responseTime\":\"59.484\"}","timestamp":"2025-01-29T08:31:17.448Z"}
{"level":"\u001b[32minfo\u001b[39m","message":"{\"method\":\"GET\",\"url\":\"/api/employee/get-employees?organizationId=67869a6a1514145a64988362\",\"status\":\"304\",\"responseTime\":\"68.754\"}","timestamp":"2025-01-29T08:31:19.482Z"}
{"level":"\u001b[32minfo\u001b[39m","message":"{\"method\":\"GET\",\"url\":\"/api/employee/fetch-employeesById?employeeIds[]=67936b8fa37f9d4b8f5d23b3&employeeIds[]=67936bdca37f9d4b8f5d23b6&employeeIds[]=67869f7defffdbe0c161c74a\",\"status\":\"304\",\"responseTime\":\"51.733\"}","timestamp":"2025-01-29T08:31:19.543Z"}
{"level":"\u001b[32minfo\u001b[39m","message":"{\"method\":\"GET\",\"url\":\"/api/attendence/get-policy?organizationId=67869a6a1514145a64988362\",\"status\":\"304\",\"responseTime\":\"71.547\"}","timestamp":"2025-01-29T08:31:20.772Z"}
{"level":"\u001b[32minfo\u001b[39m","message":"{\"method\":\"GET\",\"url\":\"/api/employee/fetch-employeesById?employeeIds[]=67936b8fa37f9d4b8f5d23b3&employeeIds[]=67936bdca37f9d4b8f5d23b6&employeeIds[]=67869f7defffdbe0c161c74a\",\"status\":\"304\",\"responseTime\":\"62.720\"}","timestamp":"2025-01-29T08:31:22.760Z"}
{"level":"\u001b[32minfo\u001b[39m","message":"{\"method\":\"GET\",\"url\":\"/api/employee/get-employees?organizationId=67869a6a1514145a64988362\",\"status\":\"401\",\"responseTime\":\"1.977\"}","timestamp":"2025-01-29T08:31:41.383Z"}
{"level":"\u001b[32minfo\u001b[39m","message":"{\"method\":\"GET\",\"url\":\"/api/employee/get-employees?organizationId=67869a6a1514145a64988362\",\"status\":\"304\",\"responseTime\":\"95.091\"}","timestamp":"2025-01-29T08:31:41.838Z"}
{"level":"\u001b[32minfo\u001b[39m","message":"{\"method\":\"GET\",\"url\":\"/api/employee/fetch-employeesById?employeeIds[]=67936b8fa37f9d4b8f5d23b3&employeeIds[]=67936bdca37f9d4b8f5d23b6&employeeIds[]=67869f7defffdbe0c161c74a\",\"status\":\"304\",\"responseTime\":\"141.513\"}","timestamp":"2025-01-29T08:31:42.065Z"}
{"level":"\u001b[32minfo\u001b[39m","message":"{\"method\":\"GET\",\"url\":\"/api/employee/fetch-employeesById?employeeIds[]=67936b8fa37f9d4b8f5d23b3&employeeIds[]=67936bdca37f9d4b8f5d23b6&employeeIds[]=67869f7defffdbe0c161c74a\",\"status\":\"304\",\"responseTime\":\"254.173\"}","timestamp":"2025-01-29T08:31:43.925Z"}
{"level":"\u001b[32minfo\u001b[39m","message":"{\"method\":\"GET\",\"url\":\"/api/employee/get-employees?organizationId=67869a6a1514145a64988362\",\"status\":\"304\",\"responseTime\":\"259.422\"}","timestamp":"2025-01-29T08:31:48.738Z"}
{"level":"\u001b[32minfo\u001b[39m","message":"{\"method\":\"GET\",\"url\":\"/api/employee/fetch-employeesById?employeeIds[]=67936b8fa37f9d4b8f5d23b3&employeeIds[]=67936bdca37f9d4b8f5d23b6&employeeIds[]=67869f7defffdbe0c161c74a\",\"status\":\"304\",\"responseTime\":\"566.513\"}","timestamp":"2025-01-29T08:31:49.314Z"}
{"level":"\u001b[32minfo\u001b[39m","message":"{\"method\":\"GET\",\"url\":\"/api/employee/fetch-employeesById?employeeIds[]=67936b8fa37f9d4b8f5d23b3&employeeIds[]=67936bdca37f9d4b8f5d23b6&employeeIds[]=67869f7defffdbe0c161c74a\",\"status\":\"304\",\"responseTime\":\"197.921\"}","timestamp":"2025-01-29T08:31:50.869Z"}
{"level":"\u001b[32minfo\u001b[39m","message":"{\"method\":\"GET\",\"url\":\"/api/employee/get-employees?organizationId=67869a6a1514145a64988362\",\"status\":\"304\",\"responseTime\":\"146.898\"}","timestamp":"2025-01-29T08:31:53.548Z"}
{"level":"\u001b[32minfo\u001b[39m","message":"{\"method\":\"GET\",\"url\":\"/api/employee/fetch-employeesById?employeeIds[]=67936b8fa37f9d4b8f5d23b3&employeeIds[]=67936bdca37f9d4b8f5d23b6&employeeIds[]=67869f7defffdbe0c161c74a\",\"status\":\"304\",\"responseTime\":\"152.008\"}","timestamp":"2025-01-29T08:31:53.703Z"}
{"level":"\u001b[32minfo\u001b[39m","message":"{\"method\":\"GET\",\"url\":\"/api/employee/fetch-employeesById?employeeIds[]=67936b8fa37f9d4b8f5d23b3&employeeIds[]=67936bdca37f9d4b8f5d23b6&employeeIds[]=67869f7defffdbe0c161c74a\",\"status\":\"304\",\"responseTime\":\"60.240\"}","timestamp":"2025-01-29T08:31:55.138Z"}
{"level":"\u001b[32minfo\u001b[39m","message":"{\"method\":\"GET\",\"url\":\"/api/employee/get-employees?organizationId=67869a6a1514145a64988362\",\"status\":\"304\",\"responseTime\":\"148.229\"}","timestamp":"2025-01-29T08:32:17.794Z"}
{"level":"\u001b[32minfo\u001b[39m","message":"{\"method\":\"GET\",\"url\":\"/api/employee/fetch-employeesById?employeeIds[]=67936b8fa37f9d4b8f5d23b3&employeeIds[]=67936bdca37f9d4b8f5d23b6&employeeIds[]=67869f7defffdbe0c161c74a\",\"status\":\"304\",\"responseTime\":\"128.391\"}","timestamp":"2025-01-29T08:32:17.946Z"}
{"level":"\u001b[32minfo\u001b[39m","message":"{\"method\":\"GET\",\"url\":\"/api/employee/fetch-employeesById?employeeIds[]=67936b8fa37f9d4b8f5d23b3&employeeIds[]=67936bdca37f9d4b8f5d23b6&employeeIds[]=67869f7defffdbe0c161c74a\",\"status\":\"304\",\"responseTime\":\"296.115\"}","timestamp":"2025-01-29T08:32:19.649Z"}
{"level":"\u001b[32minfo\u001b[39m","message":"{\"method\":\"GET\",\"url\":\"/api/employee/get-employees?organizationId=67869a6a1514145a64988362\",\"status\":\"304\",\"responseTime\":\"116.333\"}","timestamp":"2025-01-29T08:32:23.743Z"}
{"level":"\u001b[32minfo\u001b[39m","message":"{\"method\":\"GET\",\"url\":\"/api/employee/fetch-employeesById?employeeIds[]=67936b8fa37f9d4b8f5d23b3&employeeIds[]=67936bdca37f9d4b8f5d23b6&employeeIds[]=67869f7defffdbe0c161c74a\",\"status\":\"304\",\"responseTime\":\"66.526\"}","timestamp":"2025-01-29T08:32:23.870Z"}
{"level":"\u001b[32minfo\u001b[39m","message":"{\"method\":\"GET\",\"url\":\"/api/employee/fetch-employeesById?employeeIds[]=67936b8fa37f9d4b8f5d23b3&employeeIds[]=67936bdca37f9d4b8f5d23b6&employeeIds[]=67869f7defffdbe0c161c74a\",\"status\":\"304\",\"responseTime\":\"204.526\"}","timestamp":"2025-01-29T08:32:25.440Z"}
{"level":"\u001b[32minfo\u001b[39m","message":"{\"method\":\"GET\",\"url\":\"/api/employee/get-employees?organizationId=67869a6a1514145a64988362\",\"status\":\"304\",\"responseTime\":\"204.544\"}","timestamp":"2025-01-29T08:32:27.549Z"}
{"level":"\u001b[32minfo\u001b[39m","message":"{\"method\":\"GET\",\"url\":\"/api/leave/fetch-leave?employeeEmail=moideenshacpcp10%40gmail.com\",\"status\":\"304\",\"responseTime\":\"181.618\"}","timestamp":"2025-01-29T08:32:27.744Z"}
{"level":"\u001b[32minfo\u001b[39m","message":"{\"method\":\"GET\",\"url\":\"/api/employee/get-employees?organizationId=67869a6a1514145a64988362\",\"status\":\"304\",\"responseTime\":\"429.912\"}","timestamp":"2025-01-29T08:32:27.985Z"}
{"level":"\u001b[32minfo\u001b[39m","message":"{\"method\":\"GET\",\"url\":\"/api/employee/get-employees?organizationId=67869a6a1514145a64988362\",\"status\":\"304\",\"responseTime\":\"480.497\"}","timestamp":"2025-01-29T08:32:28.473Z"}
{"level":"\u001b[32minfo\u001b[39m","message":"{\"method\":\"GET\",\"url\":\"/api/leave/fetch-remainingLeaves?organizationId=67869a6a1514145a64988362&employeeEmail=moideenshacpcp10%40gmail.com\",\"status\":\"304\",\"responseTime\":\"1286.645\"}","timestamp":"2025-01-29T08:32:28.853Z"}
{"level":"\u001b[32minfo\u001b[39m","message":"{\"method\":\"GET\",\"url\":\"/api/employee/get-employees?organizationId=67869a6a1514145a64988362\",\"status\":\"304\",\"responseTime\":\"437.429\"}","timestamp":"2025-01-29T08:32:28.923Z"}
{"level":"\u001b[32minfo\u001b[39m","message":"{\"method\":\"GET\",\"url\":\"/api/employee/get-employees?organizationId=67869a6a1514145a64988362\",\"status\":\"304\",\"responseTime\":\"678.397\"}","timestamp":"2025-01-29T08:32:29.619Z"}
{"level":"\u001b[32minfo\u001b[39m","message":"{\"method\":\"GET\",\"url\":\"/api/employee/get-employees?organizationId=67869a6a1514145a64988362\",\"status\":\"304\",\"responseTime\":\"206.020\"}","timestamp":"2025-01-29T08:32:29.833Z"}
{"level":"\u001b[32minfo\u001b[39m","message":"{\"method\":\"GET\",\"url\":\"/api/employee/get-employees?organizationId=67869a6a1514145a64988362\",\"status\":\"304\",\"responseTime\":\"164.462\"}","timestamp":"2025-01-29T08:32:30.006Z"}
{"level":"\u001b[32minfo\u001b[39m","message":"{\"method\":\"GET\",\"url\":\"/api/attendence/get-policy?organizationId=67869a6a1514145a64988362\",\"status\":\"304\",\"responseTime\":\"105.690\"}","timestamp":"2025-01-29T08:32:35.138Z"}
{"level":"\u001b[32minfo\u001b[39m","message":"{\"method\":\"GET\",\"url\":\"/api/employee/get-employees?organizationId=67869a6a1514145a64988362\",\"status\":\"304\",\"responseTime\":\"376.284\"}","timestamp":"2025-01-29T08:32:36.468Z"}
{"level":"\u001b[32minfo\u001b[39m","message":"{\"method\":\"GET\",\"url\":\"/api/leave/fetch-leave?employeeEmail=moideenshacpcp10%40gmail.com\",\"status\":\"304\",\"responseTime\":\"179.303\"}","timestamp":"2025-01-29T08:32:36.682Z"}
{"level":"\u001b[32minfo\u001b[39m","message":"{\"method\":\"GET\",\"url\":\"/api/employee/get-employees?organizationId=67869a6a1514145a64988362\",\"status\":\"304\",\"responseTime\":\"318.707\"}","timestamp":"2025-01-29T08:32:36.793Z"}
{"level":"\u001b[32minfo\u001b[39m","message":"{\"method\":\"GET\",\"url\":\"/api/employee/get-employees?organizationId=67869a6a1514145a64988362\",\"status\":\"304\",\"responseTime\":\"279.822\"}","timestamp":"2025-01-29T08:32:37.081Z"}
{"level":"\u001b[32minfo\u001b[39m","message":"{\"method\":\"GET\",\"url\":\"/api/employee/get-employees?organizationId=67869a6a1514145a64988362\",\"status\":\"304\",\"responseTime\":\"306.550\"}","timestamp":"2025-01-29T08:32:37.396Z"}
{"level":"\u001b[32minfo\u001b[39m","message":"{\"method\":\"GET\",\"url\":\"/api/leave/fetch-remainingLeaves?organizationId=67869a6a1514145a64988362&employeeEmail=moideenshacpcp10%40gmail.com\",\"status\":\"304\",\"responseTime\":\"1008.035\"}","timestamp":"2025-01-29T08:32:37.505Z"}
{"level":"\u001b[32minfo\u001b[39m","message":"{\"method\":\"GET\",\"url\":\"/api/employee/get-employees?organizationId=67869a6a1514145a64988362\",\"status\":\"304\",\"responseTime\":\"326.980\"}","timestamp":"2025-01-29T08:32:37.732Z"}
{"level":"\u001b[32minfo\u001b[39m","message":"{\"method\":\"GET\",\"url\":\"/api/employee/get-employees?organizationId=67869a6a1514145a64988362\",\"status\":\"304\",\"responseTime\":\"395.053\"}","timestamp":"2025-01-29T08:32:38.138Z"}
{"level":"\u001b[32minfo\u001b[39m","message":"{\"method\":\"GET\",\"url\":\"/api/employee/get-employees?organizationId=67869a6a1514145a64988362\",\"status\":\"304\",\"responseTime\":\"261.089\"}","timestamp":"2025-01-29T08:32:38.408Z"}
{"level":"\u001b[32minfo\u001b[39m","message":"{\"method\":\"GET\",\"url\":\"/api/employee/get-employees?organizationId=67869a6a1514145a64988362\",\"status\":\"304\",\"responseTime\":\"290.219\"}","timestamp":"2025-01-29T08:32:39.078Z"}
{"level":"\u001b[32minfo\u001b[39m","message":"{\"method\":\"GET\",\"url\":\"/api/employee/fetch-employeesById?employeeIds[]=67936b8fa37f9d4b8f5d23b3&employeeIds[]=67936bdca37f9d4b8f5d23b6&employeeIds[]=67869f7defffdbe0c161c74a\",\"status\":\"304\",\"responseTime\":\"245.037\"}","timestamp":"2025-01-29T08:32:39.288Z"}
{"level":"\u001b[32minfo\u001b[39m","message":"{\"method\":\"GET\",\"url\":\"/api/employee/fetch-employeesById?employeeIds[]=67936b8fa37f9d4b8f5d23b3&employeeIds[]=67936bdca37f9d4b8f5d23b6&employeeIds[]=67869f7defffdbe0c161c74a\",\"status\":\"304\",\"responseTime\":\"330.982\"}","timestamp":"2025-01-29T08:32:40.507Z"}
{"level":"\u001b[32minfo\u001b[39m","message":"{\"method\":\"GET\",\"url\":\"/api/employee/get-employees?organizationId=67869a6a1514145a64988362\",\"status\":\"401\",\"responseTime\":\"4.148\"}","timestamp":"2025-01-29T08:34:36.834Z"}
{"level":"\u001b[32minfo\u001b[39m","message":"{\"method\":\"GET\",\"url\":\"/api/employee/get-employees?organizationId=67869a6a1514145a64988362\",\"status\":\"401\",\"responseTime\":\"3.176\"}","timestamp":"2025-01-29T08:34:36.851Z"}
{"level":"\u001b[32minfo\u001b[39m","message":"{\"method\":\"GET\",\"url\":\"/api/employee/get-employees?organizationId=67869a6a1514145a64988362\",\"status\":\"304\",\"responseTime\":\"69.176\"}","timestamp":"2025-01-29T08:34:37.074Z"}
{"level":"\u001b[32minfo\u001b[39m","message":"{\"method\":\"GET\",\"url\":\"/api/employee/get-employees?organizationId=67869a6a1514145a64988362\",\"status\":\"304\",\"responseTime\":\"78.125\"}","timestamp":"2025-01-29T08:34:37.160Z"}
{"level":"\u001b[32minfo\u001b[39m","message":"{\"method\":\"GET\",\"url\":\"/api/leave/fetch-leave?employeeEmail=moideenshacpcp10%40gmail.com\",\"status\":\"304\",\"responseTime\":\"67.717\"}","timestamp":"2025-01-29T08:34:37.180Z"}
{"level":"\u001b[32minfo\u001b[39m","message":"{\"method\":\"GET\",\"url\":\"/api/employee/get-employees?organizationId=67869a6a1514145a64988362\",\"status\":\"304\",\"responseTime\":\"100.303\"}","timestamp":"2025-01-29T08:34:37.270Z"}
{"level":"\u001b[32minfo\u001b[39m","message":"{\"method\":\"GET\",\"url\":\"/api/employee/get-employees?organizationId=67869a6a1514145a64988362\",\"status\":\"304\",\"responseTime\":\"62.481\"}","timestamp":"2025-01-29T08:34:37.346Z"}
{"level":"\u001b[32minfo\u001b[39m","message":"{\"method\":\"GET\",\"url\":\"/api/employee/get-employees?organizationId=67869a6a1514145a64988362\",\"status\":\"304\",\"responseTime\":\"56.904\"}","timestamp":"2025-01-29T08:34:37.417Z"}
{"level":"\u001b[32minfo\u001b[39m","message":"{\"method\":\"GET\",\"url\":\"/api/leave/fetch-remainingLeaves?organizationId=67869a6a1514145a64988362&employeeEmail=moideenshacpcp10%40gmail.com\",\"status\":\"304\",\"responseTime\":\"553.864\"}","timestamp":"2025-01-29T08:34:37.656Z"}
{"level":"\u001b[32minfo\u001b[39m","message":"{\"method\":\"GET\",\"url\":\"/api/employee/get-employees?organizationId=67869a6a1514145a64988362\",\"status\":\"304\",\"responseTime\":\"343.551\"}","timestamp":"2025-01-29T08:34:37.772Z"}
{"level":"\u001b[32minfo\u001b[39m","message":"{\"method\":\"GET\",\"url\":\"/api/employee/get-employees?organizationId=67869a6a1514145a64988362\",\"status\":\"304\",\"responseTime\":\"124.225\"}","timestamp":"2025-01-29T08:34:37.904Z"}
{"level":"\u001b[32minfo\u001b[39m","message":"{\"method\":\"GET\",\"url\":\"/api/attendence/get-policy?organizationId=67869a6a1514145a64988362\",\"status\":\"304\",\"responseTime\":\"47.232\"}","timestamp":"2025-01-29T08:34:39.347Z"}
{"level":"\u001b[32minfo\u001b[39m","message":"{\"method\":\"GET\",\"url\":\"/api/employee/get-employees?organizationId=67869a6a1514145a64988362\",\"status\":\"304\",\"responseTime\":\"56.081\"}","timestamp":"2025-01-29T08:34:40.410Z"}
{"level":"\u001b[32minfo\u001b[39m","message":"{\"method\":\"GET\",\"url\":\"/api/leave/fetch-leave?employeeEmail=moideenshacpcp10%40gmail.com\",\"status\":\"304\",\"responseTime\":\"214.345\"}","timestamp":"2025-01-29T08:34:40.672Z"}
{"level":"\u001b[32minfo\u001b[39m","message":"{\"method\":\"GET\",\"url\":\"/api/employee/get-employees?organizationId=67869a6a1514145a64988362\",\"status\":\"304\",\"responseTime\":\"253.737\"}","timestamp":"2025-01-29T08:34:40.676Z"}
{"level":"\u001b[32minfo\u001b[39m","message":"{\"method\":\"GET\",\"url\":\"/api/employee/get-employees?organizationId=67869a6a1514145a64988362\",\"status\":\"304\",\"responseTime\":\"586.706\"}","timestamp":"2025-01-29T08:34:41.282Z"}
{"level":"\u001b[32minfo\u001b[39m","message":"{\"method\":\"GET\",\"url\":\"/api/employee/get-employees?organizationId=67869a6a1514145a64988362\",\"status\":\"304\",\"responseTime\":\"894.906\"}","timestamp":"2025-01-29T08:34:42.183Z"}
{"level":"\u001b[32minfo\u001b[39m","message":"{\"method\":\"GET\",\"url\":\"/api/leave/fetch-remainingLeaves?organizationId=67869a6a1514145a64988362&employeeEmail=moideenshacpcp10%40gmail.com\",\"status\":\"304\",\"responseTime\":\"2024.639\"}","timestamp":"2025-01-29T08:34:42.473Z"}
{"level":"\u001b[32minfo\u001b[39m","message":"{\"method\":\"GET\",\"url\":\"/api/employee/get-employees?organizationId=67869a6a1514145a64988362\",\"status\":\"304\",\"responseTime\":\"694.988\"}","timestamp":"2025-01-29T08:34:42.888Z"}
{"level":"\u001b[32minfo\u001b[39m","message":"{\"method\":\"GET\",\"url\":\"/api/employee/get-employees?organizationId=67869a6a1514145a64988362\",\"status\":\"304\",\"responseTime\":\"737.529\"}","timestamp":"2025-01-29T08:34:43.634Z"}
{"level":"\u001b[32minfo\u001b[39m","message":"{\"method\":\"GET\",\"url\":\"/api/attendence/get-policy?organizationId=67869a6a1514145a64988362\",\"status\":\"304\",\"responseTime\":\"666.270\"}","timestamp":"2025-01-29T08:34:43.638Z"}
{"level":"\u001b[32minfo\u001b[39m","message":"{\"method\":\"GET\",\"url\":\"/api/employee/get-employees?organizationId=67869a6a1514145a64988362\",\"status\":\"304\",\"responseTime\":\"545.223\"}","timestamp":"2025-01-29T08:34:44.191Z"}
{"level":"\u001b[32minfo\u001b[39m","message":"{\"method\":\"GET\",\"url\":\"/api/employee/get-employees?organizationId=67869a6a1514145a64988362\",\"status\":\"304\",\"responseTime\":\"209.841\"}","timestamp":"2025-01-29T08:34:44.524Z"}
{"level":"\u001b[32minfo\u001b[39m","message":"{\"method\":\"GET\",\"url\":\"/api/employee/get-employees?organizationId=67869a6a1514145a64988362\",\"status\":\"304\",\"responseTime\":\"113.959\"}","timestamp":"2025-01-29T08:34:44.646Z"}
{"level":"\u001b[32minfo\u001b[39m","message":"{\"method\":\"GET\",\"url\":\"/api/leave/fetch-leave?employeeEmail=moideenshacpcp10%40gmail.com\",\"status\":\"304\",\"responseTime\":\"152.308\"}","timestamp":"2025-01-29T08:34:44.711Z"}
{"level":"\u001b[32minfo\u001b[39m","message":"{\"method\":\"GET\",\"url\":\"/api/employee/get-employees?organizationId=67869a6a1514145a64988362\",\"status\":\"304\",\"responseTime\":\"109.239\"}","timestamp":"2025-01-29T08:34:44.767Z"}
{"level":"\u001b[32minfo\u001b[39m","message":"{\"method\":\"GET\",\"url\":\"/api/employee/get-employees?organizationId=67869a6a1514145a64988362\",\"status\":\"304\",\"responseTime\":\"150.950\"}","timestamp":"2025-01-29T08:34:44.933Z"}
{"level":"\u001b[32minfo\u001b[39m","message":"{\"method\":\"GET\",\"url\":\"/api/employee/get-employees?organizationId=67869a6a1514145a64988362\",\"status\":\"304\",\"responseTime\":\"175.379\"}","timestamp":"2025-01-29T08:34:45.117Z"}
{"level":"\u001b[32minfo\u001b[39m","message":"{\"method\":\"GET\",\"url\":\"/api/leave/fetch-remainingLeaves?organizationId=67869a6a1514145a64988362&employeeEmail=moideenshacpcp10%40gmail.com\",\"status\":\"304\",\"responseTime\":\"613.573\"}","timestamp":"2025-01-29T08:34:45.165Z"}
{"level":"\u001b[32minfo\u001b[39m","message":"{\"method\":\"GET\",\"url\":\"/api/employee/get-employees?organizationId=67869a6a1514145a64988362\",\"status\":\"304\",\"responseTime\":\"149.231\"}","timestamp":"2025-01-29T08:34:45.275Z"}
{"level":"\u001b[32minfo\u001b[39m","message":"{\"method\":\"GET\",\"url\":\"/api/employee/get-employees?organizationId=67869a6a1514145a64988362\",\"status\":\"304\",\"responseTime\":\"99.837\"}","timestamp":"2025-01-29T08:34:45.383Z"}
{"level":"\u001b[32minfo\u001b[39m","message":"{\"method\":\"GET\",\"url\":\"/api/attendence/get-policy?organizationId=67869a6a1514145a64988362\",\"status\":\"304\",\"responseTime\":\"51.302\"}","timestamp":"2025-01-29T08:34:48.258Z"}
{"level":"\u001b[32minfo\u001b[39m","message":"{\"method\":\"GET\",\"url\":\"/api/employee/get-employees?organizationId=67869a6a1514145a64988362\",\"status\":\"304\",\"responseTime\":\"57.663\"}","timestamp":"2025-01-29T08:34:49.191Z"}
{"level":"\u001b[32minfo\u001b[39m","message":"{\"method\":\"GET\",\"url\":\"/api/employee/get-employees?organizationId=67869a6a1514145a64988362\",\"status\":\"304\",\"responseTime\":\"80.913\"}","timestamp":"2025-01-29T08:34:49.280Z"}
{"level":"\u001b[32minfo\u001b[39m","message":"{\"method\":\"GET\",\"url\":\"/api/leave/fetch-leave?employeeEmail=moideenshacpcp10%40gmail.com\",\"status\":\"304\",\"responseTime\":\"73.619\"}","timestamp":"2025-01-29T08:34:49.290Z"}
{"level":"\u001b[32minfo\u001b[39m","message":"{\"method\":\"GET\",\"url\":\"/api/employee/get-employees?organizationId=67869a6a1514145a64988362\",\"status\":\"304\",\"responseTime\":\"72.998\"}","timestamp":"2025-01-29T08:34:49.372Z"}
{"level":"\u001b[32minfo\u001b[39m","message":"{\"method\":\"GET\",\"url\":\"/api/employee/get-employees?organizationId=67869a6a1514145a64988362\",\"status\":\"304\",\"responseTime\":\"102.038\"}","timestamp":"2025-01-29T08:34:49.486Z"}
{"level":"\u001b[32minfo\u001b[39m","message":"{\"method\":\"GET\",\"url\":\"/api/leave/fetch-remainingLeaves?organizationId=67869a6a1514145a64988362&employeeEmail=moideenshacpcp10%40gmail.com\",\"status\":\"304\",\"responseTime\":\"269.112\"}","timestamp":"2025-01-29T08:34:49.490Z"}
{"level":"\u001b[32minfo\u001b[39m","message":"{\"method\":\"GET\",\"url\":\"/api/employee/get-employees?organizationId=67869a6a1514145a64988362\",\"status\":\"304\",\"responseTime\":\"66.566\"}","timestamp":"2025-01-29T08:34:49.563Z"}
{"level":"\u001b[32minfo\u001b[39m","message":"{\"method\":\"GET\",\"url\":\"/api/employee/get-employees?organizationId=67869a6a1514145a64988362\",\"status\":\"304\",\"responseTime\":\"63.362\"}","timestamp":"2025-01-29T08:34:49.634Z"}
{"level":"\u001b[32minfo\u001b[39m","message":"{\"method\":\"GET\",\"url\":\"/api/employee/get-employees?organizationId=67869a6a1514145a64988362\",\"status\":\"304\",\"responseTime\":\"99.140\"}","timestamp":"2025-01-29T08:34:49.740Z"}
{"level":"\u001b[32minfo\u001b[39m","message":"{\"method\":\"GET\",\"url\":\"/api/employee/get-employees?organizationId=67869a6a1514145a64988362\",\"status\":\"304\",\"responseTime\":\"87.434\"}","timestamp":"2025-01-29T08:34:54.947Z"}
{"level":"\u001b[32minfo\u001b[39m","message":"{\"method\":\"GET\",\"url\":\"/api/attendence/get-policy?organizationId=67869a6a1514145a64988362\",\"status\":\"304\",\"responseTime\":\"57.935\"}","timestamp":"2025-01-29T08:34:56.290Z"}
{"level":"\u001b[32minfo\u001b[39m","message":"{\"method\":\"GET\",\"url\":\"/api/employee/get-employees?organizationId=67869a6a1514145a64988362\",\"status\":\"304\",\"responseTime\":\"64.036\"}","timestamp":"2025-01-29T08:34:57.146Z"}
{"level":"\u001b[32minfo\u001b[39m","message":"{\"method\":\"GET\",\"url\":\"/api/employee/get-employees?organizationId=67869a6a1514145a64988362\",\"status\":\"304\",\"responseTime\":\"251.853\"}","timestamp":"2025-01-29T08:34:57.408Z"}
{"level":"\u001b[32minfo\u001b[39m","message":"{\"method\":\"GET\",\"url\":\"/api/leave/fetch-leave?employeeEmail=moideenshacpcp10%40gmail.com\",\"status\":\"304\",\"responseTime\":\"235.548\"}","timestamp":"2025-01-29T08:34:57.425Z"}
{"level":"\u001b[32minfo\u001b[39m","message":"{\"method\":\"GET\",\"url\":\"/api/employee/get-employees?organizationId=67869a6a1514145a64988362\",\"status\":\"304\",\"responseTime\":\"264.468\"}","timestamp":"2025-01-29T08:34:57.682Z"}
{"level":"\u001b[32minfo\u001b[39m","message":"{\"method\":\"GET\",\"url\":\"/api/employee/get-employees?organizationId=67869a6a1514145a64988362\",\"status\":\"304\",\"responseTime\":\"232.177\"}","timestamp":"2025-01-29T08:34:57.922Z"}
{"level":"\u001b[32minfo\u001b[39m","message":"{\"method\":\"GET\",\"url\":\"/api/employee/get-employees?organizationId=67869a6a1514145a64988362\",\"status\":\"304\",\"responseTime\":\"67.799\"}","timestamp":"2025-01-29T08:34:57.997Z"}
{"level":"\u001b[32minfo\u001b[39m","message":"{\"method\":\"GET\",\"url\":\"/api/leave/fetch-remainingLeaves?organizationId=67869a6a1514145a64988362&employeeEmail=moideenshacpcp10%40gmail.com\",\"status\":\"304\",\"responseTime\":\"819.781\"}","timestamp":"2025-01-29T08:34:58.002Z"}
{"level":"\u001b[32minfo\u001b[39m","message":"{\"method\":\"GET\",\"url\":\"/api/employee/get-employees?organizationId=67869a6a1514145a64988362\",\"status\":\"304\",\"responseTime\":\"57.374\"}","timestamp":"2025-01-29T08:34:58.071Z"}
{"level":"\u001b[32minfo\u001b[39m","message":"{\"method\":\"GET\",\"url\":\"/api/employee/get-employees?organizationId=67869a6a1514145a64988362\",\"status\":\"304\",\"responseTime\":\"52.767\"}","timestamp":"2025-01-29T08:34:58.130Z"}
{"level":"\u001b[32minfo\u001b[39m","message":"{\"method\":\"GET\",\"url\":\"/api/employee/fetch-employeesById?employeeIds[]=67936b8fa37f9d4b8f5d23b3&employeeIds[]=67936bdca37f9d4b8f5d23b6&employeeIds[]=67869f7defffdbe0c161c74a\",\"status\":\"304\",\"responseTime\":\"73.777\"}","timestamp":"2025-01-29T08:34:59.904Z"}
{"level":"\u001b[32minfo\u001b[39m","message":"{\"method\":\"GET\",\"url\":\"/api/employee/get-employees?organizationId=67869a6a1514145a64988362\",\"status\":\"304\",\"responseTime\":\"207.597\"}","timestamp":"2025-01-29T08:35:33.974Z"}
{"level":"\u001b[32minfo\u001b[39m","message":"{\"method\":\"GET\",\"url\":\"/api/employee/fetch-employeesById?employeeIds[]=67936b8fa37f9d4b8f5d23b3&employeeIds[]=67936bdca37f9d4b8f5d23b6&employeeIds[]=67869f7defffdbe0c161c74a\",\"status\":\"304\",\"responseTime\":\"123.813\"}","timestamp":"2025-01-29T08:35:34.077Z"}
{"level":"\u001b[32minfo\u001b[39m","message":"{\"method\":\"GET\",\"url\":\"/api/employee/fetch-employeesById?employeeIds[]=67936b8fa37f9d4b8f5d23b3&employeeIds[]=67936bdca37f9d4b8f5d23b6&employeeIds[]=67869f7defffdbe0c161c74a\",\"status\":\"304\",\"responseTime\":\"133.538\"}","timestamp":"2025-01-29T08:35:35.457Z"}
{"level":"\u001b[32minfo\u001b[39m","message":"{\"method\":\"GET\",\"url\":\"/api/employee/get-employees?organizationId=67869a6a1514145a64988362\",\"status\":\"401\",\"responseTime\":\"2.800\"}","timestamp":"2025-01-29T08:35:38.099Z"}
{"level":"\u001b[32minfo\u001b[39m","message":"{\"method\":\"GET\",\"url\":\"/api/employee/get-employees?organizationId=67869a6a1514145a64988362\",\"status\":\"304\",\"responseTime\":\"441.872\"}","timestamp":"2025-01-29T08:35:38.948Z"}
{"level":"\u001b[32minfo\u001b[39m","message":"{\"method\":\"GET\",\"url\":\"/api/employee/fetch-employeesById?employeeIds[]=67936b8fa37f9d4b8f5d23b3&employeeIds[]=67936bdca37f9d4b8f5d23b6&employeeIds[]=67869f7defffdbe0c161c74a\",\"status\":\"304\",\"responseTime\":\"443.536\"}","timestamp":"2025-01-29T08:35:39.273Z"}
{"level":"\u001b[32minfo\u001b[39m","message":"{\"method\":\"GET\",\"url\":\"/api/employee/fetch-employeesById?employeeIds[]=67936b8fa37f9d4b8f5d23b3&employeeIds[]=67936bdca37f9d4b8f5d23b6&employeeIds[]=67869f7defffdbe0c161c74a\",\"status\":\"304\",\"responseTime\":\"429.184\"}","timestamp":"2025-01-29T08:35:40.727Z"}
{"level":"\u001b[32minfo\u001b[39m","message":"{\"method\":\"GET\",\"url\":\"/api/employee/get-employees?organizationId=67869a6a1514145a64988362\",\"status\":\"304\",\"responseTime\":\"577.276\"}","timestamp":"2025-01-29T08:35:43.711Z"}
{"level":"\u001b[32minfo\u001b[39m","message":"{\"method\":\"GET\",\"url\":\"/api/leave/fetch-leave?employeeEmail=moideenshacpcp10%40gmail.com\",\"status\":\"304\",\"responseTime\":\"340.214\"}","timestamp":"2025-01-29T08:35:44.076Z"}
{"level":"\u001b[32minfo\u001b[39m","message":"{\"method\":\"GET\",\"url\":\"/api/employee/get-employees?organizationId=67869a6a1514145a64988362\",\"status\":\"304\",\"responseTime\":\"554.873\"}","timestamp":"2025-01-29T08:35:44.273Z"}
{"level":"\u001b[32minfo\u001b[39m","message":"{\"method\":\"GET\",\"url\":\"/api/employee/get-employees?organizationId=67869a6a1514145a64988362\",\"status\":\"304\",\"responseTime\":\"263.689\"}","timestamp":"2025-01-29T08:35:44.547Z"}
{"level":"\u001b[32minfo\u001b[39m","message":"{\"method\":\"GET\",\"url\":\"/api/employee/get-employees?organizationId=67869a6a1514145a64988362\",\"status\":\"304\",\"responseTime\":\"402.100\"}","timestamp":"2025-01-29T08:35:44.958Z"}
{"level":"\u001b[32minfo\u001b[39m","message":"{\"method\":\"GET\",\"url\":\"/api/employee/get-employees?organizationId=67869a6a1514145a64988362\",\"status\":\"304\",\"responseTime\":\"221.111\"}","timestamp":"2025-01-29T08:35:45.194Z"}
{"level":"\u001b[32minfo\u001b[39m","message":"{\"method\":\"GET\",\"url\":\"/api/leave/fetch-remainingLeaves?organizationId=67869a6a1514145a64988362&employeeEmail=moideenshacpcp10%40gmail.com\",\"status\":\"304\",\"responseTime\":\"1605.193\"}","timestamp":"2025-01-29T08:35:45.344Z"}
{"level":"\u001b[32minfo\u001b[39m","message":"{\"method\":\"GET\",\"url\":\"/api/employee/get-employees?organizationId=67869a6a1514145a64988362\",\"status\":\"304\",\"responseTime\":\"253.077\"}","timestamp":"2025-01-29T08:35:45.454Z"}
{"level":"\u001b[32minfo\u001b[39m","message":"{\"method\":\"GET\",\"url\":\"/api/employee/get-employees?organizationId=67869a6a1514145a64988362\",\"status\":\"304\",\"responseTime\":\"234.360\"}","timestamp":"2025-01-29T08:35:45.696Z"}
{"level":"\u001b[32minfo\u001b[39m","message":"{\"method\":\"GET\",\"url\":\"/api/employee/fetch-employeesById?employeeIds[]=67936b8fa37f9d4b8f5d23b3&employeeIds[]=67936bdca37f9d4b8f5d23b6&employeeIds[]=67869f7defffdbe0c161c74a\",\"status\":\"304\",\"responseTime\":\"132.575\"}","timestamp":"2025-01-29T08:35:47.942Z"}
{"level":"\u001b[32minfo\u001b[39m","message":"{\"method\":\"GET\",\"url\":\"/api/employee/fetch-employeesById?employeeIds[]=67936b8fa37f9d4b8f5d23b3&employeeIds[]=67936bdca37f9d4b8f5d23b6&employeeIds[]=67869f7defffdbe0c161c74a\",\"status\":\"304\",\"responseTime\":\"90.922\"}","timestamp":"2025-01-29T08:51:12.154Z"}
{"level":"\u001b[32minfo\u001b[39m","message":"{\"method\":\"GET\",\"url\":\"/api/employee/fetch-employeesById?employeeIds[]=67936b8fa37f9d4b8f5d23b3&employeeIds[]=67936bdca37f9d4b8f5d23b6&employeeIds[]=67869f7defffdbe0c161c74a\",\"status\":\"304\",\"responseTime\":\"55.392\"}","timestamp":"2025-01-29T08:51:42.294Z"}
{"level":"\u001b[32minfo\u001b[39m","message":"{\"method\":\"GET\",\"url\":\"/api/employee/get-employees?organizationId=67869a6a1514145a64988362\",\"status\":\"401\",\"responseTime\":\"10.643\"}","timestamp":"2025-01-29T08:58:09.769Z"}
{"level":"\u001b[32minfo\u001b[39m","message":"{\"method\":\"GET\",\"url\":\"/api/employee/get-employees?organizationId=67869a6a1514145a64988362\",\"status\":\"401\",\"responseTime\":\"2.706\"}","timestamp":"2025-01-29T08:58:10.469Z"}
{"level":"\u001b[32minfo\u001b[39m","message":"{\"method\":\"GET\",\"url\":\"/api/employee/get-employees?organizationId=67869a6a1514145a64988362\",\"status\":\"200\",\"responseTime\":\"100.051\"}","timestamp":"2025-01-29T08:58:10.729Z"}
{"level":"\u001b[32minfo\u001b[39m","message":"{\"method\":\"GET\",\"url\":\"/api/employee/get-employees?organizationId=67869a6a1514145a64988362\",\"status\":\"200\",\"responseTime\":\"75.047\"}","timestamp":"2025-01-29T08:58:10.854Z"}
{"level":"\u001b[32minfo\u001b[39m","message":"{\"method\":\"GET\",\"url\":\"/api/employee/get-employees?organizationId=67869a6a1514145a64988362\",\"status\":\"200\",\"responseTime\":\"83.655\"}","timestamp":"2025-01-29T08:58:11.010Z"}
{"level":"\u001b[32minfo\u001b[39m","message":"{\"method\":\"GET\",\"url\":\"/api/leave/fetch-leave?employeeEmail=moideenshacpcp10%40gmail.com\",\"status\":\"200\",\"responseTime\":\"106.485\"}","timestamp":"2025-01-29T08:58:11.065Z"}
{"level":"\u001b[32minfo\u001b[39m","message":"{\"method\":\"GET\",\"url\":\"/api/leave/fetch-remainingLeaves?organizationId=67869a6a1514145a64988362&employeeEmail=moideenshacpcp10%40gmail.com\",\"status\":\"200\",\"responseTime\":\"325.814\"}","timestamp":"2025-01-29T08:58:11.274Z"}
{"level":"\u001b[32minfo\u001b[39m","message":"{\"method\":\"GET\",\"url\":\"/api/employee/get-employees?organizationId=67869a6a1514145a64988362\",\"status\":\"200\",\"responseTime\":\"118.803\"}","timestamp":"2025-01-29T08:58:11.322Z"}
{"level":"\u001b[32minfo\u001b[39m","message":"{\"method\":\"GET\",\"url\":\"/api/employee/get-employees?organizationId=67869a6a1514145a64988362\",\"status\":\"200\",\"responseTime\":\"80.348\"}","timestamp":"2025-01-29T08:58:11.499Z"}
{"level":"\u001b[32minfo\u001b[39m","message":"{\"method\":\"GET\",\"url\":\"/api/employee/get-employees?organizationId=67869a6a1514145a64988362\",\"status\":\"200\",\"responseTime\":\"82.733\"}","timestamp":"2025-01-29T08:58:11.588Z"}
{"level":"\u001b[32minfo\u001b[39m","message":"{\"method\":\"GET\",\"url\":\"/api/employee/get-employees?organizationId=67869a6a1514145a64988362\",\"status\":\"304\",\"responseTime\":\"69.955\"}","timestamp":"2025-01-29T08:58:15.029Z"}
{"level":"\u001b[32minfo\u001b[39m","message":"{\"method\":\"GET\",\"url\":\"/api/employee/fetch-employeesById?employeeIds[]=67936b8fa37f9d4b8f5d23b3&employeeIds[]=67936bdca37f9d4b8f5d23b6&employeeIds[]=67869f7defffdbe0c161c74a\",\"status\":\"304\",\"responseTime\":\"87.882\"}","timestamp":"2025-01-29T08:58:15.202Z"}
{"level":"\u001b[32minfo\u001b[39m","message":"{\"method\":\"GET\",\"url\":\"/api/employee/fetch-employeesById?employeeIds[]=67936b8fa37f9d4b8f5d23b3&employeeIds[]=67936bdca37f9d4b8f5d23b6&employeeIds[]=67869f7defffdbe0c161c74a\",\"status\":\"304\",\"responseTime\":\"107.182\"}","timestamp":"2025-01-29T08:58:16.563Z"}
{"level":"\u001b[32minfo\u001b[39m","message":"{\"method\":\"GET\",\"url\":\"/api/employee/get-employees?organizationId=67869a6a1514145a64988362\",\"status\":\"304\",\"responseTime\":\"132.427\"}","timestamp":"2025-01-29T08:58:28.670Z"}
{"level":"\u001b[32minfo\u001b[39m","message":"{\"method\":\"GET\",\"url\":\"/api/employee/fetch-employeesById?employeeIds[]=67936b8fa37f9d4b8f5d23b3&employeeIds[]=67936bdca37f9d4b8f5d23b6&employeeIds[]=67869f7defffdbe0c161c74a\",\"status\":\"304\",\"responseTime\":\"83.488\"}","timestamp":"2025-01-29T08:58:28.811Z"}
{"level":"\u001b[32minfo\u001b[39m","message":"{\"method\":\"GET\",\"url\":\"/api/employee/fetch-employeesById?employeeIds[]=67936b8fa37f9d4b8f5d23b3&employeeIds[]=67936bdca37f9d4b8f5d23b6&employeeIds[]=67869f7defffdbe0c161c74a\",\"status\":\"304\",\"responseTime\":\"82.760\"}","timestamp":"2025-01-29T08:58:30.000Z"}
{"level":"\u001b[32minfo\u001b[39m","message":"{\"method\":\"GET\",\"url\":\"/api/employee/fetch-employeesById?employeeIds[]=67936b8fa37f9d4b8f5d23b3&employeeIds[]=67936bdca37f9d4b8f5d23b6&employeeIds[]=67869f7defffdbe0c161c74a\",\"status\":\"200\",\"responseTime\":\"65.357\"}","timestamp":"2025-01-29T09:00:26.306Z"}
{"level":"\u001b[32minfo\u001b[39m","message":"{\"method\":\"GET\",\"url\":\"/api/employee/fetch-employeesById?employeeIds[]=67936b8fa37f9d4b8f5d23b3&employeeIds[]=67936bdca37f9d4b8f5d23b6&employeeIds[]=67869f7defffdbe0c161c74a\",\"status\":\"304\",\"responseTime\":\"256.411\"}","timestamp":"2025-01-29T09:02:31.469Z"}
{"level":"\u001b[32minfo\u001b[39m","message":"{\"method\":\"GET\",\"url\":\"/api/employee/get-employees?organizationId=67869a6a1514145a64988362\",\"status\":\"200\",\"responseTime\":\"230.396\"}","timestamp":"2025-01-29T09:02:50.092Z"}
{"level":"\u001b[32minfo\u001b[39m","message":"{\"method\":\"GET\",\"url\":\"/api/employee/fetch-employeesById?employeeIds[]=67936b8fa37f9d4b8f5d23b3&employeeIds[]=67936bdca37f9d4b8f5d23b6&employeeIds[]=67869f7defffdbe0c161c74a\",\"status\":\"200\",\"responseTime\":\"289.001\"}","timestamp":"2025-01-29T09:02:50.449Z"}
{"level":"\u001b[32minfo\u001b[39m","message":"{\"method\":\"GET\",\"url\":\"/api/employee/fetch-employeesById?employeeIds[]=67936b8fa37f9d4b8f5d23b3&employeeIds[]=67936bdca37f9d4b8f5d23b6&employeeIds[]=67869f7defffdbe0c161c74a\",\"status\":\"200\",\"responseTime\":\"161.869\"}","timestamp":"2025-01-29T09:02:53.986Z"}
{"level":"\u001b[32minfo\u001b[39m","message":"{\"method\":\"GET\",\"url\":\"/api/employee/fetch-EmployeesCount?organizationId=67869a6a1514145a64988362\",\"status\":\"304\",\"responseTime\":\"100.813\"}","timestamp":"2025-01-29T09:06:57.069Z"}
{"level":"\u001b[32minfo\u001b[39m","message":"{\"method\":\"GET\",\"url\":\"/api/employee/fetch-employeesById?employeeIds[]=67936b8fa37f9d4b8f5d23b3&employeeIds[]=67936bdca37f9d4b8f5d23b6&employeeIds[]=67869f7defffdbe0c161c74a\",\"status\":\"304\",\"responseTime\":\"93.022\"}","timestamp":"2025-01-29T09:06:59.492Z"}
{"level":"\u001b[32minfo\u001b[39m","message":"{\"method\":\"GET\",\"url\":\"/api/employee/fetch-employeesById?employeeIds[]=67936b8fa37f9d4b8f5d23b3&employeeIds[]=67936bdca37f9d4b8f5d23b6&employeeIds[]=67869f7defffdbe0c161c74a\",\"status\":\"200\",\"responseTime\":\"242.712\"}","timestamp":"2025-01-29T09:10:15.081Z"}
{"level":"\u001b[32minfo\u001b[39m","message":"{\"method\":\"GET\",\"url\":\"/api/employee/fetch-employeesById?employeeIds[]=67936b8fa37f9d4b8f5d23b3&employeeIds[]=67936bdca37f9d4b8f5d23b6&employeeIds[]=67869f7defffdbe0c161c74a\",\"status\":\"200\",\"responseTime\":\"59.677\"}","timestamp":"2025-01-29T09:32:35.853Z"}
{"level":"\u001b[32minfo\u001b[39m","message":"{\"method\":\"GET\",\"url\":\"/api/employee/fetch-employeesById?employeeIds[]=67936b8fa37f9d4b8f5d23b3&employeeIds[]=67936bdca37f9d4b8f5d23b6&employeeIds[]=67869f7defffdbe0c161c74a\",\"status\":\"401\",\"responseTime\":\"9.060\"}","timestamp":"2025-01-29T09:33:35.822Z"}
{"level":"\u001b[32minfo\u001b[39m","message":"{\"method\":\"GET\",\"url\":\"/api/employee/fetch-employeesById?employeeIds[]=67936b8fa37f9d4b8f5d23b3&employeeIds[]=67936bdca37f9d4b8f5d23b6&employeeIds[]=67869f7defffdbe0c161c74a\",\"status\":\"200\",\"responseTime\":\"60.824\"}","timestamp":"2025-01-29T09:33:36.362Z"}
{"level":"\u001b[32minfo\u001b[39m","message":"{\"method\":\"GET\",\"url\":\"/api/employee/fetch-employeesById?employeeIds[]=67936b8fa37f9d4b8f5d23b3&employeeIds[]=67936bdca37f9d4b8f5d23b6&employeeIds[]=67869f7defffdbe0c161c74a\",\"status\":\"200\",\"responseTime\":\"55.225\"}","timestamp":"2025-01-29T09:34:20.674Z"}
{"level":"\u001b[32minfo\u001b[39m","message":"{\"method\":\"GET\",\"url\":\"/api/employee/fetch-employeesById?employeeIds[]=67936b8fa37f9d4b8f5d23b3&employeeIds[]=67936bdca37f9d4b8f5d23b6&employeeIds[]=67869f7defffdbe0c161c74a\",\"status\":\"200\",\"responseTime\":\"171.673\"}","timestamp":"2025-01-29T09:35:40.361Z"}
{"level":"\u001b[32minfo\u001b[39m","message":"{\"method\":\"GET\",\"url\":\"/api/employee/fetch-employeesById?employeeIds[]=67936b8fa37f9d4b8f5d23b3&employeeIds[]=67936bdca37f9d4b8f5d23b6&employeeIds[]=67869f7defffdbe0c161c74a\",\"status\":\"200\",\"responseTime\":\"274.275\"}","timestamp":"2025-01-29T09:45:23.888Z"}
{"level":"\u001b[32minfo\u001b[39m","message":"{\"method\":\"GET\",\"url\":\"/api/employee/get-employees?organizationId=67869a6a1514145a64988362\",\"status\":\"401\",\"responseTime\":\"1.857\"}","timestamp":"2025-01-29T09:46:33.453Z"}
{"level":"\u001b[32minfo\u001b[39m","message":"{\"method\":\"GET\",\"url\":\"/api/employee/get-employees?organizationId=67869a6a1514145a64988362\",\"status\":\"200\",\"responseTime\":\"77.171\"}","timestamp":"2025-01-29T09:46:33.765Z"}
{"level":"\u001b[32minfo\u001b[39m","message":"{\"method\":\"GET\",\"url\":\"/api/employee/fetch-employeesById?employeeIds[]=67936b8fa37f9d4b8f5d23b3&employeeIds[]=67936bdca37f9d4b8f5d23b6&employeeIds[]=67869f7defffdbe0c161c74a\",\"status\":\"304\",\"responseTime\":\"82.458\"}","timestamp":"2025-01-29T09:46:33.829Z"}
{"level":"\u001b[32minfo\u001b[39m","message":"{\"method\":\"GET\",\"url\":\"/api/employee/fetch-employeesById?employeeIds[]=67936b8fa37f9d4b8f5d23b3&employeeIds[]=67936bdca37f9d4b8f5d23b6&employeeIds[]=67869f7defffdbe0c161c74a\",\"status\":\"304\",\"responseTime\":\"85.913\"}","timestamp":"2025-01-29T09:46:58.186Z"}
{"level":"\u001b[32minfo\u001b[39m","message":"{\"method\":\"GET\",\"url\":\"/api/employee/fetch-employeesById?employeeIds[]=67936b8fa37f9d4b8f5d23b3&employeeIds[]=67936bdca37f9d4b8f5d23b6&employeeIds[]=67869f7defffdbe0c161c74a\",\"status\":\"304\",\"responseTime\":\"89.675\"}","timestamp":"2025-01-29T09:54:32.381Z"}
{"level":"\u001b[32minfo\u001b[39m","message":"{\"method\":\"GET\",\"url\":\"/api/employee/fetch-employeesById?employeeIds[]=67936b8fa37f9d4b8f5d23b3&employeeIds[]=67936bdca37f9d4b8f5d23b6&employeeIds[]=67869f7defffdbe0c161c74a\",\"status\":\"304\",\"responseTime\":\"73.585\"}","timestamp":"2025-01-29T09:56:20.127Z"}
{"level":"\u001b[32minfo\u001b[39m","message":"{\"method\":\"GET\",\"url\":\"/api/employee/get-employees?organizationId=67869a6a1514145a64988362\",\"status\":\"401\",\"responseTime\":\"2.823\"}","timestamp":"2025-01-29T09:57:46.591Z"}
{"level":"\u001b[32minfo\u001b[39m","message":"{\"method\":\"GET\",\"url\":\"/api/employee/get-employees?organizationId=67869a6a1514145a64988362\",\"status\":\"304\",\"responseTime\":\"134.839\"}","timestamp":"2025-01-29T09:57:46.935Z"}
{"level":"\u001b[32minfo\u001b[39m","message":"{\"method\":\"GET\",\"url\":\"/api/employee/fetch-employeesById?employeeIds[]=67936b8fa37f9d4b8f5d23b3&employeeIds[]=67936bdca37f9d4b8f5d23b6&employeeIds[]=67869f7defffdbe0c161c74a\",\"status\":\"304\",\"responseTime\":\"139.065\"}","timestamp":"2025-01-29T09:57:47.112Z"}
{"level":"\u001b[32minfo\u001b[39m","message":"{\"method\":\"GET\",\"url\":\"/api/employee/fetch-employeesById?employeeIds[]=67936b8fa37f9d4b8f5d23b3&employeeIds[]=67936bdca37f9d4b8f5d23b6&employeeIds[]=67869f7defffdbe0c161c74a\",\"status\":\"304\",\"responseTime\":\"100.327\"}","timestamp":"2025-01-29T09:57:47.347Z"}
{"level":"\u001b[32minfo\u001b[39m","message":"{\"method\":\"GET\",\"url\":\"/api/employee/fetch-employeesById?employeeIds[]=67936b8fa37f9d4b8f5d23b3&employeeIds[]=67936bdca37f9d4b8f5d23b6&employeeIds[]=67869f7defffdbe0c161c74a\",\"status\":\"304\",\"responseTime\":\"129.233\"}","timestamp":"2025-01-29T10:31:53.988Z"}
{"level":"\u001b[32minfo\u001b[39m","message":"{\"method\":\"GET\",\"url\":\"/api/employee/fetch-employeesById?employeeIds[]=67936b8fa37f9d4b8f5d23b3&employeeIds[]=67936bdca37f9d4b8f5d23b6&employeeIds[]=67869f7defffdbe0c161c74a\",\"status\":\"304\",\"responseTime\":\"192.912\"}","timestamp":"2025-01-29T10:32:01.458Z"}
{"level":"\u001b[32minfo\u001b[39m","message":"{\"method\":\"GET\",\"url\":\"/api/employee/fetch-employeesById?employeeIds[]=67936b8fa37f9d4b8f5d23b3&employeeIds[]=67936bdca37f9d4b8f5d23b6&employeeIds[]=67869f7defffdbe0c161c74a\",\"status\":\"304\",\"responseTime\":\"65.666\"}","timestamp":"2025-01-29T10:34:47.981Z"}
{"level":"\u001b[32minfo\u001b[39m","message":"{\"method\":\"GET\",\"url\":\"/api/employee/fetch-employeesById?employeeIds[]=67936b8fa37f9d4b8f5d23b3&employeeIds[]=67936bdca37f9d4b8f5d23b6&employeeIds[]=67869f7defffdbe0c161c74a\",\"status\":\"304\",\"responseTime\":\"83.027\"}","timestamp":"2025-01-29T10:40:35.430Z"}
{"level":"\u001b[32minfo\u001b[39m","message":"{\"method\":\"GET\",\"url\":\"/api/employee/fetch-EmployeesCount?organizationId=67869a6a1514145a64988362\",\"status\":\"401\",\"responseTime\":\"6.921\"}","timestamp":"2025-01-29T10:57:32.228Z"}
{"level":"\u001b[32minfo\u001b[39m","message":"{\"method\":\"GET\",\"url\":\"/api/employee/fetch-EmployeesCount?organizationId=67869a6a1514145a64988362\",\"status\":\"304\",\"responseTime\":\"171.179\"}","timestamp":"2025-01-29T10:57:32.666Z"}
{"level":"\u001b[32minfo\u001b[39m","message":"{\"method\":\"GET\",\"url\":\"/api/employee/fetch-employeesById?employeeIds[]=67936b8fa37f9d4b8f5d23b3&employeeIds[]=67936bdca37f9d4b8f5d23b6&employeeIds[]=67869f7defffdbe0c161c74a\",\"status\":\"304\",\"responseTime\":\"799.994\"}","timestamp":"2025-01-29T10:57:51.901Z"}
{"level":"\u001b[32minfo\u001b[39m","message":"{\"method\":\"GET\",\"url\":\"/api/employee/fetch-employeesById?employeeIds[]=67936b8fa37f9d4b8f5d23b3&employeeIds[]=67936bdca37f9d4b8f5d23b6&employeeIds[]=67869f7defffdbe0c161c74a\",\"status\":\"304\",\"responseTime\":\"549.169\"}","timestamp":"2025-01-29T12:13:32.469Z"}
{"level":"\u001b[32minfo\u001b[39m","message":"{\"method\":\"GET\",\"url\":\"/api/employee/fetch-employeesById?employeeIds[]=67936b8fa37f9d4b8f5d23b3&employeeIds[]=67936bdca37f9d4b8f5d23b6&employeeIds[]=67869f7defffdbe0c161c74a\",\"status\":\"304\",\"responseTime\":\"394.292\"}","timestamp":"2025-01-29T12:26:13.740Z"}
{"level":"\u001b[32minfo\u001b[39m","message":"{\"method\":\"GET\",\"url\":\"/api/employee/fetch-employeesById?employeeIds[]=67936b8fa37f9d4b8f5d23b3&employeeIds[]=67936bdca37f9d4b8f5d23b6&employeeIds[]=67869f7defffdbe0c161c74a\",\"status\":\"304\",\"responseTime\":\"1206.166\"}","timestamp":"2025-01-29T15:27:51.130Z"}
{"level":"\u001b[32minfo\u001b[39m","message":"{\"method\":\"GET\",\"url\":\"/api/employee/get-employees?organizationId=67869a6a1514145a64988362\",\"status\":\"200\",\"responseTime\":\"19331.554\"}","timestamp":"2025-01-29T15:28:22.253Z"}
{"level":"\u001b[32minfo\u001b[39m","message":"{\"method\":\"GET\",\"url\":\"/api/employee/get-employees?organizationId=67869a6a1514145a64988362\",\"status\":\"200\",\"responseTime\":\"3411.996\"}","timestamp":"2025-01-29T15:28:25.678Z"}
{"level":"\u001b[32minfo\u001b[39m","message":"{\"method\":\"GET\",\"url\":\"/api/employee/get-employees?organizationId=67869a6a1514145a64988362\",\"status\":\"304\",\"responseTime\":\"128.670\"}","timestamp":"2025-01-29T15:28:25.817Z"}
{"level":"\u001b[32minfo\u001b[39m","message":"{\"method\":\"GET\",\"url\":\"/api/employee/fetch-employeesById?employeeIds[]=67936b8fa37f9d4b8f5d23b3&employeeIds[]=67936bdca37f9d4b8f5d23b6&employeeIds[]=67869f7defffdbe0c161c74a\",\"status\":\"304\",\"responseTime\":\"123.031\"}","timestamp":"2025-01-29T15:28:29.997Z"}
{"level":"\u001b[32minfo\u001b[39m","message":"{\"method\":\"GET\",\"url\":\"/api/employee/fetch-employeesById?employeeIds[]=67936b8fa37f9d4b8f5d23b3&employeeIds[]=67936bdca37f9d4b8f5d23b6&employeeIds[]=67869f7defffdbe0c161c74a\",\"status\":\"304\",\"responseTime\":\"104.304\"}","timestamp":"2025-01-29T15:28:30.112Z"}
{"level":"\u001b[32minfo\u001b[39m","message":"{\"method\":\"GET\",\"url\":\"/api/employee/fetch-position?organizationId=67869a6a1514145a64988362\",\"status\":\"401\",\"responseTime\":\"3.876\"}","timestamp":"2025-01-29T15:28:43.860Z"}
{"level":"\u001b[32minfo\u001b[39m","message":"{\"method\":\"GET\",\"url\":\"/api/employee/fetch-EmployeesCount?organizationId=67869a6a1514145a64988362\",\"status\":\"401\",\"responseTime\":\"3.397\"}","timestamp":"2025-01-29T15:28:46.130Z"}
{"level":"\u001b[32minfo\u001b[39m","message":"{\"method\":\"GET\",\"url\":\"/api/employee/fetch-EmployeesCount?organizationId=67869a6a1514145a64988362\",\"status\":\"304\",\"responseTime\":\"798.781\"}","timestamp":"2025-01-29T15:28:55.761Z"}
{"level":"\u001b[32minfo\u001b[39m","message":"{\"method\":\"GET\",\"url\":\"/api/employee/get-employees?organizationId=67869a6a1514145a64988362\",\"status\":\"200\",\"responseTime\":\"19282.964\"}","timestamp":"2025-01-29T15:28:58.572Z"}
{"level":"\u001b[32minfo\u001b[39m","message":"{\"method\":\"GET\",\"url\":\"/api/employee/get-employees?organizationId=67869a6a1514145a64988362\",\"status\":\"401\",\"responseTime\":\"3.905\"}","timestamp":"2025-01-29T15:28:58.971Z"}
{"level":"\u001b[32minfo\u001b[39m","message":"{\"method\":\"GET\",\"url\":\"/api/employee/get-employees?organizationId=67869a6a1514145a64988362\",\"status\":\"401\",\"responseTime\":\"2.818\"}","timestamp":"2025-01-29T15:28:58.984Z"}
{"level":"\u001b[32minfo\u001b[39m","message":"{\"method\":\"GET\",\"url\":\"/api/employee/get-employees?organizationId=67869a6a1514145a64988362\",\"status\":\"401\",\"responseTime\":\"3.365\"}","timestamp":"2025-01-29T15:28:58.999Z"}
{"level":"\u001b[32minfo\u001b[39m","message":"{\"method\":\"GET\",\"url\":\"/api/employee/get-employees?organizationId=67869a6a1514145a64988362\",\"status\":\"401\",\"responseTime\":\"3.480\"}","timestamp":"2025-01-29T15:28:59.015Z"}
{"level":"\u001b[32minfo\u001b[39m","message":"{\"method\":\"GET\",\"url\":\"/api/employee/get-employees?organizationId=67869a6a1514145a64988362\",\"status\":\"200\",\"responseTime\":\"108.359\"}","timestamp":"2025-01-29T15:28:59.239Z"}
{"level":"\u001b[32minfo\u001b[39m","message":"{\"method\":\"GET\",\"url\":\"/api/employee/get-employees?organizationId=67869a6a1514145a64988362\",\"status\":\"304\",\"responseTime\":\"191.351\"}","timestamp":"2025-01-29T15:28:59.461Z"}
{"level":"\u001b[32minfo\u001b[39m","message":"{\"method\":\"GET\",\"url\":\"/api/employee/get-employees?organizationId=67869a6a1514145a64988362\",\"status\":\"304\",\"responseTime\":\"179.522\"}","timestamp":"2025-01-29T15:29:00.157Z"}
{"level":"\u001b[32minfo\u001b[39m","message":"{\"method\":\"GET\",\"url\":\"/api/employee/get-employees?organizationId=67869a6a1514145a64988362\",\"status\":\"304\",\"responseTime\":\"115.189\"}","timestamp":"2025-01-29T15:29:00.279Z"}
{"level":"\u001b[32minfo\u001b[39m","message":"{\"method\":\"GET\",\"url\":\"/api/employee/fetch-employeesById?employeeIds[]=67936b8fa37f9d4b8f5d23b3&employeeIds[]=67936bdca37f9d4b8f5d23b6&employeeIds[]=67869f7defffdbe0c161c74a\",\"status\":\"304\",\"responseTime\":\"781.440\"}","timestamp":"2025-01-29T15:29:01.040Z"}
{"level":"\u001b[32minfo\u001b[39m","message":"{\"method\":\"GET\",\"url\":\"/api/employee/fetch-employeesById?employeeIds[]=67936b8fa37f9d4b8f5d23b3&employeeIds[]=67936bdca37f9d4b8f5d23b6&employeeIds[]=67869f7defffdbe0c161c74a\",\"status\":\"304\",\"responseTime\":\"878.320\"}","timestamp":"2025-01-29T15:29:51.934Z"}
{"level":"\u001b[32minfo\u001b[39m","message":"{\"method\":\"GET\",\"url\":\"/api/employee/fetch-EmployeesCount?organizationId=67869a6a1514145a64988362\",\"status\":\"304\",\"responseTime\":\"288.383\"}","timestamp":"2025-01-29T15:30:00.367Z"}
{"level":"\u001b[32minfo\u001b[39m","message":"{\"method\":\"GET\",\"url\":\"/api/employee/get-employees?organizationId=67869a6a1514145a64988362\",\"status\":\"304\",\"responseTime\":\"741.220\"}","timestamp":"2025-01-29T15:30:03.045Z"}
{"level":"\u001b[32minfo\u001b[39m","message":"{\"method\":\"GET\",\"url\":\"/api/employee/fetch-position?organizationId=67869a6a1514145a64988362\",\"status\":\"304\",\"responseTime\":\"746.536\"}","timestamp":"2025-01-29T15:30:03.058Z"}
{"level":"\u001b[32minfo\u001b[39m","message":"{\"method\":\"GET\",\"url\":\"/api/employee/fetch-position?organizationId=67869a6a1514145a64988362\",\"status\":\"304\",\"responseTime\":\"2579.612\"}","timestamp":"2025-01-29T15:30:07.648Z"}
{"level":"\u001b[32minfo\u001b[39m","message":"{\"method\":\"GET\",\"url\":\"/api/employee/terminate-employee?email=moideenshacpcp10%40gmail.com\",\"status\":\"200\",\"responseTime\":\"832.009\"}","timestamp":"2025-01-29T15:30:26.972Z"}
{"level":"\u001b[32minfo\u001b[39m","message":"{\"method\":\"GET\",\"url\":\"/api/leave/fetch-leave?employeeEmail=moideenshacpcp10%40gmail.com\",\"status\":\"304\",\"responseTime\":\"476.864\"}","timestamp":"2025-01-29T15:30:31.408Z"}
{"level":"\u001b[32minfo\u001b[39m","message":"{\"method\":\"GET\",\"url\":\"/api/employee/fetch-employeesById?employeeIds[]=67936b8fa37f9d4b8f5d23b3&employeeIds[]=67936bdca37f9d4b8f5d23b6&employeeIds[]=67869f7defffdbe0c161c74a\",\"status\":\"200\",\"responseTime\":\"107.741\"}","timestamp":"2025-01-29T15:30:36.515Z"}
{"level":"\u001b[32minfo\u001b[39m","message":"{\"method\":\"GET\",\"url\":\"/api/leave/fetch-leave?employeeEmail=moideenshacpcp10%40gmail.com\",\"status\":\"304\",\"responseTime\":\"212.328\"}","timestamp":"2025-01-29T15:30:45.607Z"}
{"level":"\u001b[32minfo\u001b[39m","message":"{\"method\":\"GET\",\"url\":\"/api/employee/fetch-employeesById?employeeIds[]=67936b8fa37f9d4b8f5d23b3&employeeIds[]=67936bdca37f9d4b8f5d23b6&employeeIds[]=67869f7defffdbe0c161c74a\",\"status\":\"304\",\"responseTime\":\"211.015\"}","timestamp":"2025-01-29T15:30:47.678Z"}
{"level":"\u001b[32minfo\u001b[39m","message":"{\"method\":\"GET\",\"url\":\"/api/leave/fetch-leave?employeeEmail=moideenshacpcp10%40gmail.com\",\"status\":\"304\",\"responseTime\":\"218.438\"}","timestamp":"2025-01-29T15:30:48.774Z"}
{"level":"\u001b[32minfo\u001b[39m","message":"{\"method\":\"GET\",\"url\":\"/api/employee/fetch-employeesById?employeeIds[]=67936b8fa37f9d4b8f5d23b3&employeeIds[]=67936bdca37f9d4b8f5d23b6&employeeIds[]=67869f7defffdbe0c161c74a\",\"status\":\"401\",\"responseTime\":\"2.839\"}","timestamp":"2025-01-29T15:30:50.132Z"}
