{"level":"\u001b[32minfo\u001b[39m","message":"{\"method\":\"GET\",\"url\":\"/api/attendence/get-policy?organizationId=67869a6a1514145a64988362\",\"status\":\"401\",\"responseTime\":\"11.993\"}","timestamp":"2025-01-21T03:19:02.719Z"}
{"level":"\u001b[32minfo\u001b[39m","message":"{\"method\":\"GET\",\"url\":\"/api/attendence/get-policy?organizationId=67869a6a1514145a64988362\",\"status\":\"200\",\"responseTime\":\"139.080\"}","timestamp":"2025-01-21T03:19:03.337Z"}
{"level":"\u001b[32minfo\u001b[39m","message":"{\"method\":\"GET\",\"url\":\"/api/employee/get-employees?organizationId=67869a6a1514145a64988362\",\"status\":\"304\",\"responseTime\":\"72.501\"}","timestamp":"2025-01-21T03:19:08.578Z"}
{"level":"\u001b[32minfo\u001b[39m","message":"{\"method\":\"GET\",\"url\":\"/api/employee/get-employees?organizationId=67869a6a1514145a64988362\",\"status\":\"304\",\"responseTime\":\"64.776\"}","timestamp":"2025-01-21T03:19:08.661Z"}
{"level":"\u001b[32minfo\u001b[39m","message":"{\"method\":\"GET\",\"url\":\"/api/leave/fetch-leave?employeeEmail=moideenshacpcp10%40gmail.com\",\"status\":\"304\",\"responseTime\":\"60.843\"}","timestamp":"2025-01-21T03:19:08.702Z"}
{"level":"\u001b[32minfo\u001b[39m","message":"{\"method\":\"GET\",\"url\":\"/api/employee/get-employees?organizationId=67869a6a1514145a64988362\",\"status\":\"304\",\"responseTime\":\"52.903\"}","timestamp":"2025-01-21T03:19:08.770Z"}
{"level":"\u001b[32minfo\u001b[39m","message":"{\"method\":\"GET\",\"url\":\"/api/leave/fetch-remainingLeaves?organizationId=67869a6a1514145a64988362&employeeEmail=moideenshacpcp10%40gmail.com\",\"status\":\"304\",\"responseTime\":\"205.721\"}","timestamp":"2025-01-21T03:19:08.828Z"}
{"level":"\u001b[32minfo\u001b[39m","message":"{\"method\":\"GET\",\"url\":\"/api/employee/get-employees?organizationId=67869a6a1514145a64988362\",\"status\":\"304\",\"responseTime\":\"49.065\"}","timestamp":"2025-01-21T03:19:08.840Z"}
{"level":"\u001b[32minfo\u001b[39m","message":"{\"method\":\"GET\",\"url\":\"/api/employee/get-employees?organizationId=67869a6a1514145a64988362\",\"status\":\"304\",\"responseTime\":\"51.199\"}","timestamp":"2025-01-21T03:19:08.913Z"}
{"level":"\u001b[32minfo\u001b[39m","message":"{\"method\":\"GET\",\"url\":\"/api/employee/get-employees?organizationId=67869a6a1514145a64988362\",\"status\":\"304\",\"responseTime\":\"48.553\"}","timestamp":"2025-01-21T03:19:09.014Z"}
{"level":"\u001b[32minfo\u001b[39m","message":"{\"method\":\"GET\",\"url\":\"/api/employee/get-employees?organizationId=67869a6a1514145a64988362\",\"status\":\"304\",\"responseTime\":\"49.479\"}","timestamp":"2025-01-21T03:19:09.082Z"}
{"level":"\u001b[32minfo\u001b[39m","message":"{\"method\":\"GET\",\"url\":\"/api/attendence/get-policy?organizationId=67869a6a1514145a64988362\",\"status\":\"304\",\"responseTime\":\"47.379\"}","timestamp":"2025-01-21T03:19:11.558Z"}
{"level":"\u001b[32minfo\u001b[39m","message":"{\"method\":\"GET\",\"url\":\"/api/employee/get-employees?organizationId=67869a6a1514145a64988362\",\"status\":\"304\",\"responseTime\":\"54.380\"}","timestamp":"2025-01-21T03:19:13.598Z"}
{"level":"\u001b[32minfo\u001b[39m","message":"{\"method\":\"GET\",\"url\":\"/api/employee/get-employees?organizationId=67869a6a1514145a64988362\",\"status\":\"304\",\"responseTime\":\"47.981\"}","timestamp":"2025-01-21T03:19:13.658Z"}
{"level":"\u001b[32minfo\u001b[39m","message":"{\"method\":\"GET\",\"url\":\"/api/leave/fetch-leave?employeeEmail=moideenshacpcp10%40gmail.com\",\"status\":\"304\",\"responseTime\":\"52.518\"}","timestamp":"2025-01-21T03:19:13.687Z"}
{"level":"\u001b[32minfo\u001b[39m","message":"{\"method\":\"GET\",\"url\":\"/api/employee/get-employees?organizationId=67869a6a1514145a64988362\",\"status\":\"304\",\"responseTime\":\"49.529\"}","timestamp":"2025-01-21T03:19:13.720Z"}
{"level":"\u001b[32minfo\u001b[39m","message":"{\"method\":\"GET\",\"url\":\"/api/employee/get-employees?organizationId=67869a6a1514145a64988362\",\"status\":\"304\",\"responseTime\":\"51.707\"}","timestamp":"2025-01-21T03:19:13.785Z"}
{"level":"\u001b[32minfo\u001b[39m","message":"{\"method\":\"GET\",\"url\":\"/api/leave/fetch-remainingLeaves?organizationId=67869a6a1514145a64988362&employeeEmail=moideenshacpcp10%40gmail.com\",\"status\":\"304\",\"responseTime\":\"188.294\"}","timestamp":"2025-01-21T03:19:13.815Z"}
{"level":"\u001b[32minfo\u001b[39m","message":"{\"method\":\"GET\",\"url\":\"/api/employee/get-employees?organizationId=67869a6a1514145a64988362\",\"status\":\"304\",\"responseTime\":\"46.323\"}","timestamp":"2025-01-21T03:19:13.845Z"}
{"level":"\u001b[32minfo\u001b[39m","message":"{\"method\":\"GET\",\"url\":\"/api/employee/get-employees?organizationId=67869a6a1514145a64988362\",\"status\":\"304\",\"responseTime\":\"47.498\"}","timestamp":"2025-01-21T03:19:13.903Z"}
{"level":"\u001b[32minfo\u001b[39m","message":"{\"method\":\"GET\",\"url\":\"/api/employee/get-employees?organizationId=67869a6a1514145a64988362\",\"status\":\"304\",\"responseTime\":\"47.716\"}","timestamp":"2025-01-21T03:19:13.967Z"}
{"level":"\u001b[32minfo\u001b[39m","message":"{\"method\":\"GET\",\"url\":\"/api/employee/get-employees?organizationId=67869a6a1514145a64988362\",\"status\":\"304\",\"responseTime\":\"49.569\"}","timestamp":"2025-01-21T03:19:17.792Z"}
{"level":"\u001b[32minfo\u001b[39m","message":"{\"method\":\"GET\",\"url\":\"/api/employee/fetch-position?organizationId=67869a6a1514145a64988362\",\"status\":\"304\",\"responseTime\":\"53.901\"}","timestamp":"2025-01-21T03:19:17.807Z"}
{"level":"\u001b[32minfo\u001b[39m","message":"{\"method\":\"GET\",\"url\":\"/api/employee/fetch-position?organizationId=67869a6a1514145a64988362\",\"status\":\"304\",\"responseTime\":\"47.568\"}","timestamp":"2025-01-21T03:19:18.858Z"}
{"level":"\u001b[32minfo\u001b[39m","message":"{\"method\":\"GET\",\"url\":\"/api/attendence/get-attendence?employeeEmail=moideenshacpcp10%40gmail.com\",\"status\":\"304\",\"responseTime\":\"88.255\"}","timestamp":"2025-01-21T03:19:22.037Z"}
{"level":"\u001b[32minfo\u001b[39m","message":"{\"method\":\"GET\",\"url\":\"/api/attendence/get-attendence?employeeEmail=moideenshacpcp10%40gmail.com\",\"status\":\"401\",\"responseTime\":\"0.967\"}","timestamp":"2025-01-21T03:19:37.554Z"}
{"level":"\u001b[32minfo\u001b[39m","message":"{\"method\":\"GET\",\"url\":\"/api/attendence/get-attendence?employeeEmail=moideenshacpcp10%40gmail.com\",\"status\":\"304\",\"responseTime\":\"70.729\"}","timestamp":"2025-01-21T03:19:37.669Z"}
{"level":"\u001b[32minfo\u001b[39m","message":"{\"method\":\"POST\",\"url\":\"/api/attendence/handle-attendence\",\"status\":\"200\",\"responseTime\":\"184.602\"}","timestamp":"2025-01-21T03:19:41.701Z"}
{"level":"\u001b[32minfo\u001b[39m","message":"{\"method\":\"GET\",\"url\":\"/api/attendence/get-attendence?employeeEmail=moideenshacpcp10%40gmail.com\",\"status\":\"200\",\"responseTime\":\"57.753\"}","timestamp":"2025-01-21T03:19:41.830Z"}
{"level":"\u001b[32minfo\u001b[39m","message":"{\"method\":\"GET\",\"url\":\"/api/leave/fetch-leave?employeeEmail=moideenshacpcp10%40gmail.com\",\"status\":\"304\",\"responseTime\":\"46.643\"}","timestamp":"2025-01-21T03:19:46.254Z"}
{"level":"\u001b[32minfo\u001b[39m","message":"{\"method\":\"GET\",\"url\":\"/api/attendence/get-attendence?employeeEmail=moideenshacpcp10%40gmail.com\",\"status\":\"304\",\"responseTime\":\"55.478\"}","timestamp":"2025-01-21T03:19:52.701Z"}
{"level":"\u001b[32minfo\u001b[39m","message":"{\"method\":\"GET\",\"url\":\"/api/attendence/get-attendence?employeeEmail=moideenshacpcp10%40gmail.com\",\"status\":\"304\",\"responseTime\":\"49.725\"}","timestamp":"2025-01-21T03:19:52.770Z"}
{"level":"\u001b[32minfo\u001b[39m","message":"{\"method\":\"GET\",\"url\":\"/api/leave/fetch-leave?employeeEmail=moideenshacpcp10%40gmail.com\",\"status\":\"304\",\"responseTime\":\"48.236\"}","timestamp":"2025-01-21T03:19:54.083Z"}
{"level":"\u001b[32minfo\u001b[39m","message":"{\"method\":\"GET\",\"url\":\"/api/attendence/get-attendence?employeeEmail=moideenshacpcp10%40gmail.com\",\"status\":\"304\",\"responseTime\":\"87.356\"}","timestamp":"2025-01-21T03:19:55.961Z"}
{"level":"\u001b[32minfo\u001b[39m","message":"{\"method\":\"GET\",\"url\":\"/api/attendence/get-attendence?employeeEmail=moideenshacpcp10%40gmail.com\",\"status\":\"304\",\"responseTime\":\"78.096\"}","timestamp":"2025-01-21T03:19:56.068Z"}
{"level":"\u001b[32minfo\u001b[39m","message":"{\"method\":\"GET\",\"url\":\"/api/attendence/get-policy?organizationId=67869a6a1514145a64988362\",\"status\":\"304\",\"responseTime\":\"63.641\"}","timestamp":"2025-01-21T03:23:08.101Z"}
{"level":"\u001b[32minfo\u001b[39m","message":"{\"method\":\"GET\",\"url\":\"/api/employee/get-employees?organizationId=67869a6a1514145a64988362\",\"status\":\"304\",\"responseTime\":\"127.226\"}","timestamp":"2025-01-21T03:23:09.193Z"}
{"level":"\u001b[32minfo\u001b[39m","message":"{\"method\":\"GET\",\"url\":\"/api/employee/get-employees?organizationId=67869a6a1514145a64988362\",\"status\":\"304\",\"responseTime\":\"42.721\"}","timestamp":"2025-01-21T03:23:09.242Z"}
{"level":"\u001b[32minfo\u001b[39m","message":"{\"method\":\"GET\",\"url\":\"/api/leave/fetch-leave?employeeEmail=moideenshacpcp10%40gmail.com\",\"status\":\"304\",\"responseTime\":\"43.412\"}","timestamp":"2025-01-21T03:23:09.259Z"}
{"level":"\u001b[32minfo\u001b[39m","message":"{\"method\":\"GET\",\"url\":\"/api/employee/get-employees?organizationId=67869a6a1514145a64988362\",\"status\":\"304\",\"responseTime\":\"146.520\"}","timestamp":"2025-01-21T03:23:09.395Z"}
{"level":"\u001b[32minfo\u001b[39m","message":"{\"method\":\"GET\",\"url\":\"/api/employee/get-employees?organizationId=67869a6a1514145a64988362\",\"status\":\"304\",\"responseTime\":\"98.063\"}","timestamp":"2025-01-21T03:23:09.502Z"}
{"level":"\u001b[32minfo\u001b[39m","message":"{\"method\":\"GET\",\"url\":\"/api/employee/get-employees?organizationId=67869a6a1514145a64988362\",\"status\":\"304\",\"responseTime\":\"95.198\"}","timestamp":"2025-01-21T03:23:09.603Z"}
{"level":"\u001b[32minfo\u001b[39m","message":"{\"method\":\"GET\",\"url\":\"/api/leave/fetch-remainingLeaves?organizationId=67869a6a1514145a64988362&employeeEmail=moideenshacpcp10%40gmail.com\",\"status\":\"304\",\"responseTime\":\"843.079\"}","timestamp":"2025-01-21T03:23:10.056Z"}
{"level":"\u001b[32minfo\u001b[39m","message":"{\"method\":\"GET\",\"url\":\"/api/employee/get-employees?organizationId=67869a6a1514145a64988362\",\"status\":\"304\",\"responseTime\":\"706.870\"}","timestamp":"2025-01-21T03:23:10.319Z"}
{"level":"\u001b[32minfo\u001b[39m","message":"{\"method\":\"GET\",\"url\":\"/api/employee/get-employees?organizationId=67869a6a1514145a64988362\",\"status\":\"304\",\"responseTime\":\"92.967\"}","timestamp":"2025-01-21T03:23:10.423Z"}
{"level":"\u001b[32minfo\u001b[39m","message":"{\"method\":\"GET\",\"url\":\"/api/leave/fetch-leave?employeeEmail=moideenshacpcp10%40gmail.com\",\"status\":\"304\",\"responseTime\":\"45.698\"}","timestamp":"2025-01-21T03:23:15.549Z"}
{"level":"\u001b[32minfo\u001b[39m","message":"{\"method\":\"GET\",\"url\":\"/api/leave/fetch-remainingLeaves?organizationId=67869a6a1514145a64988362&employeeEmail=moideenshacpcp10%40gmail.com\",\"status\":\"200\",\"responseTime\":\"168.198\"}","timestamp":"2025-01-21T03:23:17.428Z"}
{"level":"\u001b[32minfo\u001b[39m","message":"{\"method\":\"GET\",\"url\":\"/api/employee/get-employees?organizationId=67869a6a1514145a64988362\",\"status\":\"304\",\"responseTime\":\"1586.305\"}","timestamp":"2025-01-21T04:10:35.898Z"}
{"level":"\u001b[32minfo\u001b[39m","message":"{\"method\":\"GET\",\"url\":\"/api/employee/get-employees?organizationId=67869a6a1514145a64988362\",\"status\":\"304\",\"responseTime\":\"276.655\"}","timestamp":"2025-01-21T04:10:36.198Z"}
{"level":"\u001b[32minfo\u001b[39m","message":"{\"method\":\"GET\",\"url\":\"/api/leave/fetch-leave?employeeEmail=moideenshacpcp10%40gmail.com\",\"status\":\"304\",\"responseTime\":\"481.854\"}","timestamp":"2025-01-21T04:10:36.472Z"}
{"level":"\u001b[32minfo\u001b[39m","message":"{\"method\":\"GET\",\"url\":\"/api/employee/get-employees?organizationId=67869a6a1514145a64988362\",\"status\":\"304\",\"responseTime\":\"459.180\"}","timestamp":"2025-01-21T04:10:36.678Z"}
{"level":"\u001b[32minfo\u001b[39m","message":"{\"method\":\"GET\",\"url\":\"/api/attendence/get-policy?organizationId=67869a6a1514145a64988362\",\"status\":\"304\",\"responseTime\":\"1787.561\"}","timestamp":"2025-01-21T04:10:36.973Z"}
{"level":"\u001b[32minfo\u001b[39m","message":"{\"method\":\"GET\",\"url\":\"/api/employee/get-employees?organizationId=67869a6a1514145a64988362\",\"status\":\"304\",\"responseTime\":\"629.297\"}","timestamp":"2025-01-21T04:10:37.337Z"}
{"level":"\u001b[32minfo\u001b[39m","message":"{\"method\":\"GET\",\"url\":\"/api/employee/get-employees?organizationId=67869a6a1514145a64988362\",\"status\":\"304\",\"responseTime\":\"466.974\"}","timestamp":"2025-01-21T04:10:37.820Z"}
{"level":"\u001b[32minfo\u001b[39m","message":"{\"method\":\"GET\",\"url\":\"/api/employee/get-employees?organizationId=67869a6a1514145a64988362\",\"status\":\"304\",\"responseTime\":\"211.803\"}","timestamp":"2025-01-21T04:10:38.045Z"}
{"level":"\u001b[32minfo\u001b[39m","message":"{\"method\":\"GET\",\"url\":\"/api/leave/fetch-remainingLeaves?organizationId=67869a6a1514145a64988362&employeeEmail=moideenshacpcp10%40gmail.com\",\"status\":\"304\",\"responseTime\":\"2778.612\"}","timestamp":"2025-01-21T04:10:38.752Z"}
{"level":"\u001b[32minfo\u001b[39m","message":"{\"method\":\"GET\",\"url\":\"/api/employee/get-employees?organizationId=67869a6a1514145a64988362\",\"status\":\"304\",\"responseTime\":\"448.361\"}","timestamp":"2025-01-21T04:10:39.234Z"}
{"level":"\u001b[32minfo\u001b[39m","message":"{\"method\":\"GET\",\"url\":\"/api/employee/get-employees?organizationId=67869a6a1514145a64988362\",\"status\":\"304\",\"responseTime\":\"51.661\"}","timestamp":"2025-01-21T04:14:10.438Z"}
{"level":"\u001b[32minfo\u001b[39m","message":"{\"method\":\"GET\",\"url\":\"/api/attendence/get-policy?organizationId=67869a6a1514145a64988362\",\"status\":\"304\",\"responseTime\":\"230.736\"}","timestamp":"2025-01-21T04:18:09.273Z"}
{"level":"\u001b[32minfo\u001b[39m","message":"{\"method\":\"GET\",\"url\":\"/api/attendence/get-policy?organizationId=67869a6a1514145a64988362\",\"status\":\"304\",\"responseTime\":\"50.072\"}","timestamp":"2025-01-21T04:18:41.444Z"}
{"level":"\u001b[32minfo\u001b[39m","message":"{\"method\":\"GET\",\"url\":\"/api/employee/get-employees?organizationId=67869a6a1514145a64988362\",\"status\":\"401\",\"responseTime\":\"15.542\"}","timestamp":"2025-01-21T04:33:03.838Z"}
{"level":"\u001b[32minfo\u001b[39m","message":"{\"method\":\"GET\",\"url\":\"/api/employee/get-employees?organizationId=67869a6a1514145a64988362\",\"status\":\"401\",\"responseTime\":\"1.349\"}","timestamp":"2025-01-21T04:33:03.850Z"}
{"level":"\u001b[32minfo\u001b[39m","message":"{\"method\":\"GET\",\"url\":\"/api/employee/get-employees?organizationId=67869a6a1514145a64988362\",\"status\":\"304\",\"responseTime\":\"75.578\"}","timestamp":"2025-01-21T04:33:04.107Z"}
{"level":"\u001b[32minfo\u001b[39m","message":"{\"method\":\"GET\",\"url\":\"/api/employee/get-employees?organizationId=67869a6a1514145a64988362\",\"status\":\"304\",\"responseTime\":\"47.717\"}","timestamp":"2025-01-21T04:33:04.163Z"}
{"level":"\u001b[32minfo\u001b[39m","message":"{\"method\":\"GET\",\"url\":\"/api/leave/fetch-leave?employeeEmail=moideenshacpcp10%40gmail.com\",\"status\":\"200\",\"responseTime\":\"52.285\"}","timestamp":"2025-01-21T04:33:04.219Z"}
{"level":"\u001b[32minfo\u001b[39m","message":"{\"method\":\"GET\",\"url\":\"/api/employee/get-employees?organizationId=67869a6a1514145a64988362\",\"status\":\"304\",\"responseTime\":\"52.844\"}","timestamp":"2025-01-21T04:33:04.228Z"}
{"level":"\u001b[32minfo\u001b[39m","message":"{\"method\":\"GET\",\"url\":\"/api/employee/get-employees?organizationId=67869a6a1514145a64988362\",\"status\":\"304\",\"responseTime\":\"42.795\"}","timestamp":"2025-01-21T04:33:04.283Z"}
{"level":"\u001b[32minfo\u001b[39m","message":"{\"method\":\"GET\",\"url\":\"/api/leave/fetch-remainingLeaves?organizationId=67869a6a1514145a64988362&employeeEmail=moideenshacpcp10%40gmail.com\",\"status\":\"200\",\"responseTime\":\"200.106\"}","timestamp":"2025-01-21T04:33:04.350Z"}
{"level":"\u001b[32minfo\u001b[39m","message":"{\"method\":\"GET\",\"url\":\"/api/employee/get-employees?organizationId=67869a6a1514145a64988362\",\"status\":\"304\",\"responseTime\":\"47.149\"}","timestamp":"2025-01-21T04:33:04.358Z"}
{"level":"\u001b[32minfo\u001b[39m","message":"{\"method\":\"GET\",\"url\":\"/api/employee/get-employees?organizationId=67869a6a1514145a64988362\",\"status\":\"304\",\"responseTime\":\"43.089\"}","timestamp":"2025-01-21T04:33:04.410Z"}
{"level":"\u001b[32minfo\u001b[39m","message":"{\"method\":\"GET\",\"url\":\"/api/employee/get-employees?organizationId=67869a6a1514145a64988362\",\"status\":\"304\",\"responseTime\":\"43.434\"}","timestamp":"2025-01-21T04:33:04.466Z"}
{"level":"\u001b[32minfo\u001b[39m","message":"{\"method\":\"GET\",\"url\":\"/api/employee/get-employees?organizationId=67869a6a1514145a64988362\",\"status\":\"304\",\"responseTime\":\"48.979\"}","timestamp":"2025-01-21T04:33:12.839Z"}
{"level":"\u001b[32minfo\u001b[39m","message":"{\"method\":\"GET\",\"url\":\"/api/employee/get-employees?organizationId=67869a6a1514145a64988362\",\"status\":\"304\",\"responseTime\":\"70.538\"}","timestamp":"2025-01-21T04:33:12.936Z"}
{"level":"\u001b[32minfo\u001b[39m","message":"{\"method\":\"GET\",\"url\":\"/api/leave/fetch-leave?employeeEmail=moideenshacpcp10%40gmail.com\",\"status\":\"304\",\"responseTime\":\"54.216\"}","timestamp":"2025-01-21T04:33:12.941Z"}
{"level":"\u001b[32minfo\u001b[39m","message":"{\"method\":\"GET\",\"url\":\"/api/employee/get-employees?organizationId=67869a6a1514145a64988362\",\"status\":\"304\",\"responseTime\":\"55.914\"}","timestamp":"2025-01-21T04:33:13.016Z"}
{"level":"\u001b[32minfo\u001b[39m","message":"{\"method\":\"GET\",\"url\":\"/api/employee/get-employees?organizationId=67869a6a1514145a64988362\",\"status\":\"304\",\"responseTime\":\"83.536\"}","timestamp":"2025-01-21T04:33:13.115Z"}
{"level":"\u001b[32minfo\u001b[39m","message":"{\"method\":\"GET\",\"url\":\"/api/leave/fetch-remainingLeaves?organizationId=67869a6a1514145a64988362&employeeEmail=moideenshacpcp10%40gmail.com\",\"status\":\"304\",\"responseTime\":\"248.867\"}","timestamp":"2025-01-21T04:33:13.130Z"}
{"level":"\u001b[32minfo\u001b[39m","message":"{\"method\":\"GET\",\"url\":\"/api/employee/get-employees?organizationId=67869a6a1514145a64988362\",\"status\":\"304\",\"responseTime\":\"66.638\"}","timestamp":"2025-01-21T04:33:13.230Z"}
{"level":"\u001b[32minfo\u001b[39m","message":"{\"method\":\"GET\",\"url\":\"/api/employee/get-employees?organizationId=67869a6a1514145a64988362\",\"status\":\"304\",\"responseTime\":\"50.613\"}","timestamp":"2025-01-21T04:33:13.309Z"}
{"level":"\u001b[32minfo\u001b[39m","message":"{\"method\":\"GET\",\"url\":\"/api/employee/get-employees?organizationId=67869a6a1514145a64988362\",\"status\":\"304\",\"responseTime\":\"57.471\"}","timestamp":"2025-01-21T04:33:13.379Z"}
{"level":"\u001b[32minfo\u001b[39m","message":"{\"method\":\"GET\",\"url\":\"/api/attendence/get-policy?organizationId=67869a6a1514145a64988362\",\"status\":\"304\",\"responseTime\":\"47.415\"}","timestamp":"2025-01-21T04:33:27.453Z"}
{"level":"\u001b[32minfo\u001b[39m","message":"{\"method\":\"GET\",\"url\":\"/api/employee/get-employees?organizationId=67869a6a1514145a64988362\",\"status\":\"304\",\"responseTime\":\"50.242\"}","timestamp":"2025-01-21T04:33:51.351Z"}
{"level":"\u001b[32minfo\u001b[39m","message":"{\"method\":\"GET\",\"url\":\"/api/employee/fetch-position?organizationId=67869a6a1514145a64988362\",\"status\":\"200\",\"responseTime\":\"69.275\"}","timestamp":"2025-01-21T04:33:51.380Z"}
{"level":"\u001b[32minfo\u001b[39m","message":"{\"method\":\"GET\",\"url\":\"/api/employee/get-employees?organizationId=67869a6a1514145a64988362\",\"status\":\"304\",\"responseTime\":\"55.651\"}","timestamp":"2025-01-21T04:33:54.683Z"}
{"level":"\u001b[32minfo\u001b[39m","message":"{\"method\":\"GET\",\"url\":\"/api/employee/get-employees?organizationId=67869a6a1514145a64988362\",\"status\":\"304\",\"responseTime\":\"58.395\"}","timestamp":"2025-01-21T04:33:54.751Z"}
{"level":"\u001b[32minfo\u001b[39m","message":"{\"method\":\"GET\",\"url\":\"/api/leave/fetch-leave?employeeEmail=moideenshacpcp10%40gmail.com\",\"status\":\"304\",\"responseTime\":\"59.755\"}","timestamp":"2025-01-21T04:33:54.778Z"}
{"level":"\u001b[32minfo\u001b[39m","message":"{\"method\":\"GET\",\"url\":\"/api/employee/get-employees?organizationId=67869a6a1514145a64988362\",\"status\":\"304\",\"responseTime\":\"45.283\"}","timestamp":"2025-01-21T04:33:54.827Z"}
{"level":"\u001b[32minfo\u001b[39m","message":"{\"method\":\"GET\",\"url\":\"/api/employee/get-employees?organizationId=67869a6a1514145a64988362\",\"status\":\"304\",\"responseTime\":\"43.246\"}","timestamp":"2025-01-21T04:33:54.879Z"}
{"level":"\u001b[32minfo\u001b[39m","message":"{\"method\":\"GET\",\"url\":\"/api/leave/fetch-remainingLeaves?organizationId=67869a6a1514145a64988362&employeeEmail=moideenshacpcp10%40gmail.com\",\"status\":\"304\",\"responseTime\":\"193.823\"}","timestamp":"2025-01-21T04:33:54.908Z"}
{"level":"\u001b[32minfo\u001b[39m","message":"{\"method\":\"GET\",\"url\":\"/api/employee/get-employees?organizationId=67869a6a1514145a64988362\",\"status\":\"304\",\"responseTime\":\"45.067\"}","timestamp":"2025-01-21T04:33:54.932Z"}
{"level":"\u001b[32minfo\u001b[39m","message":"{\"method\":\"GET\",\"url\":\"/api/employee/get-employees?organizationId=67869a6a1514145a64988362\",\"status\":\"304\",\"responseTime\":\"47.285\"}","timestamp":"2025-01-21T04:33:54.999Z"}
{"level":"\u001b[32minfo\u001b[39m","message":"{\"method\":\"GET\",\"url\":\"/api/employee/get-employees?organizationId=67869a6a1514145a64988362\",\"status\":\"304\",\"responseTime\":\"47.023\"}","timestamp":"2025-01-21T04:33:55.063Z"}
{"level":"\u001b[32minfo\u001b[39m","message":"{\"method\":\"GET\",\"url\":\"/api/employee/get-employees?organizationId=67869a6a1514145a64988362\",\"status\":\"401\",\"responseTime\":\"1.038\"}","timestamp":"2025-01-21T04:34:21.253Z"}
{"level":"\u001b[32minfo\u001b[39m","message":"{\"method\":\"GET\",\"url\":\"/api/employee/fetch-position?organizationId=67869a6a1514145a64988362\",\"status\":\"401\",\"responseTime\":\"1.623\"}","timestamp":"2025-01-21T04:34:21.258Z"}
{"level":"\u001b[32minfo\u001b[39m","message":"{\"method\":\"GET\",\"url\":\"/api/employee/get-employees?organizationId=67869a6a1514145a64988362\",\"status\":\"304\",\"responseTime\":\"58.690\"}","timestamp":"2025-01-21T04:34:21.378Z"}
{"level":"\u001b[32minfo\u001b[39m","message":"{\"method\":\"GET\",\"url\":\"/api/employee/fetch-position?organizationId=67869a6a1514145a64988362\",\"status\":\"304\",\"responseTime\":\"88.545\"}","timestamp":"2025-01-21T04:34:21.400Z"}
{"level":"\u001b[32minfo\u001b[39m","message":"{\"method\":\"GET\",\"url\":\"/api/employee/get-employees?organizationId=67869a6a1514145a64988362\",\"status\":\"304\",\"responseTime\":\"55.813\"}","timestamp":"2025-01-21T04:34:22.785Z"}
{"level":"\u001b[32minfo\u001b[39m","message":"{\"method\":\"GET\",\"url\":\"/api/employee/get-employees?organizationId=67869a6a1514145a64988362\",\"status\":\"304\",\"responseTime\":\"46.069\"}","timestamp":"2025-01-21T04:34:22.839Z"}
{"level":"\u001b[32minfo\u001b[39m","message":"{\"method\":\"GET\",\"url\":\"/api/leave/fetch-leave?employeeEmail=moideenshacpcp10%40gmail.com\",\"status\":\"304\",\"responseTime\":\"53.367\"}","timestamp":"2025-01-21T04:34:22.867Z"}
{"level":"\u001b[32minfo\u001b[39m","message":"{\"method\":\"GET\",\"url\":\"/api/employee/get-employees?organizationId=67869a6a1514145a64988362\",\"status\":\"304\",\"responseTime\":\"48.693\"}","timestamp":"2025-01-21T04:34:22.897Z"}
{"level":"\u001b[32minfo\u001b[39m","message":"{\"method\":\"GET\",\"url\":\"/api/employee/get-employees?organizationId=67869a6a1514145a64988362\",\"status\":\"304\",\"responseTime\":\"53.787\"}","timestamp":"2025-01-21T04:34:22.959Z"}
{"level":"\u001b[32minfo\u001b[39m","message":"{\"method\":\"GET\",\"url\":\"/api/employee/get-employees?organizationId=67869a6a1514145a64988362\",\"status\":\"304\",\"responseTime\":\"61.793\"}","timestamp":"2025-01-21T04:34:23.031Z"}
{"level":"\u001b[32minfo\u001b[39m","message":"{\"method\":\"GET\",\"url\":\"/api/leave/fetch-remainingLeaves?organizationId=67869a6a1514145a64988362&employeeEmail=moideenshacpcp10%40gmail.com\",\"status\":\"304\",\"responseTime\":\"216.136\"}","timestamp":"2025-01-21T04:34:23.035Z"}
{"level":"\u001b[32minfo\u001b[39m","message":"{\"method\":\"GET\",\"url\":\"/api/employee/get-employees?organizationId=67869a6a1514145a64988362\",\"status\":\"304\",\"responseTime\":\"53.927\"}","timestamp":"2025-01-21T04:34:23.100Z"}
{"level":"\u001b[32minfo\u001b[39m","message":"{\"method\":\"GET\",\"url\":\"/api/employee/get-employees?organizationId=67869a6a1514145a64988362\",\"status\":\"304\",\"responseTime\":\"46.060\"}","timestamp":"2025-01-21T04:34:23.154Z"}
{"level":"\u001b[32minfo\u001b[39m","message":"{\"method\":\"GET\",\"url\":\"/api/employee/fetch-position?organizationId=67869a6a1514145a64988362\",\"status\":\"304\",\"responseTime\":\"56.943\"}","timestamp":"2025-01-21T04:34:32.823Z"}
{"level":"\u001b[32minfo\u001b[39m","message":"{\"method\":\"GET\",\"url\":\"/api/employee/get-employees?organizationId=67869a6a1514145a64988362\",\"status\":\"304\",\"responseTime\":\"77.464\"}","timestamp":"2025-01-21T04:34:32.829Z"}
{"level":"\u001b[32minfo\u001b[39m","message":"{\"method\":\"GET\",\"url\":\"/api/employee/fetch-EmployeesCount?organizationId=67869a6a1514145a64988362\",\"status\":\"304\",\"responseTime\":\"73.658\"}","timestamp":"2025-01-21T04:34:36.922Z"}
{"level":"\u001b[32minfo\u001b[39m","message":"{\"method\":\"GET\",\"url\":\"/api/employee/get-employees?organizationId=67869a6a1514145a64988362\",\"status\":\"304\",\"responseTime\":\"48.490\"}","timestamp":"2025-01-21T04:34:59.730Z"}
{"level":"\u001b[32minfo\u001b[39m","message":"{\"method\":\"GET\",\"url\":\"/api/employee/fetch-position?organizationId=67869a6a1514145a64988362\",\"status\":\"304\",\"responseTime\":\"71.681\"}","timestamp":"2025-01-21T04:34:59.760Z"}
{"level":"\u001b[32minfo\u001b[39m","message":"{\"method\":\"GET\",\"url\":\"/api/employee/get-employees?organizationId=67869a6a1514145a64988362\",\"status\":\"304\",\"responseTime\":\"51.113\"}","timestamp":"2025-01-21T04:35:00.831Z"}
{"level":"\u001b[32minfo\u001b[39m","message":"{\"method\":\"GET\",\"url\":\"/api/employee/get-employees?organizationId=67869a6a1514145a64988362\",\"status\":\"304\",\"responseTime\":\"47.851\"}","timestamp":"2025-01-21T04:35:00.890Z"}
{"level":"\u001b[32minfo\u001b[39m","message":"{\"method\":\"GET\",\"url\":\"/api/leave/fetch-leave?employeeEmail=moideenshacpcp10%40gmail.com\",\"status\":\"304\",\"responseTime\":\"49.426\"}","timestamp":"2025-01-21T04:35:00.908Z"}
{"level":"\u001b[32minfo\u001b[39m","message":"{\"method\":\"GET\",\"url\":\"/api/employee/get-employees?organizationId=67869a6a1514145a64988362\",\"status\":\"304\",\"responseTime\":\"45.332\"}","timestamp":"2025-01-21T04:35:00.944Z"}
{"level":"\u001b[32minfo\u001b[39m","message":"{\"method\":\"GET\",\"url\":\"/api/employee/get-employees?organizationId=67869a6a1514145a64988362\",\"status\":\"304\",\"responseTime\":\"45.238\"}","timestamp":"2025-01-21T04:35:00.998Z"}
{"level":"\u001b[32minfo\u001b[39m","message":"{\"method\":\"GET\",\"url\":\"/api/leave/fetch-remainingLeaves?organizationId=67869a6a1514145a64988362&employeeEmail=moideenshacpcp10%40gmail.com\",\"status\":\"304\",\"responseTime\":\"186.131\"}","timestamp":"2025-01-21T04:35:01.040Z"}
{"level":"\u001b[32minfo\u001b[39m","message":"{\"method\":\"GET\",\"url\":\"/api/employee/get-employees?organizationId=67869a6a1514145a64988362\",\"status\":\"304\",\"responseTime\":\"46.305\"}","timestamp":"2025-01-21T04:35:01.054Z"}
{"level":"\u001b[32minfo\u001b[39m","message":"{\"method\":\"GET\",\"url\":\"/api/employee/get-employees?organizationId=67869a6a1514145a64988362\",\"status\":\"304\",\"responseTime\":\"47.640\"}","timestamp":"2025-01-21T04:35:01.109Z"}
{"level":"\u001b[32minfo\u001b[39m","message":"{\"method\":\"GET\",\"url\":\"/api/employee/get-employees?organizationId=67869a6a1514145a64988362\",\"status\":\"304\",\"responseTime\":\"49.504\"}","timestamp":"2025-01-21T04:35:01.167Z"}
{"level":"\u001b[32minfo\u001b[39m","message":"{\"method\":\"GET\",\"url\":\"/api/employee/get-employees?organizationId=67869a6a1514145a64988362\",\"status\":\"304\",\"responseTime\":\"71.895\"}","timestamp":"2025-01-21T04:35:10.296Z"}
{"level":"\u001b[32minfo\u001b[39m","message":"{\"method\":\"GET\",\"url\":\"/api/employee/get-employees?organizationId=67869a6a1514145a64988362\",\"status\":\"304\",\"responseTime\":\"44.956\"}","timestamp":"2025-01-21T04:35:15.544Z"}
{"level":"\u001b[32minfo\u001b[39m","message":"{\"method\":\"GET\",\"url\":\"/api/attendence/get-policy?organizationId=67869a6a1514145a64988362\",\"status\":\"304\",\"responseTime\":\"79.607\"}","timestamp":"2025-01-21T04:37:10.437Z"}
{"level":"\u001b[32minfo\u001b[39m","message":"{\"method\":\"GET\",\"url\":\"/api/leave/fetch-leave?employeeEmail=moideenshacpcp10%40gmail.com\",\"status\":\"401\",\"responseTime\":\"4.559\"}","timestamp":"2025-01-21T04:54:44.759Z"}
{"level":"\u001b[32minfo\u001b[39m","message":"{\"method\":\"GET\",\"url\":\"/api/leave/fetch-remainingLeaves?organizationId=67869a6a1514145a64988362&employeeEmail=moideenshacpcp10%40gmail.com\",\"status\":\"401\",\"responseTime\":\"1.051\"}","timestamp":"2025-01-21T04:54:46.207Z"}
{"level":"\u001b[32minfo\u001b[39m","message":"{\"method\":\"GET\",\"url\":\"/api/leave/fetch-remainingLeaves?organizationId=67869a6a1514145a64988362&employeeEmail=moideenshacpcp10%40gmail.com\",\"status\":\"401\",\"responseTime\":\"1.208\"}","timestamp":"2025-01-21T04:55:44.114Z"}
{"level":"\u001b[32minfo\u001b[39m","message":"{\"method\":\"GET\",\"url\":\"/api/leave/fetch-remainingLeaves?organizationId=67869a6a1514145a64988362&employeeEmail=moideenshacpcp10%40gmail.com\",\"status\":\"401\",\"responseTime\":\"0.986\"}","timestamp":"2025-01-21T04:55:58.704Z"}
{"level":"\u001b[32minfo\u001b[39m","message":"{\"method\":\"GET\",\"url\":\"/api/employee/get-employees?organizationId=67869a6a1514145a64988362\",\"status\":\"304\",\"responseTime\":\"367.226\"}","timestamp":"2025-01-21T05:06:25.630Z"}
{"level":"\u001b[32minfo\u001b[39m","message":"{\"method\":\"GET\",\"url\":\"/api/employee/fetch-position?organizationId=67869a6a1514145a64988362\",\"status\":\"304\",\"responseTime\":\"331.690\"}","timestamp":"2025-01-21T05:06:25.641Z"}
{"level":"\u001b[32minfo\u001b[39m","message":"{\"method\":\"GET\",\"url\":\"/api/employee/get-employees?organizationId=67869a6a1514145a64988362\",\"status\":\"304\",\"responseTime\":\"54.767\"}","timestamp":"2025-01-21T05:06:27.280Z"}
{"level":"\u001b[32minfo\u001b[39m","message":"{\"method\":\"GET\",\"url\":\"/api/employee/get-employees?organizationId=67869a6a1514145a64988362\",\"status\":\"304\",\"responseTime\":\"45.969\"}","timestamp":"2025-01-21T05:06:27.336Z"}
{"level":"\u001b[32minfo\u001b[39m","message":"{\"method\":\"GET\",\"url\":\"/api/leave/fetch-leave?employeeEmail=moideenshacpcp10%40gmail.com\",\"status\":\"304\",\"responseTime\":\"50.410\"}","timestamp":"2025-01-21T05:06:27.378Z"}
{"level":"\u001b[32minfo\u001b[39m","message":"{\"method\":\"GET\",\"url\":\"/api/employee/get-employees?organizationId=67869a6a1514145a64988362\",\"status\":\"304\",\"responseTime\":\"46.656\"}","timestamp":"2025-01-21T05:06:27.393Z"}
{"level":"\u001b[32minfo\u001b[39m","message":"{\"method\":\"GET\",\"url\":\"/api/employee/get-employees?organizationId=67869a6a1514145a64988362\",\"status\":\"304\",\"responseTime\":\"43.055\"}","timestamp":"2025-01-21T05:06:27.449Z"}
{"level":"\u001b[32minfo\u001b[39m","message":"{\"method\":\"GET\",\"url\":\"/api/employee/get-employees?organizationId=67869a6a1514145a64988362\",\"status\":\"304\",\"responseTime\":\"44.042\"}","timestamp":"2025-01-21T05:06:27.503Z"}
{"level":"\u001b[32minfo\u001b[39m","message":"{\"method\":\"GET\",\"url\":\"/api/leave/fetch-remainingLeaves?organizationId=67869a6a1514145a64988362&employeeEmail=moideenshacpcp10%40gmail.com\",\"status\":\"304\",\"responseTime\":\"210.331\"}","timestamp":"2025-01-21T05:06:27.527Z"}
{"level":"\u001b[32minfo\u001b[39m","message":"{\"method\":\"GET\",\"url\":\"/api/employee/get-employees?organizationId=67869a6a1514145a64988362\",\"status\":\"304\",\"responseTime\":\"43.378\"}","timestamp":"2025-01-21T05:06:27.557Z"}
{"level":"\u001b[32minfo\u001b[39m","message":"{\"method\":\"GET\",\"url\":\"/api/employee/get-employees?organizationId=67869a6a1514145a64988362\",\"status\":\"304\",\"responseTime\":\"48.761\"}","timestamp":"2025-01-21T05:06:27.613Z"}
