{"level":"\u001b[32minfo\u001b[39m","message":"{\"method\":\"GET\",\"url\":\"/api/employee/fetch-employeesById?employeeIds[]=67869f7defffdbe0c161c74a\",\"status\":\"200\",\"responseTime\":\"102.186\"}","timestamp":"2025-02-01T18:30:52.531Z"}
{"level":"\u001b[32minfo\u001b[39m","message":"{\"method\":\"GET\",\"url\":\"/api/employee/fetch-employeesById?employeeIds[]=67936bdca37f9d4b8f5d23b6&employeeIds[]=67936b8fa37f9d4b8f5d23b3\",\"status\":\"304\",\"responseTime\":\"87.261\"}","timestamp":"2025-02-01T18:30:57.638Z"}
{"level":"\u001b[32minfo\u001b[39m","message":"{\"method\":\"GET\",\"url\":\"/api/employee/fetch-employeesById?employeeIds[]=67869f7defffdbe0c161c74a\",\"status\":\"304\",\"responseTime\":\"75.087\"}","timestamp":"2025-02-01T18:31:01.320Z"}
{"level":"\u001b[32minfo\u001b[39m","message":"{\"method\":\"GET\",\"url\":\"/api/employee/fetch-employeesById?employeeIds[]=67936bdca37f9d4b8f5d23b6&employeeIds[]=67936b8fa37f9d4b8f5d23b3&employeeIds[]=67869f7defffdbe0c161c74a\",\"status\":\"304\",\"responseTime\":\"72.194\"}","timestamp":"2025-02-01T18:31:22.629Z"}
{"level":"\u001b[32minfo\u001b[39m","message":"{\"method\":\"GET\",\"url\":\"/api/employee/fetch-employeesById?employeeIds[]=67936bdca37f9d4b8f5d23b6&employeeIds[]=67936b8fa37f9d4b8f5d23b3&employeeIds[]=67869f7defffdbe0c161c74a\",\"status\":\"304\",\"responseTime\":\"69.942\"}","timestamp":"2025-02-01T18:31:25.147Z"}
{"level":"\u001b[32minfo\u001b[39m","message":"{\"method\":\"GET\",\"url\":\"/api/employee/fetch-employeesById?employeeIds[]=67936bdca37f9d4b8f5d23b6&employeeIds[]=67936b8fa37f9d4b8f5d23b3\",\"status\":\"304\",\"responseTime\":\"97.521\"}","timestamp":"2025-02-01T18:31:25.445Z"}
{"level":"\u001b[32minfo\u001b[39m","message":"{\"method\":\"GET\",\"url\":\"/api/employee/fetch-employeesById?employeeIds[]=67869f7defffdbe0c161c74a\",\"status\":\"304\",\"responseTime\":\"77.235\"}","timestamp":"2025-02-01T18:31:32.872Z"}
{"level":"\u001b[32minfo\u001b[39m","message":"{\"method\":\"GET\",\"url\":\"/api/employee/fetch-employeesById?employeeIds[]=67936bdca37f9d4b8f5d23b6&employeeIds[]=67936b8fa37f9d4b8f5d23b3&employeeIds[]=67869f7defffdbe0c161c74a\",\"status\":\"304\",\"responseTime\":\"67.521\"}","timestamp":"2025-02-01T18:32:01.497Z"}
{"level":"\u001b[32minfo\u001b[39m","message":"{\"method\":\"GET\",\"url\":\"/api/employee/fetch-employeesById?employeeIds[]=67936bdca37f9d4b8f5d23b6&employeeIds[]=67936b8fa37f9d4b8f5d23b3&employeeIds[]=67869f7defffdbe0c161c74a\",\"status\":\"304\",\"responseTime\":\"77.068\"}","timestamp":"2025-02-01T18:32:04.087Z"}
{"level":"\u001b[32minfo\u001b[39m","message":"{\"method\":\"GET\",\"url\":\"/api/employee/fetch-employeesById?employeeIds[]=67936bdca37f9d4b8f5d23b6&employeeIds[]=67936b8fa37f9d4b8f5d23b3\",\"status\":\"304\",\"responseTime\":\"80.769\"}","timestamp":"2025-02-01T18:32:04.342Z"}
{"level":"\u001b[32minfo\u001b[39m","message":"{\"method\":\"GET\",\"url\":\"/api/employee/fetch-employeesById?employeeIds[]=67869f7defffdbe0c161c74a\",\"status\":\"304\",\"responseTime\":\"83.404\"}","timestamp":"2025-02-01T18:32:08.822Z"}
{"level":"\u001b[32minfo\u001b[39m","message":"{\"method\":\"GET\",\"url\":\"/api/employee/fetch-employeesById?employeeIds[]=67936bdca37f9d4b8f5d23b6&employeeIds[]=67936b8fa37f9d4b8f5d23b3&employeeIds[]=67869f7defffdbe0c161c74a\",\"status\":\"304\",\"responseTime\":\"74.936\"}","timestamp":"2025-02-01T18:34:36.754Z"}
{"level":"\u001b[32minfo\u001b[39m","message":"{\"method\":\"GET\",\"url\":\"/api/employee/fetch-employeesById?employeeIds[]=67936bdca37f9d4b8f5d23b6&employeeIds[]=67936b8fa37f9d4b8f5d23b3&employeeIds[]=67869f7defffdbe0c161c74a\",\"status\":\"304\",\"responseTime\":\"95.667\"}","timestamp":"2025-02-01T18:34:38.393Z"}
{"level":"\u001b[32minfo\u001b[39m","message":"{\"method\":\"GET\",\"url\":\"/api/employee/fetch-employeesById?employeeIds[]=67936bdca37f9d4b8f5d23b6&employeeIds[]=67936b8fa37f9d4b8f5d23b3\",\"status\":\"304\",\"responseTime\":\"72.710\"}","timestamp":"2025-02-01T18:34:38.675Z"}
{"level":"\u001b[32minfo\u001b[39m","message":"{\"method\":\"GET\",\"url\":\"/api/employee/fetch-employeesById?employeeIds[]=67869f7defffdbe0c161c74a\",\"status\":\"304\",\"responseTime\":\"97.016\"}","timestamp":"2025-02-01T18:34:45.533Z"}
{"level":"\u001b[32minfo\u001b[39m","message":"{\"method\":\"GET\",\"url\":\"/api/employee/fetch-employeesById?employeeIds[]=67936bdca37f9d4b8f5d23b6&employeeIds[]=67936b8fa37f9d4b8f5d23b3\",\"status\":\"304\",\"responseTime\":\"142.386\"}","timestamp":"2025-02-01T18:34:48.222Z"}
{"level":"\u001b[32minfo\u001b[39m","message":"{\"method\":\"GET\",\"url\":\"/api/employee/fetch-employeesById?employeeIds[]=67869f7defffdbe0c161c74a\",\"status\":\"304\",\"responseTime\":\"59.919\"}","timestamp":"2025-02-01T18:35:01.205Z"}
{"level":"\u001b[32minfo\u001b[39m","message":"{\"method\":\"GET\",\"url\":\"/api/attendence/get-attendence?employeeEmail=moideenshacpcp10%40gmail.com\",\"status\":\"304\",\"responseTime\":\"113.577\"}","timestamp":"2025-02-01T18:36:57.624Z"}
{"level":"\u001b[32minfo\u001b[39m","message":"{\"method\":\"GET\",\"url\":\"/api/leave/fetch-leave?employeeEmail=moideenshacpcp10%40gmail.com\",\"status\":\"304\",\"responseTime\":\"107.509\"}","timestamp":"2025-02-01T18:36:58.569Z"}
{"level":"\u001b[32minfo\u001b[39m","message":"{\"method\":\"GET\",\"url\":\"/api/attendence/get-attendence?employeeEmail=moideenshacpcp10%40gmail.com\",\"status\":\"401\",\"responseTime\":\"2.098\"}","timestamp":"2025-02-01T18:38:23.787Z"}
{"level":"\u001b[32minfo\u001b[39m","message":"{\"method\":\"GET\",\"url\":\"/api/attendence/get-attendence?employeeEmail=moideenshacpcp10%40gmail.com\",\"status\":\"304\",\"responseTime\":\"76.171\"}","timestamp":"2025-02-01T18:38:23.983Z"}
{"level":"\u001b[32minfo\u001b[39m","message":"{\"method\":\"GET\",\"url\":\"/api/leave/fetch-leave?employeeEmail=moideenshacpcp10%40gmail.com\",\"status\":\"304\",\"responseTime\":\"102.867\"}","timestamp":"2025-02-01T18:38:25.089Z"}
{"level":"\u001b[32minfo\u001b[39m","message":"{\"method\":\"GET\",\"url\":\"/api/attendence/get-attendence?employeeEmail=moideenshacpcp10%40gmail.com\",\"status\":\"304\",\"responseTime\":\"78.374\"}","timestamp":"2025-02-01T18:38:26.393Z"}
