{"level":"\u001b[32minfo\u001b[39m","message":"{\"method\":\"GET\",\"url\":\"/api/attendence/get-policy?organizationId=6772156b15a6f5e05c8a29c9\",\"status\":\"401\",\"responseTime\":\"17.387\"}","timestamp":"2025-01-07T04:23:22.232Z"}
{"level":"\u001b[32minfo\u001b[39m","message":"{\"method\":\"GET\",\"url\":\"/api/employee/fetch-EmployeesCount?organizationId=6772156b15a6f5e05c8a29c9\",\"status\":\"200\",\"responseTime\":\"394.151\"}","timestamp":"2025-01-07T04:24:05.357Z"}
{"level":"\u001b[32minfo\u001b[39m","message":"{\"method\":\"GET\",\"url\":\"/api/attendence/get-policy?organizationId=6772156b15a6f5e05c8a29c9\",\"status\":\"304\",\"responseTime\":\"180.258\"}","timestamp":"2025-01-07T04:24:07.953Z"}
{"level":"\u001b[32minfo\u001b[39m","message":"{\"method\":\"GET\",\"url\":\"/api/attendence/get-attendence?employeeEmail=moideenshacpcp10%40gmail.com\",\"status\":\"401\",\"responseTime\":\"2.784\"}","timestamp":"2025-01-07T04:24:16.718Z"}
{"level":"\u001b[32minfo\u001b[39m","message":"{\"method\":\"GET\",\"url\":\"/api/attendence/get-attendence?employeeEmail=moideenshacpcp10%40gmail.com\",\"status\":\"304\",\"responseTime\":\"58.135\"}","timestamp":"2025-01-07T04:24:16.884Z"}
{"level":"\u001b[32minfo\u001b[39m","message":"{\"method\":\"GET\",\"url\":\"/api/attendence/get-attendence?employeeEmail=moideenshacpcp10%40gmail.com\",\"status\":\"304\",\"responseTime\":\"47.821\"}","timestamp":"2025-01-07T04:24:25.447Z"}
{"level":"\u001b[32minfo\u001b[39m","message":"{\"method\":\"POST\",\"url\":\"/api/attendence/update-policy\",\"status\":\"200\",\"responseTime\":\"154.467\"}","timestamp":"2025-01-07T04:24:43.925Z"}
{"level":"\u001b[32minfo\u001b[39m","message":"{\"method\":\"POST\",\"url\":\"/api/attendence/handle-attendence\",\"status\":\"400\",\"responseTime\":\"227.879\"}","timestamp":"2025-01-07T04:24:51.175Z"}
{"level":"\u001b[32minfo\u001b[39m","message":"{\"method\":\"GET\",\"url\":\"/api/attendence/get-attendence?employeeEmail=moideenshacpcp10%40gmail.com\",\"status\":\"304\",\"responseTime\":\"373.878\"}","timestamp":"2025-01-07T04:24:59.865Z"}
{"level":"\u001b[32minfo\u001b[39m","message":"{\"method\":\"POST\",\"url\":\"/api/attendence/handle-attendence\",\"status\":\"400\",\"responseTime\":\"351.208\"}","timestamp":"2025-01-07T04:25:04.375Z"}
{"level":"\u001b[32minfo\u001b[39m","message":"{\"method\":\"GET\",\"url\":\"/api/attendence/get-attendence?employeeEmail=moideenshacpcp10%40gmail.com\",\"status\":\"304\",\"responseTime\":\"145.694\"}","timestamp":"2025-01-07T04:29:16.318Z"}
{"level":"\u001b[32minfo\u001b[39m","message":"{\"method\":\"POST\",\"url\":\"/api/attendence/handle-attendence\",\"status\":\"200\",\"responseTime\":\"363.189\"}","timestamp":"2025-01-07T04:29:24.284Z"}
{"level":"\u001b[32minfo\u001b[39m","message":"{\"method\":\"GET\",\"url\":\"/api/attendence/get-attendence?employeeEmail=moideenshacpcp10%40gmail.com\",\"status\":\"200\",\"responseTime\":\"103.310\"}","timestamp":"2025-01-07T04:29:24.413Z"}
{"level":"\u001b[32minfo\u001b[39m","message":"{\"method\":\"POST\",\"url\":\"/api/attendence/handle-attendence\",\"status\":\"200\",\"responseTime\":\"375.524\"}","timestamp":"2025-01-07T04:29:33.916Z"}
{"level":"\u001b[32minfo\u001b[39m","message":"{\"method\":\"GET\",\"url\":\"/api/attendence/get-attendence?employeeEmail=moideenshacpcp10%40gmail.com\",\"status\":\"200\",\"responseTime\":\"103.340\"}","timestamp":"2025-01-07T04:29:34.041Z"}
{"level":"\u001b[32minfo\u001b[39m","message":"{\"method\":\"POST\",\"url\":\"/api/attendence/handle-attendence\",\"status\":\"400\",\"responseTime\":\"258.087\"}","timestamp":"2025-01-07T04:29:40.866Z"}
{"level":"\u001b[32minfo\u001b[39m","message":"{\"method\":\"GET\",\"url\":\"/api/attendence/get-attendence?employeeEmail=moideenshacpcp10%40gmail.com\",\"status\":\"200\",\"responseTime\":\"216.608\"}","timestamp":"2025-01-07T04:31:57.883Z"}
{"level":"\u001b[32minfo\u001b[39m","message":"{\"method\":\"POST\",\"url\":\"/api/attendence/handle-attendence\",\"status\":\"200\",\"responseTime\":\"199.243\"}","timestamp":"2025-01-07T04:31:59.477Z"}
{"level":"\u001b[32minfo\u001b[39m","message":"{\"method\":\"GET\",\"url\":\"/api/attendence/get-attendence?employeeEmail=moideenshacpcp10%40gmail.com\",\"status\":\"200\",\"responseTime\":\"56.123\"}","timestamp":"2025-01-07T04:31:59.558Z"}
{"level":"\u001b[32minfo\u001b[39m","message":"{\"method\":\"POST\",\"url\":\"/api/attendence/handle-attendence\",\"status\":\"200\",\"responseTime\":\"178.333\"}","timestamp":"2025-01-07T04:32:07.023Z"}
{"level":"\u001b[32minfo\u001b[39m","message":"{\"method\":\"GET\",\"url\":\"/api/attendence/get-attendence?employeeEmail=moideenshacpcp10%40gmail.com\",\"status\":\"200\",\"responseTime\":\"69.631\"}","timestamp":"2025-01-07T04:32:07.120Z"}
{"level":"\u001b[32minfo\u001b[39m","message":"{\"method\":\"POST\",\"url\":\"/api/attendence/handle-attendence\",\"status\":\"400\",\"responseTime\":\"277.132\"}","timestamp":"2025-01-07T04:32:13.864Z"}
{"level":"\u001b[32minfo\u001b[39m","message":"{\"method\":\"GET\",\"url\":\"/api/attendence/get-attendence?employeeEmail=moideenshacpcp10%40gmail.com\",\"status\":\"304\",\"responseTime\":\"76.303\"}","timestamp":"2025-01-07T04:38:47.785Z"}
{"level":"\u001b[32minfo\u001b[39m","message":"{\"method\":\"GET\",\"url\":\"/api/attendence/get-policy?organizationId=6772156b15a6f5e05c8a29c9\",\"status\":\"200\",\"responseTime\":\"137.381\"}","timestamp":"2025-01-07T04:38:51.579Z"}
{"level":"\u001b[32minfo\u001b[39m","message":"{\"method\":\"POST\",\"url\":\"/api/attendence/handle-attendence\",\"status\":\"400\",\"responseTime\":\"108.176\"}","timestamp":"2025-01-07T04:39:01.882Z"}
{"level":"\u001b[32minfo\u001b[39m","message":"{\"method\":\"GET\",\"url\":\"/api/attendence/get-attendence?employeeEmail=moideenshacpcp10%40gmail.com\",\"status\":\"304\",\"responseTime\":\"78.397\"}","timestamp":"2025-01-07T04:56:37.518Z"}
{"level":"\u001b[32minfo\u001b[39m","message":"{\"method\":\"GET\",\"url\":\"/api/attendence/get-attendence?employeeEmail=moideenshacpcp10%40gmail.com\",\"status\":\"304\",\"responseTime\":\"60.077\"}","timestamp":"2025-01-07T04:56:58.502Z"}
{"level":"\u001b[32minfo\u001b[39m","message":"{\"method\":\"GET\",\"url\":\"/api/attendence/get-attendence?employeeEmail=moideenshacpcp10%40gmail.com\",\"status\":\"304\",\"responseTime\":\"52.317\"}","timestamp":"2025-01-07T04:58:30.640Z"}
{"level":"\u001b[32minfo\u001b[39m","message":"{\"method\":\"GET\",\"url\":\"/api/attendence/get-attendence?employeeEmail=moideenshacpcp10%40gmail.com\",\"status\":\"304\",\"responseTime\":\"75.545\"}","timestamp":"2025-01-07T04:59:12.821Z"}
{"level":"\u001b[32minfo\u001b[39m","message":"{\"method\":\"GET\",\"url\":\"/api/attendence/get-attendence?employeeEmail=moideenshacpcp10%40gmail.com\",\"status\":\"304\",\"responseTime\":\"70.540\"}","timestamp":"2025-01-07T05:00:45.222Z"}
{"level":"\u001b[32minfo\u001b[39m","message":"{\"method\":\"POST\",\"url\":\"/api/attendence/handle-attendence\",\"status\":\"400\",\"responseTime\":\"99.210\"}","timestamp":"2025-01-07T05:02:33.224Z"}
{"level":"\u001b[32minfo\u001b[39m","message":"{\"method\":\"GET\",\"url\":\"/api/employee/get-employees?organizationId=6772156b15a6f5e05c8a29c9\",\"status\":\"304\",\"responseTime\":\"69.948\"}","timestamp":"2025-01-07T05:02:41.547Z"}
{"level":"\u001b[32minfo\u001b[39m","message":"{\"method\":\"GET\",\"url\":\"/api/attendence/get-policy?organizationId=6772156b15a6f5e05c8a29c9\",\"status\":\"304\",\"responseTime\":\"46.291\"}","timestamp":"2025-01-07T05:03:00.643Z"}
{"level":"\u001b[32minfo\u001b[39m","message":"{\"method\":\"GET\",\"url\":\"/api/employee/get-employees?organizationId=6772156b15a6f5e05c8a29c9\",\"status\":\"304\",\"responseTime\":\"44.189\"}","timestamp":"2025-01-07T05:03:08.616Z"}
{"level":"\u001b[32minfo\u001b[39m","message":"{\"method\":\"GET\",\"url\":\"/api/employee/get-employees?organizationId=6772156b15a6f5e05c8a29c9\",\"status\":\"304\",\"responseTime\":\"73.364\"}","timestamp":"2025-01-07T05:12:52.877Z"}
{"level":"\u001b[32minfo\u001b[39m","message":"{\"method\":\"GET\",\"url\":\"/api/attendence/get-attendence?employeeEmail=moideenshacpcp10%40gmail.com\",\"status\":\"401\",\"responseTime\":\"69.940\"}","timestamp":"2025-01-07T05:25:29.577Z"}
{"level":"\u001b[32minfo\u001b[39m","message":"{\"method\":\"GET\",\"url\":\"/api/attendence/get-attendence?employeeEmail=moideenshacpcp10%40gmail.com\",\"status\":\"304\",\"responseTime\":\"61.033\"}","timestamp":"2025-01-07T05:25:30.218Z"}
{"level":"\u001b[32minfo\u001b[39m","message":"{\"method\":\"GET\",\"url\":\"/api/attendence/get-policy?organizationId=6772156b15a6f5e05c8a29c9\",\"status\":\"401\",\"responseTime\":\"0.946\"}","timestamp":"2025-01-07T05:31:25.439Z"}
{"level":"\u001b[32minfo\u001b[39m","message":"{\"method\":\"GET\",\"url\":\"/api/attendence/get-policy?organizationId=6772156b15a6f5e05c8a29c9\",\"status\":\"304\",\"responseTime\":\"64.175\"}","timestamp":"2025-01-07T05:31:25.537Z"}
{"level":"\u001b[32minfo\u001b[39m","message":"{\"method\":\"GET\",\"url\":\"/api/employee/get-employees?organizationId=6772156b15a6f5e05c8a29c9\",\"status\":\"200\",\"responseTime\":\"58.489\"}","timestamp":"2025-01-07T05:31:26.863Z"}
{"level":"\u001b[32minfo\u001b[39m","message":"{\"method\":\"GET\",\"url\":\"/api/employee/get-employees?organizationId=6772156b15a6f5e05c8a29c9\",\"status\":\"304\",\"responseTime\":\"76.111\"}","timestamp":"2025-01-07T05:33:08.763Z"}
{"level":"\u001b[32minfo\u001b[39m","message":"{\"method\":\"GET\",\"url\":\"/api/employee/fetch-EmployeesCount?organizationId=6772156b15a6f5e05c8a29c9\",\"status\":\"200\",\"responseTime\":\"57.790\"}","timestamp":"2025-01-07T05:33:25.492Z"}
{"level":"\u001b[32minfo\u001b[39m","message":"{\"method\":\"GET\",\"url\":\"/api/employee/get-employees?organizationId=6772156b15a6f5e05c8a29c9\",\"status\":\"304\",\"responseTime\":\"52.133\"}","timestamp":"2025-01-07T05:33:27.904Z"}
{"level":"\u001b[32minfo\u001b[39m","message":"{\"method\":\"GET\",\"url\":\"/api/attendence/get-attendence?employeeEmail=moideenshacpcp10%40gmail.com\",\"status\":\"304\",\"responseTime\":\"51.253\"}","timestamp":"2025-01-07T05:56:26.356Z"}
{"level":"\u001b[32minfo\u001b[39m","message":"{\"method\":\"GET\",\"url\":\"/api/employee/get-employees?organizationId=6772156b15a6f5e05c8a29c9\",\"status\":\"304\",\"responseTime\":\"48.147\"}","timestamp":"2025-01-07T05:56:47.944Z"}
{"level":"\u001b[32minfo\u001b[39m","message":"{\"method\":\"POST\",\"url\":\"/api/employee/update-employee\",\"status\":\"200\",\"responseTime\":\"136.821\"}","timestamp":"2025-01-07T05:57:08.009Z"}
{"level":"\u001b[32minfo\u001b[39m","message":"{\"method\":\"GET\",\"url\":\"/api/attendence/get-attendence?employeeEmail=moideenshacp28%40gmail.com\",\"status\":\"200\",\"responseTime\":\"487.066\"}","timestamp":"2025-01-07T06:00:17.367Z"}
{"level":"\u001b[32minfo\u001b[39m","message":"{\"method\":\"GET\",\"url\":\"/api/employee/get-employees?organizationId=6772156b15a6f5e05c8a29c9\",\"status\":\"200\",\"responseTime\":\"44.525\"}","timestamp":"2025-01-07T06:00:20.158Z"}
{"level":"\u001b[32minfo\u001b[39m","message":"{\"method\":\"GET\",\"url\":\"/api/employee/get-employees?organizationId=6772156b15a6f5e05c8a29c9\",\"status\":\"304\",\"responseTime\":\"41.388\"}","timestamp":"2025-01-07T06:03:57.886Z"}
{"level":"\u001b[32minfo\u001b[39m","message":"{\"method\":\"POST\",\"url\":\"/api/employee/update-employee\",\"status\":\"401\",\"responseTime\":\"4.764\"}","timestamp":"2025-01-07T06:34:45.304Z"}
{"level":"\u001b[32minfo\u001b[39m","message":"{\"method\":\"POST\",\"url\":\"/api/employee/update-employee\",\"status\":\"400\",\"responseTime\":\"24.666\"}","timestamp":"2025-01-07T06:34:45.382Z"}
{"level":"\u001b[32minfo\u001b[39m","message":"{\"method\":\"POST\",\"url\":\"/api/employee/update-employee\",\"status\":\"200\",\"responseTime\":\"89.167\"}","timestamp":"2025-01-07T06:35:50.703Z"}
{"level":"\u001b[32minfo\u001b[39m","message":"{\"method\":\"POST\",\"url\":\"/api/employee/update-employee\",\"status\":\"200\",\"responseTime\":\"66.666\"}","timestamp":"2025-01-07T06:36:11.179Z"}
{"level":"\u001b[32minfo\u001b[39m","message":"{\"method\":\"POST\",\"url\":\"/api/employee/update-employee\",\"status\":\"200\",\"responseTime\":\"108.826\"}","timestamp":"2025-01-07T06:36:32.550Z"}
{"level":"\u001b[32minfo\u001b[39m","message":"{\"method\":\"GET\",\"url\":\"/api/employee/get-employees?organizationId=6772156b15a6f5e05c8a29c9\",\"status\":\"200\",\"responseTime\":\"138.705\"}","timestamp":"2025-01-07T06:36:36.752Z"}
{"level":"\u001b[32minfo\u001b[39m","message":"{\"method\":\"POST\",\"url\":\"/api/employee/update-employee\",\"status\":\"200\",\"responseTime\":\"452.935\"}","timestamp":"2025-01-07T06:36:45.142Z"}
{"level":"\u001b[32minfo\u001b[39m","message":"{\"method\":\"GET\",\"url\":\"/api/employee/get-employees?organizationId=6772156b15a6f5e05c8a29c9\",\"status\":\"200\",\"responseTime\":\"49.650\"}","timestamp":"2025-01-07T06:36:47.787Z"}
{"level":"\u001b[32minfo\u001b[39m","message":"{\"method\":\"POST\",\"url\":\"/api/employee/update-employee\",\"status\":\"200\",\"responseTime\":\"149.494\"}","timestamp":"2025-01-07T06:36:54.051Z"}
{"level":"\u001b[32minfo\u001b[39m","message":"{\"method\":\"GET\",\"url\":\"/api/employee/get-employees?organizationId=6772156b15a6f5e05c8a29c9\",\"status\":\"200\",\"responseTime\":\"173.007\"}","timestamp":"2025-01-07T06:36:56.308Z"}
{"level":"\u001b[32minfo\u001b[39m","message":"{\"method\":\"POST\",\"url\":\"/api/employee/update-employee\",\"status\":\"200\",\"responseTime\":\"157.784\"}","timestamp":"2025-01-07T06:37:15.869Z"}
{"level":"\u001b[32minfo\u001b[39m","message":"{\"method\":\"GET\",\"url\":\"/api/employee/get-employees?organizationId=6772156b15a6f5e05c8a29c9\",\"status\":\"200\",\"responseTime\":\"147.143\"}","timestamp":"2025-01-07T06:37:19.587Z"}
{"level":"\u001b[32minfo\u001b[39m","message":"{\"method\":\"POST\",\"url\":\"/api/employee/update-employee\",\"status\":\"200\",\"responseTime\":\"118.619\"}","timestamp":"2025-01-07T06:37:31.942Z"}
{"level":"\u001b[32minfo\u001b[39m","message":"{\"method\":\"GET\",\"url\":\"/api/employee/get-employees?organizationId=6772156b15a6f5e05c8a29c9\",\"status\":\"200\",\"responseTime\":\"181.023\"}","timestamp":"2025-01-07T06:37:37.157Z"}
{"level":"\u001b[32minfo\u001b[39m","message":"{\"method\":\"POST\",\"url\":\"/api/employee/update-employee\",\"status\":\"200\",\"responseTime\":\"230.302\"}","timestamp":"2025-01-07T06:38:02.782Z"}
{"level":"\u001b[32minfo\u001b[39m","message":"{\"method\":\"GET\",\"url\":\"/api/employee/get-employees?organizationId=6772156b15a6f5e05c8a29c9\",\"status\":\"200\",\"responseTime\":\"184.250\"}","timestamp":"2025-01-07T06:38:06.366Z"}
{"level":"\u001b[32minfo\u001b[39m","message":"{\"method\":\"POST\",\"url\":\"/api/employee/update-employee\",\"status\":\"200\",\"responseTime\":\"135.828\"}","timestamp":"2025-01-07T06:38:23.179Z"}
{"level":"\u001b[32minfo\u001b[39m","message":"{\"method\":\"GET\",\"url\":\"/api/employee/get-employees?organizationId=6772156b15a6f5e05c8a29c9\",\"status\":\"200\",\"responseTime\":\"283.286\"}","timestamp":"2025-01-07T06:38:25.711Z"}
{"level":"\u001b[32minfo\u001b[39m","message":"{\"method\":\"GET\",\"url\":\"/api/employee/get-employees?organizationId=6772156b15a6f5e05c8a29c9\",\"status\":\"304\",\"responseTime\":\"137.416\"}","timestamp":"2025-01-07T06:41:47.650Z"}
{"level":"\u001b[32minfo\u001b[39m","message":"{\"method\":\"GET\",\"url\":\"/api/attendence/get-attendence?employeeEmail=moideenshacpcp10%40gmail.com\",\"status\":\"200\",\"responseTime\":\"140.521\"}","timestamp":"2025-01-07T06:42:14.181Z"}
{"level":"\u001b[32minfo\u001b[39m","message":"{\"method\":\"GET\",\"url\":\"/api/attendence/get-attendence?employeeEmail=moideenshacpcp10%40gmail.com\",\"status\":\"304\",\"responseTime\":\"109.906\"}","timestamp":"2025-01-07T06:42:49.151Z"}
{"level":"\u001b[32minfo\u001b[39m","message":"{\"method\":\"GET\",\"url\":\"/api/attendence/get-attendence?employeeEmail=moideenshacpcp10%40gmail.com\",\"status\":\"304\",\"responseTime\":\"137.698\"}","timestamp":"2025-01-07T06:42:53.177Z"}
{"level":"\u001b[32minfo\u001b[39m","message":"{\"method\":\"GET\",\"url\":\"/api/attendence/get-attendence?employeeEmail=moideenshacpcp10%40gmail.com\",\"status\":\"304\",\"responseTime\":\"107.328\"}","timestamp":"2025-01-07T06:42:55.147Z"}
{"level":"\u001b[32minfo\u001b[39m","message":"{\"method\":\"GET\",\"url\":\"/api/attendence/get-attendence?employeeEmail=moideenshacpcp10%40gmail.com\",\"status\":\"304\",\"responseTime\":\"89.248\"}","timestamp":"2025-01-07T06:42:58.134Z"}
{"level":"\u001b[32minfo\u001b[39m","message":"{\"method\":\"GET\",\"url\":\"/api/attendence/get-attendence?employeeEmail=moideenshacpcp10%40gmail.com\",\"status\":\"304\",\"responseTime\":\"105.652\"}","timestamp":"2025-01-07T06:43:05.158Z"}
{"level":"\u001b[32minfo\u001b[39m","message":"{\"method\":\"GET\",\"url\":\"/api/attendence/get-attendence?employeeEmail=moideenshacpcp10%40gmail.com\",\"status\":\"304\",\"responseTime\":\"67.070\"}","timestamp":"2025-01-07T06:43:17.673Z"}
{"level":"\u001b[32minfo\u001b[39m","message":"{\"method\":\"GET\",\"url\":\"/api/attendence/get-attendence?employeeEmail=moideenshacpcp10%40gmail.com\",\"status\":\"304\",\"responseTime\":\"120.372\"}","timestamp":"2025-01-07T06:43:34.879Z"}
{"level":"\u001b[32minfo\u001b[39m","message":"{\"method\":\"GET\",\"url\":\"/api/attendence/get-attendence?employeeEmail=moideenshacpcp10%40gmail.com\",\"status\":\"304\",\"responseTime\":\"177.094\"}","timestamp":"2025-01-07T06:44:02.916Z"}
{"level":"\u001b[32minfo\u001b[39m","message":"{\"method\":\"GET\",\"url\":\"/api/attendence/get-attendence?employeeEmail=moideenshacpcp10%40gmail.com\",\"status\":\"304\",\"responseTime\":\"150.346\"}","timestamp":"2025-01-07T06:44:14.186Z"}
{"level":"\u001b[32minfo\u001b[39m","message":"{\"method\":\"GET\",\"url\":\"/api/attendence/get-attendence?employeeEmail=moideenshacpcp10%40gmail.com\",\"status\":\"401\",\"responseTime\":\"1.264\"}","timestamp":"2025-01-07T06:44:19.613Z"}
{"level":"\u001b[32minfo\u001b[39m","message":"{\"method\":\"GET\",\"url\":\"/api/attendence/get-attendence?employeeEmail=moideenshacpcp10%40gmail.com\",\"status\":\"304\",\"responseTime\":\"71.345\"}","timestamp":"2025-01-07T06:44:19.737Z"}
{"level":"\u001b[32minfo\u001b[39m","message":"{\"method\":\"GET\",\"url\":\"/api/attendence/get-attendence?employeeEmail=moideenshacpcp10%40gmail.com\",\"status\":\"304\",\"responseTime\":\"186.756\"}","timestamp":"2025-01-07T06:44:37.232Z"}
{"level":"\u001b[32minfo\u001b[39m","message":"{\"method\":\"GET\",\"url\":\"/api/attendence/get-attendence?employeeEmail=moideenshacpcp10%40gmail.com\",\"status\":\"304\",\"responseTime\":\"182.896\"}","timestamp":"2025-01-07T06:44:38.252Z"}
{"level":"\u001b[32minfo\u001b[39m","message":"{\"method\":\"GET\",\"url\":\"/api/attendence/get-attendence?employeeEmail=moideenshacpcp10%40gmail.com\",\"status\":\"304\",\"responseTime\":\"92.786\"}","timestamp":"2025-01-07T07:03:00.364Z"}
{"level":"\u001b[32minfo\u001b[39m","message":"{\"method\":\"GET\",\"url\":\"/api/employee/fetch-EmployeesCount?organizationId=676e862645626fc97cdde07e\",\"status\":\"200\",\"responseTime\":\"50.200\"}","timestamp":"2025-01-07T07:04:23.314Z"}
{"level":"\u001b[32minfo\u001b[39m","message":"{\"method\":\"GET\",\"url\":\"/api/attendence/get-policy?organizationId=676e862645626fc97cdde07e\",\"status\":\"200\",\"responseTime\":\"57.505\"}","timestamp":"2025-01-07T07:04:26.234Z"}
{"level":"\u001b[32minfo\u001b[39m","message":"{\"method\":\"GET\",\"url\":\"/api/employee/get-employees?organizationId=676e862645626fc97cdde07e\",\"status\":\"200\",\"responseTime\":\"184.942\"}","timestamp":"2025-01-07T07:04:30.118Z"}
{"level":"\u001b[32minfo\u001b[39m","message":"{\"method\":\"GET\",\"url\":\"/api/attendence/get-attendence?employeeEmail=mehnarafincp10%40gmail.com\",\"status\":\"200\",\"responseTime\":\"47.362\"}","timestamp":"2025-01-07T07:04:33.090Z"}
{"level":"\u001b[32minfo\u001b[39m","message":"{\"method\":\"GET\",\"url\":\"/api/employee/fetch-EmployeesCount?organizationId=6772156b15a6f5e05c8a29c9\",\"status\":\"304\",\"responseTime\":\"156.393\"}","timestamp":"2025-01-07T07:05:34.577Z"}
{"level":"\u001b[32minfo\u001b[39m","message":"{\"method\":\"GET\",\"url\":\"/api/employee/get-employees?organizationId=6772156b15a6f5e05c8a29c9\",\"status\":\"304\",\"responseTime\":\"99.277\"}","timestamp":"2025-01-07T07:05:37.138Z"}
{"level":"\u001b[32minfo\u001b[39m","message":"{\"method\":\"GET\",\"url\":\"/api/employee/fetch-EmployeesCount?organizationId=6772156b15a6f5e05c8a29c9\",\"status\":\"304\",\"responseTime\":\"47.396\"}","timestamp":"2025-01-07T07:06:31.163Z"}
{"level":"\u001b[32minfo\u001b[39m","message":"{\"method\":\"GET\",\"url\":\"/api/employee/get-employees?organizationId=6772156b15a6f5e05c8a29c9\",\"status\":\"304\",\"responseTime\":\"64.314\"}","timestamp":"2025-01-07T07:06:32.924Z"}
{"level":"\u001b[32minfo\u001b[39m","message":"{\"method\":\"GET\",\"url\":\"/api/attendence/get-attendence?employeeEmail=moideenshacpcp10%40gmail.com\",\"status\":\"304\",\"responseTime\":\"179.520\"}","timestamp":"2025-01-07T07:06:35.465Z"}
{"level":"\u001b[32minfo\u001b[39m","message":"{\"method\":\"GET\",\"url\":\"/api/attendence/get-attendence?employeeEmail=moideenshacpcp10%40gmail.com\",\"status\":\"304\",\"responseTime\":\"117.502\"}","timestamp":"2025-01-07T07:10:52.700Z"}
{"level":"\u001b[32minfo\u001b[39m","message":"{\"method\":\"GET\",\"url\":\"/api/attendence/get-policy?organizationId=6772156b15a6f5e05c8a29c9\",\"status\":\"304\",\"responseTime\":\"52.503\"}","timestamp":"2025-01-07T07:11:03.674Z"}
{"level":"\u001b[32minfo\u001b[39m","message":"{\"method\":\"GET\",\"url\":\"/api/attendence/get-attendence?employeeEmail=moideenshacpcp10%40gmail.com\",\"status\":\"304\",\"responseTime\":\"75.702\"}","timestamp":"2025-01-07T07:11:09.320Z"}
{"level":"\u001b[32minfo\u001b[39m","message":"{\"method\":\"GET\",\"url\":\"/api/attendence/get-policy?organizationId=6772156b15a6f5e05c8a29c9\",\"status\":\"401\",\"responseTime\":\"0.990\"}","timestamp":"2025-01-07T09:16:28.477Z"}
{"level":"\u001b[32minfo\u001b[39m","message":"{\"method\":\"GET\",\"url\":\"/api/attendence/get-policy?organizationId=6772156b15a6f5e05c8a29c9\",\"status\":\"304\",\"responseTime\":\"1283.543\"}","timestamp":"2025-01-07T09:16:29.810Z"}
{"level":"\u001b[32minfo\u001b[39m","message":"{\"method\":\"GET\",\"url\":\"/api/employee/get-employees?organizationId=6772156b15a6f5e05c8a29c9\",\"status\":\"304\",\"responseTime\":\"1179.468\"}","timestamp":"2025-01-07T09:16:33.753Z"}
{"level":"\u001b[32minfo\u001b[39m","message":"{\"method\":\"GET\",\"url\":\"/api/attendence/get-attendence?employeeEmail=moideenshacpcp10%40gmail.com\",\"status\":\"304\",\"responseTime\":\"121.744\"}","timestamp":"2025-01-07T09:16:36.621Z"}
{"level":"\u001b[32minfo\u001b[39m","message":"{\"method\":\"GET\",\"url\":\"/api/attendence/get-attendence?employeeEmail=moideenshacpcp10%40gmail.com\",\"status\":\"401\",\"responseTime\":\"2.058\"}","timestamp":"2025-01-07T09:16:43.062Z"}
{"level":"\u001b[32minfo\u001b[39m","message":"{\"method\":\"GET\",\"url\":\"/api/attendence/get-attendence?employeeEmail=moideenshacpcp10%40gmail.com\",\"status\":\"304\",\"responseTime\":\"132.464\"}","timestamp":"2025-01-07T09:16:43.253Z"}
{"level":"\u001b[32minfo\u001b[39m","message":"{\"method\":\"GET\",\"url\":\"/api/attendence/get-attendence?employeeEmail=moideenshacpcp10%40gmail.com\",\"status\":\"304\",\"responseTime\":\"264.827\"}","timestamp":"2025-01-07T09:16:51.765Z"}
