{"level":"\u001b[32minfo\u001b[39m","message":"{\"method\":\"GET\",\"url\":\"/api/employee/get-employees?organizationId=677174469a2f3672ce8cf3cb\",\"status\":\"-\",\"responseTime\":\"-\"}","timestamp":"2024-12-30T01:36:51.749Z"}
{"level":"\u001b[32minfo\u001b[39m","message":"{\"method\":\"GET\",\"url\":\"/api/employee/fetch-EmployeesCount?organizationId=677174469a2f3672ce8cf3cb\",\"status\":\"-\",\"responseTime\":\"-\"}","timestamp":"2024-12-30T01:36:51.765Z"}
{"level":"\u001b[32minfo\u001b[39m","message":"{\"method\":\"GET\",\"url\":\"/api/employee/get-employees?organizationId=677174469a2f3672ce8cf3cb\",\"status\":\"200\",\"responseTime\":\"27634.453\"}","timestamp":"2024-12-30T01:37:19.803Z"}
{"level":"\u001b[32minfo\u001b[39m","message":"{\"method\":\"GET\",\"url\":\"/api/employee/get-employees?organizationId=677174469a2f3672ce8cf3cb\",\"status\":\"304\",\"responseTime\":\"105.885\"}","timestamp":"2024-12-30T01:37:20.671Z"}
{"level":"\u001b[32minfo\u001b[39m","message":"{\"method\":\"GET\",\"url\":\"/api/employee/fetch-EmployeesCount?organizationId=677174469a2f3672ce8cf3cb\",\"status\":\"200\",\"responseTime\":\"16845.103\"}","timestamp":"2024-12-30T01:37:54.738Z"}
{"level":"\u001b[32minfo\u001b[39m","message":"{\"method\":\"GET\",\"url\":\"/api/employee/get-employees?organizationId=677174469a2f3672ce8cf3cb\",\"status\":\"304\",\"responseTime\":\"16127.058\"}","timestamp":"2024-12-30T01:37:56.745Z"}
{"level":"\u001b[32minfo\u001b[39m","message":"{\"method\":\"GET\",\"url\":\"/api/employee/fetch-EmployeesCount?organizationId=677174469a2f3672ce8cf3cb\",\"status\":\"304\",\"responseTime\":\"96.821\"}","timestamp":"2024-12-30T01:38:13.817Z"}
{"level":"\u001b[32minfo\u001b[39m","message":"{\"method\":\"GET\",\"url\":\"/api/employee/fetch-EmployeesCount?organizationId=677174469a2f3672ce8cf3cb\",\"status\":\"304\",\"responseTime\":\"108.914\"}","timestamp":"2024-12-30T01:39:09.520Z"}
{"level":"\u001b[32minfo\u001b[39m","message":"{\"method\":\"GET\",\"url\":\"/api/employee/get-employees?organizationId=677174469a2f3672ce8cf3cb\",\"status\":\"304\",\"responseTime\":\"94.432\"}","timestamp":"2024-12-30T01:39:31.924Z"}
{"level":"\u001b[32minfo\u001b[39m","message":"{\"method\":\"GET\",\"url\":\"/api/employee/fetch-EmployeesCount?organizationId=677174469a2f3672ce8cf3cb\",\"status\":\"304\",\"responseTime\":\"104.043\"}","timestamp":"2024-12-30T01:39:36.773Z"}
{"level":"\u001b[32minfo\u001b[39m","message":"{\"method\":\"GET\",\"url\":\"/api/employee/fetch-EmployeesCount?organizationId=6772120815a6f5e05c8a29c2\",\"status\":\"200\",\"responseTime\":\"88.051\"}","timestamp":"2024-12-30T03:22:49.660Z"}
{"level":"\u001b[32minfo\u001b[39m","message":"{\"method\":\"GET\",\"url\":\"/api/employee/fetch-EmployeesCount?organizationId=6772156b15a6f5e05c8a29c9\",\"status\":\"200\",\"responseTime\":\"119.105\"}","timestamp":"2024-12-30T03:37:17.935Z"}
{"level":"\u001b[32minfo\u001b[39m","message":"{\"method\":\"GET\",\"url\":\"/api/employee/get-employees?organizationId=6772156b15a6f5e05c8a29c9\",\"status\":\"200\",\"responseTime\":\"167.251\"}","timestamp":"2024-12-30T03:37:52.505Z"}
{"level":"\u001b[32minfo\u001b[39m","message":"{\"method\":\"POST\",\"url\":\"/api/employee/register-employee\",\"status\":\"200\",\"responseTime\":\"1304.552\"}","timestamp":"2024-12-30T03:38:20.808Z"}
{"level":"\u001b[32minfo\u001b[39m","message":"{\"method\":\"GET\",\"url\":\"/api/employee/get-employees?organizationId=6772156b15a6f5e05c8a29c9\",\"status\":\"200\",\"responseTime\":\"202.228\"}","timestamp":"2024-12-30T03:38:25.901Z"}
{"level":"\u001b[32minfo\u001b[39m","message":"{\"method\":\"POST\",\"url\":\"/api/employee/update-employee\",\"status\":\"200\",\"responseTime\":\"125.848\"}","timestamp":"2024-12-30T03:39:06.939Z"}
{"level":"\u001b[32minfo\u001b[39m","message":"{\"method\":\"GET\",\"url\":\"/api/employee/get-employees?organizationId=6772156b15a6f5e05c8a29c9\",\"status\":\"200\",\"responseTime\":\"102.568\"}","timestamp":"2024-12-30T03:39:09.472Z"}
{"level":"\u001b[32minfo\u001b[39m","message":"{\"method\":\"POST\",\"url\":\"/api/employee/invite-employee\",\"status\":\"200\",\"responseTime\":\"3602.743\"}","timestamp":"2024-12-30T03:39:28.206Z"}
{"level":"\u001b[32minfo\u001b[39m","message":"{\"method\":\"POST\",\"url\":\"/api/employee/set-up-password\",\"status\":\"200\",\"responseTime\":\"179.780\"}","timestamp":"2024-12-30T03:40:08.372Z"}
{"level":"\u001b[32minfo\u001b[39m","message":"{\"method\":\"GET\",\"url\":\"/api/employee/get-employees?organizationId=6772156b15a6f5e05c8a29c9\",\"status\":\"304\",\"responseTime\":\"70.505\"}","timestamp":"2024-12-30T03:40:57.420Z"}
{"level":"\u001b[32minfo\u001b[39m","message":"{\"method\":\"GET\",\"url\":\"/api/employee/get-employees?organizationId=6772156b15a6f5e05c8a29c9\",\"status\":\"304\",\"responseTime\":\"97.965\"}","timestamp":"2024-12-30T03:43:48.937Z"}
{"level":"\u001b[32minfo\u001b[39m","message":"{\"method\":\"GET\",\"url\":\"/api/employee/get-employees?organizationId=6772156b15a6f5e05c8a29c9\",\"status\":\"304\",\"responseTime\":\"140.814\"}","timestamp":"2024-12-30T03:44:15.988Z"}
