{"level":"\u001b[32minfo\u001b[39m","message":"{\"method\":\"GET\",\"url\":\"/api/employee/get-employees?organizationId=6772156b15a6f5e05c8a29c9\",\"status\":\"401\",\"responseTime\":\"11.524\"}","timestamp":"2025-01-14T05:59:05.387Z"}
{"level":"\u001b[32minfo\u001b[39m","message":"{\"method\":\"GET\",\"url\":\"/api/employee/get-employees?organizationId=6772156b15a6f5e05c8a29c9\",\"status\":\"200\",\"responseTime\":\"123.479\"}","timestamp":"2025-01-14T05:59:05.849Z"}
{"level":"\u001b[32minfo\u001b[39m","message":"{\"method\":\"GET\",\"url\":\"/api/attendence/get-attendence?employeeEmail=moideenshacpcp10%40gmail.com\",\"status\":\"401\",\"responseTime\":\"2.171\"}","timestamp":"2025-01-14T05:59:10.313Z"}
{"level":"\u001b[32minfo\u001b[39m","message":"{\"method\":\"GET\",\"url\":\"/api/attendence/get-attendence?employeeEmail=moideenshacpcp10%40gmail.com\",\"status\":\"304\",\"responseTime\":\"162.970\"}","timestamp":"2025-01-14T05:59:10.580Z"}
{"level":"\u001b[32minfo\u001b[39m","message":"{\"method\":\"POST\",\"url\":\"/api/leave/fetch-leave\",\"status\":\"200\",\"responseTime\":\"75.960\"}","timestamp":"2025-01-14T05:59:12.151Z"}
{"level":"\u001b[32minfo\u001b[39m","message":"{\"method\":\"GET\",\"url\":\"/api/attendence/get-attendence?employeeEmail=moideenshacpcp10%40gmail.com\",\"status\":\"304\",\"responseTime\":\"66.124\"}","timestamp":"2025-01-14T05:59:13.592Z"}
{"level":"\u001b[32minfo\u001b[39m","message":"{\"method\":\"GET\",\"url\":\"/api/employee/get-employees?organizationId=6772156b15a6f5e05c8a29c9\",\"status\":\"304\",\"responseTime\":\"90.791\"}","timestamp":"2025-01-14T05:59:16.208Z"}
{"level":"\u001b[32minfo\u001b[39m","message":"{\"method\":\"GET\",\"url\":\"/api/employee/get-employees?organizationId=6772156b15a6f5e05c8a29c9\",\"status\":\"304\",\"responseTime\":\"312.493\"}","timestamp":"2025-01-14T05:59:16.548Z"}
{"level":"\u001b[32minfo\u001b[39m","message":"{\"method\":\"POST\",\"url\":\"/api/leave/fetch-leave\",\"status\":\"200\",\"responseTime\":\"372.557\"}","timestamp":"2025-01-14T05:59:16.617Z"}
{"level":"\u001b[32minfo\u001b[39m","message":"{\"method\":\"GET\",\"url\":\"/api/employee/get-employees?organizationId=6772156b15a6f5e05c8a29c9\",\"status\":\"304\",\"responseTime\":\"68.071\"}","timestamp":"2025-01-14T05:59:16.624Z"}
{"level":"\u001b[32minfo\u001b[39m","message":"{\"method\":\"GET\",\"url\":\"/api/employee/get-employees?organizationId=6772156b15a6f5e05c8a29c9\",\"status\":\"304\",\"responseTime\":\"170.678\"}","timestamp":"2025-01-14T05:59:16.809Z"}
{"level":"\u001b[32minfo\u001b[39m","message":"{\"method\":\"POST\",\"url\":\"/api/leave/fetch-leave\",\"status\":\"200\",\"responseTime\":\"63.615\"}","timestamp":"2025-01-14T05:59:18.932Z"}
{"level":"\u001b[32minfo\u001b[39m","message":"{\"method\":\"GET\",\"url\":\"/api/employee/get-employees?organizationId=6772156b15a6f5e05c8a29c9\",\"status\":\"304\",\"responseTime\":\"70.784\"}","timestamp":"2025-01-14T05:59:18.947Z"}
{"level":"\u001b[32minfo\u001b[39m","message":"{\"method\":\"GET\",\"url\":\"/api/employee/get-employees?organizationId=6772156b15a6f5e05c8a29c9\",\"status\":\"304\",\"responseTime\":\"49.339\"}","timestamp":"2025-01-14T05:59:19.009Z"}
{"level":"\u001b[32minfo\u001b[39m","message":"{\"method\":\"GET\",\"url\":\"/api/employee/get-employees?organizationId=6772156b15a6f5e05c8a29c9\",\"status\":\"304\",\"responseTime\":\"63.005\"}","timestamp":"2025-01-14T05:59:19.088Z"}
{"level":"\u001b[32minfo\u001b[39m","message":"{\"method\":\"POST\",\"url\":\"/api/leave/fetch-leave\",\"status\":\"200\",\"responseTime\":\"49.488\"}","timestamp":"2025-01-14T05:59:20.011Z"}
{"level":"\u001b[32minfo\u001b[39m","message":"{\"method\":\"GET\",\"url\":\"/api/employee/get-employees?organizationId=6772156b15a6f5e05c8a29c9\",\"status\":\"304\",\"responseTime\":\"86.775\"}","timestamp":"2025-01-14T05:59:20.057Z"}
{"level":"\u001b[32minfo\u001b[39m","message":"{\"method\":\"GET\",\"url\":\"/api/employee/get-employees?organizationId=6772156b15a6f5e05c8a29c9\",\"status\":\"304\",\"responseTime\":\"61.661\"}","timestamp":"2025-01-14T05:59:20.131Z"}
{"level":"\u001b[32minfo\u001b[39m","message":"{\"method\":\"GET\",\"url\":\"/api/employee/get-employees?organizationId=6772156b15a6f5e05c8a29c9\",\"status\":\"304\",\"responseTime\":\"64.617\"}","timestamp":"2025-01-14T05:59:20.206Z"}
{"level":"\u001b[32minfo\u001b[39m","message":"{\"method\":\"GET\",\"url\":\"/api/employee/get-employees?organizationId=6772156b15a6f5e05c8a29c9\",\"status\":\"304\",\"responseTime\":\"55.209\"}","timestamp":"2025-01-14T05:59:21.379Z"}
{"level":"\u001b[32minfo\u001b[39m","message":"{\"method\":\"POST\",\"url\":\"/api/leave/fetch-leave\",\"status\":\"200\",\"responseTime\":\"54.113\"}","timestamp":"2025-01-14T05:59:21.387Z"}
{"level":"\u001b[32minfo\u001b[39m","message":"{\"method\":\"GET\",\"url\":\"/api/employee/get-employees?organizationId=6772156b15a6f5e05c8a29c9\",\"status\":\"304\",\"responseTime\":\"58.228\"}","timestamp":"2025-01-14T05:59:21.457Z"}
{"level":"\u001b[32minfo\u001b[39m","message":"{\"method\":\"GET\",\"url\":\"/api/employee/get-employees?organizationId=6772156b15a6f5e05c8a29c9\",\"status\":\"304\",\"responseTime\":\"65.423\"}","timestamp":"2025-01-14T05:59:21.532Z"}
{"level":"\u001b[32minfo\u001b[39m","message":"{\"method\":\"GET\",\"url\":\"/api/employee/get-employees?organizationId=6772156b15a6f5e05c8a29c9\",\"status\":\"304\",\"responseTime\":\"61.022\"}","timestamp":"2025-01-14T05:59:23.200Z"}
{"level":"\u001b[32minfo\u001b[39m","message":"{\"method\":\"GET\",\"url\":\"/api/employee/get-employees?organizationId=6772156b15a6f5e05c8a29c9\",\"status\":\"304\",\"responseTime\":\"196.298\"}","timestamp":"2025-01-14T06:32:48.869Z"}
{"level":"\u001b[32minfo\u001b[39m","message":"{\"method\":\"GET\",\"url\":\"/api/employee/get-employees?organizationId=6772156b15a6f5e05c8a29c9\",\"status\":\"304\",\"responseTime\":\"76.316\"}","timestamp":"2025-01-14T06:33:21.714Z"}
{"level":"\u001b[32minfo\u001b[39m","message":"{\"method\":\"GET\",\"url\":\"/api/employee/get-employees?organizationId=6772156b15a6f5e05c8a29c9\",\"status\":\"304\",\"responseTime\":\"166.845\"}","timestamp":"2025-01-14T06:33:45.693Z"}
{"level":"\u001b[32minfo\u001b[39m","message":"{\"method\":\"GET\",\"url\":\"/api/employee/get-employees?organizationId=6772156b15a6f5e05c8a29c9\",\"status\":\"304\",\"responseTime\":\"275.062\"}","timestamp":"2025-01-14T06:36:40.788Z"}
{"level":"\u001b[32minfo\u001b[39m","message":"{\"method\":\"GET\",\"url\":\"/api/employee/get-employees?organizationId=6772156b15a6f5e05c8a29c9\",\"status\":\"304\",\"responseTime\":\"52.003\"}","timestamp":"2025-01-14T06:37:03.581Z"}
{"level":"\u001b[32minfo\u001b[39m","message":"{\"method\":\"GET\",\"url\":\"/api/employee/get-employees?organizationId=6772156b15a6f5e05c8a29c9\",\"status\":\"304\",\"responseTime\":\"118.871\"}","timestamp":"2025-01-14T06:37:22.373Z"}
{"level":"\u001b[32minfo\u001b[39m","message":"{\"method\":\"POST\",\"url\":\"/api/employee/add-position\",\"status\":\"401\",\"responseTime\":\"38.183\"}","timestamp":"2025-01-14T06:37:35.259Z"}
{"level":"\u001b[32minfo\u001b[39m","message":"{\"method\":\"GET\",\"url\":\"/api/employee/get-employees?organizationId=6772156b15a6f5e05c8a29c9\",\"status\":\"304\",\"responseTime\":\"198.209\"}","timestamp":"2025-01-14T06:37:47.560Z"}
{"level":"\u001b[32minfo\u001b[39m","message":"{\"method\":\"GET\",\"url\":\"/api/employee/get-employees?organizationId=6772156b15a6f5e05c8a29c9\",\"status\":\"304\",\"responseTime\":\"174.842\"}","timestamp":"2025-01-14T06:37:47.766Z"}
{"level":"\u001b[32minfo\u001b[39m","message":"{\"method\":\"POST\",\"url\":\"/api/leave/fetch-leave\",\"status\":\"200\",\"responseTime\":\"175.102\"}","timestamp":"2025-01-14T06:37:47.776Z"}
{"level":"\u001b[32minfo\u001b[39m","message":"{\"method\":\"GET\",\"url\":\"/api/employee/get-employees?organizationId=6772156b15a6f5e05c8a29c9\",\"status\":\"304\",\"responseTime\":\"182.439\"}","timestamp":"2025-01-14T06:37:47.963Z"}
{"level":"\u001b[32minfo\u001b[39m","message":"{\"method\":\"GET\",\"url\":\"/api/employee/get-employees?organizationId=6772156b15a6f5e05c8a29c9\",\"status\":\"304\",\"responseTime\":\"604.882\"}","timestamp":"2025-01-14T06:37:48.580Z"}
{"level":"\u001b[32minfo\u001b[39m","message":"{\"method\":\"GET\",\"url\":\"/api/employee/get-employees?organizationId=6772156b15a6f5e05c8a29c9\",\"status\":\"304\",\"responseTime\":\"167.882\"}","timestamp":"2025-01-14T06:37:49.200Z"}
{"level":"\u001b[32minfo\u001b[39m","message":"{\"method\":\"POST\",\"url\":\"/api/employee/add-position\",\"status\":\"401\",\"responseTime\":\"2.928\"}","timestamp":"2025-01-14T06:38:01.363Z"}
{"level":"\u001b[32minfo\u001b[39m","message":"{\"method\":\"GET\",\"url\":\"/api/employee/get-employees?organizationId=6772156b15a6f5e05c8a29c9\",\"status\":\"304\",\"responseTime\":\"117.860\"}","timestamp":"2025-01-14T06:38:18.524Z"}
{"level":"\u001b[32minfo\u001b[39m","message":"{\"method\":\"POST\",\"url\":\"/api/employee/add-position\",\"status\":\"400\",\"responseTime\":\"5.566\"}","timestamp":"2025-01-14T06:38:20.456Z"}
{"level":"\u001b[32minfo\u001b[39m","message":"{\"method\":\"POST\",\"url\":\"/api/employee/add-position\",\"status\":\"200\",\"responseTime\":\"189.709\"}","timestamp":"2025-01-14T06:42:27.716Z"}
{"level":"\u001b[32minfo\u001b[39m","message":"{\"method\":\"POST\",\"url\":\"/api/employee/add-position\",\"status\":\"200\",\"responseTime\":\"132.968\"}","timestamp":"2025-01-14T06:42:44.533Z"}
{"level":"\u001b[32minfo\u001b[39m","message":"{\"method\":\"POST\",\"url\":\"/api/employee/add-position\",\"status\":\"400\",\"responseTime\":\"83.916\"}","timestamp":"2025-01-14T06:45:28.927Z"}
{"level":"\u001b[32minfo\u001b[39m","message":"{\"method\":\"POST\",\"url\":\"/api/employee/add-position\",\"status\":\"400\",\"responseTime\":\"10062.443\"}","timestamp":"2025-01-14T06:46:12.316Z"}
{"level":"\u001b[32minfo\u001b[39m","message":"{\"method\":\"POST\",\"url\":\"/api/employee/add-position\",\"status\":\"400\",\"responseTime\":\"63.375\"}","timestamp":"2025-01-14T06:46:15.925Z"}
{"level":"\u001b[32minfo\u001b[39m","message":"{\"method\":\"POST\",\"url\":\"/api/employee/add-position\",\"status\":\"500\",\"responseTime\":\"249.772\"}","timestamp":"2025-01-14T06:49:53.618Z"}
{"level":"\u001b[32minfo\u001b[39m","message":"{\"method\":\"POST\",\"url\":\"/api/employee/add-position\",\"status\":\"400\",\"responseTime\":\"223.293\"}","timestamp":"2025-01-14T06:55:33.918Z"}
{"level":"\u001b[32minfo\u001b[39m","message":"{\"method\":\"POST\",\"url\":\"/api/employee/add-position\",\"status\":\"400\",\"responseTime\":\"152.327\"}","timestamp":"2025-01-14T06:55:48.542Z"}
{"level":"\u001b[32minfo\u001b[39m","message":"{\"method\":\"POST\",\"url\":\"/api/employee/add-position\",\"status\":\"400\",\"responseTime\":\"1368.938\"}","timestamp":"2025-01-14T06:56:18.061Z"}
{"level":"\u001b[32minfo\u001b[39m","message":"{\"method\":\"POST\",\"url\":\"/api/employee/add-position\",\"status\":\"400\",\"responseTime\":\"828.403\"}","timestamp":"2025-01-14T06:56:19.147Z"}
{"level":"\u001b[32minfo\u001b[39m","message":"{\"method\":\"POST\",\"url\":\"/api/employee/add-position\",\"status\":\"200\",\"responseTime\":\"368.582\"}","timestamp":"2025-01-14T06:57:02.043Z"}
{"level":"\u001b[32minfo\u001b[39m","message":"{\"method\":\"GET\",\"url\":\"/api/employee/get-employees?organizationId=6772156b15a6f5e05c8a29c9\",\"status\":\"304\",\"responseTime\":\"85.442\"}","timestamp":"2025-01-14T06:57:57.604Z"}
{"level":"\u001b[32minfo\u001b[39m","message":"{\"method\":\"GET\",\"url\":\"/api/employee/get-employees?organizationId=6772156b15a6f5e05c8a29c9\",\"status\":\"304\",\"responseTime\":\"67.708\"}","timestamp":"2025-01-14T06:58:02.593Z"}
{"level":"\u001b[32minfo\u001b[39m","message":"{\"method\":\"GET\",\"url\":\"/api/employee/get-employees?organizationId=6772156b15a6f5e05c8a29c9\",\"status\":\"304\",\"responseTime\":\"109.066\"}","timestamp":"2025-01-14T06:58:07.718Z"}
{"level":"\u001b[32minfo\u001b[39m","message":"{\"method\":\"GET\",\"url\":\"/api/employee/get-employees?organizationId=6772156b15a6f5e05c8a29c9\",\"status\":\"304\",\"responseTime\":\"66.847\"}","timestamp":"2025-01-14T06:58:09.579Z"}
{"level":"\u001b[32minfo\u001b[39m","message":"{\"method\":\"GET\",\"url\":\"/api/attendence/get-attendence?employeeEmail=moideenshacpcp10%40gmail.com\",\"status\":\"401\",\"responseTime\":\"12.440\"}","timestamp":"2025-01-14T07:17:17.824Z"}
{"level":"\u001b[32minfo\u001b[39m","message":"{\"method\":\"GET\",\"url\":\"/api/attendence/get-attendence?employeeEmail=moideenshacpcp10%40gmail.com\",\"status\":\"304\",\"responseTime\":\"221.618\"}","timestamp":"2025-01-14T07:17:19.472Z"}
{"level":"\u001b[32minfo\u001b[39m","message":"{\"method\":\"GET\",\"url\":\"/api/employee/get-employees?organizationId=6772156b15a6f5e05c8a29c9\",\"status\":\"401\",\"responseTime\":\"2.494\"}","timestamp":"2025-01-14T07:17:20.454Z"}
{"level":"\u001b[32minfo\u001b[39m","message":"{\"method\":\"GET\",\"url\":\"/api/employee/get-employees?organizationId=6772156b15a6f5e05c8a29c9\",\"status\":\"304\",\"responseTime\":\"74.931\"}","timestamp":"2025-01-14T07:17:21.221Z"}
{"level":"\u001b[32minfo\u001b[39m","message":"{\"method\":\"POST\",\"url\":\"/api/employee/add-position\",\"status\":\"200\",\"responseTime\":\"213.706\"}","timestamp":"2025-01-14T07:17:47.350Z"}
{"level":"\u001b[32minfo\u001b[39m","message":"{\"method\":\"POST\",\"url\":\"/api/employee/add-position\",\"status\":\"200\",\"responseTime\":\"176.780\"}","timestamp":"2025-01-14T07:19:26.510Z"}
{"level":"\u001b[32minfo\u001b[39m","message":"{\"method\":\"GET\",\"url\":\"/api/employee/get-employees?organizationId=6772156b15a6f5e05c8a29c9\",\"status\":\"304\",\"responseTime\":\"390.584\"}","timestamp":"2025-01-14T08:12:27.451Z"}
{"level":"\u001b[32minfo\u001b[39m","message":"{\"method\":\"GET\",\"url\":\"/api/attendence/get-attendence?employeeEmail=moideenshacpcp10%40gmail.com\",\"status\":\"304\",\"responseTime\":\"899.883\"}","timestamp":"2025-01-14T08:12:27.478Z"}
{"level":"\u001b[32minfo\u001b[39m","message":"{\"method\":\"GET\",\"url\":\"/api/employee/get-employees?organizationId=6772156b15a6f5e05c8a29c9\",\"status\":\"401\",\"responseTime\":\"3.707\"}","timestamp":"2025-01-14T09:25:26.300Z"}
{"level":"\u001b[32minfo\u001b[39m","message":"{\"method\":\"GET\",\"url\":\"/api/employee/get-employees?organizationId=6772156b15a6f5e05c8a29c9\",\"status\":\"304\",\"responseTime\":\"1040.543\"}","timestamp":"2025-01-14T09:25:27.646Z"}
{"level":"\u001b[32minfo\u001b[39m","message":"{\"method\":\"GET\",\"url\":\"/api/attendence/get-attendence?employeeEmail=cgvhbjnk%40gmail.com\",\"status\":\"200\",\"responseTime\":\"57.905\"}","timestamp":"2025-01-14T09:27:00.957Z"}
{"level":"\u001b[32minfo\u001b[39m","message":"{\"method\":\"GET\",\"url\":\"/api/attendence/get-attendence?employeeEmail=cgvhbjnk%40gmail.com\",\"status\":\"304\",\"responseTime\":\"52.977\"}","timestamp":"2025-01-14T09:27:15.977Z"}
{"level":"\u001b[32minfo\u001b[39m","message":"{\"method\":\"GET\",\"url\":\"/api/employee/get-employees?organizationId=6772156b15a6f5e05c8a29c9\",\"status\":\"304\",\"responseTime\":\"346.806\"}","timestamp":"2025-01-14T09:27:46.631Z"}
{"level":"\u001b[32minfo\u001b[39m","message":"{\"method\":\"GET\",\"url\":\"/api/employee/fetch-EmployeesCount?organizationId=6772156b15a6f5e05c8a29c9\",\"status\":\"200\",\"responseTime\":\"197.245\"}","timestamp":"2025-01-14T09:28:13.151Z"}
{"level":"\u001b[32minfo\u001b[39m","message":"{\"method\":\"GET\",\"url\":\"/api/employee/get-employees?organizationId=6772156b15a6f5e05c8a29c9\",\"status\":\"304\",\"responseTime\":\"195.458\"}","timestamp":"2025-01-14T09:28:20.494Z"}
{"level":"\u001b[32minfo\u001b[39m","message":"{\"method\":\"GET\",\"url\":\"/api/employee/get-employees?organizationId=6772156b15a6f5e05c8a29c9\",\"status\":\"304\",\"responseTime\":\"535.020\"}","timestamp":"2025-01-14T09:28:22.664Z"}
{"level":"\u001b[32minfo\u001b[39m","message":"{\"method\":\"GET\",\"url\":\"/api/employee/get-employees?organizationId=6772156b15a6f5e05c8a29c9\",\"status\":\"304\",\"responseTime\":\"567.467\"}","timestamp":"2025-01-14T09:28:23.250Z"}
{"level":"\u001b[32minfo\u001b[39m","message":"{\"method\":\"GET\",\"url\":\"/api/employee/get-employees?organizationId=6772156b15a6f5e05c8a29c9\",\"status\":\"304\",\"responseTime\":\"741.697\"}","timestamp":"2025-01-14T09:28:23.998Z"}
{"level":"\u001b[32minfo\u001b[39m","message":"{\"method\":\"POST\",\"url\":\"/api/leave/fetch-leave\",\"status\":\"200\",\"responseTime\":\"1792.466\"}","timestamp":"2025-01-14T09:28:24.485Z"}
{"level":"\u001b[32minfo\u001b[39m","message":"{\"method\":\"GET\",\"url\":\"/api/attendence/get-policy?organizationId=6772156b15a6f5e05c8a29c9\",\"status\":\"304\",\"responseTime\":\"681.149\"}","timestamp":"2025-01-14T09:28:24.593Z"}
{"level":"\u001b[32minfo\u001b[39m","message":"{\"method\":\"GET\",\"url\":\"/api/employee/get-employees?organizationId=6772156b15a6f5e05c8a29c9\",\"status\":\"304\",\"responseTime\":\"63.348\"}","timestamp":"2025-01-14T09:28:25.517Z"}
{"level":"\u001b[32minfo\u001b[39m","message":"{\"method\":\"POST\",\"url\":\"/api/leave/fetch-leave\",\"status\":\"200\",\"responseTime\":\"51.968\"}","timestamp":"2025-01-14T09:28:25.583Z"}
{"level":"\u001b[32minfo\u001b[39m","message":"{\"method\":\"GET\",\"url\":\"/api/employee/get-employees?organizationId=6772156b15a6f5e05c8a29c9\",\"status\":\"304\",\"responseTime\":\"68.206\"}","timestamp":"2025-01-14T09:28:25.603Z"}
{"level":"\u001b[32minfo\u001b[39m","message":"{\"method\":\"GET\",\"url\":\"/api/employee/get-employees?organizationId=6772156b15a6f5e05c8a29c9\",\"status\":\"304\",\"responseTime\":\"56.048\"}","timestamp":"2025-01-14T09:28:25.668Z"}
{"level":"\u001b[32minfo\u001b[39m","message":"{\"method\":\"GET\",\"url\":\"/api/employee/get-employees?organizationId=6772156b15a6f5e05c8a29c9\",\"status\":\"304\",\"responseTime\":\"82.192\"}","timestamp":"2025-01-14T09:28:25.758Z"}
{"level":"\u001b[32minfo\u001b[39m","message":"{\"method\":\"GET\",\"url\":\"/api/attendence/get-policy?organizationId=6772156b15a6f5e05c8a29c9\",\"status\":\"304\",\"responseTime\":\"70.764\"}","timestamp":"2025-01-14T09:28:26.947Z"}
{"level":"\u001b[32minfo\u001b[39m","message":"{\"method\":\"GET\",\"url\":\"/api/employee/get-employees?organizationId=6772156b15a6f5e05c8a29c9\",\"status\":\"304\",\"responseTime\":\"64.396\"}","timestamp":"2025-01-14T09:28:32.076Z"}
{"level":"\u001b[32minfo\u001b[39m","message":"{\"method\":\"POST\",\"url\":\"/api/leave/fetch-leave\",\"status\":\"200\",\"responseTime\":\"139.846\"}","timestamp":"2025-01-14T09:28:32.243Z"}
{"level":"\u001b[32minfo\u001b[39m","message":"{\"method\":\"GET\",\"url\":\"/api/employee/get-employees?organizationId=6772156b15a6f5e05c8a29c9\",\"status\":\"304\",\"responseTime\":\"159.786\"}","timestamp":"2025-01-14T09:28:32.256Z"}
{"level":"\u001b[32minfo\u001b[39m","message":"{\"method\":\"GET\",\"url\":\"/api/employee/get-employees?organizationId=6772156b15a6f5e05c8a29c9\",\"status\":\"304\",\"responseTime\":\"127.934\"}","timestamp":"2025-01-14T09:28:32.391Z"}
{"level":"\u001b[32minfo\u001b[39m","message":"{\"method\":\"GET\",\"url\":\"/api/employee/get-employees?organizationId=6772156b15a6f5e05c8a29c9\",\"status\":\"304\",\"responseTime\":\"70.942\"}","timestamp":"2025-01-14T09:28:32.467Z"}
{"level":"\u001b[32minfo\u001b[39m","message":"{\"method\":\"GET\",\"url\":\"/api/attendence/get-policy?organizationId=6772156b15a6f5e05c8a29c9\",\"status\":\"304\",\"responseTime\":\"114.566\"}","timestamp":"2025-01-14T09:28:34.708Z"}
{"level":"\u001b[32minfo\u001b[39m","message":"{\"method\":\"GET\",\"url\":\"/api/employee/get-employees?organizationId=6772156b15a6f5e05c8a29c9\",\"status\":\"304\",\"responseTime\":\"56.154\"}","timestamp":"2025-01-14T09:28:37.844Z"}
{"level":"\u001b[32minfo\u001b[39m","message":"{\"method\":\"POST\",\"url\":\"/api/leave/fetch-leave\",\"status\":\"200\",\"responseTime\":\"68.999\"}","timestamp":"2025-01-14T09:28:37.940Z"}
{"level":"\u001b[32minfo\u001b[39m","message":"{\"method\":\"GET\",\"url\":\"/api/employee/get-employees?organizationId=6772156b15a6f5e05c8a29c9\",\"status\":\"304\",\"responseTime\":\"80.693\"}","timestamp":"2025-01-14T09:28:37.945Z"}
{"level":"\u001b[32minfo\u001b[39m","message":"{\"method\":\"GET\",\"url\":\"/api/employee/get-employees?organizationId=6772156b15a6f5e05c8a29c9\",\"status\":\"304\",\"responseTime\":\"75.341\"}","timestamp":"2025-01-14T09:28:38.029Z"}
{"level":"\u001b[32minfo\u001b[39m","message":"{\"method\":\"GET\",\"url\":\"/api/employee/get-employees?organizationId=6772156b15a6f5e05c8a29c9\",\"status\":\"304\",\"responseTime\":\"50.432\"}","timestamp":"2025-01-14T09:28:38.089Z"}
{"level":"\u001b[32minfo\u001b[39m","message":"{\"method\":\"GET\",\"url\":\"/api/employee/get-employees?organizationId=6772156b15a6f5e05c8a29c9\",\"status\":\"304\",\"responseTime\":\"75.069\"}","timestamp":"2025-01-14T09:29:01.891Z"}
{"level":"\u001b[32minfo\u001b[39m","message":"{\"method\":\"POST\",\"url\":\"/api/leave/fetch-leave\",\"status\":\"200\",\"responseTime\":\"63.717\"}","timestamp":"2025-01-14T09:29:01.978Z"}
{"level":"\u001b[32minfo\u001b[39m","message":"{\"method\":\"GET\",\"url\":\"/api/employee/get-employees?organizationId=6772156b15a6f5e05c8a29c9\",\"status\":\"304\",\"responseTime\":\"72.953\"}","timestamp":"2025-01-14T09:29:01.981Z"}
{"level":"\u001b[32minfo\u001b[39m","message":"{\"method\":\"GET\",\"url\":\"/api/employee/get-employees?organizationId=6772156b15a6f5e05c8a29c9\",\"status\":\"304\",\"responseTime\":\"131.949\"}","timestamp":"2025-01-14T09:29:02.121Z"}
{"level":"\u001b[32minfo\u001b[39m","message":"{\"method\":\"GET\",\"url\":\"/api/employee/get-employees?organizationId=6772156b15a6f5e05c8a29c9\",\"status\":\"304\",\"responseTime\":\"46.538\"}","timestamp":"2025-01-14T09:29:02.173Z"}
{"level":"\u001b[32minfo\u001b[39m","message":"{\"method\":\"GET\",\"url\":\"/api/attendence/get-policy?organizationId=6772156b15a6f5e05c8a29c9\",\"status\":\"304\",\"responseTime\":\"50.880\"}","timestamp":"2025-01-14T09:29:05.484Z"}
{"level":"\u001b[32minfo\u001b[39m","message":"{\"method\":\"GET\",\"url\":\"/api/attendence/get-attendence?employeeEmail=moideenshacpcp10%40gmail.com\",\"status\":\"401\",\"responseTime\":\"2.344\"}","timestamp":"2025-01-14T09:31:01.005Z"}
{"level":"\u001b[32minfo\u001b[39m","message":"{\"method\":\"GET\",\"url\":\"/api/attendence/get-attendence?employeeEmail=moideenshacpcp10%40gmail.com\",\"status\":\"304\",\"responseTime\":\"70.397\"}","timestamp":"2025-01-14T09:31:01.191Z"}
{"level":"\u001b[32minfo\u001b[39m","message":"{\"method\":\"GET\",\"url\":\"/api/attendence/get-attendence?employeeEmail=moideenshacpcp10%40gmail.com\",\"status\":\"304\",\"responseTime\":\"52.624\"}","timestamp":"2025-01-14T09:31:04.406Z"}
{"level":"\u001b[32minfo\u001b[39m","message":"{\"method\":\"POST\",\"url\":\"/api/leave/fetch-leave\",\"status\":\"200\",\"responseTime\":\"46.179\"}","timestamp":"2025-01-14T09:31:06.118Z"}
{"level":"\u001b[32minfo\u001b[39m","message":"{\"method\":\"POST\",\"url\":\"/api/leave/fetch-leave\",\"status\":\"200\",\"responseTime\":\"277.812\"}","timestamp":"2025-01-14T09:31:47.101Z"}
{"level":"\u001b[32minfo\u001b[39m","message":"{\"method\":\"GET\",\"url\":\"/api/attendence/get-attendence?employeeEmail=moideenshacpcp10%40gmail.com\",\"status\":\"304\",\"responseTime\":\"114.854\"}","timestamp":"2025-01-14T09:31:48.540Z"}
{"level":"\u001b[32minfo\u001b[39m","message":"{\"method\":\"POST\",\"url\":\"/api/leave/fetch-leave\",\"status\":\"200\",\"responseTime\":\"83.137\"}","timestamp":"2025-01-14T09:31:50.985Z"}
{"level":"\u001b[32minfo\u001b[39m","message":"{\"method\":\"GET\",\"url\":\"/api/employee/fetch-EmployeesCount?organizationId=6772156b15a6f5e05c8a29c9\",\"status\":\"304\",\"responseTime\":\"59.883\"}","timestamp":"2025-01-14T09:33:46.257Z"}
{"level":"\u001b[32minfo\u001b[39m","message":"{\"method\":\"GET\",\"url\":\"/api/employee/get-employees?organizationId=6772156b15a6f5e05c8a29c9\",\"status\":\"304\",\"responseTime\":\"160.498\"}","timestamp":"2025-01-14T09:33:48.813Z"}
{"level":"\u001b[32minfo\u001b[39m","message":"{\"method\":\"POST\",\"url\":\"/api/employee/add-position\",\"status\":\"200\",\"responseTime\":\"910.840\"}","timestamp":"2025-01-14T09:38:52.779Z"}
{"level":"\u001b[32minfo\u001b[39m","message":"{\"method\":\"POST\",\"url\":\"/api/employee/add-position\",\"status\":\"400\",\"responseTime\":\"502.772\"}","timestamp":"2025-01-14T09:39:05.381Z"}
{"level":"\u001b[32minfo\u001b[39m","message":"{\"method\":\"POST\",\"url\":\"/api/employee/fetch-position\",\"status\":\"500\",\"responseTime\":\"65.497\"}","timestamp":"2025-01-14T09:42:25.597Z"}
{"level":"\u001b[32minfo\u001b[39m","message":"{\"method\":\"GET\",\"url\":\"/api/employee/get-employees?organizationId=6772156b15a6f5e05c8a29c9\",\"status\":\"304\",\"responseTime\":\"86.582\"}","timestamp":"2025-01-14T09:42:25.611Z"}
{"level":"\u001b[32minfo\u001b[39m","message":"{\"method\":\"POST\",\"url\":\"/api/employee/fetch-position\",\"status\":\"500\",\"responseTime\":\"40.140\"}","timestamp":"2025-01-14T09:42:38.111Z"}
{"level":"\u001b[32minfo\u001b[39m","message":"{\"method\":\"GET\",\"url\":\"/api/employee/get-employees?organizationId=6772156b15a6f5e05c8a29c9\",\"status\":\"304\",\"responseTime\":\"75.539\"}","timestamp":"2025-01-14T09:42:38.127Z"}
{"level":"\u001b[32minfo\u001b[39m","message":"{\"method\":\"POST\",\"url\":\"/api/employee/fetch-position\",\"status\":\"500\",\"responseTime\":\"25.157\"}","timestamp":"2025-01-14T09:43:13.566Z"}
{"level":"\u001b[32minfo\u001b[39m","message":"{\"method\":\"POST\",\"url\":\"/api/employee/fetch-position\",\"status\":\"500\",\"responseTime\":\"73.013\"}","timestamp":"2025-01-14T09:43:53.033Z"}
{"level":"\u001b[32minfo\u001b[39m","message":"{\"method\":\"GET\",\"url\":\"/api/employee/get-employees?organizationId=6772156b15a6f5e05c8a29c9\",\"status\":\"304\",\"responseTime\":\"167.239\"}","timestamp":"2025-01-14T09:43:53.067Z"}
{"level":"\u001b[32minfo\u001b[39m","message":"{\"method\":\"POST\",\"url\":\"/api/employee/fetch-position\",\"status\":\"500\",\"responseTime\":\"79.884\"}","timestamp":"2025-01-14T09:45:07.855Z"}
{"level":"\u001b[32minfo\u001b[39m","message":"{\"method\":\"GET\",\"url\":\"/api/employee/get-employees?organizationId=6772156b15a6f5e05c8a29c9\",\"status\":\"304\",\"responseTime\":\"312.049\"}","timestamp":"2025-01-14T09:45:07.995Z"}
{"level":"\u001b[32minfo\u001b[39m","message":"{\"method\":\"GET\",\"url\":\"/api/employee/get-employees?organizationId=6772156b15a6f5e05c8a29c9\",\"status\":\"304\",\"responseTime\":\"210.648\"}","timestamp":"2025-01-14T09:47:07.363Z"}
{"level":"\u001b[32minfo\u001b[39m","message":"{\"method\":\"POST\",\"url\":\"/api/employee/fetch-position\",\"status\":\"200\",\"responseTime\":\"144.665\"}","timestamp":"2025-01-14T09:47:07.377Z"}
{"level":"\u001b[32minfo\u001b[39m","message":"{\"method\":\"POST\",\"url\":\"/api/employee/fetch-position\",\"status\":\"200\",\"responseTime\":\"59.633\"}","timestamp":"2025-01-14T09:47:55.596Z"}
{"level":"\u001b[32minfo\u001b[39m","message":"{\"method\":\"GET\",\"url\":\"/api/employee/get-employees?organizationId=6772156b15a6f5e05c8a29c9\",\"status\":\"304\",\"responseTime\":\"82.770\"}","timestamp":"2025-01-14T09:47:58.617Z"}
{"level":"\u001b[32minfo\u001b[39m","message":"{\"method\":\"POST\",\"url\":\"/api/employee/fetch-position\",\"status\":\"200\",\"responseTime\":\"80.765\"}","timestamp":"2025-01-14T09:47:58.624Z"}
{"level":"\u001b[32minfo\u001b[39m","message":"{\"method\":\"POST\",\"url\":\"/api/employee/fetch-position\",\"status\":\"200\",\"responseTime\":\"99.198\"}","timestamp":"2025-01-14T09:48:17.654Z"}
{"level":"\u001b[32minfo\u001b[39m","message":"{\"method\":\"GET\",\"url\":\"/api/employee/get-employees?organizationId=6772156b15a6f5e05c8a29c9\",\"status\":\"304\",\"responseTime\":\"115.433\"}","timestamp":"2025-01-14T09:48:17.661Z"}
{"level":"\u001b[32minfo\u001b[39m","message":"{\"method\":\"GET\",\"url\":\"/api/employee/get-employees?organizationId=6772156b15a6f5e05c8a29c9\",\"status\":\"304\",\"responseTime\":\"60.363\"}","timestamp":"2025-01-14T09:48:19.616Z"}
{"level":"\u001b[32minfo\u001b[39m","message":"{\"method\":\"POST\",\"url\":\"/api/employee/fetch-position\",\"status\":\"200\",\"responseTime\":\"61.455\"}","timestamp":"2025-01-14T09:48:19.626Z"}
{"level":"\u001b[32minfo\u001b[39m","message":"{\"method\":\"GET\",\"url\":\"/api/employee/get-employees?organizationId=6772156b15a6f5e05c8a29c9\",\"status\":\"304\",\"responseTime\":\"104.516\"}","timestamp":"2025-01-14T09:48:29.657Z"}
{"level":"\u001b[32minfo\u001b[39m","message":"{\"method\":\"POST\",\"url\":\"/api/employee/fetch-position\",\"status\":\"200\",\"responseTime\":\"126.954\"}","timestamp":"2025-01-14T09:48:29.694Z"}
{"level":"\u001b[32minfo\u001b[39m","message":"{\"method\":\"GET\",\"url\":\"/api/employee/get-employees?organizationId=6772156b15a6f5e05c8a29c9\",\"status\":\"304\",\"responseTime\":\"52.632\"}","timestamp":"2025-01-14T09:48:34.570Z"}
{"level":"\u001b[32minfo\u001b[39m","message":"{\"method\":\"POST\",\"url\":\"/api/employee/fetch-position\",\"status\":\"200\",\"responseTime\":\"63.373\"}","timestamp":"2025-01-14T09:48:34.589Z"}
{"level":"\u001b[32minfo\u001b[39m","message":"{\"method\":\"GET\",\"url\":\"/api/employee/get-employees?organizationId=6772156b15a6f5e05c8a29c9\",\"status\":\"304\",\"responseTime\":\"580.994\"}","timestamp":"2025-01-14T09:48:46.451Z"}
{"level":"\u001b[32minfo\u001b[39m","message":"{\"method\":\"POST\",\"url\":\"/api/employee/fetch-position\",\"status\":\"200\",\"responseTime\":\"570.212\"}","timestamp":"2025-01-14T09:48:46.459Z"}
{"level":"\u001b[32minfo\u001b[39m","message":"{\"method\":\"GET\",\"url\":\"/api/employee/get-employees?organizationId=6772156b15a6f5e05c8a29c9\",\"status\":\"304\",\"responseTime\":\"97.283\"}","timestamp":"2025-01-14T09:49:11.724Z"}
{"level":"\u001b[32minfo\u001b[39m","message":"{\"method\":\"POST\",\"url\":\"/api/employee/fetch-position\",\"status\":\"200\",\"responseTime\":\"91.484\"}","timestamp":"2025-01-14T09:49:11.731Z"}
{"level":"\u001b[32minfo\u001b[39m","message":"{\"method\":\"POST\",\"url\":\"/api/employee/fetch-position\",\"status\":\"200\",\"responseTime\":\"54.211\"}","timestamp":"2025-01-14T09:50:14.590Z"}
{"level":"\u001b[32minfo\u001b[39m","message":"{\"method\":\"POST\",\"url\":\"/api/employee/fetch-position\",\"status\":\"200\",\"responseTime\":\"55.912\"}","timestamp":"2025-01-14T09:50:32.572Z"}
{"level":"\u001b[32minfo\u001b[39m","message":"{\"method\":\"POST\",\"url\":\"/api/employee/add-position\",\"status\":\"200\",\"responseTime\":\"283.154\"}","timestamp":"2025-01-14T09:50:44.422Z"}
{"level":"\u001b[32minfo\u001b[39m","message":"{\"method\":\"POST\",\"url\":\"/api/employee/fetch-position\",\"status\":\"200\",\"responseTime\":\"45.892\"}","timestamp":"2025-01-14T09:50:44.490Z"}
{"level":"\u001b[32minfo\u001b[39m","message":"{\"method\":\"GET\",\"url\":\"/api/employee/fetch-EmployeesCount?organizationId=676e862645626fc97cdde07e\",\"status\":\"304\",\"responseTime\":\"49.543\"}","timestamp":"2025-01-14T09:51:14.390Z"}
{"level":"\u001b[32minfo\u001b[39m","message":"{\"method\":\"GET\",\"url\":\"/api/employee/get-employees?organizationId=676e862645626fc97cdde07e\",\"status\":\"304\",\"responseTime\":\"55.812\"}","timestamp":"2025-01-14T09:51:16.129Z"}
{"level":"\u001b[32minfo\u001b[39m","message":"{\"method\":\"POST\",\"url\":\"/api/employee/fetch-position\",\"status\":\"400\",\"responseTime\":\"65.428\"}","timestamp":"2025-01-14T09:51:16.150Z"}
{"level":"\u001b[32minfo\u001b[39m","message":"{\"method\":\"POST\",\"url\":\"/api/employee/add-position\",\"status\":\"200\",\"responseTime\":\"178.617\"}","timestamp":"2025-01-14T09:51:25.148Z"}
{"level":"\u001b[32minfo\u001b[39m","message":"{\"method\":\"POST\",\"url\":\"/api/employee/fetch-position\",\"status\":\"200\",\"responseTime\":\"119.464\"}","timestamp":"2025-01-14T09:51:25.289Z"}
{"level":"\u001b[32minfo\u001b[39m","message":"{\"method\":\"GET\",\"url\":\"/api/employee/fetch-EmployeesCount?organizationId=6772156b15a6f5e05c8a29c9\",\"status\":\"304\",\"responseTime\":\"51.451\"}","timestamp":"2025-01-14T09:51:41.697Z"}
{"level":"\u001b[32minfo\u001b[39m","message":"{\"method\":\"POST\",\"url\":\"/api/employee/fetch-position\",\"status\":\"200\",\"responseTime\":\"52.116\"}","timestamp":"2025-01-14T09:51:43.426Z"}
{"level":"\u001b[32minfo\u001b[39m","message":"{\"method\":\"GET\",\"url\":\"/api/employee/get-employees?organizationId=6772156b15a6f5e05c8a29c9\",\"status\":\"304\",\"responseTime\":\"66.656\"}","timestamp":"2025-01-14T09:51:43.431Z"}
{"level":"\u001b[32minfo\u001b[39m","message":"{\"method\":\"POST\",\"url\":\"/api/employee/fetch-position\",\"status\":\"200\",\"responseTime\":\"91.504\"}","timestamp":"2025-01-14T09:55:12.162Z"}
{"level":"\u001b[32minfo\u001b[39m","message":"{\"method\":\"GET\",\"url\":\"/api/employee/fetch-EmployeesCount?organizationId=6772156b15a6f5e05c8a29c9\",\"status\":\"200\",\"responseTime\":\"54.084\"}","timestamp":"2025-01-14T09:55:43.416Z"}
{"level":"\u001b[32minfo\u001b[39m","message":"{\"method\":\"POST\",\"url\":\"/api/employee/fetch-position\",\"status\":\"200\",\"responseTime\":\"70.029\"}","timestamp":"2025-01-14T09:55:44.244Z"}
{"level":"\u001b[32minfo\u001b[39m","message":"{\"method\":\"GET\",\"url\":\"/api/employee/get-employees?organizationId=6772156b15a6f5e05c8a29c9\",\"status\":\"200\",\"responseTime\":\"82.666\"}","timestamp":"2025-01-14T09:55:44.249Z"}
{"level":"\u001b[32minfo\u001b[39m","message":"{\"method\":\"POST\",\"url\":\"/api/employee/fetch-position\",\"status\":\"200\",\"responseTime\":\"61.025\"}","timestamp":"2025-01-14T09:55:46.288Z"}
{"level":"\u001b[32minfo\u001b[39m","message":"{\"method\":\"POST\",\"url\":\"/api/employee/register-employee\",\"status\":\"200\",\"responseTime\":\"156.629\"}","timestamp":"2025-01-14T09:56:19.987Z"}
{"level":"\u001b[32minfo\u001b[39m","message":"{\"method\":\"POST\",\"url\":\"/api/employee/fetch-position\",\"status\":\"200\",\"responseTime\":\"631.236\"}","timestamp":"2025-01-14T10:01:05.916Z"}
{"level":"\u001b[32minfo\u001b[39m","message":"{\"method\":\"GET\",\"url\":\"/api/employee/get-employees?organizationId=6772156b15a6f5e05c8a29c9\",\"status\":\"304\",\"responseTime\":\"737.484\"}","timestamp":"2025-01-14T10:01:05.937Z"}
{"level":"\u001b[32minfo\u001b[39m","message":"{\"method\":\"POST\",\"url\":\"/api/employee/fetch-position\",\"status\":\"200\",\"responseTime\":\"659.876\"}","timestamp":"2025-01-14T10:01:08.691Z"}
{"level":"\u001b[32minfo\u001b[39m","message":"{\"method\":\"POST\",\"url\":\"/api/employee/register-employee\",\"status\":\"200\",\"responseTime\":\"211.454\"}","timestamp":"2025-01-14T10:01:37.005Z"}
{"level":"\u001b[32minfo\u001b[39m","message":"{\"method\":\"GET\",\"url\":\"/api/employee/get-employees?organizationId=6772156b15a6f5e05c8a29c9\",\"status\":\"200\",\"responseTime\":\"87.123\"}","timestamp":"2025-01-14T10:01:40.033Z"}
{"level":"\u001b[32minfo\u001b[39m","message":"{\"method\":\"POST\",\"url\":\"/api/employee/fetch-position\",\"status\":\"200\",\"responseTime\":\"94.522\"}","timestamp":"2025-01-14T10:01:40.054Z"}
{"level":"\u001b[32minfo\u001b[39m","message":"{\"method\":\"GET\",\"url\":\"/api/employee/fetch-EmployeesCount?organizationId=6772156b15a6f5e05c8a29c9\",\"status\":\"200\",\"responseTime\":\"54.450\"}","timestamp":"2025-01-14T10:09:41.601Z"}
{"level":"\u001b[32minfo\u001b[39m","message":"{\"method\":\"GET\",\"url\":\"/api/employee/get-employees?organizationId=6772156b15a6f5e05c8a29c9\",\"status\":\"304\",\"responseTime\":\"160.891\"}","timestamp":"2025-01-14T10:09:58.594Z"}
{"level":"\u001b[32minfo\u001b[39m","message":"{\"method\":\"POST\",\"url\":\"/api/employee/fetch-position\",\"status\":\"200\",\"responseTime\":\"163.935\"}","timestamp":"2025-01-14T10:09:58.604Z"}
{"level":"\u001b[32minfo\u001b[39m","message":"{\"method\":\"POST\",\"url\":\"/api/employee/fetch-position\",\"status\":\"200\",\"responseTime\":\"732.909\"}","timestamp":"2025-01-14T10:10:01.842Z"}
{"level":"\u001b[32minfo\u001b[39m","message":"{\"method\":\"POST\",\"url\":\"/api/employee/fetch-position\",\"status\":\"200\",\"responseTime\":\"289.453\"}","timestamp":"2025-01-14T10:12:32.259Z"}
{"level":"\u001b[32minfo\u001b[39m","message":"{\"method\":\"POST\",\"url\":\"/api/employee/update-employee\",\"status\":\"200\",\"responseTime\":\"138.902\"}","timestamp":"2025-01-14T10:12:39.937Z"}
{"level":"\u001b[32minfo\u001b[39m","message":"{\"method\":\"POST\",\"url\":\"/api/employee/fetch-position\",\"status\":\"200\",\"responseTime\":\"45.772\"}","timestamp":"2025-01-14T10:12:43.381Z"}
{"level":"\u001b[32minfo\u001b[39m","message":"{\"method\":\"GET\",\"url\":\"/api/employee/get-employees?organizationId=6772156b15a6f5e05c8a29c9\",\"status\":\"200\",\"responseTime\":\"56.863\"}","timestamp":"2025-01-14T10:12:43.387Z"}
{"level":"\u001b[32minfo\u001b[39m","message":"{\"method\":\"POST\",\"url\":\"/api/employee/fetch-position\",\"status\":\"200\",\"responseTime\":\"1529.059\"}","timestamp":"2025-01-14T10:14:16.620Z"}
{"level":"\u001b[32minfo\u001b[39m","message":"{\"method\":\"POST\",\"url\":\"/api/employee/update-employee\",\"status\":\"200\",\"responseTime\":\"1034.865\"}","timestamp":"2025-01-14T10:14:23.237Z"}
{"level":"\u001b[32minfo\u001b[39m","message":"{\"method\":\"POST\",\"url\":\"/api/employee/update-employee\",\"status\":\"200\",\"responseTime\":\"170.069\"}","timestamp":"2025-01-14T10:15:19.705Z"}
{"level":"\u001b[32minfo\u001b[39m","message":"{\"method\":\"POST\",\"url\":\"/api/employee/update-employee\",\"status\":\"200\",\"responseTime\":\"141.222\"}","timestamp":"2025-01-14T10:15:50.986Z"}
{"level":"\u001b[32minfo\u001b[39m","message":"{\"method\":\"GET\",\"url\":\"/api/employee/get-employees?organizationId=6772156b15a6f5e05c8a29c9\",\"status\":\"200\",\"responseTime\":\"67.622\"}","timestamp":"2025-01-14T10:16:32.416Z"}
{"level":"\u001b[32minfo\u001b[39m","message":"{\"method\":\"POST\",\"url\":\"/api/employee/fetch-position\",\"status\":\"200\",\"responseTime\":\"62.449\"}","timestamp":"2025-01-14T10:16:32.420Z"}
{"level":"\u001b[32minfo\u001b[39m","message":"{\"method\":\"POST\",\"url\":\"/api/employee/fetch-position\",\"status\":\"200\",\"responseTime\":\"56.971\"}","timestamp":"2025-01-14T10:16:33.352Z"}
{"level":"\u001b[32minfo\u001b[39m","message":"{\"method\":\"POST\",\"url\":\"/api/employee/update-employee\",\"status\":\"200\",\"responseTime\":\"63.785\"}","timestamp":"2025-01-14T10:16:40.206Z"}
{"level":"\u001b[32minfo\u001b[39m","message":"{\"method\":\"GET\",\"url\":\"/api/employee/get-employees?organizationId=6772156b15a6f5e05c8a29c9\",\"status\":\"200\",\"responseTime\":\"79.832\"}","timestamp":"2025-01-14T10:16:43.491Z"}
{"level":"\u001b[32minfo\u001b[39m","message":"{\"method\":\"POST\",\"url\":\"/api/employee/fetch-position\",\"status\":\"200\",\"responseTime\":\"82.590\"}","timestamp":"2025-01-14T10:16:43.501Z"}
{"level":"\u001b[32minfo\u001b[39m","message":"{\"method\":\"POST\",\"url\":\"/api/employee/fetch-position\",\"status\":\"200\",\"responseTime\":\"195.578\"}","timestamp":"2025-01-14T10:19:24.704Z"}
{"level":"\u001b[32minfo\u001b[39m","message":"{\"method\":\"POST\",\"url\":\"/api/employee/fetch-position\",\"status\":\"200\",\"responseTime\":\"53.749\"}","timestamp":"2025-01-14T10:19:41.573Z"}
{"level":"\u001b[32minfo\u001b[39m","message":"{\"method\":\"POST\",\"url\":\"/api/employee/fetch-position\",\"status\":\"200\",\"responseTime\":\"866.394\"}","timestamp":"2025-01-14T10:19:47.383Z"}
{"level":"\u001b[32minfo\u001b[39m","message":"{\"method\":\"POST\",\"url\":\"/api/employee/fetch-position\",\"status\":\"200\",\"responseTime\":\"100.601\"}","timestamp":"2025-01-14T10:21:29.638Z"}
{"level":"\u001b[32minfo\u001b[39m","message":"{\"method\":\"POST\",\"url\":\"/api/employee/fetch-position\",\"status\":\"200\",\"responseTime\":\"139.270\"}","timestamp":"2025-01-14T10:21:31.647Z"}
{"level":"\u001b[32minfo\u001b[39m","message":"{\"method\":\"POST\",\"url\":\"/api/employee/fetch-position\",\"status\":\"200\",\"responseTime\":\"212.970\"}","timestamp":"2025-01-14T10:21:39.740Z"}
{"level":"\u001b[32minfo\u001b[39m","message":"{\"method\":\"POST\",\"url\":\"/api/employee/fetch-position\",\"status\":\"200\",\"responseTime\":\"111.818\"}","timestamp":"2025-01-14T10:21:52.639Z"}
{"level":"\u001b[32minfo\u001b[39m","message":"{\"method\":\"POST\",\"url\":\"/api/employee/fetch-position\",\"status\":\"200\",\"responseTime\":\"57.705\"}","timestamp":"2025-01-14T10:22:06.570Z"}
{"level":"\u001b[32minfo\u001b[39m","message":"{\"method\":\"GET\",\"url\":\"/api/employee/fetch-EmployeesCount?organizationId=6772156b15a6f5e05c8a29c9\",\"status\":\"200\",\"responseTime\":\"79.782\"}","timestamp":"2025-01-14T10:22:31.017Z"}
{"level":"\u001b[32minfo\u001b[39m","message":"{\"method\":\"POST\",\"url\":\"/api/employee/fetch-position\",\"status\":\"400\",\"responseTime\":\"57.991\"}","timestamp":"2025-01-14T10:22:31.828Z"}
{"level":"\u001b[32minfo\u001b[39m","message":"{\"method\":\"GET\",\"url\":\"/api/employee/get-employees?organizationId=6772156b15a6f5e05c8a29c9\",\"status\":\"304\",\"responseTime\":\"146.702\"}","timestamp":"2025-01-14T10:22:31.908Z"}
{"level":"\u001b[32minfo\u001b[39m","message":"{\"method\":\"POST\",\"url\":\"/api/employee/add-position\",\"status\":\"200\",\"responseTime\":\"312.428\"}","timestamp":"2025-01-14T10:22:43.331Z"}
{"level":"\u001b[32minfo\u001b[39m","message":"{\"method\":\"POST\",\"url\":\"/api/employee/fetch-position\",\"status\":\"200\",\"responseTime\":\"116.372\"}","timestamp":"2025-01-14T10:22:43.471Z"}
{"level":"\u001b[32minfo\u001b[39m","message":"{\"method\":\"POST\",\"url\":\"/api/employee/add-position\",\"status\":\"200\",\"responseTime\":\"444.040\"}","timestamp":"2025-01-14T10:23:03.675Z"}
{"level":"\u001b[32minfo\u001b[39m","message":"{\"method\":\"POST\",\"url\":\"/api/employee/fetch-position\",\"status\":\"200\",\"responseTime\":\"114.885\"}","timestamp":"2025-01-14T10:23:03.812Z"}
{"level":"\u001b[32minfo\u001b[39m","message":"{\"method\":\"POST\",\"url\":\"/api/employee/fetch-position\",\"status\":\"200\",\"responseTime\":\"73.593\"}","timestamp":"2025-01-14T10:23:17.448Z"}
{"level":"\u001b[32minfo\u001b[39m","message":"{\"method\":\"POST\",\"url\":\"/api/employee/update-employee\",\"status\":\"200\",\"responseTime\":\"72.107\"}","timestamp":"2025-01-14T10:23:25.018Z"}
{"level":"\u001b[32minfo\u001b[39m","message":"{\"method\":\"POST\",\"url\":\"/api/employee/fetch-position\",\"status\":\"200\",\"responseTime\":\"106.580\"}","timestamp":"2025-01-14T10:23:28.519Z"}
{"level":"\u001b[32minfo\u001b[39m","message":"{\"method\":\"GET\",\"url\":\"/api/employee/get-employees?organizationId=6772156b15a6f5e05c8a29c9\",\"status\":\"200\",\"responseTime\":\"280.171\"}","timestamp":"2025-01-14T10:23:28.676Z"}
{"level":"\u001b[32minfo\u001b[39m","message":"{\"method\":\"POST\",\"url\":\"/api/employee/fetch-position\",\"status\":\"200\",\"responseTime\":\"96.232\"}","timestamp":"2025-01-14T10:23:29.716Z"}
{"level":"\u001b[32minfo\u001b[39m","message":"{\"method\":\"POST\",\"url\":\"/api/employee/update-employee\",\"status\":\"200\",\"responseTime\":\"58.469\"}","timestamp":"2025-01-14T10:23:39.458Z"}
{"level":"\u001b[32minfo\u001b[39m","message":"{\"method\":\"POST\",\"url\":\"/api/employee/fetch-position\",\"status\":\"200\",\"responseTime\":\"70.868\"}","timestamp":"2025-01-14T10:23:42.888Z"}
{"level":"\u001b[32minfo\u001b[39m","message":"{\"method\":\"GET\",\"url\":\"/api/employee/get-employees?organizationId=6772156b15a6f5e05c8a29c9\",\"status\":\"200\",\"responseTime\":\"84.715\"}","timestamp":"2025-01-14T10:23:42.894Z"}
{"level":"\u001b[32minfo\u001b[39m","message":"{\"method\":\"POST\",\"url\":\"/api/employee/add-position\",\"status\":\"200\",\"responseTime\":\"196.430\"}","timestamp":"2025-01-14T10:24:50.660Z"}
{"level":"\u001b[32minfo\u001b[39m","message":"{\"method\":\"POST\",\"url\":\"/api/employee/fetch-position\",\"status\":\"200\",\"responseTime\":\"60.482\"}","timestamp":"2025-01-14T10:24:50.742Z"}
{"level":"\u001b[32minfo\u001b[39m","message":"{\"method\":\"GET\",\"url\":\"/api/employee/fetch-EmployeesCount?organizationId=6772156b15a6f5e05c8a29c9\",\"status\":\"304\",\"responseTime\":\"98.528\"}","timestamp":"2025-01-14T10:25:07.689Z"}
{"level":"\u001b[32minfo\u001b[39m","message":"{\"method\":\"POST\",\"url\":\"/api/employee/fetch-position\",\"status\":\"200\",\"responseTime\":\"174.576\"}","timestamp":"2025-01-14T10:25:28.138Z"}
{"level":"\u001b[32minfo\u001b[39m","message":"{\"method\":\"GET\",\"url\":\"/api/employee/get-employees?organizationId=6772156b15a6f5e05c8a29c9\",\"status\":\"304\",\"responseTime\":\"184.899\"}","timestamp":"2025-01-14T10:25:28.141Z"}
{"level":"\u001b[32minfo\u001b[39m","message":"{\"method\":\"POST\",\"url\":\"/api/employee/fetch-position\",\"status\":\"200\",\"responseTime\":\"586.563\"}","timestamp":"2025-01-14T10:25:30.273Z"}
{"level":"\u001b[32minfo\u001b[39m","message":"{\"method\":\"POST\",\"url\":\"/api/employee/update-employee\",\"status\":\"400\",\"responseTime\":\"5.175\"}","timestamp":"2025-01-14T10:25:37.384Z"}
{"level":"\u001b[32minfo\u001b[39m","message":"{\"method\":\"POST\",\"url\":\"/api/employee/update-employee\",\"status\":\"400\",\"responseTime\":\"3.237\"}","timestamp":"2025-01-14T10:25:53.281Z"}
{"level":"\u001b[32minfo\u001b[39m","message":"{\"method\":\"POST\",\"url\":\"/api/employee/update-employee\",\"status\":\"200\",\"responseTime\":\"71.849\"}","timestamp":"2025-01-14T10:26:25.313Z"}
{"level":"\u001b[32minfo\u001b[39m","message":"{\"method\":\"POST\",\"url\":\"/api/employee/fetch-position\",\"status\":\"200\",\"responseTime\":\"59.343\"}","timestamp":"2025-01-14T10:26:28.525Z"}
{"level":"\u001b[32minfo\u001b[39m","message":"{\"method\":\"GET\",\"url\":\"/api/employee/get-employees?organizationId=6772156b15a6f5e05c8a29c9\",\"status\":\"200\",\"responseTime\":\"113.235\"}","timestamp":"2025-01-14T10:26:28.575Z"}
{"level":"\u001b[32minfo\u001b[39m","message":"{\"method\":\"POST\",\"url\":\"/api/employee/fetch-position\",\"status\":\"200\",\"responseTime\":\"563.121\"}","timestamp":"2025-01-14T10:26:32.501Z"}
{"level":"\u001b[32minfo\u001b[39m","message":"{\"method\":\"POST\",\"url\":\"/api/employee/update-employee\",\"status\":\"200\",\"responseTime\":\"135.608\"}","timestamp":"2025-01-14T10:26:38.214Z"}
{"level":"\u001b[32minfo\u001b[39m","message":"{\"method\":\"POST\",\"url\":\"/api/employee/fetch-position\",\"status\":\"200\",\"responseTime\":\"76.745\"}","timestamp":"2025-01-14T10:26:40.630Z"}
{"level":"\u001b[32minfo\u001b[39m","message":"{\"method\":\"GET\",\"url\":\"/api/employee/get-employees?organizationId=6772156b15a6f5e05c8a29c9\",\"status\":\"200\",\"responseTime\":\"97.638\"}","timestamp":"2025-01-14T10:26:40.642Z"}
{"level":"\u001b[32minfo\u001b[39m","message":"{\"method\":\"POST\",\"url\":\"/api/employee/fetch-position\",\"status\":\"200\",\"responseTime\":\"184.899\"}","timestamp":"2025-01-14T10:26:41.895Z"}
{"level":"\u001b[32minfo\u001b[39m","message":"{\"method\":\"POST\",\"url\":\"/api/employee/update-employee\",\"status\":\"200\",\"responseTime\":\"60.034\"}","timestamp":"2025-01-14T10:26:46.862Z"}
{"level":"\u001b[32minfo\u001b[39m","message":"{\"method\":\"GET\",\"url\":\"/api/employee/get-employees?organizationId=6772156b15a6f5e05c8a29c9\",\"status\":\"200\",\"responseTime\":\"62.123\"}","timestamp":"2025-01-14T10:26:48.883Z"}
{"level":"\u001b[32minfo\u001b[39m","message":"{\"method\":\"POST\",\"url\":\"/api/employee/fetch-position\",\"status\":\"200\",\"responseTime\":\"58.531\"}","timestamp":"2025-01-14T10:26:48.888Z"}
{"level":"\u001b[32minfo\u001b[39m","message":"{\"method\":\"POST\",\"url\":\"/api/employee/fetch-position\",\"status\":\"200\",\"responseTime\":\"231.136\"}","timestamp":"2025-01-14T10:27:24.461Z"}
{"level":"\u001b[32minfo\u001b[39m","message":"{\"method\":\"POST\",\"url\":\"/api/employee/update-employee\",\"status\":\"400\",\"responseTime\":\"5.953\"}","timestamp":"2025-01-14T10:27:28.664Z"}
{"level":"\u001b[32minfo\u001b[39m","message":"{\"method\":\"GET\",\"url\":\"/api/employee/get-employees?organizationId=6772156b15a6f5e05c8a29c9\",\"status\":\"304\",\"responseTime\":\"133.959\"}","timestamp":"2025-01-14T10:28:57.754Z"}
{"level":"\u001b[32minfo\u001b[39m","message":"{\"method\":\"POST\",\"url\":\"/api/employee/fetch-position\",\"status\":\"200\",\"responseTime\":\"136.231\"}","timestamp":"2025-01-14T10:28:57.790Z"}
{"level":"\u001b[32minfo\u001b[39m","message":"{\"method\":\"POST\",\"url\":\"/api/employee/fetch-position\",\"status\":\"200\",\"responseTime\":\"385.468\"}","timestamp":"2025-01-14T10:28:59.073Z"}
{"level":"\u001b[32minfo\u001b[39m","message":"{\"method\":\"POST\",\"url\":\"/api/employee/update-employee\",\"status\":\"200\",\"responseTime\":\"1278.919\"}","timestamp":"2025-01-14T10:29:05.255Z"}
{"level":"\u001b[32minfo\u001b[39m","message":"{\"method\":\"POST\",\"url\":\"/api/employee/fetch-position\",\"status\":\"200\",\"responseTime\":\"690.606\"}","timestamp":"2025-01-14T10:29:09.283Z"}
{"level":"\u001b[32minfo\u001b[39m","message":"{\"method\":\"GET\",\"url\":\"/api/employee/get-employees?organizationId=6772156b15a6f5e05c8a29c9\",\"status\":\"200\",\"responseTime\":\"685.810\"}","timestamp":"2025-01-14T10:29:09.290Z"}
{"level":"\u001b[32minfo\u001b[39m","message":"{\"method\":\"POST\",\"url\":\"/api/employee/fetch-position\",\"status\":\"200\",\"responseTime\":\"64.507\"}","timestamp":"2025-01-14T10:57:33.167Z"}
{"level":"\u001b[32minfo\u001b[39m","message":"{\"method\":\"GET\",\"url\":\"/api/employee/get-employees?organizationId=6772156b15a6f5e05c8a29c9\",\"status\":\"304\",\"responseTime\":\"88.509\"}","timestamp":"2025-01-14T10:57:33.177Z"}
{"level":"\u001b[32minfo\u001b[39m","message":"{\"method\":\"POST\",\"url\":\"/api/employee/fetch-position\",\"status\":\"200\",\"responseTime\":\"67.343\"}","timestamp":"2025-01-14T10:57:34.987Z"}
{"level":"\u001b[32minfo\u001b[39m","message":"{\"method\":\"GET\",\"url\":\"/api/employee/get-employees?organizationId=6772156b15a6f5e05c8a29c9\",\"status\":\"304\",\"responseTime\":\"66.098\"}","timestamp":"2025-01-14T10:57:35.007Z"}
{"level":"\u001b[32minfo\u001b[39m","message":"{\"method\":\"GET\",\"url\":\"/api/employee/fetch-EmployeesCount?organizationId=6772156b15a6f5e05c8a29c9\",\"status\":\"304\",\"responseTime\":\"52.795\"}","timestamp":"2025-01-14T11:00:16.634Z"}
{"level":"\u001b[32minfo\u001b[39m","message":"{\"method\":\"GET\",\"url\":\"/api/employee/fetch-EmployeesCount?organizationId=6772156b15a6f5e05c8a29c9\",\"status\":\"304\",\"responseTime\":\"70.150\"}","timestamp":"2025-01-14T11:00:42.407Z"}
{"level":"\u001b[32minfo\u001b[39m","message":"{\"method\":\"GET\",\"url\":\"/api/employee/fetch-EmployeesCount?organizationId=6772156b15a6f5e05c8a29c9\",\"status\":\"304\",\"responseTime\":\"204.495\"}","timestamp":"2025-01-14T11:01:13.738Z"}
{"level":"\u001b[32minfo\u001b[39m","message":"{\"method\":\"GET\",\"url\":\"/api/employee/fetch-EmployeesCount?organizationId=6772156b15a6f5e05c8a29c9\",\"status\":\"304\",\"responseTime\":\"406.324\"}","timestamp":"2025-01-14T11:03:20.922Z"}
{"level":"\u001b[32minfo\u001b[39m","message":"{\"method\":\"GET\",\"url\":\"/api/employee/fetch-EmployeesCount?organizationId=6772156b15a6f5e05c8a29c9\",\"status\":\"304\",\"responseTime\":\"529.795\"}","timestamp":"2025-01-14T11:22:08.558Z"}
{"level":"\u001b[32minfo\u001b[39m","message":"{\"method\":\"GET\",\"url\":\"/api/employee/fetch-EmployeesCount?organizationId=6772156b15a6f5e05c8a29c9\",\"status\":\"401\",\"responseTime\":\"5.556\"}","timestamp":"2025-01-14T12:25:07.169Z"}
{"level":"\u001b[32minfo\u001b[39m","message":"{\"method\":\"GET\",\"url\":\"/api/employee/fetch-EmployeesCount?organizationId=6772156b15a6f5e05c8a29c9\",\"status\":\"304\",\"responseTime\":\"5101.770\"}","timestamp":"2025-01-14T12:25:12.671Z"}
{"level":"\u001b[32minfo\u001b[39m","message":"{\"method\":\"GET\",\"url\":\"/api/employee/fetch-EmployeesCount?organizationId=6772156b15a6f5e05c8a29c9\",\"status\":\"304\",\"responseTime\":\"1679.322\"}","timestamp":"2025-01-14T12:36:43.266Z"}
{"level":"\u001b[32minfo\u001b[39m","message":"{\"method\":\"GET\",\"url\":\"/api/employee/fetch-EmployeesCount?organizationId=6772156b15a6f5e05c8a29c9\",\"status\":\"200\",\"responseTime\":\"224.015\"}","timestamp":"2025-01-14T12:39:18.276Z"}
{"level":"\u001b[32minfo\u001b[39m","message":"{\"method\":\"GET\",\"url\":\"/api/employee/fetch-EmployeesCount?organizationId=6772156b15a6f5e05c8a29c9\",\"status\":\"304\",\"responseTime\":\"2135.530\"}","timestamp":"2025-01-14T12:39:34.720Z"}
{"level":"\u001b[32minfo\u001b[39m","message":"{\"method\":\"GET\",\"url\":\"/api/employee/fetch-EmployeesCount?organizationId=6772156b15a6f5e05c8a29c9\",\"status\":\"304\",\"responseTime\":\"140.111\"}","timestamp":"2025-01-14T12:40:16.709Z"}
{"level":"\u001b[32minfo\u001b[39m","message":"{\"method\":\"GET\",\"url\":\"/api/employee/fetch-EmployeesCount?organizationId=6772156b15a6f5e05c8a29c9\",\"status\":\"304\",\"responseTime\":\"60.381\"}","timestamp":"2025-01-14T12:40:27.331Z"}
{"level":"\u001b[32minfo\u001b[39m","message":"{\"method\":\"GET\",\"url\":\"/api/employee/fetch-EmployeesCount?organizationId=6772156b15a6f5e05c8a29c9\",\"status\":\"304\",\"responseTime\":\"1540.100\"}","timestamp":"2025-01-14T12:40:44.915Z"}
{"level":"\u001b[32minfo\u001b[39m","message":"{\"method\":\"GET\",\"url\":\"/api/employee/fetch-EmployeesCount\",\"status\":\"404\",\"responseTime\":\"3.017\"}","timestamp":"2025-01-14T12:40:48.556Z"}
{"level":"\u001b[32minfo\u001b[39m","message":"{\"method\":\"GET\",\"url\":\"/api/employee/fetch-EmployeesCount?organizationId=6772156b15a6f5e05c8a29c9\",\"status\":\"304\",\"responseTime\":\"140.381\"}","timestamp":"2025-01-14T12:41:06.658Z"}
{"level":"\u001b[32minfo\u001b[39m","message":"{\"method\":\"GET\",\"url\":\"/api/employee/fetch-EmployeesCount?organizationId=6772156b15a6f5e05c8a29c9\",\"status\":\"304\",\"responseTime\":\"481.191\"}","timestamp":"2025-01-14T12:44:24.012Z"}
{"level":"\u001b[32minfo\u001b[39m","message":"{\"method\":\"GET\",\"url\":\"/api/attendence/get-attendence?employeeEmail=moideenshacpcp10%40gmail.com\",\"status\":\"304\",\"responseTime\":\"351.980\"}","timestamp":"2025-01-14T12:51:55.057Z"}
{"level":"\u001b[32minfo\u001b[39m","message":"{\"method\":\"POST\",\"url\":\"/api/leave/fetch-leave\",\"status\":\"200\",\"responseTime\":\"1650.691\"}","timestamp":"2025-01-14T12:51:56.568Z"}
{"level":"\u001b[32minfo\u001b[39m","message":"{\"method\":\"POST\",\"url\":\"/api/leave/fetch-leave\",\"status\":\"200\",\"responseTime\":\"208.027\"}","timestamp":"2025-01-14T12:52:54.248Z"}
{"level":"\u001b[32minfo\u001b[39m","message":"{\"method\":\"POST\",\"url\":\"/api/leave/fetch-leave\",\"status\":\"200\",\"responseTime\":\"164.095\"}","timestamp":"2025-01-14T12:52:59.774Z"}
{"level":"\u001b[32minfo\u001b[39m","message":"{\"method\":\"GET\",\"url\":\"/api/attendence/get-attendence?employeeEmail=moideenshacpcp10%40gmail.com\",\"status\":\"304\",\"responseTime\":\"149.102\"}","timestamp":"2025-01-14T12:53:00.498Z"}
{"level":"\u001b[32minfo\u001b[39m","message":"{\"method\":\"GET\",\"url\":\"/api/employee/get-employees?organizationId=6772156b15a6f5e05c8a29c9\",\"status\":\"304\",\"responseTime\":\"580.165\"}","timestamp":"2025-01-14T12:58:54.997Z"}
{"level":"\u001b[32minfo\u001b[39m","message":"{\"method\":\"POST\",\"url\":\"/api/employee/fetch-position\",\"status\":\"200\",\"responseTime\":\"998.398\"}","timestamp":"2025-01-14T12:58:55.424Z"}
{"level":"\u001b[32minfo\u001b[39m","message":"{\"method\":\"GET\",\"url\":\"/api/employee/fetch-EmployeesCount?organizationId=6772156b15a6f5e05c8a29c9\",\"status\":\"304\",\"responseTime\":\"107.716\"}","timestamp":"2025-01-14T12:58:57.371Z"}
{"level":"\u001b[32minfo\u001b[39m","message":"{\"method\":\"GET\",\"url\":\"/api/employee/fetch-EmployeesCount?organizationId=6772156b15a6f5e05c8a29c9\",\"status\":\"304\",\"responseTime\":\"1298.397\"}","timestamp":"2025-01-14T13:00:02.293Z"}
{"level":"\u001b[32minfo\u001b[39m","message":"{\"method\":\"GET\",\"url\":\"/api/employee/fetch-EmployeesCount?organizationId=6772156b15a6f5e05c8a29c9\",\"status\":\"304\",\"responseTime\":\"52.390\"}","timestamp":"2025-01-14T13:09:30.590Z"}
{"level":"\u001b[32minfo\u001b[39m","message":"{\"method\":\"GET\",\"url\":\"/api/employee/fetch-EmployeesCount?organizationId=6772156b15a6f5e05c8a29c9\",\"status\":\"304\",\"responseTime\":\"80.236\"}","timestamp":"2025-01-14T13:10:36.605Z"}
{"level":"\u001b[32minfo\u001b[39m","message":"{\"method\":\"GET\",\"url\":\"/api/employee/fetch-EmployeesCount?organizationId=6772156b15a6f5e05c8a29c9\",\"status\":\"304\",\"responseTime\":\"63.502\"}","timestamp":"2025-01-14T13:15:28.302Z"}
{"level":"\u001b[32minfo\u001b[39m","message":"{\"method\":\"GET\",\"url\":\"/api/employee/fetch-EmployeesCount?organizationId=6772156b15a6f5e05c8a29c9\",\"status\":\"304\",\"responseTime\":\"56.141\"}","timestamp":"2025-01-14T13:15:30.526Z"}
{"level":"\u001b[32minfo\u001b[39m","message":"{\"method\":\"POST\",\"url\":\"/api/employee/fetch-position\",\"status\":\"200\",\"responseTime\":\"172.288\"}","timestamp":"2025-01-14T13:15:31.407Z"}
{"level":"\u001b[32minfo\u001b[39m","message":"{\"method\":\"GET\",\"url\":\"/api/employee/get-employees?organizationId=6772156b15a6f5e05c8a29c9\",\"status\":\"304\",\"responseTime\":\"184.794\"}","timestamp":"2025-01-14T13:15:31.412Z"}
{"level":"\u001b[32minfo\u001b[39m","message":"{\"method\":\"GET\",\"url\":\"/api/employee/fetch-EmployeesCount?organizationId=6772156b15a6f5e05c8a29c9\",\"status\":\"304\",\"responseTime\":\"168.338\"}","timestamp":"2025-01-14T13:15:32.726Z"}
{"level":"\u001b[32minfo\u001b[39m","message":"{\"method\":\"GET\",\"url\":\"/api/employee/fetch-EmployeesCount?organizationId=6772156b15a6f5e05c8a29c9\",\"status\":\"304\",\"responseTime\":\"158.343\"}","timestamp":"2025-01-14T13:15:33.551Z"}
{"level":"\u001b[32minfo\u001b[39m","message":"{\"method\":\"GET\",\"url\":\"/api/employee/fetch-EmployeesCount?organizationId=6772156b15a6f5e05c8a29c9\",\"status\":\"304\",\"responseTime\":\"122.212\"}","timestamp":"2025-01-14T13:15:34.256Z"}
{"level":"\u001b[32minfo\u001b[39m","message":"{\"method\":\"GET\",\"url\":\"/api/employee/fetch-EmployeesCount?organizationId=6772156b15a6f5e05c8a29c9\",\"status\":\"304\",\"responseTime\":\"181.255\"}","timestamp":"2025-01-14T13:15:35.082Z"}
{"level":"\u001b[32minfo\u001b[39m","message":"{\"method\":\"GET\",\"url\":\"/api/employee/fetch-EmployeesCount?organizationId=6772156b15a6f5e05c8a29c9\",\"status\":\"304\",\"responseTime\":\"870.818\"}","timestamp":"2025-01-14T13:15:36.512Z"}
{"level":"\u001b[32minfo\u001b[39m","message":"{\"method\":\"GET\",\"url\":\"/api/employee/fetch-EmployeesCount?organizationId=6772156b15a6f5e05c8a29c9\",\"status\":\"304\",\"responseTime\":\"95.613\"}","timestamp":"2025-01-14T13:21:46.847Z"}
{"level":"\u001b[32minfo\u001b[39m","message":"{\"method\":\"GET\",\"url\":\"/api/employee/fetch-EmployeesCount?organizationId=6772156b15a6f5e05c8a29c9\",\"status\":\"304\",\"responseTime\":\"154.470\"}","timestamp":"2025-01-14T13:22:01.139Z"}
{"level":"\u001b[32minfo\u001b[39m","message":"{\"method\":\"GET\",\"url\":\"/api/employee/fetch-EmployeesCount?organizationId=6772156b15a6f5e05c8a29c9\",\"status\":\"304\",\"responseTime\":\"502.151\"}","timestamp":"2025-01-14T13:22:13.839Z"}
