{"level":"\u001b[32minfo\u001b[39m","message":"{\"method\":\"GET\",\"url\":\"/api/attendence/get-attendence?employeeEmail=moideenshacpcp10%40gmail.com\",\"status\":\"304\",\"responseTime\":\"398.089\"}","timestamp":"2025-01-15T03:33:39.936Z"}
{"level":"\u001b[32minfo\u001b[39m","message":"{\"method\":\"POST\",\"url\":\"/api/attendence/handle-attendence\",\"status\":\"200\",\"responseTime\":\"184.798\"}","timestamp":"2025-01-15T03:33:42.508Z"}
{"level":"\u001b[32minfo\u001b[39m","message":"{\"method\":\"GET\",\"url\":\"/api/attendence/get-attendence?employeeEmail=moideenshacpcp10%40gmail.com\",\"status\":\"200\",\"responseTime\":\"49.526\"}","timestamp":"2025-01-15T03:33:42.604Z"}
{"level":"\u001b[32minfo\u001b[39m","message":"{\"method\":\"GET\",\"url\":\"/api/employee/fetch-EmployeesCount?organizationId=67869a6a1514145a64988362\",\"status\":\"304\",\"responseTime\":\"57.510\"}","timestamp":"2025-01-15T03:34:17.462Z"}
{"level":"\u001b[32minfo\u001b[39m","message":"{\"method\":\"GET\",\"url\":\"/api/employee/get-employees?organizationId=67869a6a1514145a64988362\",\"status\":\"304\",\"responseTime\":\"50.665\"}","timestamp":"2025-01-15T03:34:19.415Z"}
{"level":"\u001b[32minfo\u001b[39m","message":"{\"method\":\"POST\",\"url\":\"/api/employee/fetch-position\",\"status\":\"200\",\"responseTime\":\"1031.987\"}","timestamp":"2025-01-15T03:34:20.402Z"}
{"level":"\u001b[32minfo\u001b[39m","message":"{\"method\":\"GET\",\"url\":\"/api/employee/get-employees?organizationId=67869a6a1514145a64988362\",\"status\":\"304\",\"responseTime\":\"50.086\"}","timestamp":"2025-01-15T03:36:30.055Z"}
{"level":"\u001b[32minfo\u001b[39m","message":"{\"method\":\"GET\",\"url\":\"/api/employee/get-employees?organizationId=67869a6a1514145a64988362\",\"status\":\"304\",\"responseTime\":\"56.672\"}","timestamp":"2025-01-15T03:36:30.139Z"}
{"level":"\u001b[32minfo\u001b[39m","message":"{\"method\":\"POST\",\"url\":\"/api/leave/fetch-leave\",\"status\":\"200\",\"responseTime\":\"53.737\"}","timestamp":"2025-01-15T03:36:30.144Z"}
{"level":"\u001b[32minfo\u001b[39m","message":"{\"method\":\"GET\",\"url\":\"/api/employee/get-employees?organizationId=67869a6a1514145a64988362\",\"status\":\"304\",\"responseTime\":\"50.595\"}","timestamp":"2025-01-15T03:36:30.200Z"}
{"level":"\u001b[32minfo\u001b[39m","message":"{\"method\":\"GET\",\"url\":\"/api/employee/get-employees?organizationId=67869a6a1514145a64988362\",\"status\":\"304\",\"responseTime\":\"57.989\"}","timestamp":"2025-01-15T03:36:30.266Z"}
{"level":"\u001b[32minfo\u001b[39m","message":"{\"method\":\"GET\",\"url\":\"/api/attendence/get-policy?organizationId=67869a6a1514145a64988362\",\"status\":\"304\",\"responseTime\":\"44.905\"}","timestamp":"2025-01-15T03:36:31.804Z"}
{"level":"\u001b[32minfo\u001b[39m","message":"{\"method\":\"GET\",\"url\":\"/api/employee/get-employees?organizationId=67869a6a1514145a64988362\",\"status\":\"304\",\"responseTime\":\"43.504\"}","timestamp":"2025-01-15T03:36:32.948Z"}
{"level":"\u001b[32minfo\u001b[39m","message":"{\"method\":\"POST\",\"url\":\"/api/leave/fetch-leave\",\"status\":\"200\",\"responseTime\":\"45.232\"}","timestamp":"2025-01-15T03:36:33.007Z"}
{"level":"\u001b[32minfo\u001b[39m","message":"{\"method\":\"GET\",\"url\":\"/api/employee/get-employees?organizationId=67869a6a1514145a64988362\",\"status\":\"304\",\"responseTime\":\"57.428\"}","timestamp":"2025-01-15T03:36:33.022Z"}
{"level":"\u001b[32minfo\u001b[39m","message":"{\"method\":\"GET\",\"url\":\"/api/employee/get-employees?organizationId=67869a6a1514145a64988362\",\"status\":\"304\",\"responseTime\":\"67.978\"}","timestamp":"2025-01-15T03:36:33.099Z"}
{"level":"\u001b[32minfo\u001b[39m","message":"{\"method\":\"GET\",\"url\":\"/api/employee/get-employees?organizationId=67869a6a1514145a64988362\",\"status\":\"304\",\"responseTime\":\"52.250\"}","timestamp":"2025-01-15T03:36:33.158Z"}
{"level":"\u001b[32minfo\u001b[39m","message":"{\"method\":\"GET\",\"url\":\"/api/employee/get-employees?organizationId=67869a6a1514145a64988362\",\"status\":\"304\",\"responseTime\":\"51.073\"}","timestamp":"2025-01-15T03:36:34.370Z"}
{"level":"\u001b[32minfo\u001b[39m","message":"{\"method\":\"POST\",\"url\":\"/api/employee/fetch-position\",\"status\":\"200\",\"responseTime\":\"49.066\"}","timestamp":"2025-01-15T03:36:34.373Z"}
{"level":"\u001b[32minfo\u001b[39m","message":"{\"method\":\"POST\",\"url\":\"/api/employee/fetch-position\",\"status\":\"200\",\"responseTime\":\"55.007\"}","timestamp":"2025-01-15T03:36:35.179Z"}
{"level":"\u001b[32minfo\u001b[39m","message":"{\"method\":\"GET\",\"url\":\"/api/attendence/get-attendence?employeeEmail=moideenshacpcp10%40gmail.com\",\"status\":\"200\",\"responseTime\":\"46.851\"}","timestamp":"2025-01-15T03:36:36.268Z"}
{"level":"\u001b[32minfo\u001b[39m","message":"{\"method\":\"POST\",\"url\":\"/api/employee/fetch-position\",\"status\":\"200\",\"responseTime\":\"46.958\"}","timestamp":"2025-01-15T03:36:39.219Z"}
{"level":"\u001b[32minfo\u001b[39m","message":"{\"method\":\"GET\",\"url\":\"/api/employee/get-employees?organizationId=67869a6a1514145a64988362\",\"status\":\"304\",\"responseTime\":\"69.358\"}","timestamp":"2025-01-15T03:36:39.248Z"}
{"level":"\u001b[32minfo\u001b[39m","message":"{\"method\":\"GET\",\"url\":\"/api/employee/get-employees?organizationId=67869a6a1514145a64988362\",\"status\":\"304\",\"responseTime\":\"48.330\"}","timestamp":"2025-01-15T03:36:40.507Z"}
{"level":"\u001b[32minfo\u001b[39m","message":"{\"method\":\"GET\",\"url\":\"/api/employee/get-employees?organizationId=67869a6a1514145a64988362\",\"status\":\"304\",\"responseTime\":\"48.568\"}","timestamp":"2025-01-15T03:36:40.575Z"}
{"level":"\u001b[32minfo\u001b[39m","message":"{\"method\":\"POST\",\"url\":\"/api/leave/fetch-leave\",\"status\":\"200\",\"responseTime\":\"48.746\"}","timestamp":"2025-01-15T03:36:40.580Z"}
{"level":"\u001b[32minfo\u001b[39m","message":"{\"method\":\"GET\",\"url\":\"/api/employee/get-employees?organizationId=67869a6a1514145a64988362\",\"status\":\"304\",\"responseTime\":\"47.691\"}","timestamp":"2025-01-15T03:36:40.635Z"}
{"level":"\u001b[32minfo\u001b[39m","message":"{\"method\":\"GET\",\"url\":\"/api/employee/get-employees?organizationId=67869a6a1514145a64988362\",\"status\":\"304\",\"responseTime\":\"43.615\"}","timestamp":"2025-01-15T03:36:40.685Z"}
{"level":"\u001b[32minfo\u001b[39m","message":"{\"method\":\"GET\",\"url\":\"/api/attendence/get-policy?organizationId=67869a6a1514145a64988362\",\"status\":\"304\",\"responseTime\":\"43.939\"}","timestamp":"2025-01-15T03:36:45.044Z"}
{"level":"\u001b[32minfo\u001b[39m","message":"{\"method\":\"GET\",\"url\":\"/api/attendence/get-policy?organizationId=67869a6a1514145a64988362\",\"status\":\"304\",\"responseTime\":\"64.021\"}","timestamp":"2025-01-15T03:37:38.595Z"}
{"level":"\u001b[32minfo\u001b[39m","message":"{\"method\":\"GET\",\"url\":\"/api/attendence/get-policy?organizationId=67869a6a1514145a64988362\",\"status\":\"304\",\"responseTime\":\"75.727\"}","timestamp":"2025-01-15T03:37:44.913Z"}
{"level":"\u001b[32minfo\u001b[39m","message":"{\"method\":\"GET\",\"url\":\"/api/attendence/get-policy?organizationId=67869a6a1514145a64988362\",\"status\":\"304\",\"responseTime\":\"55.518\"}","timestamp":"2025-01-15T03:37:49.603Z"}
{"level":"\u001b[32minfo\u001b[39m","message":"{\"method\":\"GET\",\"url\":\"/api/employee/get-employees?organizationId=67869a6a1514145a64988362\",\"status\":\"304\",\"responseTime\":\"43.074\"}","timestamp":"2025-01-15T03:38:24.522Z"}
{"level":"\u001b[32minfo\u001b[39m","message":"{\"method\":\"POST\",\"url\":\"/api/employee/fetch-position\",\"status\":\"200\",\"responseTime\":\"42.107\"}","timestamp":"2025-01-15T03:38:24.526Z"}
{"level":"\u001b[32minfo\u001b[39m","message":"{\"method\":\"GET\",\"url\":\"/api/attendence/get-policy?organizationId=67869a6a1514145a64988362\",\"status\":\"304\",\"responseTime\":\"43.473\"}","timestamp":"2025-01-15T03:38:29.860Z"}
{"level":"\u001b[32minfo\u001b[39m","message":"{\"method\":\"GET\",\"url\":\"/api/employee/get-employees?organizationId=67869a6a1514145a64988362\",\"status\":\"304\",\"responseTime\":\"45.415\"}","timestamp":"2025-01-15T03:38:45.550Z"}
{"level":"\u001b[32minfo\u001b[39m","message":"{\"method\":\"POST\",\"url\":\"/api/employee/fetch-position\",\"status\":\"200\",\"responseTime\":\"43.788\"}","timestamp":"2025-01-15T03:38:45.556Z"}
{"level":"\u001b[32minfo\u001b[39m","message":"{\"method\":\"GET\",\"url\":\"/api/employee/fetch-EmployeesCount?organizationId=67869a6a1514145a64988362\",\"status\":\"304\",\"responseTime\":\"44.594\"}","timestamp":"2025-01-15T03:38:48.553Z"}
{"level":"\u001b[32minfo\u001b[39m","message":"{\"method\":\"GET\",\"url\":\"/api/employee/get-employees?organizationId=67869a6a1514145a64988362\",\"status\":\"304\",\"responseTime\":\"44.458\"}","timestamp":"2025-01-15T03:38:51.094Z"}
{"level":"\u001b[32minfo\u001b[39m","message":"{\"method\":\"POST\",\"url\":\"/api/employee/fetch-position\",\"status\":\"200\",\"responseTime\":\"43.966\"}","timestamp":"2025-01-15T03:38:51.099Z"}
{"level":"\u001b[32minfo\u001b[39m","message":"{\"method\":\"GET\",\"url\":\"/api/employee/get-employees?organizationId=67869a6a1514145a64988362\",\"status\":\"304\",\"responseTime\":\"42.027\"}","timestamp":"2025-01-15T03:38:52.137Z"}
{"level":"\u001b[32minfo\u001b[39m","message":"{\"method\":\"GET\",\"url\":\"/api/employee/get-employees?organizationId=67869a6a1514145a64988362\",\"status\":\"304\",\"responseTime\":\"48.676\"}","timestamp":"2025-01-15T03:38:52.203Z"}
{"level":"\u001b[32minfo\u001b[39m","message":"{\"method\":\"POST\",\"url\":\"/api/leave/fetch-leave\",\"status\":\"200\",\"responseTime\":\"47.216\"}","timestamp":"2025-01-15T03:38:52.207Z"}
{"level":"\u001b[32minfo\u001b[39m","message":"{\"method\":\"GET\",\"url\":\"/api/employee/get-employees?organizationId=67869a6a1514145a64988362\",\"status\":\"304\",\"responseTime\":\"45.591\"}","timestamp":"2025-01-15T03:38:52.258Z"}
{"level":"\u001b[32minfo\u001b[39m","message":"{\"method\":\"GET\",\"url\":\"/api/employee/get-employees?organizationId=67869a6a1514145a64988362\",\"status\":\"304\",\"responseTime\":\"44.054\"}","timestamp":"2025-01-15T03:38:52.310Z"}
{"level":"\u001b[32minfo\u001b[39m","message":"{\"method\":\"GET\",\"url\":\"/api/employee/get-employees?organizationId=67869a6a1514145a64988362\",\"status\":\"304\",\"responseTime\":\"47.914\"}","timestamp":"2025-01-15T03:39:03.874Z"}
{"level":"\u001b[32minfo\u001b[39m","message":"{\"method\":\"GET\",\"url\":\"/api/employee/get-employees?organizationId=67869a6a1514145a64988362\",\"status\":\"304\",\"responseTime\":\"78.254\"}","timestamp":"2025-01-15T03:39:07.879Z"}
{"level":"\u001b[32minfo\u001b[39m","message":"{\"method\":\"GET\",\"url\":\"/api/attendence/get-policy?organizationId=67869a6a1514145a64988362\",\"status\":\"304\",\"responseTime\":\"46.621\"}","timestamp":"2025-01-15T03:39:11.904Z"}
{"level":"\u001b[32minfo\u001b[39m","message":"{\"method\":\"GET\",\"url\":\"/api/attendence/get-policy?organizationId=67869a6a1514145a64988362\",\"status\":\"304\",\"responseTime\":\"53.812\"}","timestamp":"2025-01-15T03:39:28.534Z"}
{"level":"\u001b[32minfo\u001b[39m","message":"{\"method\":\"GET\",\"url\":\"/api/attendence/get-policy?organizationId=67869a6a1514145a64988362\",\"status\":\"304\",\"responseTime\":\"53.347\"}","timestamp":"2025-01-15T03:39:37.944Z"}
{"level":"\u001b[32minfo\u001b[39m","message":"{\"method\":\"GET\",\"url\":\"/api/employee/get-employees?organizationId=67869a6a1514145a64988362\",\"status\":\"304\",\"responseTime\":\"55.901\"}","timestamp":"2025-01-15T03:39:46.348Z"}
{"level":"\u001b[32minfo\u001b[39m","message":"{\"method\":\"POST\",\"url\":\"/api/employee/fetch-position\",\"status\":\"200\",\"responseTime\":\"68.563\"}","timestamp":"2025-01-15T03:39:46.353Z"}
{"level":"\u001b[32minfo\u001b[39m","message":"{\"method\":\"GET\",\"url\":\"/api/employee/get-employees?organizationId=67869a6a1514145a64988362\",\"status\":\"304\",\"responseTime\":\"47.702\"}","timestamp":"2025-01-15T03:39:48.595Z"}
{"level":"\u001b[32minfo\u001b[39m","message":"{\"method\":\"GET\",\"url\":\"/api/employee/get-employees?organizationId=67869a6a1514145a64988362\",\"status\":\"304\",\"responseTime\":\"69.343\"}","timestamp":"2025-01-15T03:39:48.678Z"}
{"level":"\u001b[32minfo\u001b[39m","message":"{\"method\":\"POST\",\"url\":\"/api/leave/fetch-leave\",\"status\":\"200\",\"responseTime\":\"67.640\"}","timestamp":"2025-01-15T03:39:48.681Z"}
{"level":"\u001b[32minfo\u001b[39m","message":"{\"method\":\"GET\",\"url\":\"/api/employee/get-employees?organizationId=67869a6a1514145a64988362\",\"status\":\"304\",\"responseTime\":\"61.948\"}","timestamp":"2025-01-15T03:39:48.747Z"}
{"level":"\u001b[32minfo\u001b[39m","message":"{\"method\":\"GET\",\"url\":\"/api/employee/get-employees?organizationId=67869a6a1514145a64988362\",\"status\":\"304\",\"responseTime\":\"63.638\"}","timestamp":"2025-01-15T03:39:48.817Z"}
{"level":"\u001b[32minfo\u001b[39m","message":"{\"method\":\"GET\",\"url\":\"/api/attendence/get-policy?organizationId=67869a6a1514145a64988362\",\"status\":\"304\",\"responseTime\":\"107.253\"}","timestamp":"2025-01-15T03:39:50.316Z"}
{"level":"\u001b[32minfo\u001b[39m","message":"{\"method\":\"GET\",\"url\":\"/api/employee/fetch-EmployeesCount?organizationId=67869a6a1514145a64988362\",\"status\":\"304\",\"responseTime\":\"64.431\"}","timestamp":"2025-01-15T03:40:09.053Z"}
{"level":"\u001b[32minfo\u001b[39m","message":"{\"method\":\"GET\",\"url\":\"/api/employee/get-employees?organizationId=67869a6a1514145a64988362\",\"status\":\"304\",\"responseTime\":\"51.360\"}","timestamp":"2025-01-15T03:40:10.795Z"}
{"level":"\u001b[32minfo\u001b[39m","message":"{\"method\":\"POST\",\"url\":\"/api/employee/fetch-position\",\"status\":\"200\",\"responseTime\":\"60.983\"}","timestamp":"2025-01-15T03:40:10.820Z"}
{"level":"\u001b[32minfo\u001b[39m","message":"{\"method\":\"POST\",\"url\":\"/api/employee/fetch-position\",\"status\":\"200\",\"responseTime\":\"51.834\"}","timestamp":"2025-01-15T03:40:14.239Z"}
{"level":"\u001b[32minfo\u001b[39m","message":"{\"method\":\"POST\",\"url\":\"/api/employee/fetch-position\",\"status\":\"200\",\"responseTime\":\"55.504\"}","timestamp":"2025-01-15T03:41:27.748Z"}
{"level":"\u001b[32minfo\u001b[39m","message":"{\"method\":\"POST\",\"url\":\"/api/employee/fetch-position\",\"status\":\"200\",\"responseTime\":\"51.111\"}","timestamp":"2025-01-15T03:41:39.546Z"}
{"level":"\u001b[32minfo\u001b[39m","message":"{\"method\":\"GET\",\"url\":\"/api/attendence/get-attendence?employeeEmail=moideenshacpcp10%40gmail.com\",\"status\":\"304\",\"responseTime\":\"154.607\"}","timestamp":"2025-01-15T03:42:12.991Z"}
{"level":"\u001b[32minfo\u001b[39m","message":"{\"method\":\"GET\",\"url\":\"/api/attendence/get-attendence?employeeEmail=moideenshacpcp10%40gmail.com\",\"status\":\"304\",\"responseTime\":\"51.063\"}","timestamp":"2025-01-15T03:42:17.306Z"}
{"level":"\u001b[32minfo\u001b[39m","message":"{\"method\":\"POST\",\"url\":\"/api/employee/fetch-position\",\"status\":\"200\",\"responseTime\":\"127.701\"}","timestamp":"2025-01-15T03:42:21.276Z"}
{"level":"\u001b[32minfo\u001b[39m","message":"{\"method\":\"GET\",\"url\":\"/api/employee/get-employees?organizationId=67869a6a1514145a64988362\",\"status\":\"304\",\"responseTime\":\"107.124\"}","timestamp":"2025-01-15T03:42:39.816Z"}
{"level":"\u001b[32minfo\u001b[39m","message":"{\"method\":\"POST\",\"url\":\"/api/employee/fetch-position\",\"status\":\"200\",\"responseTime\":\"101.346\"}","timestamp":"2025-01-15T03:42:39.820Z"}
{"level":"\u001b[32minfo\u001b[39m","message":"{\"method\":\"POST\",\"url\":\"/api/employee/fetch-position\",\"status\":\"200\",\"responseTime\":\"48.622\"}","timestamp":"2025-01-15T03:42:40.825Z"}
{"level":"\u001b[32minfo\u001b[39m","message":"{\"method\":\"POST\",\"url\":\"/api/employee/fetch-position\",\"status\":\"200\",\"responseTime\":\"129.474\"}","timestamp":"2025-01-15T03:42:58.972Z"}
{"level":"\u001b[32minfo\u001b[39m","message":"{\"method\":\"POST\",\"url\":\"/api/employee/fetch-position\",\"status\":\"200\",\"responseTime\":\"205.168\"}","timestamp":"2025-01-15T03:45:23.045Z"}
{"level":"\u001b[32minfo\u001b[39m","message":"{\"method\":\"POST\",\"url\":\"/api/employee/fetch-position\",\"status\":\"200\",\"responseTime\":\"192.959\"}","timestamp":"2025-01-15T03:46:13.050Z"}
{"level":"\u001b[32minfo\u001b[39m","message":"{\"method\":\"POST\",\"url\":\"/api/employee/fetch-position\",\"status\":\"200\",\"responseTime\":\"139.742\"}","timestamp":"2025-01-15T03:46:45.976Z"}
{"level":"\u001b[32minfo\u001b[39m","message":"{\"method\":\"POST\",\"url\":\"/api/employee/fetch-position\",\"status\":\"200\",\"responseTime\":\"216.839\"}","timestamp":"2025-01-15T03:47:12.013Z"}
{"level":"\u001b[32minfo\u001b[39m","message":"{\"method\":\"POST\",\"url\":\"/api/employee/fetch-position\",\"status\":\"200\",\"responseTime\":\"163.171\"}","timestamp":"2025-01-15T03:47:21.528Z"}
{"level":"\u001b[32minfo\u001b[39m","message":"{\"method\":\"GET\",\"url\":\"/api/employee/fetch-EmployeesCount?organizationId=67869a6a1514145a64988362\",\"status\":\"304\",\"responseTime\":\"318.754\"}","timestamp":"2025-01-15T03:47:39.802Z"}
{"level":"\u001b[32minfo\u001b[39m","message":"{\"method\":\"GET\",\"url\":\"/api/employee/get-employees?organizationId=67869a6a1514145a64988362\",\"status\":\"304\",\"responseTime\":\"182.408\"}","timestamp":"2025-01-15T03:47:45.692Z"}
{"level":"\u001b[32minfo\u001b[39m","message":"{\"method\":\"POST\",\"url\":\"/api/employee/fetch-position\",\"status\":\"200\",\"responseTime\":\"180.206\"}","timestamp":"2025-01-15T03:47:45.698Z"}
{"level":"\u001b[32minfo\u001b[39m","message":"{\"method\":\"GET\",\"url\":\"/api/employee/fetch-EmployeesCount?organizationId=67869a6a1514145a64988362\",\"status\":\"304\",\"responseTime\":\"139.718\"}","timestamp":"2025-01-15T03:47:52.248Z"}
{"level":"\u001b[32minfo\u001b[39m","message":"{\"method\":\"GET\",\"url\":\"/api/employee/get-employees?organizationId=67869a6a1514145a64988362\",\"status\":\"304\",\"responseTime\":\"50.155\"}","timestamp":"2025-01-15T03:47:53.106Z"}
{"level":"\u001b[32minfo\u001b[39m","message":"{\"method\":\"POST\",\"url\":\"/api/employee/fetch-position\",\"status\":\"200\",\"responseTime\":\"99.483\"}","timestamp":"2025-01-15T03:47:53.168Z"}
{"level":"\u001b[32minfo\u001b[39m","message":"{\"method\":\"POST\",\"url\":\"/api/employee/fetch-position\",\"status\":\"200\",\"responseTime\":\"300.097\"}","timestamp":"2025-01-15T03:48:01.136Z"}
{"level":"\u001b[32minfo\u001b[39m","message":"{\"method\":\"POST\",\"url\":\"/api/employee/fetch-position\",\"status\":\"200\",\"responseTime\":\"274.461\"}","timestamp":"2025-01-15T03:48:07.762Z"}
{"level":"\u001b[32minfo\u001b[39m","message":"{\"method\":\"GET\",\"url\":\"/api/employee/get-employees?organizationId=67869a6a1514145a64988362\",\"status\":\"304\",\"responseTime\":\"342.459\"}","timestamp":"2025-01-15T03:48:07.816Z"}
{"level":"\u001b[32minfo\u001b[39m","message":"{\"method\":\"GET\",\"url\":\"/api/employee/fetch-EmployeesCount?organizationId=67869a6a1514145a64988362\",\"status\":\"304\",\"responseTime\":\"97.111\"}","timestamp":"2025-01-15T03:48:21.240Z"}
{"level":"\u001b[32minfo\u001b[39m","message":"{\"method\":\"POST\",\"url\":\"/api/employee/fetch-position\",\"status\":\"200\",\"responseTime\":\"81.878\"}","timestamp":"2025-01-15T03:48:22.336Z"}
{"level":"\u001b[32minfo\u001b[39m","message":"{\"method\":\"GET\",\"url\":\"/api/employee/get-employees?organizationId=67869a6a1514145a64988362\",\"status\":\"304\",\"responseTime\":\"94.607\"}","timestamp":"2025-01-15T03:48:22.340Z"}
{"level":"\u001b[32minfo\u001b[39m","message":"{\"method\":\"GET\",\"url\":\"/api/employee/fetch-EmployeesCount?organizationId=67869a6a1514145a64988362\",\"status\":\"304\",\"responseTime\":\"143.177\"}","timestamp":"2025-01-15T04:02:22.089Z"}
{"level":"\u001b[32minfo\u001b[39m","message":"{\"method\":\"GET\",\"url\":\"/api/employee/fetch-EmployeesCount?organizationId=67869a6a1514145a64988362\",\"status\":\"304\",\"responseTime\":\"134.731\"}","timestamp":"2025-01-15T06:53:22.582Z"}
{"level":"\u001b[32minfo\u001b[39m","message":"{\"method\":\"GET\",\"url\":\"/api/employee/fetch-EmployeesCount?organizationId=67869a6a1514145a64988362\",\"status\":\"304\",\"responseTime\":\"155.489\"}","timestamp":"2025-01-15T07:40:31.631Z"}
{"level":"\u001b[32minfo\u001b[39m","message":"{\"method\":\"GET\",\"url\":\"/api/employee/fetch-EmployeesCount?organizationId=67869a6a1514145a64988362\",\"status\":\"401\",\"responseTime\":\"9.955\"}","timestamp":"2025-01-15T08:52:46.752Z"}
{"level":"\u001b[32minfo\u001b[39m","message":"{\"method\":\"GET\",\"url\":\"/api/employee/fetch-EmployeesCount?organizationId=67869a6a1514145a64988362\",\"status\":\"304\",\"responseTime\":\"87.734\"}","timestamp":"2025-01-15T08:52:47.119Z"}
{"level":"\u001b[32minfo\u001b[39m","message":"{\"method\":\"GET\",\"url\":\"/api/employee/get-employees?organizationId=67869a6a1514145a64988362\",\"status\":\"304\",\"responseTime\":\"66.532\"}","timestamp":"2025-01-15T08:52:49.787Z"}
{"level":"\u001b[32minfo\u001b[39m","message":"{\"method\":\"POST\",\"url\":\"/api/employee/fetch-position\",\"status\":\"200\",\"responseTime\":\"101.740\"}","timestamp":"2025-01-15T08:52:49.834Z"}
{"level":"\u001b[32minfo\u001b[39m","message":"{\"method\":\"POST\",\"url\":\"/api/employee/fetch-position\",\"status\":\"200\",\"responseTime\":\"62.236\"}","timestamp":"2025-01-15T08:52:50.835Z"}
{"level":"\u001b[32minfo\u001b[39m","message":"{\"method\":\"GET\",\"url\":\"/api/employee/get-employees?organizationId=67869a6a1514145a64988362\",\"status\":\"304\",\"responseTime\":\"111.937\"}","timestamp":"2025-01-15T08:52:57.221Z"}
{"level":"\u001b[32minfo\u001b[39m","message":"{\"method\":\"GET\",\"url\":\"/api/employee/get-employees?organizationId=67869a6a1514145a64988362\",\"status\":\"304\",\"responseTime\":\"176.595\"}","timestamp":"2025-01-15T08:52:57.424Z"}
{"level":"\u001b[32minfo\u001b[39m","message":"{\"method\":\"POST\",\"url\":\"/api/leave/fetch-leave\",\"status\":\"200\",\"responseTime\":\"175.215\"}","timestamp":"2025-01-15T08:52:57.428Z"}
{"level":"\u001b[32minfo\u001b[39m","message":"{\"method\":\"GET\",\"url\":\"/api/employee/get-employees?organizationId=67869a6a1514145a64988362\",\"status\":\"304\",\"responseTime\":\"396.663\"}","timestamp":"2025-01-15T08:52:57.832Z"}
{"level":"\u001b[32minfo\u001b[39m","message":"{\"method\":\"GET\",\"url\":\"/api/employee/get-employees?organizationId=67869a6a1514145a64988362\",\"status\":\"304\",\"responseTime\":\"45.610\"}","timestamp":"2025-01-15T08:52:57.885Z"}
{"level":"\u001b[32minfo\u001b[39m","message":"{\"method\":\"GET\",\"url\":\"/api/attendence/get-policy?organizationId=67869a6a1514145a64988362\",\"status\":\"304\",\"responseTime\":\"79.536\"}","timestamp":"2025-01-15T08:52:59.976Z"}
{"level":"\u001b[32minfo\u001b[39m","message":"{\"method\":\"GET\",\"url\":\"/api/employee/get-employees?organizationId=67869a6a1514145a64988362\",\"status\":\"304\",\"responseTime\":\"54.322\"}","timestamp":"2025-01-15T08:53:01.978Z"}
{"level":"\u001b[32minfo\u001b[39m","message":"{\"method\":\"POST\",\"url\":\"/api/leave/fetch-leave\",\"status\":\"200\",\"responseTime\":\"58.939\"}","timestamp":"2025-01-15T08:53:02.068Z"}
{"level":"\u001b[32minfo\u001b[39m","message":"{\"method\":\"GET\",\"url\":\"/api/employee/get-employees?organizationId=67869a6a1514145a64988362\",\"status\":\"304\",\"responseTime\":\"66.254\"}","timestamp":"2025-01-15T08:53:02.088Z"}
{"level":"\u001b[32minfo\u001b[39m","message":"{\"method\":\"GET\",\"url\":\"/api/employee/get-employees?organizationId=67869a6a1514145a64988362\",\"status\":\"304\",\"responseTime\":\"51.184\"}","timestamp":"2025-01-15T08:53:02.150Z"}
{"level":"\u001b[32minfo\u001b[39m","message":"{\"method\":\"GET\",\"url\":\"/api/employee/get-employees?organizationId=67869a6a1514145a64988362\",\"status\":\"304\",\"responseTime\":\"48.013\"}","timestamp":"2025-01-15T08:53:02.208Z"}
{"level":"\u001b[32minfo\u001b[39m","message":"{\"method\":\"GET\",\"url\":\"/api/attendence/get-attendence?employeeEmail=moideenshacpcp10%40gmail.com\",\"status\":\"304\",\"responseTime\":\"165.294\"}","timestamp":"2025-01-15T08:53:35.424Z"}
{"level":"\u001b[32minfo\u001b[39m","message":"{\"method\":\"GET\",\"url\":\"/api/attendence/get-attendence?employeeEmail=moideenshacpcp10%40gmail.com\",\"status\":\"304\",\"responseTime\":\"59.773\"}","timestamp":"2025-01-15T08:53:35.507Z"}
{"level":"\u001b[32minfo\u001b[39m","message":"{\"method\":\"POST\",\"url\":\"/api/leave/fetch-leave\",\"status\":\"200\",\"responseTime\":\"132.682\"}","timestamp":"2025-01-15T08:53:40.331Z"}
{"level":"\u001b[32minfo\u001b[39m","message":"{\"method\":\"GET\",\"url\":\"/api/employee/get-employees?organizationId=67869a6a1514145a64988362\",\"status\":\"304\",\"responseTime\":\"136.679\"}","timestamp":"2025-01-15T08:53:49.241Z"}
{"level":"\u001b[32minfo\u001b[39m","message":"{\"method\":\"GET\",\"url\":\"/api/employee/get-employees?organizationId=67869a6a1514145a64988362\",\"status\":\"304\",\"responseTime\":\"123.741\"}","timestamp":"2025-01-15T08:53:51.085Z"}
{"level":"\u001b[32minfo\u001b[39m","message":"{\"method\":\"POST\",\"url\":\"/api/leave/fetch-leave\",\"status\":\"200\",\"responseTime\":\"61.600\"}","timestamp":"2025-01-15T09:01:49.707Z"}
{"level":"\u001b[32minfo\u001b[39m","message":"{\"method\":\"GET\",\"url\":\"/api/employee/get-employees?organizationId=67869a6a1514145a64988362\",\"status\":\"304\",\"responseTime\":\"65.462\"}","timestamp":"2025-01-15T09:01:56.409Z"}
{"level":"\u001b[32minfo\u001b[39m","message":"{\"method\":\"GET\",\"url\":\"/api/employee/get-employees?organizationId=67869a6a1514145a64988362\",\"status\":\"304\",\"responseTime\":\"66.739\"}","timestamp":"2025-01-15T09:01:56.574Z"}
{"level":"\u001b[32minfo\u001b[39m","message":"{\"method\":\"POST\",\"url\":\"/api/leave/fetch-leave\",\"status\":\"200\",\"responseTime\":\"63.715\"}","timestamp":"2025-01-15T09:01:56.601Z"}
{"level":"\u001b[32minfo\u001b[39m","message":"{\"method\":\"GET\",\"url\":\"/api/employee/get-employees?organizationId=67869a6a1514145a64988362\",\"status\":\"304\",\"responseTime\":\"61.973\"}","timestamp":"2025-01-15T09:01:56.669Z"}
{"level":"\u001b[32minfo\u001b[39m","message":"{\"method\":\"GET\",\"url\":\"/api/employee/get-employees?organizationId=67869a6a1514145a64988362\",\"status\":\"304\",\"responseTime\":\"58.123\"}","timestamp":"2025-01-15T09:01:56.781Z"}
