{"level":"\u001b[32minfo\u001b[39m","message":"{\"method\":\"GET\",\"url\":\"/api/employee/get-employees?organizationId=676e81f245626fc97cdde061\",\"status\":\"304\",\"responseTime\":\"1024.555\"}","timestamp":"2024-12-27T19:08:56.546Z"}
{"level":"\u001b[32minfo\u001b[39m","message":"{\"method\":\"GET\",\"url\":\"/api/employee/get-employees?organizationId=676e81f245626fc97cdde061\",\"status\":\"304\",\"responseTime\":\"131.037\"}","timestamp":"2024-12-27T19:09:17.872Z"}
{"level":"\u001b[32minfo\u001b[39m","message":"{\"method\":\"GET\",\"url\":\"/api/employee/get-employees?organizationId=676f7862c7346611d3013e1f\",\"status\":\"200\",\"responseTime\":\"1298.860\"}","timestamp":"2024-12-28T04:03:10.030Z"}
{"level":"\u001b[32minfo\u001b[39m","message":"{\"method\":\"GET\",\"url\":\"/api/employee/get-employees?organizationId=676f7916c7346611d3013e27\",\"status\":\"200\",\"responseTime\":\"190.028\"}","timestamp":"2024-12-28T04:06:10.154Z"}
{"level":"\u001b[32minfo\u001b[39m","message":"{\"method\":\"POST\",\"url\":\"/api/employee/register-employee\",\"status\":\"200\",\"responseTime\":\"184.351\"}","timestamp":"2024-12-28T04:06:35.660Z"}
{"level":"\u001b[32minfo\u001b[39m","message":"{\"method\":\"GET\",\"url\":\"/api/employee/get-employees?organizationId=676f7916c7346611d3013e27\",\"status\":\"200\",\"responseTime\":\"834.627\"}","timestamp":"2024-12-28T04:06:40.475Z"}
{"level":"\u001b[32minfo\u001b[39m","message":"{\"method\":\"POST\",\"url\":\"/api/employee/update-employee\",\"status\":\"200\",\"responseTime\":\"202.491\"}","timestamp":"2024-12-28T04:07:53.701Z"}
{"level":"\u001b[32minfo\u001b[39m","message":"{\"method\":\"GET\",\"url\":\"/api/employee/get-employees?organizationId=676f7916c7346611d3013e27\",\"status\":\"200\",\"responseTime\":\"118.598\"}","timestamp":"2024-12-28T04:07:56.757Z"}
{"level":"\u001b[32minfo\u001b[39m","message":"{\"method\":\"POST\",\"url\":\"/api/employee/invite-employee\",\"status\":\"200\",\"responseTime\":\"3706.571\"}","timestamp":"2024-12-28T04:08:11.602Z"}
{"level":"\u001b[32minfo\u001b[39m","message":"{\"method\":\"POST\",\"url\":\"/api/employee/set-up-password\",\"status\":\"200\",\"responseTime\":\"121.487\"}","timestamp":"2024-12-28T04:08:58.132Z"}
{"level":"\u001b[32minfo\u001b[39m","message":"{\"method\":\"GET\",\"url\":\"/api/employee/get-employees?organizationId=676f7916c7346611d3013e27\",\"status\":\"304\",\"responseTime\":\"269.157\"}","timestamp":"2024-12-28T05:52:17.147Z"}
{"level":"\u001b[32minfo\u001b[39m","message":"{\"method\":\"GET\",\"url\":\"/api/employee/get-employees?organizationId=676faa5e36f77468a9a1d4a8\",\"status\":\"200\",\"responseTime\":\"535.258\"}","timestamp":"2024-12-28T07:36:38.368Z"}
{"level":"\u001b[32minfo\u001b[39m","message":"{\"method\":\"POST\",\"url\":\"/api/employee/register-employee\",\"status\":\"200\",\"responseTime\":\"197.814\"}","timestamp":"2024-12-28T07:37:10.566Z"}
{"level":"\u001b[32minfo\u001b[39m","message":"{\"method\":\"GET\",\"url\":\"/api/employee/get-employees?organizationId=676faa5e36f77468a9a1d4a8\",\"status\":\"200\",\"responseTime\":\"95.659\"}","timestamp":"2024-12-28T07:37:14.325Z"}
{"level":"\u001b[32minfo\u001b[39m","message":"{\"method\":\"POST\",\"url\":\"/api/employee/update-employee\",\"status\":\"200\",\"responseTime\":\"66.786\"}","timestamp":"2024-12-28T07:37:58.880Z"}
{"level":"\u001b[32minfo\u001b[39m","message":"{\"method\":\"GET\",\"url\":\"/api/employee/get-employees?organizationId=676faa5e36f77468a9a1d4a8\",\"status\":\"200\",\"responseTime\":\"73.254\"}","timestamp":"2024-12-28T07:38:01.599Z"}
{"level":"\u001b[32minfo\u001b[39m","message":"{\"method\":\"POST\",\"url\":\"/api/employee/update-employee\",\"status\":\"200\",\"responseTime\":\"66.536\"}","timestamp":"2024-12-28T07:38:14.267Z"}
{"level":"\u001b[32minfo\u001b[39m","message":"{\"method\":\"GET\",\"url\":\"/api/employee/get-employees?organizationId=676faa5e36f77468a9a1d4a8\",\"status\":\"200\",\"responseTime\":\"80.390\"}","timestamp":"2024-12-28T07:38:16.406Z"}
{"level":"\u001b[32minfo\u001b[39m","message":"{\"method\":\"GET\",\"url\":\"/api/employee/get-employees?organizationId=676faa5e36f77468a9a1d4a8\",\"status\":\"304\",\"responseTime\":\"356.031\"}","timestamp":"2024-12-28T09:09:04.943Z"}
{"level":"\u001b[32minfo\u001b[39m","message":"{\"method\":\"GET\",\"url\":\"/api/employee/get-employees?organizationId=676fd7a036f77468a9a1d4c3\",\"status\":\"200\",\"responseTime\":\"429.057\"}","timestamp":"2024-12-28T10:49:08.922Z"}
{"level":"\u001b[32minfo\u001b[39m","message":"{\"method\":\"POST\",\"url\":\"/api/employee/register-employee\",\"status\":\"200\",\"responseTime\":\"143.478\"}","timestamp":"2024-12-28T10:49:33.029Z"}
{"level":"\u001b[32minfo\u001b[39m","message":"{\"method\":\"GET\",\"url\":\"/api/employee/get-employees?organizationId=676fd7a036f77468a9a1d4c3\",\"status\":\"200\",\"responseTime\":\"56.456\"}","timestamp":"2024-12-28T10:49:37.693Z"}
{"level":"\u001b[32minfo\u001b[39m","message":"{\"method\":\"POST\",\"url\":\"/api/employee/update-employee\",\"status\":\"200\",\"responseTime\":\"67.674\"}","timestamp":"2024-12-28T10:50:23.022Z"}
{"level":"\u001b[32minfo\u001b[39m","message":"{\"method\":\"GET\",\"url\":\"/api/employee/get-employees?organizationId=676fd7a036f77468a9a1d4c3\",\"status\":\"200\",\"responseTime\":\"50.790\"}","timestamp":"2024-12-28T10:50:29.511Z"}
{"level":"\u001b[32minfo\u001b[39m","message":"{\"method\":\"GET\",\"url\":\"/api/employee/get-employees?organizationId=676fd7a036f77468a9a1d4c3\",\"status\":\"304\",\"responseTime\":\"116.817\"}","timestamp":"2024-12-28T10:51:21.295Z"}
{"level":"\u001b[32minfo\u001b[39m","message":"{\"method\":\"POST\",\"url\":\"/api/employee/invite-employee\",\"status\":\"200\",\"responseTime\":\"2686.943\"}","timestamp":"2024-12-28T10:51:27.784Z"}
{"level":"\u001b[32minfo\u001b[39m","message":"{\"method\":\"POST\",\"url\":\"/api/employee/set-up-password\",\"status\":\"200\",\"responseTime\":\"120.277\"}","timestamp":"2024-12-28T10:51:55.874Z"}
{"level":"\u001b[32minfo\u001b[39m","message":"{\"method\":\"GET\",\"url\":\"/api/employee/get-employees?organizationId=676fd7a036f77468a9a1d4c3\",\"status\":\"304\",\"responseTime\":\"50.778\"}","timestamp":"2024-12-28T10:55:26.028Z"}
{"level":"\u001b[32minfo\u001b[39m","message":"{\"method\":\"GET\",\"url\":\"/api/employee/get-employees?organizationId=676fd7a036f77468a9a1d4c3\",\"status\":\"304\",\"responseTime\":\"103.144\"}","timestamp":"2024-12-28T10:59:20.980Z"}
{"level":"\u001b[32minfo\u001b[39m","message":"{\"method\":\"POST\",\"url\":\"/api/employee/update-employee\",\"status\":\"200\",\"responseTime\":\"124.995\"}","timestamp":"2024-12-28T10:59:55.936Z"}
{"level":"\u001b[32minfo\u001b[39m","message":"{\"method\":\"GET\",\"url\":\"/api/employee/get-employees?organizationId=676fd7a036f77468a9a1d4c3\",\"status\":\"200\",\"responseTime\":\"66.999\"}","timestamp":"2024-12-28T11:01:42.230Z"}
{"level":"\u001b[32minfo\u001b[39m","message":"{\"method\":\"POST\",\"url\":\"/api/employee/update-employee\",\"status\":\"200\",\"responseTime\":\"130.637\"}","timestamp":"2024-12-28T11:01:53.421Z"}
{"level":"\u001b[32minfo\u001b[39m","message":"{\"method\":\"GET\",\"url\":\"/api/employee/get-employees?organizationId=676fd7a036f77468a9a1d4c3\",\"status\":\"200\",\"responseTime\":\"52.564\"}","timestamp":"2024-12-28T11:01:57.621Z"}
{"level":"\u001b[32minfo\u001b[39m","message":"{\"method\":\"GET\",\"url\":\"/api/employee/get-employees?organizationId=676fd7a036f77468a9a1d4c3\",\"status\":\"304\",\"responseTime\":\"87.904\"}","timestamp":"2024-12-28T11:03:31.354Z"}
{"level":"\u001b[32minfo\u001b[39m","message":"{\"method\":\"POST\",\"url\":\"/api/employee/update-employee\",\"status\":\"200\",\"responseTime\":\"119.241\"}","timestamp":"2024-12-28T11:03:45.099Z"}
{"level":"\u001b[32minfo\u001b[39m","message":"{\"method\":\"POST\",\"url\":\"/api/employee/update-employee\",\"status\":\"200\",\"responseTime\":\"77.923\"}","timestamp":"2024-12-28T11:04:41.461Z"}
{"level":"\u001b[32minfo\u001b[39m","message":"{\"method\":\"GET\",\"url\":\"/api/employee/get-employees?organizationId=676fd7a036f77468a9a1d4c3\",\"status\":\"200\",\"responseTime\":\"55.914\"}","timestamp":"2024-12-28T11:05:15.592Z"}
{"level":"\u001b[32minfo\u001b[39m","message":"{\"method\":\"POST\",\"url\":\"/api/employee/update-employee\",\"status\":\"200\",\"responseTime\":\"73.202\"}","timestamp":"2024-12-28T11:05:24.097Z"}
{"level":"\u001b[32minfo\u001b[39m","message":"{\"method\":\"GET\",\"url\":\"/api/employee/get-employees?organizationId=676fd7a036f77468a9a1d4c3\",\"status\":\"200\",\"responseTime\":\"43.295\"}","timestamp":"2024-12-28T11:05:32.610Z"}
{"level":"\u001b[32minfo\u001b[39m","message":"{\"method\":\"GET\",\"url\":\"/api/employee/fetch-EmployeesCount?organizationId=676fd7a036f77468a9a1d4c3\",\"status\":\"404\",\"responseTime\":\"9.372\"}","timestamp":"2024-12-28T12:19:56.711Z"}
{"level":"\u001b[32minfo\u001b[39m","message":"{\"method\":\"GET\",\"url\":\"/api/employee/fetch-EmployeesCount?organizationId=676fd7a036f77468a9a1d4c3\",\"status\":\"404\",\"responseTime\":\"2.445\"}","timestamp":"2024-12-28T12:40:38.069Z"}
{"level":"\u001b[32minfo\u001b[39m","message":"{\"method\":\"GET\",\"url\":\"/api/employee/fetch-EmployeesCount?organizationId=676fd7a036f77468a9a1d4c3\",\"status\":\"404\",\"responseTime\":\"1.151\"}","timestamp":"2024-12-28T12:46:16.554Z"}
{"level":"\u001b[32minfo\u001b[39m","message":"{\"method\":\"GET\",\"url\":\"/api/employee/get-employees?organizationId=676fd7a036f77468a9a1d4c3\",\"status\":\"304\",\"responseTime\":\"108.931\"}","timestamp":"2024-12-28T12:47:20.378Z"}
{"level":"\u001b[32minfo\u001b[39m","message":"{\"method\":\"GET\",\"url\":\"/api/employee/fetch-EmployeesCount?organizationId=676fd7a036f77468a9a1d4c3\",\"status\":\"404\",\"responseTime\":\"2.733\"}","timestamp":"2024-12-28T12:47:21.516Z"}
{"level":"\u001b[32minfo\u001b[39m","message":"{\"method\":\"GET\",\"url\":\"/api/employee/fetch-EmployeesCount?organizationId=676fd7a036f77468a9a1d4c3\",\"status\":\"404\",\"responseTime\":\"2.787\"}","timestamp":"2024-12-28T12:48:15.584Z"}
{"level":"\u001b[32minfo\u001b[39m","message":"{\"method\":\"GET\",\"url\":\"/api/employee/fetch-EmployeesCount?organizationId=676fd7a036f77468a9a1d4c3\",\"status\":\"404\",\"responseTime\":\"1.406\"}","timestamp":"2024-12-28T12:48:41.440Z"}
{"level":"\u001b[32minfo\u001b[39m","message":"{\"method\":\"GET\",\"url\":\"/api/employee/fetch-EmployeesCount?organizationId=676fd7a036f77468a9a1d4c3\",\"status\":\"404\",\"responseTime\":\"1.401\"}","timestamp":"2024-12-28T12:49:03.584Z"}
{"level":"\u001b[32minfo\u001b[39m","message":"{\"method\":\"GET\",\"url\":\"/api/employee/fetch-EmployeesCount?organizationId=676fd7a036f77468a9a1d4c3\",\"status\":\"401\",\"responseTime\":\"5.621\"}","timestamp":"2024-12-28T12:49:47.792Z"}
{"level":"\u001b[32minfo\u001b[39m","message":"{\"method\":\"GET\",\"url\":\"/api/employee/fetch-EmployeesCount?organizationId=676fd7a036f77468a9a1d4c3\",\"status\":\"200\",\"responseTime\":\"6.729\"}","timestamp":"2024-12-28T12:49:47.991Z"}
{"level":"\u001b[32minfo\u001b[39m","message":"{\"method\":\"GET\",\"url\":\"/api/employee/fetch-EmployeesCount?organizationId=676fd7a036f77468a9a1d4c3\",\"status\":\"304\",\"responseTime\":\"150.718\"}","timestamp":"2024-12-28T12:52:13.150Z"}
{"level":"\u001b[32minfo\u001b[39m","message":"{\"method\":\"GET\",\"url\":\"/api/employee/fetch-EmployeesCount?organizationId=676e862645626fc97cdde07e\",\"status\":\"200\",\"responseTime\":\"51.794\"}","timestamp":"2024-12-28T12:52:36.234Z"}
{"level":"\u001b[32minfo\u001b[39m","message":"{\"method\":\"GET\",\"url\":\"/api/employee/get-employees?organizationId=676e862645626fc97cdde07e\",\"status\":\"200\",\"responseTime\":\"52.989\"}","timestamp":"2024-12-28T12:52:40.000Z"}
{"level":"\u001b[32minfo\u001b[39m","message":"{\"method\":\"POST\",\"url\":\"/api/employee/register-employee\",\"status\":\"200\",\"responseTime\":\"162.540\"}","timestamp":"2024-12-28T12:53:16.734Z"}
{"level":"\u001b[32minfo\u001b[39m","message":"{\"method\":\"GET\",\"url\":\"/api/employee/get-employees?organizationId=676e862645626fc97cdde07e\",\"status\":\"200\",\"responseTime\":\"57.547\"}","timestamp":"2024-12-28T12:53:21.208Z"}
{"level":"\u001b[32minfo\u001b[39m","message":"{\"method\":\"GET\",\"url\":\"/api/employee/fetch-EmployeesCount?organizationId=676fd7a036f77468a9a1d4c3\",\"status\":\"304\",\"responseTime\":\"52.030\"}","timestamp":"2024-12-28T12:53:46.384Z"}
{"level":"\u001b[32minfo\u001b[39m","message":"{\"method\":\"GET\",\"url\":\"/api/employee/fetch-EmployeesCount?organizationId=676fd7a036f77468a9a1d4c3\",\"status\":\"200\",\"responseTime\":\"121.751\"}","timestamp":"2024-12-28T12:56:26.250Z"}
{"level":"\u001b[32minfo\u001b[39m","message":"{\"method\":\"GET\",\"url\":\"/api/employee/fetch-EmployeesCount?organizationId=676fd7a036f77468a9a1d4c3\",\"status\":\"200\",\"responseTime\":\"103.171\"}","timestamp":"2024-12-28T12:57:27.686Z"}
{"level":"\u001b[32minfo\u001b[39m","message":"{\"method\":\"GET\",\"url\":\"/api/employee/fetch-EmployeesCount?organizationId=676fd7a036f77468a9a1d4c3\",\"status\":\"304\",\"responseTime\":\"51.155\"}","timestamp":"2024-12-28T12:57:42.591Z"}
{"level":"\u001b[32minfo\u001b[39m","message":"{\"method\":\"GET\",\"url\":\"/api/employee/fetch-EmployeesCount?organizationId=676fd7a036f77468a9a1d4c3\",\"status\":\"304\",\"responseTime\":\"48.317\"}","timestamp":"2024-12-28T12:57:44.599Z"}
{"level":"\u001b[32minfo\u001b[39m","message":"{\"method\":\"GET\",\"url\":\"/api/employee/fetch-EmployeesCount?organizationId=676fd7a036f77468a9a1d4c3\",\"status\":\"304\",\"responseTime\":\"60.275\"}","timestamp":"2024-12-28T12:57:48.944Z"}
{"level":"\u001b[32minfo\u001b[39m","message":"{\"method\":\"GET\",\"url\":\"/api/employee/fetch-EmployeesCount?organizationId=676fd7a036f77468a9a1d4c3\",\"status\":\"304\",\"responseTime\":\"129.495\"}","timestamp":"2024-12-28T13:00:35.720Z"}
{"level":"\u001b[32minfo\u001b[39m","message":"{\"method\":\"GET\",\"url\":\"/api/employee/fetch-EmployeesCount?organizationId=676fd7a036f77468a9a1d4c3\",\"status\":\"304\",\"responseTime\":\"59.762\"}","timestamp":"2024-12-28T13:00:45.607Z"}
{"level":"\u001b[32minfo\u001b[39m","message":"{\"method\":\"GET\",\"url\":\"/api/employee/fetch-EmployeesCount?organizationId=676fd7a036f77468a9a1d4c3\",\"status\":\"304\",\"responseTime\":\"46.479\"}","timestamp":"2024-12-28T13:00:59.595Z"}
{"level":"\u001b[32minfo\u001b[39m","message":"{\"method\":\"GET\",\"url\":\"/api/employee/fetch-EmployeesCount?organizationId=676fd7a036f77468a9a1d4c3\",\"status\":\"304\",\"responseTime\":\"53.238\"}","timestamp":"2024-12-28T13:01:04.597Z"}
{"level":"\u001b[32minfo\u001b[39m","message":"{\"method\":\"GET\",\"url\":\"/api/employee/fetch-EmployeesCount?organizationId=676fd7a036f77468a9a1d4c3\",\"status\":\"304\",\"responseTime\":\"47.596\"}","timestamp":"2024-12-28T13:01:21.586Z"}
{"level":"\u001b[32minfo\u001b[39m","message":"{\"method\":\"GET\",\"url\":\"/api/employee/fetch-EmployeesCount?organizationId=676fd7a036f77468a9a1d4c3\",\"status\":\"304\",\"responseTime\":\"50.616\"}","timestamp":"2024-12-28T13:01:27.596Z"}
{"level":"\u001b[32minfo\u001b[39m","message":"{\"method\":\"GET\",\"url\":\"/api/employee/fetch-EmployeesCount?organizationId=676fd7a036f77468a9a1d4c3\",\"status\":\"304\",\"responseTime\":\"45.393\"}","timestamp":"2024-12-28T13:01:39.584Z"}
{"level":"\u001b[32minfo\u001b[39m","message":"{\"method\":\"GET\",\"url\":\"/api/employee/fetch-EmployeesCount?organizationId=676fd7a036f77468a9a1d4c3\",\"status\":\"304\",\"responseTime\":\"47.721\"}","timestamp":"2024-12-28T13:01:57.590Z"}
{"level":"\u001b[32minfo\u001b[39m","message":"{\"method\":\"GET\",\"url\":\"/api/employee/fetch-EmployeesCount?organizationId=676fd7a036f77468a9a1d4c3\",\"status\":\"304\",\"responseTime\":\"65.459\"}","timestamp":"2024-12-28T13:02:48.311Z"}
{"level":"\u001b[32minfo\u001b[39m","message":"{\"method\":\"GET\",\"url\":\"/api/employee/fetch-EmployeesCount?organizationId=676fd7a036f77468a9a1d4c3\",\"status\":\"401\",\"responseTime\":\"2.645\"}","timestamp":"2024-12-28T14:33:51.511Z"}
{"level":"\u001b[32minfo\u001b[39m","message":"{\"method\":\"GET\",\"url\":\"/api/employee/fetch-EmployeesCount?organizationId=676fd7a036f77468a9a1d4c3\",\"status\":\"304\",\"responseTime\":\"15310.011\"}","timestamp":"2024-12-28T14:34:07.351Z"}
{"level":"\u001b[32minfo\u001b[39m","message":"{\"method\":\"GET\",\"url\":\"/api/employee/get-employees?organizationId=676fd7a036f77468a9a1d4c3\",\"status\":\"304\",\"responseTime\":\"107.601\"}","timestamp":"2024-12-28T14:34:14.316Z"}
{"level":"\u001b[32minfo\u001b[39m","message":"{\"method\":\"GET\",\"url\":\"/api/employee/get-employees?organizationId=676fd7a036f77468a9a1d4c3\",\"status\":\"200\",\"responseTime\":\"10065.705\"}","timestamp":"2024-12-28T14:36:47.017Z"}
{"level":"\u001b[32minfo\u001b[39m","message":"{\"method\":\"GET\",\"url\":\"/api/employee/fetch-EmployeesCount?organizationId=676fd7a036f77468a9a1d4c3\",\"status\":\"404\",\"responseTime\":\"10016.161\"}","timestamp":"2024-12-28T14:36:52.620Z"}
{"level":"\u001b[32minfo\u001b[39m","message":"{\"method\":\"GET\",\"url\":\"/api/employee/get-employees?organizationId=676fd7a036f77468a9a1d4c3\",\"status\":\"304\",\"responseTime\":\"10013.796\"}","timestamp":"2024-12-28T14:36:57.055Z"}
{"level":"\u001b[32minfo\u001b[39m","message":"{\"method\":\"GET\",\"url\":\"/api/employee/fetch-EmployeesCount?organizationId=676fd7a036f77468a9a1d4c3\",\"status\":\"404\",\"responseTime\":\"10017.487\"}","timestamp":"2024-12-28T14:37:02.758Z"}
{"level":"\u001b[32minfo\u001b[39m","message":"{\"method\":\"GET\",\"url\":\"/api/employee/get-employees?organizationId=676fd7a036f77468a9a1d4c3\",\"status\":\"304\",\"responseTime\":\"10020.359\"}","timestamp":"2024-12-28T14:37:20.613Z"}
{"level":"\u001b[32minfo\u001b[39m","message":"{\"method\":\"GET\",\"url\":\"/api/employee/get-employees?organizationId=676fd7a036f77468a9a1d4c3\",\"status\":\"200\",\"responseTime\":\"114.024\"}","timestamp":"2024-12-28T14:38:34.506Z"}
{"level":"\u001b[32minfo\u001b[39m","message":"{\"method\":\"GET\",\"url\":\"/api/employee/fetch-EmployeesCount?organizationId=676fd7a036f77468a9a1d4c3\",\"status\":\"200\",\"responseTime\":\"72.407\"}","timestamp":"2024-12-28T14:38:36.102Z"}
{"level":"\u001b[32minfo\u001b[39m","message":"{\"method\":\"GET\",\"url\":\"/api/employee/fetch-EmployeesCount?organizationId=676fd7a036f77468a9a1d4c3\",\"status\":\"304\",\"responseTime\":\"124.590\"}","timestamp":"2024-12-28T14:39:17.962Z"}
{"level":"\u001b[32minfo\u001b[39m","message":"{\"method\":\"GET\",\"url\":\"/api/employee/get-employees?organizationId=676fd7a036f77468a9a1d4c3\",\"status\":\"304\",\"responseTime\":\"135.276\"}","timestamp":"2024-12-28T14:39:58.720Z"}
{"level":"\u001b[32minfo\u001b[39m","message":"{\"method\":\"GET\",\"url\":\"/api/employee/fetch-EmployeesCount?organizationId=676e862645626fc97cdde07e\",\"status\":\"200\",\"responseTime\":\"157.377\"}","timestamp":"2024-12-28T15:08:58.658Z"}
{"level":"\u001b[32minfo\u001b[39m","message":"{\"method\":\"GET\",\"url\":\"/api/employee/fetch-EmployeesCount?organizationId=676fd7a036f77468a9a1d4c3\",\"status\":\"304\",\"responseTime\":\"141.236\"}","timestamp":"2024-12-28T15:11:39.118Z"}
{"level":"\u001b[32minfo\u001b[39m","message":"{\"method\":\"GET\",\"url\":\"/api/employee/fetch-EmployeesCount?organizationId=676e862645626fc97cdde07e\",\"status\":\"304\",\"responseTime\":\"116.777\"}","timestamp":"2024-12-28T15:19:09.689Z"}
{"level":"\u001b[32minfo\u001b[39m","message":"{\"method\":\"GET\",\"url\":\"/api/employee/fetch-EmployeesCount?organizationId=676e862645626fc97cdde07e\",\"status\":\"304\",\"responseTime\":\"158.553\"}","timestamp":"2024-12-28T15:19:59.557Z"}
{"level":"\u001b[32minfo\u001b[39m","message":"{\"method\":\"GET\",\"url\":\"/api/employee/fetch-EmployeesCount?organizationId=676fd7a036f77468a9a1d4c3\",\"status\":\"304\",\"responseTime\":\"124.712\"}","timestamp":"2024-12-28T15:24:49.460Z"}
{"level":"\u001b[32minfo\u001b[39m","message":"{\"method\":\"GET\",\"url\":\"/api/employee/get-employees?organizationId=676fd7a036f77468a9a1d4c3\",\"status\":\"304\",\"responseTime\":\"95.934\"}","timestamp":"2024-12-28T15:24:53.584Z"}
{"level":"\u001b[32minfo\u001b[39m","message":"{\"method\":\"GET\",\"url\":\"/api/employee/fetch-EmployeesCount?organizationId=67701928c0c75432d25c0fd1\",\"status\":\"200\",\"responseTime\":\"192.136\"}","timestamp":"2024-12-28T15:28:41.716Z"}
{"level":"\u001b[32minfo\u001b[39m","message":"{\"method\":\"GET\",\"url\":\"/api/employee/get-employees?organizationId=67701928c0c75432d25c0fd1\",\"status\":\"200\",\"responseTime\":\"144.146\"}","timestamp":"2024-12-28T15:30:09.987Z"}
{"level":"\u001b[32minfo\u001b[39m","message":"{\"method\":\"POST\",\"url\":\"/api/employee/register-employee\",\"status\":\"200\",\"responseTime\":\"475.923\"}","timestamp":"2024-12-28T15:30:47.672Z"}
{"level":"\u001b[32minfo\u001b[39m","message":"{\"method\":\"GET\",\"url\":\"/api/employee/get-employees?organizationId=67701928c0c75432d25c0fd1\",\"status\":\"200\",\"responseTime\":\"76.940\"}","timestamp":"2024-12-28T15:30:52.379Z"}
{"level":"\u001b[32minfo\u001b[39m","message":"{\"method\":\"POST\",\"url\":\"/api/employee/update-employee\",\"status\":\"200\",\"responseTime\":\"291.390\"}","timestamp":"2024-12-28T15:31:48.809Z"}
{"level":"\u001b[32minfo\u001b[39m","message":"{\"method\":\"GET\",\"url\":\"/api/employee/get-employees?organizationId=67701928c0c75432d25c0fd1\",\"status\":\"200\",\"responseTime\":\"119.015\"}","timestamp":"2024-12-28T15:31:52.899Z"}
{"level":"\u001b[32minfo\u001b[39m","message":"{\"method\":\"GET\",\"url\":\"/api/employee/get-employees?organizationId=67701928c0c75432d25c0fd1\",\"status\":\"304\",\"responseTime\":\"144.440\"}","timestamp":"2024-12-28T15:32:22.083Z"}
{"level":"\u001b[32minfo\u001b[39m","message":"{\"method\":\"GET\",\"url\":\"/api/employee/get-employees?organizationId=67701928c0c75432d25c0fd1\",\"status\":\"304\",\"responseTime\":\"189.867\"}","timestamp":"2024-12-28T15:32:43.894Z"}
{"level":"\u001b[32minfo\u001b[39m","message":"{\"method\":\"GET\",\"url\":\"/api/employee/fetch-EmployeesCount?organizationId=67701928c0c75432d25c0fd1\",\"status\":\"200\",\"responseTime\":\"125.532\"}","timestamp":"2024-12-28T15:34:43.402Z"}
{"level":"\u001b[32minfo\u001b[39m","message":"{\"method\":\"GET\",\"url\":\"/api/employee/get-employees?organizationId=67701928c0c75432d25c0fd1\",\"status\":\"304\",\"responseTime\":\"196.761\"}","timestamp":"2024-12-28T15:34:55.892Z"}
{"level":"\u001b[32minfo\u001b[39m","message":"{\"method\":\"POST\",\"url\":\"/api/employee/invite-employee\",\"status\":\"200\",\"responseTime\":\"4650.468\"}","timestamp":"2024-12-28T15:35:04.389Z"}
{"level":"\u001b[32minfo\u001b[39m","message":"{\"method\":\"POST\",\"url\":\"/api/employee/set-up-password\",\"status\":\"200\",\"responseTime\":\"132.532\"}","timestamp":"2024-12-28T15:35:46.583Z"}
{"level":"\u001b[32minfo\u001b[39m","message":"{\"method\":\"GET\",\"url\":\"/api/employee/fetch-EmployeesCount?organizationId=67701928c0c75432d25c0fd1\",\"status\":\"304\",\"responseTime\":\"175.523\"}","timestamp":"2024-12-28T15:39:16.508Z"}
{"level":"\u001b[32minfo\u001b[39m","message":"{\"method\":\"GET\",\"url\":\"/api/employee/get-employees?organizationId=67701928c0c75432d25c0fd1\",\"status\":\"304\",\"responseTime\":\"181.528\"}","timestamp":"2024-12-28T15:39:19.610Z"}
{"level":"\u001b[32minfo\u001b[39m","message":"{\"method\":\"GET\",\"url\":\"/api/employee/fetch-EmployeesCount?organizationId=676e862645626fc97cdde07e\",\"status\":\"200\",\"responseTime\":\"65.039\"}","timestamp":"2024-12-28T15:39:42.150Z"}
{"level":"\u001b[32minfo\u001b[39m","message":"{\"method\":\"GET\",\"url\":\"/api/employee/get-employees?organizationId=676e862645626fc97cdde07e\",\"status\":\"200\",\"responseTime\":\"132.143\"}","timestamp":"2024-12-28T15:40:00.640Z"}
{"level":"\u001b[32minfo\u001b[39m","message":"{\"method\":\"POST\",\"url\":\"/api/employee/register-employee\",\"status\":\"200\",\"responseTime\":\"186.492\"}","timestamp":"2024-12-28T15:41:07.175Z"}
{"level":"\u001b[32minfo\u001b[39m","message":"{\"method\":\"GET\",\"url\":\"/api/employee/get-employees?organizationId=676e862645626fc97cdde07e\",\"status\":\"200\",\"responseTime\":\"87.831\"}","timestamp":"2024-12-28T15:41:09.677Z"}
{"level":"\u001b[32minfo\u001b[39m","message":"{\"method\":\"POST\",\"url\":\"/api/employee/update-employee\",\"status\":\"200\",\"responseTime\":\"126.348\"}","timestamp":"2024-12-28T15:42:12.544Z"}
{"level":"\u001b[32minfo\u001b[39m","message":"{\"method\":\"GET\",\"url\":\"/api/employee/get-employees?organizationId=676e862645626fc97cdde07e\",\"status\":\"200\",\"responseTime\":\"128.216\"}","timestamp":"2024-12-28T15:42:20.117Z"}
{"level":"\u001b[32minfo\u001b[39m","message":"{\"method\":\"POST\",\"url\":\"/api/employee/invite-employee\",\"status\":\"200\",\"responseTime\":\"3435.585\"}","timestamp":"2024-12-28T15:42:29.329Z"}
{"level":"\u001b[32minfo\u001b[39m","message":"{\"method\":\"POST\",\"url\":\"/api/employee/set-up-password\",\"status\":\"200\",\"responseTime\":\"120.269\"}","timestamp":"2024-12-28T15:44:08.389Z"}
{"level":"\u001b[32minfo\u001b[39m","message":"{\"method\":\"GET\",\"url\":\"/api/employee/get-employees?organizationId=676e862645626fc97cdde07e\",\"status\":\"304\",\"responseTime\":\"114.233\"}","timestamp":"2024-12-28T15:44:59.950Z"}
{"level":"\u001b[32minfo\u001b[39m","message":"{\"method\":\"GET\",\"url\":\"/api/employee/get-employees?organizationId=676e862645626fc97cdde07e\",\"status\":\"304\",\"responseTime\":\"129.647\"}","timestamp":"2024-12-28T15:45:04.456Z"}
{"level":"\u001b[32minfo\u001b[39m","message":"{\"method\":\"GET\",\"url\":\"/api/employee/fetch-EmployeesCount?organizationId=676e862645626fc97cdde07e\",\"status\":\"200\",\"responseTime\":\"105.506\"}","timestamp":"2024-12-28T15:45:16.437Z"}
{"level":"\u001b[32minfo\u001b[39m","message":"{\"method\":\"GET\",\"url\":\"/api/employee/get-employees?organizationId=676e862645626fc97cdde07e\",\"status\":\"304\",\"responseTime\":\"157.829\"}","timestamp":"2024-12-28T15:45:31.386Z"}
{"level":"\u001b[32minfo\u001b[39m","message":"{\"method\":\"GET\",\"url\":\"/api/employee/fetch-EmployeesCount?organizationId=676e862645626fc97cdde07e\",\"status\":\"200\",\"responseTime\":\"136.393\"}","timestamp":"2024-12-28T15:49:12.063Z"}
{"level":"\u001b[32minfo\u001b[39m","message":"{\"method\":\"GET\",\"url\":\"/api/employee/fetch-EmployeesCount?organizationId=67701928c0c75432d25c0fd1\",\"status\":\"304\",\"responseTime\":\"115.195\"}","timestamp":"2024-12-28T15:50:12.873Z"}
{"level":"\u001b[32minfo\u001b[39m","message":"{\"method\":\"GET\",\"url\":\"/api/employee/fetch-EmployeesCount?organizationId=67701928c0c75432d25c0fd1\",\"status\":\"304\",\"responseTime\":\"723.589\"}","timestamp":"2024-12-28T16:17:20.482Z"}
{"level":"\u001b[32minfo\u001b[39m","message":"{\"method\":\"GET\",\"url\":\"/api/employee/fetch-EmployeesCount?organizationId=67701928c0c75432d25c0fd1\",\"status\":\"304\",\"responseTime\":\"1026.261\"}","timestamp":"2024-12-28T16:20:12.657Z"}
{"level":"\u001b[32minfo\u001b[39m","message":"{\"method\":\"GET\",\"url\":\"/api/employee/fetch-EmployeesCount?organizationId=67701928c0c75432d25c0fd1\",\"status\":\"304\",\"responseTime\":\"97.175\"}","timestamp":"2024-12-28T16:22:23.628Z"}
{"level":"\u001b[32minfo\u001b[39m","message":"{\"method\":\"GET\",\"url\":\"/api/employee/fetch-EmployeesCount?organizationId=67701928c0c75432d25c0fd1\",\"status\":\"304\",\"responseTime\":\"94.997\"}","timestamp":"2024-12-28T16:28:09.931Z"}
{"level":"\u001b[32minfo\u001b[39m","message":"{\"method\":\"GET\",\"url\":\"/api/employee/fetch-EmployeesCount?organizationId=67701928c0c75432d25c0fd1\",\"status\":\"304\",\"responseTime\":\"112.339\"}","timestamp":"2024-12-28T16:32:04.220Z"}
{"level":"\u001b[32minfo\u001b[39m","message":"{\"method\":\"GET\",\"url\":\"/api/employee/fetch-EmployeesCount?organizationId=67701928c0c75432d25c0fd1\",\"status\":\"304\",\"responseTime\":\"64.064\"}","timestamp":"2024-12-28T16:33:21.906Z"}
{"level":"\u001b[32minfo\u001b[39m","message":"{\"method\":\"GET\",\"url\":\"/api/employee/fetch-EmployeesCount?organizationId=67701928c0c75432d25c0fd1\",\"status\":\"304\",\"responseTime\":\"78.622\"}","timestamp":"2024-12-28T16:36:11.998Z"}
{"level":"\u001b[32minfo\u001b[39m","message":"{\"method\":\"GET\",\"url\":\"/api/employee/fetch-EmployeesCount?organizationId=67701928c0c75432d25c0fd1\",\"status\":\"304\",\"responseTime\":\"96.776\"}","timestamp":"2024-12-28T16:39:06.494Z"}
{"level":"\u001b[32minfo\u001b[39m","message":"{\"method\":\"GET\",\"url\":\"/api/employee/fetch-EmployeesCount?organizationId=67701928c0c75432d25c0fd1\",\"status\":\"304\",\"responseTime\":\"91.171\"}","timestamp":"2024-12-28T16:40:46.953Z"}
{"level":"\u001b[32minfo\u001b[39m","message":"{\"method\":\"GET\",\"url\":\"/api/employee/fetch-EmployeesCount?organizationId=67701928c0c75432d25c0fd1\",\"status\":\"304\",\"responseTime\":\"89.277\"}","timestamp":"2024-12-28T16:52:30.402Z"}
{"level":"\u001b[32minfo\u001b[39m","message":"{\"method\":\"GET\",\"url\":\"/api/employee/fetch-EmployeesCount?organizationId=67701928c0c75432d25c0fd1\",\"status\":\"304\",\"responseTime\":\"93.801\"}","timestamp":"2024-12-28T16:57:49.063Z"}
{"level":"\u001b[32minfo\u001b[39m","message":"{\"method\":\"GET\",\"url\":\"/api/employee/get-employees?organizationId=67701928c0c75432d25c0fd1\",\"status\":\"304\",\"responseTime\":\"92.590\"}","timestamp":"2024-12-28T16:57:50.234Z"}
{"level":"\u001b[32minfo\u001b[39m","message":"{\"method\":\"GET\",\"url\":\"/api/employee/fetch-EmployeesCount?organizationId=67701928c0c75432d25c0fd1\",\"status\":\"304\",\"responseTime\":\"342.321\"}","timestamp":"2024-12-28T17:00:59.394Z"}
