{"level":"\u001b[32minfo\u001b[39m","message":"{\"method\":\"GET\",\"url\":\"/api/employee/fetch-EmployeesCount?organizationId=6772156b15a6f5e05c8a29c9\",\"status\":\"304\",\"responseTime\":\"380.397\"}","timestamp":"2025-01-08T06:50:32.749Z"}
{"level":"\u001b[32minfo\u001b[39m","message":"{\"method\":\"GET\",\"url\":\"/api/employee/get-employees?organizationId=6772156b15a6f5e05c8a29c9\",\"status\":\"304\",\"responseTime\":\"110.259\"}","timestamp":"2025-01-08T06:50:34.853Z"}
{"level":"\u001b[32minfo\u001b[39m","message":"{\"method\":\"GET\",\"url\":\"/api/attendence/get-attendence?employeeEmail=moideenshacpcp10%40gmail.com\",\"status\":\"304\",\"responseTime\":\"131.157\"}","timestamp":"2025-01-08T06:50:37.978Z"}
{"level":"\u001b[32minfo\u001b[39m","message":"{\"method\":\"GET\",\"url\":\"/api/employee/get-employees?organizationId=6772156b15a6f5e05c8a29c9\",\"status\":\"304\",\"responseTime\":\"198.719\"}","timestamp":"2025-01-08T06:50:49.971Z"}
{"level":"\u001b[32minfo\u001b[39m","message":"{\"method\":\"GET\",\"url\":\"/api/attendence/get-attendence?employeeEmail=moideenshacpcp10%40gmail.com\",\"status\":\"401\",\"responseTime\":\"3.072\"}","timestamp":"2025-01-08T06:50:56.547Z"}
{"level":"\u001b[32minfo\u001b[39m","message":"{\"method\":\"GET\",\"url\":\"/api/attendence/get-attendence?employeeEmail=moideenshacpcp10%40gmail.com\",\"status\":\"304\",\"responseTime\":\"127.231\"}","timestamp":"2025-01-08T06:50:56.736Z"}
{"level":"\u001b[32minfo\u001b[39m","message":"{\"method\":\"GET\",\"url\":\"/api/attendence/get-attendence?employeeEmail=moideenshacpcp10%40gmail.com\",\"status\":\"304\",\"responseTime\":\"177.235\"}","timestamp":"2025-01-08T06:50:59.402Z"}
{"level":"\u001b[32minfo\u001b[39m","message":"{\"method\":\"GET\",\"url\":\"/api/attendence/get-attendence?employeeEmail=moideenshacpcp10%40gmail.com\",\"status\":\"304\",\"responseTime\":\"104.471\"}","timestamp":"2025-01-08T06:51:05.225Z"}
{"level":"\u001b[32minfo\u001b[39m","message":"{\"method\":\"POST\",\"url\":\"/api/attendence/handle-attendence\",\"status\":\"200\",\"responseTime\":\"382.245\"}","timestamp":"2025-01-08T06:51:08.302Z"}
{"level":"\u001b[32minfo\u001b[39m","message":"{\"method\":\"GET\",\"url\":\"/api/attendence/get-attendence?employeeEmail=moideenshacpcp10%40gmail.com\",\"status\":\"200\",\"responseTime\":\"491.519\"}","timestamp":"2025-01-08T06:51:08.829Z"}
{"level":"\u001b[32minfo\u001b[39m","message":"{\"method\":\"GET\",\"url\":\"/api/employee/get-employees?organizationId=6772156b15a6f5e05c8a29c9\",\"status\":\"304\",\"responseTime\":\"64.686\"}","timestamp":"2025-01-08T06:54:39.066Z"}
{"level":"\u001b[32minfo\u001b[39m","message":"{\"method\":\"GET\",\"url\":\"/api/employee/get-employees?organizationId=6772156b15a6f5e05c8a29c9\",\"status\":\"304\",\"responseTime\":\"95.505\"}","timestamp":"2025-01-08T06:54:44.890Z"}
{"level":"\u001b[32minfo\u001b[39m","message":"{\"method\":\"GET\",\"url\":\"/api/employee/get-employees?organizationId=6772156b15a6f5e05c8a29c9\",\"status\":\"304\",\"responseTime\":\"96.664\"}","timestamp":"2025-01-08T07:00:40.834Z"}
{"level":"\u001b[32minfo\u001b[39m","message":"{\"method\":\"GET\",\"url\":\"/api/employee/get-employees?organizationId=6772156b15a6f5e05c8a29c9\",\"status\":\"304\",\"responseTime\":\"128.425\"}","timestamp":"2025-01-08T07:00:44.611Z"}
{"level":"\u001b[32minfo\u001b[39m","message":"{\"method\":\"GET\",\"url\":\"/api/employee/get-employees?organizationId=6772156b15a6f5e05c8a29c9\",\"status\":\"304\",\"responseTime\":\"256.379\"}","timestamp":"2025-01-08T07:00:47.441Z"}
{"level":"\u001b[32minfo\u001b[39m","message":"{\"method\":\"GET\",\"url\":\"/api/employee/get-employees?organizationId=6772156b15a6f5e05c8a29c9\",\"status\":\"304\",\"responseTime\":\"135.557\"}","timestamp":"2025-01-08T07:01:28.373Z"}
{"level":"\u001b[32minfo\u001b[39m","message":"{\"method\":\"GET\",\"url\":\"/api/employee/get-employees?organizationId=6772156b15a6f5e05c8a29c9\",\"status\":\"304\",\"responseTime\":\"128.722\"}","timestamp":"2025-01-08T07:02:29.414Z"}
{"level":"\u001b[32minfo\u001b[39m","message":"{\"method\":\"GET\",\"url\":\"/api/employee/get-employees?organizationId=6772156b15a6f5e05c8a29c9\",\"status\":\"304\",\"responseTime\":\"116.208\"}","timestamp":"2025-01-08T07:02:34.341Z"}
{"level":"\u001b[32minfo\u001b[39m","message":"{\"method\":\"POST\",\"url\":\"/api/leave/apply-leave\",\"status\":\"200\",\"responseTime\":\"5.620\"}","timestamp":"2025-01-08T07:02:51.331Z"}
{"level":"\u001b[32minfo\u001b[39m","message":"{\"method\":\"POST\",\"url\":\"/api/leave/apply-leave\",\"status\":\"200\",\"responseTime\":\"44.134\"}","timestamp":"2025-01-08T07:04:08.703Z"}
{"level":"\u001b[32minfo\u001b[39m","message":"{\"method\":\"POST\",\"url\":\"/api/leave/apply-leave\",\"status\":\"200\",\"responseTime\":\"185.065\"}","timestamp":"2025-01-08T07:07:13.437Z"}
{"level":"\u001b[32minfo\u001b[39m","message":"{\"method\":\"POST\",\"url\":\"/api/leave/apply-leave\",\"status\":\"200\",\"responseTime\":\"454.211\"}","timestamp":"2025-01-08T07:08:51.872Z"}
{"level":"\u001b[32minfo\u001b[39m","message":"{\"method\":\"POST\",\"url\":\"/api/leave/apply-leave\",\"status\":\"200\",\"responseTime\":\"2522.925\"}","timestamp":"2025-01-08T07:13:37.533Z"}
{"level":"\u001b[32minfo\u001b[39m","message":"{\"method\":\"POST\",\"url\":\"/api/leave/apply-leave\",\"status\":\"401\",\"responseTime\":\"39.740\"}","timestamp":"2025-01-08T08:40:36.974Z"}
{"level":"\u001b[32minfo\u001b[39m","message":"{\"method\":\"POST\",\"url\":\"/api/leave/apply-leave\",\"status\":\"200\",\"responseTime\":\"430.998\"}","timestamp":"2025-01-08T08:40:37.503Z"}
{"level":"\u001b[32minfo\u001b[39m","message":"{\"method\":\"GET\",\"url\":\"/api/employee/get-employees?organizationId=6772156b15a6f5e05c8a29c9\",\"status\":\"401\",\"responseTime\":\"2.020\"}","timestamp":"2025-01-08T11:00:06.158Z"}
{"level":"\u001b[32minfo\u001b[39m","message":"{\"method\":\"GET\",\"url\":\"/api/employee/get-employees?organizationId=6772156b15a6f5e05c8a29c9\",\"status\":\"200\",\"responseTime\":\"902.592\"}","timestamp":"2025-01-08T11:00:07.660Z"}
{"level":"\u001b[32minfo\u001b[39m","message":"{\"method\":\"GET\",\"url\":\"/api/attendence/get-policy?organizationId=6772156b15a6f5e05c8a29c9\",\"status\":\"304\",\"responseTime\":\"215.943\"}","timestamp":"2025-01-08T11:00:28.847Z"}
{"level":"\u001b[32minfo\u001b[39m","message":"{\"method\":\"GET\",\"url\":\"/api/employee/fetch-EmployeesCount?organizationId=6772156b15a6f5e05c8a29c9\",\"status\":\"304\",\"responseTime\":\"113.585\"}","timestamp":"2025-01-08T11:00:35.598Z"}
{"level":"\u001b[32minfo\u001b[39m","message":"{\"method\":\"GET\",\"url\":\"/api/employee/get-employees?organizationId=6772156b15a6f5e05c8a29c9\",\"status\":\"304\",\"responseTime\":\"79.825\"}","timestamp":"2025-01-08T11:00:37.729Z"}
{"level":"\u001b[32minfo\u001b[39m","message":"{\"method\":\"GET\",\"url\":\"/api/employee/get-employees?organizationId=6772156b15a6f5e05c8a29c9\",\"status\":\"401\",\"responseTime\":\"10.942\"}","timestamp":"2025-01-08T13:45:22.535Z"}
{"level":"\u001b[32minfo\u001b[39m","message":"{\"method\":\"GET\",\"url\":\"/api/employee/get-employees?organizationId=6772156b15a6f5e05c8a29c9\",\"status\":\"200\",\"responseTime\":\"127.665\"}","timestamp":"2025-01-08T13:45:22.871Z"}
{"level":"\u001b[32minfo\u001b[39m","message":"{\"method\":\"GET\",\"url\":\"/api/attendence/get-attendence?employeeEmail=moideenshacpcp10%40gmail.com\",\"status\":\"304\",\"responseTime\":\"136.304\"}","timestamp":"2025-01-08T13:46:14.661Z"}
{"level":"\u001b[32minfo\u001b[39m","message":"{\"method\":\"GET\",\"url\":\"/api/attendence/get-attendence?employeeEmail=moideenshacpcp10%40gmail.com\",\"status\":\"304\",\"responseTime\":\"83.472\"}","timestamp":"2025-01-08T13:46:14.756Z"}
{"level":"\u001b[32minfo\u001b[39m","message":"{\"method\":\"POST\",\"url\":\"/api/attendence/handle-attendence\",\"status\":\"200\",\"responseTime\":\"299.477\"}","timestamp":"2025-01-08T13:46:17.761Z"}
{"level":"\u001b[32minfo\u001b[39m","message":"{\"method\":\"GET\",\"url\":\"/api/attendence/get-attendence?employeeEmail=moideenshacpcp10%40gmail.com\",\"status\":\"200\",\"responseTime\":\"89.879\"}","timestamp":"2025-01-08T13:46:17.868Z"}
{"level":"\u001b[32minfo\u001b[39m","message":"{\"method\":\"POST\",\"url\":\"/api/attendence/handle-attendence\",\"status\":\"400\",\"responseTime\":\"168.893\"}","timestamp":"2025-01-08T13:46:38.298Z"}
{"level":"\u001b[32minfo\u001b[39m","message":"{\"method\":\"GET\",\"url\":\"/api/attendence/get-attendence?employeeEmail=moideenshacpcp10%40gmail.com\",\"status\":\"304\",\"responseTime\":\"107.517\"}","timestamp":"2025-01-08T13:47:01.698Z"}
{"level":"\u001b[32minfo\u001b[39m","message":"{\"method\":\"GET\",\"url\":\"/api/attendence/get-policy?organizationId=6772156b15a6f5e05c8a29c9\",\"status\":\"304\",\"responseTime\":\"107.762\"}","timestamp":"2025-01-08T13:47:11.151Z"}
{"level":"\u001b[32minfo\u001b[39m","message":"{\"method\":\"GET\",\"url\":\"/api/employee/fetch-EmployeesCount?organizationId=6772156b15a6f5e05c8a29c9\",\"status\":\"304\",\"responseTime\":\"79.022\"}","timestamp":"2025-01-08T13:47:43.940Z"}
