{"level":"\u001b[32minfo\u001b[39m","message":"{\"method\":\"GET\",\"url\":\"/api/employee/get-employees?organizationId=67869a6a1514145a64988362\",\"status\":\"401\",\"responseTime\":\"5.077\"}","timestamp":"2025-01-27T05:45:22.318Z"}
{"level":"\u001b[32minfo\u001b[39m","message":"{\"method\":\"GET\",\"url\":\"/api/employee/get-employees?organizationId=67869a6a1514145a64988362\",\"status\":\"200\",\"responseTime\":\"192.904\"}","timestamp":"2025-01-27T05:45:22.868Z"}
{"level":"\u001b[32minfo\u001b[39m","message":"{\"method\":\"GET\",\"url\":\"/api/employee/fetch-employeesById?employeeIds[]=67936b8fa37f9d4b8f5d23b3&employeeIds[]=67936bdca37f9d4b8f5d23b6&employeeIds[]=67869f7defffdbe0c161c74a\",\"status\":\"304\",\"responseTime\":\"196.868\"}","timestamp":"2025-01-27T05:45:23.074Z"}
{"level":"\u001b[32minfo\u001b[39m","message":"{\"method\":\"GET\",\"url\":\"/api/employee/fetch-EmployeesCount?organizationId=67869a6a1514145a64988362\",\"status\":\"304\",\"responseTime\":\"182.961\"}","timestamp":"2025-01-27T05:45:32.191Z"}
{"level":"\u001b[32minfo\u001b[39m","message":"{\"method\":\"GET\",\"url\":\"/api/attendence/get-attendence?employeeEmail=moideenshacpcp10%40gmail.com\",\"status\":\"304\",\"responseTime\":\"98.555\"}","timestamp":"2025-01-27T05:45:49.277Z"}
{"level":"\u001b[32minfo\u001b[39m","message":"{\"method\":\"POST\",\"url\":\"/api/attendence/handle-attendence\",\"status\":\"200\",\"responseTime\":\"560.885\"}","timestamp":"2025-01-27T05:45:52.857Z"}
{"level":"\u001b[32minfo\u001b[39m","message":"{\"method\":\"GET\",\"url\":\"/api/attendence/get-attendence?employeeEmail=moideenshacpcp10%40gmail.com\",\"status\":\"200\",\"responseTime\":\"157.253\"}","timestamp":"2025-01-27T05:45:53.070Z"}
{"level":"\u001b[32minfo\u001b[39m","message":"{\"method\":\"GET\",\"url\":\"/api/leave/fetch-leave?employeeEmail=moideenshacpcp10%40gmail.com\",\"status\":\"304\",\"responseTime\":\"105.145\"}","timestamp":"2025-01-27T05:45:56.430Z"}
{"level":"\u001b[32minfo\u001b[39m","message":"{\"method\":\"GET\",\"url\":\"/api/employee/fetch-employeesById?employeeIds[]=67936b8fa37f9d4b8f5d23b3&employeeIds[]=67936bdca37f9d4b8f5d23b6&employeeIds[]=67869f7defffdbe0c161c74a\",\"status\":\"304\",\"responseTime\":\"186.055\"}","timestamp":"2025-01-27T05:46:27.471Z"}
{"level":"\u001b[32minfo\u001b[39m","message":"{\"method\":\"GET\",\"url\":\"/api/employee/get-employees?organizationId=67869a6a1514145a64988362\",\"status\":\"304\",\"responseTime\":\"76.444\"}","timestamp":"2025-01-27T05:46:36.581Z"}
{"level":"\u001b[32minfo\u001b[39m","message":"{\"method\":\"GET\",\"url\":\"/api/employee/fetch-employeesById?employeeIds[]=67936b8fa37f9d4b8f5d23b3&employeeIds[]=67936bdca37f9d4b8f5d23b6&employeeIds[]=67869f7defffdbe0c161c74a\",\"status\":\"304\",\"responseTime\":\"110.353\"}","timestamp":"2025-01-27T05:46:36.716Z"}
{"level":"\u001b[32minfo\u001b[39m","message":"{\"method\":\"GET\",\"url\":\"/api/employee/get-employees?organizationId=67869a6a1514145a64988362\",\"status\":\"401\",\"responseTime\":\"4.103\"}","timestamp":"2025-01-27T05:53:05.338Z"}
{"level":"\u001b[32minfo\u001b[39m","message":"{\"method\":\"GET\",\"url\":\"/api/employee/get-employees?organizationId=67869a6a1514145a64988362\",\"status\":\"304\",\"responseTime\":\"88.175\"}","timestamp":"2025-01-27T05:53:05.550Z"}
{"level":"\u001b[32minfo\u001b[39m","message":"{\"method\":\"GET\",\"url\":\"/api/employee/get-employees?organizationId=67869a6a1514145a64988362\",\"status\":\"401\",\"responseTime\":\"3.777\"}","timestamp":"2025-01-27T05:55:02.302Z"}
{"level":"\u001b[32minfo\u001b[39m","message":"{\"method\":\"GET\",\"url\":\"/api/employee/get-employees?organizationId=67869a6a1514145a64988362\",\"status\":\"304\",\"responseTime\":\"118.112\"}","timestamp":"2025-01-27T05:55:02.593Z"}
{"level":"\u001b[32minfo\u001b[39m","message":"{\"method\":\"GET\",\"url\":\"/api/employee/get-employees?organizationId=67869a6a1514145a64988362\",\"status\":\"304\",\"responseTime\":\"91.516\"}","timestamp":"2025-01-27T05:55:09.355Z"}
{"level":"\u001b[32minfo\u001b[39m","message":"{\"method\":\"GET\",\"url\":\"/api/employee/get-employees?organizationId=67869a6a1514145a64988362\",\"status\":\"401\",\"responseTime\":\"4.063\"}","timestamp":"2025-01-27T05:56:02.133Z"}
{"level":"\u001b[32minfo\u001b[39m","message":"{\"method\":\"GET\",\"url\":\"/api/employee/get-employees?organizationId=67869a6a1514145a64988362\",\"status\":\"304\",\"responseTime\":\"85.599\"}","timestamp":"2025-01-27T05:56:02.856Z"}
{"level":"\u001b[32minfo\u001b[39m","message":"{\"method\":\"GET\",\"url\":\"/api/employee/fetch-employeesById?employeeIds[]=67936b8fa37f9d4b8f5d23b3&employeeIds[]=67936bdca37f9d4b8f5d23b6&employeeIds[]=67869f7defffdbe0c161c74a\",\"status\":\"304\",\"responseTime\":\"66.221\"}","timestamp":"2025-01-27T05:56:03.033Z"}
{"level":"\u001b[32minfo\u001b[39m","message":"{\"method\":\"GET\",\"url\":\"/api/employee/get-employees?organizationId=67869a6a1514145a64988362\",\"status\":\"401\",\"responseTime\":\"3.739\"}","timestamp":"2025-01-27T05:57:51.299Z"}
{"level":"\u001b[32minfo\u001b[39m","message":"{\"method\":\"GET\",\"url\":\"/api/employee/get-employees?organizationId=67869a6a1514145a64988362\",\"status\":\"304\",\"responseTime\":\"175.396\"}","timestamp":"2025-01-27T05:57:51.736Z"}
{"level":"\u001b[32minfo\u001b[39m","message":"{\"method\":\"GET\",\"url\":\"/api/employee/get-employees?organizationId=67869a6a1514145a64988362\",\"status\":\"304\",\"responseTime\":\"54.242\"}","timestamp":"2025-01-27T05:57:54.308Z"}
{"level":"\u001b[32minfo\u001b[39m","message":"{\"method\":\"GET\",\"url\":\"/api/employee/get-employees?organizationId=67869a6a1514145a64988362\",\"status\":\"304\",\"responseTime\":\"575.976\"}","timestamp":"2025-01-27T05:57:59.835Z"}
{"level":"\u001b[32minfo\u001b[39m","message":"{\"method\":\"GET\",\"url\":\"/api/employee/fetch-employeesById?employeeIds[]=67936b8fa37f9d4b8f5d23b3&employeeIds[]=67936bdca37f9d4b8f5d23b6&employeeIds[]=67869f7defffdbe0c161c74a\",\"status\":\"304\",\"responseTime\":\"168.937\"}","timestamp":"2025-01-27T05:58:03.602Z"}
{"level":"\u001b[32minfo\u001b[39m","message":"{\"method\":\"GET\",\"url\":\"/api/attendence/get-policy?organizationId=67869a6a1514145a64988362\",\"status\":\"304\",\"responseTime\":\"146.582\"}","timestamp":"2025-01-27T05:58:23.904Z"}
{"level":"\u001b[32minfo\u001b[39m","message":"{\"method\":\"GET\",\"url\":\"/api/employee/get-employees?organizationId=67869a6a1514145a64988362\",\"status\":\"304\",\"responseTime\":\"211.271\"}","timestamp":"2025-01-27T05:58:25.010Z"}
{"level":"\u001b[32minfo\u001b[39m","message":"{\"method\":\"GET\",\"url\":\"/api/employee/fetch-employeesById?employeeIds[]=67936b8fa37f9d4b8f5d23b3&employeeIds[]=67936bdca37f9d4b8f5d23b6&employeeIds[]=67869f7defffdbe0c161c74a\",\"status\":\"304\",\"responseTime\":\"184.268\"}","timestamp":"2025-01-27T05:58:25.241Z"}
{"level":"\u001b[32minfo\u001b[39m","message":"{\"method\":\"GET\",\"url\":\"/api/employee/fetch-employeesById?employeeIds[]=67936b8fa37f9d4b8f5d23b3&employeeIds[]=67936bdca37f9d4b8f5d23b6&employeeIds[]=67869f7defffdbe0c161c74a\",\"status\":\"304\",\"responseTime\":\"54.633\"}","timestamp":"2025-01-27T05:58:46.496Z"}
{"level":"\u001b[32minfo\u001b[39m","message":"{\"method\":\"GET\",\"url\":\"/api/employee/get-employees?organizationId=67869a6a1514145a64988362\",\"status\":\"401\",\"responseTime\":\"2.844\"}","timestamp":"2025-01-27T05:59:42.287Z"}
{"level":"\u001b[32minfo\u001b[39m","message":"{\"method\":\"GET\",\"url\":\"/api/employee/get-employees?organizationId=67869a6a1514145a64988362\",\"status\":\"304\",\"responseTime\":\"391.223\"}","timestamp":"2025-01-27T05:59:42.842Z"}
{"level":"\u001b[32minfo\u001b[39m","message":"{\"method\":\"GET\",\"url\":\"/api/employee/get-employees?organizationId=67869a6a1514145a64988362\",\"status\":\"401\",\"responseTime\":\"3.148\"}","timestamp":"2025-01-27T06:08:47.263Z"}
{"level":"\u001b[32minfo\u001b[39m","message":"{\"method\":\"GET\",\"url\":\"/api/employee/get-employees?organizationId=67869a6a1514145a64988362\",\"status\":\"304\",\"responseTime\":\"990.531\"}","timestamp":"2025-01-27T06:08:48.852Z"}
{"level":"\u001b[32minfo\u001b[39m","message":"{\"method\":\"GET\",\"url\":\"/api/employee/get-employees?organizationId=67869a6a1514145a64988362\",\"status\":\"304\",\"responseTime\":\"257.625\"}","timestamp":"2025-01-27T06:08:58.531Z"}
{"level":"\u001b[32minfo\u001b[39m","message":"{\"method\":\"GET\",\"url\":\"/api/employee/get-employees?organizationId=67869a6a1514145a64988362\",\"status\":\"304\",\"responseTime\":\"117.405\"}","timestamp":"2025-01-27T06:09:02.478Z"}
{"level":"\u001b[32minfo\u001b[39m","message":"{\"method\":\"GET\",\"url\":\"/api/employee/fetch-employeesById?employeeIds[]=67936b8fa37f9d4b8f5d23b3&employeeIds[]=67936bdca37f9d4b8f5d23b6&employeeIds[]=67869f7defffdbe0c161c74a\",\"status\":\"304\",\"responseTime\":\"167.311\"}","timestamp":"2025-01-27T06:09:02.697Z"}
{"level":"\u001b[32minfo\u001b[39m","message":"{\"method\":\"GET\",\"url\":\"/api/employee/get-employees?organizationId=67869a6a1514145a64988362\",\"status\":\"401\",\"responseTime\":\"4.119\"}","timestamp":"2025-01-27T06:11:12.171Z"}
{"level":"\u001b[32minfo\u001b[39m","message":"{\"method\":\"GET\",\"url\":\"/api/employee/get-employees?organizationId=67869a6a1514145a64988362\",\"status\":\"304\",\"responseTime\":\"68.918\"}","timestamp":"2025-01-27T06:11:13.130Z"}
{"level":"\u001b[32minfo\u001b[39m","message":"{\"method\":\"GET\",\"url\":\"/api/employee/fetch-employeesById?employeeIds[]=67936b8fa37f9d4b8f5d23b3&employeeIds[]=67936bdca37f9d4b8f5d23b6&employeeIds[]=67869f7defffdbe0c161c74a\",\"status\":\"304\",\"responseTime\":\"72.930\"}","timestamp":"2025-01-27T06:11:13.302Z"}
{"level":"\u001b[32minfo\u001b[39m","message":"{\"method\":\"GET\",\"url\":\"/api/employee/get-employees?organizationId=67869a6a1514145a64988362\",\"status\":\"401\",\"responseTime\":\"3.393\"}","timestamp":"2025-01-27T06:12:30.267Z"}
{"level":"\u001b[32minfo\u001b[39m","message":"{\"method\":\"GET\",\"url\":\"/api/employee/get-employees?organizationId=67869a6a1514145a64988362\",\"status\":\"304\",\"responseTime\":\"234.027\"}","timestamp":"2025-01-27T06:12:31.912Z"}
{"level":"\u001b[32minfo\u001b[39m","message":"{\"method\":\"GET\",\"url\":\"/api/employee/fetch-employeesById?employeeIds[]=67936b8fa37f9d4b8f5d23b3&employeeIds[]=67936bdca37f9d4b8f5d23b6&employeeIds[]=67869f7defffdbe0c161c74a\",\"status\":\"304\",\"responseTime\":\"83.601\"}","timestamp":"2025-01-27T06:12:32.053Z"}
{"level":"\u001b[32minfo\u001b[39m","message":"{\"method\":\"GET\",\"url\":\"/api/employee/get-employees?organizationId=67869a6a1514145a64988362\",\"status\":\"304\",\"responseTime\":\"746.635\"}","timestamp":"2025-01-27T06:12:56.976Z"}
{"level":"\u001b[32minfo\u001b[39m","message":"{\"method\":\"GET\",\"url\":\"/api/employee/fetch-employeesById?employeeIds[]=67936b8fa37f9d4b8f5d23b3&employeeIds[]=67936bdca37f9d4b8f5d23b6&employeeIds[]=67869f7defffdbe0c161c74a\",\"status\":\"304\",\"responseTime\":\"135.851\"}","timestamp":"2025-01-27T06:12:57.083Z"}
{"level":"\u001b[32minfo\u001b[39m","message":"{\"method\":\"GET\",\"url\":\"/api/employee/get-employees?organizationId=67869a6a1514145a64988362\",\"status\":\"401\",\"responseTime\":\"5.985\"}","timestamp":"2025-01-27T06:13:40.040Z"}
{"level":"\u001b[32minfo\u001b[39m","message":"{\"method\":\"GET\",\"url\":\"/api/employee/get-employees?organizationId=67869a6a1514145a64988362\",\"status\":\"304\",\"responseTime\":\"65.793\"}","timestamp":"2025-01-27T06:13:40.917Z"}
{"level":"\u001b[32minfo\u001b[39m","message":"{\"method\":\"GET\",\"url\":\"/api/employee/fetch-employeesById?employeeIds[]=67936b8fa37f9d4b8f5d23b3&employeeIds[]=67936bdca37f9d4b8f5d23b6&employeeIds[]=67869f7defffdbe0c161c74a\",\"status\":\"304\",\"responseTime\":\"66.193\"}","timestamp":"2025-01-27T06:13:41.056Z"}
{"level":"\u001b[32minfo\u001b[39m","message":"{\"method\":\"GET\",\"url\":\"/api/employee/get-employees?organizationId=67869a6a1514145a64988362\",\"status\":\"401\",\"responseTime\":\"4.199\"}","timestamp":"2025-01-27T06:16:31.377Z"}
{"level":"\u001b[32minfo\u001b[39m","message":"{\"method\":\"GET\",\"url\":\"/api/employee/get-employees?organizationId=67869a6a1514145a64988362\",\"status\":\"304\",\"responseTime\":\"59.650\"}","timestamp":"2025-01-27T06:16:32.040Z"}
{"level":"\u001b[32minfo\u001b[39m","message":"{\"method\":\"GET\",\"url\":\"/api/employee/fetch-employeesById?employeeIds[]=67936b8fa37f9d4b8f5d23b3&employeeIds[]=67936bdca37f9d4b8f5d23b6&employeeIds[]=67869f7defffdbe0c161c74a\",\"status\":\"304\",\"responseTime\":\"64.236\"}","timestamp":"2025-01-27T06:16:32.309Z"}
{"level":"\u001b[32minfo\u001b[39m","message":"{\"method\":\"GET\",\"url\":\"/api/employee/get-employees?organizationId=67869a6a1514145a64988362\",\"status\":\"401\",\"responseTime\":\"4.478\"}","timestamp":"2025-01-27T06:17:32.728Z"}
{"level":"\u001b[32minfo\u001b[39m","message":"{\"method\":\"GET\",\"url\":\"/api/employee/get-employees?organizationId=67869a6a1514145a64988362\",\"status\":\"304\",\"responseTime\":\"64.071\"}","timestamp":"2025-01-27T06:17:33.867Z"}
{"level":"\u001b[32minfo\u001b[39m","message":"{\"method\":\"GET\",\"url\":\"/api/employee/fetch-employeesById?employeeIds[]=67936b8fa37f9d4b8f5d23b3&employeeIds[]=67936bdca37f9d4b8f5d23b6&employeeIds[]=67869f7defffdbe0c161c74a\",\"status\":\"304\",\"responseTime\":\"97.125\"}","timestamp":"2025-01-27T06:17:34.010Z"}
{"level":"\u001b[32minfo\u001b[39m","message":"{\"method\":\"GET\",\"url\":\"/api/employee/get-employees?organizationId=67869a6a1514145a64988362\",\"status\":\"304\",\"responseTime\":\"637.325\"}","timestamp":"2025-01-27T06:17:38.329Z"}
{"level":"\u001b[32minfo\u001b[39m","message":"{\"method\":\"GET\",\"url\":\"/api/employee/get-employees?organizationId=67869a6a1514145a64988362\",\"status\":\"304\",\"responseTime\":\"176.842\"}","timestamp":"2025-01-27T06:17:55.484Z"}
{"level":"\u001b[32minfo\u001b[39m","message":"{\"method\":\"GET\",\"url\":\"/api/attendence/get-policy?organizationId=67869a6a1514145a64988362\",\"status\":\"304\",\"responseTime\":\"121.552\"}","timestamp":"2025-01-27T06:18:21.698Z"}
{"level":"\u001b[32minfo\u001b[39m","message":"{\"method\":\"GET\",\"url\":\"/api/employee/fetch-employeesById?employeeIds[]=67936b8fa37f9d4b8f5d23b3&employeeIds[]=67936bdca37f9d4b8f5d23b6&employeeIds[]=67869f7defffdbe0c161c74a\",\"status\":\"304\",\"responseTime\":\"79.283\"}","timestamp":"2025-01-27T06:18:23.136Z"}
{"level":"\u001b[32minfo\u001b[39m","message":"{\"method\":\"GET\",\"url\":\"/api/employee/get-employees?organizationId=67869a6a1514145a64988362\",\"status\":\"304\",\"responseTime\":\"846.769\"}","timestamp":"2025-01-27T06:18:23.379Z"}
{"level":"\u001b[32minfo\u001b[39m","message":"{\"method\":\"GET\",\"url\":\"/api/employee/get-employees?organizationId=67869a6a1514145a64988362\",\"status\":\"401\",\"responseTime\":\"3.112\"}","timestamp":"2025-01-27T06:18:49.328Z"}
{"level":"\u001b[32minfo\u001b[39m","message":"{\"method\":\"GET\",\"url\":\"/api/employee/get-employees?organizationId=67869a6a1514145a64988362\",\"status\":\"304\",\"responseTime\":\"57.000\"}","timestamp":"2025-01-27T06:18:49.507Z"}
{"level":"\u001b[32minfo\u001b[39m","message":"{\"method\":\"GET\",\"url\":\"/api/employee/get-employees?organizationId=67869a6a1514145a64988362\",\"status\":\"401\",\"responseTime\":\"3.190\"}","timestamp":"2025-01-27T06:26:38.300Z"}
{"level":"\u001b[32minfo\u001b[39m","message":"{\"method\":\"GET\",\"url\":\"/api/employee/get-employees?organizationId=67869a6a1514145a64988362\",\"status\":\"304\",\"responseTime\":\"56.603\"}","timestamp":"2025-01-27T06:26:38.448Z"}
{"level":"\u001b[32minfo\u001b[39m","message":"{\"method\":\"GET\",\"url\":\"/api/attendence/get-policy?organizationId=67869a6a1514145a64988362\",\"status\":\"304\",\"responseTime\":\"65.421\"}","timestamp":"2025-01-27T06:26:43.740Z"}
{"level":"\u001b[32minfo\u001b[39m","message":"{\"method\":\"GET\",\"url\":\"/api/employee/get-employees?organizationId=67869a6a1514145a64988362\",\"status\":\"304\",\"responseTime\":\"57.095\"}","timestamp":"2025-01-27T06:26:45.299Z"}
{"level":"\u001b[32minfo\u001b[39m","message":"{\"method\":\"GET\",\"url\":\"/api/employee/fetch-employeesById?employeeIds[]=67936b8fa37f9d4b8f5d23b3&employeeIds[]=67936bdca37f9d4b8f5d23b6&employeeIds[]=67869f7defffdbe0c161c74a\",\"status\":\"304\",\"responseTime\":\"59.076\"}","timestamp":"2025-01-27T06:26:45.389Z"}
{"level":"\u001b[32minfo\u001b[39m","message":"{\"method\":\"GET\",\"url\":\"/api/employee/fetch-employeesById?employeeIds[]=67936b8fa37f9d4b8f5d23b3&employeeIds[]=67936bdca37f9d4b8f5d23b6&employeeIds[]=67869f7defffdbe0c161c74a\",\"status\":\"304\",\"responseTime\":\"298.057\"}","timestamp":"2025-01-27T06:27:14.215Z"}
{"level":"\u001b[32minfo\u001b[39m","message":"{\"method\":\"GET\",\"url\":\"/api/employee/get-employees?organizationId=67869a6a1514145a64988362\",\"status\":\"401\",\"responseTime\":\"4.309\"}","timestamp":"2025-01-27T06:28:14.496Z"}
{"level":"\u001b[32minfo\u001b[39m","message":"{\"method\":\"GET\",\"url\":\"/api/employee/get-employees?organizationId=67869a6a1514145a64988362\",\"status\":\"304\",\"responseTime\":\"108.176\"}","timestamp":"2025-01-27T06:28:14.868Z"}
{"level":"\u001b[32minfo\u001b[39m","message":"{\"method\":\"GET\",\"url\":\"/api/employee/get-employees?organizationId=67869a6a1514145a64988362\",\"status\":\"304\",\"responseTime\":\"201.511\"}","timestamp":"2025-01-27T06:28:28.469Z"}
{"level":"\u001b[32minfo\u001b[39m","message":"{\"method\":\"GET\",\"url\":\"/api/employee/get-employees?organizationId=67869a6a1514145a64988362\",\"status\":\"304\",\"responseTime\":\"151.231\"}","timestamp":"2025-01-27T06:28:30.423Z"}
{"level":"\u001b[32minfo\u001b[39m","message":"{\"method\":\"GET\",\"url\":\"/api/employee/get-employees?organizationId=67869a6a1514145a64988362\",\"status\":\"304\",\"responseTime\":\"408.703\"}","timestamp":"2025-01-27T06:28:33.673Z"}
{"level":"\u001b[32minfo\u001b[39m","message":"{\"method\":\"GET\",\"url\":\"/api/attendence/get-policy?organizationId=67869a6a1514145a64988362\",\"status\":\"304\",\"responseTime\":\"108.941\"}","timestamp":"2025-01-27T06:28:45.848Z"}
{"level":"\u001b[32minfo\u001b[39m","message":"{\"method\":\"GET\",\"url\":\"/api/attendence/get-policy?organizationId=67869a6a1514145a64988362\",\"status\":\"304\",\"responseTime\":\"59.105\"}","timestamp":"2025-01-27T06:28:48.830Z"}
{"level":"\u001b[32minfo\u001b[39m","message":"{\"method\":\"GET\",\"url\":\"/api/employee/get-employees?organizationId=67869a6a1514145a64988362\",\"status\":\"304\",\"responseTime\":\"60.119\"}","timestamp":"2025-01-27T06:28:51.607Z"}
{"level":"\u001b[32minfo\u001b[39m","message":"{\"method\":\"GET\",\"url\":\"/api/employee/fetch-employeesById?employeeIds[]=67936b8fa37f9d4b8f5d23b3&employeeIds[]=67936bdca37f9d4b8f5d23b6&employeeIds[]=67869f7defffdbe0c161c74a\",\"status\":\"304\",\"responseTime\":\"70.397\"}","timestamp":"2025-01-27T06:28:51.736Z"}
{"level":"\u001b[32minfo\u001b[39m","message":"{\"method\":\"GET\",\"url\":\"/api/attendence/get-policy?organizationId=67869a6a1514145a64988362\",\"status\":\"401\",\"responseTime\":\"4.036\"}","timestamp":"2025-01-27T06:29:49.453Z"}
{"level":"\u001b[32minfo\u001b[39m","message":"{\"method\":\"GET\",\"url\":\"/api/attendence/get-policy?organizationId=67869a6a1514145a64988362\",\"status\":\"304\",\"responseTime\":\"184.251\"}","timestamp":"2025-01-27T06:29:49.863Z"}
{"level":"\u001b[32minfo\u001b[39m","message":"{\"method\":\"GET\",\"url\":\"/api/employee/get-employees?organizationId=67869a6a1514145a64988362\",\"status\":\"304\",\"responseTime\":\"111.515\"}","timestamp":"2025-01-27T06:29:50.954Z"}
{"level":"\u001b[32minfo\u001b[39m","message":"{\"method\":\"GET\",\"url\":\"/api/employee/fetch-employeesById?employeeIds[]=67936b8fa37f9d4b8f5d23b3&employeeIds[]=67936bdca37f9d4b8f5d23b6&employeeIds[]=67869f7defffdbe0c161c74a\",\"status\":\"304\",\"responseTime\":\"125.680\"}","timestamp":"2025-01-27T06:29:51.126Z"}
{"level":"\u001b[32minfo\u001b[39m","message":"{\"method\":\"GET\",\"url\":\"/api/employee/get-employees?organizationId=67869a6a1514145a64988362\",\"status\":\"401\",\"responseTime\":\"2.280\"}","timestamp":"2025-01-27T06:34:23.420Z"}
{"level":"\u001b[32minfo\u001b[39m","message":"{\"method\":\"GET\",\"url\":\"/api/employee/get-employees?organizationId=67869a6a1514145a64988362\",\"status\":\"304\",\"responseTime\":\"62.691\"}","timestamp":"2025-01-27T06:34:23.656Z"}
{"level":"\u001b[32minfo\u001b[39m","message":"{\"method\":\"GET\",\"url\":\"/api/employee/get-employees?organizationId=67869a6a1514145a64988362\",\"status\":\"304\",\"responseTime\":\"526.168\"}","timestamp":"2025-01-27T06:34:26.876Z"}
{"level":"\u001b[32minfo\u001b[39m","message":"{\"method\":\"GET\",\"url\":\"/api/employee/get-employees?organizationId=67869a6a1514145a64988362\",\"status\":\"304\",\"responseTime\":\"163.159\"}","timestamp":"2025-01-27T06:34:50.439Z"}
{"level":"\u001b[32minfo\u001b[39m","message":"{\"method\":\"GET\",\"url\":\"/api/employee/get-employees?organizationId=67869a6a1514145a64988362\",\"status\":\"304\",\"responseTime\":\"133.370\"}","timestamp":"2025-01-27T06:34:53.389Z"}
{"level":"\u001b[32minfo\u001b[39m","message":"{\"method\":\"GET\",\"url\":\"/api/employee/get-employees?organizationId=67869a6a1514145a64988362\",\"status\":\"304\",\"responseTime\":\"195.231\"}","timestamp":"2025-01-27T06:34:56.459Z"}
{"level":"\u001b[32minfo\u001b[39m","message":"{\"method\":\"GET\",\"url\":\"/api/employee/get-employees?organizationId=67869a6a1514145a64988362\",\"status\":\"304\",\"responseTime\":\"442.768\"}","timestamp":"2025-01-27T06:34:57.702Z"}
{"level":"\u001b[32minfo\u001b[39m","message":"{\"method\":\"GET\",\"url\":\"/api/employee/get-employees?organizationId=67869a6a1514145a64988362\",\"status\":\"304\",\"responseTime\":\"902.753\"}","timestamp":"2025-01-27T06:35:06.191Z"}
{"level":"\u001b[32minfo\u001b[39m","message":"{\"method\":\"GET\",\"url\":\"/api/employee/get-employees?organizationId=67869a6a1514145a64988362\",\"status\":\"304\",\"responseTime\":\"182.458\"}","timestamp":"2025-01-27T06:35:07.328Z"}
{"level":"\u001b[32minfo\u001b[39m","message":"{\"method\":\"GET\",\"url\":\"/api/employee/get-employees?organizationId=67869a6a1514145a64988362\",\"status\":\"304\",\"responseTime\":\"164.790\"}","timestamp":"2025-01-27T06:35:20.429Z"}
{"level":"\u001b[32minfo\u001b[39m","message":"{\"method\":\"GET\",\"url\":\"/api/employee/get-employees?organizationId=67869a6a1514145a64988362\",\"status\":\"401\",\"responseTime\":\"3.462\"}","timestamp":"2025-01-27T06:35:23.281Z"}
{"level":"\u001b[32minfo\u001b[39m","message":"{\"method\":\"GET\",\"url\":\"/api/employee/get-employees?organizationId=67869a6a1514145a64988362\",\"status\":\"304\",\"responseTime\":\"58.470\"}","timestamp":"2025-01-27T06:35:23.577Z"}
{"level":"\u001b[32minfo\u001b[39m","message":"{\"method\":\"GET\",\"url\":\"/api/employee/get-employees?organizationId=67869a6a1514145a64988362\",\"status\":\"304\",\"responseTime\":\"175.788\"}","timestamp":"2025-01-27T06:35:30.459Z"}
{"level":"\u001b[32minfo\u001b[39m","message":"{\"method\":\"GET\",\"url\":\"/api/employee/get-employees?organizationId=67869a6a1514145a64988362\",\"status\":\"304\",\"responseTime\":\"452.950\"}","timestamp":"2025-01-27T06:35:32.719Z"}
{"level":"\u001b[32minfo\u001b[39m","message":"{\"method\":\"GET\",\"url\":\"/api/employee/get-employees?organizationId=67869a6a1514145a64988362\",\"status\":\"304\",\"responseTime\":\"149.750\"}","timestamp":"2025-01-27T06:35:36.403Z"}
{"level":"\u001b[32minfo\u001b[39m","message":"{\"method\":\"GET\",\"url\":\"/api/employee/get-employees?organizationId=67869a6a1514145a64988362\",\"status\":\"304\",\"responseTime\":\"180.228\"}","timestamp":"2025-01-27T06:35:38.450Z"}
{"level":"\u001b[32minfo\u001b[39m","message":"{\"method\":\"GET\",\"url\":\"/api/employee/get-employees?organizationId=67869a6a1514145a64988362\",\"status\":\"304\",\"responseTime\":\"96.688\"}","timestamp":"2025-01-27T06:35:39.428Z"}
{"level":"\u001b[32minfo\u001b[39m","message":"{\"method\":\"GET\",\"url\":\"/api/employee/get-employees?organizationId=67869a6a1514145a64988362\",\"status\":\"304\",\"responseTime\":\"133.165\"}","timestamp":"2025-01-27T06:35:40.399Z"}
{"level":"\u001b[32minfo\u001b[39m","message":"{\"method\":\"GET\",\"url\":\"/api/employee/get-employees?organizationId=67869a6a1514145a64988362\",\"status\":\"401\",\"responseTime\":\"2.754\"}","timestamp":"2025-01-27T06:39:56.271Z"}
{"level":"\u001b[32minfo\u001b[39m","message":"{\"method\":\"GET\",\"url\":\"/api/employee/get-employees?organizationId=67869a6a1514145a64988362\",\"status\":\"304\",\"responseTime\":\"189.490\"}","timestamp":"2025-01-27T06:39:56.604Z"}
{"level":"\u001b[32minfo\u001b[39m","message":"{\"method\":\"GET\",\"url\":\"/api/employee/get-employees?organizationId=67869a6a1514145a64988362\",\"status\":\"401\",\"responseTime\":\"3.870\"}","timestamp":"2025-01-27T06:41:39.270Z"}
{"level":"\u001b[32minfo\u001b[39m","message":"{\"method\":\"GET\",\"url\":\"/api/employee/get-employees?organizationId=67869a6a1514145a64988362\",\"status\":\"304\",\"responseTime\":\"67.003\"}","timestamp":"2025-01-27T06:41:39.639Z"}
{"level":"\u001b[32minfo\u001b[39m","message":"{\"method\":\"GET\",\"url\":\"/api/employee/get-employees?organizationId=67869a6a1514145a64988362\",\"status\":\"304\",\"responseTime\":\"63.841\"}","timestamp":"2025-01-27T06:41:45.383Z"}
{"level":"\u001b[32minfo\u001b[39m","message":"{\"method\":\"GET\",\"url\":\"/api/employee/get-employees?organizationId=67869a6a1514145a64988362\",\"status\":\"304\",\"responseTime\":\"66.467\"}","timestamp":"2025-01-27T06:41:49.348Z"}
{"level":"\u001b[32minfo\u001b[39m","message":"{\"method\":\"GET\",\"url\":\"/api/employee/get-employees?organizationId=67869a6a1514145a64988362\",\"status\":\"304\",\"responseTime\":\"60.697\"}","timestamp":"2025-01-27T06:41:54.810Z"}
{"level":"\u001b[32minfo\u001b[39m","message":"{\"method\":\"GET\",\"url\":\"/api/employee/fetch-employeesById?employeeIds[]=67936b8fa37f9d4b8f5d23b3&employeeIds[]=67936bdca37f9d4b8f5d23b6&employeeIds[]=67869f7defffdbe0c161c74a\",\"status\":\"304\",\"responseTime\":\"77.175\"}","timestamp":"2025-01-27T06:41:56.993Z"}
{"level":"\u001b[32minfo\u001b[39m","message":"{\"method\":\"GET\",\"url\":\"/api/employee/fetch-employeesById?employeeIds[]=67936b8fa37f9d4b8f5d23b3&employeeIds[]=67936bdca37f9d4b8f5d23b6&employeeIds[]=67869f7defffdbe0c161c74a\",\"status\":\"304\",\"responseTime\":\"61.638\"}","timestamp":"2025-01-27T06:42:54.130Z"}
{"level":"\u001b[32minfo\u001b[39m","message":"{\"method\":\"GET\",\"url\":\"/api/attendence/get-policy?organizationId=67869a6a1514145a64988362\",\"status\":\"401\",\"responseTime\":\"4.411\"}","timestamp":"2025-01-27T06:44:47.557Z"}
{"level":"\u001b[32minfo\u001b[39m","message":"{\"method\":\"GET\",\"url\":\"/api/attendence/get-policy?organizationId=67869a6a1514145a64988362\",\"status\":\"304\",\"responseTime\":\"58.657\"}","timestamp":"2025-01-27T06:44:47.762Z"}
{"level":"\u001b[32minfo\u001b[39m","message":"{\"method\":\"GET\",\"url\":\"/api/employee/get-employees?organizationId=67869a6a1514145a64988362\",\"status\":\"304\",\"responseTime\":\"76.189\"}","timestamp":"2025-01-27T06:44:48.443Z"}
{"level":"\u001b[32minfo\u001b[39m","message":"{\"method\":\"GET\",\"url\":\"/api/employee/fetch-employeesById?employeeIds[]=67936b8fa37f9d4b8f5d23b3&employeeIds[]=67936bdca37f9d4b8f5d23b6&employeeIds[]=67869f7defffdbe0c161c74a\",\"status\":\"304\",\"responseTime\":\"87.872\"}","timestamp":"2025-01-27T06:44:48.577Z"}
{"level":"\u001b[32minfo\u001b[39m","message":"{\"method\":\"GET\",\"url\":\"/api/employee/get-employees?organizationId=67869a6a1514145a64988362\",\"status\":\"401\",\"responseTime\":\"2.859\"}","timestamp":"2025-01-27T06:46:56.298Z"}
{"level":"\u001b[32minfo\u001b[39m","message":"{\"method\":\"GET\",\"url\":\"/api/employee/get-employees?organizationId=67869a6a1514145a64988362\",\"status\":\"304\",\"responseTime\":\"101.492\"}","timestamp":"2025-01-27T06:46:56.572Z"}
{"level":"\u001b[32minfo\u001b[39m","message":"{\"method\":\"GET\",\"url\":\"/api/employee/get-employees?organizationId=67869a6a1514145a64988362\",\"status\":\"401\",\"responseTime\":\"3.771\"}","timestamp":"2025-01-27T06:48:50.967Z"}
{"level":"\u001b[32minfo\u001b[39m","message":"{\"method\":\"GET\",\"url\":\"/api/employee/get-employees?organizationId=67869a6a1514145a64988362\",\"status\":\"304\",\"responseTime\":\"724.935\"}","timestamp":"2025-01-27T06:48:52.014Z"}
{"level":"\u001b[32minfo\u001b[39m","message":"{\"method\":\"GET\",\"url\":\"/api/employee/fetch-employeesById?employeeIds[]=67936b8fa37f9d4b8f5d23b3&employeeIds[]=67936bdca37f9d4b8f5d23b6&employeeIds[]=67869f7defffdbe0c161c74a\",\"status\":\"304\",\"responseTime\":\"72.679\"}","timestamp":"2025-01-27T06:48:52.172Z"}
{"level":"\u001b[32minfo\u001b[39m","message":"{\"method\":\"GET\",\"url\":\"/api/employee/get-employees?organizationId=67869a6a1514145a64988362\",\"status\":\"304\",\"responseTime\":\"177.448\"}","timestamp":"2025-01-27T06:49:15.424Z"}
{"level":"\u001b[32minfo\u001b[39m","message":"{\"method\":\"GET\",\"url\":\"/api/employee/get-employees?organizationId=67869a6a1514145a64988362\",\"status\":\"401\",\"responseTime\":\"2.067\"}","timestamp":"2025-01-27T06:51:47.263Z"}
{"level":"\u001b[32minfo\u001b[39m","message":"{\"method\":\"GET\",\"url\":\"/api/employee/get-employees?organizationId=67869a6a1514145a64988362\",\"status\":\"304\",\"responseTime\":\"795.588\"}","timestamp":"2025-01-27T06:51:48.209Z"}
{"level":"\u001b[32minfo\u001b[39m","message":"{\"method\":\"GET\",\"url\":\"/api/employee/get-employees?organizationId=67869a6a1514145a64988362\",\"status\":\"304\",\"responseTime\":\"130.960\"}","timestamp":"2025-01-27T06:51:49.434Z"}
{"level":"\u001b[32minfo\u001b[39m","message":"{\"method\":\"GET\",\"url\":\"/api/employee/get-employees?organizationId=67869a6a1514145a64988362\",\"status\":\"304\",\"responseTime\":\"111.753\"}","timestamp":"2025-01-27T06:51:59.680Z"}
{"level":"\u001b[32minfo\u001b[39m","message":"{\"method\":\"GET\",\"url\":\"/api/employee/fetch-employeesById?employeeIds[]=67936b8fa37f9d4b8f5d23b3&employeeIds[]=67936bdca37f9d4b8f5d23b6&employeeIds[]=67869f7defffdbe0c161c74a\",\"status\":\"304\",\"responseTime\":\"78.517\"}","timestamp":"2025-01-27T06:52:00.019Z"}
{"level":"\u001b[32minfo\u001b[39m","message":"{\"method\":\"GET\",\"url\":\"/api/employee/get-employees?organizationId=67869a6a1514145a64988362\",\"status\":\"401\",\"responseTime\":\"3.398\"}","timestamp":"2025-01-27T06:53:34.423Z"}
{"level":"\u001b[32minfo\u001b[39m","message":"{\"method\":\"GET\",\"url\":\"/api/employee/get-employees?organizationId=67869a6a1514145a64988362\",\"status\":\"304\",\"responseTime\":\"188.177\"}","timestamp":"2025-01-27T06:53:35.124Z"}
{"level":"\u001b[32minfo\u001b[39m","message":"{\"method\":\"GET\",\"url\":\"/api/employee/get-employees?organizationId=67869a6a1514145a64988362\",\"status\":\"401\",\"responseTime\":\"5.360\"}","timestamp":"2025-01-27T06:56:29.363Z"}
{"level":"\u001b[32minfo\u001b[39m","message":"{\"method\":\"GET\",\"url\":\"/api/employee/get-employees?organizationId=67869a6a1514145a64988362\",\"status\":\"304\",\"responseTime\":\"187.207\"}","timestamp":"2025-01-27T06:56:29.819Z"}
{"level":"\u001b[32minfo\u001b[39m","message":"{\"method\":\"GET\",\"url\":\"/api/employee/get-employees?organizationId=67869a6a1514145a64988362\",\"status\":\"401\",\"responseTime\":\"2.662\"}","timestamp":"2025-01-27T06:59:07.281Z"}
{"level":"\u001b[32minfo\u001b[39m","message":"{\"method\":\"GET\",\"url\":\"/api/employee/get-employees?organizationId=67869a6a1514145a64988362\",\"status\":\"304\",\"responseTime\":\"96.768\"}","timestamp":"2025-01-27T06:59:07.523Z"}
{"level":"\u001b[32minfo\u001b[39m","message":"{\"method\":\"GET\",\"url\":\"/api/employee/get-employees?organizationId=67869a6a1514145a64988362\",\"status\":\"304\",\"responseTime\":\"141.444\"}","timestamp":"2025-01-27T06:59:29.572Z"}
{"level":"\u001b[32minfo\u001b[39m","message":"{\"method\":\"GET\",\"url\":\"/api/attendence/get-policy?organizationId=67869a6a1514145a64988362\",\"status\":\"304\",\"responseTime\":\"111.562\"}","timestamp":"2025-01-27T06:59:40.697Z"}
{"level":"\u001b[32minfo\u001b[39m","message":"{\"method\":\"GET\",\"url\":\"/api/employee/get-employees?organizationId=67869a6a1514145a64988362\",\"status\":\"304\",\"responseTime\":\"173.141\"}","timestamp":"2025-01-27T06:59:41.837Z"}
{"level":"\u001b[32minfo\u001b[39m","message":"{\"method\":\"GET\",\"url\":\"/api/employee/fetch-employeesById?employeeIds[]=67936b8fa37f9d4b8f5d23b3&employeeIds[]=67936bdca37f9d4b8f5d23b6&employeeIds[]=67869f7defffdbe0c161c74a\",\"status\":\"304\",\"responseTime\":\"56.270\"}","timestamp":"2025-01-27T06:59:41.915Z"}
{"level":"\u001b[32minfo\u001b[39m","message":"{\"method\":\"GET\",\"url\":\"/api/employee/fetch-employeesById?employeeIds[]=67936b8fa37f9d4b8f5d23b3&employeeIds[]=67936bdca37f9d4b8f5d23b6&employeeIds[]=67869f7defffdbe0c161c74a\",\"status\":\"304\",\"responseTime\":\"748.427\"}","timestamp":"2025-01-27T07:01:18.739Z"}
{"level":"\u001b[32minfo\u001b[39m","message":"{\"method\":\"GET\",\"url\":\"/api/employee/get-employees?organizationId=67869a6a1514145a64988362\",\"status\":\"304\",\"responseTime\":\"930.672\"}","timestamp":"2025-01-27T07:02:10.730Z"}
{"level":"\u001b[32minfo\u001b[39m","message":"{\"method\":\"GET\",\"url\":\"/api/attendence/get-policy?organizationId=67869a6a1514145a64988362\",\"status\":\"401\",\"responseTime\":\"3.536\"}","timestamp":"2025-01-27T07:05:18.481Z"}
{"level":"\u001b[32minfo\u001b[39m","message":"{\"method\":\"GET\",\"url\":\"/api/attendence/get-policy?organizationId=67869a6a1514145a64988362\",\"status\":\"304\",\"responseTime\":\"63.604\"}","timestamp":"2025-01-27T07:05:18.653Z"}
{"level":"\u001b[32minfo\u001b[39m","message":"{\"method\":\"GET\",\"url\":\"/api/employee/get-employees?organizationId=67869a6a1514145a64988362\",\"status\":\"304\",\"responseTime\":\"61.141\"}","timestamp":"2025-01-27T07:05:19.670Z"}
{"level":"\u001b[32minfo\u001b[39m","message":"{\"method\":\"GET\",\"url\":\"/api/employee/fetch-employeesById?employeeIds[]=67936b8fa37f9d4b8f5d23b3&employeeIds[]=67936bdca37f9d4b8f5d23b6&employeeIds[]=67869f7defffdbe0c161c74a\",\"status\":\"304\",\"responseTime\":\"63.755\"}","timestamp":"2025-01-27T07:05:19.798Z"}
{"level":"\u001b[32minfo\u001b[39m","message":"{\"method\":\"GET\",\"url\":\"/api/attendence/get-policy?organizationId=67869a6a1514145a64988362\",\"status\":\"304\",\"responseTime\":\"62.815\"}","timestamp":"2025-01-27T07:05:34.545Z"}
{"level":"\u001b[32minfo\u001b[39m","message":"{\"method\":\"GET\",\"url\":\"/api/employee/get-employees?organizationId=67869a6a1514145a64988362\",\"status\":\"304\",\"responseTime\":\"60.876\"}","timestamp":"2025-01-27T07:05:35.263Z"}
{"level":"\u001b[32minfo\u001b[39m","message":"{\"method\":\"GET\",\"url\":\"/api/employee/fetch-employeesById?employeeIds[]=67936b8fa37f9d4b8f5d23b3&employeeIds[]=67936bdca37f9d4b8f5d23b6&employeeIds[]=67869f7defffdbe0c161c74a\",\"status\":\"304\",\"responseTime\":\"94.441\"}","timestamp":"2025-01-27T07:05:35.403Z"}
{"level":"\u001b[32minfo\u001b[39m","message":"{\"method\":\"GET\",\"url\":\"/api/employee/get-employees?organizationId=67869a6a1514145a64988362\",\"status\":\"401\",\"responseTime\":\"2.513\"}","timestamp":"2025-01-27T07:06:38.257Z"}
{"level":"\u001b[32minfo\u001b[39m","message":"{\"method\":\"GET\",\"url\":\"/api/employee/get-employees?organizationId=67869a6a1514145a64988362\",\"status\":\"304\",\"responseTime\":\"63.950\"}","timestamp":"2025-01-27T07:06:38.407Z"}
{"level":"\u001b[32minfo\u001b[39m","message":"{\"method\":\"GET\",\"url\":\"/api/employee/get-employees?organizationId=67869a6a1514145a64988362\",\"status\":\"304\",\"responseTime\":\"117.699\"}","timestamp":"2025-01-27T07:07:04.365Z"}
{"level":"\u001b[32minfo\u001b[39m","message":"{\"method\":\"GET\",\"url\":\"/api/employee/get-employees?organizationId=67869a6a1514145a64988362\",\"status\":\"401\",\"responseTime\":\"1.529\"}","timestamp":"2025-01-27T07:11:46.253Z"}
{"level":"\u001b[32minfo\u001b[39m","message":"{\"method\":\"GET\",\"url\":\"/api/employee/get-employees?organizationId=67869a6a1514145a64988362\",\"status\":\"304\",\"responseTime\":\"57.754\"}","timestamp":"2025-01-27T07:11:46.407Z"}
{"level":"\u001b[32minfo\u001b[39m","message":"{\"method\":\"GET\",\"url\":\"/api/employee/get-employees?organizationId=67869a6a1514145a64988362\",\"status\":\"401\",\"responseTime\":\"2.436\"}","timestamp":"2025-01-27T07:12:47.360Z"}
{"level":"\u001b[32minfo\u001b[39m","message":"{\"method\":\"GET\",\"url\":\"/api/employee/get-employees?organizationId=67869a6a1514145a64988362\",\"status\":\"304\",\"responseTime\":\"53.218\"}","timestamp":"2025-01-27T07:12:47.572Z"}
{"level":"\u001b[32minfo\u001b[39m","message":"{\"method\":\"GET\",\"url\":\"/api/employee/get-employees?organizationId=67869a6a1514145a64988362\",\"status\":\"304\",\"responseTime\":\"54.000\"}","timestamp":"2025-01-27T07:13:07.339Z"}
{"level":"\u001b[32minfo\u001b[39m","message":"{\"method\":\"GET\",\"url\":\"/api/employee/get-employees?organizationId=67869a6a1514145a64988362\",\"status\":\"401\",\"responseTime\":\"3.169\"}","timestamp":"2025-01-27T07:15:25.372Z"}
{"level":"\u001b[32minfo\u001b[39m","message":"{\"method\":\"GET\",\"url\":\"/api/employee/get-employees?organizationId=67869a6a1514145a64988362\",\"status\":\"304\",\"responseTime\":\"56.906\"}","timestamp":"2025-01-27T07:15:25.535Z"}
{"level":"\u001b[32minfo\u001b[39m","message":"{\"method\":\"GET\",\"url\":\"/api/employee/get-employees?organizationId=67869a6a1514145a64988362\",\"status\":\"304\",\"responseTime\":\"51.856\"}","timestamp":"2025-01-27T07:15:34.332Z"}
{"level":"\u001b[32minfo\u001b[39m","message":"{\"method\":\"GET\",\"url\":\"/api/employee/get-employees?organizationId=67869a6a1514145a64988362\",\"status\":\"401\",\"responseTime\":\"3.340\"}","timestamp":"2025-01-27T07:17:05.329Z"}
{"level":"\u001b[32minfo\u001b[39m","message":"{\"method\":\"GET\",\"url\":\"/api/employee/get-employees?organizationId=67869a6a1514145a64988362\",\"status\":\"304\",\"responseTime\":\"58.077\"}","timestamp":"2025-01-27T07:17:05.525Z"}
{"level":"\u001b[32minfo\u001b[39m","message":"{\"method\":\"GET\",\"url\":\"/api/employee/get-employees?organizationId=67869a6a1514145a64988362\",\"status\":\"304\",\"responseTime\":\"54.483\"}","timestamp":"2025-01-27T07:17:24.309Z"}
{"level":"\u001b[32minfo\u001b[39m","message":"{\"method\":\"GET\",\"url\":\"/api/employee/get-employees?organizationId=67869a6a1514145a64988362\",\"status\":\"304\",\"responseTime\":\"53.972\"}","timestamp":"2025-01-27T07:17:40.329Z"}
{"level":"\u001b[32minfo\u001b[39m","message":"{\"method\":\"GET\",\"url\":\"/api/employee/get-employees?organizationId=67869a6a1514145a64988362\",\"status\":\"401\",\"responseTime\":\"14.914\"}","timestamp":"2025-01-27T07:18:13.121Z"}
{"level":"\u001b[32minfo\u001b[39m","message":"{\"method\":\"GET\",\"url\":\"/api/employee/get-employees?organizationId=67869a6a1514145a64988362\",\"status\":\"304\",\"responseTime\":\"57.901\"}","timestamp":"2025-01-27T07:18:13.344Z"}
{"level":"\u001b[32minfo\u001b[39m","message":"{\"method\":\"GET\",\"url\":\"/api/employee/get-employees?organizationId=67869a6a1514145a64988362\",\"status\":\"304\",\"responseTime\":\"47.498\"}","timestamp":"2025-01-27T07:18:19.298Z"}
{"level":"\u001b[32minfo\u001b[39m","message":"{\"method\":\"GET\",\"url\":\"/api/employee/get-employees?organizationId=67869a6a1514145a64988362\",\"status\":\"304\",\"responseTime\":\"48.767\"}","timestamp":"2025-01-27T07:19:05.303Z"}
{"level":"\u001b[32minfo\u001b[39m","message":"{\"method\":\"GET\",\"url\":\"/api/employee/get-employees?organizationId=67869a6a1514145a64988362\",\"status\":\"304\",\"responseTime\":\"56.961\"}","timestamp":"2025-01-27T07:19:06.926Z"}
{"level":"\u001b[32minfo\u001b[39m","message":"{\"method\":\"GET\",\"url\":\"/api/employee/get-employees?organizationId=67869a6a1514145a64988362\",\"status\":\"401\",\"responseTime\":\"2.894\"}","timestamp":"2025-01-27T07:19:25.259Z"}
{"level":"\u001b[32minfo\u001b[39m","message":"{\"method\":\"GET\",\"url\":\"/api/employee/get-employees?organizationId=67869a6a1514145a64988362\",\"status\":\"304\",\"responseTime\":\"49.629\"}","timestamp":"2025-01-27T07:19:25.401Z"}
{"level":"\u001b[32minfo\u001b[39m","message":"{\"method\":\"GET\",\"url\":\"/api/employee/get-employees?organizationId=67869a6a1514145a64988362\",\"status\":\"401\",\"responseTime\":\"3.001\"}","timestamp":"2025-01-27T07:22:04.250Z"}
{"level":"\u001b[32minfo\u001b[39m","message":"{\"method\":\"GET\",\"url\":\"/api/employee/get-employees?organizationId=67869a6a1514145a64988362\",\"status\":\"304\",\"responseTime\":\"50.189\"}","timestamp":"2025-01-27T07:22:04.382Z"}
{"level":"\u001b[32minfo\u001b[39m","message":"{\"method\":\"GET\",\"url\":\"/api/employee/get-employees?organizationId=67869a6a1514145a64988362\",\"status\":\"304\",\"responseTime\":\"63.156\"}","timestamp":"2025-01-27T07:22:14.500Z"}
{"level":"\u001b[32minfo\u001b[39m","message":"{\"method\":\"GET\",\"url\":\"/api/employee/fetch-employeesById?employeeIds[]=67936b8fa37f9d4b8f5d23b3&employeeIds[]=67936bdca37f9d4b8f5d23b6&employeeIds[]=67869f7defffdbe0c161c74a\",\"status\":\"304\",\"responseTime\":\"67.884\"}","timestamp":"2025-01-27T07:22:14.772Z"}
{"level":"\u001b[32minfo\u001b[39m","message":"{\"method\":\"GET\",\"url\":\"/api/employee/get-employees?organizationId=67869a6a1514145a64988362\",\"status\":\"304\",\"responseTime\":\"52.067\"}","timestamp":"2025-01-27T07:23:00.860Z"}
{"level":"\u001b[32minfo\u001b[39m","message":"{\"method\":\"GET\",\"url\":\"/api/employee/get-employees?organizationId=67869a6a1514145a64988362\",\"status\":\"401\",\"responseTime\":\"2.866\"}","timestamp":"2025-01-27T07:23:06.445Z"}
{"level":"\u001b[32minfo\u001b[39m","message":"{\"method\":\"GET\",\"url\":\"/api/employee/get-employees?organizationId=67869a6a1514145a64988362\",\"status\":\"304\",\"responseTime\":\"46.920\"}","timestamp":"2025-01-27T07:23:06.691Z"}
{"level":"\u001b[32minfo\u001b[39m","message":"{\"method\":\"GET\",\"url\":\"/api/employee/fetch-employeesById?employeeIds[]=67936b8fa37f9d4b8f5d23b3&employeeIds[]=67936bdca37f9d4b8f5d23b6&employeeIds[]=67869f7defffdbe0c161c74a\",\"status\":\"304\",\"responseTime\":\"54.587\"}","timestamp":"2025-01-27T07:23:06.861Z"}
{"level":"\u001b[32minfo\u001b[39m","message":"{\"method\":\"GET\",\"url\":\"/api/employee/get-employees?organizationId=67869a6a1514145a64988362\",\"status\":\"304\",\"responseTime\":\"71.909\"}","timestamp":"2025-01-27T07:23:21.356Z"}
{"level":"\u001b[32minfo\u001b[39m","message":"{\"method\":\"GET\",\"url\":\"/api/employee/get-employees?organizationId=67869a6a1514145a64988362\",\"status\":\"401\",\"responseTime\":\"4.676\"}","timestamp":"2025-01-27T07:24:22.290Z"}
{"level":"\u001b[32minfo\u001b[39m","message":"{\"method\":\"GET\",\"url\":\"/api/employee/get-employees?organizationId=67869a6a1514145a64988362\",\"status\":\"304\",\"responseTime\":\"52.659\"}","timestamp":"2025-01-27T07:24:22.458Z"}
{"level":"\u001b[32minfo\u001b[39m","message":"{\"method\":\"GET\",\"url\":\"/api/employee/get-employees?organizationId=67869a6a1514145a64988362\",\"status\":\"304\",\"responseTime\":\"47.060\"}","timestamp":"2025-01-27T07:24:37.296Z"}
{"level":"\u001b[32minfo\u001b[39m","message":"{\"method\":\"GET\",\"url\":\"/api/employee/get-employees?organizationId=67869a6a1514145a64988362\",\"status\":\"304\",\"responseTime\":\"52.859\"}","timestamp":"2025-01-27T07:25:09.299Z"}
{"level":"\u001b[32minfo\u001b[39m","message":"{\"method\":\"GET\",\"url\":\"/api/employee/get-employees?organizationId=67869a6a1514145a64988362\",\"status\":\"304\",\"responseTime\":\"73.329\"}","timestamp":"2025-01-27T07:25:18.307Z"}
{"level":"\u001b[32minfo\u001b[39m","message":"{\"method\":\"GET\",\"url\":\"/api/employee/fetch-employeesById?employeeIds[]=67936b8fa37f9d4b8f5d23b3&employeeIds[]=67936bdca37f9d4b8f5d23b6&employeeIds[]=67869f7defffdbe0c161c74a\",\"status\":\"304\",\"responseTime\":\"56.458\"}","timestamp":"2025-01-27T07:25:18.586Z"}
{"level":"\u001b[32minfo\u001b[39m","message":"{\"method\":\"GET\",\"url\":\"/api/employee/get-employees?organizationId=67869a6a1514145a64988362\",\"status\":\"401\",\"responseTime\":\"3.377\"}","timestamp":"2025-01-27T07:25:36.318Z"}
{"level":"\u001b[32minfo\u001b[39m","message":"{\"method\":\"GET\",\"url\":\"/api/employee/get-employees?organizationId=67869a6a1514145a64988362\",\"status\":\"304\",\"responseTime\":\"54.296\"}","timestamp":"2025-01-27T07:25:36.475Z"}
{"level":"\u001b[32minfo\u001b[39m","message":"{\"method\":\"GET\",\"url\":\"/api/employee/get-employees?organizationId=67869a6a1514145a64988362\",\"status\":\"304\",\"responseTime\":\"51.106\"}","timestamp":"2025-01-27T07:25:44.308Z"}
{"level":"\u001b[32minfo\u001b[39m","message":"{\"method\":\"GET\",\"url\":\"/api/employee/get-employees?organizationId=67869a6a1514145a64988362\",\"status\":\"304\",\"responseTime\":\"57.004\"}","timestamp":"2025-01-27T07:25:59.629Z"}
{"level":"\u001b[32minfo\u001b[39m","message":"{\"method\":\"GET\",\"url\":\"/api/employee/fetch-employeesById?employeeIds[]=67936b8fa37f9d4b8f5d23b3&employeeIds[]=67936bdca37f9d4b8f5d23b6&employeeIds[]=67869f7defffdbe0c161c74a\",\"status\":\"304\",\"responseTime\":\"73.300\"}","timestamp":"2025-01-27T07:25:59.925Z"}
{"level":"\u001b[32minfo\u001b[39m","message":"{\"method\":\"GET\",\"url\":\"/api/employee/get-employees?organizationId=67869a6a1514145a64988362\",\"status\":\"401\",\"responseTime\":\"2.883\"}","timestamp":"2025-01-27T07:27:18.315Z"}
{"level":"\u001b[32minfo\u001b[39m","message":"{\"method\":\"GET\",\"url\":\"/api/employee/get-employees?organizationId=67869a6a1514145a64988362\",\"status\":\"304\",\"responseTime\":\"48.739\"}","timestamp":"2025-01-27T07:27:18.466Z"}
{"level":"\u001b[32minfo\u001b[39m","message":"{\"method\":\"GET\",\"url\":\"/api/attendence/get-policy?organizationId=67869a6a1514145a64988362\",\"status\":\"304\",\"responseTime\":\"47.605\"}","timestamp":"2025-01-27T07:27:27.583Z"}
{"level":"\u001b[32minfo\u001b[39m","message":"{\"method\":\"GET\",\"url\":\"/api/employee/get-employees?organizationId=67869a6a1514145a64988362\",\"status\":\"304\",\"responseTime\":\"50.398\"}","timestamp":"2025-01-27T07:27:28.510Z"}
{"level":"\u001b[32minfo\u001b[39m","message":"{\"method\":\"GET\",\"url\":\"/api/employee/fetch-employeesById?employeeIds[]=67936b8fa37f9d4b8f5d23b3&employeeIds[]=67936bdca37f9d4b8f5d23b6&employeeIds[]=67869f7defffdbe0c161c74a\",\"status\":\"304\",\"responseTime\":\"55.318\"}","timestamp":"2025-01-27T07:27:28.600Z"}
{"level":"\u001b[32minfo\u001b[39m","message":"{\"method\":\"GET\",\"url\":\"/api/employee/get-employees?organizationId=67869a6a1514145a64988362\",\"status\":\"401\",\"responseTime\":\"2.752\"}","timestamp":"2025-01-27T07:29:50.295Z"}
{"level":"\u001b[32minfo\u001b[39m","message":"{\"method\":\"GET\",\"url\":\"/api/employee/get-employees?organizationId=67869a6a1514145a64988362\",\"status\":\"304\",\"responseTime\":\"51.942\"}","timestamp":"2025-01-27T07:29:50.464Z"}
{"level":"\u001b[32minfo\u001b[39m","message":"{\"method\":\"GET\",\"url\":\"/api/employee/get-employees?organizationId=67869a6a1514145a64988362\",\"status\":\"304\",\"responseTime\":\"47.491\"}","timestamp":"2025-01-27T07:30:26.313Z"}
{"level":"\u001b[32minfo\u001b[39m","message":"{\"method\":\"GET\",\"url\":\"/api/employee/get-employees?organizationId=67869a6a1514145a64988362\",\"status\":\"401\",\"responseTime\":\"2.912\"}","timestamp":"2025-01-27T07:30:51.302Z"}
{"level":"\u001b[32minfo\u001b[39m","message":"{\"method\":\"GET\",\"url\":\"/api/employee/get-employees?organizationId=67869a6a1514145a64988362\",\"status\":\"304\",\"responseTime\":\"47.421\"}","timestamp":"2025-01-27T07:30:51.465Z"}
{"level":"\u001b[32minfo\u001b[39m","message":"{\"method\":\"GET\",\"url\":\"/api/employee/get-employees?organizationId=67869a6a1514145a64988362\",\"status\":\"304\",\"responseTime\":\"47.043\"}","timestamp":"2025-01-27T07:30:59.367Z"}
{"level":"\u001b[32minfo\u001b[39m","message":"{\"method\":\"GET\",\"url\":\"/api/employee/get-employees?organizationId=67869a6a1514145a64988362\",\"status\":\"304\",\"responseTime\":\"50.135\"}","timestamp":"2025-01-27T07:31:05.341Z"}
{"level":"\u001b[32minfo\u001b[39m","message":"{\"method\":\"GET\",\"url\":\"/api/employee/get-employees?organizationId=67869a6a1514145a64988362\",\"status\":\"401\",\"responseTime\":\"3.092\"}","timestamp":"2025-01-27T07:35:26.303Z"}
{"level":"\u001b[32minfo\u001b[39m","message":"{\"method\":\"GET\",\"url\":\"/api/employee/get-employees?organizationId=67869a6a1514145a64988362\",\"status\":\"304\",\"responseTime\":\"53.685\"}","timestamp":"2025-01-27T07:35:26.479Z"}
{"level":"\u001b[32minfo\u001b[39m","message":"{\"method\":\"GET\",\"url\":\"/api/employee/fetch-employeesById?employeeIds[]=67936b8fa37f9d4b8f5d23b3&employeeIds[]=67936bdca37f9d4b8f5d23b6&employeeIds[]=67869f7defffdbe0c161c74a\",\"status\":\"304\",\"responseTime\":\"52.576\"}","timestamp":"2025-01-27T07:35:26.577Z"}
{"level":"\u001b[32minfo\u001b[39m","message":"{\"method\":\"GET\",\"url\":\"/api/employee/get-employees?organizationId=67869a6a1514145a64988362\",\"status\":\"304\",\"responseTime\":\"48.206\"}","timestamp":"2025-01-27T07:35:38.514Z"}
{"level":"\u001b[32minfo\u001b[39m","message":"{\"method\":\"GET\",\"url\":\"/api/employee/get-employees?organizationId=67869a6a1514145a64988362\",\"status\":\"304\",\"responseTime\":\"56.582\"}","timestamp":"2025-01-27T07:35:38.577Z"}
{"level":"\u001b[32minfo\u001b[39m","message":"{\"method\":\"GET\",\"url\":\"/api/leave/fetch-leave?employeeEmail=moideenshacpcp10%40gmail.com\",\"status\":\"304\",\"responseTime\":\"93.756\"}","timestamp":"2025-01-27T07:35:38.673Z"}
{"level":"\u001b[32minfo\u001b[39m","message":"{\"method\":\"GET\",\"url\":\"/api/employee/get-employees?organizationId=67869a6a1514145a64988362\",\"status\":\"304\",\"responseTime\":\"88.633\"}","timestamp":"2025-01-27T07:35:38.679Z"}
{"level":"\u001b[32minfo\u001b[39m","message":"{\"method\":\"GET\",\"url\":\"/api/employee/get-employees?organizationId=67869a6a1514145a64988362\",\"status\":\"304\",\"responseTime\":\"56.553\"}","timestamp":"2025-01-27T07:35:38.745Z"}
{"level":"\u001b[32minfo\u001b[39m","message":"{\"method\":\"GET\",\"url\":\"/api/employee/get-employees?organizationId=67869a6a1514145a64988362\",\"status\":\"304\",\"responseTime\":\"50.112\"}","timestamp":"2025-01-27T07:35:38.806Z"}
{"level":"\u001b[32minfo\u001b[39m","message":"{\"method\":\"GET\",\"url\":\"/api/leave/fetch-remainingLeaves?organizationId=67869a6a1514145a64988362&employeeEmail=moideenshacpcp10%40gmail.com\",\"status\":\"304\",\"responseTime\":\"279.959\"}","timestamp":"2025-01-27T07:35:38.812Z"}
{"level":"\u001b[32minfo\u001b[39m","message":"{\"method\":\"GET\",\"url\":\"/api/employee/get-employees?organizationId=67869a6a1514145a64988362\",\"status\":\"304\",\"responseTime\":\"54.738\"}","timestamp":"2025-01-27T07:35:38.875Z"}
{"level":"\u001b[32minfo\u001b[39m","message":"{\"method\":\"GET\",\"url\":\"/api/employee/get-employees?organizationId=67869a6a1514145a64988362\",\"status\":\"304\",\"responseTime\":\"51.517\"}","timestamp":"2025-01-27T07:35:38.935Z"}
{"level":"\u001b[32minfo\u001b[39m","message":"{\"method\":\"GET\",\"url\":\"/api/employee/get-employees?organizationId=67869a6a1514145a64988362\",\"status\":\"304\",\"responseTime\":\"49.009\"}","timestamp":"2025-01-27T07:35:39.751Z"}
{"level":"\u001b[32minfo\u001b[39m","message":"{\"method\":\"GET\",\"url\":\"/api/employee/fetch-employeesById?employeeIds[]=67936b8fa37f9d4b8f5d23b3&employeeIds[]=67936bdca37f9d4b8f5d23b6&employeeIds[]=67869f7defffdbe0c161c74a\",\"status\":\"304\",\"responseTime\":\"49.271\"}","timestamp":"2025-01-27T07:35:39.839Z"}
{"level":"\u001b[32minfo\u001b[39m","message":"{\"method\":\"GET\",\"url\":\"/api/employee/get-employees?organizationId=67869a6a1514145a64988362\",\"status\":\"304\",\"responseTime\":\"50.157\"}","timestamp":"2025-01-27T07:36:18.339Z"}
{"level":"\u001b[32minfo\u001b[39m","message":"{\"method\":\"GET\",\"url\":\"/api/employee/fetch-employeesById?employeeIds[]=67936b8fa37f9d4b8f5d23b3&employeeIds[]=67936bdca37f9d4b8f5d23b6&employeeIds[]=67869f7defffdbe0c161c74a\",\"status\":\"304\",\"responseTime\":\"52.075\"}","timestamp":"2025-01-27T07:36:18.404Z"}
{"level":"\u001b[32minfo\u001b[39m","message":"{\"method\":\"GET\",\"url\":\"/api/employee/fetch-employeesById?employeeIds[]=67936b8fa37f9d4b8f5d23b3&employeeIds[]=67936bdca37f9d4b8f5d23b6&employeeIds[]=67869f7defffdbe0c161c74a\",\"status\":\"304\",\"responseTime\":\"63.207\"}","timestamp":"2025-01-27T07:39:56.526Z"}
{"level":"\u001b[32minfo\u001b[39m","message":"{\"method\":\"GET\",\"url\":\"/api/employee/fetch-employeesById?employeeIds[]=67936b8fa37f9d4b8f5d23b3&employeeIds[]=67936bdca37f9d4b8f5d23b6&employeeIds[]=67869f7defffdbe0c161c74a\",\"status\":\"304\",\"responseTime\":\"53.714\"}","timestamp":"2025-01-27T07:40:11.387Z"}
{"level":"\u001b[32minfo\u001b[39m","message":"{\"method\":\"GET\",\"url\":\"/api/employee/fetch-employeesById?employeeIds[]=67936b8fa37f9d4b8f5d23b3&employeeIds[]=67936bdca37f9d4b8f5d23b6&employeeIds[]=67869f7defffdbe0c161c74a\",\"status\":\"304\",\"responseTime\":\"49.218\"}","timestamp":"2025-01-27T07:41:00.437Z"}
{"level":"\u001b[32minfo\u001b[39m","message":"{\"method\":\"GET\",\"url\":\"/api/employee/get-employees?organizationId=67869a6a1514145a64988362\",\"status\":\"304\",\"responseTime\":\"50.998\"}","timestamp":"2025-01-27T07:41:06.426Z"}
{"level":"\u001b[32minfo\u001b[39m","message":"{\"method\":\"GET\",\"url\":\"/api/employee/fetch-employeesById?employeeIds[]=67936b8fa37f9d4b8f5d23b3&employeeIds[]=67936bdca37f9d4b8f5d23b6&employeeIds[]=67869f7defffdbe0c161c74a\",\"status\":\"304\",\"responseTime\":\"60.158\"}","timestamp":"2025-01-27T07:41:06.602Z"}
{"level":"\u001b[32minfo\u001b[39m","message":"{\"method\":\"GET\",\"url\":\"/api/employee/fetch-employeesById?employeeIds[]=67936b8fa37f9d4b8f5d23b3&employeeIds[]=67936bdca37f9d4b8f5d23b6&employeeIds[]=67869f7defffdbe0c161c74a\",\"status\":\"304\",\"responseTime\":\"48.424\"}","timestamp":"2025-01-27T07:41:22.366Z"}
{"level":"\u001b[32minfo\u001b[39m","message":"{\"method\":\"GET\",\"url\":\"/api/employee/get-employees?organizationId=67869a6a1514145a64988362\",\"status\":\"401\",\"responseTime\":\"3.522\"}","timestamp":"2025-01-27T07:45:07.433Z"}
{"level":"\u001b[32minfo\u001b[39m","message":"{\"method\":\"GET\",\"url\":\"/api/employee/get-employees?organizationId=67869a6a1514145a64988362\",\"status\":\"304\",\"responseTime\":\"288.972\"}","timestamp":"2025-01-27T07:45:07.851Z"}
{"level":"\u001b[32minfo\u001b[39m","message":"{\"method\":\"GET\",\"url\":\"/api/employee/fetch-employeesById?employeeIds[]=67936b8fa37f9d4b8f5d23b3&employeeIds[]=67936bdca37f9d4b8f5d23b6&employeeIds[]=67869f7defffdbe0c161c74a\",\"status\":\"304\",\"responseTime\":\"248.823\"}","timestamp":"2025-01-27T07:45:08.159Z"}
{"level":"\u001b[32minfo\u001b[39m","message":"{\"method\":\"GET\",\"url\":\"/api/employee/fetch-employeesById?employeeIds[]=67936b8fa37f9d4b8f5d23b3&employeeIds[]=67936bdca37f9d4b8f5d23b6&employeeIds[]=67869f7defffdbe0c161c74a\",\"status\":\"304\",\"responseTime\":\"58.346\"}","timestamp":"2025-01-27T07:45:31.407Z"}
{"level":"\u001b[32minfo\u001b[39m","message":"{\"method\":\"GET\",\"url\":\"/api/employee/get-employees?organizationId=67869a6a1514145a64988362\",\"status\":\"304\",\"responseTime\":\"48.368\"}","timestamp":"2025-01-27T07:45:58.352Z"}
{"level":"\u001b[32minfo\u001b[39m","message":"{\"method\":\"GET\",\"url\":\"/api/attendence/get-policy?organizationId=67869a6a1514145a64988362\",\"status\":\"401\",\"responseTime\":\"3.338\"}","timestamp":"2025-01-27T07:46:19.678Z"}
{"level":"\u001b[32minfo\u001b[39m","message":"{\"method\":\"GET\",\"url\":\"/api/attendence/get-policy?organizationId=67869a6a1514145a64988362\",\"status\":\"304\",\"responseTime\":\"49.182\"}","timestamp":"2025-01-27T07:46:19.823Z"}
{"level":"\u001b[32minfo\u001b[39m","message":"{\"method\":\"GET\",\"url\":\"/api/employee/get-employees?organizationId=67869a6a1514145a64988362\",\"status\":\"304\",\"responseTime\":\"56.660\"}","timestamp":"2025-01-27T07:46:20.793Z"}
{"level":"\u001b[32minfo\u001b[39m","message":"{\"method\":\"GET\",\"url\":\"/api/employee/fetch-employeesById?employeeIds[]=67936b8fa37f9d4b8f5d23b3&employeeIds[]=67936bdca37f9d4b8f5d23b6&employeeIds[]=67869f7defffdbe0c161c74a\",\"status\":\"304\",\"responseTime\":\"52.903\"}","timestamp":"2025-01-27T07:46:20.890Z"}
{"level":"\u001b[32minfo\u001b[39m","message":"{\"method\":\"GET\",\"url\":\"/api/employee/get-employees?organizationId=67869a6a1514145a64988362\",\"status\":\"401\",\"responseTime\":\"3.251\"}","timestamp":"2025-01-27T07:48:08.313Z"}
{"level":"\u001b[32minfo\u001b[39m","message":"{\"method\":\"GET\",\"url\":\"/api/employee/get-employees?organizationId=67869a6a1514145a64988362\",\"status\":\"304\",\"responseTime\":\"46.923\"}","timestamp":"2025-01-27T07:48:08.448Z"}
{"level":"\u001b[32minfo\u001b[39m","message":"{\"method\":\"GET\",\"url\":\"/api/employee/get-employees?organizationId=67869a6a1514145a64988362\",\"status\":\"304\",\"responseTime\":\"51.224\"}","timestamp":"2025-01-27T07:48:11.304Z"}
{"level":"\u001b[32minfo\u001b[39m","message":"{\"method\":\"GET\",\"url\":\"/api/employee/get-employees?organizationId=67869a6a1514145a64988362\",\"status\":\"304\",\"responseTime\":\"57.662\"}","timestamp":"2025-01-27T07:48:14.699Z"}
{"level":"\u001b[32minfo\u001b[39m","message":"{\"method\":\"GET\",\"url\":\"/api/attendence/get-policy?organizationId=67869a6a1514145a64988362\",\"status\":\"200\",\"responseTime\":\"47.083\"}","timestamp":"2025-01-27T07:48:21.596Z"}
{"level":"\u001b[32minfo\u001b[39m","message":"{\"method\":\"GET\",\"url\":\"/api/employee/get-employees?organizationId=67869a6a1514145a64988362\",\"status\":\"200\",\"responseTime\":\"49.097\"}","timestamp":"2025-01-27T07:48:22.738Z"}
{"level":"\u001b[32minfo\u001b[39m","message":"{\"method\":\"GET\",\"url\":\"/api/employee/fetch-employeesById?employeeIds[]=67936b8fa37f9d4b8f5d23b3&employeeIds[]=67936bdca37f9d4b8f5d23b6&employeeIds[]=67869f7defffdbe0c161c74a\",\"status\":\"200\",\"responseTime\":\"54.320\"}","timestamp":"2025-01-27T07:48:22.871Z"}
{"level":"\u001b[32minfo\u001b[39m","message":"{\"method\":\"GET\",\"url\":\"/api/employee/get-employees?organizationId=67869a6a1514145a64988362\",\"status\":\"401\",\"responseTime\":\"3.433\"}","timestamp":"2025-01-27T07:49:16.260Z"}
{"level":"\u001b[32minfo\u001b[39m","message":"{\"method\":\"GET\",\"url\":\"/api/employee/get-employees?organizationId=67869a6a1514145a64988362\",\"status\":\"200\",\"responseTime\":\"50.742\"}","timestamp":"2025-01-27T07:49:16.406Z"}
{"level":"\u001b[32minfo\u001b[39m","message":"{\"method\":\"GET\",\"url\":\"/api/employee/get-employees?organizationId=67869a6a1514145a64988362\",\"status\":\"200\",\"responseTime\":\"51.517\"}","timestamp":"2025-01-27T07:49:31.402Z"}
{"level":"\u001b[32minfo\u001b[39m","message":"{\"method\":\"GET\",\"url\":\"/api/employee/get-employees?organizationId=67869a6a1514145a64988362\",\"status\":\"200\",\"responseTime\":\"46.649\"}","timestamp":"2025-01-27T07:49:51.335Z"}
{"level":"\u001b[32minfo\u001b[39m","message":"{\"method\":\"GET\",\"url\":\"/api/employee/get-employees?organizationId=67869a6a1514145a64988362\",\"status\":\"200\",\"responseTime\":\"46.438\"}","timestamp":"2025-01-27T07:49:58.298Z"}
{"level":"\u001b[32minfo\u001b[39m","message":"{\"method\":\"GET\",\"url\":\"/api/employee/get-employees?organizationId=67869a6a1514145a64988362\",\"status\":\"200\",\"responseTime\":\"50.926\"}","timestamp":"2025-01-27T07:50:03.313Z"}
{"level":"\u001b[32minfo\u001b[39m","message":"{\"method\":\"GET\",\"url\":\"/api/employee/get-employees?organizationId=67869a6a1514145a64988362\",\"status\":\"200\",\"responseTime\":\"51.515\"}","timestamp":"2025-01-27T07:50:05.721Z"}
{"level":"\u001b[32minfo\u001b[39m","message":"{\"method\":\"GET\",\"url\":\"/api/employee/get-employees?organizationId=67869a6a1514145a64988362\",\"status\":\"401\",\"responseTime\":\"2.441\"}","timestamp":"2025-01-27T07:51:15.301Z"}
{"level":"\u001b[32minfo\u001b[39m","message":"{\"method\":\"GET\",\"url\":\"/api/employee/get-employees?organizationId=67869a6a1514145a64988362\",\"status\":\"200\",\"responseTime\":\"63.884\"}","timestamp":"2025-01-27T07:51:15.465Z"}
{"level":"\u001b[32minfo\u001b[39m","message":"{\"method\":\"GET\",\"url\":\"/api/employee/get-employees?organizationId=67869a6a1514145a64988362\",\"status\":\"401\",\"responseTime\":\"3.625\"}","timestamp":"2025-01-27T07:53:58.502Z"}
{"level":"\u001b[32minfo\u001b[39m","message":"{\"method\":\"GET\",\"url\":\"/api/employee/get-employees?organizationId=67869a6a1514145a64988362\",\"status\":\"200\",\"responseTime\":\"52.483\"}","timestamp":"2025-01-27T07:53:58.661Z"}
{"level":"\u001b[32minfo\u001b[39m","message":"{\"method\":\"GET\",\"url\":\"/api/employee/get-employees?organizationId=67869a6a1514145a64988362\",\"status\":\"200\",\"responseTime\":\"46.935\"}","timestamp":"2025-01-27T07:54:08.297Z"}
{"level":"\u001b[32minfo\u001b[39m","message":"{\"method\":\"GET\",\"url\":\"/api/employee/get-employees?organizationId=67869a6a1514145a64988362\",\"status\":\"200\",\"responseTime\":\"48.085\"}","timestamp":"2025-01-27T07:54:47.351Z"}
{"level":"\u001b[32minfo\u001b[39m","message":"{\"method\":\"GET\",\"url\":\"/api/employee/get-employees?organizationId=67869a6a1514145a64988362\",\"status\":\"401\",\"responseTime\":\"7.493\"}","timestamp":"2025-01-27T07:57:56.336Z"}
{"level":"\u001b[32minfo\u001b[39m","message":"{\"method\":\"GET\",\"url\":\"/api/employee/get-employees?organizationId=67869a6a1514145a64988362\",\"status\":\"200\",\"responseTime\":\"55.212\"}","timestamp":"2025-01-27T07:57:56.675Z"}
{"level":"\u001b[32minfo\u001b[39m","message":"{\"method\":\"GET\",\"url\":\"/api/employee/get-employees?organizationId=67869a6a1514145a64988362\",\"status\":\"304\",\"responseTime\":\"46.684\"}","timestamp":"2025-01-27T07:58:16.286Z"}
{"level":"\u001b[32minfo\u001b[39m","message":"{\"method\":\"GET\",\"url\":\"/api/employee/get-employees?organizationId=67869a6a1514145a64988362\",\"status\":\"401\",\"responseTime\":\"2.695\"}","timestamp":"2025-01-27T07:59:09.256Z"}
{"level":"\u001b[32minfo\u001b[39m","message":"{\"method\":\"GET\",\"url\":\"/api/employee/get-employees?organizationId=67869a6a1514145a64988362\",\"status\":\"304\",\"responseTime\":\"50.018\"}","timestamp":"2025-01-27T07:59:09.404Z"}
{"level":"\u001b[32minfo\u001b[39m","message":"{\"method\":\"GET\",\"url\":\"/api/employee/get-employees?organizationId=67869a6a1514145a64988362\",\"status\":\"401\",\"responseTime\":\"2.786\"}","timestamp":"2025-01-27T08:22:54.848Z"}
{"level":"\u001b[32minfo\u001b[39m","message":"{\"method\":\"GET\",\"url\":\"/api/employee/get-employees?organizationId=67869a6a1514145a64988362\",\"status\":\"304\",\"responseTime\":\"332.171\"}","timestamp":"2025-01-27T08:22:57.713Z"}
{"level":"\u001b[32minfo\u001b[39m","message":"{\"method\":\"GET\",\"url\":\"/api/employee/fetch-employeesById?employeeIds[]=67936b8fa37f9d4b8f5d23b3&employeeIds[]=67936bdca37f9d4b8f5d23b6&employeeIds[]=67869f7defffdbe0c161c74a\",\"status\":\"304\",\"responseTime\":\"55.233\"}","timestamp":"2025-01-27T08:22:58.334Z"}
{"level":"\u001b[32minfo\u001b[39m","message":"{\"method\":\"GET\",\"url\":\"/api/employee/fetch-employeesById?employeeIds[]=67936b8fa37f9d4b8f5d23b3&employeeIds[]=67936bdca37f9d4b8f5d23b6&employeeIds[]=67869f7defffdbe0c161c74a\",\"status\":\"304\",\"responseTime\":\"55.197\"}","timestamp":"2025-01-27T08:23:51.957Z"}
{"level":"\u001b[32minfo\u001b[39m","message":"{\"method\":\"GET\",\"url\":\"/api/employee/get-employees?organizationId=67869a6a1514145a64988362\",\"status\":\"401\",\"responseTime\":\"2.803\"}","timestamp":"2025-01-27T10:37:11.537Z"}
{"level":"\u001b[32minfo\u001b[39m","message":"{\"method\":\"GET\",\"url\":\"/api/employee/get-employees?organizationId=67869a6a1514145a64988362\",\"status\":\"304\",\"responseTime\":\"733.642\"}","timestamp":"2025-01-27T10:37:15.102Z"}
{"level":"\u001b[32minfo\u001b[39m","message":"{\"method\":\"GET\",\"url\":\"/api/employee/fetch-employeesById?employeeIds[]=67936b8fa37f9d4b8f5d23b3&employeeIds[]=67936bdca37f9d4b8f5d23b6&employeeIds[]=67869f7defffdbe0c161c74a\",\"status\":\"304\",\"responseTime\":\"195.042\"}","timestamp":"2025-01-27T10:37:15.398Z"}
{"level":"\u001b[32minfo\u001b[39m","message":"{\"method\":\"GET\",\"url\":\"/api/employee/get-employees?organizationId=67869a6a1514145a64988362\",\"status\":\"401\",\"responseTime\":\"3.171\"}","timestamp":"2025-01-27T10:49:38.310Z"}
{"level":"\u001b[32minfo\u001b[39m","message":"{\"method\":\"GET\",\"url\":\"/api/employee/get-employees?organizationId=67869a6a1514145a64988362\",\"status\":\"304\",\"responseTime\":\"192.453\"}","timestamp":"2025-01-27T10:49:41.647Z"}
{"level":"\u001b[32minfo\u001b[39m","message":"{\"method\":\"GET\",\"url\":\"/api/employee/fetch-employeesById?employeeIds[]=67936b8fa37f9d4b8f5d23b3&employeeIds[]=67936bdca37f9d4b8f5d23b6&employeeIds[]=67869f7defffdbe0c161c74a\",\"status\":\"304\",\"responseTime\":\"150.007\"}","timestamp":"2025-01-27T10:49:44.016Z"}
{"level":"\u001b[32minfo\u001b[39m","message":"{\"method\":\"GET\",\"url\":\"/api/employee/get-employees?organizationId=67869a6a1514145a64988362\",\"status\":\"401\",\"responseTime\":\"3.578\"}","timestamp":"2025-01-27T10:57:53.290Z"}
{"level":"\u001b[32minfo\u001b[39m","message":"{\"method\":\"GET\",\"url\":\"/api/employee/get-employees?organizationId=67869a6a1514145a64988362\",\"status\":\"304\",\"responseTime\":\"1518.458\"}","timestamp":"2025-01-27T10:57:54.938Z"}
{"level":"\u001b[32minfo\u001b[39m","message":"{\"method\":\"GET\",\"url\":\"/api/employee/fetch-employeesById?employeeIds[]=67936b8fa37f9d4b8f5d23b3&employeeIds[]=67936bdca37f9d4b8f5d23b6&employeeIds[]=67869f7defffdbe0c161c74a\",\"status\":\"304\",\"responseTime\":\"95.480\"}","timestamp":"2025-01-27T10:57:55.248Z"}
{"level":"\u001b[32minfo\u001b[39m","message":"{\"method\":\"GET\",\"url\":\"/api/employee/get-employees?organizationId=67869a6a1514145a64988362\",\"status\":\"304\",\"responseTime\":\"52.437\"}","timestamp":"2025-01-27T10:57:58.335Z"}
{"level":"\u001b[32minfo\u001b[39m","message":"{\"method\":\"GET\",\"url\":\"/api/employee/fetch-employeesById?employeeIds[]=67936b8fa37f9d4b8f5d23b3&employeeIds[]=67936bdca37f9d4b8f5d23b6&employeeIds[]=67869f7defffdbe0c161c74a\",\"status\":\"304\",\"responseTime\":\"51.844\"}","timestamp":"2025-01-27T10:57:58.413Z"}
{"level":"\u001b[32minfo\u001b[39m","message":"{\"method\":\"GET\",\"url\":\"/api/employee/get-employees?organizationId=67869a6a1514145a64988362\",\"status\":\"304\",\"responseTime\":\"373.982\"}","timestamp":"2025-01-27T10:58:03.637Z"}
{"level":"\u001b[32minfo\u001b[39m","message":"{\"method\":\"GET\",\"url\":\"/api/employee/fetch-employeesById?employeeIds[]=67936b8fa37f9d4b8f5d23b3&employeeIds[]=67936bdca37f9d4b8f5d23b6&employeeIds[]=67869f7defffdbe0c161c74a\",\"status\":\"304\",\"responseTime\":\"596.965\"}","timestamp":"2025-01-27T10:58:04.877Z"}
{"level":"\u001b[32minfo\u001b[39m","message":"{\"method\":\"GET\",\"url\":\"/api/employee/get-employees?organizationId=67869a6a1514145a64988362\",\"status\":\"304\",\"responseTime\":\"262.867\"}","timestamp":"2025-01-27T10:58:32.529Z"}
{"level":"\u001b[32minfo\u001b[39m","message":"{\"method\":\"GET\",\"url\":\"/api/employee/fetch-employeesById?employeeIds[]=67936b8fa37f9d4b8f5d23b3&employeeIds[]=67936bdca37f9d4b8f5d23b6&employeeIds[]=67869f7defffdbe0c161c74a\",\"status\":\"304\",\"responseTime\":\"164.943\"}","timestamp":"2025-01-27T10:58:32.723Z"}
{"level":"\u001b[32minfo\u001b[39m","message":"{\"method\":\"GET\",\"url\":\"/api/employee/get-employees?organizationId=67869a6a1514145a64988362\",\"status\":\"401\",\"responseTime\":\"3.061\"}","timestamp":"2025-01-27T11:06:22.270Z"}
{"level":"\u001b[32minfo\u001b[39m","message":"{\"method\":\"GET\",\"url\":\"/api/employee/get-employees?organizationId=67869a6a1514145a64988362\",\"status\":\"304\",\"responseTime\":\"162.037\"}","timestamp":"2025-01-27T11:06:22.715Z"}
{"level":"\u001b[32minfo\u001b[39m","message":"{\"method\":\"GET\",\"url\":\"/api/employee/get-employees?organizationId=67869a6a1514145a64988362\",\"status\":\"304\",\"responseTime\":\"122.511\"}","timestamp":"2025-01-27T11:06:23.371Z"}
{"level":"\u001b[32minfo\u001b[39m","message":"{\"method\":\"GET\",\"url\":\"/api/employee/get-employees?organizationId=67869a6a1514145a64988362\",\"status\":\"304\",\"responseTime\":\"139.433\"}","timestamp":"2025-01-27T11:06:27.393Z"}
{"level":"\u001b[32minfo\u001b[39m","message":"{\"method\":\"GET\",\"url\":\"/api/employee/get-employees?organizationId=67869a6a1514145a64988362\",\"status\":\"304\",\"responseTime\":\"64.763\"}","timestamp":"2025-01-27T11:06:55.310Z"}
{"level":"\u001b[32minfo\u001b[39m","message":"{\"method\":\"GET\",\"url\":\"/api/employee/get-employees?organizationId=67869a6a1514145a64988362\",\"status\":\"304\",\"responseTime\":\"78.229\"}","timestamp":"2025-01-27T11:07:07.343Z"}
{"level":"\u001b[32minfo\u001b[39m","message":"{\"method\":\"GET\",\"url\":\"/api/employee/get-employees?organizationId=67869a6a1514145a64988362\",\"status\":\"401\",\"responseTime\":\"2.496\"}","timestamp":"2025-01-27T11:08:52.260Z"}
{"level":"\u001b[32minfo\u001b[39m","message":"{\"method\":\"GET\",\"url\":\"/api/employee/get-employees?organizationId=67869a6a1514145a64988362\",\"status\":\"304\",\"responseTime\":\"90.255\"}","timestamp":"2025-01-27T11:08:52.593Z"}
{"level":"\u001b[32minfo\u001b[39m","message":"{\"method\":\"GET\",\"url\":\"/api/employee/get-employees?organizationId=67869a6a1514145a64988362\",\"status\":\"304\",\"responseTime\":\"56.353\"}","timestamp":"2025-01-27T11:09:14.946Z"}
{"level":"\u001b[32minfo\u001b[39m","message":"{\"method\":\"GET\",\"url\":\"/api/employee/fetch-employeesById?employeeIds[]=67936b8fa37f9d4b8f5d23b3&employeeIds[]=67936bdca37f9d4b8f5d23b6&employeeIds[]=67869f7defffdbe0c161c74a\",\"status\":\"304\",\"responseTime\":\"943.734\"}","timestamp":"2025-01-27T11:09:16.542Z"}
{"level":"\u001b[32minfo\u001b[39m","message":"{\"method\":\"GET\",\"url\":\"/api/employee/get-employees?organizationId=67869a6a1514145a64988362\",\"status\":\"401\",\"responseTime\":\"3.619\"}","timestamp":"2025-01-27T11:10:19.281Z"}
{"level":"\u001b[32minfo\u001b[39m","message":"{\"method\":\"GET\",\"url\":\"/api/employee/get-employees?organizationId=67869a6a1514145a64988362\",\"status\":\"304\",\"responseTime\":\"179.762\"}","timestamp":"2025-01-27T11:10:19.726Z"}
{"level":"\u001b[32minfo\u001b[39m","message":"{\"method\":\"GET\",\"url\":\"/api/attendence/get-policy?organizationId=67869a6a1514145a64988362\",\"status\":\"304\",\"responseTime\":\"138.426\"}","timestamp":"2025-01-27T11:10:24.342Z"}
{"level":"\u001b[32minfo\u001b[39m","message":"{\"method\":\"GET\",\"url\":\"/api/employee/get-employees?organizationId=67869a6a1514145a64988362\",\"status\":\"304\",\"responseTime\":\"161.715\"}","timestamp":"2025-01-27T11:10:26.370Z"}
{"level":"\u001b[32minfo\u001b[39m","message":"{\"method\":\"GET\",\"url\":\"/api/employee/fetch-employeesById?employeeIds[]=67936b8fa37f9d4b8f5d23b3&employeeIds[]=67936bdca37f9d4b8f5d23b6&employeeIds[]=67869f7defffdbe0c161c74a\",\"status\":\"304\",\"responseTime\":\"253.194\"}","timestamp":"2025-01-27T11:10:26.654Z"}
{"level":"\u001b[32minfo\u001b[39m","message":"{\"method\":\"GET\",\"url\":\"/api/employee/get-employees?organizationId=67869a6a1514145a64988362\",\"status\":\"401\",\"responseTime\":\"4.520\"}","timestamp":"2025-01-27T11:13:48.263Z"}
{"level":"\u001b[32minfo\u001b[39m","message":"{\"method\":\"GET\",\"url\":\"/api/employee/get-employees?organizationId=67869a6a1514145a64988362\",\"status\":\"200\",\"responseTime\":\"287.107\"}","timestamp":"2025-01-27T11:13:48.733Z"}
{"level":"\u001b[32minfo\u001b[39m","message":"{\"method\":\"GET\",\"url\":\"/api/employee/get-employees?organizationId=67869a6a1514145a64988362\",\"status\":\"401\",\"responseTime\":\"2.977\"}","timestamp":"2025-01-27T11:15:33.257Z"}
{"level":"\u001b[32minfo\u001b[39m","message":"{\"method\":\"GET\",\"url\":\"/api/employee/get-employees?organizationId=67869a6a1514145a64988362\",\"status\":\"200\",\"responseTime\":\"126.055\"}","timestamp":"2025-01-27T11:15:33.489Z"}
{"level":"\u001b[32minfo\u001b[39m","message":"{\"method\":\"GET\",\"url\":\"/api/employee/fetch-employeesById?employeeIds[]=67936b8fa37f9d4b8f5d23b3&employeeIds[]=67936bdca37f9d4b8f5d23b6&employeeIds[]=67869f7defffdbe0c161c74a\",\"status\":\"200\",\"responseTime\":\"85.129\"}","timestamp":"2025-01-27T11:23:44.173Z"}
