{"level":"\u001b[32minfo\u001b[39m","message":"{\"method\":\"GET\",\"url\":\"/api/employee/get-employees?organizationId=67869a6a1514145a64988362\",\"status\":\"401\",\"responseTime\":\"7.657\"}","timestamp":"2025-01-16T03:59:39.550Z"}
{"level":"\u001b[32minfo\u001b[39m","message":"{\"method\":\"GET\",\"url\":\"/api/employee/get-employees?organizationId=67869a6a1514145a64988362\",\"status\":\"304\",\"responseTime\":\"113.131\"}","timestamp":"2025-01-16T03:59:40.129Z"}
{"level":"\u001b[32minfo\u001b[39m","message":"{\"method\":\"GET\",\"url\":\"/api/employee/get-employees?organizationId=67869a6a1514145a64988362\",\"status\":\"304\",\"responseTime\":\"102.882\"}","timestamp":"2025-01-16T03:59:40.284Z"}
{"level":"\u001b[32minfo\u001b[39m","message":"{\"method\":\"POST\",\"url\":\"/api/leave/fetch-leave\",\"status\":\"200\",\"responseTime\":\"131.882\"}","timestamp":"2025-01-16T03:59:40.330Z"}
{"level":"\u001b[32minfo\u001b[39m","message":"{\"method\":\"GET\",\"url\":\"/api/employee/get-employees?organizationId=67869a6a1514145a64988362\",\"status\":\"304\",\"responseTime\":\"56.000\"}","timestamp":"2025-01-16T03:59:40.356Z"}
{"level":"\u001b[32minfo\u001b[39m","message":"{\"method\":\"GET\",\"url\":\"/api/employee/get-employees?organizationId=67869a6a1514145a64988362\",\"status\":\"304\",\"responseTime\":\"49.026\"}","timestamp":"2025-01-16T03:59:40.448Z"}
{"level":"\u001b[32minfo\u001b[39m","message":"{\"method\":\"GET\",\"url\":\"/api/employee/fetch-EmployeesCount?organizationId=67869a6a1514145a64988362\",\"status\":\"304\",\"responseTime\":\"50.281\"}","timestamp":"2025-01-16T03:59:41.599Z"}
{"level":"\u001b[32minfo\u001b[39m","message":"{\"method\":\"GET\",\"url\":\"/api/employee/get-employees?organizationId=67869a6a1514145a64988362\",\"status\":\"304\",\"responseTime\":\"58.035\"}","timestamp":"2025-01-16T03:59:42.962Z"}
{"level":"\u001b[32minfo\u001b[39m","message":"{\"method\":\"POST\",\"url\":\"/api/employee/fetch-position\",\"status\":\"200\",\"responseTime\":\"64.267\"}","timestamp":"2025-01-16T03:59:42.987Z"}
{"level":"\u001b[32minfo\u001b[39m","message":"{\"method\":\"POST\",\"url\":\"/api/employee/fetch-position\",\"status\":\"200\",\"responseTime\":\"59.493\"}","timestamp":"2025-01-16T03:59:43.797Z"}
{"level":"\u001b[32minfo\u001b[39m","message":"{\"method\":\"GET\",\"url\":\"/api/attendence/get-attendence?employeeEmail=moideenshacpcp10%40gmail.com\",\"status\":\"304\",\"responseTime\":\"269.910\"}","timestamp":"2025-01-16T03:59:46.318Z"}
{"level":"\u001b[32minfo\u001b[39m","message":"{\"method\":\"GET\",\"url\":\"/api/attendence/get-attendence?employeeEmail=moideenshacpcp10%40gmail.com\",\"status\":\"401\",\"responseTime\":\"3.283\"}","timestamp":"2025-01-16T03:59:56.133Z"}
{"level":"\u001b[32minfo\u001b[39m","message":"{\"method\":\"GET\",\"url\":\"/api/attendence/get-attendence?employeeEmail=moideenshacpcp10%40gmail.com\",\"status\":\"304\",\"responseTime\":\"57.987\"}","timestamp":"2025-01-16T03:59:56.270Z"}
{"level":"\u001b[32minfo\u001b[39m","message":"{\"method\":\"POST\",\"url\":\"/api/leave/fetch-leave\",\"status\":\"200\",\"responseTime\":\"58.773\"}","timestamp":"2025-01-16T03:59:59.460Z"}
{"level":"\u001b[32minfo\u001b[39m","message":"{\"method\":\"GET\",\"url\":\"/api/attendence/get-attendence?employeeEmail=moideenshacpcp10%40gmail.com\",\"status\":\"304\",\"responseTime\":\"56.092\"}","timestamp":"2025-01-16T04:00:01.158Z"}
{"level":"\u001b[32minfo\u001b[39m","message":"{\"method\":\"POST\",\"url\":\"/api/leave/fetch-leave\",\"status\":\"200\",\"responseTime\":\"44.649\"}","timestamp":"2025-01-16T04:00:06.566Z"}
{"level":"\u001b[32minfo\u001b[39m","message":"{\"method\":\"GET\",\"url\":\"/api/attendence/get-attendence?employeeEmail=moideenshacpcp10%40gmail.com\",\"status\":\"304\",\"responseTime\":\"50.967\"}","timestamp":"2025-01-16T04:00:11.203Z"}
{"level":"\u001b[32minfo\u001b[39m","message":"{\"method\":\"POST\",\"url\":\"/api/leave/fetch-leave\",\"status\":\"200\",\"responseTime\":\"45.945\"}","timestamp":"2025-01-16T04:00:22.626Z"}
{"level":"\u001b[32minfo\u001b[39m","message":"{\"method\":\"GET\",\"url\":\"/api/attendence/get-attendence?employeeEmail=moideenshacpcp10%40gmail.com\",\"status\":\"304\",\"responseTime\":\"56.586\"}","timestamp":"2025-01-16T04:00:25.784Z"}
{"level":"\u001b[32minfo\u001b[39m","message":"{\"method\":\"POST\",\"url\":\"/api/leave/fetch-leave\",\"status\":\"200\",\"responseTime\":\"142.484\"}","timestamp":"2025-01-16T04:00:47.671Z"}
{"level":"\u001b[32minfo\u001b[39m","message":"{\"method\":\"GET\",\"url\":\"/api/attendence/get-attendence?employeeEmail=moideenshacpcp10%40gmail.com\",\"status\":\"304\",\"responseTime\":\"132.909\"}","timestamp":"2025-01-16T04:00:48.782Z"}
{"level":"\u001b[32minfo\u001b[39m","message":"{\"method\":\"POST\",\"url\":\"/api/attendence/handle-attendence\",\"status\":\"200\",\"responseTime\":\"356.005\"}","timestamp":"2025-01-16T04:01:02.501Z"}
{"level":"\u001b[32minfo\u001b[39m","message":"{\"method\":\"GET\",\"url\":\"/api/attendence/get-attendence?employeeEmail=moideenshacpcp10%40gmail.com\",\"status\":\"200\",\"responseTime\":\"165.556\"}","timestamp":"2025-01-16T04:01:02.706Z"}
{"level":"\u001b[32minfo\u001b[39m","message":"{\"method\":\"POST\",\"url\":\"/api/employee/fetch-position\",\"status\":\"200\",\"responseTime\":\"168.211\"}","timestamp":"2025-01-16T04:01:20.020Z"}
{"level":"\u001b[32minfo\u001b[39m","message":"{\"method\":\"GET\",\"url\":\"/api/employee/get-employees?organizationId=67869a6a1514145a64988362\",\"status\":\"304\",\"responseTime\":\"194.572\"}","timestamp":"2025-01-16T04:01:20.034Z"}
{"level":"\u001b[32minfo\u001b[39m","message":"{\"method\":\"GET\",\"url\":\"/api/employee/get-employees?organizationId=67869a6a1514145a64988362\",\"status\":\"304\",\"responseTime\":\"106.197\"}","timestamp":"2025-01-16T04:01:50.114Z"}
{"level":"\u001b[32minfo\u001b[39m","message":"{\"method\":\"POST\",\"url\":\"/api/leave/fetch-leave\",\"status\":\"200\",\"responseTime\":\"75.642\"}","timestamp":"2025-01-16T04:01:50.230Z"}
{"level":"\u001b[32minfo\u001b[39m","message":"{\"method\":\"GET\",\"url\":\"/api/employee/get-employees?organizationId=67869a6a1514145a64988362\",\"status\":\"304\",\"responseTime\":\"92.759\"}","timestamp":"2025-01-16T04:01:50.239Z"}
{"level":"\u001b[32minfo\u001b[39m","message":"{\"method\":\"GET\",\"url\":\"/api/employee/get-employees?organizationId=67869a6a1514145a64988362\",\"status\":\"304\",\"responseTime\":\"102.828\"}","timestamp":"2025-01-16T04:01:50.355Z"}
{"level":"\u001b[32minfo\u001b[39m","message":"{\"method\":\"GET\",\"url\":\"/api/employee/get-employees?organizationId=67869a6a1514145a64988362\",\"status\":\"304\",\"responseTime\":\"261.431\"}","timestamp":"2025-01-16T04:01:50.627Z"}
{"level":"\u001b[32minfo\u001b[39m","message":"{\"method\":\"POST\",\"url\":\"/api/employee/fetch-position\",\"status\":\"200\",\"responseTime\":\"114.070\"}","timestamp":"2025-01-16T04:03:44.298Z"}
{"level":"\u001b[32minfo\u001b[39m","message":"{\"method\":\"GET\",\"url\":\"/api/employee/get-employees?organizationId=67869a6a1514145a64988362\",\"status\":\"304\",\"responseTime\":\"105.493\"}","timestamp":"2025-01-16T04:03:44.303Z"}
{"level":"\u001b[32minfo\u001b[39m","message":"{\"method\":\"POST\",\"url\":\"/api/employee/fetch-position\",\"status\":\"200\",\"responseTime\":\"116.855\"}","timestamp":"2025-01-16T04:03:45.114Z"}
{"level":"\u001b[32minfo\u001b[39m","message":"{\"method\":\"POST\",\"url\":\"/api/employee/fetch-position\",\"status\":\"200\",\"responseTime\":\"101.718\"}","timestamp":"2025-01-16T04:07:34.861Z"}
{"level":"\u001b[32minfo\u001b[39m","message":"{\"method\":\"POST\",\"url\":\"/api/employee/fetch-position\",\"status\":\"200\",\"responseTime\":\"56.334\"}","timestamp":"2025-01-16T04:08:13.862Z"}
{"level":"\u001b[32minfo\u001b[39m","message":"{\"method\":\"POST\",\"url\":\"/api/employee/fetch-position\",\"status\":\"200\",\"responseTime\":\"164.510\"}","timestamp":"2025-01-16T04:08:36.046Z"}
{"level":"\u001b[32minfo\u001b[39m","message":"{\"method\":\"POST\",\"url\":\"/api/employee/fetch-position\",\"status\":\"200\",\"responseTime\":\"55.008\"}","timestamp":"2025-01-16T04:08:53.244Z"}
{"level":"\u001b[32minfo\u001b[39m","message":"{\"method\":\"POST\",\"url\":\"/api/employee/fetch-position\",\"status\":\"200\",\"responseTime\":\"172.280\"}","timestamp":"2025-01-16T04:09:06.151Z"}
{"level":"\u001b[32minfo\u001b[39m","message":"{\"method\":\"POST\",\"url\":\"/api/employee/fetch-position\",\"status\":\"200\",\"responseTime\":\"49.957\"}","timestamp":"2025-01-16T04:09:09.821Z"}
{"level":"\u001b[32minfo\u001b[39m","message":"{\"method\":\"POST\",\"url\":\"/api/employee/fetch-position\",\"status\":\"200\",\"responseTime\":\"159.034\"}","timestamp":"2025-01-16T04:09:11.375Z"}
{"level":"\u001b[32minfo\u001b[39m","message":"{\"method\":\"POST\",\"url\":\"/api/employee/fetch-position\",\"status\":\"200\",\"responseTime\":\"118.943\"}","timestamp":"2025-01-16T04:09:17.931Z"}
{"level":"\u001b[32minfo\u001b[39m","message":"{\"method\":\"POST\",\"url\":\"/api/employee/fetch-position\",\"status\":\"200\",\"responseTime\":\"54.742\"}","timestamp":"2025-01-16T04:09:21.812Z"}
{"level":"\u001b[32minfo\u001b[39m","message":"{\"method\":\"POST\",\"url\":\"/api/employee/fetch-position\",\"status\":\"200\",\"responseTime\":\"445.960\"}","timestamp":"2025-01-16T04:09:37.201Z"}
{"level":"\u001b[32minfo\u001b[39m","message":"{\"method\":\"POST\",\"url\":\"/api/employee/fetch-position\",\"status\":\"200\",\"responseTime\":\"60.065\"}","timestamp":"2025-01-16T04:09:38.601Z"}
{"level":"\u001b[32minfo\u001b[39m","message":"{\"method\":\"POST\",\"url\":\"/api/employee/fetch-position\",\"status\":\"200\",\"responseTime\":\"157.630\"}","timestamp":"2025-01-16T04:09:55.820Z"}
{"level":"\u001b[32minfo\u001b[39m","message":"{\"method\":\"POST\",\"url\":\"/api/employee/fetch-position\",\"status\":\"200\",\"responseTime\":\"54.067\"}","timestamp":"2025-01-16T04:09:59.528Z"}
{"level":"\u001b[32minfo\u001b[39m","message":"{\"method\":\"POST\",\"url\":\"/api/employee/fetch-position\",\"status\":\"200\",\"responseTime\":\"528.044\"}","timestamp":"2025-01-16T04:11:11.309Z"}
{"level":"\u001b[32minfo\u001b[39m","message":"{\"method\":\"POST\",\"url\":\"/api/employee/fetch-position\",\"status\":\"200\",\"responseTime\":\"104.518\"}","timestamp":"2025-01-16T04:11:20.862Z"}
{"level":"\u001b[32minfo\u001b[39m","message":"{\"method\":\"POST\",\"url\":\"/api/employee/fetch-position\",\"status\":\"200\",\"responseTime\":\"132.564\"}","timestamp":"2025-01-16T04:11:35.703Z"}
{"level":"\u001b[32minfo\u001b[39m","message":"{\"method\":\"POST\",\"url\":\"/api/employee/fetch-position\",\"status\":\"200\",\"responseTime\":\"275.987\"}","timestamp":"2025-01-16T04:11:41.529Z"}
{"level":"\u001b[32minfo\u001b[39m","message":"{\"method\":\"POST\",\"url\":\"/api/employee/fetch-position\",\"status\":\"200\",\"responseTime\":\"193.525\"}","timestamp":"2025-01-16T04:11:44.939Z"}
{"level":"\u001b[32minfo\u001b[39m","message":"{\"method\":\"POST\",\"url\":\"/api/employee/fetch-position\",\"status\":\"200\",\"responseTime\":\"179.477\"}","timestamp":"2025-01-16T04:11:55.940Z"}
{"level":"\u001b[32minfo\u001b[39m","message":"{\"method\":\"POST\",\"url\":\"/api/employee/fetch-position\",\"status\":\"200\",\"responseTime\":\"172.464\"}","timestamp":"2025-01-16T04:12:14.949Z"}
{"level":"\u001b[32minfo\u001b[39m","message":"{\"method\":\"POST\",\"url\":\"/api/employee/fetch-position\",\"status\":\"200\",\"responseTime\":\"169.348\"}","timestamp":"2025-01-16T04:12:17.957Z"}
{"level":"\u001b[32minfo\u001b[39m","message":"{\"method\":\"POST\",\"url\":\"/api/employee/fetch-position\",\"status\":\"200\",\"responseTime\":\"309.562\"}","timestamp":"2025-01-16T04:12:35.057Z"}
{"level":"\u001b[32minfo\u001b[39m","message":"{\"method\":\"POST\",\"url\":\"/api/employee/fetch-position\",\"status\":\"200\",\"responseTime\":\"196.193\"}","timestamp":"2025-01-16T04:12:35.948Z"}
{"level":"\u001b[32minfo\u001b[39m","message":"{\"method\":\"POST\",\"url\":\"/api/employee/fetch-position\",\"status\":\"200\",\"responseTime\":\"329.606\"}","timestamp":"2025-01-16T04:13:06.109Z"}
{"level":"\u001b[32minfo\u001b[39m","message":"{\"method\":\"POST\",\"url\":\"/api/employee/fetch-position\",\"status\":\"200\",\"responseTime\":\"239.224\"}","timestamp":"2025-01-16T04:13:20.016Z"}
{"level":"\u001b[32minfo\u001b[39m","message":"{\"method\":\"POST\",\"url\":\"/api/employee/fetch-position\",\"status\":\"200\",\"responseTime\":\"265.372\"}","timestamp":"2025-01-16T04:13:21.025Z"}
{"level":"\u001b[32minfo\u001b[39m","message":"{\"method\":\"POST\",\"url\":\"/api/employee/fetch-position\",\"status\":\"200\",\"responseTime\":\"285.459\"}","timestamp":"2025-01-16T04:13:29.236Z"}
{"level":"\u001b[32minfo\u001b[39m","message":"{\"method\":\"POST\",\"url\":\"/api/employee/fetch-position\",\"status\":\"200\",\"responseTime\":\"229.559\"}","timestamp":"2025-01-16T04:13:41.003Z"}
{"level":"\u001b[32minfo\u001b[39m","message":"{\"method\":\"POST\",\"url\":\"/api/employee/fetch-position\",\"status\":\"200\",\"responseTime\":\"336.652\"}","timestamp":"2025-01-16T04:13:43.038Z"}
{"level":"\u001b[32minfo\u001b[39m","message":"{\"method\":\"POST\",\"url\":\"/api/employee/fetch-position\",\"status\":\"200\",\"responseTime\":\"769.468\"}","timestamp":"2025-01-16T04:13:46.522Z"}
{"level":"\u001b[32minfo\u001b[39m","message":"{\"method\":\"POST\",\"url\":\"/api/employee/fetch-position\",\"status\":\"200\",\"responseTime\":\"348.249\"}","timestamp":"2025-01-16T04:13:54.586Z"}
{"level":"\u001b[32minfo\u001b[39m","message":"{\"method\":\"POST\",\"url\":\"/api/employee/fetch-position\",\"status\":\"200\",\"responseTime\":\"143.407\"}","timestamp":"2025-01-16T04:14:36.897Z"}
{"level":"\u001b[32minfo\u001b[39m","message":"{\"method\":\"POST\",\"url\":\"/api/employee/fetch-position\",\"status\":\"200\",\"responseTime\":\"198.916\"}","timestamp":"2025-01-16T04:15:00.031Z"}
{"level":"\u001b[32minfo\u001b[39m","message":"{\"method\":\"POST\",\"url\":\"/api/employee/fetch-position\",\"status\":\"200\",\"responseTime\":\"84.375\"}","timestamp":"2025-01-16T04:15:58.833Z"}
{"level":"\u001b[32minfo\u001b[39m","message":"{\"method\":\"POST\",\"url\":\"/api/employee/fetch-position\",\"status\":\"200\",\"responseTime\":\"5076.567\"}","timestamp":"2025-01-16T04:15:59.855Z"}
{"level":"\u001b[32minfo\u001b[39m","message":"{\"method\":\"POST\",\"url\":\"/api/employee/fetch-position\",\"status\":\"200\",\"responseTime\":\"14414.078\"}","timestamp":"2025-01-16T04:16:00.187Z"}
{"level":"\u001b[32minfo\u001b[39m","message":"{\"method\":\"POST\",\"url\":\"/api/employee/fetch-position\",\"status\":\"200\",\"responseTime\":\"428.731\"}","timestamp":"2025-01-16T04:16:04.718Z"}
{"level":"\u001b[32minfo\u001b[39m","message":"{\"method\":\"POST\",\"url\":\"/api/employee/fetch-position\",\"status\":\"200\",\"responseTime\":\"2252.072\"}","timestamp":"2025-01-16T04:17:53.923Z"}
{"level":"\u001b[32minfo\u001b[39m","message":"{\"method\":\"POST\",\"url\":\"/api/employee/fetch-position\",\"status\":\"200\",\"responseTime\":\"558.526\"}","timestamp":"2025-01-16T04:17:58.356Z"}
{"level":"\u001b[32minfo\u001b[39m","message":"{\"method\":\"POST\",\"url\":\"/api/employee/fetch-position\",\"status\":\"200\",\"responseTime\":\"327.757\"}","timestamp":"2025-01-16T04:18:21.086Z"}
{"level":"\u001b[32minfo\u001b[39m","message":"{\"method\":\"POST\",\"url\":\"/api/employee/fetch-position\",\"status\":\"200\",\"responseTime\":\"730.498\"}","timestamp":"2025-01-16T04:18:50.478Z"}
{"level":"\u001b[32minfo\u001b[39m","message":"{\"method\":\"POST\",\"url\":\"/api/employee/fetch-position\",\"status\":\"200\",\"responseTime\":\"416.855\"}","timestamp":"2025-01-16T04:19:41.907Z"}
{"level":"\u001b[32minfo\u001b[39m","message":"{\"method\":\"POST\",\"url\":\"/api/employee/fetch-position\",\"status\":\"200\",\"responseTime\":\"353.910\"}","timestamp":"2025-01-16T04:19:54.790Z"}
{"level":"\u001b[32minfo\u001b[39m","message":"{\"method\":\"POST\",\"url\":\"/api/employee/fetch-position\",\"status\":\"200\",\"responseTime\":\"360.422\"}","timestamp":"2025-01-16T04:19:59.161Z"}
{"level":"\u001b[32minfo\u001b[39m","message":"{\"method\":\"POST\",\"url\":\"/api/employee/fetch-position\",\"status\":\"200\",\"responseTime\":\"175.310\"}","timestamp":"2025-01-16T04:20:13.930Z"}
{"level":"\u001b[32minfo\u001b[39m","message":"{\"method\":\"POST\",\"url\":\"/api/employee/fetch-position\",\"status\":\"200\",\"responseTime\":\"424.708\"}","timestamp":"2025-01-16T04:20:22.632Z"}
{"level":"\u001b[32minfo\u001b[39m","message":"{\"method\":\"POST\",\"url\":\"/api/employee/fetch-position\",\"status\":\"200\",\"responseTime\":\"272.025\"}","timestamp":"2025-01-16T04:20:54.037Z"}
{"level":"\u001b[32minfo\u001b[39m","message":"{\"method\":\"POST\",\"url\":\"/api/employee/fetch-position\",\"status\":\"200\",\"responseTime\":\"2079.091\"}","timestamp":"2025-01-16T04:21:00.824Z"}
{"level":"\u001b[32minfo\u001b[39m","message":"{\"method\":\"POST\",\"url\":\"/api/employee/fetch-position\",\"status\":\"200\",\"responseTime\":\"391.862\"}","timestamp":"2025-01-16T04:21:10.151Z"}
{"level":"\u001b[32minfo\u001b[39m","message":"{\"method\":\"POST\",\"url\":\"/api/employee/fetch-position\",\"status\":\"200\",\"responseTime\":\"484.684\"}","timestamp":"2025-01-16T04:21:10.803Z"}
{"level":"\u001b[32minfo\u001b[39m","message":"{\"method\":\"POST\",\"url\":\"/api/employee/fetch-position\",\"status\":\"200\",\"responseTime\":\"292.165\"}","timestamp":"2025-01-16T04:21:19.651Z"}
{"level":"\u001b[32minfo\u001b[39m","message":"{\"method\":\"POST\",\"url\":\"/api/employee/fetch-position\",\"status\":\"200\",\"responseTime\":\"326.890\"}","timestamp":"2025-01-16T04:21:27.089Z"}
{"level":"\u001b[32minfo\u001b[39m","message":"{\"method\":\"POST\",\"url\":\"/api/employee/fetch-position\",\"status\":\"200\",\"responseTime\":\"521.978\"}","timestamp":"2025-01-16T04:21:45.275Z"}
{"level":"\u001b[32minfo\u001b[39m","message":"{\"method\":\"POST\",\"url\":\"/api/employee/fetch-position\",\"status\":\"200\",\"responseTime\":\"400.316\"}","timestamp":"2025-01-16T04:21:45.937Z"}
{"level":"\u001b[32minfo\u001b[39m","message":"{\"method\":\"POST\",\"url\":\"/api/employee/fetch-position\",\"status\":\"200\",\"responseTime\":\"579.406\"}","timestamp":"2025-01-16T04:22:17.343Z"}
{"level":"\u001b[32minfo\u001b[39m","message":"{\"method\":\"POST\",\"url\":\"/api/employee/fetch-position\",\"status\":\"200\",\"responseTime\":\"117.917\"}","timestamp":"2025-01-16T04:22:24.900Z"}
{"level":"\u001b[32minfo\u001b[39m","message":"{\"method\":\"POST\",\"url\":\"/api/employee/fetch-position\",\"status\":\"200\",\"responseTime\":\"188.206\"}","timestamp":"2025-01-16T04:22:33.963Z"}
{"level":"\u001b[32minfo\u001b[39m","message":"{\"method\":\"POST\",\"url\":\"/api/employee/fetch-position\",\"status\":\"200\",\"responseTime\":\"137.703\"}","timestamp":"2025-01-16T04:22:34.681Z"}
{"level":"\u001b[32minfo\u001b[39m","message":"{\"method\":\"POST\",\"url\":\"/api/employee/fetch-position\",\"status\":\"200\",\"responseTime\":\"312.719\"}","timestamp":"2025-01-16T04:22:54.283Z"}
{"level":"\u001b[32minfo\u001b[39m","message":"{\"method\":\"POST\",\"url\":\"/api/employee/fetch-position\",\"status\":\"200\",\"responseTime\":\"185.500\"}","timestamp":"2025-01-16T04:23:01.387Z"}
{"level":"\u001b[32minfo\u001b[39m","message":"{\"method\":\"POST\",\"url\":\"/api/employee/fetch-position\",\"status\":\"200\",\"responseTime\":\"210.263\"}","timestamp":"2025-01-16T04:23:41.441Z"}
{"level":"\u001b[32minfo\u001b[39m","message":"{\"method\":\"POST\",\"url\":\"/api/employee/fetch-position\",\"status\":\"200\",\"responseTime\":\"307.500\"}","timestamp":"2025-01-16T04:24:06.082Z"}
{"level":"\u001b[32minfo\u001b[39m","message":"{\"method\":\"POST\",\"url\":\"/api/employee/fetch-position\",\"status\":\"200\",\"responseTime\":\"242.290\"}","timestamp":"2025-01-16T04:24:10.390Z"}
{"level":"\u001b[32minfo\u001b[39m","message":"{\"method\":\"POST\",\"url\":\"/api/employee/fetch-position\",\"status\":\"200\",\"responseTime\":\"307.323\"}","timestamp":"2025-01-16T04:24:19.664Z"}
{"level":"\u001b[32minfo\u001b[39m","message":"{\"method\":\"POST\",\"url\":\"/api/employee/fetch-position\",\"status\":\"200\",\"responseTime\":\"322.209\"}","timestamp":"2025-01-16T04:24:28.072Z"}
{"level":"\u001b[32minfo\u001b[39m","message":"{\"method\":\"POST\",\"url\":\"/api/employee/fetch-position\",\"status\":\"200\",\"responseTime\":\"138.848\"}","timestamp":"2025-01-16T04:24:28.889Z"}
{"level":"\u001b[32minfo\u001b[39m","message":"{\"method\":\"POST\",\"url\":\"/api/employee/fetch-position\",\"status\":\"200\",\"responseTime\":\"246.398\"}","timestamp":"2025-01-16T04:24:51.011Z"}
{"level":"\u001b[32minfo\u001b[39m","message":"{\"method\":\"POST\",\"url\":\"/api/employee/fetch-position\",\"status\":\"200\",\"responseTime\":\"191.411\"}","timestamp":"2025-01-16T04:25:14.941Z"}
{"level":"\u001b[32minfo\u001b[39m","message":"{\"method\":\"POST\",\"url\":\"/api/employee/fetch-position\",\"status\":\"200\",\"responseTime\":\"210.128\"}","timestamp":"2025-01-16T04:25:26.960Z"}
{"level":"\u001b[32minfo\u001b[39m","message":"{\"method\":\"POST\",\"url\":\"/api/employee/fetch-position\",\"status\":\"200\",\"responseTime\":\"602.883\"}","timestamp":"2025-01-16T04:25:28.314Z"}
{"level":"\u001b[32minfo\u001b[39m","message":"{\"method\":\"POST\",\"url\":\"/api/employee/fetch-position\",\"status\":\"200\",\"responseTime\":\"344.345\"}","timestamp":"2025-01-16T04:25:35.975Z"}
{"level":"\u001b[32minfo\u001b[39m","message":"{\"method\":\"POST\",\"url\":\"/api/employee/fetch-position\",\"status\":\"200\",\"responseTime\":\"211.840\"}","timestamp":"2025-01-16T04:25:52.974Z"}
{"level":"\u001b[32minfo\u001b[39m","message":"{\"method\":\"POST\",\"url\":\"/api/employee/fetch-position\",\"status\":\"200\",\"responseTime\":\"319.956\"}","timestamp":"2025-01-16T04:25:56.057Z"}
{"level":"\u001b[32minfo\u001b[39m","message":"{\"method\":\"POST\",\"url\":\"/api/employee/fetch-position\",\"status\":\"200\",\"responseTime\":\"160.278\"}","timestamp":"2025-01-16T04:25:59.934Z"}
{"level":"\u001b[32minfo\u001b[39m","message":"{\"method\":\"POST\",\"url\":\"/api/employee/fetch-position\",\"status\":\"200\",\"responseTime\":\"207.740\"}","timestamp":"2025-01-16T04:26:01.964Z"}
{"level":"\u001b[32minfo\u001b[39m","message":"{\"method\":\"POST\",\"url\":\"/api/employee/fetch-position\",\"status\":\"200\",\"responseTime\":\"147.555\"}","timestamp":"2025-01-16T04:26:03.913Z"}
{"level":"\u001b[32minfo\u001b[39m","message":"{\"method\":\"POST\",\"url\":\"/api/employee/fetch-position\",\"status\":\"200\",\"responseTime\":\"238.657\"}","timestamp":"2025-01-16T04:26:06.994Z"}
{"level":"\u001b[32minfo\u001b[39m","message":"{\"method\":\"POST\",\"url\":\"/api/employee/fetch-position\",\"status\":\"200\",\"responseTime\":\"182.423\"}","timestamp":"2025-01-16T04:26:21.956Z"}
{"level":"\u001b[32minfo\u001b[39m","message":"{\"method\":\"POST\",\"url\":\"/api/employee/fetch-position\",\"status\":\"200\",\"responseTime\":\"337.695\"}","timestamp":"2025-01-16T04:26:23.086Z"}
{"level":"\u001b[32minfo\u001b[39m","message":"{\"method\":\"POST\",\"url\":\"/api/employee/fetch-position\",\"status\":\"200\",\"responseTime\":\"133.425\"}","timestamp":"2025-01-16T04:26:54.884Z"}
{"level":"\u001b[32minfo\u001b[39m","message":"{\"method\":\"POST\",\"url\":\"/api/employee/fetch-position\",\"status\":\"200\",\"responseTime\":\"411.152\"}","timestamp":"2025-01-16T04:27:00.160Z"}
{"level":"\u001b[32minfo\u001b[39m","message":"{\"method\":\"POST\",\"url\":\"/api/employee/fetch-position\",\"status\":\"200\",\"responseTime\":\"336.360\"}","timestamp":"2025-01-16T04:27:21.160Z"}
{"level":"\u001b[32minfo\u001b[39m","message":"{\"method\":\"POST\",\"url\":\"/api/employee/fetch-position\",\"status\":\"200\",\"responseTime\":\"399.675\"}","timestamp":"2025-01-16T04:27:33.167Z"}
{"level":"\u001b[32minfo\u001b[39m","message":"{\"method\":\"POST\",\"url\":\"/api/employee/fetch-position\",\"status\":\"200\",\"responseTime\":\"334.323\"}","timestamp":"2025-01-16T04:27:42.429Z"}
{"level":"\u001b[32minfo\u001b[39m","message":"{\"method\":\"POST\",\"url\":\"/api/employee/fetch-position\",\"status\":\"200\",\"responseTime\":\"297.902\"}","timestamp":"2025-01-16T04:27:45.775Z"}
{"level":"\u001b[32minfo\u001b[39m","message":"{\"method\":\"POST\",\"url\":\"/api/employee/fetch-position\",\"status\":\"200\",\"responseTime\":\"451.012\"}","timestamp":"2025-01-16T04:27:57.390Z"}
{"level":"\u001b[32minfo\u001b[39m","message":"{\"method\":\"POST\",\"url\":\"/api/employee/fetch-position\",\"status\":\"200\",\"responseTime\":\"726.182\"}","timestamp":"2025-01-16T04:29:03.487Z"}
{"level":"\u001b[32minfo\u001b[39m","message":"{\"method\":\"POST\",\"url\":\"/api/employee/fetch-position\",\"status\":\"200\",\"responseTime\":\"190.574\"}","timestamp":"2025-01-16T04:29:13.960Z"}
{"level":"\u001b[32minfo\u001b[39m","message":"{\"method\":\"POST\",\"url\":\"/api/employee/fetch-position\",\"status\":\"200\",\"responseTime\":\"262.430\"}","timestamp":"2025-01-16T04:29:35.017Z"}
{"level":"\u001b[32minfo\u001b[39m","message":"{\"method\":\"POST\",\"url\":\"/api/employee/fetch-position\",\"status\":\"200\",\"responseTime\":\"350.479\"}","timestamp":"2025-01-16T04:29:46.774Z"}
{"level":"\u001b[32minfo\u001b[39m","message":"{\"method\":\"POST\",\"url\":\"/api/employee/fetch-position\",\"status\":\"200\",\"responseTime\":\"256.306\"}","timestamp":"2025-01-16T04:30:21.036Z"}
{"level":"\u001b[32minfo\u001b[39m","message":"{\"method\":\"POST\",\"url\":\"/api/employee/fetch-position\",\"status\":\"200\",\"responseTime\":\"312.153\"}","timestamp":"2025-01-16T04:30:33.963Z"}
{"level":"\u001b[32minfo\u001b[39m","message":"{\"method\":\"POST\",\"url\":\"/api/employee/fetch-position\",\"status\":\"200\",\"responseTime\":\"2657.012\"}","timestamp":"2025-01-16T04:31:24.194Z"}
{"level":"\u001b[32minfo\u001b[39m","message":"{\"method\":\"POST\",\"url\":\"/api/employee/fetch-position\",\"status\":\"200\",\"responseTime\":\"256.028\"}","timestamp":"2025-01-16T04:31:32.006Z"}
{"level":"\u001b[32minfo\u001b[39m","message":"{\"method\":\"POST\",\"url\":\"/api/employee/fetch-position\",\"status\":\"200\",\"responseTime\":\"247.977\"}","timestamp":"2025-01-16T04:31:52.080Z"}
{"level":"\u001b[32minfo\u001b[39m","message":"{\"method\":\"POST\",\"url\":\"/api/employee/fetch-position\",\"status\":\"200\",\"responseTime\":\"183.209\"}","timestamp":"2025-01-16T04:31:53.789Z"}
{"level":"\u001b[32minfo\u001b[39m","message":"{\"method\":\"POST\",\"url\":\"/api/employee/fetch-position\",\"status\":\"200\",\"responseTime\":\"1014.429\"}","timestamp":"2025-01-16T04:32:27.731Z"}
{"level":"\u001b[32minfo\u001b[39m","message":"{\"method\":\"POST\",\"url\":\"/api/employee/fetch-position\",\"status\":\"200\",\"responseTime\":\"376.529\"}","timestamp":"2025-01-16T04:32:32.135Z"}
{"level":"\u001b[32minfo\u001b[39m","message":"{\"method\":\"POST\",\"url\":\"/api/employee/fetch-position\",\"status\":\"200\",\"responseTime\":\"219.916\"}","timestamp":"2025-01-16T04:32:59.460Z"}
{"level":"\u001b[32minfo\u001b[39m","message":"{\"method\":\"POST\",\"url\":\"/api/employee/fetch-position\",\"status\":\"200\",\"responseTime\":\"220.830\"}","timestamp":"2025-01-16T04:33:43.798Z"}
{"level":"\u001b[32minfo\u001b[39m","message":"{\"method\":\"POST\",\"url\":\"/api/employee/fetch-position\",\"status\":\"200\",\"responseTime\":\"335.692\"}","timestamp":"2025-01-16T04:34:18.126Z"}
{"level":"\u001b[32minfo\u001b[39m","message":"{\"method\":\"POST\",\"url\":\"/api/employee/fetch-position\",\"status\":\"200\",\"responseTime\":\"290.842\"}","timestamp":"2025-01-16T04:34:25.787Z"}
{"level":"\u001b[32minfo\u001b[39m","message":"{\"method\":\"POST\",\"url\":\"/api/employee/fetch-position\",\"status\":\"200\",\"responseTime\":\"262.760\"}","timestamp":"2025-01-16T04:34:30.024Z"}
{"level":"\u001b[32minfo\u001b[39m","message":"{\"method\":\"POST\",\"url\":\"/api/employee/fetch-position\",\"status\":\"200\",\"responseTime\":\"252.918\"}","timestamp":"2025-01-16T04:34:50.181Z"}
{"level":"\u001b[32minfo\u001b[39m","message":"{\"method\":\"POST\",\"url\":\"/api/employee/fetch-position\",\"status\":\"200\",\"responseTime\":\"263.647\"}","timestamp":"2025-01-16T04:34:55.731Z"}
{"level":"\u001b[32minfo\u001b[39m","message":"{\"method\":\"POST\",\"url\":\"/api/employee/fetch-position\",\"status\":\"200\",\"responseTime\":\"366.825\"}","timestamp":"2025-01-16T04:35:04.455Z"}
{"level":"\u001b[32minfo\u001b[39m","message":"{\"method\":\"GET\",\"url\":\"/api/employee/get-employees?organizationId=67869a6a1514145a64988362\",\"status\":\"304\",\"responseTime\":\"329.778\"}","timestamp":"2025-01-16T04:35:38.096Z"}
{"level":"\u001b[32minfo\u001b[39m","message":"{\"method\":\"POST\",\"url\":\"/api/employee/fetch-position\",\"status\":\"200\",\"responseTime\":\"631.663\"}","timestamp":"2025-01-16T04:35:39.755Z"}
{"level":"\u001b[32minfo\u001b[39m","message":"{\"method\":\"POST\",\"url\":\"/api/employee/fetch-position\",\"status\":\"200\",\"responseTime\":\"4331.587\"}","timestamp":"2025-01-16T04:35:42.108Z"}
{"level":"\u001b[32minfo\u001b[39m","message":"{\"method\":\"GET\",\"url\":\"/api/attendence/get-attendence?employeeEmail=moideenshacpcp10%40gmail.com\",\"status\":\"200\",\"responseTime\":\"1138.812\"}","timestamp":"2025-01-16T04:36:00.744Z"}
{"level":"\u001b[32minfo\u001b[39m","message":"{\"method\":\"GET\",\"url\":\"/api/employee/get-employees?organizationId=67869a6a1514145a64988362\",\"status\":\"304\",\"responseTime\":\"584.217\"}","timestamp":"2025-01-16T04:36:06.334Z"}
{"level":"\u001b[32minfo\u001b[39m","message":"{\"method\":\"GET\",\"url\":\"/api/employee/get-employees?organizationId=67869a6a1514145a64988362\",\"status\":\"304\",\"responseTime\":\"417.256\"}","timestamp":"2025-01-16T04:36:06.783Z"}
{"level":"\u001b[32minfo\u001b[39m","message":"{\"method\":\"POST\",\"url\":\"/api/leave/fetch-leave\",\"status\":\"200\",\"responseTime\":\"419.449\"}","timestamp":"2025-01-16T04:36:06.791Z"}
{"level":"\u001b[32minfo\u001b[39m","message":"{\"method\":\"GET\",\"url\":\"/api/employee/get-employees?organizationId=67869a6a1514145a64988362\",\"status\":\"304\",\"responseTime\":\"499.204\"}","timestamp":"2025-01-16T04:36:07.298Z"}
{"level":"\u001b[32minfo\u001b[39m","message":"{\"method\":\"GET\",\"url\":\"/api/employee/get-employees?organizationId=67869a6a1514145a64988362\",\"status\":\"304\",\"responseTime\":\"436.703\"}","timestamp":"2025-01-16T04:36:07.743Z"}
{"level":"\u001b[32minfo\u001b[39m","message":"{\"method\":\"GET\",\"url\":\"/api/employee/get-employees?organizationId=67869a6a1514145a64988362\",\"status\":\"304\",\"responseTime\":\"352.249\"}","timestamp":"2025-01-16T04:36:10.403Z"}
{"level":"\u001b[32minfo\u001b[39m","message":"{\"method\":\"GET\",\"url\":\"/api/employee/get-employees?organizationId=67869a6a1514145a64988362\",\"status\":\"304\",\"responseTime\":\"223.100\"}","timestamp":"2025-01-16T04:36:12.998Z"}
{"level":"\u001b[32minfo\u001b[39m","message":"{\"method\":\"POST\",\"url\":\"/api/employee/fetch-position\",\"status\":\"200\",\"responseTime\":\"195.168\"}","timestamp":"2025-01-16T04:36:14.974Z"}
{"level":"\u001b[32minfo\u001b[39m","message":"{\"method\":\"GET\",\"url\":\"/api/employee/get-employees?organizationId=67869a6a1514145a64988362\",\"status\":\"304\",\"responseTime\":\"208.055\"}","timestamp":"2025-01-16T04:36:14.978Z"}
{"level":"\u001b[32minfo\u001b[39m","message":"{\"method\":\"GET\",\"url\":\"/api/employee/fetch-EmployeesCount?organizationId=676e862645626fc97cdde07e\",\"status\":\"304\",\"responseTime\":\"276.013\"}","timestamp":"2025-01-16T04:42:09.911Z"}
{"level":"\u001b[32minfo\u001b[39m","message":"{\"method\":\"POST\",\"url\":\"/api/employee/fetch-position\",\"status\":\"200\",\"responseTime\":\"321.327\"}","timestamp":"2025-01-16T04:42:11.524Z"}
{"level":"\u001b[32minfo\u001b[39m","message":"{\"method\":\"GET\",\"url\":\"/api/employee/get-employees?organizationId=676e862645626fc97cdde07e\",\"status\":\"304\",\"responseTime\":\"351.073\"}","timestamp":"2025-01-16T04:42:11.546Z"}
{"level":"\u001b[32minfo\u001b[39m","message":"{\"method\":\"POST\",\"url\":\"/api/employee/fetch-position\",\"status\":\"200\",\"responseTime\":\"128.835\"}","timestamp":"2025-01-16T04:42:15.208Z"}
{"level":"\u001b[32minfo\u001b[39m","message":"{\"method\":\"GET\",\"url\":\"/api/employee/get-employees?organizationId=676e862645626fc97cdde07e\",\"status\":\"304\",\"responseTime\":\"523.907\"}","timestamp":"2025-01-16T04:42:20.988Z"}
{"level":"\u001b[32minfo\u001b[39m","message":"{\"method\":\"POST\",\"url\":\"/api/employee/fetch-position\",\"status\":\"200\",\"responseTime\":\"520.163\"}","timestamp":"2025-01-16T04:42:20.993Z"}
{"level":"\u001b[32minfo\u001b[39m","message":"{\"method\":\"GET\",\"url\":\"/api/employee/get-employees?organizationId=676e862645626fc97cdde07e\",\"status\":\"304\",\"responseTime\":\"305.402\"}","timestamp":"2025-01-16T04:42:21.872Z"}
{"level":"\u001b[32minfo\u001b[39m","message":"{\"method\":\"GET\",\"url\":\"/api/employee/get-employees?organizationId=676e862645626fc97cdde07e\",\"status\":\"304\",\"responseTime\":\"164.576\"}","timestamp":"2025-01-16T04:42:22.070Z"}
{"level":"\u001b[32minfo\u001b[39m","message":"{\"method\":\"POST\",\"url\":\"/api/leave/fetch-leave\",\"status\":\"200\",\"responseTime\":\"267.675\"}","timestamp":"2025-01-16T04:42:22.180Z"}
{"level":"\u001b[32minfo\u001b[39m","message":"{\"method\":\"GET\",\"url\":\"/api/employee/get-employees?organizationId=676e862645626fc97cdde07e\",\"status\":\"304\",\"responseTime\":\"397.685\"}","timestamp":"2025-01-16T04:42:22.483Z"}
{"level":"\u001b[32minfo\u001b[39m","message":"{\"method\":\"GET\",\"url\":\"/api/employee/get-employees?organizationId=676e862645626fc97cdde07e\",\"status\":\"304\",\"responseTime\":\"296.069\"}","timestamp":"2025-01-16T04:42:22.799Z"}
{"level":"\u001b[32minfo\u001b[39m","message":"{\"method\":\"GET\",\"url\":\"/api/attendence/get-policy?organizationId=676e862645626fc97cdde07e\",\"status\":\"304\",\"responseTime\":\"626.626\"}","timestamp":"2025-01-16T04:42:24.069Z"}
{"level":"\u001b[32minfo\u001b[39m","message":"{\"method\":\"GET\",\"url\":\"/api/employee/fetch-EmployeesCount?organizationId=67869a6a1514145a64988362\",\"status\":\"304\",\"responseTime\":\"175.757\"}","timestamp":"2025-01-16T04:44:14.823Z"}
{"level":"\u001b[32minfo\u001b[39m","message":"{\"method\":\"POST\",\"url\":\"/api/employee/fetch-position\",\"status\":\"200\",\"responseTime\":\"196.055\"}","timestamp":"2025-01-16T04:44:30.272Z"}
{"level":"\u001b[32minfo\u001b[39m","message":"{\"method\":\"GET\",\"url\":\"/api/employee/get-employees?organizationId=67869a6a1514145a64988362\",\"status\":\"304\",\"responseTime\":\"229.163\"}","timestamp":"2025-01-16T04:44:30.296Z"}
{"level":"\u001b[32minfo\u001b[39m","message":"{\"method\":\"POST\",\"url\":\"/api/employee/fetch-position\",\"status\":\"200\",\"responseTime\":\"251.332\"}","timestamp":"2025-01-16T04:44:31.550Z"}
{"level":"\u001b[32minfo\u001b[39m","message":"{\"method\":\"POST\",\"url\":\"/api/employee/fetch-position\",\"status\":\"200\",\"responseTime\":\"589.632\"}","timestamp":"2025-01-16T04:44:34.110Z"}
{"level":"\u001b[32minfo\u001b[39m","message":"{\"method\":\"GET\",\"url\":\"/api/employee/get-employees?organizationId=67869a6a1514145a64988362\",\"status\":\"304\",\"responseTime\":\"589.364\"}","timestamp":"2025-01-16T04:44:34.114Z"}
{"level":"\u001b[32minfo\u001b[39m","message":"{\"method\":\"POST\",\"url\":\"/api/employee/fetch-position\",\"status\":\"200\",\"responseTime\":\"257.162\"}","timestamp":"2025-01-16T04:45:05.014Z"}
{"level":"\u001b[32minfo\u001b[39m","message":"{\"method\":\"POST\",\"url\":\"/api/employee/fetch-position\",\"status\":\"200\",\"responseTime\":\"387.015\"}","timestamp":"2025-01-16T04:45:06.131Z"}
{"level":"\u001b[32minfo\u001b[39m","message":"{\"method\":\"POST\",\"url\":\"/api/employee/fetch-position\",\"status\":\"200\",\"responseTime\":\"99.424\"}","timestamp":"2025-01-16T04:45:31.851Z"}
{"level":"\u001b[32minfo\u001b[39m","message":"{\"method\":\"POST\",\"url\":\"/api/employee/fetch-position\",\"status\":\"200\",\"responseTime\":\"229.776\"}","timestamp":"2025-01-16T04:45:57.057Z"}
{"level":"\u001b[32minfo\u001b[39m","message":"{\"method\":\"POST\",\"url\":\"/api/employee/fetch-position\",\"status\":\"200\",\"responseTime\":\"200.868\"}","timestamp":"2025-01-16T04:46:04.705Z"}
{"level":"\u001b[32minfo\u001b[39m","message":"{\"method\":\"POST\",\"url\":\"/api/employee/fetch-position\",\"status\":\"200\",\"responseTime\":\"227.902\"}","timestamp":"2025-01-16T04:46:30.667Z"}
{"level":"\u001b[32minfo\u001b[39m","message":"{\"method\":\"POST\",\"url\":\"/api/employee/fetch-position\",\"status\":\"200\",\"responseTime\":\"368.195\"}","timestamp":"2025-01-16T04:46:34.174Z"}
{"level":"\u001b[32minfo\u001b[39m","message":"{\"method\":\"POST\",\"url\":\"/api/employee/fetch-position\",\"status\":\"200\",\"responseTime\":\"228.619\"}","timestamp":"2025-01-16T04:46:38.002Z"}
{"level":"\u001b[32minfo\u001b[39m","message":"{\"method\":\"POST\",\"url\":\"/api/employee/fetch-position\",\"status\":\"200\",\"responseTime\":\"210.875\"}","timestamp":"2025-01-16T04:46:44.045Z"}
{"level":"\u001b[32minfo\u001b[39m","message":"{\"method\":\"POST\",\"url\":\"/api/employee/fetch-position\",\"status\":\"200\",\"responseTime\":\"1170.508\"}","timestamp":"2025-01-16T04:47:07.930Z"}
{"level":"\u001b[32minfo\u001b[39m","message":"{\"method\":\"POST\",\"url\":\"/api/employee/fetch-position\",\"status\":\"200\",\"responseTime\":\"169.356\"}","timestamp":"2025-01-16T04:47:10.926Z"}
{"level":"\u001b[32minfo\u001b[39m","message":"{\"method\":\"POST\",\"url\":\"/api/employee/fetch-position\",\"status\":\"200\",\"responseTime\":\"235.142\"}","timestamp":"2025-01-16T04:47:16.984Z"}
{"level":"\u001b[32minfo\u001b[39m","message":"{\"method\":\"POST\",\"url\":\"/api/employee/fetch-position\",\"status\":\"200\",\"responseTime\":\"180.366\"}","timestamp":"2025-01-16T04:47:18.923Z"}
{"level":"\u001b[32minfo\u001b[39m","message":"{\"method\":\"POST\",\"url\":\"/api/employee/fetch-position\",\"status\":\"200\",\"responseTime\":\"304.337\"}","timestamp":"2025-01-16T04:47:25.060Z"}
{"level":"\u001b[32minfo\u001b[39m","message":"{\"method\":\"POST\",\"url\":\"/api/employee/fetch-position\",\"status\":\"200\",\"responseTime\":\"155.896\"}","timestamp":"2025-01-16T04:47:28.907Z"}
{"level":"\u001b[32minfo\u001b[39m","message":"{\"method\":\"POST\",\"url\":\"/api/employee/fetch-position\",\"status\":\"200\",\"responseTime\":\"119.113\"}","timestamp":"2025-01-16T04:47:34.873Z"}
{"level":"\u001b[32minfo\u001b[39m","message":"{\"method\":\"POST\",\"url\":\"/api/employee/fetch-position\",\"status\":\"200\",\"responseTime\":\"803.194\"}","timestamp":"2025-01-16T04:47:41.557Z"}
{"level":"\u001b[32minfo\u001b[39m","message":"{\"method\":\"POST\",\"url\":\"/api/employee/fetch-position\",\"status\":\"200\",\"responseTime\":\"419.160\"}","timestamp":"2025-01-16T04:47:42.930Z"}
{"level":"\u001b[32minfo\u001b[39m","message":"{\"method\":\"POST\",\"url\":\"/api/employee/fetch-position\",\"status\":\"200\",\"responseTime\":\"374.158\"}","timestamp":"2025-01-16T04:47:49.130Z"}
{"level":"\u001b[32minfo\u001b[39m","message":"{\"method\":\"POST\",\"url\":\"/api/employee/fetch-position\",\"status\":\"200\",\"responseTime\":\"306.042\"}","timestamp":"2025-01-16T04:48:00.082Z"}
{"level":"\u001b[32minfo\u001b[39m","message":"{\"method\":\"POST\",\"url\":\"/api/employee/fetch-position\",\"status\":\"200\",\"responseTime\":\"95.240\"}","timestamp":"2025-01-16T04:48:02.850Z"}
{"level":"\u001b[32minfo\u001b[39m","message":"{\"method\":\"GET\",\"url\":\"/api/employee/get-employees?organizationId=67869a6a1514145a64988362\",\"status\":\"304\",\"responseTime\":\"159.369\"}","timestamp":"2025-01-16T04:48:43.907Z"}
{"level":"\u001b[32minfo\u001b[39m","message":"{\"method\":\"GET\",\"url\":\"/api/employee/get-employees?organizationId=67869a6a1514145a64988362\",\"status\":\"304\",\"responseTime\":\"141.420\"}","timestamp":"2025-01-16T04:49:49.890Z"}
{"level":"\u001b[32minfo\u001b[39m","message":"{\"method\":\"GET\",\"url\":\"/api/employee/get-employees?organizationId=67869a6a1514145a64988362\",\"status\":\"304\",\"responseTime\":\"228.865\"}","timestamp":"2025-01-16T04:50:08.970Z"}
{"level":"\u001b[32minfo\u001b[39m","message":"{\"method\":\"GET\",\"url\":\"/api/employee/get-employees?organizationId=67869a6a1514145a64988362\",\"status\":\"304\",\"responseTime\":\"127.596\"}","timestamp":"2025-01-16T04:52:08.914Z"}
{"level":"\u001b[32minfo\u001b[39m","message":"{\"method\":\"GET\",\"url\":\"/api/employee/fetch-EmployeesCount?organizationId=67869a6a1514145a64988362\",\"status\":\"304\",\"responseTime\":\"186.960\"}","timestamp":"2025-01-16T04:52:15.521Z"}
{"level":"\u001b[32minfo\u001b[39m","message":"{\"method\":\"GET\",\"url\":\"/api/employee/get-employees?organizationId=67869a6a1514145a64988362\",\"status\":\"304\",\"responseTime\":\"60.535\"}","timestamp":"2025-01-16T04:52:16.317Z"}
{"level":"\u001b[32minfo\u001b[39m","message":"{\"method\":\"POST\",\"url\":\"/api/employee/fetch-position\",\"status\":\"200\",\"responseTime\":\"58.592\"}","timestamp":"2025-01-16T04:52:16.320Z"}
{"level":"\u001b[32minfo\u001b[39m","message":"{\"method\":\"GET\",\"url\":\"/api/employee/get-employees?organizationId=67869a6a1514145a64988362\",\"status\":\"304\",\"responseTime\":\"187.645\"}","timestamp":"2025-01-16T04:52:28.934Z"}
{"level":"\u001b[32minfo\u001b[39m","message":"{\"method\":\"GET\",\"url\":\"/api/employee/get-employees?organizationId=67869a6a1514145a64988362\",\"status\":\"304\",\"responseTime\":\"1086.331\"}","timestamp":"2025-01-16T04:52:36.842Z"}
{"level":"\u001b[32minfo\u001b[39m","message":"{\"method\":\"GET\",\"url\":\"/api/employee/get-employees?organizationId=67869a6a1514145a64988362\",\"status\":\"304\",\"responseTime\":\"188.483\"}","timestamp":"2025-01-16T04:52:39.937Z"}
{"level":"\u001b[32minfo\u001b[39m","message":"{\"method\":\"GET\",\"url\":\"/api/employee/get-employees?organizationId=67869a6a1514145a64988362\",\"status\":\"304\",\"responseTime\":\"191.079\"}","timestamp":"2025-01-16T04:52:42.931Z"}
{"level":"\u001b[32minfo\u001b[39m","message":"{\"method\":\"GET\",\"url\":\"/api/employee/get-employees?organizationId=67869a6a1514145a64988362\",\"status\":\"304\",\"responseTime\":\"168.996\"}","timestamp":"2025-01-16T04:52:50.914Z"}
{"level":"\u001b[32minfo\u001b[39m","message":"{\"method\":\"GET\",\"url\":\"/api/employee/get-employees?organizationId=67869a6a1514145a64988362\",\"status\":\"304\",\"responseTime\":\"72.505\"}","timestamp":"2025-01-16T04:52:53.817Z"}
{"level":"\u001b[32minfo\u001b[39m","message":"{\"method\":\"GET\",\"url\":\"/api/employee/get-employees?organizationId=67869a6a1514145a64988362\",\"status\":\"304\",\"responseTime\":\"158.224\"}","timestamp":"2025-01-16T04:52:55.913Z"}
{"level":"\u001b[32minfo\u001b[39m","message":"{\"method\":\"GET\",\"url\":\"/api/employee/get-employees?organizationId=67869a6a1514145a64988362\",\"status\":\"304\",\"responseTime\":\"135.153\"}","timestamp":"2025-01-16T04:52:57.899Z"}
{"level":"\u001b[32minfo\u001b[39m","message":"{\"method\":\"GET\",\"url\":\"/api/employee/get-employees?organizationId=67869a6a1514145a64988362\",\"status\":\"304\",\"responseTime\":\"71.125\"}","timestamp":"2025-01-16T04:53:05.813Z"}
{"level":"\u001b[32minfo\u001b[39m","message":"{\"method\":\"GET\",\"url\":\"/api/employee/get-employees?organizationId=67869a6a1514145a64988362\",\"status\":\"304\",\"responseTime\":\"123.802\"}","timestamp":"2025-01-16T04:53:06.885Z"}
{"level":"\u001b[32minfo\u001b[39m","message":"{\"method\":\"GET\",\"url\":\"/api/employee/get-employees?organizationId=67869a6a1514145a64988362\",\"status\":\"304\",\"responseTime\":\"172.440\"}","timestamp":"2025-01-16T04:53:16.923Z"}
{"level":"\u001b[32minfo\u001b[39m","message":"{\"method\":\"GET\",\"url\":\"/api/employee/fetch-EmployeesCount?organizationId=67869a6a1514145a64988362\",\"status\":\"304\",\"responseTime\":\"105.312\"}","timestamp":"2025-01-16T04:53:24.799Z"}
{"level":"\u001b[32minfo\u001b[39m","message":"{\"method\":\"GET\",\"url\":\"/api/employee/get-employees?organizationId=67869a6a1514145a64988362\",\"status\":\"304\",\"responseTime\":\"144.513\"}","timestamp":"2025-01-16T04:53:27.698Z"}
{"level":"\u001b[32minfo\u001b[39m","message":"{\"method\":\"POST\",\"url\":\"/api/employee/fetch-position\",\"status\":\"200\",\"responseTime\":\"147.168\"}","timestamp":"2025-01-16T04:53:27.706Z"}
{"level":"\u001b[32minfo\u001b[39m","message":"{\"method\":\"GET\",\"url\":\"/api/employee/fetch-EmployeesCount?organizationId=67869a6a1514145a64988362\",\"status\":\"304\",\"responseTime\":\"155.106\"}","timestamp":"2025-01-16T04:53:46.795Z"}
{"level":"\u001b[32minfo\u001b[39m","message":"{\"method\":\"GET\",\"url\":\"/api/employee/get-employees?organizationId=67869a6a1514145a64988362\",\"status\":\"304\",\"responseTime\":\"75.637\"}","timestamp":"2025-01-16T04:53:49.124Z"}
{"level":"\u001b[32minfo\u001b[39m","message":"{\"method\":\"POST\",\"url\":\"/api/employee/fetch-position\",\"status\":\"200\",\"responseTime\":\"81.056\"}","timestamp":"2025-01-16T04:53:49.136Z"}
{"level":"\u001b[32minfo\u001b[39m","message":"{\"method\":\"GET\",\"url\":\"/api/attendence/get-attendence?employeeEmail=moideenshacpcp10%40gmail.com\",\"status\":\"304\",\"responseTime\":\"260.665\"}","timestamp":"2025-01-16T04:53:56.988Z"}
{"level":"\u001b[32minfo\u001b[39m","message":"{\"method\":\"GET\",\"url\":\"/api/attendence/get-attendence?employeeEmail=moideenshacpcp10%40gmail.com\",\"status\":\"304\",\"responseTime\":\"278.043\"}","timestamp":"2025-01-16T04:53:57.283Z"}
{"level":"\u001b[32minfo\u001b[39m","message":"{\"method\":\"POST\",\"url\":\"/api/employee/fetch-position\",\"status\":\"200\",\"responseTime\":\"202.285\"}","timestamp":"2025-01-16T04:54:19.243Z"}
{"level":"\u001b[32minfo\u001b[39m","message":"{\"method\":\"GET\",\"url\":\"/api/attendence/get-attendence?employeeEmail=moideenshacpcp10%40gmail.com\",\"status\":\"304\",\"responseTime\":\"181.867\"}","timestamp":"2025-01-16T04:54:25.709Z"}
{"level":"\u001b[32minfo\u001b[39m","message":"{\"method\":\"POST\",\"url\":\"/api/employee/fetch-position\",\"status\":\"200\",\"responseTime\":\"254.571\"}","timestamp":"2025-01-16T04:54:28.389Z"}
{"level":"\u001b[32minfo\u001b[39m","message":"{\"method\":\"GET\",\"url\":\"/api/employee/get-employees?organizationId=67869a6a1514145a64988362\",\"status\":\"304\",\"responseTime\":\"131.281\"}","timestamp":"2025-01-16T04:54:29.290Z"}
{"level":"\u001b[32minfo\u001b[39m","message":"{\"method\":\"POST\",\"url\":\"/api/employee/fetch-position\",\"status\":\"200\",\"responseTime\":\"159.424\"}","timestamp":"2025-01-16T04:54:29.313Z"}
{"level":"\u001b[32minfo\u001b[39m","message":"{\"method\":\"GET\",\"url\":\"/api/employee/get-employees?organizationId=67869a6a1514145a64988362\",\"status\":\"304\",\"responseTime\":\"192.453\"}","timestamp":"2025-01-16T04:54:31.915Z"}
{"level":"\u001b[32minfo\u001b[39m","message":"{\"method\":\"GET\",\"url\":\"/api/employee/get-employees?organizationId=67869a6a1514145a64988362\",\"status\":\"304\",\"responseTime\":\"193.155\"}","timestamp":"2025-01-16T04:54:32.134Z"}
{"level":"\u001b[32minfo\u001b[39m","message":"{\"method\":\"POST\",\"url\":\"/api/leave/fetch-leave\",\"status\":\"200\",\"responseTime\":\"190.951\"}","timestamp":"2025-01-16T04:54:32.138Z"}
{"level":"\u001b[32minfo\u001b[39m","message":"{\"method\":\"GET\",\"url\":\"/api/employee/get-employees?organizationId=67869a6a1514145a64988362\",\"status\":\"304\",\"responseTime\":\"236.382\"}","timestamp":"2025-01-16T04:54:32.381Z"}
{"level":"\u001b[32minfo\u001b[39m","message":"{\"method\":\"GET\",\"url\":\"/api/employee/get-employees?organizationId=67869a6a1514145a64988362\",\"status\":\"304\",\"responseTime\":\"208.924\"}","timestamp":"2025-01-16T04:54:32.602Z"}
{"level":"\u001b[32minfo\u001b[39m","message":"{\"method\":\"GET\",\"url\":\"/api/employee/get-employees?organizationId=67869a6a1514145a64988362\",\"status\":\"304\",\"responseTime\":\"157.578\"}","timestamp":"2025-01-16T04:55:07.912Z"}
{"level":"\u001b[32minfo\u001b[39m","message":"{\"method\":\"GET\",\"url\":\"/api/employee/get-employees?organizationId=67869a6a1514145a64988362\",\"status\":\"304\",\"responseTime\":\"205.838\"}","timestamp":"2025-01-16T04:55:08.996Z"}
{"level":"\u001b[32minfo\u001b[39m","message":"{\"method\":\"GET\",\"url\":\"/api/employee/get-employees?organizationId=67869a6a1514145a64988362\",\"status\":\"304\",\"responseTime\":\"196.705\"}","timestamp":"2025-01-16T04:55:14.939Z"}
{"level":"\u001b[32minfo\u001b[39m","message":"{\"method\":\"GET\",\"url\":\"/api/employee/get-employees?organizationId=67869a6a1514145a64988362\",\"status\":\"304\",\"responseTime\":\"66.302\"}","timestamp":"2025-01-16T04:55:15.806Z"}
{"level":"\u001b[32minfo\u001b[39m","message":"{\"method\":\"GET\",\"url\":\"/api/employee/get-employees?organizationId=67869a6a1514145a64988362\",\"status\":\"304\",\"responseTime\":\"234.760\"}","timestamp":"2025-01-16T04:55:18.512Z"}
{"level":"\u001b[32minfo\u001b[39m","message":"{\"method\":\"GET\",\"url\":\"/api/employee/get-employees?organizationId=67869a6a1514145a64988362\",\"status\":\"304\",\"responseTime\":\"254.895\"}","timestamp":"2025-01-16T04:55:28.994Z"}
{"level":"\u001b[32minfo\u001b[39m","message":"{\"method\":\"GET\",\"url\":\"/api/employee/get-employees?organizationId=67869a6a1514145a64988362\",\"status\":\"304\",\"responseTime\":\"235.147\"}","timestamp":"2025-01-16T04:55:29.988Z"}
{"level":"\u001b[32minfo\u001b[39m","message":"{\"method\":\"GET\",\"url\":\"/api/employee/get-employees?organizationId=67869a6a1514145a64988362\",\"status\":\"304\",\"responseTime\":\"182.381\"}","timestamp":"2025-01-16T04:55:31.926Z"}
{"level":"\u001b[32minfo\u001b[39m","message":"{\"method\":\"GET\",\"url\":\"/api/employee/get-employees?organizationId=67869a6a1514145a64988362\",\"status\":\"304\",\"responseTime\":\"386.333\"}","timestamp":"2025-01-16T04:55:36.128Z"}
{"level":"\u001b[32minfo\u001b[39m","message":"{\"method\":\"GET\",\"url\":\"/api/employee/get-employees?organizationId=67869a6a1514145a64988362\",\"status\":\"304\",\"responseTime\":\"362.888\"}","timestamp":"2025-01-16T04:55:39.105Z"}
{"level":"\u001b[32minfo\u001b[39m","message":"{\"method\":\"GET\",\"url\":\"/api/employee/get-employees?organizationId=67869a6a1514145a64988362\",\"status\":\"304\",\"responseTime\":\"194.108\"}","timestamp":"2025-01-16T04:56:14.936Z"}
{"level":"\u001b[32minfo\u001b[39m","message":"{\"method\":\"POST\",\"url\":\"/api/employee/fetch-position\",\"status\":\"200\",\"responseTime\":\"189.785\"}","timestamp":"2025-01-16T04:56:14.940Z"}
{"level":"\u001b[32minfo\u001b[39m","message":"{\"method\":\"GET\",\"url\":\"/api/employee/get-employees?organizationId=67869a6a1514145a64988362\",\"status\":\"304\",\"responseTime\":\"163.454\"}","timestamp":"2025-01-16T04:56:19.815Z"}
{"level":"\u001b[32minfo\u001b[39m","message":"{\"method\":\"GET\",\"url\":\"/api/employee/get-employees?organizationId=67869a6a1514145a64988362\",\"status\":\"304\",\"responseTime\":\"158.484\"}","timestamp":"2025-01-16T04:56:19.998Z"}
{"level":"\u001b[32minfo\u001b[39m","message":"{\"method\":\"POST\",\"url\":\"/api/leave/fetch-leave\",\"status\":\"200\",\"responseTime\":\"171.342\"}","timestamp":"2025-01-16T04:56:20.018Z"}
{"level":"\u001b[32minfo\u001b[39m","message":"{\"method\":\"GET\",\"url\":\"/api/employee/get-employees?organizationId=67869a6a1514145a64988362\",\"status\":\"304\",\"responseTime\":\"185.096\"}","timestamp":"2025-01-16T04:56:20.194Z"}
{"level":"\u001b[32minfo\u001b[39m","message":"{\"method\":\"GET\",\"url\":\"/api/employee/get-employees?organizationId=67869a6a1514145a64988362\",\"status\":\"304\",\"responseTime\":\"183.468\"}","timestamp":"2025-01-16T04:56:20.386Z"}
{"level":"\u001b[32minfo\u001b[39m","message":"{\"method\":\"GET\",\"url\":\"/api/employee/get-employees?organizationId=67869a6a1514145a64988362\",\"status\":\"304\",\"responseTime\":\"57.962\"}","timestamp":"2025-01-16T04:56:20.790Z"}
{"level":"\u001b[32minfo\u001b[39m","message":"{\"method\":\"POST\",\"url\":\"/api/employee/fetch-position\",\"status\":\"200\",\"responseTime\":\"176.849\"}","timestamp":"2025-01-16T04:56:20.915Z"}
{"level":"\u001b[32minfo\u001b[39m","message":"{\"method\":\"GET\",\"url\":\"/api/employee/get-employees?organizationId=67869a6a1514145a64988362\",\"status\":\"304\",\"responseTime\":\"80.781\"}","timestamp":"2025-01-16T04:56:21.854Z"}
{"level":"\u001b[32minfo\u001b[39m","message":"{\"method\":\"POST\",\"url\":\"/api/leave/fetch-leave\",\"status\":\"200\",\"responseTime\":\"192.815\"}","timestamp":"2025-01-16T04:56:22.068Z"}
{"level":"\u001b[32minfo\u001b[39m","message":"{\"method\":\"GET\",\"url\":\"/api/employee/get-employees?organizationId=67869a6a1514145a64988362\",\"status\":\"304\",\"responseTime\":\"288.914\"}","timestamp":"2025-01-16T04:56:22.169Z"}
{"level":"\u001b[32minfo\u001b[39m","message":"{\"method\":\"GET\",\"url\":\"/api/employee/get-employees?organizationId=67869a6a1514145a64988362\",\"status\":\"304\",\"responseTime\":\"297.097\"}","timestamp":"2025-01-16T04:56:22.474Z"}
{"level":"\u001b[32minfo\u001b[39m","message":"{\"method\":\"GET\",\"url\":\"/api/employee/get-employees?organizationId=67869a6a1514145a64988362\",\"status\":\"304\",\"responseTime\":\"165.179\"}","timestamp":"2025-01-16T04:56:22.645Z"}
{"level":"\u001b[32minfo\u001b[39m","message":"{\"method\":\"POST\",\"url\":\"/api/employee/fetch-position\",\"status\":\"200\",\"responseTime\":\"56.483\"}","timestamp":"2025-01-16T04:56:32.274Z"}
{"level":"\u001b[32minfo\u001b[39m","message":"{\"method\":\"GET\",\"url\":\"/api/employee/get-employees?organizationId=67869a6a1514145a64988362\",\"status\":\"304\",\"responseTime\":\"71.399\"}","timestamp":"2025-01-16T04:56:32.281Z"}
{"level":"\u001b[32minfo\u001b[39m","message":"{\"method\":\"POST\",\"url\":\"/api/employee/fetch-position\",\"status\":\"200\",\"responseTime\":\"213.554\"}","timestamp":"2025-01-16T04:56:33.660Z"}
{"level":"\u001b[32minfo\u001b[39m","message":"{\"method\":\"POST\",\"url\":\"/api/employee/update-employee\",\"status\":\"200\",\"responseTime\":\"350.162\"}","timestamp":"2025-01-16T04:56:42.916Z"}
{"level":"\u001b[32minfo\u001b[39m","message":"{\"method\":\"GET\",\"url\":\"/api/employee/get-employees?organizationId=67869a6a1514145a64988362\",\"status\":\"200\",\"responseTime\":\"211.031\"}","timestamp":"2025-01-16T04:56:45.427Z"}
{"level":"\u001b[32minfo\u001b[39m","message":"{\"method\":\"POST\",\"url\":\"/api/employee/fetch-position\",\"status\":\"200\",\"responseTime\":\"209.619\"}","timestamp":"2025-01-16T04:56:45.434Z"}
{"level":"\u001b[32minfo\u001b[39m","message":"{\"method\":\"POST\",\"url\":\"/api/leave/fetch-leave\",\"status\":\"200\",\"responseTime\":\"288.564\"}","timestamp":"2025-01-16T04:57:06.395Z"}
{"level":"\u001b[32minfo\u001b[39m","message":"{\"method\":\"GET\",\"url\":\"/api/attendence/get-attendence?employeeEmail=moideenshacpcp10%40gmail.com\",\"status\":\"304\",\"responseTime\":\"72.208\"}","timestamp":"2025-01-16T04:57:07.786Z"}
{"level":"\u001b[32minfo\u001b[39m","message":"{\"method\":\"GET\",\"url\":\"/api/attendence/get-attendence?employeeEmail=moideenshacpcp10%40gmail.com\",\"status\":\"304\",\"responseTime\":\"206.052\"}","timestamp":"2025-01-16T04:57:08.008Z"}
{"level":"\u001b[32minfo\u001b[39m","message":"{\"method\":\"GET\",\"url\":\"/api/employee/get-employees?organizationId=67869a6a1514145a64988362\",\"status\":\"304\",\"responseTime\":\"136.390\"}","timestamp":"2025-01-16T04:57:09.669Z"}
{"level":"\u001b[32minfo\u001b[39m","message":"{\"method\":\"GET\",\"url\":\"/api/employee/get-employees?organizationId=67869a6a1514145a64988362\",\"status\":\"304\",\"responseTime\":\"853.034\"}","timestamp":"2025-01-16T04:57:10.551Z"}
{"level":"\u001b[32minfo\u001b[39m","message":"{\"method\":\"POST\",\"url\":\"/api/leave/fetch-leave\",\"status\":\"200\",\"responseTime\":\"865.344\"}","timestamp":"2025-01-16T04:57:10.555Z"}
{"level":"\u001b[32minfo\u001b[39m","message":"{\"method\":\"GET\",\"url\":\"/api/employee/get-employees?organizationId=67869a6a1514145a64988362\",\"status\":\"304\",\"responseTime\":\"310.750\"}","timestamp":"2025-01-16T04:57:10.870Z"}
{"level":"\u001b[32minfo\u001b[39m","message":"{\"method\":\"GET\",\"url\":\"/api/employee/get-employees?organizationId=67869a6a1514145a64988362\",\"status\":\"304\",\"responseTime\":\"110.458\"}","timestamp":"2025-01-16T04:57:10.987Z"}
{"level":"\u001b[32minfo\u001b[39m","message":"{\"method\":\"GET\",\"url\":\"/api/employee/get-employees?organizationId=67869a6a1514145a64988362\",\"status\":\"304\",\"responseTime\":\"248.966\"}","timestamp":"2025-01-16T04:57:16.018Z"}
{"level":"\u001b[32minfo\u001b[39m","message":"{\"method\":\"POST\",\"url\":\"/api/employee/fetch-position\",\"status\":\"200\",\"responseTime\":\"242.264\"}","timestamp":"2025-01-16T04:57:16.022Z"}
{"level":"\u001b[32minfo\u001b[39m","message":"{\"method\":\"GET\",\"url\":\"/api/employee/get-employees\",\"status\":\"500\",\"responseTime\":\"26.520\"}","timestamp":"2025-01-16T04:57:21.134Z"}
{"level":"\u001b[32minfo\u001b[39m","message":"{\"method\":\"POST\",\"url\":\"/api/employee/fetch-position\",\"status\":\"400\",\"responseTime\":\"256.147\"}","timestamp":"2025-01-16T04:57:21.394Z"}
{"level":"\u001b[32minfo\u001b[39m","message":"{\"method\":\"POST\",\"url\":\"/api/employee/fetch-position\",\"status\":\"200\",\"responseTime\":\"277.973\"}","timestamp":"2025-01-16T04:57:32.373Z"}
{"level":"\u001b[32minfo\u001b[39m","message":"{\"method\":\"POST\",\"url\":\"/api/employee/update-employee\",\"status\":\"200\",\"responseTime\":\"360.014\"}","timestamp":"2025-01-16T04:57:39.437Z"}
{"level":"\u001b[32minfo\u001b[39m","message":"{\"method\":\"GET\",\"url\":\"/api/employee/get-employees?organizationId=67869a6a1514145a64988362\",\"status\":\"200\",\"responseTime\":\"173.202\"}","timestamp":"2025-01-16T04:57:43.253Z"}
{"level":"\u001b[32minfo\u001b[39m","message":"{\"method\":\"POST\",\"url\":\"/api/employee/fetch-position\",\"status\":\"200\",\"responseTime\":\"179.918\"}","timestamp":"2025-01-16T04:57:43.270Z"}
{"level":"\u001b[32minfo\u001b[39m","message":"{\"method\":\"GET\",\"url\":\"/api/attendence/get-policy?organizationId=67869a6a1514145a64988362\",\"status\":\"304\",\"responseTime\":\"151.086\"}","timestamp":"2025-01-16T04:57:44.626Z"}
{"level":"\u001b[32minfo\u001b[39m","message":"{\"method\":\"GET\",\"url\":\"/api/employee/get-employees?organizationId=67869a6a1514145a64988362\",\"status\":\"304\",\"responseTime\":\"235.981\"}","timestamp":"2025-01-16T04:57:46.401Z"}
{"level":"\u001b[32minfo\u001b[39m","message":"{\"method\":\"POST\",\"url\":\"/api/leave/fetch-leave\",\"status\":\"200\",\"responseTime\":\"234.558\"}","timestamp":"2025-01-16T04:57:46.658Z"}
{"level":"\u001b[32minfo\u001b[39m","message":"{\"method\":\"GET\",\"url\":\"/api/employee/get-employees?organizationId=67869a6a1514145a64988362\",\"status\":\"304\",\"responseTime\":\"322.447\"}","timestamp":"2025-01-16T04:57:46.742Z"}
{"level":"\u001b[32minfo\u001b[39m","message":"{\"method\":\"GET\",\"url\":\"/api/employee/get-employees?organizationId=67869a6a1514145a64988362\",\"status\":\"304\",\"responseTime\":\"197.202\"}","timestamp":"2025-01-16T04:57:46.944Z"}
{"level":"\u001b[32minfo\u001b[39m","message":"{\"method\":\"GET\",\"url\":\"/api/employee/get-employees?organizationId=67869a6a1514145a64988362\",\"status\":\"304\",\"responseTime\":\"444.394\"}","timestamp":"2025-01-16T04:57:47.393Z"}
{"level":"\u001b[32minfo\u001b[39m","message":"{\"method\":\"GET\",\"url\":\"/api/employee/get-employees?organizationId=67869a6a1514145a64988362\",\"status\":\"304\",\"responseTime\":\"133.276\"}","timestamp":"2025-01-16T05:05:37.206Z"}
{"level":"\u001b[32minfo\u001b[39m","message":"{\"method\":\"POST\",\"url\":\"/api/employee/fetch-position\",\"status\":\"200\",\"responseTime\":\"142.592\"}","timestamp":"2025-01-16T05:05:37.222Z"}
{"level":"\u001b[32minfo\u001b[39m","message":"{\"method\":\"GET\",\"url\":\"/api/employee/fetch-EmployeesCount?organizationId=67869a6a1514145a64988362\",\"status\":\"304\",\"responseTime\":\"64.257\"}","timestamp":"2025-01-16T05:05:52.446Z"}
{"level":"\u001b[32minfo\u001b[39m","message":"{\"method\":\"POST\",\"url\":\"/api/employee/fetch-position\",\"status\":\"200\",\"responseTime\":\"63.487\"}","timestamp":"2025-01-16T05:05:53.362Z"}
{"level":"\u001b[32minfo\u001b[39m","message":"{\"method\":\"GET\",\"url\":\"/api/employee/get-employees?organizationId=67869a6a1514145a64988362\",\"status\":\"304\",\"responseTime\":\"87.564\"}","timestamp":"2025-01-16T05:05:53.381Z"}
{"level":"\u001b[32minfo\u001b[39m","message":"{\"method\":\"POST\",\"url\":\"/api/employee/fetch-position\",\"status\":\"200\",\"responseTime\":\"124.705\"}","timestamp":"2025-01-16T05:24:42.922Z"}
{"level":"\u001b[32minfo\u001b[39m","message":"{\"method\":\"GET\",\"url\":\"/api/employee/get-employees?organizationId=67869a6a1514145a64988362\",\"status\":\"200\",\"responseTime\":\"185.592\"}","timestamp":"2025-01-16T05:24:42.935Z"}
{"level":"\u001b[32minfo\u001b[39m","message":"{\"method\":\"POST\",\"url\":\"/api/employee/fetch-position\",\"status\":\"200\",\"responseTime\":\"142.299\"}","timestamp":"2025-01-16T05:25:03.296Z"}
{"level":"\u001b[32minfo\u001b[39m","message":"{\"method\":\"GET\",\"url\":\"/api/employee/get-employees?organizationId=67869a6a1514145a64988362\",\"status\":\"304\",\"responseTime\":\"155.411\"}","timestamp":"2025-01-16T05:25:03.301Z"}
{"level":"\u001b[32minfo\u001b[39m","message":"{\"method\":\"POST\",\"url\":\"/api/employee/fetch-position\",\"status\":\"200\",\"responseTime\":\"49.915\"}","timestamp":"2025-01-16T05:25:04.100Z"}
{"level":"\u001b[32minfo\u001b[39m","message":"{\"method\":\"GET\",\"url\":\"/api/attendence/get-attendence?employeeEmail=moideenshacpcp10%40gmail.com\",\"status\":\"304\",\"responseTime\":\"120.054\"}","timestamp":"2025-01-16T05:25:06.809Z"}
{"level":"\u001b[32minfo\u001b[39m","message":"{\"method\":\"GET\",\"url\":\"/api/employee/get-employees?organizationId=67869a6a1514145a64988362\",\"status\":\"304\",\"responseTime\":\"50.062\"}","timestamp":"2025-01-16T05:25:08.960Z"}
{"level":"\u001b[32minfo\u001b[39m","message":"{\"method\":\"POST\",\"url\":\"/api/employee/fetch-position\",\"status\":\"200\",\"responseTime\":\"69.761\"}","timestamp":"2025-01-16T05:25:08.987Z"}
{"level":"\u001b[32minfo\u001b[39m","message":"{\"method\":\"GET\",\"url\":\"/api/employee/fetch-EmployeesCount?organizationId=67869a6a1514145a64988362\",\"status\":\"304\",\"responseTime\":\"109.482\"}","timestamp":"2025-01-16T05:33:01.347Z"}
{"level":"\u001b[32minfo\u001b[39m","message":"{\"method\":\"GET\",\"url\":\"/api/employee/get-employees?organizationId=67869a6a1514145a64988362\",\"status\":\"304\",\"responseTime\":\"67.978\"}","timestamp":"2025-01-16T05:33:19.619Z"}
{"level":"\u001b[32minfo\u001b[39m","message":"{\"method\":\"POST\",\"url\":\"/api/employee/fetch-position\",\"status\":\"200\",\"responseTime\":\"94.697\"}","timestamp":"2025-01-16T05:33:19.652Z"}
{"level":"\u001b[32minfo\u001b[39m","message":"{\"method\":\"POST\",\"url\":\"/api/employee/fetch-position\",\"status\":\"200\",\"responseTime\":\"64.346\"}","timestamp":"2025-01-16T05:33:20.844Z"}
{"level":"\u001b[32minfo\u001b[39m","message":"{\"method\":\"GET\",\"url\":\"/api/attendence/get-attendence?employeeEmail=moideenshacpcp10%40gmail.com\",\"status\":\"304\",\"responseTime\":\"56.192\"}","timestamp":"2025-01-16T05:33:22.456Z"}
{"level":"\u001b[32minfo\u001b[39m","message":"{\"method\":\"POST\",\"url\":\"/api/employee/fetch-position\",\"status\":\"200\",\"responseTime\":\"68.777\"}","timestamp":"2025-01-16T05:33:25.770Z"}
{"level":"\u001b[32minfo\u001b[39m","message":"{\"method\":\"POST\",\"url\":\"/api/employee/fetch-position\",\"status\":\"401\",\"responseTime\":\"74.799\"}","timestamp":"2025-01-16T06:38:38.441Z"}
{"level":"\u001b[32minfo\u001b[39m","message":"{\"method\":\"POST\",\"url\":\"/api/employee/fetch-position\",\"status\":\"200\",\"responseTime\":\"190.237\"}","timestamp":"2025-01-16T06:38:38.975Z"}
{"level":"\u001b[32minfo\u001b[39m","message":"{\"method\":\"GET\",\"url\":\"/api/employee/get-employees?organizationId=67869a6a1514145a64988362\",\"status\":\"304\",\"responseTime\":\"83.069\"}","timestamp":"2025-01-16T06:41:50.801Z"}
{"level":"\u001b[32minfo\u001b[39m","message":"{\"method\":\"POST\",\"url\":\"/api/employee/fetch-position\",\"status\":\"200\",\"responseTime\":\"76.982\"}","timestamp":"2025-01-16T06:41:50.821Z"}
{"level":"\u001b[32minfo\u001b[39m","message":"{\"method\":\"POST\",\"url\":\"/api/employee/fetch-position\",\"status\":\"200\",\"responseTime\":\"52.308\"}","timestamp":"2025-01-16T06:41:51.885Z"}
{"level":"\u001b[32minfo\u001b[39m","message":"{\"method\":\"GET\",\"url\":\"/api/employee/get-employees?organizationId=67869a6a1514145a64988362\",\"status\":\"304\",\"responseTime\":\"59.525\"}","timestamp":"2025-01-16T06:43:33.959Z"}
{"level":"\u001b[32minfo\u001b[39m","message":"{\"method\":\"GET\",\"url\":\"/api/employee/get-employees?organizationId=67869a6a1514145a64988362\",\"status\":\"304\",\"responseTime\":\"91.300\"}","timestamp":"2025-01-16T06:43:34.074Z"}
{"level":"\u001b[32minfo\u001b[39m","message":"{\"method\":\"POST\",\"url\":\"/api/leave/fetch-leave\",\"status\":\"200\",\"responseTime\":\"116.507\"}","timestamp":"2025-01-16T06:43:34.137Z"}
{"level":"\u001b[32minfo\u001b[39m","message":"{\"method\":\"GET\",\"url\":\"/api/employee/get-employees?organizationId=67869a6a1514145a64988362\",\"status\":\"304\",\"responseTime\":\"77.293\"}","timestamp":"2025-01-16T06:43:34.290Z"}
{"level":"\u001b[32minfo\u001b[39m","message":"{\"method\":\"GET\",\"url\":\"/api/employee/get-employees?organizationId=67869a6a1514145a64988362\",\"status\":\"304\",\"responseTime\":\"90.358\"}","timestamp":"2025-01-16T06:43:34.410Z"}
{"level":"\u001b[32minfo\u001b[39m","message":"{\"method\":\"GET\",\"url\":\"/api/employee/get-employees?organizationId=67869a6a1514145a64988362\",\"status\":\"304\",\"responseTime\":\"68.565\"}","timestamp":"2025-01-16T06:43:42.294Z"}
{"level":"\u001b[32minfo\u001b[39m","message":"{\"method\":\"GET\",\"url\":\"/api/employee/get-employees?organizationId=67869a6a1514145a64988362\",\"status\":\"304\",\"responseTime\":\"120.588\"}","timestamp":"2025-01-16T06:43:46.403Z"}
{"level":"\u001b[32minfo\u001b[39m","message":"{\"method\":\"GET\",\"url\":\"/api/attendence/get-policy?organizationId=67869a6a1514145a64988362\",\"status\":\"304\",\"responseTime\":\"155.734\"}","timestamp":"2025-01-16T06:43:48.564Z"}
{"level":"\u001b[32minfo\u001b[39m","message":"{\"method\":\"GET\",\"url\":\"/api/employee/get-employees?organizationId=67869a6a1514145a64988362\",\"status\":\"304\",\"responseTime\":\"47.048\"}","timestamp":"2025-01-16T06:43:51.049Z"}
{"level":"\u001b[32minfo\u001b[39m","message":"{\"method\":\"GET\",\"url\":\"/api/employee/get-employees?organizationId=67869a6a1514145a64988362\",\"status\":\"304\",\"responseTime\":\"57.380\"}","timestamp":"2025-01-16T06:43:51.121Z"}
{"level":"\u001b[32minfo\u001b[39m","message":"{\"method\":\"POST\",\"url\":\"/api/leave/fetch-leave\",\"status\":\"200\",\"responseTime\":\"63.514\"}","timestamp":"2025-01-16T06:43:51.132Z"}
{"level":"\u001b[32minfo\u001b[39m","message":"{\"method\":\"GET\",\"url\":\"/api/employee/get-employees?organizationId=67869a6a1514145a64988362\",\"status\":\"304\",\"responseTime\":\"155.971\"}","timestamp":"2025-01-16T06:43:51.282Z"}
{"level":"\u001b[32minfo\u001b[39m","message":"{\"method\":\"GET\",\"url\":\"/api/employee/get-employees?organizationId=67869a6a1514145a64988362\",\"status\":\"304\",\"responseTime\":\"63.281\"}","timestamp":"2025-01-16T06:43:51.352Z"}
{"level":"\u001b[32minfo\u001b[39m","message":"{\"method\":\"GET\",\"url\":\"/api/employee/get-employees?organizationId=67869a6a1514145a64988362\",\"status\":\"304\",\"responseTime\":\"52.623\"}","timestamp":"2025-01-16T06:48:31.428Z"}
{"level":"\u001b[32minfo\u001b[39m","message":"{\"method\":\"POST\",\"url\":\"/api/employee/fetch-position\",\"status\":\"200\",\"responseTime\":\"65.064\"}","timestamp":"2025-01-16T06:48:31.458Z"}
{"level":"\u001b[32minfo\u001b[39m","message":"{\"method\":\"GET\",\"url\":\"/api/employee/fetch-EmployeesCount?organizationId=67869a6a1514145a64988362\",\"status\":\"304\",\"responseTime\":\"51.938\"}","timestamp":"2025-01-16T06:48:51.636Z"}
{"level":"\u001b[32minfo\u001b[39m","message":"{\"method\":\"GET\",\"url\":\"/api/employee/get-employees?organizationId=67869a6a1514145a64988362\",\"status\":\"304\",\"responseTime\":\"58.539\"}","timestamp":"2025-01-16T06:49:13.733Z"}
{"level":"\u001b[32minfo\u001b[39m","message":"{\"method\":\"POST\",\"url\":\"/api/employee/fetch-position\",\"status\":\"200\",\"responseTime\":\"58.450\"}","timestamp":"2025-01-16T06:49:13.743Z"}
{"level":"\u001b[32minfo\u001b[39m","message":"{\"method\":\"GET\",\"url\":\"/api/employee/fetch-EmployeesCount?organizationId=67869a6a1514145a64988362\",\"status\":\"304\",\"responseTime\":\"167.063\"}","timestamp":"2025-01-16T06:49:16.753Z"}
{"level":"\u001b[32minfo\u001b[39m","message":"{\"method\":\"POST\",\"url\":\"/api/employee/fetch-position\",\"status\":\"200\",\"responseTime\":\"628.982\"}","timestamp":"2025-01-16T06:49:18.990Z"}
{"level":"\u001b[32minfo\u001b[39m","message":"{\"method\":\"GET\",\"url\":\"/api/employee/get-employees?organizationId=67869a6a1514145a64988362\",\"status\":\"304\",\"responseTime\":\"626.969\"}","timestamp":"2025-01-16T06:49:18.993Z"}
{"level":"\u001b[32minfo\u001b[39m","message":"{\"method\":\"GET\",\"url\":\"/api/employee/fetch-EmployeesCount?organizationId=67869a6a1514145a64988362\",\"status\":\"304\",\"responseTime\":\"173.142\"}","timestamp":"2025-01-16T06:49:20.352Z"}
{"level":"\u001b[32minfo\u001b[39m","message":"{\"method\":\"GET\",\"url\":\"/api/employee/get-employees?organizationId=67869a6a1514145a64988362\",\"status\":\"304\",\"responseTime\":\"98.192\"}","timestamp":"2025-01-16T06:49:25.071Z"}
{"level":"\u001b[32minfo\u001b[39m","message":"{\"method\":\"POST\",\"url\":\"/api/employee/fetch-position\",\"status\":\"200\",\"responseTime\":\"300.844\"}","timestamp":"2025-01-16T06:49:25.285Z"}
{"level":"\u001b[32minfo\u001b[39m","message":"{\"method\":\"GET\",\"url\":\"/api/attendence/get-attendence?employeeEmail=moideenshacpcp10%40gmail.com\",\"status\":\"304\",\"responseTime\":\"122.223\"}","timestamp":"2025-01-16T07:04:40.149Z"}
{"level":"\u001b[32minfo\u001b[39m","message":"{\"method\":\"GET\",\"url\":\"/api/attendence/get-attendence?employeeEmail=moideenshacpcp10%40gmail.com\",\"status\":\"304\",\"responseTime\":\"146.920\"}","timestamp":"2025-01-16T07:04:40.306Z"}
{"level":"\u001b[32minfo\u001b[39m","message":"{\"method\":\"POST\",\"url\":\"/api/leave/fetch-leave\",\"status\":\"200\",\"responseTime\":\"213.457\"}","timestamp":"2025-01-16T07:04:48.504Z"}
{"level":"\u001b[32minfo\u001b[39m","message":"{\"method\":\"POST\",\"url\":\"/api/leave/fetch-leave\",\"status\":\"200\",\"responseTime\":\"148.733\"}","timestamp":"2025-01-16T07:30:16.437Z"}
{"level":"\u001b[32minfo\u001b[39m","message":"{\"method\":\"POST\",\"url\":\"/api/leave/fetch-leave\",\"status\":\"200\",\"responseTime\":\"320.755\"}","timestamp":"2025-01-16T07:31:12.122Z"}
{"level":"\u001b[32minfo\u001b[39m","message":"{\"method\":\"GET\",\"url\":\"/api/attendence/get-attendence?employeeEmail=moideenshacpcp10%40gmail.com\",\"status\":\"304\",\"responseTime\":\"326.272\"}","timestamp":"2025-01-16T07:31:13.783Z"}
{"level":"\u001b[32minfo\u001b[39m","message":"{\"method\":\"GET\",\"url\":\"/api/attendence/get-attendence?employeeEmail=moideenshacpcp10%40gmail.com\",\"status\":\"304\",\"responseTime\":\"320.791\"}","timestamp":"2025-01-16T07:31:14.120Z"}
{"level":"\u001b[32minfo\u001b[39m","message":"{\"method\":\"POST\",\"url\":\"/api/leave/fetch-leave\",\"status\":\"200\",\"responseTime\":\"228.698\"}","timestamp":"2025-01-16T07:31:15.655Z"}
{"level":"\u001b[32minfo\u001b[39m","message":"{\"method\":\"GET\",\"url\":\"/api/employee/fetch-EmployeesCount?organizationId=67869a6a1514145a64988362\",\"status\":\"304\",\"responseTime\":\"82.830\"}","timestamp":"2025-01-16T07:31:48.029Z"}
{"level":"\u001b[32minfo\u001b[39m","message":"{\"method\":\"GET\",\"url\":\"/api/employee/get-employees?organizationId=67869a6a1514145a64988362\",\"status\":\"304\",\"responseTime\":\"48.031\"}","timestamp":"2025-01-16T07:32:01.298Z"}
{"level":"\u001b[32minfo\u001b[39m","message":"{\"method\":\"POST\",\"url\":\"/api/employee/fetch-position\",\"status\":\"200\",\"responseTime\":\"73.370\"}","timestamp":"2025-01-16T07:32:01.332Z"}
{"level":"\u001b[32minfo\u001b[39m","message":"{\"method\":\"POST\",\"url\":\"/api/employee/fetch-position\",\"status\":\"200\",\"responseTime\":\"147.692\"}","timestamp":"2025-01-16T07:40:24.964Z"}
{"level":"\u001b[32minfo\u001b[39m","message":"{\"method\":\"POST\",\"url\":\"/api/employee/update-employee\",\"status\":\"200\",\"responseTime\":\"509.146\"}","timestamp":"2025-01-16T07:40:31.194Z"}
{"level":"\u001b[32minfo\u001b[39m","message":"{\"method\":\"POST\",\"url\":\"/api/employee/fetch-position\",\"status\":\"200\",\"responseTime\":\"82.718\"}","timestamp":"2025-01-16T07:40:50.375Z"}
{"level":"\u001b[32minfo\u001b[39m","message":"{\"method\":\"POST\",\"url\":\"/api/leave/fetch-leave\",\"status\":\"200\",\"responseTime\":\"65.860\"}","timestamp":"2025-01-16T07:40:52.132Z"}
{"level":"\u001b[32minfo\u001b[39m","message":"{\"method\":\"POST\",\"url\":\"/api/employee/fetch-position\",\"status\":\"200\",\"responseTime\":\"93.188\"}","timestamp":"2025-01-16T07:40:53.552Z"}
{"level":"\u001b[32minfo\u001b[39m","message":"{\"method\":\"GET\",\"url\":\"/api/employee/get-employees?organizationId=67869a6a1514145a64988362\",\"status\":\"200\",\"responseTime\":\"93.817\"}","timestamp":"2025-01-16T07:40:53.562Z"}
{"level":"\u001b[32minfo\u001b[39m","message":"{\"method\":\"POST\",\"url\":\"/api/employee/fetch-position\",\"status\":\"200\",\"responseTime\":\"55.640\"}","timestamp":"2025-01-16T07:40:55.133Z"}
{"level":"\u001b[32minfo\u001b[39m","message":"{\"method\":\"POST\",\"url\":\"/api/employee/update-employee\",\"status\":\"200\",\"responseTime\":\"81.494\"}","timestamp":"2025-01-16T07:40:59.179Z"}
{"level":"\u001b[32minfo\u001b[39m","message":"{\"method\":\"GET\",\"url\":\"/api/employee/get-employees?organizationId=67869a6a1514145a64988362\",\"status\":\"200\",\"responseTime\":\"51.497\"}","timestamp":"2025-01-16T07:41:05.785Z"}
{"level":"\u001b[32minfo\u001b[39m","message":"{\"method\":\"POST\",\"url\":\"/api/employee/fetch-position\",\"status\":\"200\",\"responseTime\":\"64.477\"}","timestamp":"2025-01-16T07:41:05.808Z"}
{"level":"\u001b[32minfo\u001b[39m","message":"{\"method\":\"POST\",\"url\":\"/api/employee/fetch-position\",\"status\":\"200\",\"responseTime\":\"136.568\"}","timestamp":"2025-01-16T07:41:06.885Z"}
{"level":"\u001b[32minfo\u001b[39m","message":"{\"method\":\"POST\",\"url\":\"/api/employee/update-employee\",\"status\":\"200\",\"responseTime\":\"62.981\"}","timestamp":"2025-01-16T07:41:17.283Z"}
{"level":"\u001b[32minfo\u001b[39m","message":"{\"method\":\"POST\",\"url\":\"/api/employee/update-employee\",\"status\":\"200\",\"responseTime\":\"72.055\"}","timestamp":"2025-01-16T07:41:23.404Z"}
{"level":"\u001b[32minfo\u001b[39m","message":"{\"method\":\"POST\",\"url\":\"/api/employee/fetch-position\",\"status\":\"200\",\"responseTime\":\"51.431\"}","timestamp":"2025-01-16T07:43:05.837Z"}
{"level":"\u001b[32minfo\u001b[39m","message":"{\"method\":\"GET\",\"url\":\"/api/employee/fetch-EmployeesCount?organizationId=67869a6a1514145a64988362\",\"status\":\"304\",\"responseTime\":\"89.087\"}","timestamp":"2025-01-16T07:43:14.071Z"}
{"level":"\u001b[32minfo\u001b[39m","message":"{\"method\":\"GET\",\"url\":\"/api/employee/get-employees?organizationId=67869a6a1514145a64988362\",\"status\":\"304\",\"responseTime\":\"84.349\"}","timestamp":"2025-01-16T07:43:14.921Z"}
{"level":"\u001b[32minfo\u001b[39m","message":"{\"method\":\"POST\",\"url\":\"/api/employee/fetch-position\",\"status\":\"200\",\"responseTime\":\"82.261\"}","timestamp":"2025-01-16T07:43:14.925Z"}
{"level":"\u001b[32minfo\u001b[39m","message":"{\"method\":\"POST\",\"url\":\"/api/employee/fetch-position\",\"status\":\"200\",\"responseTime\":\"63.279\"}","timestamp":"2025-01-16T07:43:15.885Z"}
{"level":"\u001b[32minfo\u001b[39m","message":"{\"method\":\"POST\",\"url\":\"/api/employee/update-employee\",\"status\":\"200\",\"responseTime\":\"66.907\"}","timestamp":"2025-01-16T07:43:20.072Z"}
{"level":"\u001b[32minfo\u001b[39m","message":"{\"method\":\"POST\",\"url\":\"/api/employee/update-employee\",\"status\":\"200\",\"responseTime\":\"96.677\"}","timestamp":"2025-01-16T07:43:25.426Z"}
{"level":"\u001b[32minfo\u001b[39m","message":"{\"method\":\"GET\",\"url\":\"/api/attendence/get-attendence?employeeEmail=moideenshacpcp10%40gmail.com\",\"status\":\"304\",\"responseTime\":\"93.872\"}","timestamp":"2025-01-16T07:43:38.821Z"}
{"level":"\u001b[32minfo\u001b[39m","message":"{\"method\":\"GET\",\"url\":\"/api/employee/get-employees?organizationId=67869a6a1514145a64988362\",\"status\":\"304\",\"responseTime\":\"58.616\"}","timestamp":"2025-01-16T07:43:51.716Z"}
{"level":"\u001b[32minfo\u001b[39m","message":"{\"method\":\"GET\",\"url\":\"/api/employee/get-employees?organizationId=67869a6a1514145a64988362\",\"status\":\"304\",\"responseTime\":\"51.911\"}","timestamp":"2025-01-16T07:43:51.799Z"}
{"level":"\u001b[32minfo\u001b[39m","message":"{\"method\":\"POST\",\"url\":\"/api/leave/fetch-leave\",\"status\":\"200\",\"responseTime\":\"66.183\"}","timestamp":"2025-01-16T07:43:51.823Z"}
{"level":"\u001b[32minfo\u001b[39m","message":"{\"method\":\"GET\",\"url\":\"/api/employee/get-employees?organizationId=67869a6a1514145a64988362\",\"status\":\"304\",\"responseTime\":\"52.947\"}","timestamp":"2025-01-16T07:43:51.862Z"}
{"level":"\u001b[32minfo\u001b[39m","message":"{\"method\":\"GET\",\"url\":\"/api/employee/get-employees?organizationId=67869a6a1514145a64988362\",\"status\":\"304\",\"responseTime\":\"98.431\"}","timestamp":"2025-01-16T07:43:51.970Z"}
{"level":"\u001b[32minfo\u001b[39m","message":"{\"method\":\"GET\",\"url\":\"/api/attendence/get-policy?organizationId=67869a6a1514145a64988362\",\"status\":\"304\",\"responseTime\":\"59.228\"}","timestamp":"2025-01-16T07:43:56.935Z"}
{"level":"\u001b[32minfo\u001b[39m","message":"{\"method\":\"POST\",\"url\":\"/api/leave/fetch-leave\",\"status\":\"401\",\"responseTime\":\"2.473\"}","timestamp":"2025-01-16T08:47:09.562Z"}
{"level":"\u001b[32minfo\u001b[39m","message":"{\"method\":\"GET\",\"url\":\"/api/employee/fetch-EmployeesCount?organizationId=67869a6a1514145a64988362\",\"status\":\"304\",\"responseTime\":\"496.717\"}","timestamp":"2025-01-16T09:21:23.681Z"}
