{"level":"\u001b[32minfo\u001b[39m","message":"{\"method\":\"GET\",\"url\":\"/api/employee/fetch-EmployeesCount?organizationId=67869a6a1514145a64988362\",\"status\":\"401\",\"responseTime\":\"9.970\"}","timestamp":"2025-02-13T04:17:31.789Z"}
{"level":"\u001b[32minfo\u001b[39m","message":"{\"method\":\"GET\",\"url\":\"/api/employee/fetch-EmployeesCount?organizationId=67869a6a1514145a64988362\",\"status\":\"304\",\"responseTime\":\"222.892\"}","timestamp":"2025-02-13T04:17:32.886Z"}
{"level":"\u001b[32minfo\u001b[39m","message":"{\"method\":\"GET\",\"url\":\"/api/employee/fetch-employeesById?employeeIds[]=67a44a73314f8fe8e568bd61&employeeIds[]=67a44aaa314f8fe8e568bd64&employeeIds[]=67a44a46314f8fe8e568bd5e\",\"status\":\"304\",\"responseTime\":\"251.847\"}","timestamp":"2025-02-13T04:19:21.345Z"}
{"level":"\u001b[32minfo\u001b[39m","message":"{\"method\":\"GET\",\"url\":\"/api/employee/fetch-employeesById?employeeIds[]=67a44a46314f8fe8e568bd5e&employeeIds[]=67a44aaa314f8fe8e568bd64&employeeIds[]=67a44a73314f8fe8e568bd61\",\"status\":\"304\",\"responseTime\":\"1193.563\"}","timestamp":"2025-02-13T04:19:23.201Z"}
{"level":"\u001b[32minfo\u001b[39m","message":"{\"method\":\"GET\",\"url\":\"/api/employee/fetch-employeesById?employeeIds[]=67a44a46314f8fe8e568bd5e&employeeIds[]=67a44aaa314f8fe8e568bd64\",\"status\":\"304\",\"responseTime\":\"141.455\"}","timestamp":"2025-02-13T04:19:23.940Z"}
{"level":"\u001b[32minfo\u001b[39m","message":"{\"method\":\"GET\",\"url\":\"/api/employee/fetch-employeesById?employeeIds[]=67a44a73314f8fe8e568bd61&employeeIds[]=67a44aaa314f8fe8e568bd64&employeeIds[]=67a44a46314f8fe8e568bd5e\",\"status\":\"304\",\"responseTime\":\"102.548\"}","timestamp":"2025-02-13T04:19:32.043Z"}
{"level":"\u001b[32minfo\u001b[39m","message":"{\"method\":\"GET\",\"url\":\"/api/employee/get-employees?organizationId=67869a6a1514145a64988362\",\"status\":\"304\",\"responseTime\":\"564.734\"}","timestamp":"2025-02-13T04:19:32.050Z"}
{"level":"\u001b[32minfo\u001b[39m","message":"{\"method\":\"GET\",\"url\":\"/api/employee/fetch-employeesById?employeeIds[]=67a44a73314f8fe8e568bd61&employeeIds[]=67a44aaa314f8fe8e568bd64&employeeIds[]=67a44a46314f8fe8e568bd5e\",\"status\":\"304\",\"responseTime\":\"123.657\"}","timestamp":"2025-02-13T04:19:43.085Z"}
{"level":"\u001b[32minfo\u001b[39m","message":"{\"method\":\"GET\",\"url\":\"/api/employee/fetch-employeesById?employeeIds[]=67a44a46314f8fe8e568bd5e&employeeIds[]=67a44aaa314f8fe8e568bd64&employeeIds[]=67a44a73314f8fe8e568bd61\",\"status\":\"304\",\"responseTime\":\"160.507\"}","timestamp":"2025-02-13T04:19:43.525Z"}
{"level":"\u001b[32minfo\u001b[39m","message":"{\"method\":\"GET\",\"url\":\"/api/employee/fetch-employeesById?employeeIds[]=67a44a46314f8fe8e568bd5e&employeeIds[]=67a44aaa314f8fe8e568bd64\",\"status\":\"304\",\"responseTime\":\"204.838\"}","timestamp":"2025-02-13T04:19:44.073Z"}
{"level":"\u001b[32minfo\u001b[39m","message":"{\"method\":\"GET\",\"url\":\"/api/employee/fetch-employeesById?employeeIds[]=67a44a46314f8fe8e568bd5e&employeeIds[]=67a44aaa314f8fe8e568bd64&employeeIds[]=67a44a73314f8fe8e568bd61\",\"status\":\"304\",\"responseTime\":\"261.579\"}","timestamp":"2025-02-13T04:20:08.887Z"}
{"level":"\u001b[32minfo\u001b[39m","message":"{\"method\":\"GET\",\"url\":\"/api/employee/fetch-employeesById?employeeIds[]=67a44a46314f8fe8e568bd5e&employeeIds[]=67a44aaa314f8fe8e568bd64\",\"status\":\"304\",\"responseTime\":\"103.105\"}","timestamp":"2025-02-13T04:20:09.161Z"}
{"level":"\u001b[32minfo\u001b[39m","message":"{\"method\":\"GET\",\"url\":\"/api/employee/fetch-employeesById?employeeIds[]=67a44a46314f8fe8e568bd5e\",\"status\":\"304\",\"responseTime\":\"253.751\"}","timestamp":"2025-02-13T04:20:13.192Z"}
{"level":"\u001b[32minfo\u001b[39m","message":"{\"method\":\"GET\",\"url\":\"/api/employee/get-employees?organizationId=67869a6a1514145a64988362\",\"status\":\"401\",\"responseTime\":\"3.926\"}","timestamp":"2025-02-13T04:20:32.091Z"}
{"level":"\u001b[32minfo\u001b[39m","message":"{\"method\":\"GET\",\"url\":\"/api/employee/get-employees?organizationId=67869a6a1514145a64988362\",\"status\":\"304\",\"responseTime\":\"319.521\"}","timestamp":"2025-02-13T04:20:32.671Z"}
{"level":"\u001b[32minfo\u001b[39m","message":"{\"method\":\"GET\",\"url\":\"/api/employee/fetch-employeesById?employeeIds[]=67a44a73314f8fe8e568bd61&employeeIds[]=67a44aaa314f8fe8e568bd64&employeeIds[]=67a44a46314f8fe8e568bd5e\",\"status\":\"304\",\"responseTime\":\"192.115\"}","timestamp":"2025-02-13T04:20:32.683Z"}
{"level":"\u001b[32minfo\u001b[39m","message":"{\"method\":\"GET\",\"url\":\"/api/employee/get-employees?organizationId=67869a6a1514145a64988362\",\"status\":\"401\",\"responseTime\":\"9.960\"}","timestamp":"2025-02-13T04:46:07.771Z"}
{"level":"\u001b[32minfo\u001b[39m","message":"{\"method\":\"GET\",\"url\":\"/api/employee/get-employees?organizationId=67869a6a1514145a64988362\",\"status\":\"304\",\"responseTime\":\"3252.819\"}","timestamp":"2025-02-13T04:46:13.396Z"}
{"level":"\u001b[32minfo\u001b[39m","message":"{\"method\":\"GET\",\"url\":\"/api/employee/fetch-employeesById?employeeIds[]=67a44a73314f8fe8e568bd61&employeeIds[]=67a44aaa314f8fe8e568bd64&employeeIds[]=67a44a46314f8fe8e568bd5e\",\"status\":\"304\",\"responseTime\":\"758.468\"}","timestamp":"2025-02-13T04:46:16.819Z"}
{"level":"\u001b[32minfo\u001b[39m","message":"{\"method\":\"GET\",\"url\":\"/api/employee/get-employees?organizationId=67869a6a1514145a64988362\",\"status\":\"401\",\"responseTime\":\"12.072\"}","timestamp":"2025-02-13T04:53:31.393Z"}
{"level":"\u001b[32minfo\u001b[39m","message":"{\"method\":\"GET\",\"url\":\"/api/employee/get-employees?organizationId=67869a6a1514145a64988362\",\"status\":\"304\",\"responseTime\":\"1031.002\"}","timestamp":"2025-02-13T04:53:34.037Z"}
{"level":"\u001b[32minfo\u001b[39m","message":"{\"method\":\"GET\",\"url\":\"/api/employee/fetch-employeesById?employeeIds[]=67a44a73314f8fe8e568bd61&employeeIds[]=67a44aaa314f8fe8e568bd64&employeeIds[]=67a44a46314f8fe8e568bd5e\",\"status\":\"304\",\"responseTime\":\"122.210\"}","timestamp":"2025-02-13T04:53:34.674Z"}
{"level":"\u001b[32minfo\u001b[39m","message":"{\"method\":\"GET\",\"url\":\"/api/employee/get-employees?organizationId=67869a6a1514145a64988362\",\"status\":\"401\",\"responseTime\":\"9.298\"}","timestamp":"2025-02-13T04:55:20.206Z"}
{"level":"\u001b[32minfo\u001b[39m","message":"{\"method\":\"GET\",\"url\":\"/api/employee/get-employees?organizationId=67869a6a1514145a64988362\",\"status\":\"304\",\"responseTime\":\"1589.656\"}","timestamp":"2025-02-13T04:55:22.648Z"}
{"level":"\u001b[32minfo\u001b[39m","message":"{\"method\":\"GET\",\"url\":\"/api/employee/fetch-employeesById?employeeIds[]=67a44a73314f8fe8e568bd61&employeeIds[]=67a44aaa314f8fe8e568bd64&employeeIds[]=67a44a46314f8fe8e568bd5e\",\"status\":\"304\",\"responseTime\":\"722.110\"}","timestamp":"2025-02-13T04:55:26.536Z"}
{"level":"\u001b[32minfo\u001b[39m","message":"{\"method\":\"GET\",\"url\":\"/api/employee/fetch-employeesById?employeeIds[]=67a44a46314f8fe8e568bd5e&employeeIds[]=67a44aaa314f8fe8e568bd64&employeeIds[]=67a44a73314f8fe8e568bd61\",\"status\":\"304\",\"responseTime\":\"339.614\"}","timestamp":"2025-02-13T04:55:27.501Z"}
{"level":"\u001b[32minfo\u001b[39m","message":"{\"method\":\"GET\",\"url\":\"/api/employee/get-employees?organizationId=67869a6a1514145a64988362\",\"status\":\"304\",\"responseTime\":\"818.246\"}","timestamp":"2025-02-13T04:55:28.689Z"}
{"level":"\u001b[32minfo\u001b[39m","message":"{\"method\":\"GET\",\"url\":\"/api/employee/fetch-employeesById?employeeIds[]=67a44a46314f8fe8e568bd5e&employeeIds[]=67a44aaa314f8fe8e568bd64\",\"status\":\"304\",\"responseTime\":\"2045.537\"}","timestamp":"2025-02-13T04:55:30.004Z"}
{"level":"\u001b[32minfo\u001b[39m","message":"{\"method\":\"GET\",\"url\":\"/api/employee/fetch-employeesById?employeeIds[]=67a44a73314f8fe8e568bd61&employeeIds[]=67a44aaa314f8fe8e568bd64&employeeIds[]=67a44a46314f8fe8e568bd5e\",\"status\":\"304\",\"responseTime\":\"2612.804\"}","timestamp":"2025-02-13T04:55:30.880Z"}
{"level":"\u001b[32minfo\u001b[39m","message":"{\"method\":\"GET\",\"url\":\"/api/employee/fetch-employeesById?employeeIds[]=67a44a73314f8fe8e568bd61&employeeIds[]=67a44aaa314f8fe8e568bd64&employeeIds[]=67a44a46314f8fe8e568bd5e\",\"status\":\"304\",\"responseTime\":\"306.135\"}","timestamp":"2025-02-13T05:05:50.752Z"}
{"level":"\u001b[32minfo\u001b[39m","message":"{\"method\":\"GET\",\"url\":\"/api/employee/fetch-employeesById?employeeIds[]=67a44a73314f8fe8e568bd61&employeeIds[]=67a44aaa314f8fe8e568bd64&employeeIds[]=67a44a46314f8fe8e568bd5e\",\"status\":\"304\",\"responseTime\":\"339.036\"}","timestamp":"2025-02-13T05:05:51.195Z"}
{"level":"\u001b[32minfo\u001b[39m","message":"{\"method\":\"GET\",\"url\":\"/api/employee/get-employees?organizationId=67869a6a1514145a64988362\",\"status\":\"304\",\"responseTime\":\"641.223\"}","timestamp":"2025-02-13T05:05:51.367Z"}
{"level":"\u001b[32minfo\u001b[39m","message":"{\"method\":\"GET\",\"url\":\"/api/employee/get-employees?organizationId=67869a6a1514145a64988362\",\"status\":\"401\",\"responseTime\":\"4.163\"}","timestamp":"2025-02-13T05:43:14.745Z"}
{"level":"\u001b[32minfo\u001b[39m","message":"{\"method\":\"GET\",\"url\":\"/api/employee/get-employees?organizationId=67869a6a1514145a64988362\",\"status\":\"304\",\"responseTime\":\"497.796\"}","timestamp":"2025-02-13T05:43:16.319Z"}
{"level":"\u001b[32minfo\u001b[39m","message":"{\"method\":\"GET\",\"url\":\"/api/employee/fetch-employeesById?employeeIds[]=67a44a73314f8fe8e568bd61&employeeIds[]=67a44aaa314f8fe8e568bd64&employeeIds[]=67a44a46314f8fe8e568bd5e\",\"status\":\"304\",\"responseTime\":\"401.260\"}","timestamp":"2025-02-13T05:43:16.711Z"}
{"level":"\u001b[32minfo\u001b[39m","message":"{\"method\":\"GET\",\"url\":\"/api/employee/fetch-EmployeesCount?organizationId=67869a6a1514145a64988362\",\"status\":\"304\",\"responseTime\":\"745.907\"}","timestamp":"2025-02-13T05:46:13.177Z"}
{"level":"\u001b[32minfo\u001b[39m","message":"{\"method\":\"GET\",\"url\":\"/api/employee/get-employees?organizationId=67869a6a1514145a64988362&page=1&pageSize=2\",\"status\":\"304\",\"responseTime\":\"154.950\"}","timestamp":"2025-02-13T05:46:18.617Z"}
{"level":"\u001b[32minfo\u001b[39m","message":"{\"method\":\"GET\",\"url\":\"/api/employee/fetch-position?organizationId=67869a6a1514145a64988362\",\"status\":\"304\",\"responseTime\":\"418.531\"}","timestamp":"2025-02-13T05:46:18.887Z"}
{"level":"\u001b[32minfo\u001b[39m","message":"{\"method\":\"GET\",\"url\":\"/api/employee/get-employees?organizationId=67869a6a1514145a64988362\",\"status\":\"304\",\"responseTime\":\"190.610\"}","timestamp":"2025-02-13T05:46:20.142Z"}
{"level":"\u001b[32minfo\u001b[39m","message":"{\"method\":\"GET\",\"url\":\"/api/employee/get-employees?organizationId=67869a6a1514145a64988362\",\"status\":\"304\",\"responseTime\":\"155.049\"}","timestamp":"2025-02-13T05:46:20.318Z"}
{"level":"\u001b[32minfo\u001b[39m","message":"{\"method\":\"GET\",\"url\":\"/api/employee/get-employees?organizationId=67869a6a1514145a64988362\",\"status\":\"304\",\"responseTime\":\"118.910\"}","timestamp":"2025-02-13T05:46:20.450Z"}
{"level":"\u001b[32minfo\u001b[39m","message":"{\"method\":\"GET\",\"url\":\"/api/leave/fetch-remainingLeaves?organizationId=67869a6a1514145a64988362&employeeEmail=moideenshacpcp10%40gmail.com\",\"status\":\"304\",\"responseTime\":\"306.185\"}","timestamp":"2025-02-13T05:46:20.478Z"}
{"level":"\u001b[32minfo\u001b[39m","message":"{\"method\":\"GET\",\"url\":\"/api/employee/get-employees?organizationId=67869a6a1514145a64988362\",\"status\":\"304\",\"responseTime\":\"117.263\"}","timestamp":"2025-02-13T05:46:20.624Z"}
{"level":"\u001b[32minfo\u001b[39m","message":"{\"method\":\"GET\",\"url\":\"/api/leave/fetch-leave?employeeEmail=moideenshacpcp10%40gmail.com\",\"status\":\"304\",\"responseTime\":\"480.262\"}","timestamp":"2025-02-13T05:46:20.664Z"}
{"level":"\u001b[32minfo\u001b[39m","message":"{\"method\":\"GET\",\"url\":\"/api/employee/get-employees?organizationId=67869a6a1514145a64988362\",\"status\":\"304\",\"responseTime\":\"136.195\"}","timestamp":"2025-02-13T05:46:20.849Z"}
{"level":"\u001b[32minfo\u001b[39m","message":"{\"method\":\"GET\",\"url\":\"/api/employee/get-employees?organizationId=67869a6a1514145a64988362\",\"status\":\"304\",\"responseTime\":\"116.486\"}","timestamp":"2025-02-13T05:46:23.003Z"}
{"level":"\u001b[32minfo\u001b[39m","message":"{\"method\":\"GET\",\"url\":\"/api/employee/fetch-employeesById?employeeIds[]=67a44a73314f8fe8e568bd61&employeeIds[]=67a44aaa314f8fe8e568bd64&employeeIds[]=67a44a46314f8fe8e568bd5e\",\"status\":\"304\",\"responseTime\":\"74.532\"}","timestamp":"2025-02-13T05:46:23.066Z"}
{"level":"\u001b[32minfo\u001b[39m","message":"{\"method\":\"GET\",\"url\":\"/api/employee/fetch-employeesById?employeeIds[]=67a44a73314f8fe8e568bd61&employeeIds[]=67a44aaa314f8fe8e568bd64&employeeIds[]=67a44a46314f8fe8e568bd5e\",\"status\":\"304\",\"responseTime\":\"64.407\"}","timestamp":"2025-02-13T05:46:27.687Z"}
{"level":"\u001b[32minfo\u001b[39m","message":"{\"method\":\"GET\",\"url\":\"/api/employee/fetch-employeesById?employeeIds[]=67a44a46314f8fe8e568bd5e&employeeIds[]=67a44aaa314f8fe8e568bd64&employeeIds[]=67a44a73314f8fe8e568bd61\",\"status\":\"304\",\"responseTime\":\"59.538\"}","timestamp":"2025-02-13T05:46:27.921Z"}
{"level":"\u001b[32minfo\u001b[39m","message":"{\"method\":\"GET\",\"url\":\"/api/employee/fetch-employeesById?employeeIds[]=67a44a46314f8fe8e568bd5e&employeeIds[]=67a44aaa314f8fe8e568bd64\",\"status\":\"304\",\"responseTime\":\"65.551\"}","timestamp":"2025-02-13T05:46:28.139Z"}
{"level":"\u001b[32minfo\u001b[39m","message":"{\"method\":\"GET\",\"url\":\"/api/employee/get-employees?organizationId=67869a6a1514145a64988362\",\"status\":\"304\",\"responseTime\":\"122.350\"}","timestamp":"2025-02-13T05:46:31.990Z"}
{"level":"\u001b[32minfo\u001b[39m","message":"{\"method\":\"GET\",\"url\":\"/api/employee/get-employees?organizationId=67869a6a1514145a64988362\",\"status\":\"304\",\"responseTime\":\"122.612\"}","timestamp":"2025-02-13T05:46:32.121Z"}
{"level":"\u001b[32minfo\u001b[39m","message":"{\"method\":\"GET\",\"url\":\"/api/employee/get-employees?organizationId=67869a6a1514145a64988362\",\"status\":\"304\",\"responseTime\":\"145.736\"}","timestamp":"2025-02-13T05:46:32.274Z"}
{"level":"\u001b[32minfo\u001b[39m","message":"{\"method\":\"GET\",\"url\":\"/api/employee/get-employees?organizationId=67869a6a1514145a64988362\",\"status\":\"304\",\"responseTime\":\"140.445\"}","timestamp":"2025-02-13T05:46:35.915Z"}
{"level":"\u001b[32minfo\u001b[39m","message":"{\"method\":\"GET\",\"url\":\"/api/employee/get-employees?organizationId=67869a6a1514145a64988362\",\"status\":\"304\",\"responseTime\":\"140.964\"}","timestamp":"2025-02-13T05:46:36.064Z"}
{"level":"\u001b[32minfo\u001b[39m","message":"{\"method\":\"GET\",\"url\":\"/api/employee/get-employees?organizationId=67869a6a1514145a64988362\",\"status\":\"304\",\"responseTime\":\"224.888\"}","timestamp":"2025-02-13T05:46:36.298Z"}
{"level":"\u001b[32minfo\u001b[39m","message":"{\"method\":\"GET\",\"url\":\"/api/employee/fetch-employeesById?employeeIds[]=67a44a46314f8fe8e568bd5e&employeeIds[]=67a44a73314f8fe8e568bd61\",\"status\":\"304\",\"responseTime\":\"117.899\"}","timestamp":"2025-02-13T05:46:44.119Z"}
{"level":"\u001b[32minfo\u001b[39m","message":"{\"method\":\"GET\",\"url\":\"/api/employee/get-employees?organizationId=67869a6a1514145a64988362\",\"status\":\"304\",\"responseTime\":\"142.893\"}","timestamp":"2025-02-13T05:46:57.880Z"}
{"level":"\u001b[32minfo\u001b[39m","message":"{\"method\":\"GET\",\"url\":\"/api/employee/fetch-employeesById?employeeIds[]=67a44a73314f8fe8e568bd61&employeeIds[]=67a44aaa314f8fe8e568bd64&employeeIds[]=67a44a46314f8fe8e568bd5e\",\"status\":\"304\",\"responseTime\":\"83.379\"}","timestamp":"2025-02-13T05:47:08.142Z"}
{"level":"\u001b[32minfo\u001b[39m","message":"{\"method\":\"GET\",\"url\":\"/api/employee/fetch-employeesById?employeeIds[]=67a44a46314f8fe8e568bd5e&employeeIds[]=67a44aaa314f8fe8e568bd64&employeeIds[]=67a44a73314f8fe8e568bd61\",\"status\":\"304\",\"responseTime\":\"79.885\"}","timestamp":"2025-02-13T05:47:08.423Z"}
{"level":"\u001b[32minfo\u001b[39m","message":"{\"method\":\"GET\",\"url\":\"/api/employee/fetch-employeesById?employeeIds[]=67a44a46314f8fe8e568bd5e&employeeIds[]=67a44aaa314f8fe8e568bd64\",\"status\":\"304\",\"responseTime\":\"93.228\"}","timestamp":"2025-02-13T05:47:08.680Z"}
{"level":"\u001b[32minfo\u001b[39m","message":"{\"method\":\"GET\",\"url\":\"/api/employee/get-employees?organizationId=67869a6a1514145a64988362\",\"status\":\"304\",\"responseTime\":\"171.477\"}","timestamp":"2025-02-13T05:47:09.856Z"}
{"level":"\u001b[32minfo\u001b[39m","message":"{\"method\":\"GET\",\"url\":\"/api/employee/get-employees?organizationId=67869a6a1514145a64988362\",\"status\":\"304\",\"responseTime\":\"200.836\"}","timestamp":"2025-02-13T05:47:10.064Z"}
{"level":"\u001b[32minfo\u001b[39m","message":"{\"method\":\"GET\",\"url\":\"/api/employee/get-employees?organizationId=67869a6a1514145a64988362\",\"status\":\"304\",\"responseTime\":\"139.468\"}","timestamp":"2025-02-13T05:47:10.211Z"}
{"level":"\u001b[32minfo\u001b[39m","message":"{\"method\":\"GET\",\"url\":\"/api/employee/fetch-employeesById?employeeIds[]=67a44a46314f8fe8e568bd5e&employeeIds[]=67a44a73314f8fe8e568bd61\",\"status\":\"304\",\"responseTime\":\"129.935\"}","timestamp":"2025-02-13T05:47:16.974Z"}
{"level":"\u001b[32minfo\u001b[39m","message":"{\"method\":\"GET\",\"url\":\"/api/employee/get-employees?organizationId=67869a6a1514145a64988362\",\"status\":\"304\",\"responseTime\":\"145.004\"}","timestamp":"2025-02-13T05:47:28.110Z"}
{"level":"\u001b[32minfo\u001b[39m","message":"{\"method\":\"GET\",\"url\":\"/api/employee/get-employees?organizationId=67869a6a1514145a64988362\",\"status\":\"304\",\"responseTime\":\"162.873\"}","timestamp":"2025-02-13T05:47:37.103Z"}
{"level":"\u001b[32minfo\u001b[39m","message":"{\"method\":\"GET\",\"url\":\"/api/employee/get-employees?organizationId=67869a6a1514145a64988362\",\"status\":\"304\",\"responseTime\":\"131.994\"}","timestamp":"2025-02-13T05:47:40.186Z"}
{"level":"\u001b[32minfo\u001b[39m","message":"{\"method\":\"GET\",\"url\":\"/api/employee/fetch-position?organizationId=67869a6a1514145a64988362\",\"status\":\"304\",\"responseTime\":\"695.889\"}","timestamp":"2025-02-13T07:02:10.411Z"}
{"level":"\u001b[32minfo\u001b[39m","message":"{\"method\":\"GET\",\"url\":\"/api/employee/get-employees?organizationId=67869a6a1514145a64988362&page=1&pageSize=2\",\"status\":\"304\",\"responseTime\":\"851.961\"}","timestamp":"2025-02-13T07:02:10.539Z"}
{"level":"\u001b[32minfo\u001b[39m","message":"{\"method\":\"GET\",\"url\":\"/api/employee/fetch-position?organizationId=67869a6a1514145a64988362\",\"status\":\"304\",\"responseTime\":\"131.410\"}","timestamp":"2025-02-13T07:02:11.464Z"}
{"level":"\u001b[32minfo\u001b[39m","message":"{\"method\":\"GET\",\"url\":\"/api/employee/terminate-employee?email=moideenshacpcp10%40gmail.com\",\"status\":\"200\",\"responseTime\":\"246.408\"}","timestamp":"2025-02-13T07:02:16.102Z"}
{"level":"\u001b[32minfo\u001b[39m","message":"{\"method\":\"GET\",\"url\":\"/api/attendence/get-attendence?employeeEmail=moideenshacpcp10%40gmail.com\",\"status\":\"304\",\"responseTime\":\"241.284\"}","timestamp":"2025-02-13T07:02:19.791Z"}
{"level":"\u001b[32minfo\u001b[39m","message":"{\"method\":\"GET\",\"url\":\"/api/leave/fetch-leave?employeeEmail=moideenshacpcp10%40gmail.com\",\"status\":\"304\",\"responseTime\":\"158.460\"}","timestamp":"2025-02-13T07:02:20.945Z"}
{"level":"\u001b[32minfo\u001b[39m","message":"{\"method\":\"GET\",\"url\":\"/api/employee/fetch-employeesById?employeeIds[]=67a44a73314f8fe8e568bd61&employeeIds[]=67a44aaa314f8fe8e568bd64&employeeIds[]=67a44a46314f8fe8e568bd5e\",\"status\":\"200\",\"responseTime\":\"72.584\"}","timestamp":"2025-02-13T07:02:22.096Z"}
{"level":"\u001b[32minfo\u001b[39m","message":"{\"method\":\"GET\",\"url\":\"/api/employee/fetch-employeesById?employeeIds[]=67a44a73314f8fe8e568bd61&employeeIds[]=67a44aaa314f8fe8e568bd64&employeeIds[]=67a44a46314f8fe8e568bd5e\",\"status\":\"304\",\"responseTime\":\"69.327\"}","timestamp":"2025-02-13T07:02:23.197Z"}
{"level":"\u001b[32minfo\u001b[39m","message":"{\"method\":\"GET\",\"url\":\"/api/employee/fetch-employeesById?employeeIds[]=67a44a46314f8fe8e568bd5e&employeeIds[]=67a44aaa314f8fe8e568bd64&employeeIds[]=67a44a73314f8fe8e568bd61\",\"status\":\"200\",\"responseTime\":\"86.939\"}","timestamp":"2025-02-13T07:02:23.479Z"}
{"level":"\u001b[32minfo\u001b[39m","message":"{\"method\":\"GET\",\"url\":\"/api/employee/fetch-employeesById?employeeIds[]=67a44a46314f8fe8e568bd5e&employeeIds[]=67a44aaa314f8fe8e568bd64\",\"status\":\"200\",\"responseTime\":\"91.163\"}","timestamp":"2025-02-13T07:02:23.723Z"}
{"level":"\u001b[32minfo\u001b[39m","message":"{\"method\":\"GET\",\"url\":\"/api/employee/get-employees?organizationId=67869a6a1514145a64988362\",\"status\":\"200\",\"responseTime\":\"98.229\"}","timestamp":"2025-02-13T07:02:24.953Z"}
{"level":"\u001b[32minfo\u001b[39m","message":"{\"method\":\"GET\",\"url\":\"/api/employee/get-employees?organizationId=67869a6a1514145a64988362\",\"status\":\"304\",\"responseTime\":\"152.106\"}","timestamp":"2025-02-13T07:02:25.113Z"}
{"level":"\u001b[32minfo\u001b[39m","message":"{\"method\":\"GET\",\"url\":\"/api/employee/terminate-employee?email=moideenshacpcp10%40gmail.com\",\"status\":\"200\",\"responseTime\":\"333.854\"}","timestamp":"2025-02-13T07:02:48.521Z"}
{"level":"\u001b[32minfo\u001b[39m","message":"{\"method\":\"GET\",\"url\":\"/api/employee/terminate-employee?email=moideenshacpcp10%40gmail.com\",\"status\":\"401\",\"responseTime\":\"2.588\"}","timestamp":"2025-02-13T07:05:04.525Z"}
{"level":"\u001b[32minfo\u001b[39m","message":"{\"method\":\"GET\",\"url\":\"/api/employee/terminate-employee?email=moideenshacpcp10%40gmail.com\",\"status\":\"200\",\"responseTime\":\"247.004\"}","timestamp":"2025-02-13T07:05:04.956Z"}
{"level":"\u001b[32minfo\u001b[39m","message":"{\"method\":\"GET\",\"url\":\"/api/employee/fetch-position?organizationId=67869a6a1514145a64988362\",\"status\":\"401\",\"responseTime\":\"24.252\"}","timestamp":"2025-02-13T10:27:43.042Z"}
{"level":"\u001b[32minfo\u001b[39m","message":"{\"method\":\"GET\",\"url\":\"/api/employee/fetch-position?organizationId=67869a6a1514145a64988362\",\"status\":\"304\",\"responseTime\":\"402.358\"}","timestamp":"2025-02-13T10:27:44.602Z"}
{"level":"\u001b[32minfo\u001b[39m","message":"{\"method\":\"GET\",\"url\":\"/api/employee/fetch-position?organizationId=67869a6a1514145a64988362\",\"status\":\"304\",\"responseTime\":\"58.710\"}","timestamp":"2025-02-13T10:27:45.599Z"}
{"level":"\u001b[32minfo\u001b[39m","message":"{\"method\":\"GET\",\"url\":\"/api/employee/get-employees?organizationId=67869a6a1514145a64988362&page=1&pageSize=2\",\"status\":\"200\",\"responseTime\":\"431.787\"}","timestamp":"2025-02-13T10:27:45.977Z"}
{"level":"\u001b[32minfo\u001b[39m","message":"{\"method\":\"GET\",\"url\":\"/api/employee/fetch-position?organizationId=67869a6a1514145a64988362\",\"status\":\"304\",\"responseTime\":\"69.443\"}","timestamp":"2025-02-13T10:27:47.522Z"}
{"level":"\u001b[32minfo\u001b[39m","message":"{\"method\":\"GET\",\"url\":\"/api/attendence/get-attendence?employeeEmail=moideenshacpcp10%40gmail.com\",\"status\":\"304\",\"responseTime\":\"66.922\"}","timestamp":"2025-02-13T10:27:48.667Z"}
{"level":"\u001b[32minfo\u001b[39m","message":"{\"method\":\"PATCH\",\"url\":\"/api/attendence/update-attendence\",\"status\":\"200\",\"responseTime\":\"358.688\"}","timestamp":"2025-02-13T10:27:59.938Z"}
{"level":"\u001b[32minfo\u001b[39m","message":"{\"method\":\"GET\",\"url\":\"/api/attendence/get-attendence?employeeEmail=moideenshacpcp10%40gmail.com\",\"status\":\"200\",\"responseTime\":\"157.455\"}","timestamp":"2025-02-13T10:28:00.117Z"}
{"level":"\u001b[32minfo\u001b[39m","message":"{\"method\":\"GET\",\"url\":\"/api/employee/fetch-position?organizationId=67869a6a1514145a64988362\",\"status\":\"304\",\"responseTime\":\"89.821\"}","timestamp":"2025-02-13T10:30:11.300Z"}
{"level":"\u001b[32minfo\u001b[39m","message":"{\"method\":\"GET\",\"url\":\"/api/employee/fetch-position?organizationId=67869a6a1514145a64988362\",\"status\":\"304\",\"responseTime\":\"56.903\"}","timestamp":"2025-02-13T10:30:17.436Z"}
{"level":"\u001b[32minfo\u001b[39m","message":"{\"method\":\"GET\",\"url\":\"/api/employee/fetch-position?organizationId=67869a6a1514145a64988362\",\"status\":\"401\",\"responseTime\":\"4.566\"}","timestamp":"2025-02-13T10:33:31.457Z"}
{"level":"\u001b[32minfo\u001b[39m","message":"{\"method\":\"GET\",\"url\":\"/api/employee/fetch-position?organizationId=67869a6a1514145a64988362\",\"status\":\"304\",\"responseTime\":\"100.534\"}","timestamp":"2025-02-13T10:33:32.799Z"}
{"level":"\u001b[32minfo\u001b[39m","message":"{\"method\":\"GET\",\"url\":\"/api/employee/fetch-position?organizationId=67869a6a1514145a64988362\",\"status\":\"304\",\"responseTime\":\"58.509\"}","timestamp":"2025-02-13T10:33:48.971Z"}
{"level":"\u001b[32minfo\u001b[39m","message":"{\"method\":\"GET\",\"url\":\"/api/employee/fetch-position?organizationId=67869a6a1514145a64988362\",\"status\":\"304\",\"responseTime\":\"54.112\"}","timestamp":"2025-02-13T10:34:20.787Z"}
