{"level":"\u001b[32minfo\u001b[39m","message":"{\"method\":\"GET\",\"url\":\"/api/employee/fetch-EmployeesCount?organizationId=67869a6a1514145a64988362\",\"status\":\"401\",\"responseTime\":\"11.481\"}","timestamp":"2025-02-04T03:55:45.544Z"}
{"level":"\u001b[32minfo\u001b[39m","message":"{\"method\":\"GET\",\"url\":\"/api/employee/fetch-EmployeesCount?organizationId=67869a6a1514145a64988362\",\"status\":\"200\",\"responseTime\":\"117.165\"}","timestamp":"2025-02-04T03:55:45.963Z"}
{"level":"\u001b[32minfo\u001b[39m","message":"{\"method\":\"GET\",\"url\":\"/api/employee/fetch-position?organizationId=67869a6a1514145a64988362\",\"status\":\"304\",\"responseTime\":\"831.842\"}","timestamp":"2025-02-04T03:55:47.920Z"}
{"level":"\u001b[32minfo\u001b[39m","message":"{\"method\":\"GET\",\"url\":\"/api/employee/get-employees?organizationId=67869a6a1514145a64988362\",\"status\":\"304\",\"responseTime\":\"2165.134\"}","timestamp":"2025-02-04T03:55:49.266Z"}
{"level":"\u001b[32minfo\u001b[39m","message":"{\"method\":\"GET\",\"url\":\"/api/employee/get-employees?organizationId=67869a6a1514145a64988362\",\"status\":\"304\",\"responseTime\":\"127.691\"}","timestamp":"2025-02-04T03:55:55.377Z"}
{"level":"\u001b[32minfo\u001b[39m","message":"{\"method\":\"GET\",\"url\":\"/api/employee/get-employees?organizationId=67869a6a1514145a64988362\",\"status\":\"304\",\"responseTime\":\"89.032\"}","timestamp":"2025-02-04T03:55:55.478Z"}
{"level":"\u001b[32minfo\u001b[39m","message":"{\"method\":\"GET\",\"url\":\"/api/leave/fetch-leave?employeeEmail=moideenshacpcp10%40gmail.com\",\"status\":\"304\",\"responseTime\":\"89.626\"}","timestamp":"2025-02-04T03:55:55.534Z"}
{"level":"\u001b[32minfo\u001b[39m","message":"{\"method\":\"GET\",\"url\":\"/api/employee/get-employees?organizationId=67869a6a1514145a64988362\",\"status\":\"304\",\"responseTime\":\"71.889\"}","timestamp":"2025-02-04T03:55:55.562Z"}
{"level":"\u001b[32minfo\u001b[39m","message":"{\"method\":\"GET\",\"url\":\"/api/employee/get-employees?organizationId=67869a6a1514145a64988362\",\"status\":\"304\",\"responseTime\":\"104.897\"}","timestamp":"2025-02-04T03:55:55.685Z"}
{"level":"\u001b[32minfo\u001b[39m","message":"{\"method\":\"GET\",\"url\":\"/api/employee/get-employees?organizationId=67869a6a1514145a64988362\",\"status\":\"304\",\"responseTime\":\"64.572\"}","timestamp":"2025-02-04T03:55:55.758Z"}
{"level":"\u001b[32minfo\u001b[39m","message":"{\"method\":\"GET\",\"url\":\"/api/leave/fetch-remainingLeaves?organizationId=67869a6a1514145a64988362&employeeEmail=moideenshacpcp10%40gmail.com\",\"status\":\"304\",\"responseTime\":\"335.387\"}","timestamp":"2025-02-04T03:55:55.765Z"}
{"level":"\u001b[32minfo\u001b[39m","message":"{\"method\":\"GET\",\"url\":\"/api/employee/get-employees?organizationId=67869a6a1514145a64988362\",\"status\":\"304\",\"responseTime\":\"98.281\"}","timestamp":"2025-02-04T03:55:55.870Z"}
{"level":"\u001b[32minfo\u001b[39m","message":"{\"method\":\"GET\",\"url\":\"/api/employee/get-employees?organizationId=67869a6a1514145a64988362\",\"status\":\"304\",\"responseTime\":\"53.120\"}","timestamp":"2025-02-04T03:55:55.933Z"}
{"level":"\u001b[32minfo\u001b[39m","message":"{\"method\":\"GET\",\"url\":\"/api/attendence/get-policy?organizationId=67869a6a1514145a64988362\",\"status\":\"304\",\"responseTime\":\"66.897\"}","timestamp":"2025-02-04T03:55:59.360Z"}
{"level":"\u001b[32minfo\u001b[39m","message":"{\"method\":\"GET\",\"url\":\"/api/employee/get-employees?organizationId=67869a6a1514145a64988362\",\"status\":\"304\",\"responseTime\":\"54.853\"}","timestamp":"2025-02-04T03:56:00.538Z"}
{"level":"\u001b[32minfo\u001b[39m","message":"{\"method\":\"GET\",\"url\":\"/api/employee/fetch-employeesById?employeeIds[]=67936bdca37f9d4b8f5d23b6&employeeIds[]=67936b8fa37f9d4b8f5d23b3&employeeIds[]=67869f7defffdbe0c161c74a\",\"status\":\"304\",\"responseTime\":\"87.883\"}","timestamp":"2025-02-04T03:56:00.690Z"}
{"level":"\u001b[32minfo\u001b[39m","message":"{\"method\":\"GET\",\"url\":\"/api/employee/fetch-employeesById?employeeIds[]=67936bdca37f9d4b8f5d23b6&employeeIds[]=67936b8fa37f9d4b8f5d23b3&employeeIds[]=67869f7defffdbe0c161c74a\",\"status\":\"304\",\"responseTime\":\"81.361\"}","timestamp":"2025-02-04T03:56:02.115Z"}
{"level":"\u001b[32minfo\u001b[39m","message":"{\"method\":\"GET\",\"url\":\"/api/employee/fetch-employeesById?employeeIds[]=67936bdca37f9d4b8f5d23b6&employeeIds[]=67936b8fa37f9d4b8f5d23b3\",\"status\":\"304\",\"responseTime\":\"69.933\"}","timestamp":"2025-02-04T03:56:02.476Z"}
{"level":"\u001b[32minfo\u001b[39m","message":"{\"method\":\"GET\",\"url\":\"/api/employee/fetch-employeesById?employeeIds[]=67936b8fa37f9d4b8f5d23b3\",\"status\":\"304\",\"responseTime\":\"74.788\"}","timestamp":"2025-02-04T03:56:06.337Z"}
{"level":"\u001b[32minfo\u001b[39m","message":"{\"method\":\"GET\",\"url\":\"/api/employee/get-employees?organizationId=67869a6a1514145a64988362\",\"status\":\"401\",\"responseTime\":\"2.986\"}","timestamp":"2025-02-04T04:26:39.517Z"}
{"level":"\u001b[32minfo\u001b[39m","message":"{\"method\":\"GET\",\"url\":\"/api/employee/fetch-position?organizationId=67869a6a1514145a64988362\",\"status\":\"401\",\"responseTime\":\"3.886\"}","timestamp":"2025-02-04T04:26:39.524Z"}
{"level":"\u001b[32minfo\u001b[39m","message":"{\"method\":\"GET\",\"url\":\"/api/employee/get-employees?organizationId=67869a6a1514145a64988362\",\"status\":\"304\",\"responseTime\":\"47.767\"}","timestamp":"2025-02-04T04:26:39.671Z"}
{"level":"\u001b[32minfo\u001b[39m","message":"{\"method\":\"GET\",\"url\":\"/api/employee/fetch-position?organizationId=67869a6a1514145a64988362\",\"status\":\"304\",\"responseTime\":\"47.928\"}","timestamp":"2025-02-04T04:26:39.687Z"}
{"level":"\u001b[32minfo\u001b[39m","message":"{\"method\":\"GET\",\"url\":\"/api/employee/get-employees?organizationId=67869a6a1514145a64988362\",\"status\":\"401\",\"responseTime\":\"6.634\"}","timestamp":"2025-02-04T04:53:34.808Z"}
{"level":"\u001b[32minfo\u001b[39m","message":"{\"method\":\"GET\",\"url\":\"/api/employee/fetch-position?organizationId=67869a6a1514145a64988362\",\"status\":\"401\",\"responseTime\":\"6.781\"}","timestamp":"2025-02-04T04:53:34.822Z"}
{"level":"\u001b[32minfo\u001b[39m","message":"{\"method\":\"GET\",\"url\":\"/api/employee/get-employees?organizationId=67869a6a1514145a64988362\",\"status\":\"401\",\"responseTime\":\"2.932\"}","timestamp":"2025-02-04T04:53:35.786Z"}
{"level":"\u001b[32minfo\u001b[39m","message":"{\"method\":\"GET\",\"url\":\"/api/employee/fetch-position?organizationId=67869a6a1514145a64988362\",\"status\":\"401\",\"responseTime\":\"4.489\"}","timestamp":"2025-02-04T04:53:35.794Z"}
{"level":"\u001b[32minfo\u001b[39m","message":"{\"method\":\"GET\",\"url\":\"/api/employee/fetch-position?organizationId=67869a6a1514145a64988362\",\"status\":\"304\",\"responseTime\":\"1660.160\"}","timestamp":"2025-02-04T04:53:38.295Z"}
{"level":"\u001b[32minfo\u001b[39m","message":"{\"method\":\"GET\",\"url\":\"/api/employee/get-employees?organizationId=67869a6a1514145a64988362\",\"status\":\"304\",\"responseTime\":\"1739.913\"}","timestamp":"2025-02-04T04:53:38.479Z"}
{"level":"\u001b[32minfo\u001b[39m","message":"{\"method\":\"GET\",\"url\":\"/api/employee/fetch-position?organizationId=67869a6a1514145a64988362\",\"status\":\"304\",\"responseTime\":\"176.423\"}","timestamp":"2025-02-04T04:53:38.503Z"}
{"level":"\u001b[32minfo\u001b[39m","message":"{\"method\":\"GET\",\"url\":\"/api/employee/get-employees?organizationId=67869a6a1514145a64988362\",\"status\":\"304\",\"responseTime\":\"230.532\"}","timestamp":"2025-02-04T04:53:38.722Z"}
{"level":"\u001b[32minfo\u001b[39m","message":"{\"method\":\"GET\",\"url\":\"/api/employee/get-employees?organizationId=67869a6a1514145a64988362\",\"status\":\"401\",\"responseTime\":\"3.177\"}","timestamp":"2025-02-04T04:54:39.776Z"}
{"level":"\u001b[32minfo\u001b[39m","message":"{\"method\":\"GET\",\"url\":\"/api/employee/fetch-position?organizationId=67869a6a1514145a64988362\",\"status\":\"401\",\"responseTime\":\"4.836\"}","timestamp":"2025-02-04T04:54:39.785Z"}
{"level":"\u001b[32minfo\u001b[39m","message":"{\"method\":\"GET\",\"url\":\"/api/employee/get-employees?organizationId=67869a6a1514145a64988362\",\"status\":\"304\",\"responseTime\":\"84.642\"}","timestamp":"2025-02-04T04:54:40.033Z"}
{"level":"\u001b[32minfo\u001b[39m","message":"{\"method\":\"GET\",\"url\":\"/api/employee/fetch-position?organizationId=67869a6a1514145a64988362\",\"status\":\"304\",\"responseTime\":\"89.879\"}","timestamp":"2025-02-04T04:54:40.048Z"}
{"level":"\u001b[32minfo\u001b[39m","message":"{\"method\":\"GET\",\"url\":\"/api/employee/get-employees?organizationId=67869a6a1514145a64988362&page=1&pageSize=9\",\"status\":\"401\",\"responseTime\":\"2.215\"}","timestamp":"2025-02-04T04:55:48.788Z"}
{"level":"\u001b[32minfo\u001b[39m","message":"{\"method\":\"GET\",\"url\":\"/api/employee/get-employees?organizationId=67869a6a1514145a64988362&page=1&pageSize=9\",\"status\":\"200\",\"responseTime\":\"116.329\"}","timestamp":"2025-02-04T04:55:49.060Z"}
{"level":"\u001b[32minfo\u001b[39m","message":"{\"method\":\"GET\",\"url\":\"/api/employee/get-employees?organizationId=67869a6a1514145a64988362&page=1&pageSize=9\",\"status\":\"401\",\"responseTime\":\"22.780\"}","timestamp":"2025-02-04T04:59:50.903Z"}
{"level":"\u001b[32minfo\u001b[39m","message":"{\"method\":\"GET\",\"url\":\"/api/employee/fetch-position?organizationId=67869a6a1514145a64988362\",\"status\":\"401\",\"responseTime\":\"8.605\"}","timestamp":"2025-02-04T04:59:50.928Z"}
{"level":"\u001b[32minfo\u001b[39m","message":"{\"method\":\"GET\",\"url\":\"/api/employee/get-employees?organizationId=67869a6a1514145a64988362&page=1&pageSize=9\",\"status\":\"304\",\"responseTime\":\"102.033\"}","timestamp":"2025-02-04T04:59:51.207Z"}
{"level":"\u001b[32minfo\u001b[39m","message":"{\"method\":\"GET\",\"url\":\"/api/employee/fetch-position?organizationId=67869a6a1514145a64988362\",\"status\":\"304\",\"responseTime\":\"69.325\"}","timestamp":"2025-02-04T04:59:51.217Z"}
{"level":"\u001b[32minfo\u001b[39m","message":"{\"method\":\"GET\",\"url\":\"/api/employee/get-employees?organizationId=67869a6a1514145a64988362&page=1&pageSize=9\",\"status\":\"304\",\"responseTime\":\"54.651\"}","timestamp":"2025-02-04T04:59:52.829Z"}
{"level":"\u001b[32minfo\u001b[39m","message":"{\"method\":\"GET\",\"url\":\"/api/employee/fetch-position?organizationId=67869a6a1514145a64988362\",\"status\":\"304\",\"responseTime\":\"53.872\"}","timestamp":"2025-02-04T04:59:52.837Z"}
{"level":"\u001b[32minfo\u001b[39m","message":"{\"method\":\"GET\",\"url\":\"/api/employee/fetch-position?organizationId=67869a6a1514145a64988362\",\"status\":\"304\",\"responseTime\":\"57.903\"}","timestamp":"2025-02-04T05:00:23.846Z"}
{"level":"\u001b[32minfo\u001b[39m","message":"{\"method\":\"GET\",\"url\":\"/api/employee/get-employees?organizationId=67869a6a1514145a64988362&page=1&pageSize=9\",\"status\":\"304\",\"responseTime\":\"75.478\"}","timestamp":"2025-02-04T05:00:23.854Z"}
{"level":"\u001b[32minfo\u001b[39m","message":"{\"method\":\"GET\",\"url\":\"/api/employee/get-employees?organizationId=67869a6a1514145a64988362&page=1&pageSize=9\",\"status\":\"304\",\"responseTime\":\"74.184\"}","timestamp":"2025-02-04T05:00:34.862Z"}
{"level":"\u001b[32minfo\u001b[39m","message":"{\"method\":\"GET\",\"url\":\"/api/employee/fetch-position?organizationId=67869a6a1514145a64988362\",\"status\":\"304\",\"responseTime\":\"73.687\"}","timestamp":"2025-02-04T05:00:34.870Z"}
{"level":"\u001b[32minfo\u001b[39m","message":"{\"method\":\"GET\",\"url\":\"/api/employee/fetch-EmployeesCount?organizationId=67869a6a1514145a64988362\",\"status\":\"401\",\"responseTime\":\"14.194\"}","timestamp":"2025-02-04T05:16:17.600Z"}
{"level":"\u001b[32minfo\u001b[39m","message":"{\"method\":\"GET\",\"url\":\"/api/employee/fetch-EmployeesCount?organizationId=67869a6a1514145a64988362\",\"status\":\"304\",\"responseTime\":\"118.637\"}","timestamp":"2025-02-04T05:16:17.870Z"}
{"level":"\u001b[32minfo\u001b[39m","message":"{\"method\":\"GET\",\"url\":\"/api/employee/fetch-position?organizationId=67869a6a1514145a64988362\",\"status\":\"304\",\"responseTime\":\"57.509\"}","timestamp":"2025-02-04T05:16:18.943Z"}
{"level":"\u001b[32minfo\u001b[39m","message":"{\"method\":\"GET\",\"url\":\"/api/employee/get-employees?organizationId=67869a6a1514145a64988362&page=1&pageSize=9\",\"status\":\"200\",\"responseTime\":\"175.674\"}","timestamp":"2025-02-04T05:16:19.050Z"}
{"level":"\u001b[32minfo\u001b[39m","message":"{\"method\":\"GET\",\"url\":\"/api/employee/get-employees?organizationId=67869a6a1514145a64988362&page=1&pageSize=10\",\"status\":\"200\",\"responseTime\":\"320.001\"}","timestamp":"2025-02-04T05:16:23.706Z"}
{"level":"\u001b[32minfo\u001b[39m","message":"{\"method\":\"GET\",\"url\":\"/api/employee/get-employees?organizationId=67869a6a1514145a64988362\",\"status\":\"401\",\"responseTime\":\"5.143\"}","timestamp":"2025-02-04T05:19:17.094Z"}
{"level":"\u001b[32minfo\u001b[39m","message":"{\"method\":\"GET\",\"url\":\"/api/employee/get-employees?organizationId=67869a6a1514145a64988362\",\"status\":\"401\",\"responseTime\":\"3.864\"}","timestamp":"2025-02-04T05:19:17.137Z"}
{"level":"\u001b[32minfo\u001b[39m","message":"{\"method\":\"GET\",\"url\":\"/api/employee/get-employees?organizationId=67869a6a1514145a64988362\",\"status\":\"200\",\"responseTime\":\"761.443\"}","timestamp":"2025-02-04T05:19:18.237Z"}
{"level":"\u001b[32minfo\u001b[39m","message":"{\"method\":\"GET\",\"url\":\"/api/leave/fetch-leave?employeeEmail=moideenshacpcp10%40gmail.com\",\"status\":\"304\",\"responseTime\":\"254.523\"}","timestamp":"2025-02-04T05:19:18.534Z"}
{"level":"\u001b[32minfo\u001b[39m","message":"{\"method\":\"GET\",\"url\":\"/api/employee/get-employees?organizationId=67869a6a1514145a64988362\",\"status\":\"304\",\"responseTime\":\"688.261\"}","timestamp":"2025-02-04T05:19:18.939Z"}
{"level":"\u001b[32minfo\u001b[39m","message":"{\"method\":\"GET\",\"url\":\"/api/employee/get-employees?organizationId=67869a6a1514145a64988362\",\"status\":\"304\",\"responseTime\":\"463.832\"}","timestamp":"2025-02-04T05:19:19.410Z"}
{"level":"\u001b[32minfo\u001b[39m","message":"{\"method\":\"GET\",\"url\":\"/api/leave/fetch-remainingLeaves?organizationId=67869a6a1514145a64988362&employeeEmail=moideenshacpcp10%40gmail.com\",\"status\":\"304\",\"responseTime\":\"1428.557\"}","timestamp":"2025-02-04T05:19:19.696Z"}
{"level":"\u001b[32minfo\u001b[39m","message":"{\"method\":\"GET\",\"url\":\"/api/employee/get-employees?organizationId=67869a6a1514145a64988362\",\"status\":\"304\",\"responseTime\":\"574.597\"}","timestamp":"2025-02-04T05:19:19.991Z"}
{"level":"\u001b[32minfo\u001b[39m","message":"{\"method\":\"GET\",\"url\":\"/api/employee/get-employees?organizationId=67869a6a1514145a64988362\",\"status\":\"304\",\"responseTime\":\"498.547\"}","timestamp":"2025-02-04T05:19:20.499Z"}
{"level":"\u001b[32minfo\u001b[39m","message":"{\"method\":\"GET\",\"url\":\"/api/employee/get-employees?organizationId=67869a6a1514145a64988362\",\"status\":\"304\",\"responseTime\":\"1071.703\"}","timestamp":"2025-02-04T05:19:21.579Z"}
{"level":"\u001b[32minfo\u001b[39m","message":"{\"method\":\"GET\",\"url\":\"/api/employee/get-employees?organizationId=67869a6a1514145a64988362\",\"status\":\"304\",\"responseTime\":\"571.338\"}","timestamp":"2025-02-04T05:19:22.160Z"}
{"level":"\u001b[32minfo\u001b[39m","message":"{\"method\":\"GET\",\"url\":\"/api/employee/get-employees?organizationId=67869a6a1514145a64988362&page=1&pageSize=9\",\"status\":\"401\",\"responseTime\":\"5.002\"}","timestamp":"2025-02-04T05:20:31.667Z"}
{"level":"\u001b[32minfo\u001b[39m","message":"{\"method\":\"GET\",\"url\":\"/api/employee/fetch-position?organizationId=67869a6a1514145a64988362\",\"status\":\"401\",\"responseTime\":\"3.286\"}","timestamp":"2025-02-04T05:20:31.675Z"}
{"level":"\u001b[32minfo\u001b[39m","message":"{\"method\":\"GET\",\"url\":\"/api/employee/fetch-position?organizationId=67869a6a1514145a64988362\",\"status\":\"304\",\"responseTime\":\"467.178\"}","timestamp":"2025-02-04T05:20:32.416Z"}
{"level":"\u001b[32minfo\u001b[39m","message":"{\"method\":\"GET\",\"url\":\"/api/employee/get-employees?organizationId=67869a6a1514145a64988362&page=1&pageSize=9\",\"status\":\"304\",\"responseTime\":\"1023.269\"}","timestamp":"2025-02-04T05:20:32.966Z"}
{"level":"\u001b[32minfo\u001b[39m","message":"{\"method\":\"GET\",\"url\":\"/api/employee/get-employees?organizationId=67869a6a1514145a64988362\",\"status\":\"304\",\"responseTime\":\"649.114\"}","timestamp":"2025-02-04T05:20:36.236Z"}
{"level":"\u001b[32minfo\u001b[39m","message":"{\"method\":\"GET\",\"url\":\"/api/leave/fetch-leave?employeeEmail=moideenshacpcp10%40gmail.com\",\"status\":\"304\",\"responseTime\":\"358.956\"}","timestamp":"2025-02-04T05:20:36.637Z"}
{"level":"\u001b[32minfo\u001b[39m","message":"{\"method\":\"GET\",\"url\":\"/api/employee/get-employees?organizationId=67869a6a1514145a64988362\",\"status\":\"304\",\"responseTime\":\"634.101\"}","timestamp":"2025-02-04T05:20:36.881Z"}
{"level":"\u001b[32minfo\u001b[39m","message":"{\"method\":\"GET\",\"url\":\"/api/employee/get-employees?organizationId=67869a6a1514145a64988362\",\"status\":\"304\",\"responseTime\":\"444.306\"}","timestamp":"2025-02-04T05:20:37.333Z"}
{"level":"\u001b[32minfo\u001b[39m","message":"{\"method\":\"GET\",\"url\":\"/api/leave/fetch-remainingLeaves?organizationId=67869a6a1514145a64988362&employeeEmail=moideenshacpcp10%40gmail.com\",\"status\":\"304\",\"responseTime\":\"1162.888\"}","timestamp":"2025-02-04T05:20:37.431Z"}
{"level":"\u001b[32minfo\u001b[39m","message":"{\"method\":\"GET\",\"url\":\"/api/employee/get-employees?organizationId=67869a6a1514145a64988362\",\"status\":\"304\",\"responseTime\":\"950.001\"}","timestamp":"2025-02-04T05:20:38.292Z"}
{"level":"\u001b[32minfo\u001b[39m","message":"{\"method\":\"GET\",\"url\":\"/api/employee/fetch-position?organizationId=67869a6a1514145a64988362\",\"status\":\"304\",\"responseTime\":\"2375.010\"}","timestamp":"2025-02-04T05:20:38.890Z"}
{"level":"\u001b[32minfo\u001b[39m","message":"{\"method\":\"GET\",\"url\":\"/api/employee/get-employees?organizationId=67869a6a1514145a64988362&page=1&pageSize=9\",\"status\":\"304\",\"responseTime\":\"3137.589\"}","timestamp":"2025-02-04T05:20:39.641Z"}
{"level":"\u001b[32minfo\u001b[39m","message":"{\"method\":\"GET\",\"url\":\"/api/employee/get-employees?organizationId=67869a6a1514145a64988362&page=1&pageSize=10\",\"status\":\"304\",\"responseTime\":\"654.617\"}","timestamp":"2025-02-04T05:20:52.840Z"}
{"level":"\u001b[32minfo\u001b[39m","message":"{\"method\":\"GET\",\"url\":\"/api/employee/get-employees?organizationId=67869a6a1514145a64988362&page=1&pageSize=1\",\"status\":\"200\",\"responseTime\":\"344.201\"}","timestamp":"2025-02-04T05:21:07.676Z"}
{"level":"\u001b[32minfo\u001b[39m","message":"{\"method\":\"GET\",\"url\":\"/api/employee/fetch-EmployeesCount?organizationId=67869a6a1514145a64988362\",\"status\":\"304\",\"responseTime\":\"162.347\"}","timestamp":"2025-02-04T05:21:12.097Z"}
{"level":"\u001b[32minfo\u001b[39m","message":"{\"method\":\"GET\",\"url\":\"/api/employee/fetch-position?organizationId=67869a6a1514145a64988362\",\"status\":\"304\",\"responseTime\":\"85.896\"}","timestamp":"2025-02-04T05:21:13.042Z"}
{"level":"\u001b[32minfo\u001b[39m","message":"{\"method\":\"GET\",\"url\":\"/api/employee/get-employees?organizationId=67869a6a1514145a64988362&page=1&pageSize=1\",\"status\":\"304\",\"responseTime\":\"170.879\"}","timestamp":"2025-02-04T05:21:13.117Z"}
{"level":"\u001b[32minfo\u001b[39m","message":"{\"method\":\"GET\",\"url\":\"/api/employee/get-employees?organizationId=67869a6a1514145a64988362&page=2&pageSize=1\",\"status\":\"200\",\"responseTime\":\"263.077\"}","timestamp":"2025-02-04T05:21:15.422Z"}
{"level":"\u001b[32minfo\u001b[39m","message":"{\"method\":\"GET\",\"url\":\"/api/employee/get-employees?organizationId=67869a6a1514145a64988362&page=3&pageSize=1\",\"status\":\"200\",\"responseTime\":\"142.868\"}","timestamp":"2025-02-04T05:21:18.464Z"}
{"level":"\u001b[32minfo\u001b[39m","message":"{\"method\":\"GET\",\"url\":\"/api/employee/get-employees?organizationId=67869a6a1514145a64988362&page=1&pageSize=1\",\"status\":\"304\",\"responseTime\":\"396.524\"}","timestamp":"2025-02-04T05:21:22.085Z"}
{"level":"\u001b[32minfo\u001b[39m","message":"{\"method\":\"GET\",\"url\":\"/api/employee/get-employees?organizationId=67869a6a1514145a64988362&page=2&pageSize=1\",\"status\":\"304\",\"responseTime\":\"192.948\"}","timestamp":"2025-02-04T05:21:27.125Z"}
{"level":"\u001b[32minfo\u001b[39m","message":"{\"method\":\"GET\",\"url\":\"/api/employee/get-employees?organizationId=67869a6a1514145a64988362&page=1&pageSize=10\",\"status\":\"401\",\"responseTime\":\"1.790\"}","timestamp":"2025-02-04T05:21:31.779Z"}
{"level":"\u001b[32minfo\u001b[39m","message":"{\"method\":\"GET\",\"url\":\"/api/employee/get-employees?organizationId=67869a6a1514145a64988362&page=1&pageSize=10\",\"status\":\"304\",\"responseTime\":\"218.845\"}","timestamp":"2025-02-04T05:21:32.103Z"}
{"level":"\u001b[32minfo\u001b[39m","message":"{\"method\":\"GET\",\"url\":\"/api/employee/fetch-EmployeesCount?organizationId=67869a6a1514145a64988362\",\"status\":\"401\",\"responseTime\":\"4.165\"}","timestamp":"2025-02-04T05:22:34.249Z"}
{"level":"\u001b[32minfo\u001b[39m","message":"{\"method\":\"GET\",\"url\":\"/api/employee/get-employees?organizationId=67869a6a1514145a64988362&page=1&pageSize=1\",\"status\":\"401\",\"responseTime\":\"5.231\"}","timestamp":"2025-02-04T05:22:35.196Z"}
{"level":"\u001b[32minfo\u001b[39m","message":"{\"method\":\"GET\",\"url\":\"/api/employee/fetch-position?organizationId=67869a6a1514145a64988362\",\"status\":\"401\",\"responseTime\":\"4.218\"}","timestamp":"2025-02-04T05:22:35.206Z"}
{"level":"\u001b[32minfo\u001b[39m","message":"{\"method\":\"GET\",\"url\":\"/api/employee/fetch-EmployeesCount?organizationId=67869a6a1514145a64988362\",\"status\":\"304\",\"responseTime\":\"271.835\"}","timestamp":"2025-02-04T05:22:36.211Z"}
{"level":"\u001b[32minfo\u001b[39m","message":"{\"method\":\"GET\",\"url\":\"/api/employee/fetch-position?organizationId=67869a6a1514145a64988362\",\"status\":\"304\",\"responseTime\":\"259.015\"}","timestamp":"2025-02-04T05:22:36.220Z"}
{"level":"\u001b[32minfo\u001b[39m","message":"{\"method\":\"GET\",\"url\":\"/api/employee/get-employees?organizationId=67869a6a1514145a64988362&page=1&pageSize=1\",\"status\":\"304\",\"responseTime\":\"536.118\"}","timestamp":"2025-02-04T05:22:36.485Z"}
{"level":"\u001b[32minfo\u001b[39m","message":"{\"method\":\"GET\",\"url\":\"/api/employee/get-employees?organizationId=67869a6a1514145a64988362&page=1&pageSize=1\",\"status\":\"401\",\"responseTime\":\"3.233\"}","timestamp":"2025-02-04T05:26:00.806Z"}
{"level":"\u001b[32minfo\u001b[39m","message":"{\"method\":\"GET\",\"url\":\"/api/employee/get-employees?organizationId=67869a6a1514145a64988362&page=1&pageSize=1\",\"status\":\"304\",\"responseTime\":\"392.855\"}","timestamp":"2025-02-04T05:26:02.313Z"}
{"level":"\u001b[32minfo\u001b[39m","message":"{\"method\":\"GET\",\"url\":\"/api/employee/get-employees?organizationId=67869a6a1514145a64988362&page=2&pageSize=2\",\"status\":\"200\",\"responseTime\":\"230.044\"}","timestamp":"2025-02-04T05:26:26.046Z"}
{"level":"\u001b[32minfo\u001b[39m","message":"{\"method\":\"GET\",\"url\":\"/api/employee/get-employees?organizationId=67869a6a1514145a64988362&page=1&pageSize=2\",\"status\":\"200\",\"responseTime\":\"261.335\"}","timestamp":"2025-02-04T05:26:29.006Z"}
{"level":"\u001b[32minfo\u001b[39m","message":"{\"method\":\"GET\",\"url\":\"/api/employee/fetch-EmployeesCount?organizationId=67869a6a1514145a64988362\",\"status\":\"401\",\"responseTime\":\"3.029\"}","timestamp":"2025-02-04T05:33:29.072Z"}
{"level":"\u001b[32minfo\u001b[39m","message":"{\"method\":\"GET\",\"url\":\"/api/employee/fetch-EmployeesCount?organizationId=67869a6a1514145a64988362\",\"status\":\"304\",\"responseTime\":\"339.690\"}","timestamp":"2025-02-04T05:33:29.651Z"}
{"level":"\u001b[32minfo\u001b[39m","message":"{\"method\":\"GET\",\"url\":\"/api/employee/fetch-position?organizationId=67869a6a1514145a64988362\",\"status\":\"304\",\"responseTime\":\"373.356\"}","timestamp":"2025-02-04T05:33:30.500Z"}
{"level":"\u001b[32minfo\u001b[39m","message":"{\"method\":\"GET\",\"url\":\"/api/employee/get-employees?organizationId=67869a6a1514145a64988362&page=1&pageSize=1\",\"status\":\"304\",\"responseTime\":\"454.524\"}","timestamp":"2025-02-04T05:33:30.575Z"}
{"level":"\u001b[32minfo\u001b[39m","message":"{\"method\":\"GET\",\"url\":\"/api/employee/get-employees?organizationId=67869a6a1514145a64988362&page=2&pageSize=2\",\"status\":\"304\",\"responseTime\":\"1796.410\"}","timestamp":"2025-02-04T05:33:36.935Z"}
{"level":"\u001b[32minfo\u001b[39m","message":"{\"method\":\"GET\",\"url\":\"/api/employee/get-employees?organizationId=67869a6a1514145a64988362&page=1&pageSize=2\",\"status\":\"304\",\"responseTime\":\"398.238\"}","timestamp":"2025-02-04T05:33:39.830Z"}
{"level":"\u001b[32minfo\u001b[39m","message":"{\"method\":\"GET\",\"url\":\"/api/employee/fetch-EmployeesCount?organizationId=67869a6a1514145a64988362\",\"status\":\"304\",\"responseTime\":\"304.844\"}","timestamp":"2025-02-04T05:33:43.377Z"}
{"level":"\u001b[32minfo\u001b[39m","message":"{\"method\":\"GET\",\"url\":\"/api/employee/fetch-position?organizationId=67869a6a1514145a64988362\",\"status\":\"304\",\"responseTime\":\"394.045\"}","timestamp":"2025-02-04T05:33:45.742Z"}
{"level":"\u001b[32minfo\u001b[39m","message":"{\"method\":\"GET\",\"url\":\"/api/employee/get-employees?organizationId=67869a6a1514145a64988362&page=1&pageSize=1\",\"status\":\"304\",\"responseTime\":\"663.168\"}","timestamp":"2025-02-04T05:33:46.006Z"}
{"level":"\u001b[32minfo\u001b[39m","message":"{\"method\":\"GET\",\"url\":\"/api/employee/get-employees?organizationId=67869a6a1514145a64988362&page=1&pageSize=2\",\"status\":\"304\",\"responseTime\":\"236.798\"}","timestamp":"2025-02-04T05:34:03.944Z"}
{"level":"\u001b[32minfo\u001b[39m","message":"{\"method\":\"GET\",\"url\":\"/api/employee/fetch-EmployeesCount?organizationId=67869a6a1514145a64988362\",\"status\":\"304\",\"responseTime\":\"124.465\"}","timestamp":"2025-02-04T05:34:05.795Z"}
{"level":"\u001b[32minfo\u001b[39m","message":"{\"method\":\"GET\",\"url\":\"/api/employee/fetch-position?organizationId=67869a6a1514145a64988362\",\"status\":\"304\",\"responseTime\":\"150.403\"}","timestamp":"2025-02-04T05:34:06.781Z"}
{"level":"\u001b[32minfo\u001b[39m","message":"{\"method\":\"GET\",\"url\":\"/api/employee/get-employees?organizationId=67869a6a1514145a64988362&page=1&pageSize=2\",\"status\":\"304\",\"responseTime\":\"194.471\"}","timestamp":"2025-02-04T05:34:06.814Z"}
{"level":"\u001b[32minfo\u001b[39m","message":"{\"method\":\"GET\",\"url\":\"/api/employee/get-employees?organizationId=67869a6a1514145a64988362&page=2&pageSize=2\",\"status\":\"304\",\"responseTime\":\"210.947\"}","timestamp":"2025-02-04T05:34:11.607Z"}
{"level":"\u001b[32minfo\u001b[39m","message":"{\"method\":\"GET\",\"url\":\"/api/employee/get-employees?organizationId=67869a6a1514145a64988362&page=1&pageSize=2\",\"status\":\"304\",\"responseTime\":\"431.447\"}","timestamp":"2025-02-04T05:34:14.709Z"}
{"level":"\u001b[32minfo\u001b[39m","message":"{\"method\":\"GET\",\"url\":\"/api/employee/get-employees?organizationId=67869a6a1514145a64988362&page=1&pageSize=2\",\"status\":\"401\",\"responseTime\":\"3.230\"}","timestamp":"2025-02-04T05:35:50.788Z"}
{"level":"\u001b[32minfo\u001b[39m","message":"{\"method\":\"GET\",\"url\":\"/api/employee/get-employees?organizationId=67869a6a1514145a64988362&page=1&pageSize=2\",\"status\":\"304\",\"responseTime\":\"633.334\"}","timestamp":"2025-02-04T05:35:51.961Z"}
{"level":"\u001b[32minfo\u001b[39m","message":"{\"method\":\"GET\",\"url\":\"/api/employee/fetch-EmployeesCount?organizationId=67869a6a1514145a64988362\",\"status\":\"304\",\"responseTime\":\"773.056\"}","timestamp":"2025-02-04T05:35:55.850Z"}
{"level":"\u001b[32minfo\u001b[39m","message":"{\"method\":\"GET\",\"url\":\"/api/employee/fetch-position?organizationId=67869a6a1514145a64988362\",\"status\":\"304\",\"responseTime\":\"504.368\"}","timestamp":"2025-02-04T05:35:57.395Z"}
{"level":"\u001b[32minfo\u001b[39m","message":"{\"method\":\"GET\",\"url\":\"/api/employee/get-employees?organizationId=67869a6a1514145a64988362&page=1&pageSize=2\",\"status\":\"304\",\"responseTime\":\"1292.753\"}","timestamp":"2025-02-04T05:35:58.178Z"}
{"level":"\u001b[32minfo\u001b[39m","message":"{\"method\":\"GET\",\"url\":\"/api/employee/get-employees?organizationId=67869a6a1514145a64988362&page=2&pageSize=2\",\"status\":\"304\",\"responseTime\":\"1172.205\"}","timestamp":"2025-02-04T05:36:06.350Z"}
{"level":"\u001b[32minfo\u001b[39m","message":"{\"method\":\"GET\",\"url\":\"/api/employee/get-employees?organizationId=67869a6a1514145a64988362&page=1&pageSize=2\",\"status\":\"304\",\"responseTime\":\"1308.533\"}","timestamp":"2025-02-04T05:36:10.035Z"}
{"level":"\u001b[32minfo\u001b[39m","message":"{\"method\":\"GET\",\"url\":\"/api/employee/get-employees?organizationId=67869a6a1514145a64988362&page=1&pageSize=2\",\"status\":\"304\",\"responseTime\":\"1244.331\"}","timestamp":"2025-02-04T05:36:17.006Z"}
{"level":"\u001b[32minfo\u001b[39m","message":"{\"method\":\"GET\",\"url\":\"/api/employee/get-employees?organizationId=67869a6a1514145a64988362&page=1&pageSize=2\",\"status\":\"401\",\"responseTime\":\"1.621\"}","timestamp":"2025-02-04T05:37:51.762Z"}
{"level":"\u001b[32minfo\u001b[39m","message":"{\"method\":\"GET\",\"url\":\"/api/employee/get-employees?organizationId=67869a6a1514145a64988362&page=1&pageSize=2\",\"status\":\"304\",\"responseTime\":\"400.732\"}","timestamp":"2025-02-04T05:37:52.449Z"}
{"level":"\u001b[32minfo\u001b[39m","message":"{\"method\":\"GET\",\"url\":\"/api/employee/get-employees?organizationId=67869a6a1514145a64988362&page=1&pageSize=2\",\"status\":\"304\",\"responseTime\":\"421.814\"}","timestamp":"2025-02-04T05:38:02.235Z"}
{"level":"\u001b[32minfo\u001b[39m","message":"{\"method\":\"GET\",\"url\":\"/api/employee/fetch-EmployeesCount?organizationId=67869a6a1514145a64988362\",\"status\":\"304\",\"responseTime\":\"140.484\"}","timestamp":"2025-02-04T05:38:08.454Z"}
{"level":"\u001b[32minfo\u001b[39m","message":"{\"method\":\"GET\",\"url\":\"/api/employee/fetch-position?organizationId=67869a6a1514145a64988362\",\"status\":\"304\",\"responseTime\":\"118.240\"}","timestamp":"2025-02-04T05:38:09.565Z"}
{"level":"\u001b[32minfo\u001b[39m","message":"{\"method\":\"GET\",\"url\":\"/api/employee/get-employees?organizationId=67869a6a1514145a64988362&page=1&pageSize=2\",\"status\":\"304\",\"responseTime\":\"178.460\"}","timestamp":"2025-02-04T05:38:09.618Z"}
{"level":"\u001b[32minfo\u001b[39m","message":"{\"method\":\"GET\",\"url\":\"/api/employee/get-employees?organizationId=67869a6a1514145a64988362&page=1&pageSize=2\",\"status\":\"304\",\"responseTime\":\"289.685\"}","timestamp":"2025-02-04T05:38:19.057Z"}
{"level":"\u001b[32minfo\u001b[39m","message":"{\"method\":\"GET\",\"url\":\"/api/employee/get-employees?organizationId=67869a6a1514145a64988362&page=1&pageSize=2\",\"status\":\"401\",\"responseTime\":\"5.342\"}","timestamp":"2025-02-04T05:39:46.524Z"}
{"level":"\u001b[32minfo\u001b[39m","message":"{\"method\":\"GET\",\"url\":\"/api/employee/get-employees?organizationId=67869a6a1514145a64988362&page=1&pageSize=2\",\"status\":\"304\",\"responseTime\":\"1360.096\"}","timestamp":"2025-02-04T05:39:48.611Z"}
{"level":"\u001b[32minfo\u001b[39m","message":"{\"method\":\"GET\",\"url\":\"/api/employee/get-employees?organizationId=67869a6a1514145a64988362&page=1&pageSize=2\",\"status\":\"304\",\"responseTime\":\"1453.380\"}","timestamp":"2025-02-04T05:39:58.914Z"}
{"level":"\u001b[32minfo\u001b[39m","message":"{\"method\":\"GET\",\"url\":\"/api/employee/get-employees?organizationId=67869a6a1514145a64988362&page=1&pageSize=2\",\"status\":\"401\",\"responseTime\":\"5.982\"}","timestamp":"2025-02-04T05:43:13.853Z"}
{"level":"\u001b[32minfo\u001b[39m","message":"{\"method\":\"GET\",\"url\":\"/api/employee/get-employees?organizationId=67869a6a1514145a64988362&page=1&pageSize=2\",\"status\":\"304\",\"responseTime\":\"339.426\"}","timestamp":"2025-02-04T05:43:14.347Z"}
{"level":"\u001b[32minfo\u001b[39m","message":"{\"method\":\"GET\",\"url\":\"/api/employee/get-employees?organizationId=67869a6a1514145a64988362&page=2&pageSize=2\",\"status\":\"304\",\"responseTime\":\"325.936\"}","timestamp":"2025-02-04T05:43:20.450Z"}
{"level":"\u001b[32minfo\u001b[39m","message":"{\"method\":\"GET\",\"url\":\"/api/employee/get-employees?organizationId=67869a6a1514145a64988362&page=1&pageSize=2\",\"status\":\"304\",\"responseTime\":\"786.247\"}","timestamp":"2025-02-04T05:43:24.277Z"}
{"level":"\u001b[32minfo\u001b[39m","message":"{\"method\":\"GET\",\"url\":\"/api/employee/get-employees?organizationId=67869a6a1514145a64988362&page=1&pageSize=2\",\"status\":\"304\",\"responseTime\":\"461.958\"}","timestamp":"2025-02-04T05:43:38.236Z"}
{"level":"\u001b[32minfo\u001b[39m","message":"{\"method\":\"GET\",\"url\":\"/api/employee/fetch-EmployeesCount?organizationId=67869a6a1514145a64988362\",\"status\":\"304\",\"responseTime\":\"64.593\"}","timestamp":"2025-02-04T05:43:50.404Z"}
{"level":"\u001b[32minfo\u001b[39m","message":"{\"method\":\"GET\",\"url\":\"/api/employee/fetch-position?organizationId=67869a6a1514145a64988362\",\"status\":\"304\",\"responseTime\":\"89.310\"}","timestamp":"2025-02-04T05:43:51.376Z"}
{"level":"\u001b[32minfo\u001b[39m","message":"{\"method\":\"GET\",\"url\":\"/api/employee/get-employees?organizationId=67869a6a1514145a64988362&page=1&pageSize=2\",\"status\":\"304\",\"responseTime\":\"147.412\"}","timestamp":"2025-02-04T05:43:51.423Z"}
{"level":"\u001b[32minfo\u001b[39m","message":"{\"method\":\"GET\",\"url\":\"/api/employee/get-employees?organizationId=67869a6a1514145a64988362&page=1&pageSize=2\",\"status\":\"304\",\"responseTime\":\"223.098\"}","timestamp":"2025-02-04T05:43:56.991Z"}
{"level":"\u001b[32minfo\u001b[39m","message":"{\"method\":\"GET\",\"url\":\"/api/employee/get-employees?organizationId=67869a6a1514145a64988362&page=2&pageSize=2\",\"status\":\"401\",\"responseTime\":\"2.371\"}","timestamp":"2025-02-04T05:44:36.617Z"}
{"level":"\u001b[32minfo\u001b[39m","message":"{\"method\":\"GET\",\"url\":\"/api/employee/get-employees?organizationId=67869a6a1514145a64988362&page=2&pageSize=2\",\"status\":\"304\",\"responseTime\":\"185.227\"}","timestamp":"2025-02-04T05:44:36.998Z"}
{"level":"\u001b[32minfo\u001b[39m","message":"{\"method\":\"GET\",\"url\":\"/api/employee/get-employees?organizationId=67869a6a1514145a64988362&page=1&pageSize=2\",\"status\":\"304\",\"responseTime\":\"248.098\"}","timestamp":"2025-02-04T05:44:38.694Z"}
{"level":"\u001b[32minfo\u001b[39m","message":"{\"method\":\"GET\",\"url\":\"/api/employee/get-employees?organizationId=67869a6a1514145a64988362&page=1&pageSize=2\",\"status\":\"304\",\"responseTime\":\"321.361\"}","timestamp":"2025-02-04T05:44:58.061Z"}
{"level":"\u001b[32minfo\u001b[39m","message":"{\"method\":\"GET\",\"url\":\"/api/employee/get-employees?organizationId=67869a6a1514145a64988362&page=1&pageSize=2\",\"status\":\"304\",\"responseTime\":\"461.641\"}","timestamp":"2025-02-04T05:45:05.920Z"}
{"level":"\u001b[32minfo\u001b[39m","message":"{\"method\":\"GET\",\"url\":\"/api/employee/get-employees?organizationId=67869a6a1514145a64988362&page=1&pageSize=2\",\"status\":\"304\",\"responseTime\":\"158.280\"}","timestamp":"2025-02-04T05:45:13.930Z"}
{"level":"\u001b[32minfo\u001b[39m","message":"{\"method\":\"GET\",\"url\":\"/api/employee/get-employees?organizationId=67869a6a1514145a64988362&page=1&pageSize=2\",\"status\":\"304\",\"responseTime\":\"796.719\"}","timestamp":"2025-02-04T05:45:16.572Z"}
{"level":"\u001b[32minfo\u001b[39m","message":"{\"method\":\"GET\",\"url\":\"/api/employee/get-employees?organizationId=67869a6a1514145a64988362&page=1&pageSize=2\",\"status\":\"304\",\"responseTime\":\"554.894\"}","timestamp":"2025-02-04T05:45:18.331Z"}
{"level":"\u001b[32minfo\u001b[39m","message":"{\"method\":\"GET\",\"url\":\"/api/employee/get-employees?organizationId=67869a6a1514145a64988362&page=1&pageSize=2\",\"status\":\"304\",\"responseTime\":\"262.707\"}","timestamp":"2025-02-04T05:45:19.740Z"}
{"level":"\u001b[32minfo\u001b[39m","message":"{\"method\":\"GET\",\"url\":\"/api/employee/get-employees?organizationId=67869a6a1514145a64988362&page=1&pageSize=2\",\"status\":\"304\",\"responseTime\":\"242.654\"}","timestamp":"2025-02-04T05:45:24.006Z"}
{"level":"\u001b[32minfo\u001b[39m","message":"{\"method\":\"GET\",\"url\":\"/api/employee/get-employees?organizationId=67869a6a1514145a64988362&page=1&pageSize=2\",\"status\":\"304\",\"responseTime\":\"838.867\"}","timestamp":"2025-02-04T05:45:30.610Z"}
{"level":"\u001b[32minfo\u001b[39m","message":"{\"method\":\"GET\",\"url\":\"/api/employee/get-employees?organizationId=67869a6a1514145a64988362&page=1&pageSize=2\",\"status\":\"401\",\"responseTime\":\"2.745\"}","timestamp":"2025-02-04T05:45:37.770Z"}
{"level":"\u001b[32minfo\u001b[39m","message":"{\"method\":\"GET\",\"url\":\"/api/employee/get-employees?organizationId=67869a6a1514145a64988362&page=1&pageSize=2\",\"status\":\"304\",\"responseTime\":\"137.340\"}","timestamp":"2025-02-04T05:45:38.056Z"}
{"level":"\u001b[32minfo\u001b[39m","message":"{\"method\":\"GET\",\"url\":\"/api/employee/get-employees?organizationId=67869a6a1514145a64988362&page=1&pageSize=2\",\"status\":\"304\",\"responseTime\":\"231.801\"}","timestamp":"2025-02-04T05:45:41.744Z"}
{"level":"\u001b[32minfo\u001b[39m","message":"{\"method\":\"GET\",\"url\":\"/api/employee/get-employees?organizationId=67869a6a1514145a64988362&page=1&pageSize=2\",\"status\":\"304\",\"responseTime\":\"153.128\"}","timestamp":"2025-02-04T05:45:51.934Z"}
{"level":"\u001b[32minfo\u001b[39m","message":"{\"method\":\"GET\",\"url\":\"/api/employee/get-employees?organizationId=67869a6a1514145a64988362&page=1&pageSize=2\",\"status\":\"304\",\"responseTime\":\"422.585\"}","timestamp":"2025-02-04T05:45:57.195Z"}
{"level":"\u001b[32minfo\u001b[39m","message":"{\"method\":\"GET\",\"url\":\"/api/employee/get-employees?organizationId=67869a6a1514145a64988362&page=1&pageSize=2\",\"status\":\"304\",\"responseTime\":\"161.513\"}","timestamp":"2025-02-04T05:46:03.930Z"}
{"level":"\u001b[32minfo\u001b[39m","message":"{\"method\":\"GET\",\"url\":\"/api/employee/get-employees?organizationId=67869a6a1514145a64988362&page=1&pageSize=2\",\"status\":\"304\",\"responseTime\":\"850.852\"}","timestamp":"2025-02-04T05:46:05.372Z"}
{"level":"\u001b[32minfo\u001b[39m","message":"{\"method\":\"GET\",\"url\":\"/api/employee/fetch-EmployeesCount?organizationId=67869a6a1514145a64988362\",\"status\":\"304\",\"responseTime\":\"125.127\"}","timestamp":"2025-02-04T05:46:11.150Z"}
{"level":"\u001b[32minfo\u001b[39m","message":"{\"method\":\"GET\",\"url\":\"/api/employee/fetch-position?organizationId=67869a6a1514145a64988362\",\"status\":\"304\",\"responseTime\":\"253.774\"}","timestamp":"2025-02-04T05:46:12.347Z"}
{"level":"\u001b[32minfo\u001b[39m","message":"{\"method\":\"GET\",\"url\":\"/api/employee/get-employees?organizationId=67869a6a1514145a64988362&page=1&pageSize=2\",\"status\":\"304\",\"responseTime\":\"349.885\"}","timestamp":"2025-02-04T05:46:12.423Z"}
{"level":"\u001b[32minfo\u001b[39m","message":"{\"method\":\"GET\",\"url\":\"/api/employee/get-employees?organizationId=67869a6a1514145a64988362&page=1&pageSize=2\",\"status\":\"401\",\"responseTime\":\"2.739\"}","timestamp":"2025-02-04T05:46:38.256Z"}
{"level":"\u001b[32minfo\u001b[39m","message":"{\"method\":\"GET\",\"url\":\"/api/employee/get-employees?organizationId=67869a6a1514145a64988362&page=1&pageSize=2\",\"status\":\"304\",\"responseTime\":\"439.769\"}","timestamp":"2025-02-04T05:46:38.954Z"}
{"level":"\u001b[32minfo\u001b[39m","message":"{\"method\":\"GET\",\"url\":\"/api/employee/get-employees?organizationId=67869a6a1514145a64988362&page=1&pageSize=2\",\"status\":\"304\",\"responseTime\":\"481.780\"}","timestamp":"2025-02-04T05:47:18.265Z"}
{"level":"\u001b[32minfo\u001b[39m","message":"{\"method\":\"GET\",\"url\":\"/api/employee/get-employees?organizationId=67869a6a1514145a64988362&page=2&pageSize=2\",\"status\":\"304\",\"responseTime\":\"422.630\"}","timestamp":"2025-02-04T05:47:22.325Z"}
{"level":"\u001b[32minfo\u001b[39m","message":"{\"method\":\"GET\",\"url\":\"/api/employee/get-employees?organizationId=67869a6a1514145a64988362&page=2&pageSize=2\",\"status\":\"401\",\"responseTime\":\"2.036\"}","timestamp":"2025-02-04T05:47:45.760Z"}
{"level":"\u001b[32minfo\u001b[39m","message":"{\"method\":\"GET\",\"url\":\"/api/employee/get-employees?organizationId=67869a6a1514145a64988362&page=2&pageSize=2\",\"status\":\"304\",\"responseTime\":\"312.980\"}","timestamp":"2025-02-04T05:47:46.477Z"}
{"level":"\u001b[32minfo\u001b[39m","message":"{\"method\":\"GET\",\"url\":\"/api/employee/get-employees?organizationId=67869a6a1514145a64988362&page=1&pageSize=1\",\"status\":\"304\",\"responseTime\":\"249.087\"}","timestamp":"2025-02-04T05:47:49.032Z"}
{"level":"\u001b[32minfo\u001b[39m","message":"{\"method\":\"GET\",\"url\":\"/api/employee/get-employees?organizationId=67869a6a1514145a64988362&page=2&pageSize=1\",\"status\":\"304\",\"responseTime\":\"315.294\"}","timestamp":"2025-02-04T05:47:52.620Z"}
{"level":"\u001b[32minfo\u001b[39m","message":"{\"method\":\"GET\",\"url\":\"/api/employee/get-employees?organizationId=67869a6a1514145a64988362&page=3&pageSize=1\",\"status\":\"304\",\"responseTime\":\"296.108\"}","timestamp":"2025-02-04T05:47:56.342Z"}
{"level":"\u001b[32minfo\u001b[39m","message":"{\"method\":\"GET\",\"url\":\"/api/employee/get-employees?organizationId=67869a6a1514145a64988362&page=3&pageSize=1\",\"status\":\"304\",\"responseTime\":\"1369.213\"}","timestamp":"2025-02-04T05:48:23.134Z"}
{"level":"\u001b[32minfo\u001b[39m","message":"{\"method\":\"GET\",\"url\":\"/api/employee/get-employees?organizationId=67869a6a1514145a64988362&page=2&pageSize=1\",\"status\":\"304\",\"responseTime\":\"571.349\"}","timestamp":"2025-02-04T05:48:25.680Z"}
{"level":"\u001b[32minfo\u001b[39m","message":"{\"method\":\"GET\",\"url\":\"/api/employee/get-employees?organizationId=67869a6a1514145a64988362&page=1&pageSize=1\",\"status\":\"304\",\"responseTime\":\"316.031\"}","timestamp":"2025-02-04T05:48:31.590Z"}
{"level":"\u001b[32minfo\u001b[39m","message":"{\"method\":\"GET\",\"url\":\"/api/employee/get-employees?organizationId=67869a6a1514145a64988362\",\"status\":\"304\",\"responseTime\":\"1243.416\"}","timestamp":"2025-02-04T05:48:40.734Z"}
{"level":"\u001b[32minfo\u001b[39m","message":"{\"method\":\"GET\",\"url\":\"/api/leave/fetch-leave?employeeEmail=moideenshacpcp10%40gmail.com\",\"status\":\"304\",\"responseTime\":\"415.826\"}","timestamp":"2025-02-04T05:48:41.171Z"}
{"level":"\u001b[32minfo\u001b[39m","message":"{\"method\":\"GET\",\"url\":\"/api/employee/get-employees?organizationId=67869a6a1514145a64988362\",\"status\":\"304\",\"responseTime\":\"750.769\"}","timestamp":"2025-02-04T05:48:41.490Z"}
{"level":"\u001b[32minfo\u001b[39m","message":"{\"method\":\"GET\",\"url\":\"/api/employee/get-employees?organizationId=67869a6a1514145a64988362\",\"status\":\"304\",\"responseTime\":\"787.866\"}","timestamp":"2025-02-04T05:48:42.298Z"}
{"level":"\u001b[32minfo\u001b[39m","message":"{\"method\":\"GET\",\"url\":\"/api/leave/fetch-remainingLeaves?organizationId=67869a6a1514145a64988362&employeeEmail=moideenshacpcp10%40gmail.com\",\"status\":\"304\",\"responseTime\":\"1557.780\"}","timestamp":"2025-02-04T05:48:42.306Z"}
{"level":"\u001b[32minfo\u001b[39m","message":"{\"method\":\"GET\",\"url\":\"/api/attendence/get-policy?organizationId=67869a6a1514145a64988362\",\"status\":\"304\",\"responseTime\":\"566.935\"}","timestamp":"2025-02-04T05:48:43.035Z"}
{"level":"\u001b[32minfo\u001b[39m","message":"{\"method\":\"GET\",\"url\":\"/api/employee/get-employees?organizationId=67869a6a1514145a64988362\",\"status\":\"304\",\"responseTime\":\"977.595\"}","timestamp":"2025-02-04T05:48:43.289Z"}
{"level":"\u001b[32minfo\u001b[39m","message":"{\"method\":\"GET\",\"url\":\"/api/employee/get-employees?organizationId=67869a6a1514145a64988362\",\"status\":\"304\",\"responseTime\":\"1220.181\"}","timestamp":"2025-02-04T05:48:44.516Z"}
{"level":"\u001b[32minfo\u001b[39m","message":"{\"method\":\"GET\",\"url\":\"/api/employee/get-employees?organizationId=67869a6a1514145a64988362\",\"status\":\"304\",\"responseTime\":\"530.389\"}","timestamp":"2025-02-04T05:48:45.054Z"}
{"level":"\u001b[32minfo\u001b[39m","message":"{\"method\":\"GET\",\"url\":\"/api/employee/fetch-employeesById?employeeIds[]=67936bdca37f9d4b8f5d23b6&employeeIds[]=67936b8fa37f9d4b8f5d23b3&employeeIds[]=67869f7defffdbe0c161c74a\",\"status\":\"304\",\"responseTime\":\"252.514\"}","timestamp":"2025-02-04T05:48:45.261Z"}
{"level":"\u001b[32minfo\u001b[39m","message":"{\"method\":\"GET\",\"url\":\"/api/employee/get-employees?organizationId=67869a6a1514145a64988362\",\"status\":\"304\",\"responseTime\":\"302.567\"}","timestamp":"2025-02-04T05:48:45.366Z"}
{"level":"\u001b[32minfo\u001b[39m","message":"{\"method\":\"GET\",\"url\":\"/api/employee/get-employees?organizationId=67869a6a1514145a64988362\",\"status\":\"304\",\"responseTime\":\"280.772\"}","timestamp":"2025-02-04T05:48:45.657Z"}
{"level":"\u001b[32minfo\u001b[39m","message":"{\"method\":\"GET\",\"url\":\"/api/employee/fetch-employeesById?employeeIds[]=67936bdca37f9d4b8f5d23b6&employeeIds[]=67936b8fa37f9d4b8f5d23b3&employeeIds[]=67869f7defffdbe0c161c74a\",\"status\":\"304\",\"responseTime\":\"133.048\"}","timestamp":"2025-02-04T05:48:53.282Z"}
{"level":"\u001b[32minfo\u001b[39m","message":"{\"method\":\"GET\",\"url\":\"/api/employee/fetch-employeesById?employeeIds[]=67936bdca37f9d4b8f5d23b6&employeeIds[]=67936b8fa37f9d4b8f5d23b3\",\"status\":\"304\",\"responseTime\":\"140.266\"}","timestamp":"2025-02-04T05:48:53.655Z"}
{"level":"\u001b[32minfo\u001b[39m","message":"{\"method\":\"GET\",\"url\":\"/api/employee/fetch-employeesById?employeeIds[]=67936bdca37f9d4b8f5d23b6&employeeIds[]=67936b8fa37f9d4b8f5d23b3\",\"status\":\"304\",\"responseTime\":\"345.616\"}","timestamp":"2025-02-04T05:49:03.161Z"}
{"level":"\u001b[32minfo\u001b[39m","message":"{\"method\":\"GET\",\"url\":\"/api/employee/get-employees?organizationId=67869a6a1514145a64988362\",\"status\":\"304\",\"responseTime\":\"249.263\"}","timestamp":"2025-02-04T05:49:08.811Z"}
{"level":"\u001b[32minfo\u001b[39m","message":"{\"method\":\"GET\",\"url\":\"/api/employee/get-employees?organizationId=67869a6a1514145a64988362\",\"status\":\"304\",\"responseTime\":\"188.954\"}","timestamp":"2025-02-04T05:49:09.009Z"}
{"level":"\u001b[32minfo\u001b[39m","message":"{\"method\":\"GET\",\"url\":\"/api/employee/get-employees?organizationId=67869a6a1514145a64988362\",\"status\":\"304\",\"responseTime\":\"463.406\"}","timestamp":"2025-02-04T05:49:10.646Z"}
{"level":"\u001b[32minfo\u001b[39m","message":"{\"method\":\"GET\",\"url\":\"/api/employee/fetch-EmployeesCount?organizationId=67869a6a1514145a64988362\",\"status\":\"304\",\"responseTime\":\"440.063\"}","timestamp":"2025-02-04T05:49:23.671Z"}
{"level":"\u001b[32minfo\u001b[39m","message":"{\"method\":\"GET\",\"url\":\"/api/employee/fetch-position?organizationId=67869a6a1514145a64988362\",\"status\":\"304\",\"responseTime\":\"404.749\"}","timestamp":"2025-02-04T05:49:26.977Z"}
{"level":"\u001b[32minfo\u001b[39m","message":"{\"method\":\"GET\",\"url\":\"/api/employee/get-employees?organizationId=67869a6a1514145a64988362&page=1&pageSize=1\",\"status\":\"304\",\"responseTime\":\"705.571\"}","timestamp":"2025-02-04T05:49:27.270Z"}
{"level":"\u001b[32minfo\u001b[39m","message":"{\"method\":\"GET\",\"url\":\"/api/employee/get-employees?organizationId=67869a6a1514145a64988362&page=1&pageSize=1\",\"status\":\"304\",\"responseTime\":\"303.413\"}","timestamp":"2025-02-04T05:49:36.075Z"}
{"level":"\u001b[32minfo\u001b[39m","message":"{\"method\":\"GET\",\"url\":\"/api/employee/get-employees?organizationId=67869a6a1514145a64988362&page=1&pageSize=3\",\"status\":\"401\",\"responseTime\":\"2.546\"}","timestamp":"2025-02-04T05:50:03.772Z"}
{"level":"\u001b[32minfo\u001b[39m","message":"{\"method\":\"GET\",\"url\":\"/api/employee/get-employees?organizationId=67869a6a1514145a64988362&page=1&pageSize=3\",\"status\":\"200\",\"responseTime\":\"446.592\"}","timestamp":"2025-02-04T05:50:04.454Z"}
{"level":"\u001b[32minfo\u001b[39m","message":"{\"method\":\"GET\",\"url\":\"/api/employee/get-employees?organizationId=67869a6a1514145a64988362&page=1&pageSize=2\",\"status\":\"304\",\"responseTime\":\"460.943\"}","timestamp":"2025-02-04T05:50:13.114Z"}
{"level":"\u001b[32minfo\u001b[39m","message":"{\"method\":\"GET\",\"url\":\"/api/employee/get-employees?organizationId=67869a6a1514145a64988362&page=2&pageSize=2\",\"status\":\"304\",\"responseTime\":\"168.071\"}","timestamp":"2025-02-04T05:50:31.706Z"}
{"level":"\u001b[32minfo\u001b[39m","message":"{\"method\":\"GET\",\"url\":\"/api/employee/get-employees?organizationId=67869a6a1514145a64988362&page=1&pageSize=2\",\"status\":\"304\",\"responseTime\":\"164.898\"}","timestamp":"2025-02-04T05:50:36.025Z"}
{"level":"\u001b[32minfo\u001b[39m","message":"{\"method\":\"GET\",\"url\":\"/api/employee/get-employees?organizationId=67869a6a1514145a64988362\",\"status\":\"304\",\"responseTime\":\"180.639\"}","timestamp":"2025-02-04T05:50:42.888Z"}
{"level":"\u001b[32minfo\u001b[39m","message":"{\"method\":\"GET\",\"url\":\"/api/leave/fetch-leave?employeeEmail=moideenshacpcp10%40gmail.com\",\"status\":\"304\",\"responseTime\":\"94.061\"}","timestamp":"2025-02-04T05:50:43.012Z"}
{"level":"\u001b[32minfo\u001b[39m","message":"{\"method\":\"GET\",\"url\":\"/api/employee/get-employees?organizationId=67869a6a1514145a64988362\",\"status\":\"304\",\"responseTime\":\"264.497\"}","timestamp":"2025-02-04T05:50:43.160Z"}
{"level":"\u001b[32minfo\u001b[39m","message":"{\"method\":\"GET\",\"url\":\"/api/leave/fetch-remainingLeaves?organizationId=67869a6a1514145a64988362&employeeEmail=moideenshacpcp10%40gmail.com\",\"status\":\"304\",\"responseTime\":\"496.352\"}","timestamp":"2025-02-04T05:50:43.409Z"}
{"level":"\u001b[32minfo\u001b[39m","message":"{\"method\":\"GET\",\"url\":\"/api/employee/get-employees?organizationId=67869a6a1514145a64988362\",\"status\":\"304\",\"responseTime\":\"370.923\"}","timestamp":"2025-02-04T05:50:43.539Z"}
{"level":"\u001b[32minfo\u001b[39m","message":"{\"method\":\"GET\",\"url\":\"/api/employee/get-employees?organizationId=67869a6a1514145a64988362\",\"status\":\"304\",\"responseTime\":\"220.186\"}","timestamp":"2025-02-04T05:50:43.766Z"}
{"level":"\u001b[32minfo\u001b[39m","message":"{\"method\":\"GET\",\"url\":\"/api/employee/get-employees?organizationId=67869a6a1514145a64988362\",\"status\":\"304\",\"responseTime\":\"666.358\"}","timestamp":"2025-02-04T05:50:44.439Z"}
{"level":"\u001b[32minfo\u001b[39m","message":"{\"method\":\"GET\",\"url\":\"/api/employee/get-employees?organizationId=67869a6a1514145a64988362\",\"status\":\"304\",\"responseTime\":\"1139.998\"}","timestamp":"2025-02-04T05:50:45.585Z"}
{"level":"\u001b[32minfo\u001b[39m","message":"{\"method\":\"GET\",\"url\":\"/api/employee/get-employees?organizationId=67869a6a1514145a64988362\",\"status\":\"304\",\"responseTime\":\"1003.633\"}","timestamp":"2025-02-04T05:50:46.594Z"}
{"level":"\u001b[32minfo\u001b[39m","message":"{\"method\":\"GET\",\"url\":\"/api/employee/fetch-EmployeesCount?organizationId=67869a6a1514145a64988362\",\"status\":\"401\",\"responseTime\":\"8.922\"}","timestamp":"2025-02-04T05:53:03.499Z"}
{"level":"\u001b[32minfo\u001b[39m","message":"{\"method\":\"GET\",\"url\":\"/api/employee/fetch-EmployeesCount?organizationId=67869a6a1514145a64988362\",\"status\":\"304\",\"responseTime\":\"79.809\"}","timestamp":"2025-02-04T05:53:03.836Z"}
{"level":"\u001b[32minfo\u001b[39m","message":"{\"method\":\"GET\",\"url\":\"/api/employee/fetch-position?organizationId=67869a6a1514145a64988362\",\"status\":\"304\",\"responseTime\":\"70.899\"}","timestamp":"2025-02-04T05:53:04.635Z"}
{"level":"\u001b[32minfo\u001b[39m","message":"{\"method\":\"GET\",\"url\":\"/api/employee/get-employees?organizationId=67869a6a1514145a64988362&page=1&pageSize=2\",\"status\":\"304\",\"responseTime\":\"159.592\"}","timestamp":"2025-02-04T05:53:04.715Z"}
{"level":"\u001b[32minfo\u001b[39m","message":"{\"method\":\"GET\",\"url\":\"/api/employee/get-employees?organizationId=67869a6a1514145a64988362\",\"status\":\"304\",\"responseTime\":\"170.095\"}","timestamp":"2025-02-04T05:53:06.796Z"}
{"level":"\u001b[32minfo\u001b[39m","message":"{\"method\":\"GET\",\"url\":\"/api/leave/fetch-leave?employeeEmail=moideenshacpcp10%40gmail.com\",\"status\":\"304\",\"responseTime\":\"103.989\"}","timestamp":"2025-02-04T05:53:06.935Z"}
{"level":"\u001b[32minfo\u001b[39m","message":"{\"method\":\"GET\",\"url\":\"/api/employee/get-employees?organizationId=67869a6a1514145a64988362\",\"status\":\"304\",\"responseTime\":\"208.518\"}","timestamp":"2025-02-04T05:53:07.015Z"}
{"level":"\u001b[32minfo\u001b[39m","message":"{\"method\":\"GET\",\"url\":\"/api/employee/get-employees?organizationId=67869a6a1514145a64988362\",\"status\":\"304\",\"responseTime\":\"130.047\"}","timestamp":"2025-02-04T05:53:07.156Z"}
{"level":"\u001b[32minfo\u001b[39m","message":"{\"method\":\"GET\",\"url\":\"/api/leave/fetch-remainingLeaves?organizationId=67869a6a1514145a64988362&employeeEmail=moideenshacpcp10%40gmail.com\",\"status\":\"304\",\"responseTime\":\"350.813\"}","timestamp":"2025-02-04T05:53:07.175Z"}
{"level":"\u001b[32minfo\u001b[39m","message":"{\"method\":\"GET\",\"url\":\"/api/employee/get-employees?organizationId=67869a6a1514145a64988362\",\"status\":\"304\",\"responseTime\":\"216.501\"}","timestamp":"2025-02-04T05:53:07.382Z"}
{"level":"\u001b[32minfo\u001b[39m","message":"{\"method\":\"GET\",\"url\":\"/api/employee/get-employees?organizationId=67869a6a1514145a64988362\",\"status\":\"304\",\"responseTime\":\"141.266\"}","timestamp":"2025-02-04T05:53:07.534Z"}
{"level":"\u001b[32minfo\u001b[39m","message":"{\"method\":\"GET\",\"url\":\"/api/employee/get-employees?organizationId=67869a6a1514145a64988362\",\"status\":\"304\",\"responseTime\":\"170.427\"}","timestamp":"2025-02-04T05:53:07.713Z"}
{"level":"\u001b[32minfo\u001b[39m","message":"{\"method\":\"GET\",\"url\":\"/api/employee/get-employees?organizationId=67869a6a1514145a64988362\",\"status\":\"304\",\"responseTime\":\"164.626\"}","timestamp":"2025-02-04T05:53:07.886Z"}
