{"level":"\u001b[32minfo\u001b[39m","message":"{\"method\":\"GET\",\"url\":\"/api/employee/fetch-EmployeesCount?organizationId=67869a6a1514145a64988362\",\"status\":\"401\",\"responseTime\":\"21.074\"}","timestamp":"2025-02-15T03:33:43.033Z"}
{"level":"\u001b[32minfo\u001b[39m","message":"{\"method\":\"GET\",\"url\":\"/api/employee/fetch-EmployeesCount?organizationId=67869a6a1514145a64988362\",\"status\":\"304\",\"responseTime\":\"94.631\"}","timestamp":"2025-02-15T03:33:43.950Z"}
{"level":"\u001b[32minfo\u001b[39m","message":"{\"method\":\"GET\",\"url\":\"/api/attendence/get-policy?organizationId=67869a6a1514145a64988362\",\"status\":\"304\",\"responseTime\":\"378.218\"}","timestamp":"2025-02-15T04:13:27.692Z"}
{"level":"\u001b[32minfo\u001b[39m","message":"{\"method\":\"GET\",\"url\":\"/api/employee/get-employees?organizationId=67869a6a1514145a64988362\",\"status\":\"200\",\"responseTime\":\"134.896\"}","timestamp":"2025-02-15T04:13:28.631Z"}
{"level":"\u001b[32minfo\u001b[39m","message":"{\"method\":\"GET\",\"url\":\"/api/employee/fetch-employeesById?employeeIds[]=67a44a73314f8fe8e568bd61&employeeIds[]=67a44aaa314f8fe8e568bd64&employeeIds[]=67a44a46314f8fe8e568bd5e\",\"status\":\"200\",\"responseTime\":\"62.499\"}","timestamp":"2025-02-15T04:13:28.896Z"}
{"level":"\u001b[32minfo\u001b[39m","message":"{\"method\":\"GET\",\"url\":\"/api/employee/fetch-employeesById?employeeIds[]=67a44a73314f8fe8e568bd61&employeeIds[]=67a44aaa314f8fe8e568bd64&employeeIds[]=67a44a46314f8fe8e568bd5e\",\"status\":\"304\",\"responseTime\":\"53.103\"}","timestamp":"2025-02-15T04:13:29.619Z"}
{"level":"\u001b[32minfo\u001b[39m","message":"{\"method\":\"GET\",\"url\":\"/api/employee/fetch-employeesById?employeeIds[]=67a44a46314f8fe8e568bd5e&employeeIds[]=67a44aaa314f8fe8e568bd64&employeeIds[]=67a44a73314f8fe8e568bd61\",\"status\":\"200\",\"responseTime\":\"52.000\"}","timestamp":"2025-02-15T04:13:29.893Z"}
{"level":"\u001b[32minfo\u001b[39m","message":"{\"method\":\"GET\",\"url\":\"/api/employee/fetch-employeesById?employeeIds[]=67a44a46314f8fe8e568bd5e&employeeIds[]=67a44aaa314f8fe8e568bd64\",\"status\":\"200\",\"responseTime\":\"46.442\"}","timestamp":"2025-02-15T04:13:30.072Z"}
{"level":"\u001b[32minfo\u001b[39m","message":"{\"method\":\"GET\",\"url\":\"/api/employee/fetch-employeesById?employeeIds[]=67a44a46314f8fe8e568bd5e\",\"status\":\"200\",\"responseTime\":\"159.682\"}","timestamp":"2025-02-15T04:13:34.316Z"}
{"level":"\u001b[32minfo\u001b[39m","message":"{\"method\":\"GET\",\"url\":\"/api/employee/get-employees?organizationId=67869a6a1514145a64988362\",\"status\":\"401\",\"responseTime\":\"4.390\"}","timestamp":"2025-02-15T04:14:27.977Z"}
{"level":"\u001b[32minfo\u001b[39m","message":"{\"method\":\"GET\",\"url\":\"/api/employee/get-employees?organizationId=67869a6a1514145a64988362\",\"status\":\"304\",\"responseTime\":\"97.264\"}","timestamp":"2025-02-15T04:14:28.332Z"}
{"level":"\u001b[32minfo\u001b[39m","message":"{\"method\":\"GET\",\"url\":\"/api/employee/fetch-employeesById?employeeIds[]=67a44a73314f8fe8e568bd61&employeeIds[]=67a44aaa314f8fe8e568bd64&employeeIds[]=67a44a46314f8fe8e568bd5e\",\"status\":\"304\",\"responseTime\":\"805.128\"}","timestamp":"2025-02-15T04:14:29.096Z"}
{"level":"\u001b[32minfo\u001b[39m","message":"{\"method\":\"GET\",\"url\":\"/api/employee/fetch-employeesById?employeeIds[]=67a44a73314f8fe8e568bd61&employeeIds[]=67a44aaa314f8fe8e568bd64&employeeIds[]=67a44a46314f8fe8e568bd5e\",\"status\":\"304\",\"responseTime\":\"44.141\"}","timestamp":"2025-02-15T04:14:30.324Z"}
{"level":"\u001b[32minfo\u001b[39m","message":"{\"method\":\"GET\",\"url\":\"/api/employee/fetch-employeesById?employeeIds[]=67a44a46314f8fe8e568bd5e&employeeIds[]=67a44aaa314f8fe8e568bd64\",\"status\":\"304\",\"responseTime\":\"41.768\"}","timestamp":"2025-02-15T04:14:30.516Z"}
{"level":"\u001b[32minfo\u001b[39m","message":"{\"method\":\"GET\",\"url\":\"/api/employee/fetch-employeesById?employeeIds[]=67a44a46314f8fe8e568bd5e&employeeIds[]=67a44aaa314f8fe8e568bd64\",\"status\":\"304\",\"responseTime\":\"42.452\"}","timestamp":"2025-02-15T04:14:30.649Z"}
{"level":"\u001b[32minfo\u001b[39m","message":"{\"method\":\"GET\",\"url\":\"/api/employee/get-employees?organizationId=67869a6a1514145a64988362\",\"status\":\"304\",\"responseTime\":\"625.771\"}","timestamp":"2025-02-15T04:14:32.478Z"}
{"level":"\u001b[32minfo\u001b[39m","message":"{\"method\":\"GET\",\"url\":\"/api/employee/fetch-employeesById?employeeIds[]=67a44a73314f8fe8e568bd61&employeeIds[]=67a44aaa314f8fe8e568bd64&employeeIds[]=67a44a46314f8fe8e568bd5e\",\"status\":\"304\",\"responseTime\":\"766.692\"}","timestamp":"2025-02-15T04:14:32.686Z"}
{"level":"\u001b[32minfo\u001b[39m","message":"{\"method\":\"GET\",\"url\":\"/api/employee/fetch-employeesById?employeeIds[]=67a44a73314f8fe8e568bd61&employeeIds[]=67a44aaa314f8fe8e568bd64&employeeIds[]=67a44a46314f8fe8e568bd5e\",\"status\":\"304\",\"responseTime\":\"1146.113\"}","timestamp":"2025-02-15T04:14:36.716Z"}
{"level":"\u001b[32minfo\u001b[39m","message":"{\"method\":\"GET\",\"url\":\"/api/employee/fetch-employeesById?employeeIds[]=67a44a46314f8fe8e568bd5e&employeeIds[]=67a44aaa314f8fe8e568bd64\",\"status\":\"304\",\"responseTime\":\"81.350\"}","timestamp":"2025-02-15T04:14:38.003Z"}
{"level":"\u001b[32minfo\u001b[39m","message":"{\"method\":\"GET\",\"url\":\"/api/employee/fetch-employeesById?employeeIds[]=67a44a46314f8fe8e568bd5e&employeeIds[]=67a44aaa314f8fe8e568bd64\",\"status\":\"304\",\"responseTime\":\"54.625\"}","timestamp":"2025-02-15T04:14:38.904Z"}
{"level":"\u001b[32minfo\u001b[39m","message":"{\"method\":\"GET\",\"url\":\"/api/employee/get-employees?organizationId=67869a6a1514145a64988362\",\"status\":\"304\",\"responseTime\":\"195.774\"}","timestamp":"2025-02-15T04:14:42.415Z"}
{"level":"\u001b[32minfo\u001b[39m","message":"{\"method\":\"GET\",\"url\":\"/api/employee/fetch-employeesById?employeeIds[]=67a44a73314f8fe8e568bd61&employeeIds[]=67a44aaa314f8fe8e568bd64&employeeIds[]=67a44a46314f8fe8e568bd5e\",\"status\":\"304\",\"responseTime\":\"261.020\"}","timestamp":"2025-02-15T04:14:42.613Z"}
{"level":"\u001b[32minfo\u001b[39m","message":"{\"method\":\"GET\",\"url\":\"/api/employee/fetch-employeesById?employeeIds[]=67a44a73314f8fe8e568bd61&employeeIds[]=67a44aaa314f8fe8e568bd64&employeeIds[]=67a44a46314f8fe8e568bd5e\",\"status\":\"304\",\"responseTime\":\"52.121\"}","timestamp":"2025-02-15T04:14:54.059Z"}
{"level":"\u001b[32minfo\u001b[39m","message":"{\"method\":\"GET\",\"url\":\"/api/employee/fetch-employeesById?employeeIds[]=67a44a46314f8fe8e568bd5e&employeeIds[]=67a44aaa314f8fe8e568bd64\",\"status\":\"304\",\"responseTime\":\"48.755\"}","timestamp":"2025-02-15T04:14:54.301Z"}
{"level":"\u001b[32minfo\u001b[39m","message":"{\"method\":\"GET\",\"url\":\"/api/employee/fetch-employeesById?employeeIds[]=67a44a46314f8fe8e568bd5e&employeeIds[]=67a44aaa314f8fe8e568bd64\",\"status\":\"304\",\"responseTime\":\"44.720\"}","timestamp":"2025-02-15T04:14:54.477Z"}
{"level":"\u001b[32minfo\u001b[39m","message":"{\"method\":\"GET\",\"url\":\"/api/employee/fetch-employeesById?employeeIds[]=67a44a46314f8fe8e568bd5e&employeeIds[]=67a44aaa314f8fe8e568bd64\",\"status\":\"304\",\"responseTime\":\"182.236\"}","timestamp":"2025-02-15T04:14:59.609Z"}
{"level":"\u001b[32minfo\u001b[39m","message":"{\"method\":\"GET\",\"url\":\"/api/employee/fetch-employeesById?employeeIds[]=67a44a46314f8fe8e568bd5e&employeeIds[]=67a44aaa314f8fe8e568bd64\",\"status\":\"304\",\"responseTime\":\"100.597\"}","timestamp":"2025-02-15T04:15:00.371Z"}
{"level":"\u001b[32minfo\u001b[39m","message":"{\"method\":\"GET\",\"url\":\"/api/employee/fetch-employeesById\",\"status\":\"304\",\"responseTime\":\"48.718\"}","timestamp":"2025-02-15T04:15:00.404Z"}
{"level":"\u001b[32minfo\u001b[39m","message":"{\"method\":\"GET\",\"url\":\"/api/employee/fetch-employeesById?employeeIds[]=67a44a46314f8fe8e568bd5e\",\"status\":\"304\",\"responseTime\":\"57.388\"}","timestamp":"2025-02-15T04:15:20.718Z"}
{"level":"\u001b[32minfo\u001b[39m","message":"{\"method\":\"GET\",\"url\":\"/api/employee/fetch-employeesById?employeeIds[]=67a44a46314f8fe8e568bd5e&employeeIds[]=67a44aaa314f8fe8e568bd64\",\"status\":\"304\",\"responseTime\":\"81.344\"}","timestamp":"2025-02-15T04:18:31.991Z"}
{"level":"\u001b[32minfo\u001b[39m","message":"{\"method\":\"GET\",\"url\":\"/api/employee/fetch-employeesById?employeeIds[]=67a44a46314f8fe8e568bd5e&employeeIds[]=67a44aaa314f8fe8e568bd64\",\"status\":\"304\",\"responseTime\":\"89.937\"}","timestamp":"2025-02-15T04:18:32.307Z"}
{"level":"\u001b[32minfo\u001b[39m","message":"{\"method\":\"GET\",\"url\":\"/api/employee/fetch-employeesById?employeeIds[]=67a44a46314f8fe8e568bd5e\",\"status\":\"304\",\"responseTime\":\"59.415\"}","timestamp":"2025-02-15T04:18:34.344Z"}
{"level":"\u001b[32minfo\u001b[39m","message":"{\"method\":\"GET\",\"url\":\"/api/employee/fetch-employeesById\",\"status\":\"304\",\"responseTime\":\"44.719\"}","timestamp":"2025-02-15T04:20:21.573Z"}
{"level":"\u001b[32minfo\u001b[39m","message":"{\"method\":\"GET\",\"url\":\"/api/employee/fetch-employeesById?employeeIds[]=67a44a46314f8fe8e568bd5e\",\"status\":\"304\",\"responseTime\":\"169.507\"}","timestamp":"2025-02-15T04:20:39.692Z"}
{"level":"\u001b[32minfo\u001b[39m","message":"{\"method\":\"GET\",\"url\":\"/api/employee/fetch-employeesById?employeeIds[]=67a44a73314f8fe8e568bd61&employeeIds[]=67a44aaa314f8fe8e568bd64\",\"status\":\"200\",\"responseTime\":\"46.663\"}","timestamp":"2025-02-15T04:20:46.398Z"}
{"level":"\u001b[32minfo\u001b[39m","message":"{\"method\":\"GET\",\"url\":\"/api/employee/fetch-employeesById?employeeIds[]=67a44a46314f8fe8e568bd5e\",\"status\":\"304\",\"responseTime\":\"401.867\"}","timestamp":"2025-02-15T04:20:47.696Z"}
{"level":"\u001b[32minfo\u001b[39m","message":"{\"method\":\"GET\",\"url\":\"/api/employee/fetch-employeesById?employeeIds[]=67a44a73314f8fe8e568bd61&employeeIds[]=67a44aaa314f8fe8e568bd64\",\"status\":\"304\",\"responseTime\":\"492.854\"}","timestamp":"2025-02-15T04:21:08.371Z"}
{"level":"\u001b[32minfo\u001b[39m","message":"{\"method\":\"GET\",\"url\":\"/api/employee/fetch-employeesById?employeeIds[]=67a44a46314f8fe8e568bd5e\",\"status\":\"304\",\"responseTime\":\"89.625\"}","timestamp":"2025-02-15T04:21:09.091Z"}
{"level":"\u001b[32minfo\u001b[39m","message":"{\"method\":\"GET\",\"url\":\"/api/employee/get-employees?organizationId=67869a6a1514145a64988362\",\"status\":\"304\",\"responseTime\":\"160.052\"}","timestamp":"2025-02-15T04:21:10.981Z"}
{"level":"\u001b[32minfo\u001b[39m","message":"{\"method\":\"GET\",\"url\":\"/api/employee/fetch-employeesById?employeeIds[]=67a44a73314f8fe8e568bd61&employeeIds[]=67a44aaa314f8fe8e568bd64&employeeIds[]=67a44a46314f8fe8e568bd5e\",\"status\":\"304\",\"responseTime\":\"43.446\"}","timestamp":"2025-02-15T04:21:10.996Z"}
{"level":"\u001b[32minfo\u001b[39m","message":"{\"method\":\"GET\",\"url\":\"/api/employee/fetch-employeesById?employeeIds[]=67a44a73314f8fe8e568bd61&employeeIds[]=67a44aaa314f8fe8e568bd64&employeeIds[]=67a44a46314f8fe8e568bd5e\",\"status\":\"304\",\"responseTime\":\"182.829\"}","timestamp":"2025-02-15T04:21:12.161Z"}
{"level":"\u001b[32minfo\u001b[39m","message":"{\"method\":\"GET\",\"url\":\"/api/employee/fetch-employeesById?employeeIds[]=67a44a46314f8fe8e568bd5e&employeeIds[]=67a44aaa314f8fe8e568bd64\",\"status\":\"304\",\"responseTime\":\"80.902\"}","timestamp":"2025-02-15T04:21:12.873Z"}
{"level":"\u001b[32minfo\u001b[39m","message":"{\"method\":\"GET\",\"url\":\"/api/employee/fetch-employeesById?employeeIds[]=67a44a46314f8fe8e568bd5e&employeeIds[]=67a44aaa314f8fe8e568bd64\",\"status\":\"304\",\"responseTime\":\"155.256\"}","timestamp":"2025-02-15T04:21:13.183Z"}
{"level":"\u001b[32minfo\u001b[39m","message":"{\"method\":\"GET\",\"url\":\"/api/employee/fetch-employeesById?employeeIds[]=67a44a46314f8fe8e568bd5e\",\"status\":\"304\",\"responseTime\":\"43.703\"}","timestamp":"2025-02-15T04:21:13.657Z"}
{"level":"\u001b[32minfo\u001b[39m","message":"{\"method\":\"GET\",\"url\":\"/api/employee/get-employees?organizationId=67869a6a1514145a64988362\",\"status\":\"401\",\"responseTime\":\"7.548\"}","timestamp":"2025-02-15T04:30:08.470Z"}
{"level":"\u001b[32minfo\u001b[39m","message":"{\"method\":\"GET\",\"url\":\"/api/employee/get-employees?organizationId=67869a6a1514145a64988362\",\"status\":\"304\",\"responseTime\":\"367.909\"}","timestamp":"2025-02-15T04:30:09.044Z"}
{"level":"\u001b[32minfo\u001b[39m","message":"{\"method\":\"GET\",\"url\":\"/api/employee/fetch-employeesById?employeeIds[]=67a44a73314f8fe8e568bd61&employeeIds[]=67a44aaa314f8fe8e568bd64&employeeIds[]=67a44a46314f8fe8e568bd5e\",\"status\":\"304\",\"responseTime\":\"49.622\"}","timestamp":"2025-02-15T04:30:09.129Z"}
{"level":"\u001b[32minfo\u001b[39m","message":"{\"method\":\"GET\",\"url\":\"/api/employee/fetch-employeesById?employeeIds[]=67a44a73314f8fe8e568bd61&employeeIds[]=67a44aaa314f8fe8e568bd64&employeeIds[]=67a44a46314f8fe8e568bd5e\",\"status\":\"304\",\"responseTime\":\"46.969\"}","timestamp":"2025-02-15T04:30:09.958Z"}
{"level":"\u001b[32minfo\u001b[39m","message":"{\"method\":\"GET\",\"url\":\"/api/employee/fetch-employeesById?employeeIds[]=67a44a46314f8fe8e568bd5e&employeeIds[]=67a44aaa314f8fe8e568bd64\",\"status\":\"304\",\"responseTime\":\"51.137\"}","timestamp":"2025-02-15T04:30:10.213Z"}
{"level":"\u001b[32minfo\u001b[39m","message":"{\"method\":\"GET\",\"url\":\"/api/employee/fetch-employeesById?employeeIds[]=67a44a46314f8fe8e568bd5e&employeeIds[]=67a44aaa314f8fe8e568bd64\",\"status\":\"304\",\"responseTime\":\"114.484\"}","timestamp":"2025-02-15T04:30:10.475Z"}
{"level":"\u001b[32minfo\u001b[39m","message":"{\"method\":\"GET\",\"url\":\"/api/employee/fetch-employeesById\",\"status\":\"304\",\"responseTime\":\"41.817\"}","timestamp":"2025-02-15T04:30:11.317Z"}
{"level":"\u001b[32minfo\u001b[39m","message":"{\"method\":\"GET\",\"url\":\"/api/employee/fetch-employeesById?employeeIds[]=67a44a46314f8fe8e568bd5e\",\"status\":\"304\",\"responseTime\":\"43.258\"}","timestamp":"2025-02-15T04:30:27.670Z"}
{"level":"\u001b[32minfo\u001b[39m","message":"{\"method\":\"GET\",\"url\":\"/api/employee/fetch-employeesById?employeeIds[]=67a44a73314f8fe8e568bd61&employeeIds[]=67a44aaa314f8fe8e568bd64\",\"status\":\"304\",\"responseTime\":\"43.952\"}","timestamp":"2025-02-15T04:30:49.883Z"}
{"level":"\u001b[32minfo\u001b[39m","message":"{\"method\":\"GET\",\"url\":\"/api/employee/fetch-employeesById?employeeIds[]=67a44a73314f8fe8e568bd61\",\"status\":\"304\",\"responseTime\":\"47.718\"}","timestamp":"2025-02-15T04:30:50.042Z"}
{"level":"\u001b[32minfo\u001b[39m","message":"{\"method\":\"GET\",\"url\":\"/api/employee/fetch-employeesById\",\"status\":\"304\",\"responseTime\":\"44.964\"}","timestamp":"2025-02-15T04:30:50.708Z"}
{"level":"\u001b[32minfo\u001b[39m","message":"{\"method\":\"GET\",\"url\":\"/api/employee/fetch-employeesById?employeeIds[]=67a44a46314f8fe8e568bd5e\",\"status\":\"304\",\"responseTime\":\"43.608\"}","timestamp":"2025-02-15T04:31:06.573Z"}
{"level":"\u001b[32minfo\u001b[39m","message":"{\"method\":\"GET\",\"url\":\"/api/employee/fetch-employeesById?employeeIds[]=67a44a46314f8fe8e568bd5e&employeeIds[]=67a44aaa314f8fe8e568bd64\",\"status\":\"304\",\"responseTime\":\"44.571\"}","timestamp":"2025-02-15T04:34:48.582Z"}
{"level":"\u001b[32minfo\u001b[39m","message":"{\"method\":\"GET\",\"url\":\"/api/employee/fetch-employeesById?employeeIds[]=67a44a46314f8fe8e568bd5e&employeeIds[]=67a44aaa314f8fe8e568bd64\",\"status\":\"304\",\"responseTime\":\"51.032\"}","timestamp":"2025-02-15T04:34:48.812Z"}
{"level":"\u001b[32minfo\u001b[39m","message":"{\"method\":\"GET\",\"url\":\"/api/employee/get-employees?organizationId=67869a6a1514145a64988362\",\"status\":\"304\",\"responseTime\":\"153.475\"}","timestamp":"2025-02-15T04:34:51.600Z"}
{"level":"\u001b[32minfo\u001b[39m","message":"{\"method\":\"GET\",\"url\":\"/api/employee/fetch-employeesById?employeeIds[]=67a44a73314f8fe8e568bd61&employeeIds[]=67a44aaa314f8fe8e568bd64&employeeIds[]=67a44a46314f8fe8e568bd5e\",\"status\":\"304\",\"responseTime\":\"67.031\"}","timestamp":"2025-02-15T04:34:51.688Z"}
{"level":"\u001b[32minfo\u001b[39m","message":"{\"method\":\"GET\",\"url\":\"/api/employee/fetch-employeesById?employeeIds[]=67a44a73314f8fe8e568bd61&employeeIds[]=67a44aaa314f8fe8e568bd64&employeeIds[]=67a44a46314f8fe8e568bd5e\",\"status\":\"304\",\"responseTime\":\"45.686\"}","timestamp":"2025-02-15T04:34:57.682Z"}
{"level":"\u001b[32minfo\u001b[39m","message":"{\"method\":\"GET\",\"url\":\"/api/employee/fetch-employeesById?employeeIds[]=67a44a46314f8fe8e568bd5e&employeeIds[]=67a44aaa314f8fe8e568bd64\",\"status\":\"304\",\"responseTime\":\"45.482\"}","timestamp":"2025-02-15T04:34:57.845Z"}
{"level":"\u001b[32minfo\u001b[39m","message":"{\"method\":\"GET\",\"url\":\"/api/employee/fetch-employeesById?employeeIds[]=67a44a46314f8fe8e568bd5e&employeeIds[]=67a44aaa314f8fe8e568bd64\",\"status\":\"304\",\"responseTime\":\"49.553\"}","timestamp":"2025-02-15T04:34:57.988Z"}
{"level":"\u001b[32minfo\u001b[39m","message":"{\"method\":\"GET\",\"url\":\"/api/employee/fetch-employeesById\",\"status\":\"304\",\"responseTime\":\"61.121\"}","timestamp":"2025-02-15T04:34:59.430Z"}
{"level":"\u001b[32minfo\u001b[39m","message":"{\"method\":\"GET\",\"url\":\"/api/employee/fetch-employeesById?employeeIds[]=67a44a46314f8fe8e568bd5e\",\"status\":\"200\",\"responseTime\":\"60.745\"}","timestamp":"2025-02-15T04:45:39.753Z"}
