{"level":"\u001b[32minfo\u001b[39m","message":"{\"method\":\"GET\",\"url\":\"/api/employee/fetch-EmployeesCount?organizationId=67869a6a1514145a64988362\",\"status\":\"304\",\"responseTime\":\"580.590\"}","timestamp":"2025-02-12T03:40:22.583Z"}
{"level":"\u001b[32minfo\u001b[39m","message":"{\"method\":\"GET\",\"url\":\"/api/attendence/get-attendence?employeeEmail=moideenshacpcp10%40gmail.com\",\"status\":\"304\",\"responseTime\":\"354.665\"}","timestamp":"2025-02-12T03:40:46.462Z"}
{"level":"\u001b[32minfo\u001b[39m","message":"{\"method\":\"POST\",\"url\":\"/api/attendence/handle-attendence\",\"status\":\"200\",\"responseTime\":\"1637.204\"}","timestamp":"2025-02-12T03:40:56.918Z"}
{"level":"\u001b[32minfo\u001b[39m","message":"{\"method\":\"GET\",\"url\":\"/api/attendence/get-attendence?employeeEmail=moideenshacpcp10%40gmail.com\",\"status\":\"200\",\"responseTime\":\"335.664\"}","timestamp":"2025-02-12T03:40:57.284Z"}
{"level":"\u001b[32minfo\u001b[39m","message":"{\"method\":\"POST\",\"url\":\"/api/attendence/handle-attendence\",\"status\":\"200\",\"responseTime\":\"3571.889\"}","timestamp":"2025-02-12T03:41:04.182Z"}
{"level":"\u001b[32minfo\u001b[39m","message":"{\"method\":\"GET\",\"url\":\"/api/attendence/get-attendence?employeeEmail=moideenshacpcp10%40gmail.com\",\"status\":\"200\",\"responseTime\":\"75.671\"}","timestamp":"2025-02-12T03:41:04.284Z"}
{"level":"\u001b[32minfo\u001b[39m","message":"{\"method\":\"POST\",\"url\":\"/api/attendence/handle-attendence\",\"status\":\"400\",\"responseTime\":\"383.678\"}","timestamp":"2025-02-12T03:41:06.419Z"}
{"level":"\u001b[32minfo\u001b[39m","message":"{\"method\":\"GET\",\"url\":\"/api/leave/fetch-leave?employeeEmail=moideenshacpcp10%40gmail.com\",\"status\":\"401\",\"responseTime\":\"17.218\"}","timestamp":"2025-02-12T03:41:42.862Z"}
{"level":"\u001b[32minfo\u001b[39m","message":"{\"method\":\"GET\",\"url\":\"/api/leave/fetch-leave?employeeEmail=moideenshacpcp10%40gmail.com\",\"status\":\"304\",\"responseTime\":\"2151.791\"}","timestamp":"2025-02-12T03:41:47.068Z"}
{"level":"\u001b[32minfo\u001b[39m","message":"{\"method\":\"GET\",\"url\":\"/api/attendence/get-attendence?employeeEmail=moideenshacpcp10%40gmail.com\",\"status\":\"200\",\"responseTime\":\"757.266\"}","timestamp":"2025-02-12T03:41:49.939Z"}
{"level":"\u001b[32minfo\u001b[39m","message":"{\"method\":\"GET\",\"url\":\"/api/attendence/get-attendence?employeeEmail=moideenshacpcp10%40gmail.com\",\"status\":\"401\",\"responseTime\":\"7.494\"}","timestamp":"2025-02-12T03:43:52.479Z"}
{"level":"\u001b[32minfo\u001b[39m","message":"{\"method\":\"GET\",\"url\":\"/api/attendence/get-attendence?employeeEmail=moideenshacpcp10%40gmail.com\",\"status\":\"304\",\"responseTime\":\"634.022\"}","timestamp":"2025-02-12T03:43:53.840Z"}
{"level":"\u001b[32minfo\u001b[39m","message":"{\"method\":\"GET\",\"url\":\"/api/employee/fetch-employeesById?employeeIds[]=67a44a46314f8fe8e568bd5e&employeeIds[]=67a44aaa314f8fe8e568bd64&employeeIds[]=67a44a73314f8fe8e568bd61\",\"status\":\"304\",\"responseTime\":\"535.448\"}","timestamp":"2025-02-12T03:48:54.191Z"}
{"level":"\u001b[32minfo\u001b[39m","message":"{\"method\":\"GET\",\"url\":\"/api/employee/fetch-employeesById?employeeIds[]=67a44a46314f8fe8e568bd5e&employeeIds[]=67a44aaa314f8fe8e568bd64\",\"status\":\"304\",\"responseTime\":\"463.773\"}","timestamp":"2025-02-12T03:48:55.373Z"}
{"level":"\u001b[32minfo\u001b[39m","message":"{\"method\":\"GET\",\"url\":\"/api/employee/fetch-employeesById?employeeIds[]=67a44a46314f8fe8e568bd5e&employeeIds[]=67a44aaa314f8fe8e568bd64\",\"status\":\"304\",\"responseTime\":\"1617.067\"}","timestamp":"2025-02-12T03:48:57.136Z"}
{"level":"\u001b[32minfo\u001b[39m","message":"{\"method\":\"GET\",\"url\":\"/api/employee/fetch-employeesById?employeeIds[]=67a44a46314f8fe8e568bd5e&employeeIds[]=67a44aaa314f8fe8e568bd64\",\"status\":\"304\",\"responseTime\":\"372.707\"}","timestamp":"2025-02-12T03:49:05.966Z"}
{"level":"\u001b[32minfo\u001b[39m","message":"{\"method\":\"GET\",\"url\":\"/api/employee/fetch-employeesById?employeeIds[]=67a44a46314f8fe8e568bd5e&employeeIds[]=67a44aaa314f8fe8e568bd64\",\"status\":\"304\",\"responseTime\":\"62.041\"}","timestamp":"2025-02-12T03:49:06.399Z"}
{"level":"\u001b[32minfo\u001b[39m","message":"{\"method\":\"GET\",\"url\":\"/api/employee/fetch-employeesById?employeeIds[]=67a44a46314f8fe8e568bd5e&employeeIds[]=67a44a73314f8fe8e568bd61\",\"status\":\"304\",\"responseTime\":\"1587.449\"}","timestamp":"2025-02-12T03:49:22.629Z"}
{"level":"\u001b[32minfo\u001b[39m","message":"{\"method\":\"GET\",\"url\":\"/api/employee/fetch-employeesById?employeeIds[]=67a44a46314f8fe8e568bd5e&employeeIds[]=67a44a73314f8fe8e568bd61\",\"status\":\"304\",\"responseTime\":\"470.007\"}","timestamp":"2025-02-12T03:49:24.183Z"}
{"level":"\u001b[32minfo\u001b[39m","message":"{\"method\":\"GET\",\"url\":\"/api/employee/fetch-employeesById?employeeIds[]=67a44a46314f8fe8e568bd5e&employeeIds[]=67a44aaa314f8fe8e568bd64\",\"status\":\"304\",\"responseTime\":\"485.910\"}","timestamp":"2025-02-12T03:49:24.189Z"}
{"level":"\u001b[32minfo\u001b[39m","message":"{\"method\":\"GET\",\"url\":\"/api/employee/fetch-employeesById?employeeIds[]=67a44a46314f8fe8e568bd5e&employeeIds[]=67a44aaa314f8fe8e568bd64\",\"status\":\"304\",\"responseTime\":\"573.580\"}","timestamp":"2025-02-12T03:49:25.295Z"}
{"level":"\u001b[32minfo\u001b[39m","message":"{\"method\":\"GET\",\"url\":\"/api/employee/get-employees?organizationId=67869a6a1514145a64988362&page=1&pageSize=2\",\"status\":\"401\",\"responseTime\":\"14.748\"}","timestamp":"2025-02-12T03:53:17.304Z"}
{"level":"\u001b[32minfo\u001b[39m","message":"{\"method\":\"GET\",\"url\":\"/api/employee/fetch-position?organizationId=67869a6a1514145a64988362\",\"status\":\"401\",\"responseTime\":\"6.278\"}","timestamp":"2025-02-12T03:53:17.327Z"}
{"level":"\u001b[32minfo\u001b[39m","message":"{\"method\":\"GET\",\"url\":\"/api/employee/fetch-position?organizationId=67869a6a1514145a64988362\",\"status\":\"304\",\"responseTime\":\"851.463\"}","timestamp":"2025-02-12T03:53:18.747Z"}
{"level":"\u001b[32minfo\u001b[39m","message":"{\"method\":\"GET\",\"url\":\"/api/employee/get-employees?organizationId=67869a6a1514145a64988362&page=1&pageSize=2\",\"status\":\"304\",\"responseTime\":\"881.519\"}","timestamp":"2025-02-12T03:53:18.762Z"}
{"level":"\u001b[32minfo\u001b[39m","message":"{\"method\":\"GET\",\"url\":\"/api/employee/fetch-position?organizationId=67869a6a1514145a64988362\",\"status\":\"304\",\"responseTime\":\"463.261\"}","timestamp":"2025-02-12T03:53:27.866Z"}
{"level":"\u001b[32minfo\u001b[39m","message":"{\"method\":\"GET\",\"url\":\"/api/attendence/get-attendence?employeeEmail=moideenshacpcp10%40gmail.com\",\"status\":\"200\",\"responseTime\":\"392.237\"}","timestamp":"2025-02-12T03:53:30.479Z"}
{"level":"\u001b[32minfo\u001b[39m","message":"{\"method\":\"GET\",\"url\":\"/api/employee/fetch-position?organizationId=67869a6a1514145a64988362\",\"status\":\"304\",\"responseTime\":\"479.576\"}","timestamp":"2025-02-12T03:53:34.320Z"}
{"level":"\u001b[32minfo\u001b[39m","message":"{\"method\":\"GET\",\"url\":\"/api/employee/get-employees?organizationId=67869a6a1514145a64988362&page=1&pageSize=2\",\"status\":\"304\",\"responseTime\":\"882.636\"}","timestamp":"2025-02-12T03:53:34.712Z"}
{"level":"\u001b[32minfo\u001b[39m","message":"{\"method\":\"GET\",\"url\":\"/api/employee/fetch-position?organizationId=67869a6a1514145a64988362\",\"status\":\"401\",\"responseTime\":\"5.246\"}","timestamp":"2025-02-12T03:58:10.699Z"}
{"level":"\u001b[32minfo\u001b[39m","message":"{\"method\":\"GET\",\"url\":\"/api/employee/fetch-position?organizationId=67869a6a1514145a64988362\",\"status\":\"304\",\"responseTime\":\"1204.014\"}","timestamp":"2025-02-12T03:58:14.032Z"}
{"level":"\u001b[32minfo\u001b[39m","message":"{\"method\":\"GET\",\"url\":\"/api/employee/fetch-position?organizationId=67869a6a1514145a64988362\",\"status\":\"304\",\"responseTime\":\"447.754\"}","timestamp":"2025-02-12T04:01:20.708Z"}
{"level":"\u001b[32minfo\u001b[39m","message":"{\"method\":\"GET\",\"url\":\"/api/employee/get-employees?organizationId=67869a6a1514145a64988362&page=1&pageSize=2\",\"status\":\"304\",\"responseTime\":\"878.777\"}","timestamp":"2025-02-12T04:01:21.126Z"}
{"level":"\u001b[32minfo\u001b[39m","message":"{\"method\":\"GET\",\"url\":\"/api/employee/fetch-position?organizationId=67869a6a1514145a64988362\",\"status\":\"401\",\"responseTime\":\"2.919\"}","timestamp":"2025-02-12T04:01:22.079Z"}
{"level":"\u001b[32minfo\u001b[39m","message":"{\"method\":\"GET\",\"url\":\"/api/employee/fetch-position?organizationId=67869a6a1514145a64988362\",\"status\":\"304\",\"responseTime\":\"431.528\"}","timestamp":"2025-02-12T04:01:22.908Z"}
{"level":"\u001b[32minfo\u001b[39m","message":"{\"method\":\"GET\",\"url\":\"/api/employee/fetch-position?organizationId=67869a6a1514145a64988362\",\"status\":\"304\",\"responseTime\":\"449.127\"}","timestamp":"2025-02-12T04:01:26.009Z"}
{"level":"\u001b[32minfo\u001b[39m","message":"{\"method\":\"GET\",\"url\":\"/api/employee/get-employees?organizationId=67869a6a1514145a64988362&page=1&pageSize=2\",\"status\":\"304\",\"responseTime\":\"519.895\"}","timestamp":"2025-02-12T04:01:26.069Z"}
{"level":"\u001b[32minfo\u001b[39m","message":"{\"method\":\"GET\",\"url\":\"/api/employee/fetch-position?organizationId=67869a6a1514145a64988362\",\"status\":\"304\",\"responseTime\":\"407.336\"}","timestamp":"2025-02-12T04:02:14.054Z"}
{"level":"\u001b[32minfo\u001b[39m","message":"{\"method\":\"GET\",\"url\":\"/api/employee/fetch-EmployeesCount?organizationId=67869a6a1514145a64988362\",\"status\":\"401\",\"responseTime\":\"4.288\"}","timestamp":"2025-02-12T04:02:33.406Z"}
{"level":"\u001b[32minfo\u001b[39m","message":"{\"method\":\"GET\",\"url\":\"/api/employee/fetch-EmployeesCount?organizationId=67869a6a1514145a64988362\",\"status\":\"304\",\"responseTime\":\"456.054\"}","timestamp":"2025-02-12T04:02:34.409Z"}
{"level":"\u001b[32minfo\u001b[39m","message":"{\"method\":\"GET\",\"url\":\"/api/employee/fetch-EmployeesCount?organizationId=67869a6a1514145a64988362\",\"status\":\"401\",\"responseTime\":\"6.430\"}","timestamp":"2025-02-12T04:04:11.128Z"}
{"level":"\u001b[32minfo\u001b[39m","message":"{\"method\":\"GET\",\"url\":\"/api/employee/fetch-EmployeesCount?organizationId=67869a6a1514145a64988362\",\"status\":\"304\",\"responseTime\":\"295.885\"}","timestamp":"2025-02-12T04:04:12.579Z"}
{"level":"\u001b[32minfo\u001b[39m","message":"{\"method\":\"GET\",\"url\":\"/api/employee/fetch-EmployeesCount?organizationId=67869a6a1514145a64988362\",\"status\":\"401\",\"responseTime\":\"4.296\"}","timestamp":"2025-02-12T04:12:26.898Z"}
{"level":"\u001b[32minfo\u001b[39m","message":"{\"method\":\"GET\",\"url\":\"/api/employee/fetch-EmployeesCount?organizationId=67869a6a1514145a64988362\",\"status\":\"304\",\"responseTime\":\"2211.637\"}","timestamp":"2025-02-12T04:12:45.979Z"}
{"level":"\u001b[32minfo\u001b[39m","message":"{\"method\":\"GET\",\"url\":\"/api/employee/fetch-position?organizationId=67869a6a1514145a64988362\",\"status\":\"304\",\"responseTime\":\"520.566\"}","timestamp":"2025-02-12T04:13:28.909Z"}
{"level":"\u001b[32minfo\u001b[39m","message":"{\"method\":\"GET\",\"url\":\"/api/employee/get-employees?organizationId=67869a6a1514145a64988362&page=1&pageSize=2\",\"status\":\"304\",\"responseTime\":\"595.232\"}","timestamp":"2025-02-12T04:13:28.962Z"}
{"level":"\u001b[32minfo\u001b[39m","message":"{\"method\":\"GET\",\"url\":\"/api/employee/fetch-EmployeesCount?organizationId=67869a6a1514145a64988362\",\"status\":\"304\",\"responseTime\":\"60.103\"}","timestamp":"2025-02-12T04:13:30.658Z"}
{"level":"\u001b[32minfo\u001b[39m","message":"{\"method\":\"GET\",\"url\":\"/api/employee/get-employees?organizationId=67869a6a1514145a64988362\",\"status\":\"401\",\"responseTime\":\"2.575\"}","timestamp":"2025-02-12T04:14:39.266Z"}
{"level":"\u001b[32minfo\u001b[39m","message":"{\"method\":\"GET\",\"url\":\"/api/employee/get-employees?organizationId=67869a6a1514145a64988362\",\"status\":\"304\",\"responseTime\":\"174.524\"}","timestamp":"2025-02-12T04:14:40.206Z"}
{"level":"\u001b[32minfo\u001b[39m","message":"{\"method\":\"GET\",\"url\":\"/api/employee/get-employees?organizationId=67869a6a1514145a64988362\",\"status\":\"304\",\"responseTime\":\"156.497\"}","timestamp":"2025-02-12T04:14:40.819Z"}
{"level":"\u001b[32minfo\u001b[39m","message":"{\"method\":\"GET\",\"url\":\"/api/employee/get-employees?organizationId=67869a6a1514145a64988362\",\"status\":\"401\",\"responseTime\":\"4.372\"}","timestamp":"2025-02-12T04:17:54.131Z"}
{"level":"\u001b[32minfo\u001b[39m","message":"{\"method\":\"GET\",\"url\":\"/api/employee/get-employees?organizationId=67869a6a1514145a64988362\",\"status\":\"304\",\"responseTime\":\"172.915\"}","timestamp":"2025-02-12T04:17:54.570Z"}
{"level":"\u001b[32minfo\u001b[39m","message":"{\"method\":\"GET\",\"url\":\"/api/employee/get-employees?organizationId=67869a6a1514145a64988362\",\"status\":\"304\",\"responseTime\":\"111.276\"}","timestamp":"2025-02-12T04:17:54.704Z"}
{"level":"\u001b[32minfo\u001b[39m","message":"{\"method\":\"GET\",\"url\":\"/api/employee/get-employees?organizationId=67869a6a1514145a64988362\",\"status\":\"304\",\"responseTime\":\"98.765\"}","timestamp":"2025-02-12T04:18:01.867Z"}
{"level":"\u001b[32minfo\u001b[39m","message":"{\"method\":\"GET\",\"url\":\"/api/employee/get-employees?organizationId=67869a6a1514145a64988362\",\"status\":\"304\",\"responseTime\":\"111.511\"}","timestamp":"2025-02-12T04:18:01.994Z"}
{"level":"\u001b[32minfo\u001b[39m","message":"{\"method\":\"GET\",\"url\":\"/api/employee/get-employees?organizationId=67869a6a1514145a64988362\",\"status\":\"304\",\"responseTime\":\"187.245\"}","timestamp":"2025-02-12T04:18:02.195Z"}
{"level":"\u001b[32minfo\u001b[39m","message":"{\"method\":\"GET\",\"url\":\"/api/employee/get-employees?organizationId=67869a6a1514145a64988362\",\"status\":\"304\",\"responseTime\":\"100.589\"}","timestamp":"2025-02-12T04:18:05.848Z"}
{"level":"\u001b[32minfo\u001b[39m","message":"{\"method\":\"GET\",\"url\":\"/api/employee/get-employees?organizationId=67869a6a1514145a64988362\",\"status\":\"304\",\"responseTime\":\"176.081\"}","timestamp":"2025-02-12T04:18:09.315Z"}
{"level":"\u001b[32minfo\u001b[39m","message":"{\"method\":\"GET\",\"url\":\"/api/employee/get-employees?organizationId=67869a6a1514145a64988362\",\"status\":\"304\",\"responseTime\":\"98.958\"}","timestamp":"2025-02-12T04:18:14.694Z"}
{"level":"\u001b[32minfo\u001b[39m","message":"{\"method\":\"GET\",\"url\":\"/api/employee/get-employees?organizationId=67869a6a1514145a64988362\",\"status\":\"304\",\"responseTime\":\"97.573\"}","timestamp":"2025-02-12T04:18:14.799Z"}
{"level":"\u001b[32minfo\u001b[39m","message":"{\"method\":\"GET\",\"url\":\"/api/employee/fetch-employeesById?employeeIds[]=67a44a46314f8fe8e568bd5e\",\"status\":\"304\",\"responseTime\":\"173.575\"}","timestamp":"2025-02-12T04:18:18.954Z"}
{"level":"\u001b[32minfo\u001b[39m","message":"{\"method\":\"GET\",\"url\":\"/api/employee/fetch-employeesById?employeeIds[]=67a44a46314f8fe8e568bd5e&employeeIds[]=67a44a73314f8fe8e568bd61\",\"status\":\"304\",\"responseTime\":\"155.359\"}","timestamp":"2025-02-12T04:18:21.095Z"}
{"level":"\u001b[32minfo\u001b[39m","message":"{\"method\":\"GET\",\"url\":\"/api/employee/fetch-employeesById?employeeIds[]=67a44a46314f8fe8e568bd5e&employeeIds[]=67a44aaa314f8fe8e568bd64&employeeIds[]=67a44a73314f8fe8e568bd61\",\"status\":\"304\",\"responseTime\":\"119.285\"}","timestamp":"2025-02-12T04:18:30.861Z"}
{"level":"\u001b[32minfo\u001b[39m","message":"{\"method\":\"GET\",\"url\":\"/api/employee/fetch-employeesById?employeeIds[]=67a44a46314f8fe8e568bd5e&employeeIds[]=67a44aaa314f8fe8e568bd64\",\"status\":\"304\",\"responseTime\":\"100.538\"}","timestamp":"2025-02-12T04:18:31.339Z"}
{"level":"\u001b[32minfo\u001b[39m","message":"{\"method\":\"GET\",\"url\":\"/api/employee/fetch-employeesById?employeeIds[]=67a44a46314f8fe8e568bd5e&employeeIds[]=67a44aaa314f8fe8e568bd64\",\"status\":\"304\",\"responseTime\":\"71.428\"}","timestamp":"2025-02-12T04:18:31.641Z"}
{"level":"\u001b[32minfo\u001b[39m","message":"{\"method\":\"GET\",\"url\":\"/api/employee/fetch-employeesById?employeeIds[]=67a44a46314f8fe8e568bd5e&employeeIds[]=67a44aaa314f8fe8e568bd64&employeeIds[]=67a44a73314f8fe8e568bd61\",\"status\":\"304\",\"responseTime\":\"601.886\"}","timestamp":"2025-02-12T04:25:26.058Z"}
{"level":"\u001b[32minfo\u001b[39m","message":"{\"method\":\"GET\",\"url\":\"/api/employee/fetch-EmployeesCount?organizationId=67869a6a1514145a64988362\",\"status\":\"304\",\"responseTime\":\"75.560\"}","timestamp":"2025-02-12T04:25:26.814Z"}
{"level":"\u001b[32minfo\u001b[39m","message":"{\"method\":\"GET\",\"url\":\"/api/employee/fetch-employeesById?employeeIds[]=67a44a46314f8fe8e568bd5e&employeeIds[]=67a44aaa314f8fe8e568bd64\",\"status\":\"304\",\"responseTime\":\"387.606\"}","timestamp":"2025-02-12T04:25:27.166Z"}
{"level":"\u001b[32minfo\u001b[39m","message":"{\"method\":\"GET\",\"url\":\"/api/employee/fetch-position?organizationId=67869a6a1514145a64988362\",\"status\":\"304\",\"responseTime\":\"52.281\"}","timestamp":"2025-02-12T04:25:28.329Z"}
{"level":"\u001b[32minfo\u001b[39m","message":"{\"method\":\"GET\",\"url\":\"/api/employee/get-employees?organizationId=67869a6a1514145a64988362&page=1&pageSize=2\",\"status\":\"304\",\"responseTime\":\"92.046\"}","timestamp":"2025-02-12T04:25:28.359Z"}
{"level":"\u001b[32minfo\u001b[39m","message":"{\"method\":\"GET\",\"url\":\"/api/employee/get-employees?organizationId=67869a6a1514145a64988362\",\"status\":\"304\",\"responseTime\":\"105.038\"}","timestamp":"2025-02-12T04:25:29.708Z"}
{"level":"\u001b[32minfo\u001b[39m","message":"{\"method\":\"GET\",\"url\":\"/api/employee/get-employees?organizationId=67869a6a1514145a64988362\",\"status\":\"304\",\"responseTime\":\"141.388\"}","timestamp":"2025-02-12T04:25:29.895Z"}
{"level":"\u001b[32minfo\u001b[39m","message":"{\"method\":\"GET\",\"url\":\"/api/employee/get-employees?organizationId=67869a6a1514145a64988362\",\"status\":\"304\",\"responseTime\":\"107.928\"}","timestamp":"2025-02-12T04:25:30.034Z"}
{"level":"\u001b[32minfo\u001b[39m","message":"{\"method\":\"GET\",\"url\":\"/api/leave/fetch-remainingLeaves?organizationId=67869a6a1514145a64988362&employeeEmail=moideenshacpcp10%40gmail.com\",\"status\":\"304\",\"responseTime\":\"277.156\"}","timestamp":"2025-02-12T04:25:30.045Z"}
{"level":"\u001b[32minfo\u001b[39m","message":"{\"method\":\"GET\",\"url\":\"/api/leave/fetch-leave?employeeEmail=moideenshacpcp10%40gmail.com\",\"status\":\"304\",\"responseTime\":\"380.354\"}","timestamp":"2025-02-12T04:25:30.186Z"}
{"level":"\u001b[32minfo\u001b[39m","message":"{\"method\":\"GET\",\"url\":\"/api/employee/get-employees?organizationId=67869a6a1514145a64988362\",\"status\":\"304\",\"responseTime\":\"100.366\"}","timestamp":"2025-02-12T04:25:30.201Z"}
{"level":"\u001b[32minfo\u001b[39m","message":"{\"method\":\"GET\",\"url\":\"/api/employee/get-employees?organizationId=67869a6a1514145a64988362\",\"status\":\"304\",\"responseTime\":\"97.376\"}","timestamp":"2025-02-12T04:25:30.354Z"}
{"level":"\u001b[32minfo\u001b[39m","message":"{\"method\":\"GET\",\"url\":\"/api/attendence/get-policy?organizationId=67869a6a1514145a64988362\",\"status\":\"304\",\"responseTime\":\"60.508\"}","timestamp":"2025-02-12T04:25:31.325Z"}
{"level":"\u001b[32minfo\u001b[39m","message":"{\"method\":\"GET\",\"url\":\"/api/employee/get-employees?organizationId=67869a6a1514145a64988362\",\"status\":\"304\",\"responseTime\":\"99.220\"}","timestamp":"2025-02-12T04:25:32.296Z"}
{"level":"\u001b[32minfo\u001b[39m","message":"{\"method\":\"GET\",\"url\":\"/api/employee/get-employees?organizationId=67869a6a1514145a64988362\",\"status\":\"304\",\"responseTime\":\"98.563\"}","timestamp":"2025-02-12T04:25:32.409Z"}
{"level":"\u001b[32minfo\u001b[39m","message":"{\"method\":\"GET\",\"url\":\"/api/employee/get-employees?organizationId=67869a6a1514145a64988362\",\"status\":\"304\",\"responseTime\":\"111.971\"}","timestamp":"2025-02-12T04:25:33.502Z"}
{"level":"\u001b[32minfo\u001b[39m","message":"{\"method\":\"GET\",\"url\":\"/api/employee/fetch-employeesById?employeeIds[]=67a44a46314f8fe8e568bd5e&employeeIds[]=67a44aaa314f8fe8e568bd64&employeeIds[]=67a44a73314f8fe8e568bd61\",\"status\":\"304\",\"responseTime\":\"73.078\"}","timestamp":"2025-02-12T04:25:33.595Z"}
{"level":"\u001b[32minfo\u001b[39m","message":"{\"method\":\"GET\",\"url\":\"/api/employee/fetch-employeesById?employeeIds[]=67a44a46314f8fe8e568bd5e&employeeIds[]=67a44aaa314f8fe8e568bd64&employeeIds[]=67a44a73314f8fe8e568bd61\",\"status\":\"304\",\"responseTime\":\"53.676\"}","timestamp":"2025-02-12T04:25:34.435Z"}
{"level":"\u001b[32minfo\u001b[39m","message":"{\"method\":\"GET\",\"url\":\"/api/employee/fetch-employeesById?employeeIds[]=67a44a46314f8fe8e568bd5e&employeeIds[]=67a44aaa314f8fe8e568bd64\",\"status\":\"304\",\"responseTime\":\"54.729\"}","timestamp":"2025-02-12T04:25:34.670Z"}
{"level":"\u001b[32minfo\u001b[39m","message":"{\"method\":\"GET\",\"url\":\"/api/employee/fetch-employeesById?employeeIds[]=67a44a46314f8fe8e568bd5e&employeeIds[]=67a44aaa314f8fe8e568bd64\",\"status\":\"304\",\"responseTime\":\"55.400\"}","timestamp":"2025-02-12T04:25:34.902Z"}
{"level":"\u001b[32minfo\u001b[39m","message":"{\"method\":\"GET\",\"url\":\"/api/employee/get-employees?organizationId=67869a6a1514145a64988362\",\"status\":\"304\",\"responseTime\":\"109.672\"}","timestamp":"2025-02-12T04:25:36.343Z"}
{"level":"\u001b[32minfo\u001b[39m","message":"{\"method\":\"GET\",\"url\":\"/api/employee/get-employees?organizationId=67869a6a1514145a64988362\",\"status\":\"304\",\"responseTime\":\"94.586\"}","timestamp":"2025-02-12T04:25:36.451Z"}
{"level":"\u001b[32minfo\u001b[39m","message":"{\"method\":\"GET\",\"url\":\"/api/employee/get-employees?organizationId=67869a6a1514145a64988362\",\"status\":\"304\",\"responseTime\":\"98.461\"}","timestamp":"2025-02-12T04:25:36.561Z"}
{"level":"\u001b[32minfo\u001b[39m","message":"{\"method\":\"GET\",\"url\":\"/api/attendence/get-attendence?employeeEmail=mehnarafincp10%40gmail.com\",\"status\":\"401\",\"responseTime\":\"1.748\"}","timestamp":"2025-02-12T04:26:12.040Z"}
{"level":"\u001b[32minfo\u001b[39m","message":"{\"method\":\"GET\",\"url\":\"/api/attendence/get-attendence?employeeEmail=mehnarafincp10%40gmail.com\",\"status\":\"304\",\"responseTime\":\"59.172\"}","timestamp":"2025-02-12T04:26:12.461Z"}
{"level":"\u001b[32minfo\u001b[39m","message":"{\"method\":\"GET\",\"url\":\"/api/employee/get-employees?organizationId=67869a6a1514145a64988362\",\"status\":\"401\",\"responseTime\":\"5.280\"}","timestamp":"2025-02-12T04:28:23.386Z"}
{"level":"\u001b[32minfo\u001b[39m","message":"{\"method\":\"GET\",\"url\":\"/api/employee/get-employees?organizationId=67869a6a1514145a64988362\",\"status\":\"401\",\"responseTime\":\"4.179\"}","timestamp":"2025-02-12T04:28:23.410Z"}
{"level":"\u001b[32minfo\u001b[39m","message":"{\"method\":\"GET\",\"url\":\"/api/employee/get-employees?organizationId=67869a6a1514145a64988362\",\"status\":\"304\",\"responseTime\":\"98.464\"}","timestamp":"2025-02-12T04:28:23.670Z"}
{"level":"\u001b[32minfo\u001b[39m","message":"{\"method\":\"GET\",\"url\":\"/api/employee/get-employees?organizationId=67869a6a1514145a64988362\",\"status\":\"304\",\"responseTime\":\"101.344\"}","timestamp":"2025-02-12T04:28:23.788Z"}
{"level":"\u001b[32minfo\u001b[39m","message":"{\"method\":\"GET\",\"url\":\"/api/employee/get-employees?organizationId=67869a6a1514145a64988362\",\"status\":\"304\",\"responseTime\":\"143.186\"}","timestamp":"2025-02-12T04:28:23.941Z"}
{"level":"\u001b[32minfo\u001b[39m","message":"{\"method\":\"GET\",\"url\":\"/api/employee/get-employees?organizationId=67869a6a1514145a64988362\",\"status\":\"401\",\"responseTime\":\"26.782\"}","timestamp":"2025-02-12T04:42:49.551Z"}
{"level":"\u001b[32minfo\u001b[39m","message":"{\"method\":\"GET\",\"url\":\"/api/employee/get-employees?organizationId=67869a6a1514145a64988362\",\"status\":\"304\",\"responseTime\":\"401.204\"}","timestamp":"2025-02-12T04:42:50.759Z"}
{"level":"\u001b[32minfo\u001b[39m","message":"{\"method\":\"GET\",\"url\":\"/api/employee/fetch-employeesById?employeeIds[]=67a44a46314f8fe8e568bd5e&employeeIds[]=67a44aaa314f8fe8e568bd64&employeeIds[]=67a44a73314f8fe8e568bd61\",\"status\":\"304\",\"responseTime\":\"120.343\"}","timestamp":"2025-02-12T04:42:51.011Z"}
{"level":"\u001b[32minfo\u001b[39m","message":"{\"method\":\"GET\",\"url\":\"/api/employee/fetch-employeesById?employeeIds[]=67a44a73314f8fe8e568bd61&employeeIds[]=67a44aaa314f8fe8e568bd64&employeeIds[]=67a44a46314f8fe8e568bd5e\",\"status\":\"200\",\"responseTime\":\"86.665\"}","timestamp":"2025-02-12T04:44:02.811Z"}
{"level":"\u001b[32minfo\u001b[39m","message":"{\"method\":\"GET\",\"url\":\"/api/employee/fetch-employeesById?employeeIds[]=67a44a73314f8fe8e568bd61&employeeIds[]=67a44aaa314f8fe8e568bd64&employeeIds[]=67a44a46314f8fe8e568bd5e\",\"status\":\"304\",\"responseTime\":\"83.662\"}","timestamp":"2025-02-12T04:44:17.067Z"}
{"level":"\u001b[32minfo\u001b[39m","message":"{\"method\":\"GET\",\"url\":\"/api/employee/fetch-employeesById?employeeIds[]=67a44a46314f8fe8e568bd5e&employeeIds[]=67a44aaa314f8fe8e568bd64\",\"status\":\"304\",\"responseTime\":\"94.775\"}","timestamp":"2025-02-12T04:44:17.639Z"}
{"level":"\u001b[32minfo\u001b[39m","message":"{\"method\":\"GET\",\"url\":\"/api/employee/fetch-employeesById?employeeIds[]=67a44a46314f8fe8e568bd5e&employeeIds[]=67a44aaa314f8fe8e568bd64\",\"status\":\"304\",\"responseTime\":\"93.362\"}","timestamp":"2025-02-12T04:44:18.420Z"}
{"level":"\u001b[32minfo\u001b[39m","message":"{\"method\":\"GET\",\"url\":\"/api/employee/fetch-employeesById?employeeIds[]=67a44a46314f8fe8e568bd5e&employeeIds[]=67a44aaa314f8fe8e568bd64&employeeIds[]=67a44a73314f8fe8e568bd61\",\"status\":\"304\",\"responseTime\":\"85.920\"}","timestamp":"2025-02-12T04:45:05.841Z"}
{"level":"\u001b[32minfo\u001b[39m","message":"{\"method\":\"GET\",\"url\":\"/api/employee/fetch-employeesById?employeeIds[]=67a44a46314f8fe8e568bd5e&employeeIds[]=67a44aaa314f8fe8e568bd64\",\"status\":\"304\",\"responseTime\":\"83.199\"}","timestamp":"2025-02-12T04:45:06.321Z"}
{"level":"\u001b[32minfo\u001b[39m","message":"{\"method\":\"GET\",\"url\":\"/api/employee/fetch-employeesById?employeeIds[]=67a44a46314f8fe8e568bd5e\",\"status\":\"304\",\"responseTime\":\"94.294\"}","timestamp":"2025-02-12T04:45:09.594Z"}
{"level":"\u001b[32minfo\u001b[39m","message":"{\"method\":\"GET\",\"url\":\"/api/employee/fetch-employeesById?employeeIds[]=67a44a73314f8fe8e568bd61&employeeIds[]=67a44aaa314f8fe8e568bd64&employeeIds[]=67a44a46314f8fe8e568bd5e\",\"status\":\"200\",\"responseTime\":\"94.415\"}","timestamp":"2025-02-12T04:45:18.045Z"}
{"level":"\u001b[32minfo\u001b[39m","message":"{\"method\":\"GET\",\"url\":\"/api/employee/fetch-employeesById?employeeIds[]=67a44a46314f8fe8e568bd5e&employeeIds[]=67a44aaa314f8fe8e568bd64&employeeIds[]=67a44a73314f8fe8e568bd61\",\"status\":\"304\",\"responseTime\":\"209.598\"}","timestamp":"2025-02-12T04:45:19.312Z"}
{"level":"\u001b[32minfo\u001b[39m","message":"{\"method\":\"GET\",\"url\":\"/api/employee/fetch-employeesById?employeeIds[]=67a44a46314f8fe8e568bd5e&employeeIds[]=67a44aaa314f8fe8e568bd64\",\"status\":\"200\",\"responseTime\":\"75.849\"}","timestamp":"2025-02-12T04:45:19.841Z"}
{"level":"\u001b[32minfo\u001b[39m","message":"{\"method\":\"GET\",\"url\":\"/api/employee/fetch-employeesById?employeeIds[]=67a44a46314f8fe8e568bd5e\",\"status\":\"200\",\"responseTime\":\"118.896\"}","timestamp":"2025-02-12T04:45:22.655Z"}
{"level":"\u001b[32minfo\u001b[39m","message":"{\"method\":\"GET\",\"url\":\"/api/employee/fetch-employeesById?employeeIds[]=67a44a46314f8fe8e568bd5e&employeeIds[]=67a44a73314f8fe8e568bd61\",\"status\":\"304\",\"responseTime\":\"386.221\"}","timestamp":"2025-02-12T04:46:38.724Z"}
{"level":"\u001b[32minfo\u001b[39m","message":"{\"method\":\"GET\",\"url\":\"/api/employee/fetch-employeesById?employeeIds=67a44a46314f8fe8e568bd5e\",\"status\":\"304\",\"responseTime\":\"60.041\"}","timestamp":"2025-02-12T04:46:42.286Z"}
{"level":"\u001b[32minfo\u001b[39m","message":"{\"method\":\"GET\",\"url\":\"/api/employee/fetch-employeesById?employeeIds[]=67a44a46314f8fe8e568bd5e&employeeIds[]=67a44aaa314f8fe8e568bd64&employeeIds[]=67a44a73314f8fe8e568bd61\",\"status\":\"304\",\"responseTime\":\"115.358\"}","timestamp":"2025-02-12T04:46:43.728Z"}
{"level":"\u001b[32minfo\u001b[39m","message":"{\"method\":\"GET\",\"url\":\"/api/employee/get-employees?organizationId=67869a6a1514145a64988362\",\"status\":\"304\",\"responseTime\":\"96.077\"}","timestamp":"2025-02-12T04:46:51.790Z"}
{"level":"\u001b[32minfo\u001b[39m","message":"{\"method\":\"GET\",\"url\":\"/api/employee/get-employees?organizationId=67869a6a1514145a64988362\",\"status\":\"304\",\"responseTime\":\"926.261\"}","timestamp":"2025-02-12T04:46:52.747Z"}
{"level":"\u001b[32minfo\u001b[39m","message":"{\"method\":\"GET\",\"url\":\"/api/employee/get-employees?organizationId=67869a6a1514145a64988362\",\"status\":\"304\",\"responseTime\":\"109.917\"}","timestamp":"2025-02-12T04:46:52.881Z"}
{"level":"\u001b[32minfo\u001b[39m","message":"{\"method\":\"GET\",\"url\":\"/api/employee/get-employees?organizationId=67869a6a1514145a64988362\",\"status\":\"304\",\"responseTime\":\"123.246\"}","timestamp":"2025-02-12T04:47:41.124Z"}
{"level":"\u001b[32minfo\u001b[39m","message":"{\"method\":\"GET\",\"url\":\"/api/employee/get-employees?organizationId=67869a6a1514145a64988362\",\"status\":\"304\",\"responseTime\":\"114.608\"}","timestamp":"2025-02-12T04:48:14.848Z"}
{"level":"\u001b[32minfo\u001b[39m","message":"{\"method\":\"GET\",\"url\":\"/api/employee/get-employees?organizationId=67869a6a1514145a64988362\",\"status\":\"304\",\"responseTime\":\"120.827\"}","timestamp":"2025-02-12T04:48:15.020Z"}
{"level":"\u001b[32minfo\u001b[39m","message":"{\"method\":\"GET\",\"url\":\"/api/employee/get-employees?organizationId=67869a6a1514145a64988362\",\"status\":\"304\",\"responseTime\":\"135.294\"}","timestamp":"2025-02-12T04:48:46.729Z"}
{"level":"\u001b[32minfo\u001b[39m","message":"{\"method\":\"GET\",\"url\":\"/api/employee/get-employees?organizationId=67869a6a1514145a64988362\",\"status\":\"304\",\"responseTime\":\"206.890\"}","timestamp":"2025-02-12T04:48:47.011Z"}
{"level":"\u001b[32minfo\u001b[39m","message":"{\"method\":\"GET\",\"url\":\"/api/employee/get-employees?organizationId=67869a6a1514145a64988362\",\"status\":\"304\",\"responseTime\":\"96.499\"}","timestamp":"2025-02-12T04:48:47.233Z"}
{"level":"\u001b[32minfo\u001b[39m","message":"{\"method\":\"GET\",\"url\":\"/api/employee/get-employees?organizationId=67869a6a1514145a64988362\",\"status\":\"304\",\"responseTime\":\"133.097\"}","timestamp":"2025-02-12T04:49:04.265Z"}
{"level":"\u001b[32minfo\u001b[39m","message":"{\"method\":\"GET\",\"url\":\"/api/employee/get-employees?organizationId=67869a6a1514145a64988362\",\"status\":\"304\",\"responseTime\":\"135.831\"}","timestamp":"2025-02-12T04:49:04.595Z"}
{"level":"\u001b[32minfo\u001b[39m","message":"{\"method\":\"GET\",\"url\":\"/api/employee/get-employees?organizationId=67869a6a1514145a64988362\",\"status\":\"304\",\"responseTime\":\"99.730\"}","timestamp":"2025-02-12T04:50:49.419Z"}
{"level":"\u001b[32minfo\u001b[39m","message":"{\"method\":\"GET\",\"url\":\"/api/employee/get-employees?organizationId=67869a6a1514145a64988362\",\"status\":\"304\",\"responseTime\":\"165.531\"}","timestamp":"2025-02-12T04:50:49.661Z"}
{"level":"\u001b[32minfo\u001b[39m","message":"{\"method\":\"GET\",\"url\":\"/api/employee/get-employees?organizationId=67869a6a1514145a64988362\",\"status\":\"304\",\"responseTime\":\"121.693\"}","timestamp":"2025-02-12T04:51:21.942Z"}
{"level":"\u001b[32minfo\u001b[39m","message":"{\"method\":\"GET\",\"url\":\"/api/employee/get-employees?organizationId=67869a6a1514145a64988362\",\"status\":\"304\",\"responseTime\":\"217.459\"}","timestamp":"2025-02-12T04:51:22.278Z"}
{"level":"\u001b[32minfo\u001b[39m","message":"{\"method\":\"GET\",\"url\":\"/api/employee/get-employees?organizationId=67869a6a1514145a64988362\",\"status\":\"304\",\"responseTime\":\"135.421\"}","timestamp":"2025-02-12T04:51:22.495Z"}
{"level":"\u001b[32minfo\u001b[39m","message":"{\"method\":\"GET\",\"url\":\"/api/leave/fetch-leave?employeeEmail=moideenshacpcp10%40gmail.com\",\"status\":\"304\",\"responseTime\":\"464.658\"}","timestamp":"2025-02-12T04:51:22.618Z"}
{"level":"\u001b[32minfo\u001b[39m","message":"{\"method\":\"GET\",\"url\":\"/api/leave/fetch-remainingLeaves?organizationId=67869a6a1514145a64988362&employeeEmail=moideenshacpcp10%40gmail.com\",\"status\":\"304\",\"responseTime\":\"731.765\"}","timestamp":"2025-02-12T04:51:22.871Z"}
{"level":"\u001b[32minfo\u001b[39m","message":"{\"method\":\"GET\",\"url\":\"/api/employee/get-employees?organizationId=67869a6a1514145a64988362\",\"status\":\"304\",\"responseTime\":\"257.860\"}","timestamp":"2025-02-12T04:51:22.966Z"}
{"level":"\u001b[32minfo\u001b[39m","message":"{\"method\":\"GET\",\"url\":\"/api/employee/get-employees?organizationId=67869a6a1514145a64988362\",\"status\":\"304\",\"responseTime\":\"150.949\"}","timestamp":"2025-02-12T04:51:23.141Z"}
{"level":"\u001b[32minfo\u001b[39m","message":"{\"method\":\"GET\",\"url\":\"/api/attendence/get-attendence?employeeEmail=moideenshacpcp10%40gmail.com\",\"status\":\"401\",\"responseTime\":\"25.879\"}","timestamp":"2025-02-12T04:51:41.816Z"}
{"level":"\u001b[32minfo\u001b[39m","message":"{\"method\":\"GET\",\"url\":\"/api/attendence/get-attendence?employeeEmail=moideenshacpcp10%40gmail.com\",\"status\":\"304\",\"responseTime\":\"97.670\"}","timestamp":"2025-02-12T04:51:42.079Z"}
{"level":"\u001b[32minfo\u001b[39m","message":"{\"method\":\"GET\",\"url\":\"/api/leave/fetch-leave?employeeEmail=moideenshacpcp10%40gmail.com\",\"status\":\"304\",\"responseTime\":\"87.803\"}","timestamp":"2025-02-12T04:51:43.457Z"}
{"level":"\u001b[32minfo\u001b[39m","message":"{\"method\":\"GET\",\"url\":\"/api/leave/fetch-remainingLeaves?organizationId=67869a6a1514145a64988362&employeeEmail=moideenshacpcp10%40gmail.com\",\"status\":\"304\",\"responseTime\":\"220.426\"}","timestamp":"2025-02-12T04:51:49.411Z"}
{"level":"\u001b[32minfo\u001b[39m","message":"{\"method\":\"GET\",\"url\":\"/api/attendence/get-attendence?employeeEmail=moideenshacpcp10%40gmail.com\",\"status\":\"304\",\"responseTime\":\"110.851\"}","timestamp":"2025-02-12T04:51:57.189Z"}
{"level":"\u001b[32minfo\u001b[39m","message":"{\"method\":\"POST\",\"url\":\"/api/attendence/handle-attendence\",\"status\":\"200\",\"responseTime\":\"302.511\"}","timestamp":"2025-02-12T04:52:00.377Z"}
{"level":"\u001b[32minfo\u001b[39m","message":"{\"method\":\"GET\",\"url\":\"/api/attendence/get-attendence?employeeEmail=moideenshacpcp10%40gmail.com\",\"status\":\"200\",\"responseTime\":\"103.760\"}","timestamp":"2025-02-12T04:52:00.521Z"}
{"level":"\u001b[32minfo\u001b[39m","message":"{\"method\":\"GET\",\"url\":\"/api/employee/get-employees?organizationId=67869a6a1514145a64988362&page=1&pageSize=2\",\"status\":\"401\",\"responseTime\":\"5.219\"}","timestamp":"2025-02-12T04:52:06.533Z"}
{"level":"\u001b[32minfo\u001b[39m","message":"{\"method\":\"GET\",\"url\":\"/api/employee/fetch-position?organizationId=67869a6a1514145a64988362\",\"status\":\"401\",\"responseTime\":\"36.224\"}","timestamp":"2025-02-12T04:52:06.573Z"}
{"level":"\u001b[32minfo\u001b[39m","message":"{\"method\":\"GET\",\"url\":\"/api/employee/fetch-position?organizationId=67869a6a1514145a64988362\",\"status\":\"304\",\"responseTime\":\"76.972\"}","timestamp":"2025-02-12T04:52:06.913Z"}
{"level":"\u001b[32minfo\u001b[39m","message":"{\"method\":\"GET\",\"url\":\"/api/employee/get-employees?organizationId=67869a6a1514145a64988362&page=1&pageSize=2\",\"status\":\"304\",\"responseTime\":\"139.343\"}","timestamp":"2025-02-12T04:52:06.945Z"}
{"level":"\u001b[32minfo\u001b[39m","message":"{\"method\":\"GET\",\"url\":\"/api/attendence/get-policy?organizationId=67869a6a1514145a64988362\",\"status\":\"304\",\"responseTime\":\"67.381\"}","timestamp":"2025-02-12T04:52:13.039Z"}
{"level":"\u001b[32minfo\u001b[39m","message":"{\"method\":\"GET\",\"url\":\"/api/employee/fetch-EmployeesCount?organizationId=67869a6a1514145a64988362\",\"status\":\"401\",\"responseTime\":\"12.165\"}","timestamp":"2025-02-12T04:54:57.101Z"}
{"level":"\u001b[32minfo\u001b[39m","message":"{\"method\":\"GET\",\"url\":\"/api/employee/fetch-EmployeesCount?organizationId=67869a6a1514145a64988362\",\"status\":\"304\",\"responseTime\":\"112.054\"}","timestamp":"2025-02-12T04:54:57.673Z"}
{"level":"\u001b[32minfo\u001b[39m","message":"{\"method\":\"GET\",\"url\":\"/api/employee/fetch-employeesById?employeeIds[]=67a44a73314f8fe8e568bd61&employeeIds[]=67a44aaa314f8fe8e568bd64&employeeIds[]=67a44a46314f8fe8e568bd5e\",\"status\":\"304\",\"responseTime\":\"84.734\"}","timestamp":"2025-02-12T04:56:13.947Z"}
{"level":"\u001b[32minfo\u001b[39m","message":"{\"method\":\"GET\",\"url\":\"/api/employee/fetch-employeesById?employeeIds[]=67a44a46314f8fe8e568bd5e&employeeIds[]=67a44aaa314f8fe8e568bd64&employeeIds[]=67a44a73314f8fe8e568bd61\",\"status\":\"304\",\"responseTime\":\"109.570\"}","timestamp":"2025-02-12T04:56:14.951Z"}
{"level":"\u001b[32minfo\u001b[39m","message":"{\"method\":\"GET\",\"url\":\"/api/employee/fetch-employeesById?employeeIds[]=67a44a46314f8fe8e568bd5e&employeeIds[]=67a44aaa314f8fe8e568bd64\",\"status\":\"304\",\"responseTime\":\"79.238\"}","timestamp":"2025-02-12T04:56:15.796Z"}
{"level":"\u001b[32minfo\u001b[39m","message":"{\"method\":\"GET\",\"url\":\"/api/employee/fetch-employeesById?employeeIds=67a44a46314f8fe8e568bd5e\",\"status\":\"304\",\"responseTime\":\"68.994\"}","timestamp":"2025-02-12T04:56:23.438Z"}
{"level":"\u001b[32minfo\u001b[39m","message":"{\"method\":\"GET\",\"url\":\"/api/employee/fetch-employeesById?employeeIds[]=67a44a73314f8fe8e568bd61&employeeIds[]=67a44aaa314f8fe8e568bd64&employeeIds[]=67a44a46314f8fe8e568bd5e\",\"status\":\"304\",\"responseTime\":\"96.182\"}","timestamp":"2025-02-12T04:57:02.566Z"}
{"level":"\u001b[32minfo\u001b[39m","message":"{\"method\":\"GET\",\"url\":\"/api/employee/fetch-employeesById?employeeIds[]=67a44a46314f8fe8e568bd5e&employeeIds[]=67a44aaa314f8fe8e568bd64&employeeIds[]=67a44a73314f8fe8e568bd61\",\"status\":\"304\",\"responseTime\":\"64.165\"}","timestamp":"2025-02-12T04:57:03.454Z"}
{"level":"\u001b[32minfo\u001b[39m","message":"{\"method\":\"GET\",\"url\":\"/api/employee/fetch-employeesById?employeeIds[]=67a44a46314f8fe8e568bd5e&employeeIds[]=67a44aaa314f8fe8e568bd64\",\"status\":\"304\",\"responseTime\":\"110.469\"}","timestamp":"2025-02-12T04:57:04.042Z"}
{"level":"\u001b[32minfo\u001b[39m","message":"{\"method\":\"GET\",\"url\":\"/api/employee/fetch-employeesById?employeeIds[]=67a44a46314f8fe8e568bd5e&employeeIds[]=67a44a73314f8fe8e568bd61\",\"status\":\"304\",\"responseTime\":\"103.785\"}","timestamp":"2025-02-12T04:57:08.101Z"}
{"level":"\u001b[32minfo\u001b[39m","message":"{\"method\":\"GET\",\"url\":\"/api/employee/fetch-employeesById?employeeIds[]=67a44a46314f8fe8e568bd5e&employeeIds[]=67a44a73314f8fe8e568bd61\",\"status\":\"304\",\"responseTime\":\"108.926\"}","timestamp":"2025-02-12T04:57:08.510Z"}
{"level":"\u001b[32minfo\u001b[39m","message":"{\"method\":\"GET\",\"url\":\"/api/employee/fetch-employeesById?employeeIds[]=67a44a46314f8fe8e568bd5e&employeeIds[]=67a44aaa314f8fe8e568bd64&employeeIds[]=67a44a73314f8fe8e568bd61\",\"status\":\"304\",\"responseTime\":\"172.308\"}","timestamp":"2025-02-12T04:58:05.177Z"}
{"level":"\u001b[32minfo\u001b[39m","message":"{\"method\":\"GET\",\"url\":\"/api/employee/fetch-employeesById?employeeIds[]=67a44a46314f8fe8e568bd5e&employeeIds[]=67a44aaa314f8fe8e568bd64\",\"status\":\"304\",\"responseTime\":\"135.160\"}","timestamp":"2025-02-12T04:58:05.795Z"}
{"level":"\u001b[32minfo\u001b[39m","message":"{\"method\":\"GET\",\"url\":\"/api/employee/fetch-employeesById?employeeIds=67a44a46314f8fe8e568bd5e\",\"status\":\"304\",\"responseTime\":\"103.584\"}","timestamp":"2025-02-12T04:58:05.824Z"}
{"level":"\u001b[32minfo\u001b[39m","message":"{\"method\":\"GET\",\"url\":\"/api/employee/fetch-employeesById?employeeIds[]=67a44a46314f8fe8e568bd5e&employeeIds[]=67a44aaa314f8fe8e568bd64&employeeIds[]=67a44a73314f8fe8e568bd61\",\"status\":\"304\",\"responseTime\":\"100.848\"}","timestamp":"2025-02-12T04:59:20.657Z"}
{"level":"\u001b[32minfo\u001b[39m","message":"{\"method\":\"GET\",\"url\":\"/api/employee/fetch-employeesById?employeeIds[]=67a44a46314f8fe8e568bd5e&employeeIds[]=67a44aaa314f8fe8e568bd64\",\"status\":\"304\",\"responseTime\":\"79.982\"}","timestamp":"2025-02-12T04:59:21.166Z"}
{"level":"\u001b[32minfo\u001b[39m","message":"{\"method\":\"GET\",\"url\":\"/api/employee/fetch-employeesById?employeeIds[]=67a44a46314f8fe8e568bd5e\",\"status\":\"304\",\"responseTime\":\"64.377\"}","timestamp":"2025-02-12T04:59:24.817Z"}
{"level":"\u001b[32minfo\u001b[39m","message":"{\"method\":\"GET\",\"url\":\"/api/attendence/get-attendence?employeeEmail=moideenshacpcp10%40gmail.com\",\"status\":\"304\",\"responseTime\":\"91.210\"}","timestamp":"2025-02-12T04:59:28.189Z"}
{"level":"\u001b[32minfo\u001b[39m","message":"{\"method\":\"GET\",\"url\":\"/api/attendence/get-attendence?employeeEmail=moideenshacpcp10%40gmail.com\",\"status\":\"304\",\"responseTime\":\"101.610\"}","timestamp":"2025-02-12T04:59:28.345Z"}
{"level":"\u001b[32minfo\u001b[39m","message":"{\"method\":\"GET\",\"url\":\"/api/leave/fetch-leave?employeeEmail=mehnarafincp10%40gmail.com\",\"status\":\"401\",\"responseTime\":\"5.917\"}","timestamp":"2025-02-12T04:59:47.857Z"}
{"level":"\u001b[32minfo\u001b[39m","message":"{\"method\":\"GET\",\"url\":\"/api/leave/fetch-leave?employeeEmail=mehnarafincp10%40gmail.com\",\"status\":\"200\",\"responseTime\":\"62.568\"}","timestamp":"2025-02-12T04:59:48.136Z"}
{"level":"\u001b[32minfo\u001b[39m","message":"{\"method\":\"GET\",\"url\":\"/api/leave/fetch-leave?employeeEmail=moideenshacpcp10%40gmail.com\",\"status\":\"304\",\"responseTime\":\"74.751\"}","timestamp":"2025-02-12T04:59:54.313Z"}
{"level":"\u001b[32minfo\u001b[39m","message":"{\"method\":\"GET\",\"url\":\"/api/leave/fetch-remainingLeaves?organizationId=67869a6a1514145a64988362&employeeEmail=moideenshacpcp10%40gmail.com\",\"status\":\"304\",\"responseTime\":\"771.558\"}","timestamp":"2025-02-12T04:59:59.698Z"}
{"level":"\u001b[32minfo\u001b[39m","message":"{\"method\":\"GET\",\"url\":\"/api/employee/get-employees?organizationId=67869a6a1514145a64988362&page=1&pageSize=2\",\"status\":\"401\",\"responseTime\":\"58.467\"}","timestamp":"2025-02-12T05:00:11.553Z"}
{"level":"\u001b[32minfo\u001b[39m","message":"{\"method\":\"GET\",\"url\":\"/api/employee/fetch-position?organizationId=67869a6a1514145a64988362\",\"status\":\"401\",\"responseTime\":\"18.854\"}","timestamp":"2025-02-12T05:00:11.635Z"}
{"level":"\u001b[32minfo\u001b[39m","message":"{\"method\":\"GET\",\"url\":\"/api/employee/fetch-position?organizationId=67869a6a1514145a64988362\",\"status\":\"304\",\"responseTime\":\"77.965\"}","timestamp":"2025-02-12T05:00:11.921Z"}
{"level":"\u001b[32minfo\u001b[39m","message":"{\"method\":\"GET\",\"url\":\"/api/employee/get-employees?organizationId=67869a6a1514145a64988362&page=1&pageSize=2\",\"status\":\"304\",\"responseTime\":\"127.941\"}","timestamp":"2025-02-12T05:00:11.935Z"}
{"level":"\u001b[32minfo\u001b[39m","message":"{\"method\":\"GET\",\"url\":\"/api/employee/fetch-position?organizationId=67869a6a1514145a64988362\",\"status\":\"304\",\"responseTime\":\"130.464\"}","timestamp":"2025-02-12T05:00:15.090Z"}
{"level":"\u001b[32minfo\u001b[39m","message":"{\"method\":\"GET\",\"url\":\"/api/attendence/get-attendence?employeeEmail=moideenshacpcp10%40gmail.com\",\"status\":\"200\",\"responseTime\":\"79.040\"}","timestamp":"2025-02-12T05:00:17.068Z"}
{"level":"\u001b[32minfo\u001b[39m","message":"{\"method\":\"GET\",\"url\":\"/api/employee/fetch-position?organizationId=67869a6a1514145a64988362\",\"status\":\"304\",\"responseTime\":\"94.514\"}","timestamp":"2025-02-12T05:00:47.707Z"}
{"level":"\u001b[32minfo\u001b[39m","message":"{\"method\":\"GET\",\"url\":\"/api/employee/get-employees?organizationId=67869a6a1514145a64988362&page=1&pageSize=2\",\"status\":\"304\",\"responseTime\":\"168.489\"}","timestamp":"2025-02-12T05:00:47.741Z"}
{"level":"\u001b[32minfo\u001b[39m","message":"{\"method\":\"GET\",\"url\":\"/api/employee/fetch-EmployeesCount?organizationId=67869a6a1514145a64988362\",\"status\":\"304\",\"responseTime\":\"66.337\"}","timestamp":"2025-02-12T05:00:50.831Z"}
{"level":"\u001b[32minfo\u001b[39m","message":"{\"method\":\"GET\",\"url\":\"/api/leave/fetch-leave?employeeEmail=moideenshacpcp10%40gmail.com\",\"status\":\"401\",\"responseTime\":\"5.459\"}","timestamp":"2025-02-12T05:07:23.000Z"}
{"level":"\u001b[32minfo\u001b[39m","message":"{\"method\":\"GET\",\"url\":\"/api/leave/fetch-leave?employeeEmail=moideenshacpcp10%40gmail.com\",\"status\":\"304\",\"responseTime\":\"9226.377\"}","timestamp":"2025-02-12T05:08:00.871Z"}
{"level":"\u001b[32minfo\u001b[39m","message":"{\"method\":\"GET\",\"url\":\"/api/employee/fetch-employeesById?employeeIds[]=67a44a73314f8fe8e568bd61&employeeIds[]=67a44aaa314f8fe8e568bd64&employeeIds[]=67a44a46314f8fe8e568bd5e\",\"status\":\"304\",\"responseTime\":\"416.735\"}","timestamp":"2025-02-12T05:09:16.377Z"}
{"level":"\u001b[32minfo\u001b[39m","message":"{\"method\":\"GET\",\"url\":\"/api/employee/fetch-employeesById?employeeIds[]=67a44a46314f8fe8e568bd5e&employeeIds[]=67a44aaa314f8fe8e568bd64&employeeIds[]=67a44a73314f8fe8e568bd61\",\"status\":\"304\",\"responseTime\":\"320.497\"}","timestamp":"2025-02-12T05:09:17.391Z"}
{"level":"\u001b[32minfo\u001b[39m","message":"{\"method\":\"GET\",\"url\":\"/api/employee/fetch-employeesById?employeeIds[]=67a44a46314f8fe8e568bd5e&employeeIds[]=67a44aaa314f8fe8e568bd64\",\"status\":\"304\",\"responseTime\":\"1633.864\"}","timestamp":"2025-02-12T05:09:21.267Z"}
{"level":"\u001b[32minfo\u001b[39m","message":"{\"method\":\"GET\",\"url\":\"/api/employee/fetch-employeesById?employeeIds[]=67a44a73314f8fe8e568bd61&employeeIds[]=67a44aaa314f8fe8e568bd64&employeeIds[]=67a44a46314f8fe8e568bd5e\",\"status\":\"304\",\"responseTime\":\"1414.438\"}","timestamp":"2025-02-12T05:09:24.586Z"}
{"level":"\u001b[32minfo\u001b[39m","message":"{\"method\":\"GET\",\"url\":\"/api/employee/get-employees?organizationId=67869a6a1514145a64988362\",\"status\":\"304\",\"responseTime\":\"4601.669\"}","timestamp":"2025-02-12T05:09:25.661Z"}
{"level":"\u001b[32minfo\u001b[39m","message":"{\"method\":\"GET\",\"url\":\"/api/employee/fetch-employeesById?employeeIds[]=67a44a73314f8fe8e568bd61&employeeIds[]=67a44aaa314f8fe8e568bd64&employeeIds[]=67a44a46314f8fe8e568bd5e\",\"status\":\"304\",\"responseTime\":\"66.938\"}","timestamp":"2025-02-12T05:09:50.041Z"}
{"level":"\u001b[32minfo\u001b[39m","message":"{\"method\":\"GET\",\"url\":\"/api/leave/fetch-leave?employeeEmail=mehnarafincp10%40gmail.com\",\"status\":\"401\",\"responseTime\":\"9.956\"}","timestamp":"2025-02-12T05:10:12.574Z"}
{"level":"\u001b[32minfo\u001b[39m","message":"{\"method\":\"GET\",\"url\":\"/api/leave/fetch-leave?employeeEmail=mehnarafincp10%40gmail.com\",\"status\":\"304\",\"responseTime\":\"901.231\"}","timestamp":"2025-02-12T05:10:13.845Z"}
{"level":"\u001b[32minfo\u001b[39m","message":"{\"method\":\"GET\",\"url\":\"/api/employee/fetch-employeesById?employeeIds[]=67a44a73314f8fe8e568bd61&employeeIds[]=67a44aaa314f8fe8e568bd64&employeeIds[]=67a44a46314f8fe8e568bd5e\",\"status\":\"304\",\"responseTime\":\"2850.776\"}","timestamp":"2025-02-12T05:15:48.864Z"}
{"level":"\u001b[32minfo\u001b[39m","message":"{\"method\":\"GET\",\"url\":\"/api/employee/fetch-employeesById?employeeIds[]=67a44a46314f8fe8e568bd5e&employeeIds[]=67a44aaa314f8fe8e568bd64&employeeIds[]=67a44a73314f8fe8e568bd61\",\"status\":\"304\",\"responseTime\":\"382.317\"}","timestamp":"2025-02-12T05:15:50.323Z"}
{"level":"\u001b[32minfo\u001b[39m","message":"{\"method\":\"GET\",\"url\":\"/api/employee/fetch-employeesById?employeeIds[]=67a44a46314f8fe8e568bd5e&employeeIds[]=67a44aaa314f8fe8e568bd64\",\"status\":\"304\",\"responseTime\":\"169.662\"}","timestamp":"2025-02-12T05:15:51.009Z"}
{"level":"\u001b[32minfo\u001b[39m","message":"{\"method\":\"GET\",\"url\":\"/api/employee/fetch-employeesById\",\"status\":\"304\",\"responseTime\":\"1329.180\"}","timestamp":"2025-02-12T05:15:54.844Z"}
{"level":"\u001b[32minfo\u001b[39m","message":"{\"method\":\"GET\",\"url\":\"/api/employee/fetch-employeesById?employeeIds[]=67a44a46314f8fe8e568bd5e&employeeIds[]=67a44aaa314f8fe8e568bd64&employeeIds[]=67a44a73314f8fe8e568bd61\",\"status\":\"304\",\"responseTime\":\"87.122\"}","timestamp":"2025-02-12T05:15:59.377Z"}
{"level":"\u001b[32minfo\u001b[39m","message":"{\"method\":\"GET\",\"url\":\"/api/employee/fetch-employeesById?employeeIds[]=67a44a46314f8fe8e568bd5e&employeeIds[]=67a44aaa314f8fe8e568bd64\",\"status\":\"304\",\"responseTime\":\"974.253\"}","timestamp":"2025-02-12T05:16:00.673Z"}
{"level":"\u001b[32minfo\u001b[39m","message":"{\"method\":\"GET\",\"url\":\"/api/employee/get-employees?organizationId=67869a6a1514145a64988362\",\"status\":\"304\",\"responseTime\":\"128.283\"}","timestamp":"2025-02-12T05:16:05.278Z"}
{"level":"\u001b[32minfo\u001b[39m","message":"{\"method\":\"GET\",\"url\":\"/api/employee/fetch-employeesById?employeeIds[]=67a44a73314f8fe8e568bd61&employeeIds[]=67a44aaa314f8fe8e568bd64&employeeIds[]=67a44a46314f8fe8e568bd5e\",\"status\":\"304\",\"responseTime\":\"92.387\"}","timestamp":"2025-02-12T05:16:05.437Z"}
{"level":"\u001b[32minfo\u001b[39m","message":"{\"method\":\"GET\",\"url\":\"/api/employee/fetch-position?organizationId=67869a6a1514145a64988362\",\"status\":\"401\",\"responseTime\":\"4.925\"}","timestamp":"2025-02-12T05:22:10.368Z"}
{"level":"\u001b[32minfo\u001b[39m","message":"{\"method\":\"GET\",\"url\":\"/api/employee/get-employees?organizationId=67869a6a1514145a64988362&page=1&pageSize=2\",\"status\":\"401\",\"responseTime\":\"5.117\"}","timestamp":"2025-02-12T05:22:10.386Z"}
{"level":"\u001b[32minfo\u001b[39m","message":"{\"method\":\"GET\",\"url\":\"/api/employee/get-employees?organizationId=67869a6a1514145a64988362&page=1&pageSize=2\",\"status\":\"304\",\"responseTime\":\"1235.190\"}","timestamp":"2025-02-12T05:22:13.291Z"}
{"level":"\u001b[32minfo\u001b[39m","message":"{\"method\":\"GET\",\"url\":\"/api/employee/fetch-position?organizationId=67869a6a1514145a64988362\",\"status\":\"304\",\"responseTime\":\"994.369\"}","timestamp":"2025-02-12T05:22:13.436Z"}
{"level":"\u001b[32minfo\u001b[39m","message":"{\"method\":\"GET\",\"url\":\"/api/employee/fetch-EmployeesCount?organizationId=67869a6a1514145a64988362\",\"status\":\"304\",\"responseTime\":\"1257.260\"}","timestamp":"2025-02-12T05:22:14.298Z"}
{"level":"\u001b[32minfo\u001b[39m","message":"{\"method\":\"GET\",\"url\":\"/api/employee/get-employees?organizationId=67869a6a1514145a64988362\",\"status\":\"304\",\"responseTime\":\"244.086\"}","timestamp":"2025-02-12T05:22:42.339Z"}
{"level":"\u001b[32minfo\u001b[39m","message":"{\"method\":\"GET\",\"url\":\"/api/employee/fetch-employeesById?employeeIds[]=67a44a73314f8fe8e568bd61&employeeIds[]=67a44aaa314f8fe8e568bd64&employeeIds[]=67a44a46314f8fe8e568bd5e\",\"status\":\"304\",\"responseTime\":\"82.254\"}","timestamp":"2025-02-12T05:22:42.409Z"}
{"level":"\u001b[32minfo\u001b[39m","message":"{\"method\":\"GET\",\"url\":\"/api/employee/get-employees?organizationId=67869a6a1514145a64988362\",\"status\":\"401\",\"responseTime\":\"3.394\"}","timestamp":"2025-02-12T05:24:26.052Z"}
{"level":"\u001b[32minfo\u001b[39m","message":"{\"method\":\"GET\",\"url\":\"/api/employee/get-employees?organizationId=67869a6a1514145a64988362\",\"status\":\"304\",\"responseTime\":\"87.751\"}","timestamp":"2025-02-12T05:24:26.230Z"}
{"level":"\u001b[32minfo\u001b[39m","message":"{\"method\":\"GET\",\"url\":\"/api/employee/get-employees?organizationId=67869a6a1514145a64988362\",\"status\":\"304\",\"responseTime\":\"103.327\"}","timestamp":"2025-02-12T05:24:26.358Z"}
{"level":"\u001b[32minfo\u001b[39m","message":"{\"method\":\"GET\",\"url\":\"/api/employee/get-employees?organizationId=67869a6a1514145a64988362\",\"status\":\"304\",\"responseTime\":\"131.594\"}","timestamp":"2025-02-12T05:25:15.058Z"}
{"level":"\u001b[32minfo\u001b[39m","message":"{\"method\":\"GET\",\"url\":\"/api/employee/get-employees?organizationId=67869a6a1514145a64988362\",\"status\":\"304\",\"responseTime\":\"278.654\"}","timestamp":"2025-02-12T05:25:15.352Z"}
{"level":"\u001b[32minfo\u001b[39m","message":"{\"method\":\"GET\",\"url\":\"/api/leave/fetch-leave?employeeEmail=mehnarafincp10%40gmail.com\",\"status\":\"401\",\"responseTime\":\"71.746\"}","timestamp":"2025-02-12T06:08:02.240Z"}
{"level":"\u001b[32minfo\u001b[39m","message":"{\"method\":\"GET\",\"url\":\"/api/leave/fetch-leave?employeeEmail=mehnarafincp10%40gmail.com\",\"status\":\"304\",\"responseTime\":\"396.727\"}","timestamp":"2025-02-12T06:08:03.660Z"}
