{"level":"\u001b[32minfo\u001b[39m","message":"{\"method\":\"POST\",\"url\":\"/api/auth/register\",\"status\":\"400\",\"responseTime\":\"41.273\"}","timestamp":"2024-12-05T03:38:59.110Z"}
{"level":"\u001b[32minfo\u001b[39m","message":"{\"method\":\"POST\",\"url\":\"/api/auth/register\",\"status\":\"400\",\"responseTime\":\"5.896\"}","timestamp":"2024-12-05T03:39:25.168Z"}
{"level":"\u001b[32minfo\u001b[39m","message":"{\"method\":\"POST\",\"url\":\"/api/auth/register\",\"status\":\"400\",\"responseTime\":\"2.119\"}","timestamp":"2024-12-05T03:39:31.563Z"}
{"level":"\u001b[32minfo\u001b[39m","message":"{\"method\":\"POST\",\"url\":\"/api/auth/register\",\"status\":\"201\",\"responseTime\":\"4260.463\"}","timestamp":"2024-12-05T03:40:13.466Z"}
{"level":"\u001b[32minfo\u001b[39m","message":"{\"method\":\"POST\",\"url\":\"/api/auth/verify-email?token=eyJhbGciOiJIUzI1NiIsInR5cCI6IkpXVCJ9.eyJlbWFpbCI6Im1vaWRlZW5zaGFjcDI4QGdtYWlsLmNvbSIsImlhdCI6MTczMzM3MDAwOSwiZXhwIjoxNzMzMzcwMDY5fQ.BcDaRL5X51Kn5KDpTKBu3VpyhzTc_iHEMFXd0BsrMlc\",\"status\":\"200\",\"responseTime\":\"512.116\"}","timestamp":"2024-12-05T03:40:28.126Z"}
{"level":"\u001b[32minfo\u001b[39m","message":"{\"method\":\"POST\",\"url\":\"/api/auth/login\",\"status\":\"200\",\"responseTime\":\"396.516\"}","timestamp":"2024-12-05T03:41:19.023Z"}
{"level":"\u001b[32minfo\u001b[39m","message":"{\"method\":\"POST\",\"url\":\"/api/auth/logout\",\"status\":\"200\",\"responseTime\":\"2.615\"}","timestamp":"2024-12-05T03:41:32.034Z"}
{"level":"\u001b[32minfo\u001b[39m","message":"{\"method\":\"POST\",\"url\":\"/api/auth/login\",\"status\":\"200\",\"responseTime\":\"184.445\"}","timestamp":"2024-12-05T03:41:40.174Z"}
{"level":"\u001b[32minfo\u001b[39m","message":"{\"method\":\"POST\",\"url\":\"/api/auth/logout\",\"status\":\"200\",\"responseTime\":\"0.895\"}","timestamp":"2024-12-05T03:41:57.687Z"}
{"level":"\u001b[32minfo\u001b[39m","message":"{\"method\":\"POST\",\"url\":\"/api/auth/forget-password\",\"status\":\"400\",\"responseTime\":\"489.848\"}","timestamp":"2024-12-05T03:43:34.782Z"}
{"level":"\u001b[32minfo\u001b[39m","message":"{\"method\":\"POST\",\"url\":\"/api/auth/forget-password\",\"status\":\"200\",\"responseTime\":\"3441.168\"}","timestamp":"2024-12-05T03:43:42.142Z"}
{"level":"\u001b[32minfo\u001b[39m","message":"{\"method\":\"POST\",\"url\":\"/api/auth/reset-password\",\"status\":\"400\",\"responseTime\":\"10.165\"}","timestamp":"2024-12-05T03:44:11.021Z"}
{"level":"\u001b[32minfo\u001b[39m","message":"{\"method\":\"POST\",\"url\":\"/api/auth/reset-password\",\"status\":\"201\",\"responseTime\":\"541.802\"}","timestamp":"2024-12-05T03:44:18.700Z"}
{"level":"\u001b[32minfo\u001b[39m","message":"{\"method\":\"POST\",\"url\":\"/api/auth/login\",\"status\":\"200\",\"responseTime\":\"308.066\"}","timestamp":"2024-12-05T03:44:33.287Z"}
{"level":"\u001b[32minfo\u001b[39m","message":"{\"method\":\"POST\",\"url\":\"/api/auth/logout\",\"status\":\"200\",\"responseTime\":\"1.823\"}","timestamp":"2024-12-05T03:44:42.210Z"}
{"level":"\u001b[32minfo\u001b[39m","message":"{\"method\":\"POST\",\"url\":\"/api/auth/register\",\"status\":\"201\",\"responseTime\":\"4408.691\"}","timestamp":"2024-12-05T03:45:29.200Z"}
{"level":"\u001b[32minfo\u001b[39m","message":"{\"method\":\"POST\",\"url\":\"/api/auth/verify-email?token=eyJhbGciOiJIUzI1NiIsInR5cCI6IkpXVCJ9.eyJlbWFpbCI6Im1vaWRlZW5zaGFjcDI4QGdtYWlsLmNvbSIsImlhdCI6MTczMzM3MDMyNiwiZXhwIjoxNzMzMzcyMTI2fQ.T-o0tsiWQP491aDQbShrNiMr6FZdZ9opPDi87MH4hDw\",\"status\":\"200\",\"responseTime\":\"188.197\"}","timestamp":"2024-12-05T03:45:44.956Z"}
{"level":"\u001b[32minfo\u001b[39m","message":"{\"method\":\"POST\",\"url\":\"/api/auth/login\",\"status\":\"200\",\"responseTime\":\"223.659\"}","timestamp":"2024-12-05T03:45:56.351Z"}
{"level":"\u001b[32minfo\u001b[39m","message":"{\"method\":\"POST\",\"url\":\"/api/auth/logout\",\"status\":\"200\",\"responseTime\":\"1.343\"}","timestamp":"2024-12-05T03:46:08.809Z"}
{"level":"\u001b[32minfo\u001b[39m","message":"{\"method\":\"POST\",\"url\":\"/api/auth/register\",\"status\":\"201\",\"responseTime\":\"4129.894\"}","timestamp":"2024-12-05T03:51:47.028Z"}
{"level":"\u001b[32minfo\u001b[39m","message":"{\"method\":\"POST\",\"url\":\"/api/auth/verify-email?token=eyJhbGciOiJIUzI1NiIsInR5cCI6IkpXVCJ9.eyJlbWFpbCI6Im1vaWRlZW5zaGFjcDI4QGdtYWlsLmNvbSIsImlhdCI6MTczMzM3MDcwMywiZXhwIjoxNzMzMzcyNTAzfQ.2m0E1EvkehB6qgLFE1H89pedF4RsnkmXxNmwKW_ogCE\",\"status\":\"200\",\"responseTime\":\"220.242\"}","timestamp":"2024-12-05T03:52:07.571Z"}
{"level":"\u001b[32minfo\u001b[39m","message":"{\"method\":\"POST\",\"url\":\"/api/auth/login\",\"status\":\"200\",\"responseTime\":\"317.911\"}","timestamp":"2024-12-05T03:52:37.844Z"}
{"level":"\u001b[32minfo\u001b[39m","message":"{\"method\":\"POST\",\"url\":\"/api/auth/logout\",\"status\":\"200\",\"responseTime\":\"0.761\"}","timestamp":"2024-12-05T03:52:45.806Z"}
{"level":"\u001b[32minfo\u001b[39m","message":"{\"method\":\"POST\",\"url\":\"/api/auth/register\",\"status\":\"201\",\"responseTime\":\"3664.525\"}","timestamp":"2024-12-05T03:53:26.404Z"}
{"level":"\u001b[32minfo\u001b[39m","message":"{\"method\":\"POST\",\"url\":\"/api/auth/verify-email?token=eyJhbGciOiJIUzI1NiIsInR5cCI6IkpXVCJ9.eyJlbWFpbCI6Im1vaWRlZW5zaGFjcDI4QGdtYWlsLmNvbSIsImlhdCI6MTczMzM3MDgwMywiZXhwIjoxNzMzMzcyNjAzfQ.gZWjeNIZxphOmvSpgXQBvYc_bml406bnRz_xJ4Tz0XI\",\"status\":\"200\",\"responseTime\":\"277.736\"}","timestamp":"2024-12-05T03:53:37.247Z"}
{"level":"\u001b[32minfo\u001b[39m","message":"{\"method\":\"POST\",\"url\":\"/api/auth/login\",\"status\":\"200\",\"responseTime\":\"269.076\"}","timestamp":"2024-12-05T03:53:52.387Z"}
{"level":"\u001b[32minfo\u001b[39m","message":"{\"method\":\"POST\",\"url\":\"/api/auth/logout\",\"status\":\"200\",\"responseTime\":\"1.311\"}","timestamp":"2024-12-05T03:54:00.380Z"}
{"level":"\u001b[32minfo\u001b[39m","message":"{\"method\":\"POST\",\"url\":\"/api/auth/register\",\"status\":\"400\",\"responseTime\":\"181.453\"}","timestamp":"2024-12-05T03:54:23.089Z"}
{"level":"\u001b[32minfo\u001b[39m","message":"{\"method\":\"POST\",\"url\":\"/api/auth/register\",\"status\":\"201\",\"responseTime\":\"3507.225\"}","timestamp":"2024-12-05T03:54:42.339Z"}
{"level":"\u001b[32minfo\u001b[39m","message":"{\"method\":\"POST\",\"url\":\"/api/auth/verify-email?token=eyJhbGciOiJIUzI1NiIsInR5cCI6IkpXVCJ9.eyJlbWFpbCI6Im1vaWRlZW5zaGFjcDI4QGdtYWlsLmNvbSIsImlhdCI6MTczMzM3MDg3OSwiZXhwIjoxNzMzMzcyNjc5fQ.waIM2bm3h__luqVSISPFfFZ0iou6KZPHy81CLsG-wWM\",\"status\":\"200\",\"responseTime\":\"561.292\"}","timestamp":"2024-12-05T03:54:52.854Z"}
{"level":"\u001b[32minfo\u001b[39m","message":"{\"method\":\"POST\",\"url\":\"/api/auth/login\",\"status\":\"400\",\"responseTime\":\"195.110\"}","timestamp":"2024-12-05T04:17:12.958Z"}
{"level":"\u001b[32minfo\u001b[39m","message":"{\"method\":\"POST\",\"url\":\"/api/auth/login\",\"status\":\"200\",\"responseTime\":\"403.548\"}","timestamp":"2024-12-05T04:17:17.518Z"}
{"level":"\u001b[32minfo\u001b[39m","message":"{\"method\":\"POST\",\"url\":\"/api/auth/logout\",\"status\":\"200\",\"responseTime\":\"1.704\"}","timestamp":"2024-12-05T04:17:43.083Z"}
{"level":"\u001b[32minfo\u001b[39m","message":"{\"method\":\"POST\",\"url\":\"/api/auth/login\",\"status\":\"400\",\"responseTime\":\"118.744\"}","timestamp":"2024-12-05T04:17:58.728Z"}
{"level":"\u001b[32minfo\u001b[39m","message":"{\"method\":\"POST\",\"url\":\"/api/auth/login\",\"status\":\"400\",\"responseTime\":\"207.789\"}","timestamp":"2024-12-05T04:18:07.477Z"}
{"level":"\u001b[32minfo\u001b[39m","message":"{\"method\":\"POST\",\"url\":\"/api/auth/login\",\"status\":\"400\",\"responseTime\":\"121.275\"}","timestamp":"2024-12-05T04:18:19.053Z"}
{"level":"\u001b[32minfo\u001b[39m","message":"{\"method\":\"POST\",\"url\":\"/api/auth/login\",\"status\":\"400\",\"responseTime\":\"125.835\"}","timestamp":"2024-12-05T04:18:33.446Z"}
{"level":"\u001b[32minfo\u001b[39m","message":"{\"method\":\"POST\",\"url\":\"/api/auth/login\",\"status\":\"400\",\"responseTime\":\"174.512\"}","timestamp":"2024-12-05T04:18:44.494Z"}
{"level":"\u001b[32minfo\u001b[39m","message":"{\"method\":\"POST\",\"url\":\"/api/auth/login\",\"status\":\"400\",\"responseTime\":\"189.371\"}","timestamp":"2024-12-05T04:18:53.632Z"}
{"level":"\u001b[32minfo\u001b[39m","message":"{\"method\":\"POST\",\"url\":\"/api/auth/register\",\"status\":\"201\",\"responseTime\":\"4855.591\"}","timestamp":"2024-12-05T04:19:29.682Z"}
{"level":"\u001b[32minfo\u001b[39m","message":"{\"method\":\"POST\",\"url\":\"/api/auth/verify-email?token=eyJhbGciOiJIUzI1NiIsInR5cCI6IkpXVCJ9.eyJlbWFpbCI6Im1vaWRlZW5zaGFjcDI4QGdtYWlsLmNvbSIsImlhdCI6MTczMzM3MjM2NSwiZXhwIjoxNzMzMzc0MTY1fQ.2eSXDdZgBpsz3aHcobcPrGJkqGXtLHtrZWN9ZInqe4Y\",\"status\":\"200\",\"responseTime\":\"445.378\"}","timestamp":"2024-12-05T04:19:42.182Z"}
{"level":"\u001b[32minfo\u001b[39m","message":"{\"method\":\"POST\",\"url\":\"/api/auth/login\",\"status\":\"200\",\"responseTime\":\"608.528\"}","timestamp":"2024-12-05T04:19:52.520Z"}
{"level":"\u001b[32minfo\u001b[39m","message":"{\"method\":\"POST\",\"url\":\"/api/auth/logout\",\"status\":\"200\",\"responseTime\":\"1.650\"}","timestamp":"2024-12-05T04:19:59.318Z"}
{"level":"\u001b[32minfo\u001b[39m","message":"{\"method\":\"POST\",\"url\":\"/api/auth/register\",\"status\":\"201\",\"responseTime\":\"5526.358\"}","timestamp":"2024-12-05T04:20:43.090Z"}
{"level":"\u001b[32minfo\u001b[39m","message":"{\"method\":\"POST\",\"url\":\"/api/auth/verify-email?token=eyJhbGciOiJIUzI1NiIsInR5cCI6IkpXVCJ9.eyJlbWFpbCI6Im1vaWRlZW5zaGFjcDI4QGdtYWlsLmNvbSIsImlhdCI6MTczMzM3MjQzNywiZXhwIjoxNzMzMzc0MjM3fQ.8-MsUIctAZwAAiQpGyGibxb-bzPHCK25-S0RJNJ-jd0\",\"status\":\"200\",\"responseTime\":\"406.133\"}","timestamp":"2024-12-05T04:20:53.742Z"}
{"level":"\u001b[32minfo\u001b[39m","message":"{\"method\":\"POST\",\"url\":\"/api/auth/login\",\"status\":\"200\",\"responseTime\":\"408.731\"}","timestamp":"2024-12-05T04:21:34.224Z"}
{"level":"\u001b[32minfo\u001b[39m","message":"{\"method\":\"POST\",\"url\":\"/api/auth/logout\",\"status\":\"200\",\"responseTime\":\"0.688\"}","timestamp":"2024-12-05T04:21:39.093Z"}
{"level":"\u001b[32minfo\u001b[39m","message":"{\"method\":\"POST\",\"url\":\"/api/auth/register\",\"status\":\"201\",\"responseTime\":\"4573.834\"}","timestamp":"2024-12-05T04:22:12.479Z"}
{"level":"\u001b[32minfo\u001b[39m","message":"{\"method\":\"POST\",\"url\":\"/api/auth/verify-email?token=eyJhbGciOiJIUzI1NiIsInR5cCI6IkpXVCJ9.eyJlbWFpbCI6Im1vaWRlZW5zaGFjcDI4QGdtYWlsLmNvbSIsImlhdCI6MTczMzM3MjUyOCwiZXhwIjoxNzMzMzc0MzI4fQ.OPTksgcsgTLi08i3Hef1JWZsNqqXiO3j3UkTj3ftkOk\",\"status\":\"200\",\"responseTime\":\"271.203\"}","timestamp":"2024-12-05T04:22:22.613Z"}
{"level":"\u001b[32minfo\u001b[39m","message":"{\"method\":\"POST\",\"url\":\"/api/auth/login\",\"status\":\"200\",\"responseTime\":\"312.034\"}","timestamp":"2024-12-05T04:22:48.035Z"}
{"level":"\u001b[32minfo\u001b[39m","message":"{\"method\":\"POST\",\"url\":\"/api/auth/logout\",\"status\":\"200\",\"responseTime\":\"0.914\"}","timestamp":"2024-12-05T04:22:53.623Z"}
{"level":"\u001b[32minfo\u001b[39m","message":"{\"method\":\"POST\",\"url\":\"/api/auth/verify-email?token=eyJhbGciOiJIUzI1NiIsInR5cCI6IkpXVCJ9.eyJlbWFpbCI6Im1vaWRlZW5zaGFjcDI4QGdtYWlsLmNvbSIsImlhdCI6MTczMzM3MjUyOCwiZXhwIjoxNzMzMzc0MzI4fQ.OPTksgcsgTLi08i3Hef1JWZsNqqXiO3j3UkTj3ftkOk\",\"status\":\"400\",\"responseTime\":\"374.214\"}","timestamp":"2024-12-05T04:23:11.697Z"}
{"level":"\u001b[32minfo\u001b[39m","message":"{\"method\":\"POST\",\"url\":\"/api/auth/register\",\"status\":\"201\",\"responseTime\":\"4303.123\"}","timestamp":"2024-12-05T04:23:45.975Z"}
{"level":"\u001b[32minfo\u001b[39m","message":"{\"method\":\"POST\",\"url\":\"/api/auth/verify-email?token=eyJhbGciOiJIUzI1NiIsInR5cCI6IkpXVCJ9.eyJlbWFpbCI6Im1vaWRlZW5zaGFjcDI4QGdtYWlsLmNvbSIsImlhdCI6MTczMzM3MjUyOCwiZXhwIjoxNzMzMzc0MzI4fQ.OPTksgcsgTLi08i3Hef1JWZsNqqXiO3j3UkTj3ftkOk\",\"status\":\"200\",\"responseTime\":\"262.130\"}","timestamp":"2024-12-05T04:23:50.557Z"}
{"level":"\u001b[32minfo\u001b[39m","message":"{\"method\":\"POST\",\"url\":\"/api/auth/login\",\"status\":\"200\",\"responseTime\":\"345.811\"}","timestamp":"2024-12-05T04:24:02.308Z"}
{"level":"\u001b[32minfo\u001b[39m","message":"{\"method\":\"POST\",\"url\":\"/api/auth/logout\",\"status\":\"200\",\"responseTime\":\"0.891\"}","timestamp":"2024-12-05T04:24:07.423Z"}
{"level":"\u001b[32minfo\u001b[39m","message":"{\"method\":\"POST\",\"url\":\"/api/auth/register\",\"status\":\"201\",\"responseTime\":\"6983.318\"}","timestamp":"2024-12-05T04:24:44.111Z"}
{"level":"\u001b[32minfo\u001b[39m","message":"{\"method\":\"POST\",\"url\":\"/api/auth/verify-email?token=eyJhbGciOiJIUzI1NiIsInR5cCI6IkpXVCJ9.eyJlbWFpbCI6Im1vaWRlZW5zaGFjcDI4QGdtYWlsLmNvbSIsImlhdCI6MTczMzM3MjY3NywiZXhwIjoxNzMzMzc0NDc3fQ.kWrbi4Akt3sqoUUlNIlvAvSHxDqCbYZoQjbH9izFAy4\",\"status\":\"200\",\"responseTime\":\"281.155\"}","timestamp":"2024-12-05T04:24:55.254Z"}
{"level":"\u001b[32minfo\u001b[39m","message":"{\"method\":\"POST\",\"url\":\"/api/auth/login\",\"status\":\"200\",\"responseTime\":\"297.646\"}","timestamp":"2024-12-05T04:25:07.306Z"}
{"level":"\u001b[32minfo\u001b[39m","message":"{\"method\":\"POST\",\"url\":\"/api/auth/logout\",\"status\":\"200\",\"responseTime\":\"1.018\"}","timestamp":"2024-12-05T04:25:12.394Z"}
{"level":"\u001b[32minfo\u001b[39m","message":"{\"method\":\"POST\",\"url\":\"/api/auth/register\",\"status\":\"201\",\"responseTime\":\"4558.055\"}","timestamp":"2024-12-05T04:25:52.852Z"}
{"level":"\u001b[32minfo\u001b[39m","message":"{\"method\":\"POST\",\"url\":\"/api/auth/verify-email?token=eyJhbGciOiJIUzI1NiIsInR5cCI6IkpXVCJ9.eyJlbWFpbCI6Im1vaWRlZW5zaGFjcDI4QGdtYWlsLmNvbSIsImlhdCI6MTczMzM3Mjc0OCwiZXhwIjoxNzMzMzc0NTQ4fQ.ihiMkN5cES9rUCNcCAqhniaduznVQmn_wz1SowyhOAQ\",\"status\":\"200\",\"responseTime\":\"334.104\"}","timestamp":"2024-12-05T04:26:04.887Z"}
{"level":"\u001b[32minfo\u001b[39m","message":"{\"method\":\"POST\",\"url\":\"/api/auth/login\",\"status\":\"200\",\"responseTime\":\"303.661\"}","timestamp":"2024-12-05T04:26:22.662Z"}
{"level":"\u001b[32minfo\u001b[39m","message":"{\"method\":\"POST\",\"url\":\"/api/auth/logout\",\"status\":\"200\",\"responseTime\":\"1.159\"}","timestamp":"2024-12-05T04:26:27.827Z"}
{"level":"\u001b[32minfo\u001b[39m","message":"{\"method\":\"POST\",\"url\":\"/api/auth/register\",\"status\":\"201\",\"responseTime\":\"4710.873\"}","timestamp":"2024-12-05T04:26:59.415Z"}
{"level":"\u001b[32minfo\u001b[39m","message":"{\"method\":\"POST\",\"url\":\"/api/auth/verify-email?token=eyJhbGciOiJIUzI1NiIsInR5cCI6IkpXVCJ9.eyJlbWFpbCI6Im1vaWRlZW5zaGFjcDI4QGdtYWlsLmNvbSIsImlhdCI6MTczMzM3MjgxNSwiZXhwIjoxNzMzMzc0NjE1fQ.OVnk81o67Ze48RYGcumvsn_28iiBgpbSTqDGgtiRDEA\",\"status\":\"200\",\"responseTime\":\"171.165\"}","timestamp":"2024-12-05T04:27:14.739Z"}
{"level":"\u001b[32minfo\u001b[39m","message":"{\"method\":\"POST\",\"url\":\"/api/auth/login\",\"status\":\"200\",\"responseTime\":\"282.983\"}","timestamp":"2024-12-05T04:27:28.756Z"}
{"level":"\u001b[32minfo\u001b[39m","message":"{\"method\":\"POST\",\"url\":\"/api/auth/logout\",\"status\":\"200\",\"responseTime\":\"1.704\"}","timestamp":"2024-12-05T04:27:33.888Z"}
{"level":"\u001b[32minfo\u001b[39m","message":"{\"method\":\"POST\",\"url\":\"/api/auth/register\",\"status\":\"201\",\"responseTime\":\"4620.264\"}","timestamp":"2024-12-05T04:28:03.993Z"}
{"level":"\u001b[32minfo\u001b[39m","message":"{\"method\":\"POST\",\"url\":\"/api/auth/verify-email?token=eyJhbGciOiJIUzI1NiIsInR5cCI6IkpXVCJ9.eyJlbWFpbCI6Im1vaWRlZW5zaGFjcDI4QGdtYWlsLmNvbSIsImlhdCI6MTczMzM3Mjg4MCwiZXhwIjoxNzMzMzc0NjgwfQ.oBib9OjyeVaIq-QEhD7XoqAh_u1LKW1b5qlF-mgpjXE\",\"status\":\"200\",\"responseTime\":\"500.586\"}","timestamp":"2024-12-05T04:28:24.226Z"}
{"level":"\u001b[32minfo\u001b[39m","message":"{\"method\":\"POST\",\"url\":\"/api/auth/login\",\"status\":\"200\",\"responseTime\":\"311.752\"}","timestamp":"2024-12-05T04:28:41.121Z"}
{"level":"\u001b[32minfo\u001b[39m","message":"{\"method\":\"POST\",\"url\":\"/api/auth/logout\",\"status\":\"200\",\"responseTime\":\"0.875\"}","timestamp":"2024-12-05T04:28:46.455Z"}
{"level":"\u001b[32minfo\u001b[39m","message":"{\"method\":\"POST\",\"url\":\"/api/auth/register\",\"status\":\"201\",\"responseTime\":\"3813.338\"}","timestamp":"2024-12-05T04:29:21.143Z"}
{"level":"\u001b[32minfo\u001b[39m","message":"{\"method\":\"POST\",\"url\":\"/api/auth/verify-email?token=eyJhbGciOiJIUzI1NiIsInR5cCI6IkpXVCJ9.eyJlbWFpbCI6Im1vaWRlZW5zaGFjcDI4QGdtYWlsLmNvbSIsImlhdCI6MTczMzM3Mjk1NywiZXhwIjoxNzMzMzc0NzU3fQ.wl8JwNDbu-LouaUezvRZfCXmr0hZHU0TM-VkRIPsRAk\",\"status\":\"200\",\"responseTime\":\"175.829\"}","timestamp":"2024-12-05T04:29:33.775Z"}
{"level":"\u001b[32minfo\u001b[39m","message":"{\"method\":\"POST\",\"url\":\"/api/auth/login\",\"status\":\"200\",\"responseTime\":\"326.223\"}","timestamp":"2024-12-05T04:29:48.093Z"}
{"level":"\u001b[32minfo\u001b[39m","message":"{\"method\":\"POST\",\"url\":\"/api/auth/logout\",\"status\":\"200\",\"responseTime\":\"0.806\"}","timestamp":"2024-12-05T04:29:53.773Z"}
{"level":"\u001b[32minfo\u001b[39m","message":"{\"method\":\"POST\",\"url\":\"/api/auth/register\",\"status\":\"201\",\"responseTime\":\"5133.228\"}","timestamp":"2024-12-05T04:30:24.239Z"}
{"level":"\u001b[32minfo\u001b[39m","message":"{\"method\":\"POST\",\"url\":\"/api/auth/verify-email?token=eyJhbGciOiJIUzI1NiIsInR5cCI6IkpXVCJ9.eyJlbWFpbCI6Im1vaWRlZW5zaGFjcDI4QGdtYWlsLmNvbSIsImlhdCI6MTczMzM3MzAxOSwiZXhwIjoxNzMzMzc0ODE5fQ.9PTRKxktTp-VMMq57hti-zskYVIr6nmFa7Pik0QZN5A\",\"status\":\"200\",\"responseTime\":\"255.034\"}","timestamp":"2024-12-05T04:30:34.319Z"}
{"level":"\u001b[32minfo\u001b[39m","message":"{\"method\":\"POST\",\"url\":\"/api/auth/login\",\"status\":\"200\",\"responseTime\":\"303.288\"}","timestamp":"2024-12-05T04:30:45.893Z"}
{"level":"\u001b[32minfo\u001b[39m","message":"{\"method\":\"POST\",\"url\":\"/api/auth/logout\",\"status\":\"200\",\"responseTime\":\"0.959\"}","timestamp":"2024-12-05T04:30:51.420Z"}
{"level":"\u001b[32minfo\u001b[39m","message":"{\"method\":\"POST\",\"url\":\"/api/auth/login\",\"status\":\"200\",\"responseTime\":\"328.861\"}","timestamp":"2024-12-05T04:30:59.705Z"}
{"level":"\u001b[32minfo\u001b[39m","message":"{\"method\":\"POST\",\"url\":\"/api/auth/logout\",\"status\":\"200\",\"responseTime\":\"0.738\"}","timestamp":"2024-12-05T04:31:05.247Z"}
{"level":"\u001b[32minfo\u001b[39m","message":"{\"method\":\"POST\",\"url\":\"/api/auth/register\",\"status\":\"201\",\"responseTime\":\"4698.915\"}","timestamp":"2024-12-05T04:50:31.398Z"}
{"level":"\u001b[32minfo\u001b[39m","message":"{\"method\":\"POST\",\"url\":\"/api/auth/verify-email?token=eyJhbGciOiJIUzI1NiIsInR5cCI6IkpXVCJ9.eyJlbWFpbCI6Im1vaWRlZW5zaGFjcDI4QGdtYWlsLmNvbSIsImlhdCI6MTczMzM3NDIyOCwiZXhwIjoxNzMzMzc2MDI4fQ.OlgRm9smU8uM4BynR6a37LII8544jFUJvZBjHN1GZhI\",\"status\":\"200\",\"responseTime\":\"238.810\"}","timestamp":"2024-12-05T04:50:43.914Z"}
{"level":"\u001b[32minfo\u001b[39m","message":"{\"method\":\"POST\",\"url\":\"/api/auth/login\",\"status\":\"200\",\"responseTime\":\"758.092\"}","timestamp":"2024-12-05T04:50:57.163Z"}
{"level":"\u001b[32minfo\u001b[39m","message":"{\"method\":\"POST\",\"url\":\"/api/auth/logout\",\"status\":\"200\",\"responseTime\":\"0.600\"}","timestamp":"2024-12-05T04:51:06.126Z"}
{"level":"\u001b[32minfo\u001b[39m","message":"{\"method\":\"POST\",\"url\":\"/api/auth/forget-password\",\"status\":\"200\",\"responseTime\":\"4459.181\"}","timestamp":"2024-12-05T04:52:36.160Z"}
{"level":"\u001b[32minfo\u001b[39m","message":"{\"method\":\"POST\",\"url\":\"/api/auth/reset-password\",\"status\":\"201\",\"responseTime\":\"420.786\"}","timestamp":"2024-12-05T04:53:03.701Z"}
{"level":"\u001b[32minfo\u001b[39m","message":"{\"method\":\"POST\",\"url\":\"/api/auth/login\",\"status\":\"400\",\"responseTime\":\"467.136\"}","timestamp":"2024-12-05T04:53:18.537Z"}
{"level":"\u001b[32minfo\u001b[39m","message":"{\"method\":\"POST\",\"url\":\"/api/auth/login\",\"status\":\"400\",\"responseTime\":\"422.019\"}","timestamp":"2024-12-05T04:53:25.378Z"}
{"level":"\u001b[32minfo\u001b[39m","message":"{\"method\":\"POST\",\"url\":\"/api/auth/login\",\"status\":\"200\",\"responseTime\":\"208.610\"}","timestamp":"2024-12-05T04:53:34.260Z"}
{"level":"\u001b[32minfo\u001b[39m","message":"{\"method\":\"POST\",\"url\":\"/api/auth/logout\",\"status\":\"200\",\"responseTime\":\"0.675\"}","timestamp":"2024-12-05T04:53:40.385Z"}
{"level":"\u001b[32minfo\u001b[39m","message":"{\"method\":\"POST\",\"url\":\"/api/auth/login\",\"status\":\"200\",\"responseTime\":\"248.686\"}","timestamp":"2024-12-05T04:53:57.988Z"}
{"level":"\u001b[32minfo\u001b[39m","message":"{\"method\":\"POST\",\"url\":\"/api/auth/logout\",\"status\":\"200\",\"responseTime\":\"0.592\"}","timestamp":"2024-12-05T04:54:02.653Z"}
{"level":"\u001b[32minfo\u001b[39m","message":"{\"method\":\"POST\",\"url\":\"/api/auth/forget-password\",\"status\":\"200\",\"responseTime\":\"5424.953\"}","timestamp":"2024-12-05T04:54:19.975Z"}
{"level":"\u001b[32minfo\u001b[39m","message":"{\"method\":\"POST\",\"url\":\"/api/auth/reset-password\",\"status\":\"201\",\"responseTime\":\"344.462\"}","timestamp":"2024-12-05T04:54:39.221Z"}
{"level":"\u001b[32minfo\u001b[39m","message":"{\"method\":\"POST\",\"url\":\"/api/auth/login\",\"status\":\"200\",\"responseTime\":\"313.594\"}","timestamp":"2024-12-05T04:54:51.878Z"}
{"level":"\u001b[32minfo\u001b[39m","message":"{\"method\":\"POST\",\"url\":\"/api/auth/logout\",\"status\":\"200\",\"responseTime\":\"0.509\"}","timestamp":"2024-12-05T04:54:57.283Z"}
{"level":"\u001b[32minfo\u001b[39m","message":"{\"method\":\"POST\",\"url\":\"/api/auth/register\",\"status\":\"201\",\"responseTime\":\"6648.728\"}","timestamp":"2024-12-05T05:59:58.540Z"}
{"level":"\u001b[32minfo\u001b[39m","message":"{\"method\":\"POST\",\"url\":\"/api/auth/verify-email?token=eyJhbGciOiJIUzI1NiIsInR5cCI6IkpXVCJ9.eyJlbWFpbCI6Im1vaWRlZW5zaGFjcDI4QGdtYWlsLmNvbSIsImlhdCI6MTczMzM3ODM5NCwiZXhwIjoxNzMzMzgwMTk0fQ.CT4I59wkPIN7ohfbbYEk42gQ7I1TjxJsyMH7zDJJvzk\",\"status\":\"200\",\"responseTime\":\"151.155\"}","timestamp":"2024-12-05T06:00:19.388Z"}
{"level":"\u001b[32minfo\u001b[39m","message":"{\"method\":\"POST\",\"url\":\"/api/auth/login\",\"status\":\"200\",\"responseTime\":\"218.128\"}","timestamp":"2024-12-05T06:00:32.824Z"}
{"level":"\u001b[32minfo\u001b[39m","message":"{\"method\":\"POST\",\"url\":\"/api/auth/logout\",\"status\":\"200\",\"responseTime\":\"0.312\"}","timestamp":"2024-12-05T06:00:37.448Z"}
{"level":"\u001b[32minfo\u001b[39m","message":"{\"method\":\"POST\",\"url\":\"/api/auth/register\",\"status\":\"201\",\"responseTime\":\"3927.986\"}","timestamp":"2024-12-05T07:16:12.688Z"}
{"level":"\u001b[32minfo\u001b[39m","message":"{\"method\":\"POST\",\"url\":\"/api/auth/verify-email?token=eyJhbGciOiJIUzI1NiIsInR5cCI6IkpXVCJ9.eyJlbWFpbCI6Im1vaWRlZW5zaGFjcDI4QGdtYWlsLmNvbSIsImlhdCI6MTczMzM4Mjk2OCwiZXhwIjoxNzMzMzg0NzY4fQ.5Mlsne19-9qA3_2cBmu6TslRwKqRd_VSy_YDFP1HWto\",\"status\":\"200\",\"responseTime\":\"117.491\"}","timestamp":"2024-12-05T07:16:27.314Z"}
{"level":"\u001b[32minfo\u001b[39m","message":"{\"method\":\"POST\",\"url\":\"/api/auth/login\",\"status\":\"200\",\"responseTime\":\"120.547\"}","timestamp":"2024-12-05T07:16:46.740Z"}
{"level":"\u001b[32minfo\u001b[39m","message":"{\"method\":\"POST\",\"url\":\"/api/auth/logout\",\"status\":\"200\",\"responseTime\":\"0.578\"}","timestamp":"2024-12-05T07:16:51.854Z"}
{"level":"\u001b[32minfo\u001b[39m","message":"{\"method\":\"POST\",\"url\":\"/api/auth/forget-password\",\"status\":\"400\",\"responseTime\":\"454.439\"}","timestamp":"2024-12-05T08:18:13.910Z"}
{"level":"\u001b[32minfo\u001b[39m","message":"{\"method\":\"POST\",\"url\":\"/api/auth/forget-password\",\"status\":\"200\",\"responseTime\":\"2981.163\"}","timestamp":"2024-12-05T08:19:09.674Z"}
{"level":"\u001b[32minfo\u001b[39m","message":"{\"method\":\"POST\",\"url\":\"/api/auth/reset-password\",\"status\":\"201\",\"responseTime\":\"428.918\"}","timestamp":"2024-12-05T08:20:08.917Z"}
{"level":"\u001b[32minfo\u001b[39m","message":"{\"method\":\"POST\",\"url\":\"/api/auth/login\",\"status\":\"200\",\"responseTime\":\"256.165\"}","timestamp":"2024-12-05T08:20:35.324Z"}
{"level":"\u001b[32minfo\u001b[39m","message":"{\"method\":\"POST\",\"url\":\"/api/auth/logout\",\"status\":\"200\",\"responseTime\":\"1.153\"}","timestamp":"2024-12-05T08:21:12.053Z"}
{"level":"\u001b[32minfo\u001b[39m","message":"{\"method\":\"POST\",\"url\":\"/api/auth/login\",\"status\":\"200\",\"responseTime\":\"252.552\"}","timestamp":"2024-12-05T08:22:59.605Z"}
