{"level":"\u001b[32minfo\u001b[39m","message":"{\"method\":\"POST\",\"url\":\"/api/auth/register\",\"status\":\"201\",\"responseTime\":\"2825.472\"}","timestamp":"2024-12-03T03:58:56.422Z"}
{"level":"\u001b[32minfo\u001b[39m","message":"{\"method\":\"POST\",\"url\":\"/api/auth/verify-email?token=eyJhbGciOiJIUzI1NiIsInR5cCI6IkpXVCJ9.eyJlbWFpbCI6Im1vaWRlZW5zaGFjcDI4QGdtYWlsLmNvbSIsImlhdCI6MTczMzE5ODMzMywiZXhwIjoxNzMzMTk4MzkzfQ.LF1muL9cg_tU8MxwgAP78eSLTItsXWxGvaIdJ7Bdkeo\",\"status\":\"400\",\"responseTime\":\"4.265\"}","timestamp":"2024-12-03T04:02:18.780Z"}
{"level":"\u001b[32minfo\u001b[39m","message":"{\"method\":\"POST\",\"url\":\"/api/auth/verify-email?token=eyJhbGciOiJIUzI1NiIsInR5cCI6IkpXVCJ9.eyJlbWFpbCI6Im1vaWRlZW5zaGFjcDI4QGdtYWlsLmNvbSIsImlhdCI6MTczMzE5ODMzMywiZXhwIjoxNzMzMTk4MzkzfQ.LF1muL9cg_tU8MxwgAP78eSLTItsXWxGvaIdJ7Bdkeo\",\"status\":\"400\",\"responseTime\":\"1.985\"}","timestamp":"2024-12-03T04:02:18.787Z"}
{"level":"\u001b[32minfo\u001b[39m","message":"{\"method\":\"POST\",\"url\":\"/api/auth/register\",\"status\":\"201\",\"responseTime\":\"2741.033\"}","timestamp":"2024-12-03T04:02:39.944Z"}
{"level":"\u001b[32minfo\u001b[39m","message":"{\"method\":\"POST\",\"url\":\"/api/auth/verify-email?token=eyJhbGciOiJIUzI1NiIsInR5cCI6IkpXVCJ9.eyJlbWFpbCI6Im1vaWRlZW5zaGFjcDI4QGdtYWlsLmNvbSIsImlhdCI6MTczMzE5ODU1NywiZXhwIjoxNzMzMTk4NjE3fQ.7dCRSMFLcoCCG5DEDmyf_JgxTqaUAfKgcPb9eHaoASU\",\"status\":\"200\",\"responseTime\":\"110.280\"}","timestamp":"2024-12-03T04:02:50.940Z"}
{"level":"\u001b[32minfo\u001b[39m","message":"{\"method\":\"POST\",\"url\":\"/api/auth/verify-email?token=eyJhbGciOiJIUzI1NiIsInR5cCI6IkpXVCJ9.eyJlbWFpbCI6Im1vaWRlZW5zaGFjcDI4QGdtYWlsLmNvbSIsImlhdCI6MTczMzE5ODU1NywiZXhwIjoxNzMzMTk4NjE3fQ.7dCRSMFLcoCCG5DEDmyf_JgxTqaUAfKgcPb9eHaoASU\",\"status\":\"400\",\"responseTime\":\"421.928\"}","timestamp":"2024-12-03T04:02:51.254Z"}
{"level":"\u001b[32minfo\u001b[39m","message":"{\"method\":\"POST\",\"url\":\"/api/auth/login\",\"status\":\"200\",\"responseTime\":\"126.357\"}","timestamp":"2024-12-03T04:03:10.146Z"}
{"level":"\u001b[32minfo\u001b[39m","message":"{\"method\":\"POST\",\"url\":\"/api/auth/login\",\"status\":\"400\",\"responseTime\":\"335.884\"}","timestamp":"2024-12-03T04:03:27.824Z"}
{"level":"\u001b[32minfo\u001b[39m","message":"{\"method\":\"POST\",\"url\":\"/api/auth/login\",\"status\":\"200\",\"responseTime\":\"238.240\"}","timestamp":"2024-12-03T04:03:35.609Z"}
{"level":"\u001b[32minfo\u001b[39m","message":"{\"method\":\"POST\",\"url\":\"/api/auth/login\",\"status\":\"200\",\"responseTime\":\"117.547\"}","timestamp":"2024-12-03T04:04:42.257Z"}
{"level":"\u001b[32minfo\u001b[39m","message":"{\"method\":\"POST\",\"url\":\"/api/auth/login\",\"status\":\"200\",\"responseTime\":\"113.835\"}","timestamp":"2024-12-03T04:05:02.738Z"}
{"level":"\u001b[32minfo\u001b[39m","message":"{\"method\":\"POST\",\"url\":\"/api/auth/login\",\"status\":\"200\",\"responseTime\":\"112.692\"}","timestamp":"2024-12-03T04:20:22.370Z"}
{"level":"\u001b[32minfo\u001b[39m","message":"{\"method\":\"POST\",\"url\":\"/api/auth/login\",\"status\":\"200\",\"responseTime\":\"113.247\"}","timestamp":"2024-12-03T04:28:44.204Z"}
{"level":"\u001b[32minfo\u001b[39m","message":"{\"method\":\"POST\",\"url\":\"/api/auth/login\",\"status\":\"200\",\"responseTime\":\"112.148\"}","timestamp":"2024-12-03T04:31:51.324Z"}
{"level":"\u001b[32minfo\u001b[39m","message":"{\"method\":\"POST\",\"url\":\"/api/auth/login\",\"status\":\"200\",\"responseTime\":\"114.199\"}","timestamp":"2024-12-03T04:40:36.000Z"}
{"level":"\u001b[32minfo\u001b[39m","message":"{\"method\":\"POST\",\"url\":\"/api/auth/verify-email?token=eyJhbGciOiJIUzI1NiIsInR5cCI6IkpXVCJ9.eyJlbWFpbCI6Im1vaWRlZW5zaGFjcDI4QGdtYWlsLmNvbSIsImlhdCI6MTczMzE5ODU1NywiZXhwIjoxNzMzMTk4NjE3fQ.7dCRSMFLcoCCG5DEDmyf_JgxTqaUAfKgcPb9eHaoASU\",\"status\":\"400\",\"responseTime\":\"8.883\"}","timestamp":"2024-12-03T04:41:26.969Z"}
{"level":"\u001b[32minfo\u001b[39m","message":"{\"method\":\"POST\",\"url\":\"/api/auth/verify-email?token=eyJhbGciOiJIUzI1NiIsInR5cCI6IkpXVCJ9.eyJlbWFpbCI6Im1vaWRlZW5zaGFjcDI4QGdtYWlsLmNvbSIsImlhdCI6MTczMzE5ODU1NywiZXhwIjoxNzMzMTk4NjE3fQ.7dCRSMFLcoCCG5DEDmyf_JgxTqaUAfKgcPb9eHaoASU\",\"status\":\"400\",\"responseTime\":\"3.980\"}","timestamp":"2024-12-03T04:41:26.980Z"}
{"level":"\u001b[32minfo\u001b[39m","message":"{\"method\":\"POST\",\"url\":\"/api/auth/login\",\"status\":\"200\",\"responseTime\":\"155.930\"}","timestamp":"2024-12-03T04:41:48.890Z"}
{"level":"\u001b[32minfo\u001b[39m","message":"{\"method\":\"POST\",\"url\":\"/api/auth/login\",\"status\":\"200\",\"responseTime\":\"127.521\"}","timestamp":"2024-12-03T04:42:10.748Z"}
{"level":"\u001b[32minfo\u001b[39m","message":"{\"method\":\"POST\",\"url\":\"/api/auth/login\",\"status\":\"200\",\"responseTime\":\"160.631\"}","timestamp":"2024-12-03T05:40:07.670Z"}
{"level":"\u001b[32minfo\u001b[39m","message":"{\"method\":\"POST\",\"url\":\"/api/auth/login\",\"status\":\"200\",\"responseTime\":\"142.087\"}","timestamp":"2024-12-03T05:40:53.746Z"}
{"level":"\u001b[32minfo\u001b[39m","message":"{\"method\":\"POST\",\"url\":\"/api/auth/login\",\"status\":\"200\",\"responseTime\":\"195.855\"}","timestamp":"2024-12-03T05:42:35.067Z"}
{"level":"\u001b[32minfo\u001b[39m","message":"{\"method\":\"POST\",\"url\":\"/api/auth/login\",\"status\":\"200\",\"responseTime\":\"136.063\"}","timestamp":"2024-12-03T05:50:11.997Z"}
{"level":"\u001b[32minfo\u001b[39m","message":"{\"method\":\"POST\",\"url\":\"/api/auth/login\",\"status\":\"200\",\"responseTime\":\"113.431\"}","timestamp":"2024-12-03T05:53:10.673Z"}
{"level":"\u001b[32minfo\u001b[39m","message":"{\"method\":\"POST\",\"url\":\"/api/auth/login\",\"status\":\"200\",\"responseTime\":\"110.705\"}","timestamp":"2024-12-03T06:14:36.896Z"}
{"level":"\u001b[32minfo\u001b[39m","message":"{\"method\":\"POST\",\"url\":\"/api/auth/login\",\"status\":\"200\",\"responseTime\":\"116.709\"}","timestamp":"2024-12-03T06:15:49.265Z"}
{"level":"\u001b[32minfo\u001b[39m","message":"{\"method\":\"POST\",\"url\":\"/api/auth/login\",\"status\":\"200\",\"responseTime\":\"114.861\"}","timestamp":"2024-12-03T06:19:59.566Z"}
{"level":"\u001b[32minfo\u001b[39m","message":"{\"method\":\"POST\",\"url\":\"/api/auth/login\",\"status\":\"200\",\"responseTime\":\"112.855\"}","timestamp":"2024-12-03T06:24:40.227Z"}
{"level":"\u001b[32minfo\u001b[39m","message":"{\"method\":\"POST\",\"url\":\"/api/auth/login\",\"status\":\"200\",\"responseTime\":\"137.705\"}","timestamp":"2024-12-03T06:25:18.349Z"}
{"level":"\u001b[32minfo\u001b[39m","message":"{\"method\":\"POST\",\"url\":\"/api/auth/login\",\"status\":\"200\",\"responseTime\":\"115.536\"}","timestamp":"2024-12-03T06:27:30.485Z"}
{"level":"\u001b[32minfo\u001b[39m","message":"{\"method\":\"POST\",\"url\":\"/api/auth/login\",\"status\":\"200\",\"responseTime\":\"122.461\"}","timestamp":"2024-12-03T06:31:45.601Z"}
{"level":"\u001b[32minfo\u001b[39m","message":"{\"method\":\"POST\",\"url\":\"/api/auth/login\",\"status\":\"200\",\"responseTime\":\"112.091\"}","timestamp":"2024-12-03T06:32:48.129Z"}
{"level":"\u001b[32minfo\u001b[39m","message":"{\"method\":\"POST\",\"url\":\"/api/auth/login\",\"status\":\"200\",\"responseTime\":\"125.327\"}","timestamp":"2024-12-03T06:36:30.498Z"}
{"level":"\u001b[32minfo\u001b[39m","message":"{\"method\":\"POST\",\"url\":\"/api/auth/login\",\"status\":\"200\",\"responseTime\":\"123.592\"}","timestamp":"2024-12-03T06:40:01.617Z"}
{"level":"\u001b[32minfo\u001b[39m","message":"{\"method\":\"POST\",\"url\":\"/api/auth/login\",\"status\":\"200\",\"responseTime\":\"136.308\"}","timestamp":"2024-12-03T06:40:16.127Z"}
{"level":"\u001b[32minfo\u001b[39m","message":"{\"method\":\"POST\",\"url\":\"/api/auth/login\",\"status\":\"200\",\"responseTime\":\"127.208\"}","timestamp":"2024-12-03T06:41:54.366Z"}
{"level":"\u001b[32minfo\u001b[39m","message":"{\"method\":\"POST\",\"url\":\"/api/auth/login\",\"status\":\"200\",\"responseTime\":\"110.546\"}","timestamp":"2024-12-03T06:47:02.829Z"}
{"level":"\u001b[32minfo\u001b[39m","message":"{\"method\":\"POST\",\"url\":\"/api/auth/logout\",\"status\":\"404\",\"responseTime\":\"3.145\"}","timestamp":"2024-12-03T07:48:07.255Z"}
{"level":"\u001b[32minfo\u001b[39m","message":"{\"method\":\"POST\",\"url\":\"/api/auth/logout\",\"status\":\"404\",\"responseTime\":\"0.910\"}","timestamp":"2024-12-03T07:48:08.576Z"}
{"level":"\u001b[32minfo\u001b[39m","message":"{\"method\":\"POST\",\"url\":\"/api/auth/logout\",\"status\":\"404\",\"responseTime\":\"0.507\"}","timestamp":"2024-12-03T07:48:09.748Z"}
{"level":"\u001b[32minfo\u001b[39m","message":"{\"method\":\"POST\",\"url\":\"/api/auth/logout\",\"status\":\"404\",\"responseTime\":\"0.636\"}","timestamp":"2024-12-03T07:48:11.156Z"}
{"level":"\u001b[32minfo\u001b[39m","message":"{\"method\":\"POST\",\"url\":\"/api/auth/logout\",\"status\":\"200\",\"responseTime\":\"2.677\"}","timestamp":"2024-12-03T07:48:53.333Z"}
{"level":"\u001b[32minfo\u001b[39m","message":"{\"method\":\"POST\",\"url\":\"/api/auth/login\",\"status\":\"200\",\"responseTime\":\"159.066\"}","timestamp":"2024-12-03T07:49:27.276Z"}
{"level":"\u001b[32minfo\u001b[39m","message":"{\"method\":\"POST\",\"url\":\"/api/auth/logout\",\"status\":\"200\",\"responseTime\":\"0.882\"}","timestamp":"2024-12-03T07:49:33.139Z"}
{"level":"\u001b[32minfo\u001b[39m","message":"{\"method\":\"POST\",\"url\":\"/api/auth/login\",\"status\":\"200\",\"responseTime\":\"115.925\"}","timestamp":"2024-12-03T07:49:58.665Z"}
{"level":"\u001b[32minfo\u001b[39m","message":"{\"method\":\"POST\",\"url\":\"/api/auth/logout\",\"status\":\"200\",\"responseTime\":\"0.418\"}","timestamp":"2024-12-03T07:50:58.486Z"}
{"level":"\u001b[32minfo\u001b[39m","message":"{\"method\":\"POST\",\"url\":\"/api/auth/login\",\"status\":\"200\",\"responseTime\":\"115.440\"}","timestamp":"2024-12-03T07:52:36.719Z"}
{"level":"\u001b[32minfo\u001b[39m","message":"{\"method\":\"POST\",\"url\":\"/api/auth/logout\",\"status\":\"200\",\"responseTime\":\"0.808\"}","timestamp":"2024-12-03T07:53:13.278Z"}
{"level":"\u001b[32minfo\u001b[39m","message":"{\"method\":\"POST\",\"url\":\"/api/auth/login\",\"status\":\"200\",\"responseTime\":\"112.607\"}","timestamp":"2024-12-03T07:53:26.166Z"}
{"level":"\u001b[32minfo\u001b[39m","message":"{\"method\":\"POST\",\"url\":\"/api/auth/logout\",\"status\":\"200\",\"responseTime\":\"0.427\"}","timestamp":"2024-12-03T07:53:29.211Z"}
{"level":"\u001b[32minfo\u001b[39m","message":"{\"method\":\"POST\",\"url\":\"/api/auth/login\",\"status\":\"200\",\"responseTime\":\"115.435\"}","timestamp":"2024-12-03T07:58:53.723Z"}
{"level":"\u001b[32minfo\u001b[39m","message":"{\"method\":\"POST\",\"url\":\"/api/auth/logout\",\"status\":\"200\",\"responseTime\":\"0.596\"}","timestamp":"2024-12-03T07:59:58.654Z"}
{"level":"\u001b[32minfo\u001b[39m","message":"{\"method\":\"POST\",\"url\":\"/api/auth/login\",\"status\":\"200\",\"responseTime\":\"113.827\"}","timestamp":"2024-12-03T08:00:19.533Z"}
{"level":"\u001b[32minfo\u001b[39m","message":"{\"method\":\"POST\",\"url\":\"/api/auth/logout\",\"status\":\"200\",\"responseTime\":\"3.052\"}","timestamp":"2024-12-03T08:17:40.458Z"}
{"level":"\u001b[32minfo\u001b[39m","message":"{\"method\":\"POST\",\"url\":\"/api/auth/login\",\"status\":\"200\",\"responseTime\":\"159.266\"}","timestamp":"2024-12-03T08:18:52.738Z"}
{"level":"\u001b[32minfo\u001b[39m","message":"{\"method\":\"POST\",\"url\":\"/api/auth/register\",\"status\":\"201\",\"responseTime\":\"2847.440\"}","timestamp":"2024-12-03T08:20:52.802Z"}
{"level":"\u001b[32minfo\u001b[39m","message":"{\"method\":\"POST\",\"url\":\"/api/auth/verify-email?token=eyJhbGciOiJIUzI1NiIsInR5cCI6IkpXVCJ9.eyJlbWFpbCI6Im1vaWRlZW5zaGFjcDI4QGdtYWlsLmNvbSIsImlhdCI6MTczMzIxNDA1MCwiZXhwIjoxNzMzMjE0MTEwfQ.uPRPBBR8pRk2UacK0eiEABf4YIgihL6WORoneodjau0\",\"status\":\"200\",\"responseTime\":\"113.243\"}","timestamp":"2024-12-03T08:21:06.789Z"}
{"level":"\u001b[32minfo\u001b[39m","message":"{\"method\":\"POST\",\"url\":\"/api/auth/login\",\"status\":\"200\",\"responseTime\":\"138.862\"}","timestamp":"2024-12-03T08:21:18.216Z"}
{"level":"\u001b[32minfo\u001b[39m","message":"{\"method\":\"POST\",\"url\":\"/api/auth/verify-email?token=eyJhbGciOiJIUzI1NiIsInR5cCI6IkpXVCJ9.eyJlbWFpbCI6Im1vaWRlZW5zaGFjcDI4QGdtYWlsLmNvbSIsImlhdCI6MTczMzIxNDA1MCwiZXhwIjoxNzMzMjE0MTEwfQ.uPRPBBR8pRk2UacK0eiEABf4YIgihL6WORoneodjau0\",\"status\":\"400\",\"responseTime\":\"54.122\"}","timestamp":"2024-12-03T08:21:20.974Z"}
{"level":"\u001b[32minfo\u001b[39m","message":"{\"method\":\"POST\",\"url\":\"/api/auth/verify-email?token=eyJhbGciOiJIUzI1NiIsInR5cCI6IkpXVCJ9.eyJlbWFpbCI6Im1vaWRlZW5zaGFjcDI4QGdtYWlsLmNvbSIsImlhdCI6MTczMzIxNDA1MCwiZXhwIjoxNzMzMjE0MTEwfQ.uPRPBBR8pRk2UacK0eiEABf4YIgihL6WORoneodjau0\",\"status\":\"400\",\"responseTime\":\"45.281\"}","timestamp":"2024-12-03T08:21:27.478Z"}
{"level":"\u001b[32minfo\u001b[39m","message":"{\"method\":\"POST\",\"url\":\"/api/auth/logout\",\"status\":\"200\",\"responseTime\":\"1.008\"}","timestamp":"2024-12-03T08:21:36.688Z"}
{"level":"\u001b[32minfo\u001b[39m","message":"{\"method\":\"POST\",\"url\":\"/api/auth/login\",\"status\":\"200\",\"responseTime\":\"119.564\"}","timestamp":"2024-12-03T08:21:51.473Z"}
{"level":"\u001b[32minfo\u001b[39m","message":"{\"method\":\"POST\",\"url\":\"/api/auth/logout\",\"status\":\"200\",\"responseTime\":\"0.685\"}","timestamp":"2024-12-03T08:22:05.172Z"}
{"level":"\u001b[32minfo\u001b[39m","message":"{\"method\":\"POST\",\"url\":\"/api/auth/login\",\"status\":\"200\",\"responseTime\":\"113.094\"}","timestamp":"2024-12-03T08:22:23.706Z"}
{"level":"\u001b[32minfo\u001b[39m","message":"{\"method\":\"POST\",\"url\":\"/api/auth/logout\",\"status\":\"200\",\"responseTime\":\"0.618\"}","timestamp":"2024-12-03T08:24:09.456Z"}
{"level":"\u001b[32minfo\u001b[39m","message":"{\"method\":\"POST\",\"url\":\"/api/auth/login\",\"status\":\"200\",\"responseTime\":\"121.133\"}","timestamp":"2024-12-03T08:24:33.000Z"}
{"level":"\u001b[32minfo\u001b[39m","message":"{\"method\":\"POST\",\"url\":\"/api/auth/login\",\"status\":\"200\",\"responseTime\":\"118.127\"}","timestamp":"2024-12-03T08:31:27.736Z"}
{"level":"\u001b[32minfo\u001b[39m","message":"{\"method\":\"POST\",\"url\":\"/api/auth/logout\",\"status\":\"200\",\"responseTime\":\"0.425\"}","timestamp":"2024-12-03T08:32:08.351Z"}
{"level":"\u001b[32minfo\u001b[39m","message":"{\"method\":\"POST\",\"url\":\"/api/auth/login\",\"status\":\"200\",\"responseTime\":\"115.302\"}","timestamp":"2024-12-03T08:32:17.462Z"}
{"level":"\u001b[32minfo\u001b[39m","message":"{\"method\":\"POST\",\"url\":\"/api/auth/logout\",\"status\":\"200\",\"responseTime\":\"0.559\"}","timestamp":"2024-12-03T08:32:32.246Z"}
{"level":"\u001b[32minfo\u001b[39m","message":"{\"method\":\"POST\",\"url\":\"/api/auth/login\",\"status\":\"200\",\"responseTime\":\"114.845\"}","timestamp":"2024-12-03T08:32:57.748Z"}
{"level":"\u001b[32minfo\u001b[39m","message":"{\"method\":\"POST\",\"url\":\"/api/auth/logout\",\"status\":\"200\",\"responseTime\":\"0.570\"}","timestamp":"2024-12-03T08:33:51.791Z"}
{"level":"\u001b[32minfo\u001b[39m","message":"{\"method\":\"POST\",\"url\":\"/api/auth/login\",\"status\":\"200\",\"responseTime\":\"116.663\"}","timestamp":"2024-12-03T08:34:03.475Z"}
{"level":"\u001b[32minfo\u001b[39m","message":"{\"method\":\"POST\",\"url\":\"/api/auth/logout\",\"status\":\"200\",\"responseTime\":\"0.696\"}","timestamp":"2024-12-03T08:37:38.487Z"}
{"level":"\u001b[32minfo\u001b[39m","message":"{\"method\":\"POST\",\"url\":\"/api/auth/login\",\"status\":\"200\",\"responseTime\":\"116.671\"}","timestamp":"2024-12-03T08:37:48.853Z"}
{"level":"\u001b[32minfo\u001b[39m","message":"{\"method\":\"POST\",\"url\":\"/api/auth/logout\",\"status\":\"200\",\"responseTime\":\"0.580\"}","timestamp":"2024-12-03T08:44:46.982Z"}
{"level":"\u001b[32minfo\u001b[39m","message":"{\"method\":\"POST\",\"url\":\"/api/auth/login\",\"status\":\"200\",\"responseTime\":\"121.789\"}","timestamp":"2024-12-03T08:45:06.464Z"}
{"level":"\u001b[32minfo\u001b[39m","message":"{\"method\":\"POST\",\"url\":\"/api/auth/logout\",\"status\":\"200\",\"responseTime\":\"0.396\"}","timestamp":"2024-12-03T08:45:33.593Z"}
{"level":"\u001b[32minfo\u001b[39m","message":"{\"method\":\"POST\",\"url\":\"/api/auth/login\",\"status\":\"200\",\"responseTime\":\"114.864\"}","timestamp":"2024-12-03T08:46:58.263Z"}
{"level":"\u001b[32minfo\u001b[39m","message":"{\"method\":\"POST\",\"url\":\"/api/auth/logout\",\"status\":\"200\",\"responseTime\":\"0.528\"}","timestamp":"2024-12-03T08:48:39.675Z"}
{"level":"\u001b[32minfo\u001b[39m","message":"{\"method\":\"POST\",\"url\":\"/api/auth/login\",\"status\":\"200\",\"responseTime\":\"112.868\"}","timestamp":"2024-12-03T08:48:53.935Z"}
{"level":"\u001b[32minfo\u001b[39m","message":"{\"method\":\"POST\",\"url\":\"/api/auth/logout\",\"status\":\"200\",\"responseTime\":\"0.717\"}","timestamp":"2024-12-03T08:49:24.796Z"}
{"level":"\u001b[32minfo\u001b[39m","message":"{\"method\":\"POST\",\"url\":\"/api/auth/login\",\"status\":\"200\",\"responseTime\":\"113.283\"}","timestamp":"2024-12-03T08:49:38.187Z"}
{"level":"\u001b[32minfo\u001b[39m","message":"{\"method\":\"POST\",\"url\":\"/api/auth/logout\",\"status\":\"200\",\"responseTime\":\"0.549\"}","timestamp":"2024-12-03T08:50:51.510Z"}
{"level":"\u001b[32minfo\u001b[39m","message":"{\"method\":\"POST\",\"url\":\"/api/auth/login\",\"status\":\"200\",\"responseTime\":\"115.680\"}","timestamp":"2024-12-03T08:51:15.325Z"}
{"level":"\u001b[32minfo\u001b[39m","message":"{\"method\":\"POST\",\"url\":\"/api/auth/logout\",\"status\":\"200\",\"responseTime\":\"0.342\"}","timestamp":"2024-12-03T08:52:01.112Z"}
{"level":"\u001b[32minfo\u001b[39m","message":"{\"method\":\"POST\",\"url\":\"/api/auth/login\",\"status\":\"200\",\"responseTime\":\"114.849\"}","timestamp":"2024-12-03T08:52:27.554Z"}
{"level":"\u001b[32minfo\u001b[39m","message":"{\"method\":\"POST\",\"url\":\"/api/auth/logout\",\"status\":\"200\",\"responseTime\":\"0.347\"}","timestamp":"2024-12-03T08:53:01.730Z"}
{"level":"\u001b[32minfo\u001b[39m","message":"{\"method\":\"POST\",\"url\":\"/api/auth/login\",\"status\":\"200\",\"responseTime\":\"111.723\"}","timestamp":"2024-12-03T08:53:11.032Z"}
{"level":"\u001b[32minfo\u001b[39m","message":"{\"method\":\"POST\",\"url\":\"/api/auth/logout\",\"status\":\"200\",\"responseTime\":\"0.582\"}","timestamp":"2024-12-03T08:53:50.673Z"}
{"level":"\u001b[32minfo\u001b[39m","message":"{\"method\":\"POST\",\"url\":\"/api/auth/login\",\"status\":\"200\",\"responseTime\":\"110.072\"}","timestamp":"2024-12-03T08:54:11.503Z"}
{"level":"\u001b[32minfo\u001b[39m","message":"{\"method\":\"POST\",\"url\":\"/api/auth/logout\",\"status\":\"200\",\"responseTime\":\"0.479\"}","timestamp":"2024-12-03T08:54:35.834Z"}
{"level":"\u001b[32minfo\u001b[39m","message":"{\"method\":\"POST\",\"url\":\"/api/auth/login\",\"status\":\"200\",\"responseTime\":\"115.533\"}","timestamp":"2024-12-03T08:54:46.691Z"}
{"level":"\u001b[32minfo\u001b[39m","message":"{\"method\":\"POST\",\"url\":\"/api/auth/logout\",\"status\":\"200\",\"responseTime\":\"0.638\"}","timestamp":"2024-12-03T08:54:54.198Z"}
{"level":"\u001b[32minfo\u001b[39m","message":"{\"method\":\"POST\",\"url\":\"/api/auth/login\",\"status\":\"200\",\"responseTime\":\"111.922\"}","timestamp":"2024-12-03T08:55:02.747Z"}
{"level":"\u001b[32minfo\u001b[39m","message":"{\"method\":\"POST\",\"url\":\"/api/auth/logout\",\"status\":\"200\",\"responseTime\":\"0.606\"}","timestamp":"2024-12-03T08:55:16.910Z"}
{"level":"\u001b[32minfo\u001b[39m","message":"{\"method\":\"POST\",\"url\":\"/api/auth/login\",\"status\":\"200\",\"responseTime\":\"112.292\"}","timestamp":"2024-12-03T08:55:45.552Z"}
{"level":"\u001b[32minfo\u001b[39m","message":"{\"method\":\"POST\",\"url\":\"/api/auth/logout\",\"status\":\"200\",\"responseTime\":\"0.357\"}","timestamp":"2024-12-03T08:56:05.070Z"}
{"level":"\u001b[32minfo\u001b[39m","message":"{\"method\":\"POST\",\"url\":\"/api/auth/login\",\"status\":\"200\",\"responseTime\":\"111.063\"}","timestamp":"2024-12-03T08:56:16.262Z"}
{"level":"\u001b[32minfo\u001b[39m","message":"{\"method\":\"POST\",\"url\":\"/api/auth/logout\",\"status\":\"200\",\"responseTime\":\"0.545\"}","timestamp":"2024-12-03T08:56:26.580Z"}
{"level":"\u001b[32minfo\u001b[39m","message":"{\"method\":\"POST\",\"url\":\"/api/auth/login\",\"status\":\"200\",\"responseTime\":\"4900.154\"}","timestamp":"2024-12-03T08:56:43.803Z"}
{"level":"\u001b[32minfo\u001b[39m","message":"{\"method\":\"POST\",\"url\":\"/api/auth/login\",\"status\":\"200\",\"responseTime\":\"7502.345\"}","timestamp":"2024-12-03T08:56:47.939Z"}
{"level":"\u001b[32minfo\u001b[39m","message":"{\"method\":\"POST\",\"url\":\"/api/auth/logout\",\"status\":\"200\",\"responseTime\":\"0.328\"}","timestamp":"2024-12-03T08:57:18.376Z"}
{"level":"\u001b[32minfo\u001b[39m","message":"{\"method\":\"POST\",\"url\":\"/api/auth/register\",\"status\":\"201\",\"responseTime\":\"3168.415\"}","timestamp":"2024-12-03T08:58:03.028Z"}
{"level":"\u001b[32minfo\u001b[39m","message":"{\"method\":\"POST\",\"url\":\"/api/auth/verify-email?token=eyJhbGciOiJIUzI1NiIsInR5cCI6IkpXVCJ9.eyJlbWFpbCI6Im1vaWRlZW5zaGFjcDI4QGdtYWlsLmNvbSIsImlhdCI6MTczMzIxNjI4MCwiZXhwIjoxNzMzMjE2MzQwfQ.mc9rZrOk-j-tbpHvFBmMJRbjR9TL9GFfNLk0xwuJpJk\",\"status\":\"200\",\"responseTime\":\"116.373\"}","timestamp":"2024-12-03T08:58:13.617Z"}
{"level":"\u001b[32minfo\u001b[39m","message":"{\"method\":\"POST\",\"url\":\"/api/auth/login\",\"status\":\"200\",\"responseTime\":\"115.198\"}","timestamp":"2024-12-03T08:58:29.711Z"}
{"level":"\u001b[32minfo\u001b[39m","message":"{\"method\":\"POST\",\"url\":\"/api/auth/logout\",\"status\":\"200\",\"responseTime\":\"0.287\"}","timestamp":"2024-12-03T08:58:42.336Z"}
{"level":"\u001b[32minfo\u001b[39m","message":"{\"method\":\"POST\",\"url\":\"/api/auth/login\",\"status\":\"200\",\"responseTime\":\"116.682\"}","timestamp":"2024-12-03T08:58:52.575Z"}
{"level":"\u001b[32minfo\u001b[39m","message":"{\"method\":\"POST\",\"url\":\"/api/auth/logout\",\"status\":\"200\",\"responseTime\":\"0.339\"}","timestamp":"2024-12-03T08:59:49.450Z"}
{"level":"\u001b[32minfo\u001b[39m","message":"{\"method\":\"POST\",\"url\":\"/api/auth/login\",\"status\":\"200\",\"responseTime\":\"114.669\"}","timestamp":"2024-12-03T08:59:59.235Z"}
{"level":"\u001b[32minfo\u001b[39m","message":"{\"method\":\"POST\",\"url\":\"/api/auth/logout\",\"status\":\"200\",\"responseTime\":\"0.410\"}","timestamp":"2024-12-03T09:00:27.429Z"}
{"level":"\u001b[32minfo\u001b[39m","message":"{\"method\":\"POST\",\"url\":\"/api/auth/login\",\"status\":\"200\",\"responseTime\":\"265.435\"}","timestamp":"2024-12-03T09:00:36.346Z"}
{"level":"\u001b[32minfo\u001b[39m","message":"{\"method\":\"POST\",\"url\":\"/api/auth/logout\",\"status\":\"200\",\"responseTime\":\"0.329\"}","timestamp":"2024-12-03T09:01:19.737Z"}
{"level":"\u001b[32minfo\u001b[39m","message":"{\"method\":\"POST\",\"url\":\"/api/auth/login\",\"status\":\"200\",\"responseTime\":\"110.206\"}","timestamp":"2024-12-03T09:01:29.231Z"}
{"level":"\u001b[32minfo\u001b[39m","message":"{\"method\":\"POST\",\"url\":\"/api/auth/logout\",\"status\":\"200\",\"responseTime\":\"0.444\"}","timestamp":"2024-12-03T09:01:38.815Z"}
{"level":"\u001b[32minfo\u001b[39m","message":"{\"method\":\"POST\",\"url\":\"/api/auth/login\",\"status\":\"200\",\"responseTime\":\"115.707\"}","timestamp":"2024-12-03T09:01:49.767Z"}
{"level":"\u001b[32minfo\u001b[39m","message":"{\"method\":\"POST\",\"url\":\"/api/auth/logout\",\"status\":\"200\",\"responseTime\":\"0.360\"}","timestamp":"2024-12-03T09:02:13.674Z"}
{"level":"\u001b[32minfo\u001b[39m","message":"{\"method\":\"POST\",\"url\":\"/api/auth/login\",\"status\":\"200\",\"responseTime\":\"119.691\"}","timestamp":"2024-12-03T09:02:40.578Z"}
{"level":"\u001b[32minfo\u001b[39m","message":"{\"method\":\"POST\",\"url\":\"/api/auth/logout\",\"status\":\"200\",\"responseTime\":\"0.360\"}","timestamp":"2024-12-03T09:03:02.108Z"}
{"level":"\u001b[32minfo\u001b[39m","message":"{\"method\":\"POST\",\"url\":\"/api/auth/login\",\"status\":\"200\",\"responseTime\":\"624.803\"}","timestamp":"2024-12-03T09:03:10.550Z"}
{"level":"\u001b[32minfo\u001b[39m","message":"{\"method\":\"POST\",\"url\":\"/api/auth/logout\",\"status\":\"200\",\"responseTime\":\"0.675\"}","timestamp":"2024-12-03T09:03:49.692Z"}
{"level":"\u001b[32minfo\u001b[39m","message":"{\"method\":\"POST\",\"url\":\"/api/auth/login\",\"status\":\"200\",\"responseTime\":\"145.370\"}","timestamp":"2024-12-03T09:03:58.007Z"}
{"level":"\u001b[32minfo\u001b[39m","message":"{\"method\":\"POST\",\"url\":\"/api/auth/logout\",\"status\":\"200\",\"responseTime\":\"0.620\"}","timestamp":"2024-12-03T09:04:07.615Z"}
{"level":"\u001b[32minfo\u001b[39m","message":"{\"method\":\"POST\",\"url\":\"/api/auth/login\",\"status\":\"200\",\"responseTime\":\"120.199\"}","timestamp":"2024-12-03T09:04:18.024Z"}
{"level":"\u001b[32minfo\u001b[39m","message":"{\"method\":\"POST\",\"url\":\"/api/auth/logout\",\"status\":\"200\",\"responseTime\":\"0.399\"}","timestamp":"2024-12-03T09:16:14.739Z"}
{"level":"\u001b[32minfo\u001b[39m","message":"{\"method\":\"POST\",\"url\":\"/api/auth/login\",\"status\":\"200\",\"responseTime\":\"112.809\"}","timestamp":"2024-12-03T09:16:23.417Z"}
{"level":"\u001b[32minfo\u001b[39m","message":"{\"method\":\"POST\",\"url\":\"/api/auth/logout\",\"status\":\"200\",\"responseTime\":\"0.326\"}","timestamp":"2024-12-03T09:16:34.936Z"}
{"level":"\u001b[32minfo\u001b[39m","message":"{\"method\":\"POST\",\"url\":\"/api/auth/login\",\"status\":\"200\",\"responseTime\":\"128.440\"}","timestamp":"2024-12-03T09:16:43.642Z"}
{"level":"\u001b[32minfo\u001b[39m","message":"{\"method\":\"POST\",\"url\":\"/api/auth/logout\",\"status\":\"200\",\"responseTime\":\"0.522\"}","timestamp":"2024-12-03T09:18:52.591Z"}
{"level":"\u001b[32minfo\u001b[39m","message":"{\"method\":\"POST\",\"url\":\"/api/auth/login\",\"status\":\"200\",\"responseTime\":\"228.658\"}","timestamp":"2024-12-03T09:19:09.960Z"}
{"level":"\u001b[32minfo\u001b[39m","message":"{\"method\":\"POST\",\"url\":\"/api/auth/logout\",\"status\":\"200\",\"responseTime\":\"0.404\"}","timestamp":"2024-12-03T09:19:35.421Z"}
{"level":"\u001b[32minfo\u001b[39m","message":"{\"method\":\"POST\",\"url\":\"/api/auth/login\",\"status\":\"200\",\"responseTime\":\"128.152\"}","timestamp":"2024-12-03T09:20:17.218Z"}
{"level":"\u001b[32minfo\u001b[39m","message":"{\"method\":\"POST\",\"url\":\"/api/auth/logout\",\"status\":\"200\",\"responseTime\":\"0.388\"}","timestamp":"2024-12-03T09:23:22.410Z"}
{"level":"\u001b[32minfo\u001b[39m","message":"{\"method\":\"POST\",\"url\":\"/api/auth/login\",\"status\":\"200\",\"responseTime\":\"112.715\"}","timestamp":"2024-12-03T09:23:42.647Z"}
{"level":"\u001b[32minfo\u001b[39m","message":"{\"method\":\"POST\",\"url\":\"/api/auth/logout\",\"status\":\"200\",\"responseTime\":\"0.285\"}","timestamp":"2024-12-03T09:24:07.034Z"}
{"level":"\u001b[32minfo\u001b[39m","message":"{\"method\":\"POST\",\"url\":\"/api/auth/login\",\"status\":\"400\",\"responseTime\":\"142.050\"}","timestamp":"2024-12-03T09:24:16.157Z"}
{"level":"\u001b[32minfo\u001b[39m","message":"{\"method\":\"POST\",\"url\":\"/api/auth/login\",\"status\":\"200\",\"responseTime\":\"113.609\"}","timestamp":"2024-12-03T09:24:22.824Z"}
{"level":"\u001b[32minfo\u001b[39m","message":"{\"method\":\"POST\",\"url\":\"/api/auth/logout\",\"status\":\"200\",\"responseTime\":\"0.461\"}","timestamp":"2024-12-03T09:24:32.132Z"}
{"level":"\u001b[32minfo\u001b[39m","message":"{\"method\":\"POST\",\"url\":\"/api/auth/login\",\"status\":\"200\",\"responseTime\":\"120.582\"}","timestamp":"2024-12-03T09:24:40.962Z"}
{"level":"\u001b[32minfo\u001b[39m","message":"{\"method\":\"POST\",\"url\":\"/api/auth/logout\",\"status\":\"200\",\"responseTime\":\"0.480\"}","timestamp":"2024-12-03T09:24:55.168Z"}
{"level":"\u001b[32minfo\u001b[39m","message":"{\"method\":\"POST\",\"url\":\"/api/auth/login\",\"status\":\"200\",\"responseTime\":\"116.490\"}","timestamp":"2024-12-03T09:25:03.781Z"}
{"level":"\u001b[32minfo\u001b[39m","message":"{\"method\":\"POST\",\"url\":\"/api/auth/logout\",\"status\":\"200\",\"responseTime\":\"0.434\"}","timestamp":"2024-12-03T09:25:13.204Z"}
{"level":"\u001b[32minfo\u001b[39m","message":"{\"method\":\"POST\",\"url\":\"/api/auth/login\",\"status\":\"200\",\"responseTime\":\"117.368\"}","timestamp":"2024-12-03T09:25:37.454Z"}
{"level":"\u001b[32minfo\u001b[39m","message":"{\"method\":\"POST\",\"url\":\"/api/auth/logout\",\"status\":\"200\",\"responseTime\":\"0.373\"}","timestamp":"2024-12-03T09:25:45.478Z"}
{"level":"\u001b[32minfo\u001b[39m","message":"{\"method\":\"POST\",\"url\":\"/api/auth/login\",\"status\":\"200\",\"responseTime\":\"115.450\"}","timestamp":"2024-12-03T09:25:53.223Z"}
{"level":"\u001b[32minfo\u001b[39m","message":"{\"method\":\"POST\",\"url\":\"/api/auth/logout\",\"status\":\"200\",\"responseTime\":\"0.289\"}","timestamp":"2024-12-03T09:26:00.333Z"}
{"level":"\u001b[32minfo\u001b[39m","message":"{\"method\":\"POST\",\"url\":\"/api/auth/login\",\"status\":\"200\",\"responseTime\":\"433.168\"}","timestamp":"2024-12-03T09:26:19.726Z"}
{"level":"\u001b[32minfo\u001b[39m","message":"{\"method\":\"POST\",\"url\":\"/api/auth/logout\",\"status\":\"200\",\"responseTime\":\"0.291\"}","timestamp":"2024-12-03T09:26:27.238Z"}
{"level":"\u001b[32minfo\u001b[39m","message":"{\"method\":\"POST\",\"url\":\"/api/auth/login\",\"status\":\"200\",\"responseTime\":\"116.079\"}","timestamp":"2024-12-03T09:26:36.304Z"}
{"level":"\u001b[32minfo\u001b[39m","message":"{\"method\":\"POST\",\"url\":\"/api/auth/logout\",\"status\":\"200\",\"responseTime\":\"0.566\"}","timestamp":"2024-12-03T09:26:41.651Z"}
{"level":"\u001b[32minfo\u001b[39m","message":"{\"method\":\"POST\",\"url\":\"/api/auth/login\",\"status\":\"200\",\"responseTime\":\"114.677\"}","timestamp":"2024-12-03T09:26:50.786Z"}
{"level":"\u001b[32minfo\u001b[39m","message":"{\"method\":\"POST\",\"url\":\"/api/auth/logout\",\"status\":\"200\",\"responseTime\":\"0.386\"}","timestamp":"2024-12-03T09:26:59.277Z"}
{"level":"\u001b[32minfo\u001b[39m","message":"{\"method\":\"POST\",\"url\":\"/api/auth/login\",\"status\":\"200\",\"responseTime\":\"116.709\"}","timestamp":"2024-12-03T09:27:08.497Z"}
{"level":"\u001b[32minfo\u001b[39m","message":"{\"method\":\"POST\",\"url\":\"/api/auth/logout\",\"status\":\"200\",\"responseTime\":\"0.369\"}","timestamp":"2024-12-03T09:27:14.107Z"}
{"level":"\u001b[32minfo\u001b[39m","message":"{\"method\":\"POST\",\"url\":\"/api/auth/register\",\"status\":\"400\",\"responseTime\":\"7.920\"}","timestamp":"2024-12-03T09:48:07.805Z"}
{"level":"\u001b[32minfo\u001b[39m","message":"{\"method\":\"POST\",\"url\":\"/api/auth/register\",\"status\":\"400\",\"responseTime\":\"2.090\"}","timestamp":"2024-12-03T09:48:13.137Z"}
{"level":"\u001b[32minfo\u001b[39m","message":"{\"method\":\"POST\",\"url\":\"/api/auth/register\",\"status\":\"400\",\"responseTime\":\"2.980\"}","timestamp":"2024-12-03T09:55:39.680Z"}
{"level":"\u001b[32minfo\u001b[39m","message":"{\"method\":\"POST\",\"url\":\"/api/auth/register\",\"status\":\"400\",\"responseTime\":\"2.370\"}","timestamp":"2024-12-03T09:56:27.903Z"}
{"level":"\u001b[32minfo\u001b[39m","message":"{\"method\":\"POST\",\"url\":\"/api/auth/register\",\"status\":\"400\",\"responseTime\":\"1.654\"}","timestamp":"2024-12-03T09:56:43.766Z"}
{"level":"\u001b[32minfo\u001b[39m","message":"{\"method\":\"POST\",\"url\":\"/api/auth/register\",\"status\":\"400\",\"responseTime\":\"1.374\"}","timestamp":"2024-12-03T09:56:46.555Z"}
{"level":"\u001b[32minfo\u001b[39m","message":"{\"method\":\"POST\",\"url\":\"/api/auth/register\",\"status\":\"201\",\"responseTime\":\"3385.426\"}","timestamp":"2024-12-03T09:57:05.182Z"}
{"level":"\u001b[32minfo\u001b[39m","message":"{\"method\":\"POST\",\"url\":\"/api/auth/register\",\"status\":\"201\",\"responseTime\":\"3566.821\"}","timestamp":"2024-12-03T10:01:47.545Z"}
{"level":"\u001b[32minfo\u001b[39m","message":"{\"method\":\"POST\",\"url\":\"/api/auth/register\",\"status\":\"400\",\"responseTime\":\"1.686\"}","timestamp":"2024-12-03T10:02:42.330Z"}
{"level":"\u001b[32minfo\u001b[39m","message":"{\"method\":\"POST\",\"url\":\"/api/auth/register\",\"status\":\"400\",\"responseTime\":\"1.751\"}","timestamp":"2024-12-03T10:04:00.634Z"}
{"level":"\u001b[32minfo\u001b[39m","message":"{\"method\":\"POST\",\"url\":\"/api/auth/register\",\"status\":\"400\",\"responseTime\":\"1.924\"}","timestamp":"2024-12-03T10:05:12.063Z"}
{"level":"\u001b[32minfo\u001b[39m","message":"{\"method\":\"POST\",\"url\":\"/api/auth/register\",\"status\":\"201\",\"responseTime\":\"6286.435\"}","timestamp":"2024-12-03T14:07:10.565Z"}
{"level":"\u001b[32minfo\u001b[39m","message":"{\"method\":\"POST\",\"url\":\"/api/auth/register\",\"status\":\"400\",\"responseTime\":\"51.105\"}","timestamp":"2024-12-03T14:09:30.130Z"}
{"level":"\u001b[32minfo\u001b[39m","message":"{\"method\":\"POST\",\"url\":\"/api/auth/register\",\"status\":\"400\",\"responseTime\":\"3.945\"}","timestamp":"2024-12-03T14:10:03.096Z"}
{"level":"\u001b[32minfo\u001b[39m","message":"{\"method\":\"POST\",\"url\":\"/api/auth/register\",\"status\":\"201\",\"responseTime\":\"3986.665\"}","timestamp":"2024-12-03T14:19:32.337Z"}
{"level":"\u001b[32minfo\u001b[39m","message":"{\"method\":\"POST\",\"url\":\"/api/auth/register\",\"status\":\"201\",\"responseTime\":\"4498.100\"}","timestamp":"2024-12-03T14:53:41.325Z"}
{"level":"\u001b[32minfo\u001b[39m","message":"{\"method\":\"POST\",\"url\":\"/api/auth/verify-email?token=eyJhbGciOiJIUzI1NiIsInR5cCI6IkpXVCJ9.eyJlbWFpbCI6Im1vaWRlZW5zaGFjcDI4QGdtYWlsLmNvbSIsImlhdCI6MTczMzIzNzYxNywiZXhwIjoxNzMzMjM3Njc3fQ.UHMUlFw_pOoMjVEiVK2lrP_Ly50YjdyxyT9QxvtG0YY\",\"status\":\"200\",\"responseTime\":\"223.398\"}","timestamp":"2024-12-03T14:53:55.504Z"}
{"level":"\u001b[32minfo\u001b[39m","message":"{\"method\":\"POST\",\"url\":\"/api/auth/forget-password\",\"status\":\"200\",\"responseTime\":\"4681.094\"}","timestamp":"2024-12-03T14:54:57.412Z"}
{"level":"\u001b[32minfo\u001b[39m","message":"{\"method\":\"POST\",\"url\":\"/api/auth/forget-password\",\"status\":\"200\",\"responseTime\":\"4763.918\"}","timestamp":"2024-12-03T14:56:56.301Z"}
{"level":"\u001b[32minfo\u001b[39m","message":"{\"method\":\"POST\",\"url\":\"/api/auth/forget-password\",\"status\":\"200\",\"responseTime\":\"3524.578\"}","timestamp":"2024-12-03T14:58:02.157Z"}
{"level":"\u001b[32minfo\u001b[39m","message":"{\"method\":\"POST\",\"url\":\"/api/auth/forget-password\",\"status\":\"200\",\"responseTime\":\"3666.790\"}","timestamp":"2024-12-03T15:01:42.210Z"}
{"level":"\u001b[32minfo\u001b[39m","message":"{\"method\":\"POST\",\"url\":\"/api/auth/forget-password\",\"status\":\"200\",\"responseTime\":\"3880.358\"}","timestamp":"2024-12-03T15:04:51.451Z"}
{"level":"\u001b[32minfo\u001b[39m","message":"{\"method\":\"POST\",\"url\":\"/api/auth/forget-password\",\"status\":\"200\",\"responseTime\":\"3874.823\"}","timestamp":"2024-12-03T15:07:48.500Z"}
{"level":"\u001b[32minfo\u001b[39m","message":"{\"method\":\"POST\",\"url\":\"/api/auth/forget-password\",\"status\":\"200\",\"responseTime\":\"3195.760\"}","timestamp":"2024-12-03T15:10:09.714Z"}
{"level":"\u001b[32minfo\u001b[39m","message":"{\"method\":\"POST\",\"url\":\"/api/auth/forget-password\",\"status\":\"200\",\"responseTime\":\"3968.711\"}","timestamp":"2024-12-03T15:11:53.143Z"}
{"level":"\u001b[32minfo\u001b[39m","message":"{\"method\":\"POST\",\"url\":\"/api/auth/forget-password\",\"status\":\"400\",\"responseTime\":\"188.192\"}","timestamp":"2024-12-03T15:16:20.517Z"}
{"level":"\u001b[32minfo\u001b[39m","message":"{\"method\":\"POST\",\"url\":\"/api/auth/forget-password\",\"status\":\"400\",\"responseTime\":\"164.307\"}","timestamp":"2024-12-03T15:16:38.646Z"}
{"level":"\u001b[32minfo\u001b[39m","message":"{\"method\":\"POST\",\"url\":\"/api/auth/forget-password\",\"status\":\"200\",\"responseTime\":\"3431.899\"}","timestamp":"2024-12-03T15:16:47.895Z"}
{"level":"\u001b[32minfo\u001b[39m","message":"{\"method\":\"POST\",\"url\":\"/api/auth/forget-password\",\"status\":\"200\",\"responseTime\":\"4376.483\"}","timestamp":"2024-12-03T15:34:59.992Z"}
{"level":"\u001b[32minfo\u001b[39m","message":"{\"method\":\"POST\",\"url\":\"/api/auth/forget-password\",\"status\":\"200\",\"responseTime\":\"4559.787\"}","timestamp":"2024-12-03T16:06:27.829Z"}
{"level":"\u001b[32minfo\u001b[39m","message":"{\"method\":\"POST\",\"url\":\"/api/auth/reset-password\",\"status\":\"400\",\"responseTime\":\"11.855\"}","timestamp":"2024-12-03T16:07:25.735Z"}
{"level":"\u001b[32minfo\u001b[39m","message":"{\"method\":\"POST\",\"url\":\"/api/auth/forget-password\",\"status\":\"200\",\"responseTime\":\"5293.106\"}","timestamp":"2024-12-03T16:08:51.789Z"}
{"level":"\u001b[32minfo\u001b[39m","message":"{\"method\":\"POST\",\"url\":\"/api/auth/reset-password\",\"status\":\"201\",\"responseTime\":\"275.667\"}","timestamp":"2024-12-03T16:09:14.532Z"}
{"level":"\u001b[32minfo\u001b[39m","message":"{\"method\":\"POST\",\"url\":\"/api/auth/login\",\"status\":\"400\",\"responseTime\":\"239.869\"}","timestamp":"2024-12-03T16:09:42.902Z"}
{"level":"\u001b[32minfo\u001b[39m","message":"{\"method\":\"POST\",\"url\":\"/api/auth/login\",\"status\":\"200\",\"responseTime\":\"324.131\"}","timestamp":"2024-12-03T16:09:49.246Z"}
{"level":"\u001b[32minfo\u001b[39m","message":"{\"method\":\"POST\",\"url\":\"/api/auth/logout\",\"status\":\"200\",\"responseTime\":\"3.539\"}","timestamp":"2024-12-03T16:09:55.382Z"}
{"level":"\u001b[32minfo\u001b[39m","message":"{\"method\":\"POST\",\"url\":\"/api/auth/forget-password\",\"status\":\"200\",\"responseTime\":\"4004.431\"}","timestamp":"2024-12-03T16:27:10.068Z"}
{"level":"\u001b[32minfo\u001b[39m","message":"{\"method\":\"POST\",\"url\":\"/api/auth/reset-password\",\"status\":\"400\",\"responseTime\":\"10.710\"}","timestamp":"2024-12-03T16:27:31.346Z"}
{"level":"\u001b[32minfo\u001b[39m","message":"{\"method\":\"POST\",\"url\":\"/api/auth/reset-password\",\"status\":\"400\",\"responseTime\":\"3.577\"}","timestamp":"2024-12-03T16:28:24.694Z"}
{"level":"\u001b[32minfo\u001b[39m","message":"{\"method\":\"POST\",\"url\":\"/api/auth/reset-password\",\"status\":\"400\",\"responseTime\":\"3.180\"}","timestamp":"2024-12-03T16:28:38.043Z"}
{"level":"\u001b[32minfo\u001b[39m","message":"{\"method\":\"POST\",\"url\":\"/api/auth/reset-password\",\"status\":\"400\",\"responseTime\":\"34.502\"}","timestamp":"2024-12-03T16:31:07.095Z"}
{"level":"\u001b[32minfo\u001b[39m","message":"{\"method\":\"POST\",\"url\":\"/api/auth/reset-password\",\"status\":\"400\",\"responseTime\":\"5.451\"}","timestamp":"2024-12-03T16:33:43.662Z"}
{"level":"\u001b[32minfo\u001b[39m","message":"{\"method\":\"POST\",\"url\":\"/api/auth/reset-password\",\"status\":\"201\",\"responseTime\":\"452.051\"}","timestamp":"2024-12-03T16:39:08.216Z"}
{"level":"\u001b[32minfo\u001b[39m","message":"{\"method\":\"POST\",\"url\":\"/api/auth/reset-password\",\"status\":\"400\",\"responseTime\":\"31.347\"}","timestamp":"2024-12-03T16:39:30.357Z"}
{"level":"\u001b[32minfo\u001b[39m","message":"{\"method\":\"POST\",\"url\":\"/api/auth/reset-password\",\"status\":\"201\",\"responseTime\":\"528.810\"}","timestamp":"2024-12-03T16:39:47.021Z"}
{"level":"\u001b[32minfo\u001b[39m","message":"{\"method\":\"POST\",\"url\":\"/api/auth/forget-password\",\"status\":\"200\",\"responseTime\":\"5878.048\"}","timestamp":"2024-12-03T17:18:13.445Z"}
{"level":"\u001b[32minfo\u001b[39m","message":"{\"method\":\"POST\",\"url\":\"/api/auth/reset-password\",\"status\":\"201\",\"responseTime\":\"508.963\"}","timestamp":"2024-12-03T17:18:48.462Z"}
{"level":"\u001b[32minfo\u001b[39m","message":"{\"method\":\"POST\",\"url\":\"/api/auth/login\",\"status\":\"400\",\"responseTime\":\"240.676\"}","timestamp":"2024-12-03T17:19:11.215Z"}
{"level":"\u001b[32minfo\u001b[39m","message":"{\"method\":\"POST\",\"url\":\"/api/auth/login\",\"status\":\"200\",\"responseTime\":\"259.583\"}","timestamp":"2024-12-03T17:19:19.823Z"}
{"level":"\u001b[32minfo\u001b[39m","message":"{\"method\":\"POST\",\"url\":\"/api/auth/logout\",\"status\":\"200\",\"responseTime\":\"1.603\"}","timestamp":"2024-12-03T17:19:58.665Z"}
{"level":"\u001b[32minfo\u001b[39m","message":"{\"method\":\"POST\",\"url\":\"/api/auth/login\",\"status\":\"200\",\"responseTime\":\"226.461\"}","timestamp":"2024-12-03T17:20:36.615Z"}
{"level":"\u001b[32minfo\u001b[39m","message":"{\"method\":\"POST\",\"url\":\"/api/auth/logout\",\"status\":\"200\",\"responseTime\":\"0.585\"}","timestamp":"2024-12-03T17:20:55.262Z"}
{"level":"\u001b[32minfo\u001b[39m","message":"{\"method\":\"POST\",\"url\":\"/api/auth/login\",\"status\":\"200\",\"responseTime\":\"194.994\"}","timestamp":"2024-12-03T17:21:24.332Z"}
{"level":"\u001b[32minfo\u001b[39m","message":"{\"method\":\"POST\",\"url\":\"/api/auth/logout\",\"status\":\"200\",\"responseTime\":\"1.856\"}","timestamp":"2024-12-03T17:21:30.353Z"}
{"level":"\u001b[32minfo\u001b[39m","message":"{\"method\":\"POST\",\"url\":\"/api/auth/login\",\"status\":\"400\",\"responseTime\":\"126.055\"}","timestamp":"2024-12-03T17:21:40.503Z"}
{"level":"\u001b[32minfo\u001b[39m","message":"{\"method\":\"POST\",\"url\":\"/api/auth/register\",\"status\":\"201\",\"responseTime\":\"5293.739\"}","timestamp":"2024-12-03T17:22:15.748Z"}
{"level":"\u001b[32minfo\u001b[39m","message":"{\"method\":\"POST\",\"url\":\"/api/auth/verify-email?token=eyJhbGciOiJIUzI1NiIsInR5cCI6IkpXVCJ9.eyJlbWFpbCI6Im1vaWRlZW5zaGFjcDI4QGdtYWlsLmNvbSIsImlhdCI6MTczMzI0NjUzMCwiZXhwIjoxNzMzMjQ4MzMwfQ.coHKz6KZnMKSU2EO4gqEIEmA70qHwOJMTQlYbUc5U9s\",\"status\":\"200\",\"responseTime\":\"170.593\"}","timestamp":"2024-12-03T17:22:49.526Z"}
{"level":"\u001b[32minfo\u001b[39m","message":"{\"method\":\"POST\",\"url\":\"/api/auth/login\",\"status\":\"200\",\"responseTime\":\"297.636\"}","timestamp":"2024-12-03T17:23:08.989Z"}
{"level":"\u001b[32minfo\u001b[39m","message":"{\"method\":\"POST\",\"url\":\"/api/auth/logout\",\"status\":\"200\",\"responseTime\":\"0.649\"}","timestamp":"2024-12-03T17:23:15.840Z"}
{"level":"\u001b[32minfo\u001b[39m","message":"{\"method\":\"POST\",\"url\":\"/api/auth/forget-password\",\"status\":\"400\",\"responseTime\":\"119.751\"}","timestamp":"2024-12-03T17:23:33.964Z"}
{"level":"\u001b[32minfo\u001b[39m","message":"{\"method\":\"POST\",\"url\":\"/api/auth/forget-password\",\"status\":\"200\",\"responseTime\":\"5298.107\"}","timestamp":"2024-12-03T17:24:12.773Z"}
{"level":"\u001b[32minfo\u001b[39m","message":"{\"method\":\"POST\",\"url\":\"/api/auth/reset-password\",\"status\":\"400\",\"responseTime\":\"4.298\"}","timestamp":"2024-12-03T17:24:45.249Z"}
{"level":"\u001b[32minfo\u001b[39m","message":"{\"method\":\"POST\",\"url\":\"/api/auth/reset-password\",\"status\":\"201\",\"responseTime\":\"402.597\"}","timestamp":"2024-12-03T17:25:06.739Z"}
{"level":"\u001b[32minfo\u001b[39m","message":"{\"method\":\"POST\",\"url\":\"/api/auth/login\",\"status\":\"400\",\"responseTime\":\"249.867\"}","timestamp":"2024-12-03T17:25:17.706Z"}
{"level":"\u001b[32minfo\u001b[39m","message":"{\"method\":\"POST\",\"url\":\"/api/auth/login\",\"status\":\"200\",\"responseTime\":\"292.439\"}","timestamp":"2024-12-03T17:25:25.901Z"}
{"level":"\u001b[32minfo\u001b[39m","message":"{\"method\":\"POST\",\"url\":\"/api/auth/logout\",\"status\":\"200\",\"responseTime\":\"1.052\"}","timestamp":"2024-12-03T17:25:31.966Z"}
{"level":"\u001b[32minfo\u001b[39m","message":"{\"method\":\"POST\",\"url\":\"/api/auth/reset-password\",\"status\":\"400\",\"responseTime\":\"2.220\"}","timestamp":"2024-12-03T17:27:27.535Z"}
{"level":"\u001b[32minfo\u001b[39m","message":"{\"method\":\"POST\",\"url\":\"/api/auth/reset-password\",\"status\":\"201\",\"responseTime\":\"571.602\"}","timestamp":"2024-12-03T17:27:42.288Z"}
{"level":"\u001b[32minfo\u001b[39m","message":"{\"method\":\"POST\",\"url\":\"/api/auth/reset-password\",\"status\":\"201\",\"responseTime\":\"553.718\"}","timestamp":"2024-12-03T17:31:27.474Z"}
{"level":"\u001b[32minfo\u001b[39m","message":"{\"method\":\"POST\",\"url\":\"/api/auth/login\",\"status\":\"400\",\"responseTime\":\"318.269\"}","timestamp":"2024-12-03T17:31:53.733Z"}
{"level":"\u001b[32minfo\u001b[39m","message":"{\"method\":\"POST\",\"url\":\"/api/auth/login\",\"status\":\"200\",\"responseTime\":\"226.545\"}","timestamp":"2024-12-03T17:32:00.462Z"}
{"level":"\u001b[32minfo\u001b[39m","message":"{\"method\":\"POST\",\"url\":\"/api/auth/logout\",\"status\":\"200\",\"responseTime\":\"0.566\"}","timestamp":"2024-12-03T17:32:07.005Z"}
{"level":"\u001b[32minfo\u001b[39m","message":"{\"method\":\"POST\",\"url\":\"/api/auth/login\",\"status\":\"200\",\"responseTime\":\"205.779\"}","timestamp":"2024-12-03T17:32:58.929Z"}
{"level":"\u001b[32minfo\u001b[39m","message":"{\"method\":\"POST\",\"url\":\"/api/auth/logout\",\"status\":\"200\",\"responseTime\":\"0.557\"}","timestamp":"2024-12-03T17:33:11.006Z"}
