{"level":"\u001b[32minfo\u001b[39m","message":"{\"method\":\"POST\",\"url\":\"/api/auth/logout\",\"status\":\"200\",\"responseTime\":\"3.336\"}","timestamp":"2024-12-09T06:38:14.590Z"}
{"level":"\u001b[32minfo\u001b[39m","message":"{\"method\":\"POST\",\"url\":\"/api/auth/login\",\"status\":\"200\",\"responseTime\":\"184.142\"}","timestamp":"2024-12-09T06:38:38.476Z"}
{"level":"\u001b[32minfo\u001b[39m","message":"{\"method\":\"POST\",\"url\":\"/api/auth/logout\",\"status\":\"200\",\"responseTime\":\"3.743\"}","timestamp":"2024-12-09T07:32:00.944Z"}
{"level":"\u001b[32minfo\u001b[39m","message":"{\"method\":\"POST\",\"url\":\"/api/auth/login\",\"status\":\"200\",\"responseTime\":\"179.757\"}","timestamp":"2024-12-09T07:32:42.127Z"}
{"level":"\u001b[32minfo\u001b[39m","message":"{\"method\":\"POST\",\"url\":\"/api/auth/logout\",\"status\":\"200\",\"responseTime\":\"0.440\"}","timestamp":"2024-12-09T07:32:59.976Z"}
{"level":"\u001b[32minfo\u001b[39m","message":"{\"method\":\"POST\",\"url\":\"/api/auth/login\",\"status\":\"200\",\"responseTime\":\"120.700\"}","timestamp":"2024-12-09T07:33:08.677Z"}
{"level":"\u001b[32minfo\u001b[39m","message":"{\"method\":\"POST\",\"url\":\"/api/auth/logout\",\"status\":\"200\",\"responseTime\":\"0.681\"}","timestamp":"2024-12-09T07:33:17.805Z"}
{"level":"\u001b[32minfo\u001b[39m","message":"{\"method\":\"POST\",\"url\":\"/api/auth/login\",\"status\":\"200\",\"responseTime\":\"119.347\"}","timestamp":"2024-12-09T07:33:24.876Z"}
{"level":"\u001b[32minfo\u001b[39m","message":"{\"method\":\"POST\",\"url\":\"/api/auth/logout\",\"status\":\"200\",\"responseTime\":\"0.354\"}","timestamp":"2024-12-09T07:33:34.150Z"}
{"level":"\u001b[32minfo\u001b[39m","message":"{\"method\":\"POST\",\"url\":\"/api/auth/login\",\"status\":\"400\",\"responseTime\":\"124.490\"}","timestamp":"2024-12-09T07:37:04.751Z"}
{"level":"\u001b[32minfo\u001b[39m","message":"{\"method\":\"POST\",\"url\":\"/api/auth/register\",\"status\":\"201\",\"responseTime\":\"2653.623\"}","timestamp":"2024-12-09T07:37:29.112Z"}
{"level":"\u001b[32minfo\u001b[39m","message":"{\"method\":\"POST\",\"url\":\"/api/auth/verify-email?token=eyJhbGciOiJIUzI1NiIsInR5cCI6IkpXVCJ9.eyJlbWFpbCI6Im1vaWRlZW5zaGFjcDI4QGdtYWlsLmNvbSIsImlhdCI6MTczMzcyOTg0NiwiZXhwIjoxNzMzNzMxNjQ2fQ.a_RQhFiMfaIX63XmpVT6l-pnNL2ysrwfEDc6b_T5WsQ\",\"status\":\"200\",\"responseTime\":\"109.557\"}","timestamp":"2024-12-09T07:37:38.668Z"}
{"level":"\u001b[32minfo\u001b[39m","message":"{\"method\":\"POST\",\"url\":\"/api/auth/login\",\"status\":\"200\",\"responseTime\":\"123.119\"}","timestamp":"2024-12-09T07:37:51.439Z"}
{"level":"\u001b[32minfo\u001b[39m","message":"{\"method\":\"POST\",\"url\":\"/api/auth/logout\",\"status\":\"200\",\"responseTime\":\"1.259\"}","timestamp":"2024-12-09T07:41:18.583Z"}
{"level":"\u001b[32minfo\u001b[39m","message":"{\"method\":\"POST\",\"url\":\"/api/auth/login\",\"status\":\"200\",\"responseTime\":\"153.230\"}","timestamp":"2024-12-09T07:41:32.563Z"}
{"level":"\u001b[32minfo\u001b[39m","message":"{\"method\":\"POST\",\"url\":\"/api/auth/login\",\"status\":\"200\",\"responseTime\":\"125.209\"}","timestamp":"2024-12-09T07:41:34.426Z"}
{"level":"\u001b[32minfo\u001b[39m","message":"{\"method\":\"POST\",\"url\":\"/api/auth/login\",\"status\":\"200\",\"responseTime\":\"126.757\"}","timestamp":"2024-12-09T07:41:46.193Z"}
{"level":"\u001b[32minfo\u001b[39m","message":"{\"method\":\"POST\",\"url\":\"/api/auth/login\",\"status\":\"200\",\"responseTime\":\"123.401\"}","timestamp":"2024-12-09T07:41:47.178Z"}
{"level":"\u001b[32minfo\u001b[39m","message":"{\"method\":\"POST\",\"url\":\"/api/auth/login\",\"status\":\"200\",\"responseTime\":\"118.425\"}","timestamp":"2024-12-09T07:41:58.260Z"}
{"level":"\u001b[32minfo\u001b[39m","message":"{\"method\":\"POST\",\"url\":\"/api/auth/login\",\"status\":\"200\",\"responseTime\":\"161.495\"}","timestamp":"2024-12-09T07:43:17.278Z"}
{"level":"\u001b[32minfo\u001b[39m","message":"{\"method\":\"POST\",\"url\":\"/api/auth/login\",\"status\":\"200\",\"responseTime\":\"137.299\"}","timestamp":"2024-12-09T07:43:39.006Z"}
{"level":"\u001b[32minfo\u001b[39m","message":"{\"method\":\"POST\",\"url\":\"/api/auth/login\",\"status\":\"200\",\"responseTime\":\"157.695\"}","timestamp":"2024-12-09T07:44:19.920Z"}
{"level":"\u001b[32minfo\u001b[39m","message":"{\"method\":\"POST\",\"url\":\"/api/auth/login\",\"status\":\"200\",\"responseTime\":\"156.264\"}","timestamp":"2024-12-09T07:44:51.991Z"}
{"level":"\u001b[32minfo\u001b[39m","message":"{\"method\":\"POST\",\"url\":\"/api/auth/login\",\"status\":\"200\",\"responseTime\":\"132.366\"}","timestamp":"2024-12-09T07:45:02.581Z"}
{"level":"\u001b[32minfo\u001b[39m","message":"{\"method\":\"POST\",\"url\":\"/api/auth/login\",\"status\":\"200\",\"responseTime\":\"133.812\"}","timestamp":"2024-12-09T07:45:24.875Z"}
{"level":"\u001b[32minfo\u001b[39m","message":"{\"method\":\"POST\",\"url\":\"/api/auth/login\",\"status\":\"200\",\"responseTime\":\"112.323\"}","timestamp":"2024-12-09T07:45:35.847Z"}
{"level":"\u001b[32minfo\u001b[39m","message":"{\"method\":\"POST\",\"url\":\"/api/auth/login\",\"status\":\"200\",\"responseTime\":\"117.034\"}","timestamp":"2024-12-09T07:45:53.678Z"}
{"level":"\u001b[32minfo\u001b[39m","message":"{\"method\":\"POST\",\"url\":\"/api/auth/login\",\"status\":\"200\",\"responseTime\":\"122.574\"}","timestamp":"2024-12-09T07:46:08.608Z"}
{"level":"\u001b[32minfo\u001b[39m","message":"{\"method\":\"POST\",\"url\":\"/api/auth/login\",\"status\":\"200\",\"responseTime\":\"112.028\"}","timestamp":"2024-12-09T07:46:17.131Z"}
{"level":"\u001b[32minfo\u001b[39m","message":"{\"method\":\"POST\",\"url\":\"/api/auth/login\",\"status\":\"200\",\"responseTime\":\"114.446\"}","timestamp":"2024-12-09T07:46:29.665Z"}
{"level":"\u001b[32minfo\u001b[39m","message":"{\"method\":\"POST\",\"url\":\"/api/auth/login\",\"status\":\"200\",\"responseTime\":\"119.120\"}","timestamp":"2024-12-09T07:47:35.272Z"}
{"level":"\u001b[32minfo\u001b[39m","message":"{\"method\":\"POST\",\"url\":\"/api/auth/login\",\"status\":\"200\",\"responseTime\":\"131.004\"}","timestamp":"2024-12-09T07:47:37.293Z"}
{"level":"\u001b[32minfo\u001b[39m","message":"{\"method\":\"POST\",\"url\":\"/api/auth/login\",\"status\":\"200\",\"responseTime\":\"119.177\"}","timestamp":"2024-12-09T07:47:58.413Z"}
{"level":"\u001b[32minfo\u001b[39m","message":"{\"method\":\"POST\",\"url\":\"/api/auth/login\",\"status\":\"200\",\"responseTime\":\"116.342\"}","timestamp":"2024-12-09T07:49:59.041Z"}
{"level":"\u001b[32minfo\u001b[39m","message":"{\"method\":\"POST\",\"url\":\"/api/auth/login\",\"status\":\"200\",\"responseTime\":\"112.912\"}","timestamp":"2024-12-09T07:50:04.796Z"}
{"level":"\u001b[32minfo\u001b[39m","message":"{\"method\":\"POST\",\"url\":\"/api/auth/login\",\"status\":\"200\",\"responseTime\":\"112.405\"}","timestamp":"2024-12-09T07:50:24.151Z"}
{"level":"\u001b[32minfo\u001b[39m","message":"{\"method\":\"POST\",\"url\":\"/api/auth/login\",\"status\":\"200\",\"responseTime\":\"111.992\"}","timestamp":"2024-12-09T07:51:20.447Z"}
{"level":"\u001b[32minfo\u001b[39m","message":"{\"method\":\"POST\",\"url\":\"/api/auth/login\",\"status\":\"200\",\"responseTime\":\"120.721\"}","timestamp":"2024-12-09T07:52:42.026Z"}
{"level":"\u001b[32minfo\u001b[39m","message":"{\"method\":\"POST\",\"url\":\"/api/auth/logout\",\"status\":\"200\",\"responseTime\":\"1.028\"}","timestamp":"2024-12-09T07:52:52.959Z"}
{"level":"\u001b[32minfo\u001b[39m","message":"{\"method\":\"POST\",\"url\":\"/api/auth/login\",\"status\":\"200\",\"responseTime\":\"113.106\"}","timestamp":"2024-12-09T07:53:04.229Z"}
{"level":"\u001b[32minfo\u001b[39m","message":"{\"method\":\"POST\",\"url\":\"/api/auth/login\",\"status\":\"200\",\"responseTime\":\"235.196\"}","timestamp":"2024-12-09T07:53:46.738Z"}
{"level":"\u001b[32minfo\u001b[39m","message":"{\"method\":\"POST\",\"url\":\"/api/auth/login\",\"status\":\"200\",\"responseTime\":\"116.255\"}","timestamp":"2024-12-09T07:54:06.245Z"}
{"level":"\u001b[32minfo\u001b[39m","message":"{\"method\":\"POST\",\"url\":\"/api/auth/login\",\"status\":\"200\",\"responseTime\":\"120.192\"}","timestamp":"2024-12-09T07:54:32.189Z"}
{"level":"\u001b[32minfo\u001b[39m","message":"{\"method\":\"POST\",\"url\":\"/api/auth/login\",\"status\":\"200\",\"responseTime\":\"117.453\"}","timestamp":"2024-12-09T07:54:42.566Z"}
{"level":"\u001b[32minfo\u001b[39m","message":"{\"method\":\"POST\",\"url\":\"/api/auth/login\",\"status\":\"200\",\"responseTime\":\"134.994\"}","timestamp":"2024-12-09T07:54:55.930Z"}
{"level":"\u001b[32minfo\u001b[39m","message":"{\"method\":\"POST\",\"url\":\"/api/auth/login\",\"status\":\"200\",\"responseTime\":\"133.029\"}","timestamp":"2024-12-09T07:55:32.286Z"}
{"level":"\u001b[32minfo\u001b[39m","message":"{\"method\":\"POST\",\"url\":\"/api/auth/logout\",\"status\":\"200\",\"responseTime\":\"3.681\"}","timestamp":"2024-12-09T07:57:28.311Z"}
{"level":"\u001b[32minfo\u001b[39m","message":"{\"method\":\"POST\",\"url\":\"/api/auth/login\",\"status\":\"200\",\"responseTime\":\"191.423\"}","timestamp":"2024-12-09T07:57:48.547Z"}
{"level":"\u001b[32minfo\u001b[39m","message":"{\"method\":\"POST\",\"url\":\"/api/auth/logout\",\"status\":\"200\",\"responseTime\":\"0.600\"}","timestamp":"2024-12-09T07:58:05.235Z"}
{"level":"\u001b[32minfo\u001b[39m","message":"{\"method\":\"POST\",\"url\":\"/api/auth/login\",\"status\":\"200\",\"responseTime\":\"122.036\"}","timestamp":"2024-12-09T07:58:45.440Z"}
{"level":"\u001b[32minfo\u001b[39m","message":"{\"method\":\"POST\",\"url\":\"/api/auth/logout\",\"status\":\"200\",\"responseTime\":\"0.612\"}","timestamp":"2024-12-09T07:59:00.792Z"}
{"level":"\u001b[32minfo\u001b[39m","message":"{\"method\":\"POST\",\"url\":\"/api/auth/login\",\"status\":\"400\",\"responseTime\":\"67.153\"}","timestamp":"2024-12-09T08:02:18.751Z"}
{"level":"\u001b[32minfo\u001b[39m","message":"{\"method\":\"POST\",\"url\":\"/api/auth/register\",\"status\":\"201\",\"responseTime\":\"3663.706\"}","timestamp":"2024-12-09T08:02:39.812Z"}
{"level":"\u001b[32minfo\u001b[39m","message":"{\"method\":\"POST\",\"url\":\"/api/auth/verify-email?token=eyJhbGciOiJIUzI1NiIsInR5cCI6IkpXVCJ9.eyJlbWFpbCI6Im1vaWRlZW5zaGFjcDI4QGdtYWlsLmNvbSIsImlhdCI6MTczMzczMTM1NiwiZXhwIjoxNzMzNzMzMTU2fQ.84B1-n6z8Z3QWutW_SoT4mA8KmJnjlDx2c5_QZcbAdg\",\"status\":\"200\",\"responseTime\":\"119.565\"}","timestamp":"2024-12-09T08:02:50.742Z"}
{"level":"\u001b[32minfo\u001b[39m","message":"{\"method\":\"POST\",\"url\":\"/api/auth/verify-email?token=eyJhbGciOiJIUzI1NiIsInR5cCI6IkpXVCJ9.eyJlbWFpbCI6Im1vaWRlZW5zaGFjcDI4QGdtYWlsLmNvbSIsImlhdCI6MTczMzczMTM1NiwiZXhwIjoxNzMzNzMzMTU2fQ.84B1-n6z8Z3QWutW_SoT4mA8KmJnjlDx2c5_QZcbAdg\",\"status\":\"400\",\"responseTime\":\"48.808\"}","timestamp":"2024-12-09T08:03:05.740Z"}
{"level":"\u001b[32minfo\u001b[39m","message":"{\"method\":\"POST\",\"url\":\"/api/auth/login\",\"status\":\"200\",\"responseTime\":\"975.273\"}","timestamp":"2024-12-09T14:23:08.689Z"}
{"level":"\u001b[32minfo\u001b[39m","message":"{\"method\":\"POST\",\"url\":\"/api/auth/logout\",\"status\":\"200\",\"responseTime\":\"4.683\"}","timestamp":"2024-12-09T14:23:45.176Z"}
{"level":"\u001b[32minfo\u001b[39m","message":"{\"method\":\"POST\",\"url\":\"/api/auth/login\",\"status\":\"200\",\"responseTime\":\"300.149\"}","timestamp":"2024-12-09T14:23:56.258Z"}
{"level":"\u001b[32minfo\u001b[39m","message":"{\"method\":\"POST\",\"url\":\"/api/auth/logout\",\"status\":\"200\",\"responseTime\":\"0.608\"}","timestamp":"2024-12-09T14:25:11.779Z"}
{"level":"\u001b[32minfo\u001b[39m","message":"{\"method\":\"POST\",\"url\":\"/api/auth/login\",\"status\":\"200\",\"responseTime\":\"384.616\"}","timestamp":"2024-12-09T14:25:32.116Z"}
{"level":"\u001b[32minfo\u001b[39m","message":"{\"method\":\"POST\",\"url\":\"/api/auth/logout\",\"status\":\"200\",\"responseTime\":\"1.780\"}","timestamp":"2024-12-09T14:27:38.772Z"}
{"level":"\u001b[32minfo\u001b[39m","message":"{\"method\":\"POST\",\"url\":\"/api/auth/login\",\"status\":\"200\",\"responseTime\":\"250.502\"}","timestamp":"2024-12-09T14:27:47.801Z"}
{"level":"\u001b[32minfo\u001b[39m","message":"{\"method\":\"POST\",\"url\":\"/api/auth/logout\",\"status\":\"200\",\"responseTime\":\"0.913\"}","timestamp":"2024-12-09T14:27:55.101Z"}
{"level":"\u001b[32minfo\u001b[39m","message":"{\"method\":\"POST\",\"url\":\"/api/auth/login\",\"status\":\"200\",\"responseTime\":\"253.063\"}","timestamp":"2024-12-09T14:28:06.950Z"}
{"level":"\u001b[32minfo\u001b[39m","message":"{\"method\":\"POST\",\"url\":\"/api/auth/logout\",\"status\":\"200\",\"responseTime\":\"0.951\"}","timestamp":"2024-12-09T14:28:15.265Z"}
{"level":"\u001b[32minfo\u001b[39m","message":"{\"method\":\"POST\",\"url\":\"/api/auth/verify-email?token=eyJhbGciOiJIUzI1NiIsInR5cCI6IkpXVCJ9.eyJlbWFpbCI6Im1vaWRlZW5zaGFjcDI4QGdtYWlsLmNvbSIsImlhdCI6MTczMzczMTM1NiwiZXhwIjoxNzMzNzMzMTU2fQ.84B1-n6z8Z3QWutW_SoT4mA8KmJnjlDx2c5_QZcbAdg\",\"status\":\"400\",\"responseTime\":\"6.853\"}","timestamp":"2024-12-09T14:28:44.541Z"}
{"level":"\u001b[32minfo\u001b[39m","message":"{\"method\":\"POST\",\"url\":\"/api/auth/verify-email?token=eyJhbGciOiJIUzI1NiIsInR5cCI6IkpXVCJ9.eyJlbWFpbCI6Im1vaWRlZW5zaGFjcDI4QGdtYWlsLmNvbSIsImlhdCI6MTczMzczMTM1NiwiZXhwIjoxNzMzNzMzMTU2fQ.84B1-n6z8Z3QWutW_SoT4mA8KmJnjlDx2c5_QZcbAdg\",\"status\":\"400\",\"responseTime\":\"3.982\"}","timestamp":"2024-12-09T14:28:58.859Z"}
{"level":"\u001b[32minfo\u001b[39m","message":"{\"method\":\"POST\",\"url\":\"/api/auth/register\",\"status\":\"201\",\"responseTime\":\"5133.415\"}","timestamp":"2024-12-09T14:29:37.763Z"}
{"level":"\u001b[32minfo\u001b[39m","message":"{\"method\":\"POST\",\"url\":\"/api/auth/verify-email?token=eyJhbGciOiJIUzI1NiIsInR5cCI6IkpXVCJ9.eyJlbWFpbCI6Im1vaWRlZW5zaGFjcDI4QGdtYWlsLmNvbSIsImlhdCI6MTczMzc1NDU3MywiZXhwIjoxNzMzNzU2MzczfQ.1pHOPx_8OX2Jad7lGaiFBD-Y2K81wNpNVtSjIB-Pwno\",\"status\":\"200\",\"responseTime\":\"234.978\"}","timestamp":"2024-12-09T14:29:50.135Z"}
{"level":"\u001b[32minfo\u001b[39m","message":"{\"method\":\"POST\",\"url\":\"/api/auth/register\",\"status\":\"201\",\"responseTime\":\"4880.504\"}","timestamp":"2024-12-09T14:40:16.251Z"}
{"level":"\u001b[32minfo\u001b[39m","message":"{\"method\":\"POST\",\"url\":\"/api/auth/verify-email?token=eyJhbGciOiJIUzI1NiIsInR5cCI6IkpXVCJ9.eyJlbWFpbCI6Im1vaWRlZW5zaGFjcDI4QGdtYWlsLmNvbSIsImlhdCI6MTczMzc1NTIxMSwiZXhwIjoxNzMzNzU3MDExfQ.hNC6Q4oLTvCKLpXyvI9SjG9vXbiriZolaZuG1GyTZ8k\",\"status\":\"200\",\"responseTime\":\"436.806\"}","timestamp":"2024-12-09T14:40:30.883Z"}
{"level":"\u001b[32minfo\u001b[39m","message":"{\"method\":\"POST\",\"url\":\"/api/auth/register\",\"status\":\"201\",\"responseTime\":\"4964.322\"}","timestamp":"2024-12-09T14:52:32.963Z"}
{"level":"\u001b[32minfo\u001b[39m","message":"{\"method\":\"POST\",\"url\":\"/api/auth/verify-email?token=eyJhbGciOiJIUzI1NiIsInR5cCI6IkpXVCJ9.eyJlbWFpbCI6Im1vaWRlZW5zaGFjcDI4QGdtYWlsLmNvbSIsImlhdCI6MTczMzc1NTk0OCwiZXhwIjoxNzMzNzU3NzQ4fQ.S1AqLEENqoY6lAaovGBx6_i3GtvnCxqpSmiJAD8WlnE\",\"status\":\"200\",\"responseTime\":\"351.586\"}","timestamp":"2024-12-09T14:52:44.902Z"}
{"level":"\u001b[32minfo\u001b[39m","message":"{\"method\":\"POST\",\"url\":\"/api/auth/login\",\"status\":\"200\",\"responseTime\":\"301.595\"}","timestamp":"2024-12-09T14:52:57.018Z"}
{"level":"\u001b[32minfo\u001b[39m","message":"{\"method\":\"POST\",\"url\":\"/api/auth/logout\",\"status\":\"200\",\"responseTime\":\"6.554\"}","timestamp":"2024-12-09T14:55:46.857Z"}
{"level":"\u001b[32minfo\u001b[39m","message":"{\"method\":\"POST\",\"url\":\"/api/auth/login\",\"status\":\"200\",\"responseTime\":\"242.692\"}","timestamp":"2024-12-09T14:55:58.786Z"}
{"level":"\u001b[32minfo\u001b[39m","message":"{\"method\":\"POST\",\"url\":\"/api/auth/logout\",\"status\":\"200\",\"responseTime\":\"1.549\"}","timestamp":"2024-12-09T14:57:53.101Z"}
{"level":"\u001b[32minfo\u001b[39m","message":"{\"method\":\"POST\",\"url\":\"/api/auth/login\",\"status\":\"200\",\"responseTime\":\"305.536\"}","timestamp":"2024-12-09T14:58:01.977Z"}
{"level":"\u001b[32minfo\u001b[39m","message":"{\"method\":\"POST\",\"url\":\"/api/auth/login\",\"status\":\"200\",\"responseTime\":\"267.972\"}","timestamp":"2024-12-09T14:58:32.321Z"}
{"level":"\u001b[32minfo\u001b[39m","message":"{\"method\":\"POST\",\"url\":\"/api/auth/login\",\"status\":\"200\",\"responseTime\":\"257.196\"}","timestamp":"2024-12-09T15:01:35.997Z"}
{"level":"\u001b[32minfo\u001b[39m","message":"{\"method\":\"POST\",\"url\":\"/api/auth/logout\",\"status\":\"200\",\"responseTime\":\"0.668\"}","timestamp":"2024-12-09T15:02:25.002Z"}
{"level":"\u001b[32minfo\u001b[39m","message":"{\"method\":\"POST\",\"url\":\"/api/auth/login\",\"status\":\"200\",\"responseTime\":\"205.749\"}","timestamp":"2024-12-09T15:02:32.830Z"}
{"level":"\u001b[32minfo\u001b[39m","message":"{\"method\":\"POST\",\"url\":\"/api/auth/logout\",\"status\":\"200\",\"responseTime\":\"1.110\"}","timestamp":"2024-12-09T15:02:39.207Z"}
{"level":"\u001b[32minfo\u001b[39m","message":"{\"method\":\"POST\",\"url\":\"/api/auth/login\",\"status\":\"200\",\"responseTime\":\"323.574\"}","timestamp":"2024-12-09T15:03:20.853Z"}
{"level":"\u001b[32minfo\u001b[39m","message":"{\"method\":\"POST\",\"url\":\"/api/auth/logout\",\"status\":\"200\",\"responseTime\":\"1.503\"}","timestamp":"2024-12-09T15:04:48.970Z"}
{"level":"\u001b[32minfo\u001b[39m","message":"{\"method\":\"POST\",\"url\":\"/api/auth/login\",\"status\":\"200\",\"responseTime\":\"424.250\"}","timestamp":"2024-12-09T15:04:58.546Z"}
{"level":"\u001b[32minfo\u001b[39m","message":"{\"method\":\"POST\",\"url\":\"/api/auth/logout\",\"status\":\"200\",\"responseTime\":\"0.771\"}","timestamp":"2024-12-09T15:05:20.714Z"}
{"level":"\u001b[32minfo\u001b[39m","message":"{\"method\":\"POST\",\"url\":\"/api/auth/login\",\"status\":\"400\",\"responseTime\":\"1.782\"}","timestamp":"2024-12-09T15:05:21.582Z"}
{"level":"\u001b[32minfo\u001b[39m","message":"{\"method\":\"POST\",\"url\":\"/api/auth/login\",\"status\":\"200\",\"responseTime\":\"252.542\"}","timestamp":"2024-12-09T15:05:37.157Z"}
{"level":"\u001b[32minfo\u001b[39m","message":"{\"method\":\"POST\",\"url\":\"/api/auth/logout\",\"status\":\"200\",\"responseTime\":\"2.810\"}","timestamp":"2024-12-09T15:06:39.702Z"}
{"level":"\u001b[32minfo\u001b[39m","message":"{\"method\":\"POST\",\"url\":\"/api/auth/login\",\"status\":\"200\",\"responseTime\":\"327.675\"}","timestamp":"2024-12-09T15:06:51.296Z"}
{"level":"\u001b[32minfo\u001b[39m","message":"{\"method\":\"POST\",\"url\":\"/api/auth/logout\",\"status\":\"200\",\"responseTime\":\"1.160\"}","timestamp":"2024-12-09T15:08:16.279Z"}
{"level":"\u001b[32minfo\u001b[39m","message":"{\"method\":\"POST\",\"url\":\"/api/auth/login\",\"status\":\"200\",\"responseTime\":\"414.198\"}","timestamp":"2024-12-09T15:08:26.015Z"}
{"level":"\u001b[32minfo\u001b[39m","message":"{\"method\":\"POST\",\"url\":\"/api/auth/logout\",\"status\":\"200\",\"responseTime\":\"0.964\"}","timestamp":"2024-12-09T15:08:35.216Z"}
{"level":"\u001b[32minfo\u001b[39m","message":"{\"method\":\"POST\",\"url\":\"/api/auth/login\",\"status\":\"200\",\"responseTime\":\"384.097\"}","timestamp":"2024-12-09T15:08:47.933Z"}
{"level":"\u001b[32minfo\u001b[39m","message":"{\"method\":\"POST\",\"url\":\"/api/auth/logout\",\"status\":\"200\",\"responseTime\":\"1.164\"}","timestamp":"2024-12-09T15:09:07.959Z"}
{"level":"\u001b[32minfo\u001b[39m","message":"{\"method\":\"POST\",\"url\":\"/api/auth/login\",\"status\":\"200\",\"responseTime\":\"379.563\"}","timestamp":"2024-12-09T15:09:18.035Z"}
{"level":"\u001b[32minfo\u001b[39m","message":"{\"method\":\"POST\",\"url\":\"/api/auth/logout\",\"status\":\"200\",\"responseTime\":\"0.627\"}","timestamp":"2024-12-09T15:09:37.648Z"}
{"level":"\u001b[32minfo\u001b[39m","message":"{\"method\":\"POST\",\"url\":\"/api/auth/login\",\"status\":\"200\",\"responseTime\":\"210.957\"}","timestamp":"2024-12-09T15:09:46.204Z"}
{"level":"\u001b[32minfo\u001b[39m","message":"{\"method\":\"POST\",\"url\":\"/api/auth/login\",\"status\":\"200\",\"responseTime\":\"373.649\"}","timestamp":"2024-12-09T15:13:03.624Z"}
{"level":"\u001b[32minfo\u001b[39m","message":"{\"method\":\"POST\",\"url\":\"/api/auth/login\",\"status\":\"200\",\"responseTime\":\"248.451\"}","timestamp":"2024-12-09T15:13:36.525Z"}
{"level":"\u001b[32minfo\u001b[39m","message":"{\"method\":\"POST\",\"url\":\"/api/auth/logout\",\"status\":\"200\",\"responseTime\":\"0.749\"}","timestamp":"2024-12-09T15:18:16.459Z"}
{"level":"\u001b[32minfo\u001b[39m","message":"{\"method\":\"POST\",\"url\":\"/api/auth/login\",\"status\":\"200\",\"responseTime\":\"208.880\"}","timestamp":"2024-12-09T15:18:25.393Z"}
{"level":"\u001b[32minfo\u001b[39m","message":"{\"method\":\"POST\",\"url\":\"/api/auth/logout\",\"status\":\"200\",\"responseTime\":\"0.717\"}","timestamp":"2024-12-09T15:20:08.500Z"}
{"level":"\u001b[32minfo\u001b[39m","message":"{\"method\":\"POST\",\"url\":\"/api/auth/login\",\"status\":\"200\",\"responseTime\":\"201.916\"}","timestamp":"2024-12-09T15:20:23.452Z"}
{"level":"\u001b[32minfo\u001b[39m","message":"{\"method\":\"POST\",\"url\":\"/api/auth/login\",\"status\":\"200\",\"responseTime\":\"325.607\"}","timestamp":"2024-12-09T15:24:58.195Z"}
{"level":"\u001b[32minfo\u001b[39m","message":"{\"method\":\"POST\",\"url\":\"/api/auth/login\",\"status\":\"200\",\"responseTime\":\"361.254\"}","timestamp":"2024-12-09T15:26:51.049Z"}
{"level":"\u001b[32minfo\u001b[39m","message":"{\"method\":\"POST\",\"url\":\"/api/auth/login\",\"status\":\"200\",\"responseTime\":\"221.005\"}","timestamp":"2024-12-09T15:33:13.022Z"}
{"level":"\u001b[32minfo\u001b[39m","message":"{\"method\":\"POST\",\"url\":\"/api/auth/login\",\"status\":\"200\",\"responseTime\":\"215.569\"}","timestamp":"2024-12-09T15:36:39.051Z"}
{"level":"\u001b[32minfo\u001b[39m","message":"{\"method\":\"POST\",\"url\":\"/api/auth/login\",\"status\":\"200\",\"responseTime\":\"274.202\"}","timestamp":"2024-12-09T15:39:56.277Z"}
{"level":"\u001b[32minfo\u001b[39m","message":"{\"method\":\"POST\",\"url\":\"/api/auth/login\",\"status\":\"200\",\"responseTime\":\"246.310\"}","timestamp":"2024-12-09T15:41:23.211Z"}
{"level":"\u001b[32minfo\u001b[39m","message":"{\"method\":\"POST\",\"url\":\"/api/auth/logout\",\"status\":\"200\",\"responseTime\":\"0.588\"}","timestamp":"2024-12-09T15:41:41.007Z"}
{"level":"\u001b[32minfo\u001b[39m","message":"{\"method\":\"POST\",\"url\":\"/api/auth/login\",\"status\":\"200\",\"responseTime\":\"280.614\"}","timestamp":"2024-12-09T15:42:04.684Z"}
{"level":"\u001b[32minfo\u001b[39m","message":"{\"method\":\"POST\",\"url\":\"/api/auth/logout\",\"status\":\"200\",\"responseTime\":\"0.790\"}","timestamp":"2024-12-09T15:42:12.609Z"}
{"level":"\u001b[32minfo\u001b[39m","message":"{\"method\":\"POST\",\"url\":\"/api/auth/login\",\"status\":\"200\",\"responseTime\":\"226.120\"}","timestamp":"2024-12-09T15:42:26.609Z"}
{"level":"\u001b[32minfo\u001b[39m","message":"{\"method\":\"POST\",\"url\":\"/api/auth/login\",\"status\":\"200\",\"responseTime\":\"235.808\"}","timestamp":"2024-12-09T15:43:31.428Z"}
{"level":"\u001b[32minfo\u001b[39m","message":"{\"method\":\"POST\",\"url\":\"/api/auth/logout\",\"status\":\"200\",\"responseTime\":\"0.542\"}","timestamp":"2024-12-09T15:43:45.588Z"}
{"level":"\u001b[32minfo\u001b[39m","message":"{\"method\":\"POST\",\"url\":\"/api/auth/login\",\"status\":\"200\",\"responseTime\":\"287.203\"}","timestamp":"2024-12-09T15:44:06.658Z"}
{"level":"\u001b[32minfo\u001b[39m","message":"{\"method\":\"POST\",\"url\":\"/api/auth/logout\",\"status\":\"200\",\"responseTime\":\"0.410\"}","timestamp":"2024-12-09T15:44:15.630Z"}
{"level":"\u001b[32minfo\u001b[39m","message":"{\"method\":\"POST\",\"url\":\"/api/auth/login\",\"status\":\"200\",\"responseTime\":\"253.740\"}","timestamp":"2024-12-09T15:44:27.963Z"}
{"level":"\u001b[32minfo\u001b[39m","message":"{\"method\":\"POST\",\"url\":\"/api/auth/logout\",\"status\":\"200\",\"responseTime\":\"0.848\"}","timestamp":"2024-12-09T15:44:35.258Z"}
{"level":"\u001b[32minfo\u001b[39m","message":"{\"method\":\"POST\",\"url\":\"/api/auth/login\",\"status\":\"200\",\"responseTime\":\"252.431\"}","timestamp":"2024-12-09T15:44:49.144Z"}
{"level":"\u001b[32minfo\u001b[39m","message":"{\"method\":\"POST\",\"url\":\"/api/auth/logout\",\"status\":\"200\",\"responseTime\":\"0.415\"}","timestamp":"2024-12-09T15:44:56.215Z"}
{"level":"\u001b[32minfo\u001b[39m","message":"{\"method\":\"POST\",\"url\":\"/api/auth/login\",\"status\":\"200\",\"responseTime\":\"241.773\"}","timestamp":"2024-12-09T15:45:05.226Z"}
{"level":"\u001b[32minfo\u001b[39m","message":"{\"method\":\"POST\",\"url\":\"/api/auth/logout\",\"status\":\"200\",\"responseTime\":\"0.745\"}","timestamp":"2024-12-09T15:45:13.569Z"}
{"level":"\u001b[32minfo\u001b[39m","message":"{\"method\":\"POST\",\"url\":\"/api/auth/login\",\"status\":\"200\",\"responseTime\":\"254.053\"}","timestamp":"2024-12-09T15:45:20.683Z"}
{"level":"\u001b[32minfo\u001b[39m","message":"{\"method\":\"POST\",\"url\":\"/api/auth/logout\",\"status\":\"200\",\"responseTime\":\"0.515\"}","timestamp":"2024-12-09T15:45:27.133Z"}
{"level":"\u001b[32minfo\u001b[39m","message":"{\"method\":\"POST\",\"url\":\"/api/auth/login\",\"status\":\"200\",\"responseTime\":\"319.525\"}","timestamp":"2024-12-09T15:45:46.899Z"}
{"level":"\u001b[32minfo\u001b[39m","message":"{\"method\":\"POST\",\"url\":\"/api/auth/login\",\"status\":\"200\",\"responseTime\":\"297.115\"}","timestamp":"2024-12-09T15:46:52.032Z"}
{"level":"\u001b[32minfo\u001b[39m","message":"{\"method\":\"POST\",\"url\":\"/api/auth/logout\",\"status\":\"200\",\"responseTime\":\"1.008\"}","timestamp":"2024-12-09T15:47:13.091Z"}
{"level":"\u001b[32minfo\u001b[39m","message":"{\"method\":\"POST\",\"url\":\"/api/auth/login\",\"status\":\"200\",\"responseTime\":\"302.951\"}","timestamp":"2024-12-09T15:47:21.622Z"}
{"level":"\u001b[32minfo\u001b[39m","message":"{\"method\":\"POST\",\"url\":\"/api/auth/logout\",\"status\":\"200\",\"responseTime\":\"0.425\"}","timestamp":"2024-12-09T15:48:34.589Z"}
{"level":"\u001b[32minfo\u001b[39m","message":"{\"method\":\"POST\",\"url\":\"/api/auth/login\",\"status\":\"200\",\"responseTime\":\"221.456\"}","timestamp":"2024-12-09T15:48:51.122Z"}
{"level":"\u001b[32minfo\u001b[39m","message":"{\"method\":\"POST\",\"url\":\"/api/auth/logout\",\"status\":\"200\",\"responseTime\":\"0.807\"}","timestamp":"2024-12-09T15:48:57.741Z"}
{"level":"\u001b[32minfo\u001b[39m","message":"{\"method\":\"POST\",\"url\":\"/api/auth/login\",\"status\":\"200\",\"responseTime\":\"247.869\"}","timestamp":"2024-12-09T15:49:06.487Z"}
{"level":"\u001b[32minfo\u001b[39m","message":"{\"method\":\"POST\",\"url\":\"/api/auth/logout\",\"status\":\"200\",\"responseTime\":\"0.430\"}","timestamp":"2024-12-09T15:49:16.003Z"}
{"level":"\u001b[32minfo\u001b[39m","message":"{\"method\":\"POST\",\"url\":\"/api/auth/login\",\"status\":\"200\",\"responseTime\":\"268.289\"}","timestamp":"2024-12-09T15:49:25.425Z"}
{"level":"\u001b[32minfo\u001b[39m","message":"{\"method\":\"POST\",\"url\":\"/api/auth/logout\",\"status\":\"200\",\"responseTime\":\"0.672\"}","timestamp":"2024-12-09T15:49:34.423Z"}
{"level":"\u001b[32minfo\u001b[39m","message":"{\"method\":\"POST\",\"url\":\"/api/auth/login\",\"status\":\"200\",\"responseTime\":\"259.412\"}","timestamp":"2024-12-09T15:50:34.040Z"}
{"level":"\u001b[32minfo\u001b[39m","message":"{\"method\":\"POST\",\"url\":\"/api/auth/login\",\"status\":\"200\",\"responseTime\":\"204.278\"}","timestamp":"2024-12-09T15:52:17.217Z"}
{"level":"\u001b[32minfo\u001b[39m","message":"{\"method\":\"POST\",\"url\":\"/api/auth/login\",\"status\":\"200\",\"responseTime\":\"279.822\"}","timestamp":"2024-12-09T15:53:18.191Z"}
{"level":"\u001b[32minfo\u001b[39m","message":"{\"method\":\"POST\",\"url\":\"/api/auth/login\",\"status\":\"200\",\"responseTime\":\"245.919\"}","timestamp":"2024-12-09T15:54:00.181Z"}
{"level":"\u001b[32minfo\u001b[39m","message":"{\"method\":\"POST\",\"url\":\"/api/auth/logout\",\"status\":\"200\",\"responseTime\":\"0.545\"}","timestamp":"2024-12-09T15:54:21.971Z"}
{"level":"\u001b[32minfo\u001b[39m","message":"{\"method\":\"POST\",\"url\":\"/api/auth/login\",\"status\":\"200\",\"responseTime\":\"233.814\"}","timestamp":"2024-12-09T15:55:05.310Z"}
{"level":"\u001b[32minfo\u001b[39m","message":"{\"method\":\"POST\",\"url\":\"/api/auth/logout\",\"status\":\"200\",\"responseTime\":\"0.606\"}","timestamp":"2024-12-09T15:55:16.464Z"}
{"level":"\u001b[32minfo\u001b[39m","message":"{\"method\":\"POST\",\"url\":\"/api/auth/login\",\"status\":\"200\",\"responseTime\":\"237.442\"}","timestamp":"2024-12-09T15:55:25.896Z"}
{"level":"\u001b[32minfo\u001b[39m","message":"{\"method\":\"POST\",\"url\":\"/api/auth/login\",\"status\":\"200\",\"responseTime\":\"241.697\"}","timestamp":"2024-12-09T15:56:28.660Z"}
{"level":"\u001b[32minfo\u001b[39m","message":"{\"method\":\"POST\",\"url\":\"/api/auth/logout\",\"status\":\"200\",\"responseTime\":\"0.439\"}","timestamp":"2024-12-09T15:56:51.908Z"}
{"level":"\u001b[32minfo\u001b[39m","message":"{\"method\":\"POST\",\"url\":\"/api/auth/login\",\"status\":\"200\",\"responseTime\":\"281.883\"}","timestamp":"2024-12-09T15:57:17.507Z"}
{"level":"\u001b[32minfo\u001b[39m","message":"{\"method\":\"POST\",\"url\":\"/api/auth/logout\",\"status\":\"200\",\"responseTime\":\"0.734\"}","timestamp":"2024-12-09T15:57:29.119Z"}
{"level":"\u001b[32minfo\u001b[39m","message":"{\"method\":\"POST\",\"url\":\"/api/auth/login\",\"status\":\"200\",\"responseTime\":\"302.324\"}","timestamp":"2024-12-09T15:57:37.475Z"}
{"level":"\u001b[32minfo\u001b[39m","message":"{\"method\":\"POST\",\"url\":\"/api/auth/logout\",\"status\":\"200\",\"responseTime\":\"0.683\"}","timestamp":"2024-12-09T15:57:45.955Z"}
{"level":"\u001b[32minfo\u001b[39m","message":"{\"method\":\"POST\",\"url\":\"/api/auth/login\",\"status\":\"200\",\"responseTime\":\"287.102\"}","timestamp":"2024-12-09T16:00:20.543Z"}
{"level":"\u001b[32minfo\u001b[39m","message":"{\"method\":\"POST\",\"url\":\"/api/auth/register-company\",\"status\":\"404\",\"responseTime\":\"27.284\"}","timestamp":"2024-12-09T16:25:43.062Z"}
{"level":"\u001b[32minfo\u001b[39m","message":"{\"method\":\"POST\",\"url\":\"/api/auth/register-company\",\"status\":\"404\",\"responseTime\":\"2.040\"}","timestamp":"2024-12-09T16:26:09.854Z"}
{"level":"\u001b[32minfo\u001b[39m","message":"{\"method\":\"POST\",\"url\":\"/api/company/register-company\",\"status\":\"201\",\"responseTime\":\"43.544\"}","timestamp":"2024-12-09T17:23:30.943Z"}
{"level":"\u001b[32minfo\u001b[39m","message":"{\"method\":\"POST\",\"url\":\"/api/company/register-company\",\"status\":\"201\",\"responseTime\":\"41.314\"}","timestamp":"2024-12-09T17:28:25.592Z"}
{"level":"\u001b[32minfo\u001b[39m","message":"{\"method\":\"POST\",\"url\":\"/api/company/register-company\",\"status\":\"201\",\"responseTime\":\"8.040\"}","timestamp":"2024-12-09T17:29:04.068Z"}
{"level":"\u001b[32minfo\u001b[39m","message":"{\"method\":\"POST\",\"url\":\"/api/company/register-company\",\"status\":\"201\",\"responseTime\":\"32.693\"}","timestamp":"2024-12-09T17:31:46.632Z"}
{"level":"\u001b[32minfo\u001b[39m","message":"{\"method\":\"POST\",\"url\":\"/api/company/register-company\",\"status\":\"201\",\"responseTime\":\"34.244\"}","timestamp":"2024-12-09T17:32:46.550Z"}
{"level":"\u001b[32minfo\u001b[39m","message":"{\"method\":\"POST\",\"url\":\"/api/company/register-company\",\"status\":\"201\",\"responseTime\":\"9.741\"}","timestamp":"2024-12-09T17:33:28.917Z"}
{"level":"\u001b[32minfo\u001b[39m","message":"{\"method\":\"POST\",\"url\":\"/api/company/register-company\",\"status\":\"201\",\"responseTime\":\"30.835\"}","timestamp":"2024-12-09T17:34:13.127Z"}
{"level":"\u001b[32minfo\u001b[39m","message":"{\"method\":\"POST\",\"url\":\"/api/company/register-company\",\"status\":\"201\",\"responseTime\":\"28.627\"}","timestamp":"2024-12-09T17:43:37.487Z"}
{"level":"\u001b[32minfo\u001b[39m","message":"{\"method\":\"POST\",\"url\":\"/api/company/register-company\",\"status\":\"201\",\"responseTime\":\"182.704\"}","timestamp":"2024-12-09T17:44:47.984Z"}
{"level":"\u001b[32minfo\u001b[39m","message":"{\"method\":\"POST\",\"url\":\"/api/company/register-company\",\"status\":\"201\",\"responseTime\":\"400.465\"}","timestamp":"2024-12-09T17:53:36.789Z"}
