{"level":"\u001b[32minfo\u001b[39m","message":"{\"method\":\"POST\",\"url\":\"/api/auth/register\",\"status\":\"400\",\"responseTime\":\"27.439\"}","timestamp":"2024-12-04T03:45:03.283Z"}
{"level":"\u001b[32minfo\u001b[39m","message":"{\"method\":\"POST\",\"url\":\"/api/auth/register\",\"status\":\"400\",\"responseTime\":\"1.565\"}","timestamp":"2024-12-04T03:45:08.455Z"}
{"level":"\u001b[32minfo\u001b[39m","message":"{\"method\":\"POST\",\"url\":\"/api/auth/register\",\"status\":\"400\",\"responseTime\":\"1.702\"}","timestamp":"2024-12-04T03:45:21.555Z"}
{"level":"\u001b[32minfo\u001b[39m","message":"{\"method\":\"POST\",\"url\":\"/api/auth/register\",\"status\":\"400\",\"responseTime\":\"1.558\"}","timestamp":"2024-12-04T03:45:36.250Z"}
{"level":"\u001b[32minfo\u001b[39m","message":"{\"method\":\"POST\",\"url\":\"/api/auth/register\",\"status\":\"400\",\"responseTime\":\"2.135\"}","timestamp":"2024-12-04T03:45:48.789Z"}
{"level":"\u001b[32minfo\u001b[39m","message":"{\"method\":\"POST\",\"url\":\"/api/auth/register\",\"status\":\"201\",\"responseTime\":\"3091.024\"}","timestamp":"2024-12-04T03:46:42.846Z"}
{"level":"\u001b[32minfo\u001b[39m","message":"{\"method\":\"POST\",\"url\":\"/api/auth/verify-email?token=eyJhbGciOiJIUzI1NiIsInR5cCI6IkpXVCJ9.eyJlbWFpbCI6Im1vaWRlZW5zaGFjcDI4QGdtYWlsLmNvbSIsImlhdCI6MTczMzI4Mzk5OSwiZXhwIjoxNzMzMjg0MDU5fQ.Rt2U24DPPTUVbSPaZlPiYaH2Rhxj8edLirgSIpkrQpA\",\"status\":\"400\",\"responseTime\":\"4.699\"}","timestamp":"2024-12-04T03:48:38.926Z"}
{"level":"\u001b[32minfo\u001b[39m","message":"{\"method\":\"POST\",\"url\":\"/api/auth/register\",\"status\":\"201\",\"responseTime\":\"3210.367\"}","timestamp":"2024-12-04T03:49:55.544Z"}
{"level":"\u001b[32minfo\u001b[39m","message":"{\"method\":\"POST\",\"url\":\"/api/auth/verify-email?token=eyJhbGciOiJIUzI1NiIsInR5cCI6IkpXVCJ9.eyJlbWFpbCI6Im1vaWRlZW5zaGFjcDI4QGdtYWlsLmNvbSIsImlhdCI6MTczMzI4NDE5MiwiZXhwIjoxNzMzMjg0MjUyfQ.LYARJn2V46cIxSc--ZQpH2qNFpwYEx_qcibU0qZQYcc\",\"status\":\"200\",\"responseTime\":\"103.020\"}","timestamp":"2024-12-04T03:50:07.881Z"}
{"level":"\u001b[32minfo\u001b[39m","message":"{\"method\":\"POST\",\"url\":\"/api/auth/login\",\"status\":\"200\",\"responseTime\":\"116.511\"}","timestamp":"2024-12-04T03:50:52.263Z"}
{"level":"\u001b[32minfo\u001b[39m","message":"{\"method\":\"POST\",\"url\":\"/api/auth/logout\",\"status\":\"200\",\"responseTime\":\"1.071\"}","timestamp":"2024-12-04T03:51:00.387Z"}
{"level":"\u001b[32minfo\u001b[39m","message":"{\"method\":\"POST\",\"url\":\"/api/auth/forget-password\",\"status\":\"400\",\"responseTime\":\"55.953\"}","timestamp":"2024-12-04T03:52:09.266Z"}
{"level":"\u001b[32minfo\u001b[39m","message":"{\"method\":\"POST\",\"url\":\"/api/auth/forget-password\",\"status\":\"400\",\"responseTime\":\"87.263\"}","timestamp":"2024-12-04T03:53:06.290Z"}
{"level":"\u001b[32minfo\u001b[39m","message":"{\"method\":\"POST\",\"url\":\"/api/auth/forget-password\",\"status\":\"200\",\"responseTime\":\"2869.966\"}","timestamp":"2024-12-04T03:53:22.221Z"}
{"level":"\u001b[32minfo\u001b[39m","message":"{\"method\":\"POST\",\"url\":\"/api/auth/forget-password\",\"status\":\"200\",\"responseTime\":\"3526.124\"}","timestamp":"2024-12-04T03:58:06.259Z"}
{"level":"\u001b[32minfo\u001b[39m","message":"{\"method\":\"POST\",\"url\":\"/api/auth/reset-password\",\"status\":\"201\",\"responseTime\":\"170.934\"}","timestamp":"2024-12-04T03:58:58.973Z"}
{"level":"\u001b[32minfo\u001b[39m","message":"{\"method\":\"POST\",\"url\":\"/api/auth/login\",\"status\":\"400\",\"responseTime\":\"125.365\"}","timestamp":"2024-12-04T04:00:57.253Z"}
{"level":"\u001b[32minfo\u001b[39m","message":"{\"method\":\"POST\",\"url\":\"/api/auth/login\",\"status\":\"200\",\"responseTime\":\"240.624\"}","timestamp":"2024-12-04T04:01:11.223Z"}
{"level":"\u001b[32minfo\u001b[39m","message":"{\"method\":\"POST\",\"url\":\"/api/auth/logout\",\"status\":\"200\",\"responseTime\":\"0.876\"}","timestamp":"2024-12-04T04:06:43.201Z"}
{"level":"\u001b[32minfo\u001b[39m","message":"{\"method\":\"POST\",\"url\":\"/api/auth/login\",\"status\":\"200\",\"responseTime\":\"604.979\"}","timestamp":"2024-12-04T04:06:54.366Z"}
{"level":"\u001b[32minfo\u001b[39m","message":"{\"method\":\"POST\",\"url\":\"/api/auth/logout\",\"status\":\"200\",\"responseTime\":\"6.143\"}","timestamp":"2024-12-04T04:28:35.047Z"}
{"level":"\u001b[32minfo\u001b[39m","message":"{\"method\":\"POST\",\"url\":\"/api/auth/login\",\"status\":\"200\",\"responseTime\":\"330.331\"}","timestamp":"2024-12-04T04:28:45.135Z"}
{"level":"\u001b[32minfo\u001b[39m","message":"{\"method\":\"POST\",\"url\":\"/api/auth/logout\",\"status\":\"200\",\"responseTime\":\"0.650\"}","timestamp":"2024-12-04T04:28:52.678Z"}
{"level":"\u001b[32minfo\u001b[39m","message":"{\"method\":\"POST\",\"url\":\"/api/auth/login\",\"status\":\"400\",\"responseTime\":\"209.794\"}","timestamp":"2024-12-04T04:29:03.881Z"}
{"level":"\u001b[32minfo\u001b[39m","message":"{\"method\":\"POST\",\"url\":\"/api/auth/login\",\"status\":\"200\",\"responseTime\":\"929.918\"}","timestamp":"2024-12-04T04:29:12.161Z"}
{"level":"\u001b[32minfo\u001b[39m","message":"{\"method\":\"POST\",\"url\":\"/api/auth/logout\",\"status\":\"200\",\"responseTime\":\"1.831\"}","timestamp":"2024-12-04T04:29:20.063Z"}
{"level":"\u001b[32minfo\u001b[39m","message":"{\"method\":\"POST\",\"url\":\"/api/auth/login\",\"status\":\"400\",\"responseTime\":\"629.404\"}","timestamp":"2024-12-04T04:38:44.089Z"}
{"level":"\u001b[32minfo\u001b[39m","message":"{\"method\":\"POST\",\"url\":\"/api/auth/login\",\"status\":\"400\",\"responseTime\":\"187.867\"}","timestamp":"2024-12-04T04:39:16.555Z"}
{"level":"\u001b[32minfo\u001b[39m","message":"{\"method\":\"POST\",\"url\":\"/api/auth/login\",\"status\":\"400\",\"responseTime\":\"129.130\"}","timestamp":"2024-12-04T04:39:52.110Z"}
{"level":"\u001b[32minfo\u001b[39m","message":"{\"method\":\"POST\",\"url\":\"/api/auth/login\",\"status\":\"200\",\"responseTime\":\"180.444\"}","timestamp":"2024-12-04T04:41:48.361Z"}
{"level":"\u001b[32minfo\u001b[39m","message":"{\"method\":\"POST\",\"url\":\"/api/auth/logout\",\"status\":\"200\",\"responseTime\":\"1.041\"}","timestamp":"2024-12-04T04:41:59.386Z"}
{"level":"\u001b[32minfo\u001b[39m","message":"{\"method\":\"POST\",\"url\":\"/api/auth/login\",\"status\":\"200\",\"responseTime\":\"185.211\"}","timestamp":"2024-12-04T04:42:09.276Z"}
{"level":"\u001b[32minfo\u001b[39m","message":"{\"method\":\"POST\",\"url\":\"/api/auth/logout\",\"status\":\"200\",\"responseTime\":\"0.909\"}","timestamp":"2024-12-04T04:42:14.744Z"}
{"level":"\u001b[32minfo\u001b[39m","message":"{\"method\":\"POST\",\"url\":\"/api/auth/login\",\"status\":\"200\",\"responseTime\":\"173.181\"}","timestamp":"2024-12-04T04:42:26.027Z"}
{"level":"\u001b[32minfo\u001b[39m","message":"{\"method\":\"POST\",\"url\":\"/api/auth/logout\",\"status\":\"200\",\"responseTime\":\"0.871\"}","timestamp":"2024-12-04T04:42:32.933Z"}
{"level":"\u001b[32minfo\u001b[39m","message":"{\"method\":\"POST\",\"url\":\"/api/auth/login\",\"status\":\"400\",\"responseTime\":\"328.628\"}","timestamp":"2024-12-04T04:42:39.872Z"}
{"level":"\u001b[32minfo\u001b[39m","message":"{\"method\":\"POST\",\"url\":\"/api/auth/login\",\"status\":\"400\",\"responseTime\":\"292.659\"}","timestamp":"2024-12-04T04:42:54.107Z"}
{"level":"\u001b[32minfo\u001b[39m","message":"{\"method\":\"POST\",\"url\":\"/api/auth/forget-password\",\"status\":\"400\",\"responseTime\":\"1470.946\"}","timestamp":"2024-12-04T04:53:53.435Z"}
{"level":"\u001b[32minfo\u001b[39m","message":"{\"method\":\"POST\",\"url\":\"/api/auth/forget-password\",\"status\":\"400\",\"responseTime\":\"109.190\"}","timestamp":"2024-12-04T04:54:47.636Z"}
{"level":"\u001b[32minfo\u001b[39m","message":"{\"method\":\"POST\",\"url\":\"/api/auth/forget-password\",\"status\":\"400\",\"responseTime\":\"125.750\"}","timestamp":"2024-12-04T04:55:10.375Z"}
{"level":"\u001b[32minfo\u001b[39m","message":"{\"method\":\"POST\",\"url\":\"/api/auth/forget-password\",\"status\":\"200\",\"responseTime\":\"5650.252\"}","timestamp":"2024-12-04T05:02:03.817Z"}
{"level":"\u001b[32minfo\u001b[39m","message":"{\"method\":\"POST\",\"url\":\"/api/auth/reset-password\",\"status\":\"400\",\"responseTime\":\"6.232\"}","timestamp":"2024-12-04T05:05:52.270Z"}
{"level":"\u001b[32minfo\u001b[39m","message":"{\"method\":\"POST\",\"url\":\"/api/auth/reset-password\",\"status\":\"400\",\"responseTime\":\"3.842\"}","timestamp":"2024-12-04T05:07:35.505Z"}
{"level":"\u001b[32minfo\u001b[39m","message":"{\"method\":\"POST\",\"url\":\"/api/auth/reset-password\",\"status\":\"201\",\"responseTime\":\"774.825\"}","timestamp":"2024-12-04T05:07:42.334Z"}
{"level":"\u001b[32minfo\u001b[39m","message":"{\"method\":\"POST\",\"url\":\"/api/auth/login\",\"status\":\"200\",\"responseTime\":\"260.965\"}","timestamp":"2024-12-04T05:07:54.960Z"}
{"level":"\u001b[32minfo\u001b[39m","message":"{\"method\":\"POST\",\"url\":\"/api/auth/logout\",\"status\":\"200\",\"responseTime\":\"1.349\"}","timestamp":"2024-12-04T05:08:00.786Z"}
{"level":"\u001b[32minfo\u001b[39m","message":"{\"method\":\"POST\",\"url\":\"/api/auth/register\",\"status\":\"400\",\"responseTime\":\"3.664\"}","timestamp":"2024-12-04T05:20:25.566Z"}
{"level":"\u001b[32minfo\u001b[39m","message":"{\"method\":\"POST\",\"url\":\"/api/auth/register\",\"status\":\"400\",\"responseTime\":\"3.157\"}","timestamp":"2024-12-04T05:20:35.358Z"}
{"level":"\u001b[32minfo\u001b[39m","message":"{\"method\":\"POST\",\"url\":\"/api/auth/register\",\"status\":\"400\",\"responseTime\":\"3.546\"}","timestamp":"2024-12-04T05:20:47.130Z"}
{"level":"\u001b[32minfo\u001b[39m","message":"{\"method\":\"POST\",\"url\":\"/api/auth/register\",\"status\":\"400\",\"responseTime\":\"2.825\"}","timestamp":"2024-12-04T05:20:59.434Z"}
{"level":"\u001b[32minfo\u001b[39m","message":"{\"method\":\"POST\",\"url\":\"/api/auth/register\",\"status\":\"400\",\"responseTime\":\"3.490\"}","timestamp":"2024-12-04T05:21:01.887Z"}
{"level":"\u001b[32minfo\u001b[39m","message":"{\"method\":\"POST\",\"url\":\"/api/auth/register\",\"status\":\"400\",\"responseTime\":\"3.321\"}","timestamp":"2024-12-04T05:22:31.249Z"}
{"level":"\u001b[32minfo\u001b[39m","message":"{\"method\":\"POST\",\"url\":\"/api/auth/register\",\"status\":\"400\",\"responseTime\":\"2.192\"}","timestamp":"2024-12-04T05:22:42.762Z"}
{"level":"\u001b[32minfo\u001b[39m","message":"{\"method\":\"POST\",\"url\":\"/api/auth/register\",\"status\":\"400\",\"responseTime\":\"3.181\"}","timestamp":"2024-12-04T05:23:30.386Z"}
{"level":"\u001b[32minfo\u001b[39m","message":"{\"method\":\"POST\",\"url\":\"/api/auth/register\",\"status\":\"400\",\"responseTime\":\"2.162\"}","timestamp":"2024-12-04T05:23:36.414Z"}
{"level":"\u001b[32minfo\u001b[39m","message":"{\"method\":\"POST\",\"url\":\"/api/auth/register\",\"status\":\"400\",\"responseTime\":\"114.603\"}","timestamp":"2024-12-04T05:23:49.846Z"}
{"level":"\u001b[32minfo\u001b[39m","message":"{\"method\":\"POST\",\"url\":\"/api/auth/register\",\"status\":\"400\",\"responseTime\":\"116.274\"}","timestamp":"2024-12-04T05:25:41.878Z"}
{"level":"\u001b[32minfo\u001b[39m","message":"{\"method\":\"POST\",\"url\":\"/api/auth/register\",\"status\":\"400\",\"responseTime\":\"2.031\"}","timestamp":"2024-12-04T05:25:51.486Z"}
{"level":"\u001b[32minfo\u001b[39m","message":"{\"method\":\"POST\",\"url\":\"/api/auth/register\",\"status\":\"400\",\"responseTime\":\"2.782\"}","timestamp":"2024-12-04T05:26:23.246Z"}
{"level":"\u001b[32minfo\u001b[39m","message":"{\"method\":\"POST\",\"url\":\"/api/auth/register\",\"status\":\"400\",\"responseTime\":\"65.727\"}","timestamp":"2024-12-04T05:26:31.992Z"}
{"level":"\u001b[32minfo\u001b[39m","message":"{\"method\":\"POST\",\"url\":\"/api/auth/register\",\"status\":\"400\",\"responseTime\":\"35.403\"}","timestamp":"2024-12-04T05:31:52.378Z"}
{"level":"\u001b[32minfo\u001b[39m","message":"{\"method\":\"POST\",\"url\":\"/api/auth/register\",\"status\":\"400\",\"responseTime\":\"3.664\"}","timestamp":"2024-12-04T05:32:08.261Z"}
{"level":"\u001b[32minfo\u001b[39m","message":"{\"method\":\"POST\",\"url\":\"/api/auth/register\",\"status\":\"400\",\"responseTime\":\"2.272\"}","timestamp":"2024-12-04T05:32:20.817Z"}
{"level":"\u001b[32minfo\u001b[39m","message":"{\"method\":\"POST\",\"url\":\"/api/auth/register\",\"status\":\"400\",\"responseTime\":\"2.701\"}","timestamp":"2024-12-04T05:32:34.842Z"}
{"level":"\u001b[32minfo\u001b[39m","message":"{\"method\":\"POST\",\"url\":\"/api/auth/register\",\"status\":\"400\",\"responseTime\":\"2.930\"}","timestamp":"2024-12-04T05:32:39.105Z"}
{"level":"\u001b[32minfo\u001b[39m","message":"{\"method\":\"POST\",\"url\":\"/api/auth/register\",\"status\":\"201\",\"responseTime\":\"5024.200\"}","timestamp":"2024-12-04T05:32:49.994Z"}
{"level":"\u001b[32minfo\u001b[39m","message":"{\"method\":\"POST\",\"url\":\"/api/auth/verify-email?token=eyJhbGciOiJIUzI1NiIsInR5cCI6IkpXVCJ9.eyJlbWFpbCI6Im1vaWRlZW5zaGFjcDI4QGdtYWlsLmNvbSIsImlhdCI6MTczMzI5MDM2NSwiZXhwIjoxNzMzMjkyMTY1fQ.Nwl0z0vzrM8orMuS3IZjaj-584tS2xdExN3oDp4bASg\",\"status\":\"200\",\"responseTime\":\"183.974\"}","timestamp":"2024-12-04T05:33:32.730Z"}
{"level":"\u001b[32minfo\u001b[39m","message":"{\"method\":\"POST\",\"url\":\"/api/auth/login\",\"status\":\"400\",\"responseTime\":\"229.200\"}","timestamp":"2024-12-04T05:33:43.281Z"}
{"level":"\u001b[32minfo\u001b[39m","message":"{\"method\":\"POST\",\"url\":\"/api/auth/login\",\"status\":\"200\",\"responseTime\":\"250.435\"}","timestamp":"2024-12-04T05:33:55.579Z"}
{"level":"\u001b[32minfo\u001b[39m","message":"{\"method\":\"POST\",\"url\":\"/api/auth/logout\",\"status\":\"200\",\"responseTime\":\"1.828\"}","timestamp":"2024-12-04T05:34:09.424Z"}
{"level":"\u001b[32minfo\u001b[39m","message":"{\"method\":\"POST\",\"url\":\"/api/auth/login\",\"status\":\"200\",\"responseTime\":\"231.299\"}","timestamp":"2024-12-04T05:34:18.122Z"}
{"level":"\u001b[32minfo\u001b[39m","message":"{\"method\":\"POST\",\"url\":\"/api/auth/logout\",\"status\":\"200\",\"responseTime\":\"0.738\"}","timestamp":"2024-12-04T05:34:23.388Z"}
{"level":"\u001b[32minfo\u001b[39m","message":"{\"method\":\"POST\",\"url\":\"/api/auth/forget-password\",\"status\":\"400\",\"responseTime\":\"292.299\"}","timestamp":"2024-12-04T05:34:48.826Z"}
{"level":"\u001b[32minfo\u001b[39m","message":"{\"method\":\"POST\",\"url\":\"/api/auth/forget-password\",\"status\":\"200\",\"responseTime\":\"3877.780\"}","timestamp":"2024-12-04T05:35:13.401Z"}
{"level":"\u001b[32minfo\u001b[39m","message":"{\"method\":\"POST\",\"url\":\"/api/auth/reset-password\",\"status\":\"400\",\"responseTime\":\"3.403\"}","timestamp":"2024-12-04T05:35:58.949Z"}
{"level":"\u001b[32minfo\u001b[39m","message":"{\"method\":\"POST\",\"url\":\"/api/auth/reset-password\",\"status\":\"201\",\"responseTime\":\"489.566\"}","timestamp":"2024-12-04T05:36:11.152Z"}
{"level":"\u001b[32minfo\u001b[39m","message":"{\"method\":\"POST\",\"url\":\"/api/auth/login\",\"status\":\"400\",\"responseTime\":\"268.240\"}","timestamp":"2024-12-04T05:36:27.336Z"}
{"level":"\u001b[32minfo\u001b[39m","message":"{\"method\":\"POST\",\"url\":\"/api/auth/login\",\"status\":\"200\",\"responseTime\":\"454.519\"}","timestamp":"2024-12-04T05:36:38.713Z"}
{"level":"\u001b[32minfo\u001b[39m","message":"{\"method\":\"POST\",\"url\":\"/api/auth/logout\",\"status\":\"200\",\"responseTime\":\"0.688\"}","timestamp":"2024-12-04T05:37:01.758Z"}
{"level":"\u001b[32minfo\u001b[39m","message":"{\"method\":\"POST\",\"url\":\"/api/auth/login\",\"status\":\"400\",\"responseTime\":\"801.670\"}","timestamp":"2024-12-04T05:37:22.660Z"}
{"level":"\u001b[32minfo\u001b[39m","message":"{\"method\":\"POST\",\"url\":\"/api/auth/login\",\"status\":\"200\",\"responseTime\":\"307.760\"}","timestamp":"2024-12-04T05:37:30.784Z"}
{"level":"\u001b[32minfo\u001b[39m","message":"{\"method\":\"POST\",\"url\":\"/api/auth/logout\",\"status\":\"200\",\"responseTime\":\"6.287\"}","timestamp":"2024-12-04T09:14:18.055Z"}
{"level":"\u001b[32minfo\u001b[39m","message":"{\"method\":\"POST\",\"url\":\"/api/auth/login\",\"status\":\"400\",\"responseTime\":\"351.875\"}","timestamp":"2024-12-04T09:14:39.279Z"}
{"level":"\u001b[32minfo\u001b[39m","message":"{\"method\":\"POST\",\"url\":\"/api/auth/login\",\"status\":\"400\",\"responseTime\":\"453.287\"}","timestamp":"2024-12-04T09:14:50.614Z"}
{"level":"\u001b[32minfo\u001b[39m","message":"{\"method\":\"POST\",\"url\":\"/api/auth/login\",\"status\":\"200\",\"responseTime\":\"404.049\"}","timestamp":"2024-12-04T09:14:58.044Z"}
{"level":"\u001b[32minfo\u001b[39m","message":"{\"method\":\"POST\",\"url\":\"/api/auth/logout\",\"status\":\"200\",\"responseTime\":\"5.853\"}","timestamp":"2024-12-04T09:15:59.756Z"}
{"level":"\u001b[32minfo\u001b[39m","message":"{\"method\":\"POST\",\"url\":\"/api/auth/login\",\"status\":\"400\",\"responseTime\":\"267.851\"}","timestamp":"2024-12-04T09:16:22.512Z"}
{"level":"\u001b[32minfo\u001b[39m","message":"{\"method\":\"POST\",\"url\":\"/api/auth/login\",\"status\":\"200\",\"responseTime\":\"361.363\"}","timestamp":"2024-12-04T09:16:36.258Z"}
{"level":"\u001b[32minfo\u001b[39m","message":"{\"method\":\"POST\",\"url\":\"/api/auth/logout\",\"status\":\"200\",\"responseTime\":\"0.855\"}","timestamp":"2024-12-04T09:20:19.318Z"}
{"level":"\u001b[32minfo\u001b[39m","message":"{\"method\":\"POST\",\"url\":\"/api/auth/login\",\"status\":\"200\",\"responseTime\":\"171.690\"}","timestamp":"2024-12-04T09:20:31.908Z"}
{"level":"\u001b[32minfo\u001b[39m","message":"{\"method\":\"POST\",\"url\":\"/api/auth/logout\",\"status\":\"200\",\"responseTime\":\"3.022\"}","timestamp":"2024-12-04T09:23:36.393Z"}
{"level":"\u001b[32minfo\u001b[39m","message":"{\"method\":\"POST\",\"url\":\"/api/auth/login\",\"status\":\"200\",\"responseTime\":\"927.630\"}","timestamp":"2024-12-04T09:23:52.255Z"}
{"level":"\u001b[32minfo\u001b[39m","message":"{\"method\":\"POST\",\"url\":\"/api/auth/logout\",\"status\":\"200\",\"responseTime\":\"0.509\"}","timestamp":"2024-12-04T09:39:42.497Z"}
{"level":"\u001b[32minfo\u001b[39m","message":"{\"method\":\"POST\",\"url\":\"/api/auth/login\",\"status\":\"200\",\"responseTime\":\"189.520\"}","timestamp":"2024-12-04T09:40:04.585Z"}
{"level":"\u001b[32minfo\u001b[39m","message":"{\"method\":\"POST\",\"url\":\"/api/auth/login\",\"status\":\"200\",\"responseTime\":\"252.644\"}","timestamp":"2024-12-04T09:40:13.410Z"}
{"level":"\u001b[32minfo\u001b[39m","message":"{\"method\":\"POST\",\"url\":\"/api/auth/logout\",\"status\":\"200\",\"responseTime\":\"0.619\"}","timestamp":"2024-12-04T09:40:31.279Z"}
{"level":"\u001b[32minfo\u001b[39m","message":"{\"method\":\"POST\",\"url\":\"/api/auth/forget-password\",\"status\":\"400\",\"responseTime\":\"188.292\"}","timestamp":"2024-12-04T09:41:10.506Z"}
{"level":"\u001b[32minfo\u001b[39m","message":"{\"method\":\"POST\",\"url\":\"/api/auth/forget-password\",\"status\":\"200\",\"responseTime\":\"4130.044\"}","timestamp":"2024-12-04T09:41:19.119Z"}
{"level":"\u001b[32minfo\u001b[39m","message":"{\"method\":\"POST\",\"url\":\"/api/auth/reset-password\",\"status\":\"400\",\"responseTime\":\"3.874\"}","timestamp":"2024-12-04T09:41:46.167Z"}
{"level":"\u001b[32minfo\u001b[39m","message":"{\"method\":\"POST\",\"url\":\"/api/auth/reset-password\",\"status\":\"201\",\"responseTime\":\"471.259\"}","timestamp":"2024-12-04T09:41:55.126Z"}
{"level":"\u001b[32minfo\u001b[39m","message":"{\"method\":\"POST\",\"url\":\"/api/auth/login\",\"status\":\"200\",\"responseTime\":\"161.049\"}","timestamp":"2024-12-04T09:42:07.542Z"}
{"level":"\u001b[32minfo\u001b[39m","message":"{\"method\":\"POST\",\"url\":\"/api/auth/logout\",\"status\":\"200\",\"responseTime\":\"0.454\"}","timestamp":"2024-12-04T09:42:12.803Z"}
{"level":"\u001b[32minfo\u001b[39m","message":"{\"method\":\"POST\",\"url\":\"/api/auth/login\",\"status\":\"200\",\"responseTime\":\"296.843\"}","timestamp":"2024-12-04T09:43:35.055Z"}
{"level":"\u001b[32minfo\u001b[39m","message":"{\"method\":\"POST\",\"url\":\"/api/auth/logout\",\"status\":\"200\",\"responseTime\":\"2.984\"}","timestamp":"2024-12-04T10:24:56.526Z"}
{"level":"\u001b[32minfo\u001b[39m","message":"{\"method\":\"POST\",\"url\":\"/api/auth/login\",\"status\":\"200\",\"responseTime\":\"178.684\"}","timestamp":"2024-12-04T10:25:40.524Z"}
{"level":"\u001b[32minfo\u001b[39m","message":"{\"method\":\"POST\",\"url\":\"/api/auth/logout\",\"status\":\"200\",\"responseTime\":\"0.956\"}","timestamp":"2024-12-04T10:25:50.260Z"}
{"level":"\u001b[32minfo\u001b[39m","message":"{\"method\":\"POST\",\"url\":\"/api/auth/login\",\"status\":\"200\",\"responseTime\":\"163.042\"}","timestamp":"2024-12-04T10:26:50.205Z"}
{"level":"\u001b[32minfo\u001b[39m","message":"{\"method\":\"POST\",\"url\":\"/api/auth/logout\",\"status\":\"200\",\"responseTime\":\"1.189\"}","timestamp":"2024-12-04T10:27:03.322Z"}
{"level":"\u001b[32minfo\u001b[39m","message":"{\"method\":\"POST\",\"url\":\"/api/auth/login\",\"status\":\"200\",\"responseTime\":\"131.720\"}","timestamp":"2024-12-04T10:27:46.004Z"}
{"level":"\u001b[32minfo\u001b[39m","message":"{\"method\":\"POST\",\"url\":\"/api/auth/logout\",\"status\":\"200\",\"responseTime\":\"0.731\"}","timestamp":"2024-12-04T10:28:28.600Z"}
{"level":"\u001b[32minfo\u001b[39m","message":"{\"method\":\"POST\",\"url\":\"/api/auth/login\",\"status\":\"200\",\"responseTime\":\"191.641\"}","timestamp":"2024-12-04T10:29:18.083Z"}
{"level":"\u001b[32minfo\u001b[39m","message":"{\"method\":\"POST\",\"url\":\"/api/auth/logout\",\"status\":\"200\",\"responseTime\":\"1.175\"}","timestamp":"2024-12-04T10:29:26.598Z"}
{"level":"\u001b[32minfo\u001b[39m","message":"{\"method\":\"POST\",\"url\":\"/api/auth/login\",\"status\":\"200\",\"responseTime\":\"168.949\"}","timestamp":"2024-12-04T11:02:07.509Z"}
{"level":"\u001b[32minfo\u001b[39m","message":"{\"method\":\"POST\",\"url\":\"/api/auth/logout\",\"status\":\"200\",\"responseTime\":\"1.493\"}","timestamp":"2024-12-04T11:04:07.410Z"}
{"level":"\u001b[32minfo\u001b[39m","message":"{\"method\":\"POST\",\"url\":\"/api/auth/login\",\"status\":\"200\",\"responseTime\":\"124.537\"}","timestamp":"2024-12-04T11:04:58.556Z"}
{"level":"\u001b[32minfo\u001b[39m","message":"{\"method\":\"POST\",\"url\":\"/api/auth/logout\",\"status\":\"200\",\"responseTime\":\"0.598\"}","timestamp":"2024-12-04T11:05:04.876Z"}
{"level":"\u001b[32minfo\u001b[39m","message":"{\"method\":\"POST\",\"url\":\"/api/auth/login\",\"status\":\"200\",\"responseTime\":\"169.970\"}","timestamp":"2024-12-04T11:06:14.841Z"}
{"level":"\u001b[32minfo\u001b[39m","message":"{\"method\":\"POST\",\"url\":\"/api/auth/logout\",\"status\":\"200\",\"responseTime\":\"1.720\"}","timestamp":"2024-12-04T11:06:26.234Z"}
{"level":"\u001b[32minfo\u001b[39m","message":"{\"method\":\"POST\",\"url\":\"/api/auth/login\",\"status\":\"200\",\"responseTime\":\"122.105\"}","timestamp":"2024-12-04T11:56:51.318Z"}
{"level":"\u001b[32minfo\u001b[39m","message":"{\"method\":\"POST\",\"url\":\"/api/auth/logout\",\"status\":\"200\",\"responseTime\":\"1.310\"}","timestamp":"2024-12-04T11:56:57.636Z"}
{"level":"\u001b[32minfo\u001b[39m","message":"{\"method\":\"POST\",\"url\":\"/api/auth/login\",\"status\":\"200\",\"responseTime\":\"189.984\"}","timestamp":"2024-12-04T11:59:01.711Z"}
{"level":"\u001b[32minfo\u001b[39m","message":"{\"method\":\"POST\",\"url\":\"/api/auth/logout\",\"status\":\"200\",\"responseTime\":\"1.571\"}","timestamp":"2024-12-04T11:59:07.933Z"}
{"level":"\u001b[32minfo\u001b[39m","message":"{\"method\":\"POST\",\"url\":\"/api/auth/login\",\"status\":\"200\",\"responseTime\":\"117.197\"}","timestamp":"2024-12-04T11:59:33.338Z"}
{"level":"\u001b[32minfo\u001b[39m","message":"{\"method\":\"POST\",\"url\":\"/api/auth/logout\",\"status\":\"200\",\"responseTime\":\"1.305\"}","timestamp":"2024-12-04T11:59:47.455Z"}
{"level":"\u001b[32minfo\u001b[39m","message":"{\"method\":\"POST\",\"url\":\"/api/auth/login\",\"status\":\"200\",\"responseTime\":\"134.293\"}","timestamp":"2024-12-04T12:02:00.728Z"}
{"level":"\u001b[32minfo\u001b[39m","message":"{\"method\":\"POST\",\"url\":\"/api/auth/logout\",\"status\":\"200\",\"responseTime\":\"1.035\"}","timestamp":"2024-12-04T12:02:59.859Z"}
{"level":"\u001b[32minfo\u001b[39m","message":"{\"method\":\"POST\",\"url\":\"/api/auth/login\",\"status\":\"200\",\"responseTime\":\"138.130\"}","timestamp":"2024-12-04T12:03:24.942Z"}
{"level":"\u001b[32minfo\u001b[39m","message":"{\"method\":\"POST\",\"url\":\"/api/auth/logout\",\"status\":\"200\",\"responseTime\":\"4.097\"}","timestamp":"2024-12-04T12:07:58.195Z"}
{"level":"\u001b[32minfo\u001b[39m","message":"{\"method\":\"POST\",\"url\":\"/api/auth/login\",\"status\":\"200\",\"responseTime\":\"153.477\"}","timestamp":"2024-12-04T12:08:13.678Z"}
{"level":"\u001b[32minfo\u001b[39m","message":"{\"method\":\"POST\",\"url\":\"/api/auth/logout\",\"status\":\"200\",\"responseTime\":\"0.539\"}","timestamp":"2024-12-04T12:08:19.755Z"}
{"level":"\u001b[32minfo\u001b[39m","message":"{\"method\":\"POST\",\"url\":\"/api/auth/login\",\"status\":\"200\",\"responseTime\":\"127.031\"}","timestamp":"2024-12-04T12:08:34.350Z"}
{"level":"\u001b[32minfo\u001b[39m","message":"{\"method\":\"POST\",\"url\":\"/api/auth/logout\",\"status\":\"200\",\"responseTime\":\"0.495\"}","timestamp":"2024-12-04T12:08:39.250Z"}
{"level":"\u001b[32minfo\u001b[39m","message":"{\"method\":\"POST\",\"url\":\"/api/auth/login\",\"status\":\"500\",\"responseTime\":\"30006.901\"}","timestamp":"2024-12-04T13:06:43.988Z"}
{"level":"\u001b[32minfo\u001b[39m","message":"{\"method\":\"POST\",\"url\":\"/api/auth/login\",\"status\":\"500\",\"responseTime\":\"30011.250\"}","timestamp":"2024-12-04T13:06:46.481Z"}
{"level":"\u001b[32minfo\u001b[39m","message":"{\"method\":\"POST\",\"url\":\"/api/auth/login\",\"status\":\"200\",\"responseTime\":\"1144.034\"}","timestamp":"2024-12-04T13:07:48.057Z"}
{"level":"\u001b[32minfo\u001b[39m","message":"{\"method\":\"POST\",\"url\":\"/api/auth/logout\",\"status\":\"200\",\"responseTime\":\"0.990\"}","timestamp":"2024-12-04T13:08:07.936Z"}
{"level":"\u001b[32minfo\u001b[39m","message":"{\"method\":\"POST\",\"url\":\"/api/auth/login\",\"status\":\"200\",\"responseTime\":\"310.230\"}","timestamp":"2024-12-04T13:08:24.220Z"}
{"level":"\u001b[32minfo\u001b[39m","message":"{\"method\":\"POST\",\"url\":\"/api/auth/logout\",\"status\":\"200\",\"responseTime\":\"0.757\"}","timestamp":"2024-12-04T13:14:51.338Z"}
{"level":"\u001b[32minfo\u001b[39m","message":"{\"method\":\"POST\",\"url\":\"/api/auth/login\",\"status\":\"200\",\"responseTime\":\"257.790\"}","timestamp":"2024-12-04T13:15:08.611Z"}
{"level":"\u001b[32minfo\u001b[39m","message":"{\"method\":\"POST\",\"url\":\"/api/auth/logout\",\"status\":\"200\",\"responseTime\":\"0.611\"}","timestamp":"2024-12-04T13:15:13.746Z"}
{"level":"\u001b[32minfo\u001b[39m","message":"{\"method\":\"POST\",\"url\":\"/api/auth/login\",\"status\":\"200\",\"responseTime\":\"214.280\"}","timestamp":"2024-12-04T13:15:24.717Z"}
{"level":"\u001b[32minfo\u001b[39m","message":"{\"method\":\"POST\",\"url\":\"/api/auth/logout\",\"status\":\"200\",\"responseTime\":\"0.869\"}","timestamp":"2024-12-04T13:15:31.732Z"}
{"level":"\u001b[32minfo\u001b[39m","message":"{\"method\":\"POST\",\"url\":\"/api/auth/login\",\"status\":\"200\",\"responseTime\":\"284.714\"}","timestamp":"2024-12-04T13:15:40.652Z"}
{"level":"\u001b[32minfo\u001b[39m","message":"{\"method\":\"POST\",\"url\":\"/api/auth/logout\",\"status\":\"200\",\"responseTime\":\"0.947\"}","timestamp":"2024-12-04T13:16:04.680Z"}
{"level":"\u001b[32minfo\u001b[39m","message":"{\"method\":\"POST\",\"url\":\"/api/auth/forget-password\",\"status\":\"200\",\"responseTime\":\"4643.605\"}","timestamp":"2024-12-04T13:16:50.785Z"}
{"level":"\u001b[32minfo\u001b[39m","message":"{\"method\":\"POST\",\"url\":\"/api/auth/reset-password\",\"status\":\"400\",\"responseTime\":\"5.117\"}","timestamp":"2024-12-04T13:17:20.579Z"}
{"level":"\u001b[32minfo\u001b[39m","message":"{\"method\":\"POST\",\"url\":\"/api/auth/reset-password\",\"status\":\"201\",\"responseTime\":\"565.662\"}","timestamp":"2024-12-04T13:17:27.241Z"}
{"level":"\u001b[32minfo\u001b[39m","message":"{\"method\":\"POST\",\"url\":\"/api/auth/login\",\"status\":\"400\",\"responseTime\":\"299.717\"}","timestamp":"2024-12-04T13:17:39.852Z"}
{"level":"\u001b[32minfo\u001b[39m","message":"{\"method\":\"POST\",\"url\":\"/api/auth/login\",\"status\":\"200\",\"responseTime\":\"293.349\"}","timestamp":"2024-12-04T13:17:49.311Z"}
{"level":"\u001b[32minfo\u001b[39m","message":"{\"method\":\"POST\",\"url\":\"/api/auth/logout\",\"status\":\"200\",\"responseTime\":\"0.866\"}","timestamp":"2024-12-04T13:17:54.690Z"}
{"level":"\u001b[32minfo\u001b[39m","message":"{\"method\":\"POST\",\"url\":\"/api/auth/forget-password\",\"status\":\"400\",\"responseTime\":\"188.052\"}","timestamp":"2024-12-04T13:24:55.672Z"}
{"level":"\u001b[32minfo\u001b[39m","message":"{\"method\":\"POST\",\"url\":\"/api/auth/forget-password\",\"status\":\"200\",\"responseTime\":\"3424.820\"}","timestamp":"2024-12-04T13:25:03.344Z"}
{"level":"\u001b[32minfo\u001b[39m","message":"{\"method\":\"POST\",\"url\":\"/api/auth/register\",\"status\":\"400\",\"responseTime\":\"52.856\"}","timestamp":"2024-12-04T13:28:11.983Z"}
{"level":"\u001b[32minfo\u001b[39m","message":"{\"method\":\"POST\",\"url\":\"/api/auth/register\",\"status\":\"201\",\"responseTime\":\"3561.608\"}","timestamp":"2024-12-04T13:28:26.717Z"}
{"level":"\u001b[32minfo\u001b[39m","message":"{\"method\":\"POST\",\"url\":\"/api/auth/register\",\"status\":\"201\",\"responseTime\":\"4426.198\"}","timestamp":"2024-12-04T13:29:14.846Z"}
{"level":"\u001b[32minfo\u001b[39m","message":"{\"method\":\"POST\",\"url\":\"/api/auth/register\",\"status\":\"400\",\"responseTime\":\"4.777\"}","timestamp":"2024-12-04T13:29:51.175Z"}
{"level":"\u001b[32minfo\u001b[39m","message":"{\"method\":\"POST\",\"url\":\"/api/auth/register\",\"status\":\"400\",\"responseTime\":\"2.847\"}","timestamp":"2024-12-04T13:29:55.110Z"}
{"level":"\u001b[32minfo\u001b[39m","message":"{\"method\":\"POST\",\"url\":\"/api/auth/register\",\"status\":\"201\",\"responseTime\":\"3820.147\"}","timestamp":"2024-12-04T13:30:10.450Z"}
{"level":"\u001b[32minfo\u001b[39m","message":"{\"method\":\"POST\",\"url\":\"/api/auth/verify-email?token=eyJhbGciOiJIUzI1NiIsInR5cCI6IkpXVCJ9.eyJlbWFpbCI6Im1vaWRlZW5zaGFjcDI4QGdtYWlsLmNvbSIsImlhdCI6MTczMzMxOTAwNiwiZXhwIjoxNzMzMzE5MDY2fQ.oU764V5mVWUR27Df7-jgfMo3VpNgIgV4wEfz2_L4EyI\",\"status\":\"400\",\"responseTime\":\"6.048\"}","timestamp":"2024-12-04T13:31:53.969Z"}
{"level":"\u001b[32minfo\u001b[39m","message":"{\"method\":\"POST\",\"url\":\"/api/auth/register\",\"status\":\"201\",\"responseTime\":\"3437.275\"}","timestamp":"2024-12-04T13:32:15.688Z"}
{"level":"\u001b[32minfo\u001b[39m","message":"{\"method\":\"POST\",\"url\":\"/api/auth/verify-email?token=eyJhbGciOiJIUzI1NiIsInR5cCI6IkpXVCJ9.eyJlbWFpbCI6Im1vaWRlZW5zaGFjcDI4QGdtYWlsLmNvbSIsImlhdCI6MTczMzMxOTEzMiwiZXhwIjoxNzMzMzE5MTkyfQ.wStbh-yiEwrUEAS1T5UEkTSZzXX4Pl8zkMzq9ia35M4\",\"status\":\"200\",\"responseTime\":\"259.407\"}","timestamp":"2024-12-04T13:32:26.362Z"}
{"level":"\u001b[32minfo\u001b[39m","message":"{\"method\":\"POST\",\"url\":\"/api/auth/login\",\"status\":\"200\",\"responseTime\":\"231.809\"}","timestamp":"2024-12-04T13:32:37.335Z"}
{"level":"\u001b[32minfo\u001b[39m","message":"{\"method\":\"POST\",\"url\":\"/api/auth/logout\",\"status\":\"200\",\"responseTime\":\"4.231\"}","timestamp":"2024-12-04T13:32:42.717Z"}
{"level":"\u001b[32minfo\u001b[39m","message":"{\"method\":\"POST\",\"url\":\"/api/auth/login\",\"status\":\"400\",\"responseTime\":\"128.576\"}","timestamp":"2024-12-04T13:33:04.037Z"}
{"level":"\u001b[32minfo\u001b[39m","message":"{\"method\":\"POST\",\"url\":\"/api/auth/login\",\"status\":\"200\",\"responseTime\":\"222.409\"}","timestamp":"2024-12-04T13:33:17.652Z"}
{"level":"\u001b[32minfo\u001b[39m","message":"{\"method\":\"POST\",\"url\":\"/api/auth/logout\",\"status\":\"200\",\"responseTime\":\"1.380\"}","timestamp":"2024-12-04T13:33:23.029Z"}
{"level":"\u001b[32minfo\u001b[39m","message":"{\"method\":\"POST\",\"url\":\"/api/auth/login\",\"status\":\"200\",\"responseTime\":\"321.855\"}","timestamp":"2024-12-04T13:35:09.279Z"}
{"level":"\u001b[32minfo\u001b[39m","message":"{\"method\":\"POST\",\"url\":\"/api/auth/logout\",\"status\":\"200\",\"responseTime\":\"0.629\"}","timestamp":"2024-12-04T13:35:22.612Z"}
