{"level":"\u001b[32minfo\u001b[39m","message":"{\"method\":\"GET\",\"url\":\"/api/project/fetch-projects?organizationId=67869a6a1514145a64988362\",\"status\":\"401\",\"responseTime\":\"2.443\"}","timestamp":"2025-02-12T03:38:29.272Z"}
{"level":"\u001b[32minfo\u001b[39m","message":"{\"method\":\"GET\",\"url\":\"/api/task/fetch-tasks\",\"status\":\"401\",\"responseTime\":\"9.888\"}","timestamp":"2025-02-12T03:38:29.343Z"}
{"level":"\u001b[32minfo\u001b[39m","message":"{\"method\":\"GET\",\"url\":\"/api/project/fetch-projects?organizationId=67869a6a1514145a64988362\",\"status\":\"304\",\"responseTime\":\"600.065\"}","timestamp":"2025-02-12T03:40:22.594Z"}
{"level":"\u001b[32minfo\u001b[39m","message":"{\"method\":\"GET\",\"url\":\"/api/project/fetchEmployees-projects?organizationId=67869a6a1514145a64988362&employeeId=67a44a46314f8fe8e568bd5e\",\"status\":\"304\",\"responseTime\":\"289.674\"}","timestamp":"2025-02-12T03:40:42.679Z"}
{"level":"\u001b[32minfo\u001b[39m","message":"{\"method\":\"GET\",\"url\":\"/api/task/fetchEmployees-Alltasks?employeeId=67a44a46314f8fe8e568bd5e\",\"status\":\"200\",\"responseTime\":\"307.057\"}","timestamp":"2025-02-12T03:40:42.713Z"}
{"level":"\u001b[32minfo\u001b[39m","message":"{\"method\":\"GET\",\"url\":\"/api/project/fetch-projects?organizationId=67869a6a1514145a64988362\",\"status\":\"401\",\"responseTime\":\"15.693\"}","timestamp":"2025-02-12T03:48:52.411Z"}
{"level":"\u001b[32minfo\u001b[39m","message":"{\"method\":\"GET\",\"url\":\"/api/task/fetch-tasks\",\"status\":\"401\",\"responseTime\":\"9.609\"}","timestamp":"2025-02-12T03:48:52.426Z"}
{"level":"\u001b[32minfo\u001b[39m","message":"{\"method\":\"GET\",\"url\":\"/api/project/fetch-projects?organizationId=67869a6a1514145a64988362\",\"status\":\"304\",\"responseTime\":\"685.281\"}","timestamp":"2025-02-12T03:48:53.634Z"}
{"level":"\u001b[32minfo\u001b[39m","message":"{\"method\":\"GET\",\"url\":\"/api/task/fetch-tasks\",\"status\":\"304\",\"responseTime\":\"519.976\"}","timestamp":"2025-02-12T03:48:54.580Z"}
{"level":"\u001b[32minfo\u001b[39m","message":"{\"method\":\"GET\",\"url\":\"/api/task/fetch-tasks?projectId=67a44c685dae11d3d9bf3efc\",\"status\":\"304\",\"responseTime\":\"566.064\"}","timestamp":"2025-02-12T03:48:54.883Z"}
{"level":"\u001b[32minfo\u001b[39m","message":"{\"method\":\"GET\",\"url\":\"/api/task/fetch-tasks?projectId=67a44c685dae11d3d9bf3efc\",\"status\":\"304\",\"responseTime\":\"85.508\"}","timestamp":"2025-02-12T03:48:54.986Z"}
{"level":"\u001b[32minfo\u001b[39m","message":"{\"method\":\"GET\",\"url\":\"/api/task/fetch-subTasks?parentTaskId=67a44cee5dae11d3d9bf3f09\",\"status\":\"304\",\"responseTime\":\"68.042\"}","timestamp":"2025-02-12T03:48:55.504Z"}
{"level":"\u001b[32minfo\u001b[39m","message":"{\"method\":\"PATCH\",\"url\":\"/api/task/update-task\",\"status\":\"200\",\"responseTime\":\"389.913\"}","timestamp":"2025-02-12T03:49:05.264Z"}
{"level":"\u001b[32minfo\u001b[39m","message":"{\"method\":\"GET\",\"url\":\"/api/task/fetch-tasks?projectId=67a44c685dae11d3d9bf3efc\",\"status\":\"200\",\"responseTime\":\"289.707\"}","timestamp":"2025-02-12T03:49:05.572Z"}
{"level":"\u001b[32minfo\u001b[39m","message":"{\"method\":\"GET\",\"url\":\"/api/task/fetch-subTasks?parentTaskId=67a44cee5dae11d3d9bf3f09\",\"status\":\"304\",\"responseTime\":\"295.620\"}","timestamp":"2025-02-12T03:49:06.320Z"}
{"level":"\u001b[32minfo\u001b[39m","message":"{\"method\":\"PATCH\",\"url\":\"/api/task/update-subTask\",\"status\":\"200\",\"responseTime\":\"838.773\"}","timestamp":"2025-02-12T03:49:17.031Z"}
{"level":"\u001b[32minfo\u001b[39m","message":"{\"method\":\"GET\",\"url\":\"/api/task/fetch-tasks?projectId=67a44c8d5dae11d3d9bf3eff\",\"status\":\"304\",\"responseTime\":\"479.121\"}","timestamp":"2025-02-12T03:49:21.019Z"}
{"level":"\u001b[32minfo\u001b[39m","message":"{\"method\":\"GET\",\"url\":\"/api/task/fetch-tasks?projectId=67a44c8d5dae11d3d9bf3eff\",\"status\":\"304\",\"responseTime\":\"1375.853\"}","timestamp":"2025-02-12T03:49:22.411Z"}
{"level":"\u001b[32minfo\u001b[39m","message":"{\"method\":\"GET\",\"url\":\"/api/task/fetch-tasks?projectId=67a44c685dae11d3d9bf3efc\",\"status\":\"304\",\"responseTime\":\"1052.803\"}","timestamp":"2025-02-12T03:49:23.669Z"}
{"level":"\u001b[32minfo\u001b[39m","message":"{\"method\":\"GET\",\"url\":\"/api/task/fetch-subTasks?parentTaskId=67a44d295dae11d3d9bf3f0e\",\"status\":\"304\",\"responseTime\":\"939.808\"}","timestamp":"2025-02-12T03:49:23.680Z"}
{"level":"\u001b[32minfo\u001b[39m","message":"{\"method\":\"GET\",\"url\":\"/api/task/fetch-tasks?projectId=67a44c685dae11d3d9bf3efc\",\"status\":\"304\",\"responseTime\":\"401.107\"}","timestamp":"2025-02-12T03:49:24.092Z"}
{"level":"\u001b[32minfo\u001b[39m","message":"{\"method\":\"GET\",\"url\":\"/api/task/fetch-subTasks?parentTaskId=67a44cee5dae11d3d9bf3f09\",\"status\":\"200\",\"responseTime\":\"483.393\"}","timestamp":"2025-02-12T03:49:24.706Z"}
{"level":"\u001b[32minfo\u001b[39m","message":"{\"method\":\"GET\",\"url\":\"/api/project/fetch-projects?organizationId=67869a6a1514145a64988362\",\"status\":\"401\",\"responseTime\":\"7.152\"}","timestamp":"2025-02-12T04:02:33.412Z"}
{"level":"\u001b[32minfo\u001b[39m","message":"{\"method\":\"GET\",\"url\":\"/api/project/fetch-projects?organizationId=67869a6a1514145a64988362\",\"status\":\"304\",\"responseTime\":\"4960.216\"}","timestamp":"2025-02-12T04:02:38.924Z"}
{"level":"\u001b[32minfo\u001b[39m","message":"{\"method\":\"GET\",\"url\":\"/api/project/fetch-projects?organizationId=67869a6a1514145a64988362\",\"status\":\"401\",\"responseTime\":\"10.932\"}","timestamp":"2025-02-12T04:04:11.134Z"}
{"level":"\u001b[32minfo\u001b[39m","message":"{\"method\":\"GET\",\"url\":\"/api/project/fetch-projects?organizationId=67869a6a1514145a64988362\",\"status\":\"304\",\"responseTime\":\"90.834\"}","timestamp":"2025-02-12T04:04:12.355Z"}
{"level":"\u001b[32minfo\u001b[39m","message":"{\"method\":\"GET\",\"url\":\"/api/project/fetch-projects?organizationId=67869a6a1514145a64988362\",\"status\":\"401\",\"responseTime\":\"7.820\"}","timestamp":"2025-02-12T04:12:26.934Z"}
{"level":"\u001b[32minfo\u001b[39m","message":"{\"method\":\"GET\",\"url\":\"/api/project/fetch-projects?organizationId=67869a6a1514145a64988362\",\"status\":\"304\",\"responseTime\":\"4754.587\"}","timestamp":"2025-02-12T04:12:50.122Z"}
{"level":"\u001b[32minfo\u001b[39m","message":"{\"method\":\"GET\",\"url\":\"/api/project/fetch-projects?organizationId=67869a6a1514145a64988362\",\"status\":\"304\",\"responseTime\":\"511.701\"}","timestamp":"2025-02-12T04:13:31.122Z"}
{"level":"\u001b[32minfo\u001b[39m","message":"{\"method\":\"GET\",\"url\":\"/api/project/fetch-projects?organizationId=67869a6a1514145a64988362\",\"status\":\"304\",\"responseTime\":\"157.832\"}","timestamp":"2025-02-12T04:18:30.725Z"}
{"level":"\u001b[32minfo\u001b[39m","message":"{\"method\":\"GET\",\"url\":\"/api/task/fetch-tasks\",\"status\":\"304\",\"responseTime\":\"554.801\"}","timestamp":"2025-02-12T04:18:31.131Z"}
{"level":"\u001b[32minfo\u001b[39m","message":"{\"method\":\"GET\",\"url\":\"/api/task/fetch-tasks?projectId=67a44c685dae11d3d9bf3efc\",\"status\":\"304\",\"responseTime\":\"108.627\"}","timestamp":"2025-02-12T04:18:31.147Z"}
{"level":"\u001b[32minfo\u001b[39m","message":"{\"method\":\"GET\",\"url\":\"/api/task/fetch-tasks?projectId=67a44c685dae11d3d9bf3efc\",\"status\":\"304\",\"responseTime\":\"110.713\"}","timestamp":"2025-02-12T04:18:31.272Z"}
{"level":"\u001b[32minfo\u001b[39m","message":"{\"method\":\"GET\",\"url\":\"/api/task/fetch-subTasks?parentTaskId=67a44cee5dae11d3d9bf3f09\",\"status\":\"304\",\"responseTime\":\"115.734\"}","timestamp":"2025-02-12T04:18:31.541Z"}
{"level":"\u001b[32minfo\u001b[39m","message":"{\"method\":\"GET\",\"url\":\"/api/project/fetch-projects?organizationId=67869a6a1514145a64988362\",\"status\":\"401\",\"responseTime\":\"23.910\"}","timestamp":"2025-02-12T04:25:13.331Z"}
{"level":"\u001b[32minfo\u001b[39m","message":"{\"method\":\"GET\",\"url\":\"/api/task/fetch-tasks\",\"status\":\"401\",\"responseTime\":\"165.485\"}","timestamp":"2025-02-12T04:25:13.659Z"}
{"level":"\u001b[32minfo\u001b[39m","message":"{\"method\":\"GET\",\"url\":\"/api/project/fetch-projects?organizationId=67869a6a1514145a64988362\",\"status\":\"304\",\"responseTime\":\"1448.181\"}","timestamp":"2025-02-12T04:25:23.584Z"}
{"level":"\u001b[32minfo\u001b[39m","message":"{\"method\":\"GET\",\"url\":\"/api/task/fetch-tasks\",\"status\":\"304\",\"responseTime\":\"1450.338\"}","timestamp":"2025-02-12T04:25:23.606Z"}
{"level":"\u001b[32minfo\u001b[39m","message":"{\"method\":\"GET\",\"url\":\"/api/task/fetch-tasks?projectId=67a44c685dae11d3d9bf3efc\",\"status\":\"304\",\"responseTime\":\"90.822\"}","timestamp":"2025-02-12T04:25:26.481Z"}
{"level":"\u001b[32minfo\u001b[39m","message":"{\"method\":\"GET\",\"url\":\"/api/task/fetch-tasks?projectId=67a44c685dae11d3d9bf3efc\",\"status\":\"304\",\"responseTime\":\"61.109\"}","timestamp":"2025-02-12T04:25:26.575Z"}
{"level":"\u001b[32minfo\u001b[39m","message":"{\"method\":\"GET\",\"url\":\"/api/project/fetch-projects?organizationId=67869a6a1514145a64988362\",\"status\":\"304\",\"responseTime\":\"73.984\"}","timestamp":"2025-02-12T04:25:26.819Z"}
{"level":"\u001b[32minfo\u001b[39m","message":"{\"method\":\"GET\",\"url\":\"/api/project/fetch-projects?organizationId=67869a6a1514145a64988362\",\"status\":\"304\",\"responseTime\":\"64.665\"}","timestamp":"2025-02-12T04:25:33.457Z"}
{"level":"\u001b[32minfo\u001b[39m","message":"{\"method\":\"GET\",\"url\":\"/api/project/fetch-projects?organizationId=67869a6a1514145a64988362\",\"status\":\"304\",\"responseTime\":\"68.126\"}","timestamp":"2025-02-12T04:25:34.359Z"}
{"level":"\u001b[32minfo\u001b[39m","message":"{\"method\":\"GET\",\"url\":\"/api/task/fetch-tasks\",\"status\":\"304\",\"responseTime\":\"65.976\"}","timestamp":"2025-02-12T04:25:34.368Z"}
{"level":"\u001b[32minfo\u001b[39m","message":"{\"method\":\"GET\",\"url\":\"/api/task/fetch-tasks?projectId=67a44c685dae11d3d9bf3efc\",\"status\":\"304\",\"responseTime\":\"48.643\"}","timestamp":"2025-02-12T04:25:34.595Z"}
{"level":"\u001b[32minfo\u001b[39m","message":"{\"method\":\"GET\",\"url\":\"/api/task/fetch-tasks?projectId=67a44c685dae11d3d9bf3efc\",\"status\":\"304\",\"responseTime\":\"50.223\"}","timestamp":"2025-02-12T04:25:34.657Z"}
{"level":"\u001b[32minfo\u001b[39m","message":"{\"method\":\"GET\",\"url\":\"/api/task/fetch-subTasks?parentTaskId=67a44cee5dae11d3d9bf3f09\",\"status\":\"304\",\"responseTime\":\"49.888\"}","timestamp":"2025-02-12T04:25:34.811Z"}
{"level":"\u001b[32minfo\u001b[39m","message":"{\"method\":\"GET\",\"url\":\"/api/project/fetch-projects?organizationId=67869a6a1514145a64988362\",\"status\":\"401\",\"responseTime\":\"15.987\"}","timestamp":"2025-02-12T04:42:49.593Z"}
{"level":"\u001b[32minfo\u001b[39m","message":"{\"method\":\"GET\",\"url\":\"/api/project/fetch-projects?organizationId=67869a6a1514145a64988362\",\"status\":\"304\",\"responseTime\":\"470.002\"}","timestamp":"2025-02-12T04:42:50.773Z"}
{"level":"\u001b[32minfo\u001b[39m","message":"{\"method\":\"PATCH\",\"url\":\"/api/project/update-project\",\"status\":\"401\",\"responseTime\":\"30.098\"}","timestamp":"2025-02-12T04:44:02.145Z"}
{"level":"\u001b[32minfo\u001b[39m","message":"{\"method\":\"PATCH\",\"url\":\"/api/project/update-project\",\"status\":\"200\",\"responseTime\":\"92.720\"}","timestamp":"2025-02-12T04:44:02.379Z"}
{"level":"\u001b[32minfo\u001b[39m","message":"{\"method\":\"GET\",\"url\":\"/api/project/fetch-projects?organizationId=67869a6a1514145a64988362\",\"status\":\"200\",\"responseTime\":\"97.924\"}","timestamp":"2025-02-12T04:44:02.546Z"}
{"level":"\u001b[32minfo\u001b[39m","message":"{\"method\":\"GET\",\"url\":\"/api/project/fetch-projects?organizationId=67869a6a1514145a64988362\",\"status\":\"304\",\"responseTime\":\"82.358\"}","timestamp":"2025-02-12T04:44:16.929Z"}
{"level":"\u001b[32minfo\u001b[39m","message":"{\"method\":\"GET\",\"url\":\"/api/task/fetch-tasks\",\"status\":\"304\",\"responseTime\":\"90.148\"}","timestamp":"2025-02-12T04:44:16.955Z"}
{"level":"\u001b[32minfo\u001b[39m","message":"{\"method\":\"GET\",\"url\":\"/api/task/fetch-tasks?projectId=67a44c685dae11d3d9bf3efc\",\"status\":\"304\",\"responseTime\":\"73.971\"}","timestamp":"2025-02-12T04:44:17.450Z"}
{"level":"\u001b[32minfo\u001b[39m","message":"{\"method\":\"GET\",\"url\":\"/api/task/fetch-tasks?projectId=67a44c685dae11d3d9bf3efc\",\"status\":\"304\",\"responseTime\":\"77.100\"}","timestamp":"2025-02-12T04:44:17.546Z"}
{"level":"\u001b[32minfo\u001b[39m","message":"{\"method\":\"GET\",\"url\":\"/api/task/fetch-subTasks?parentTaskId=67a44cee5dae11d3d9bf3f09\",\"status\":\"304\",\"responseTime\":\"101.324\"}","timestamp":"2025-02-12T04:44:18.176Z"}
{"level":"\u001b[32minfo\u001b[39m","message":"{\"method\":\"POST\",\"url\":\"/api/task/create-task\",\"status\":\"401\",\"responseTime\":\"13.879\"}","timestamp":"2025-02-12T04:45:05.029Z"}
{"level":"\u001b[32minfo\u001b[39m","message":"{\"method\":\"POST\",\"url\":\"/api/task/create-task\",\"status\":\"200\",\"responseTime\":\"330.629\"}","timestamp":"2025-02-12T04:45:05.479Z"}
{"level":"\u001b[32minfo\u001b[39m","message":"{\"method\":\"GET\",\"url\":\"/api/task/fetch-tasks?projectId=67a44c685dae11d3d9bf3efc\",\"status\":\"200\",\"responseTime\":\"70.067\"}","timestamp":"2025-02-12T04:45:05.656Z"}
{"level":"\u001b[32minfo\u001b[39m","message":"{\"method\":\"GET\",\"url\":\"/api/task/fetch-subTasks?parentTaskId=67a44cee5dae11d3d9bf3f09\",\"status\":\"304\",\"responseTime\":\"141.116\"}","timestamp":"2025-02-12T04:45:06.147Z"}
{"level":"\u001b[32minfo\u001b[39m","message":"{\"method\":\"GET\",\"url\":\"/api/task/fetch-subTasks?parentTaskId=67a5d1b3ec0a2728bc2a804c\",\"status\":\"304\",\"responseTime\":\"72.219\"}","timestamp":"2025-02-12T04:45:09.014Z"}
{"level":"\u001b[32minfo\u001b[39m","message":"{\"method\":\"GET\",\"url\":\"/api/task/fetch-subTasks?parentTaskId=67ab306944f8f042697be2ec\",\"status\":\"304\",\"responseTime\":\"62.336\"}","timestamp":"2025-02-12T04:45:09.148Z"}
{"level":"\u001b[32minfo\u001b[39m","message":"{\"method\":\"GET\",\"url\":\"/api/project/fetchEmployees-projects?organizationId=67869a6a1514145a64988362&employeeId=67a44a46314f8fe8e568bd5e\",\"status\":\"401\",\"responseTime\":\"27.797\"}","timestamp":"2025-02-12T04:45:17.588Z"}
{"level":"\u001b[32minfo\u001b[39m","message":"{\"method\":\"GET\",\"url\":\"/api/task/fetchEmployees-tasks?employeeId=67a44a46314f8fe8e568bd5e\",\"status\":\"401\",\"responseTime\":\"21.874\"}","timestamp":"2025-02-12T04:45:17.633Z"}
{"level":"\u001b[32minfo\u001b[39m","message":"{\"method\":\"GET\",\"url\":\"/api/project/fetchEmployees-projects?organizationId=67869a6a1514145a64988362&employeeId=67a44a46314f8fe8e568bd5e\",\"status\":\"200\",\"responseTime\":\"73.490\"}","timestamp":"2025-02-12T04:45:17.876Z"}
{"level":"\u001b[32minfo\u001b[39m","message":"{\"method\":\"GET\",\"url\":\"/api/task/fetchEmployees-tasks?employeeId=67a44a46314f8fe8e568bd5e\",\"status\":\"304\",\"responseTime\":\"74.081\"}","timestamp":"2025-02-12T04:45:17.896Z"}
{"level":"\u001b[32minfo\u001b[39m","message":"{\"method\":\"GET\",\"url\":\"/api/task/fetch-tasks\",\"status\":\"304\",\"responseTime\":\"52.703\"}","timestamp":"2025-02-12T04:45:18.016Z"}
{"level":"\u001b[32minfo\u001b[39m","message":"{\"method\":\"GET\",\"url\":\"/api/task/fetch-tasks?projectId=67a44c685dae11d3d9bf3efc\",\"status\":\"200\",\"responseTime\":\"125.839\"}","timestamp":"2025-02-12T04:45:18.811Z"}
{"level":"\u001b[32minfo\u001b[39m","message":"{\"method\":\"GET\",\"url\":\"/api/task/fetch-tasks?projectId=67a44c685dae11d3d9bf3efc\",\"status\":\"304\",\"responseTime\":\"101.784\"}","timestamp":"2025-02-12T04:45:18.958Z"}
{"level":"\u001b[32minfo\u001b[39m","message":"{\"method\":\"GET\",\"url\":\"/api/task/fetch-tasks?projectId=67a44c685dae11d3d9bf3efc\",\"status\":\"304\",\"responseTime\":\"243.373\"}","timestamp":"2025-02-12T04:45:19.338Z"}
{"level":"\u001b[32minfo\u001b[39m","message":"{\"method\":\"GET\",\"url\":\"/api/task/fetch-subTasks?parentTaskId=67a44cee5dae11d3d9bf3f09\",\"status\":\"200\",\"responseTime\":\"56.903\"}","timestamp":"2025-02-12T04:45:19.612Z"}
{"level":"\u001b[32minfo\u001b[39m","message":"{\"method\":\"GET\",\"url\":\"/api/task/fetch-subTasks?parentTaskId=67a5d1b3ec0a2728bc2a804c\",\"status\":\"304\",\"responseTime\":\"73.021\"}","timestamp":"2025-02-12T04:45:21.925Z"}
{"level":"\u001b[32minfo\u001b[39m","message":"{\"method\":\"GET\",\"url\":\"/api/task/fetch-subTasks?parentTaskId=67ab306944f8f042697be2ec\",\"status\":\"200\",\"responseTime\":\"52.262\"}","timestamp":"2025-02-12T04:45:22.103Z"}
{"level":"\u001b[32minfo\u001b[39m","message":"{\"method\":\"GET\",\"url\":\"/api/task/fetch-subTasks?parentTaskId=67ac2751f08d6eed0a87ef3c\",\"status\":\"200\",\"responseTime\":\"54.632\"}","timestamp":"2025-02-12T04:45:24.477Z"}
{"level":"\u001b[32minfo\u001b[39m","message":"{\"method\":\"PATCH\",\"url\":\"/api/task/update-task\",\"status\":\"500\",\"responseTime\":\"99.799\"}","timestamp":"2025-02-12T04:45:43.872Z"}
{"level":"\u001b[32minfo\u001b[39m","message":"{\"method\":\"POST\",\"url\":\"/api/task/create-subTask\",\"status\":\"401\",\"responseTime\":\"10.784\"}","timestamp":"2025-02-12T04:46:20.351Z"}
{"level":"\u001b[32minfo\u001b[39m","message":"{\"method\":\"POST\",\"url\":\"/api/task/create-subTask\",\"status\":\"200\",\"responseTime\":\"529.816\"}","timestamp":"2025-02-12T04:46:21.334Z"}
{"level":"\u001b[32minfo\u001b[39m","message":"{\"method\":\"GET\",\"url\":\"/api/task/fetch-subTasks?parentTaskId=67ac2751f08d6eed0a87ef3c\",\"status\":\"200\",\"responseTime\":\"45.073\"}","timestamp":"2025-02-12T04:46:35.688Z"}
{"level":"\u001b[32minfo\u001b[39m","message":"{\"method\":\"GET\",\"url\":\"/api/task/fetch-tasks?projectId=67a44c8d5dae11d3d9bf3eff\",\"status\":\"304\",\"responseTime\":\"70.690\"}","timestamp":"2025-02-12T04:46:38.165Z"}
{"level":"\u001b[32minfo\u001b[39m","message":"{\"method\":\"GET\",\"url\":\"/api/task/fetch-tasks?projectId=67a44c8d5dae11d3d9bf3eff\",\"status\":\"304\",\"responseTime\":\"55.787\"}","timestamp":"2025-02-12T04:46:38.245Z"}
{"level":"\u001b[32minfo\u001b[39m","message":"{\"method\":\"GET\",\"url\":\"/api/task/fetchEmployees-tasks?projectId=67a44c8d5dae11d3d9bf3eff&employeeId=67a44a46314f8fe8e568bd5e\",\"status\":\"401\",\"responseTime\":\"8.138\"}","timestamp":"2025-02-12T04:46:41.825Z"}
{"level":"\u001b[32minfo\u001b[39m","message":"{\"method\":\"GET\",\"url\":\"/api/task/fetchEmployees-tasks?projectId=67a44c8d5dae11d3d9bf3eff&employeeId=67a44a46314f8fe8e568bd5e\",\"status\":\"401\",\"responseTime\":\"27.648\"}","timestamp":"2025-02-12T04:46:41.871Z"}
{"level":"\u001b[32minfo\u001b[39m","message":"{\"method\":\"GET\",\"url\":\"/api/task/fetchEmployees-tasks?projectId=67a44c8d5dae11d3d9bf3eff&employeeId=67a44a46314f8fe8e568bd5e\",\"status\":\"304\",\"responseTime\":\"76.894\"}","timestamp":"2025-02-12T04:46:42.170Z"}
{"level":"\u001b[32minfo\u001b[39m","message":"{\"method\":\"GET\",\"url\":\"/api/task/fetchEmployees-tasks?projectId=67a44c8d5dae11d3d9bf3eff&employeeId=67a44a46314f8fe8e568bd5e\",\"status\":\"304\",\"responseTime\":\"57.223\"}","timestamp":"2025-02-12T04:46:42.460Z"}
{"level":"\u001b[32minfo\u001b[39m","message":"{\"method\":\"GET\",\"url\":\"/api/task/fetch-tasks?projectId=67a44c8d5dae11d3d9bf3eff\",\"status\":\"304\",\"responseTime\":\"77.405\"}","timestamp":"2025-02-12T04:46:42.591Z"}
{"level":"\u001b[32minfo\u001b[39m","message":"{\"method\":\"GET\",\"url\":\"/api/task/fetch-tasks?projectId=67a44c685dae11d3d9bf3efc\",\"status\":\"304\",\"responseTime\":\"106.471\"}","timestamp":"2025-02-12T04:46:43.522Z"}
{"level":"\u001b[32minfo\u001b[39m","message":"{\"method\":\"GET\",\"url\":\"/api/task/fetch-tasks?projectId=67a44c685dae11d3d9bf3efc\",\"status\":\"304\",\"responseTime\":\"85.185\"}","timestamp":"2025-02-12T04:46:43.637Z"}
{"level":"\u001b[32minfo\u001b[39m","message":"{\"method\":\"GET\",\"url\":\"/api/task/fetch-tasks?projectId=67a44c685dae11d3d9bf3efc\",\"status\":\"304\",\"responseTime\":\"103.934\"}","timestamp":"2025-02-12T04:46:43.813Z"}
{"level":"\u001b[32minfo\u001b[39m","message":"{\"method\":\"GET\",\"url\":\"/api/task/fetch-subTasks?parentTaskId=67ac2751f08d6eed0a87ef3c\",\"status\":\"304\",\"responseTime\":\"56.485\"}","timestamp":"2025-02-12T04:46:43.996Z"}
{"level":"\u001b[32minfo\u001b[39m","message":"{\"method\":\"GET\",\"url\":\"/api/project/fetch-projects?organizationId=67869a6a1514145a64988362\",\"status\":\"401\",\"responseTime\":\"18.786\"}","timestamp":"2025-02-12T04:54:57.116Z"}
{"level":"\u001b[32minfo\u001b[39m","message":"{\"method\":\"GET\",\"url\":\"/api/project/fetch-projects?organizationId=67869a6a1514145a64988362\",\"status\":\"304\",\"responseTime\":\"131.585\"}","timestamp":"2025-02-12T04:54:57.744Z"}
{"level":"\u001b[32minfo\u001b[39m","message":"{\"method\":\"GET\",\"url\":\"/api/project/fetchEmployees-projects?organizationId=67869a6a1514145a64988362&employeeId=67a44a46314f8fe8e568bd5e\",\"status\":\"401\",\"responseTime\":\"15.202\"}","timestamp":"2025-02-12T04:55:15.520Z"}
{"level":"\u001b[32minfo\u001b[39m","message":"{\"method\":\"GET\",\"url\":\"/api/task/fetchEmployees-Alltasks?employeeId=67a44a46314f8fe8e568bd5e\",\"status\":\"401\",\"responseTime\":\"31.277\"}","timestamp":"2025-02-12T04:55:15.592Z"}
{"level":"\u001b[32minfo\u001b[39m","message":"{\"method\":\"GET\",\"url\":\"/api/project/fetchEmployees-projects?organizationId=67869a6a1514145a64988362&employeeId=67a44a46314f8fe8e568bd5e\",\"status\":\"304\",\"responseTime\":\"137.342\"}","timestamp":"2025-02-12T04:55:15.978Z"}
{"level":"\u001b[32minfo\u001b[39m","message":"{\"method\":\"GET\",\"url\":\"/api/task/fetchEmployees-Alltasks?employeeId=67a44a46314f8fe8e568bd5e\",\"status\":\"200\",\"responseTime\":\"514.235\"}","timestamp":"2025-02-12T04:55:16.405Z"}
{"level":"\u001b[32minfo\u001b[39m","message":"{\"method\":\"GET\",\"url\":\"/api/project/fetchEmployees-projects?organizationId=67869a6a1514145a64988362&employeeId=67a44a46314f8fe8e568bd5e\",\"status\":\"304\",\"responseTime\":\"120.430\"}","timestamp":"2025-02-12T04:56:13.797Z"}
{"level":"\u001b[32minfo\u001b[39m","message":"{\"method\":\"GET\",\"url\":\"/api/task/fetchEmployees-tasks?employeeId=67a44a46314f8fe8e568bd5e\",\"status\":\"304\",\"responseTime\":\"70.598\"}","timestamp":"2025-02-12T04:56:13.818Z"}
{"level":"\u001b[32minfo\u001b[39m","message":"{\"method\":\"GET\",\"url\":\"/api/task/fetch-tasks\",\"status\":\"304\",\"responseTime\":\"55.108\"}","timestamp":"2025-02-12T04:56:13.934Z"}
{"level":"\u001b[32minfo\u001b[39m","message":"{\"method\":\"GET\",\"url\":\"/api/task/fetch-tasks?projectId=67a44c685dae11d3d9bf3efc\",\"status\":\"304\",\"responseTime\":\"97.033\"}","timestamp":"2025-02-12T04:56:14.741Z"}
{"level":"\u001b[32minfo\u001b[39m","message":"{\"method\":\"GET\",\"url\":\"/api/task/fetch-tasks?projectId=67a44c685dae11d3d9bf3efc\",\"status\":\"304\",\"responseTime\":\"73.210\"}","timestamp":"2025-02-12T04:56:14.864Z"}
{"level":"\u001b[32minfo\u001b[39m","message":"{\"method\":\"GET\",\"url\":\"/api/task/fetch-tasks?projectId=67a44c685dae11d3d9bf3efc\",\"status\":\"304\",\"responseTime\":\"100.173\"}","timestamp":"2025-02-12T04:56:15.030Z"}
{"level":"\u001b[32minfo\u001b[39m","message":"{\"method\":\"GET\",\"url\":\"/api/task/fetch-subTasks?parentTaskId=67a44cee5dae11d3d9bf3f09\",\"status\":\"401\",\"responseTime\":\"17.653\"}","timestamp":"2025-02-12T04:56:15.214Z"}
{"level":"\u001b[32minfo\u001b[39m","message":"{\"method\":\"GET\",\"url\":\"/api/task/fetch-subTasks?parentTaskId=67a44cee5dae11d3d9bf3f09\",\"status\":\"304\",\"responseTime\":\"56.467\"}","timestamp":"2025-02-12T04:56:15.628Z"}
{"level":"\u001b[32minfo\u001b[39m","message":"{\"method\":\"GET\",\"url\":\"/api/task/fetchEmployees-tasks?projectId=67a44c8d5dae11d3d9bf3eff&employeeId=67a44a46314f8fe8e568bd5e\",\"status\":\"304\",\"responseTime\":\"81.821\"}","timestamp":"2025-02-12T04:56:23.062Z"}
{"level":"\u001b[32minfo\u001b[39m","message":"{\"method\":\"GET\",\"url\":\"/api/task/fetchEmployees-tasks?projectId=67a44c8d5dae11d3d9bf3eff&employeeId=67a44a46314f8fe8e568bd5e\",\"status\":\"304\",\"responseTime\":\"74.175\"}","timestamp":"2025-02-12T04:56:23.164Z"}
{"level":"\u001b[32minfo\u001b[39m","message":"{\"method\":\"GET\",\"url\":\"/api/task/fetch-tasks?projectId=67a44c8d5dae11d3d9bf3eff\",\"status\":\"304\",\"responseTime\":\"77.828\"}","timestamp":"2025-02-12T04:56:23.480Z"}
{"level":"\u001b[32minfo\u001b[39m","message":"{\"method\":\"GET\",\"url\":\"/api/task/fetch-subTasks?parentTaskId=67a50ec0a15c46b36e937d5a\",\"status\":\"304\",\"responseTime\":\"68.691\"}","timestamp":"2025-02-12T04:56:23.660Z"}
{"level":"\u001b[32minfo\u001b[39m","message":"{\"method\":\"PATCH\",\"url\":\"/api/task/update-subTask\",\"status\":\"200\",\"responseTime\":\"136.460\"}","timestamp":"2025-02-12T04:56:55.687Z"}
{"level":"\u001b[32minfo\u001b[39m","message":"{\"method\":\"GET\",\"url\":\"/api/project/fetch-projects?organizationId=67869a6a1514145a64988362\",\"status\":\"401\",\"responseTime\":\"41.401\"}","timestamp":"2025-02-12T04:57:01.859Z"}
{"level":"\u001b[32minfo\u001b[39m","message":"{\"method\":\"GET\",\"url\":\"/api/task/fetch-tasks\",\"status\":\"401\",\"responseTime\":\"13.146\"}","timestamp":"2025-02-12T04:57:01.881Z"}
{"level":"\u001b[32minfo\u001b[39m","message":"{\"method\":\"GET\",\"url\":\"/api/project/fetch-projects?organizationId=67869a6a1514145a64988362\",\"status\":\"304\",\"responseTime\":\"97.130\"}","timestamp":"2025-02-12T04:57:02.409Z"}
{"level":"\u001b[32minfo\u001b[39m","message":"{\"method\":\"GET\",\"url\":\"/api/task/fetch-tasks\",\"status\":\"304\",\"responseTime\":\"93.109\"}","timestamp":"2025-02-12T04:57:02.445Z"}
{"level":"\u001b[32minfo\u001b[39m","message":"{\"method\":\"GET\",\"url\":\"/api/task/fetch-tasks?projectId=67a44c685dae11d3d9bf3efc\",\"status\":\"304\",\"responseTime\":\"82.121\"}","timestamp":"2025-02-12T04:57:03.193Z"}
{"level":"\u001b[32minfo\u001b[39m","message":"{\"method\":\"GET\",\"url\":\"/api/task/fetch-tasks?projectId=67a44c685dae11d3d9bf3efc\",\"status\":\"304\",\"responseTime\":\"64.149\"}","timestamp":"2025-02-12T04:57:03.286Z"}
{"level":"\u001b[32minfo\u001b[39m","message":"{\"method\":\"GET\",\"url\":\"/api/task/fetch-subTasks?parentTaskId=67a44cee5dae11d3d9bf3f09\",\"status\":\"304\",\"responseTime\":\"84.075\"}","timestamp":"2025-02-12T04:57:03.807Z"}
{"level":"\u001b[32minfo\u001b[39m","message":"{\"method\":\"GET\",\"url\":\"/api/task/fetch-tasks?projectId=67a44c8d5dae11d3d9bf3eff\",\"status\":\"304\",\"responseTime\":\"57.035\"}","timestamp":"2025-02-12T04:57:07.599Z"}
{"level":"\u001b[32minfo\u001b[39m","message":"{\"method\":\"GET\",\"url\":\"/api/task/fetch-tasks?projectId=67a44c8d5dae11d3d9bf3eff\",\"status\":\"304\",\"responseTime\":\"128.319\"}","timestamp":"2025-02-12T04:57:07.748Z"}
{"level":"\u001b[32minfo\u001b[39m","message":"{\"method\":\"GET\",\"url\":\"/api/task/fetch-subTasks?parentTaskId=67a44d295dae11d3d9bf3f0e\",\"status\":\"200\",\"responseTime\":\"50.879\"}","timestamp":"2025-02-12T04:57:08.335Z"}
{"level":"\u001b[32minfo\u001b[39m","message":"{\"method\":\"PATCH\",\"url\":\"/api/task/update-subTask\",\"status\":\"200\",\"responseTime\":\"207.734\"}","timestamp":"2025-02-12T04:58:00.203Z"}
{"level":"\u001b[32minfo\u001b[39m","message":"{\"method\":\"GET\",\"url\":\"/api/task/fetch-tasks?projectId=67a44c685dae11d3d9bf3efc\",\"status\":\"401\",\"responseTime\":\"85.233\"}","timestamp":"2025-02-12T04:58:04.512Z"}
{"level":"\u001b[32minfo\u001b[39m","message":"{\"method\":\"GET\",\"url\":\"/api/task/fetch-tasks?projectId=67a44c685dae11d3d9bf3efc\",\"status\":\"401\",\"responseTime\":\"49.983\"}","timestamp":"2025-02-12T04:58:04.610Z"}
{"level":"\u001b[32minfo\u001b[39m","message":"{\"method\":\"GET\",\"url\":\"/api/task/fetch-tasks?projectId=67a44c685dae11d3d9bf3efc\",\"status\":\"304\",\"responseTime\":\"131.872\"}","timestamp":"2025-02-12T04:58:04.948Z"}
{"level":"\u001b[32minfo\u001b[39m","message":"{\"method\":\"GET\",\"url\":\"/api/task/fetch-tasks?projectId=67a44c685dae11d3d9bf3efc\",\"status\":\"304\",\"responseTime\":\"118.686\"}","timestamp":"2025-02-12T04:58:05.101Z"}
{"level":"\u001b[32minfo\u001b[39m","message":"{\"method\":\"GET\",\"url\":\"/api/task/fetch-tasks?projectId=67a44c685dae11d3d9bf3efc\",\"status\":\"304\",\"responseTime\":\"103.283\"}","timestamp":"2025-02-12T04:58:05.264Z"}
{"level":"\u001b[32minfo\u001b[39m","message":"{\"method\":\"GET\",\"url\":\"/api/task/fetch-subTasks?parentTaskId=67a44cee5dae11d3d9bf3f09\",\"status\":\"304\",\"responseTime\":\"77.809\"}","timestamp":"2025-02-12T04:58:05.432Z"}
{"level":"\u001b[32minfo\u001b[39m","message":"{\"method\":\"GET\",\"url\":\"/api/task/fetchEmployees-tasks?projectId=67a44c8d5dae11d3d9bf3eff&employeeId=67a44a46314f8fe8e568bd5e\",\"status\":\"200\",\"responseTime\":\"72.724\"}","timestamp":"2025-02-12T04:58:05.575Z"}
{"level":"\u001b[32minfo\u001b[39m","message":"{\"method\":\"GET\",\"url\":\"/api/task/fetchEmployees-tasks?projectId=67a44c8d5dae11d3d9bf3eff&employeeId=67a44a46314f8fe8e568bd5e\",\"status\":\"304\",\"responseTime\":\"117.033\"}","timestamp":"2025-02-12T04:58:05.727Z"}
{"level":"\u001b[32minfo\u001b[39m","message":"{\"method\":\"GET\",\"url\":\"/api/task/fetch-tasks?projectId=67a44c8d5dae11d3d9bf3eff\",\"status\":\"304\",\"responseTime\":\"116.982\"}","timestamp":"2025-02-12T04:58:06.325Z"}
{"level":"\u001b[32minfo\u001b[39m","message":"{\"method\":\"GET\",\"url\":\"/api/task/fetch-subTasks?parentTaskId=67a50ec0a15c46b36e937d5a\",\"status\":\"304\",\"responseTime\":\"48.010\"}","timestamp":"2025-02-12T04:58:06.446Z"}
{"level":"\u001b[32minfo\u001b[39m","message":"{\"method\":\"GET\",\"url\":\"/api/task/fetch-tasks?projectId=67a44c685dae11d3d9bf3efc\",\"status\":\"401\",\"responseTime\":\"14.536\"}","timestamp":"2025-02-12T04:59:20.050Z"}
{"level":"\u001b[32minfo\u001b[39m","message":"{\"method\":\"GET\",\"url\":\"/api/task/fetch-tasks?projectId=67a44c685dae11d3d9bf3efc\",\"status\":\"401\",\"responseTime\":\"15.863\"}","timestamp":"2025-02-12T04:59:20.092Z"}
{"level":"\u001b[32minfo\u001b[39m","message":"{\"method\":\"GET\",\"url\":\"/api/task/fetch-tasks?projectId=67a44c685dae11d3d9bf3efc\",\"status\":\"304\",\"responseTime\":\"111.341\"}","timestamp":"2025-02-12T04:59:20.480Z"}
{"level":"\u001b[32minfo\u001b[39m","message":"{\"method\":\"GET\",\"url\":\"/api/task/fetch-tasks?projectId=67a44c685dae11d3d9bf3efc\",\"status\":\"304\",\"responseTime\":\"93.891\"}","timestamp":"2025-02-12T04:59:20.605Z"}
{"level":"\u001b[32minfo\u001b[39m","message":"{\"method\":\"GET\",\"url\":\"/api/task/fetch-tasks?projectId=67a44c685dae11d3d9bf3efc\",\"status\":\"304\",\"responseTime\":\"70.592\"}","timestamp":"2025-02-12T04:59:20.783Z"}
{"level":"\u001b[32minfo\u001b[39m","message":"{\"method\":\"GET\",\"url\":\"/api/task/fetch-subTasks?parentTaskId=67a44cee5dae11d3d9bf3f09\",\"status\":\"304\",\"responseTime\":\"71.217\"}","timestamp":"2025-02-12T04:59:20.966Z"}
{"level":"\u001b[32minfo\u001b[39m","message":"{\"method\":\"GET\",\"url\":\"/api/task/fetch-subTasks?parentTaskId=67a5d1b3ec0a2728bc2a804c\",\"status\":\"304\",\"responseTime\":\"49.503\"}","timestamp":"2025-02-12T04:59:23.683Z"}
{"level":"\u001b[32minfo\u001b[39m","message":"{\"method\":\"GET\",\"url\":\"/api/task/fetch-subTasks?parentTaskId=67ab306944f8f042697be2ec\",\"status\":\"200\",\"responseTime\":\"113.770\"}","timestamp":"2025-02-12T04:59:24.688Z"}
{"level":"\u001b[32minfo\u001b[39m","message":"{\"method\":\"GET\",\"url\":\"/api/task/fetch-subTasks?parentTaskId=67ac2751f08d6eed0a87ef3c\",\"status\":\"304\",\"responseTime\":\"64.515\"}","timestamp":"2025-02-12T04:59:26.403Z"}
{"level":"\u001b[32minfo\u001b[39m","message":"{\"method\":\"GET\",\"url\":\"/api/project/fetch-projects?organizationId=67869a6a1514145a64988362\",\"status\":\"304\",\"responseTime\":\"69.012\"}","timestamp":"2025-02-12T05:00:50.832Z"}
{"level":"\u001b[32minfo\u001b[39m","message":"{\"method\":\"GET\",\"url\":\"/api/project/fetch-projects?organizationId=67869a6a1514145a64988362\",\"status\":\"401\",\"responseTime\":\"9.783\"}","timestamp":"2025-02-12T05:09:12.884Z"}
{"level":"\u001b[32minfo\u001b[39m","message":"{\"method\":\"GET\",\"url\":\"/api/task/fetch-tasks\",\"status\":\"401\",\"responseTime\":\"9.178\"}","timestamp":"2025-02-12T05:09:12.916Z"}
{"level":"\u001b[32minfo\u001b[39m","message":"{\"method\":\"GET\",\"url\":\"/api/project/fetch-projects?organizationId=67869a6a1514145a64988362\",\"status\":\"304\",\"responseTime\":\"2397.606\"}","timestamp":"2025-02-12T05:09:15.941Z"}
{"level":"\u001b[32minfo\u001b[39m","message":"{\"method\":\"GET\",\"url\":\"/api/task/fetch-tasks\",\"status\":\"304\",\"responseTime\":\"2420.309\"}","timestamp":"2025-02-12T05:09:15.946Z"}
{"level":"\u001b[32minfo\u001b[39m","message":"{\"method\":\"GET\",\"url\":\"/api/task/fetch-tasks?projectId=67a44c685dae11d3d9bf3efc\",\"status\":\"304\",\"responseTime\":\"390.048\"}","timestamp":"2025-02-12T05:09:17.041Z"}
{"level":"\u001b[32minfo\u001b[39m","message":"{\"method\":\"GET\",\"url\":\"/api/task/fetch-tasks?projectId=67a44c685dae11d3d9bf3efc\",\"status\":\"304\",\"responseTime\":\"304.631\"}","timestamp":"2025-02-12T05:09:17.362Z"}
{"level":"\u001b[32minfo\u001b[39m","message":"{\"method\":\"GET\",\"url\":\"/api/task/fetch-subTasks?parentTaskId=67a44cee5dae11d3d9bf3f09\",\"status\":\"304\",\"responseTime\":\"2070.307\"}","timestamp":"2025-02-12T05:09:19.612Z"}
{"level":"\u001b[32minfo\u001b[39m","message":"{\"method\":\"GET\",\"url\":\"/api/project/fetch-projects?organizationId=67869a6a1514145a64988362\",\"status\":\"304\",\"responseTime\":\"2076.808\"}","timestamp":"2025-02-12T05:09:23.141Z"}
{"level":"\u001b[32minfo\u001b[39m","message":"{\"method\":\"POST\",\"url\":\"/api/project/create-project\",\"status\":\"200\",\"responseTime\":\"118.782\"}","timestamp":"2025-02-12T05:09:49.835Z"}
{"level":"\u001b[32minfo\u001b[39m","message":"{\"method\":\"GET\",\"url\":\"/api/project/fetch-projects?organizationId=67869a6a1514145a64988362\",\"status\":\"200\",\"responseTime\":\"65.841\"}","timestamp":"2025-02-12T05:09:49.927Z"}
{"level":"\u001b[32minfo\u001b[39m","message":"{\"method\":\"GET\",\"url\":\"/api/project/fetch-projects?organizationId=67869a6a1514145a64988362\",\"status\":\"401\",\"responseTime\":\"8.326\"}","timestamp":"2025-02-12T05:15:43.883Z"}
{"level":"\u001b[32minfo\u001b[39m","message":"{\"method\":\"GET\",\"url\":\"/api/task/fetch-tasks\",\"status\":\"401\",\"responseTime\":\"8.904\"}","timestamp":"2025-02-12T05:15:43.904Z"}
{"level":"\u001b[32minfo\u001b[39m","message":"{\"method\":\"GET\",\"url\":\"/api/project/fetch-projects?organizationId=67869a6a1514145a64988362\",\"status\":\"304\",\"responseTime\":\"1504.050\"}","timestamp":"2025-02-12T05:15:45.987Z"}
{"level":"\u001b[32minfo\u001b[39m","message":"{\"method\":\"GET\",\"url\":\"/api/task/fetch-tasks\",\"status\":\"304\",\"responseTime\":\"64.251\"}","timestamp":"2025-02-12T05:15:46.076Z"}
{"level":"\u001b[32minfo\u001b[39m","message":"{\"method\":\"GET\",\"url\":\"/api/task/fetch-tasks?projectId=67a44c685dae11d3d9bf3efc\",\"status\":\"304\",\"responseTime\":\"890.169\"}","timestamp":"2025-02-12T05:15:49.923Z"}
{"level":"\u001b[32minfo\u001b[39m","message":"{\"method\":\"GET\",\"url\":\"/api/task/fetch-tasks?projectId=67a44c685dae11d3d9bf3efc\",\"status\":\"304\",\"responseTime\":\"399.842\"}","timestamp":"2025-02-12T05:15:50.333Z"}
{"level":"\u001b[32minfo\u001b[39m","message":"{\"method\":\"GET\",\"url\":\"/api/task/fetch-subTasks?parentTaskId=67a44cee5dae11d3d9bf3f09\",\"status\":\"304\",\"responseTime\":\"408.051\"}","timestamp":"2025-02-12T05:15:50.818Z"}
{"level":"\u001b[32minfo\u001b[39m","message":"{\"method\":\"GET\",\"url\":\"/api/task/fetch-tasks?projectId=67ac2d1df08d6eed0a87ef8a\",\"status\":\"200\",\"responseTime\":\"279.527\"}","timestamp":"2025-02-12T05:15:53.492Z"}
{"level":"\u001b[32minfo\u001b[39m","message":"{\"method\":\"GET\",\"url\":\"/api/task/fetch-tasks?projectId=67ac2d1df08d6eed0a87ef8a\",\"status\":\"304\",\"responseTime\":\"52.752\"}","timestamp":"2025-02-12T05:15:53.560Z"}
{"level":"\u001b[32minfo\u001b[39m","message":"{\"method\":\"GET\",\"url\":\"/api/task/fetch-tasks?projectId=67a44c685dae11d3d9bf3efc\",\"status\":\"304\",\"responseTime\":\"76.932\"}","timestamp":"2025-02-12T05:15:59.266Z"}
{"level":"\u001b[32minfo\u001b[39m","message":"{\"method\":\"GET\",\"url\":\"/api/task/fetch-tasks?projectId=67a44c685dae11d3d9bf3efc\",\"status\":\"304\",\"responseTime\":\"55.291\"}","timestamp":"2025-02-12T05:15:59.337Z"}
{"level":"\u001b[32minfo\u001b[39m","message":"{\"method\":\"GET\",\"url\":\"/api/task/fetch-subTasks?parentTaskId=67a44cee5dae11d3d9bf3f09\",\"status\":\"304\",\"responseTime\":\"207.521\"}","timestamp":"2025-02-12T05:15:59.680Z"}
{"level":"\u001b[32minfo\u001b[39m","message":"{\"method\":\"GET\",\"url\":\"/api/project/fetch-projects?organizationId=67869a6a1514145a64988362\",\"status\":\"304\",\"responseTime\":\"92.873\"}","timestamp":"2025-02-12T05:16:05.244Z"}
{"level":"\u001b[32minfo\u001b[39m","message":"{\"method\":\"GET\",\"url\":\"/api/project/fetch-projects?organizationId=67869a6a1514145a64988362\",\"status\":\"304\",\"responseTime\":\"1262.835\"}","timestamp":"2025-02-12T05:22:14.300Z"}
{"level":"\u001b[32minfo\u001b[39m","message":"{\"method\":\"GET\",\"url\":\"/api/project/fetch-projects?organizationId=67869a6a1514145a64988362\",\"status\":\"304\",\"responseTime\":\"205.549\"}","timestamp":"2025-02-12T05:22:42.305Z"}
{"level":"\u001b[32minfo\u001b[39m","message":"{\"method\":\"GET\",\"url\":\"/api/project/fetchEmployees-projects?organizationId=67869a6a1514145a64988362&employeeId=67a44a46314f8fe8e568bd5e\",\"status\":\"401\",\"responseTime\":\"6.217\"}","timestamp":"2025-02-12T05:25:55.364Z"}
{"level":"\u001b[32minfo\u001b[39m","message":"{\"method\":\"GET\",\"url\":\"/api/task/fetchEmployees-Alltasks?employeeId=67a44a46314f8fe8e568bd5e\",\"status\":\"401\",\"responseTime\":\"9.694\"}","timestamp":"2025-02-12T05:25:55.381Z"}
{"level":"\u001b[32minfo\u001b[39m","message":"{\"method\":\"GET\",\"url\":\"/api/project/fetchEmployees-projects?organizationId=67869a6a1514145a64988362&employeeId=67a44a46314f8fe8e568bd5e\",\"status\":\"200\",\"responseTime\":\"589.231\"}","timestamp":"2025-02-12T05:25:56.949Z"}
{"level":"\u001b[32minfo\u001b[39m","message":"{\"method\":\"GET\",\"url\":\"/api/task/fetchEmployees-Alltasks?employeeId=67a44a46314f8fe8e568bd5e\",\"status\":\"-\",\"responseTime\":\"-\"}","timestamp":"2025-02-12T05:25:58.140Z"}
{"level":"\u001b[32minfo\u001b[39m","message":"{\"method\":\"GET\",\"url\":\"/api/project/fetchEmployees-projects?organizationId=67869a6a1514145a64988362&employeeId=67a44a46314f8fe8e568bd5e\",\"status\":\"304\",\"responseTime\":\"5010.626\"}","timestamp":"2025-02-12T05:26:07.190Z"}
{"level":"\u001b[32minfo\u001b[39m","message":"{\"method\":\"GET\",\"url\":\"/api/task/fetchEmployees-Alltasks?employeeId=67a44a46314f8fe8e568bd5e\",\"status\":\"200\",\"responseTime\":\"15071.085\"}","timestamp":"2025-02-12T05:26:17.261Z"}
