{"level":"\u001b[32minfo\u001b[39m","message":"{\"method\":\"GET\",\"url\":\"/api/project/fetch-projects?organizationId=67869a6a1514145a64988362\",\"status\":\"401\",\"responseTime\":\"10.162\"}","timestamp":"2025-01-31T18:33:43.366Z"}
{"level":"\u001b[32minfo\u001b[39m","message":"{\"method\":\"GET\",\"url\":\"/api/task/fetch-tasks\",\"status\":\"401\",\"responseTime\":\"6.951\"}","timestamp":"2025-01-31T18:33:43.412Z"}
{"level":"\u001b[32minfo\u001b[39m","message":"{\"method\":\"GET\",\"url\":\"/api/project/fetch-projects?organizationId=67869a6a1514145a64988362\",\"status\":\"304\",\"responseTime\":\"69.120\"}","timestamp":"2025-01-31T18:33:43.590Z"}
{"level":"\u001b[32minfo\u001b[39m","message":"{\"method\":\"GET\",\"url\":\"/api/task/fetch-tasks\",\"status\":\"304\",\"responseTime\":\"78.653\"}","timestamp":"2025-01-31T18:33:43.619Z"}
{"level":"\u001b[32minfo\u001b[39m","message":"{\"method\":\"GET\",\"url\":\"/api/task/fetch-tasks?projectId=679c4532a6bfed6f8c93a934\",\"status\":\"304\",\"responseTime\":\"71.992\"}","timestamp":"2025-01-31T18:33:43.910Z"}
{"level":"\u001b[32minfo\u001b[39m","message":"{\"method\":\"GET\",\"url\":\"/api/task/fetch-tasks?projectId=679c4532a6bfed6f8c93a934\",\"status\":\"304\",\"responseTime\":\"76.245\"}","timestamp":"2025-01-31T18:33:43.998Z"}
{"level":"\u001b[32minfo\u001b[39m","message":"{\"method\":\"GET\",\"url\":\"/api/project/fetch-projects?organizationId=67869a6a1514145a64988362\",\"status\":\"304\",\"responseTime\":\"238.614\"}","timestamp":"2025-01-31T19:32:30.191Z"}
{"level":"\u001b[32minfo\u001b[39m","message":"{\"method\":\"GET\",\"url\":\"/api/task/fetch-tasks\",\"status\":\"304\",\"responseTime\":\"161.482\"}","timestamp":"2025-01-31T19:32:30.202Z"}
{"level":"\u001b[32minfo\u001b[39m","message":"{\"method\":\"GET\",\"url\":\"/api/task/fetch-tasks?projectId=679c4532a6bfed6f8c93a934\",\"status\":\"304\",\"responseTime\":\"248.238\"}","timestamp":"2025-01-31T19:32:30.806Z"}
{"level":"\u001b[32minfo\u001b[39m","message":"{\"method\":\"GET\",\"url\":\"/api/task/fetch-tasks?projectId=679c4532a6bfed6f8c93a934\",\"status\":\"304\",\"responseTime\":\"141.452\"}","timestamp":"2025-01-31T19:32:30.957Z"}
{"level":"\u001b[32minfo\u001b[39m","message":"{\"method\":\"GET\",\"url\":\"/api/task/fetch-tasks\",\"status\":\"401\",\"responseTime\":\"13.915\"}","timestamp":"2025-01-31T19:48:47.097Z"}
{"level":"\u001b[32minfo\u001b[39m","message":"{\"method\":\"GET\",\"url\":\"/api/project/fetch-projects?organizationId=67869a6a1514145a64988362\",\"status\":\"401\",\"responseTime\":\"5.694\"}","timestamp":"2025-01-31T19:48:47.107Z"}
{"level":"\u001b[32minfo\u001b[39m","message":"{\"method\":\"GET\",\"url\":\"/api/task/fetch-tasks\",\"status\":\"304\",\"responseTime\":\"154.482\"}","timestamp":"2025-01-31T19:48:47.588Z"}
{"level":"\u001b[32minfo\u001b[39m","message":"{\"method\":\"GET\",\"url\":\"/api/project/fetch-projects?organizationId=67869a6a1514145a64988362\",\"status\":\"304\",\"responseTime\":\"158.590\"}","timestamp":"2025-01-31T19:48:47.600Z"}
{"level":"\u001b[32minfo\u001b[39m","message":"{\"method\":\"GET\",\"url\":\"/api/task/fetch-tasks?projectId=679c4532a6bfed6f8c93a934\",\"status\":\"304\",\"responseTime\":\"120.910\"}","timestamp":"2025-01-31T19:48:48.052Z"}
{"level":"\u001b[32minfo\u001b[39m","message":"{\"method\":\"GET\",\"url\":\"/api/task/fetch-tasks?projectId=679c4532a6bfed6f8c93a934\",\"status\":\"304\",\"responseTime\":\"153.736\"}","timestamp":"2025-01-31T19:48:48.214Z"}
{"level":"\u001b[32minfo\u001b[39m","message":"{\"method\":\"GET\",\"url\":\"/api/project/fetch-projects?organizationId=67869a6a1514145a64988362\",\"status\":\"304\",\"responseTime\":\"130.712\"}","timestamp":"2025-01-31T19:59:49.255Z"}
{"level":"\u001b[32minfo\u001b[39m","message":"{\"method\":\"GET\",\"url\":\"/api/task/fetch-tasks\",\"status\":\"304\",\"responseTime\":\"127.367\"}","timestamp":"2025-01-31T19:59:49.259Z"}
{"level":"\u001b[32minfo\u001b[39m","message":"{\"method\":\"GET\",\"url\":\"/api/task/fetch-tasks?projectId=679c4532a6bfed6f8c93a934\",\"status\":\"304\",\"responseTime\":\"114.647\"}","timestamp":"2025-01-31T19:59:49.671Z"}
{"level":"\u001b[32minfo\u001b[39m","message":"{\"method\":\"GET\",\"url\":\"/api/task/fetch-tasks?projectId=679c4532a6bfed6f8c93a934\",\"status\":\"304\",\"responseTime\":\"122.680\"}","timestamp":"2025-01-31T19:59:49.799Z"}
{"level":"\u001b[32minfo\u001b[39m","message":"{\"method\":\"GET\",\"url\":\"/api/project/fetch-projects?organizationId=67869a6a1514145a64988362\",\"status\":\"401\",\"responseTime\":\"7.300\"}","timestamp":"2025-01-31T20:04:09.164Z"}
{"level":"\u001b[32minfo\u001b[39m","message":"{\"method\":\"GET\",\"url\":\"/api/task/fetch-tasks\",\"status\":\"401\",\"responseTime\":\"3.863\"}","timestamp":"2025-01-31T20:04:09.175Z"}
{"level":"\u001b[32minfo\u001b[39m","message":"{\"method\":\"GET\",\"url\":\"/api/project/fetch-projects?organizationId=67869a6a1514145a64988362\",\"status\":\"304\",\"responseTime\":\"118.527\"}","timestamp":"2025-01-31T20:04:09.449Z"}
{"level":"\u001b[32minfo\u001b[39m","message":"{\"method\":\"GET\",\"url\":\"/api/task/fetch-tasks\",\"status\":\"304\",\"responseTime\":\"139.393\"}","timestamp":"2025-01-31T20:04:09.483Z"}
{"level":"\u001b[32minfo\u001b[39m","message":"{\"method\":\"GET\",\"url\":\"/api/task/fetch-tasks?projectId=679c4532a6bfed6f8c93a934\",\"status\":\"304\",\"responseTime\":\"120.868\"}","timestamp":"2025-01-31T20:04:09.761Z"}
{"level":"\u001b[32minfo\u001b[39m","message":"{\"method\":\"GET\",\"url\":\"/api/task/fetch-tasks?projectId=679c4532a6bfed6f8c93a934\",\"status\":\"304\",\"responseTime\":\"118.663\"}","timestamp":"2025-01-31T20:04:09.885Z"}
{"level":"\u001b[32minfo\u001b[39m","message":"{\"method\":\"GET\",\"url\":\"/api/project/fetch-projects?organizationId=67869a6a1514145a64988362\",\"status\":\"304\",\"responseTime\":\"118.131\"}","timestamp":"2025-01-31T20:04:18.093Z"}
{"level":"\u001b[32minfo\u001b[39m","message":"{\"method\":\"GET\",\"url\":\"/api/task/fetch-tasks\",\"status\":\"304\",\"responseTime\":\"119.296\"}","timestamp":"2025-01-31T20:04:18.101Z"}
{"level":"\u001b[32minfo\u001b[39m","message":"{\"method\":\"GET\",\"url\":\"/api/task/fetch-tasks?projectId=679c4532a6bfed6f8c93a934\",\"status\":\"304\",\"responseTime\":\"127.416\"}","timestamp":"2025-01-31T20:04:18.466Z"}
{"level":"\u001b[32minfo\u001b[39m","message":"{\"method\":\"GET\",\"url\":\"/api/task/fetch-tasks?projectId=679c4532a6bfed6f8c93a934\",\"status\":\"304\",\"responseTime\":\"126.564\"}","timestamp":"2025-01-31T20:04:18.604Z"}
{"level":"\u001b[32minfo\u001b[39m","message":"{\"method\":\"GET\",\"url\":\"/api/task/fetch-tasks\",\"status\":\"304\",\"responseTime\":\"135.684\"}","timestamp":"2025-01-31T20:04:30.402Z"}
{"level":"\u001b[32minfo\u001b[39m","message":"{\"method\":\"GET\",\"url\":\"/api/project/fetch-projects?organizationId=67869a6a1514145a64988362\",\"status\":\"304\",\"responseTime\":\"157.320\"}","timestamp":"2025-01-31T20:04:30.415Z"}
{"level":"\u001b[32minfo\u001b[39m","message":"{\"method\":\"GET\",\"url\":\"/api/task/fetch-tasks?projectId=679c4532a6bfed6f8c93a934\",\"status\":\"304\",\"responseTime\":\"105.771\"}","timestamp":"2025-01-31T20:04:30.766Z"}
{"level":"\u001b[32minfo\u001b[39m","message":"{\"method\":\"GET\",\"url\":\"/api/task/fetch-tasks?projectId=679c4532a6bfed6f8c93a934\",\"status\":\"304\",\"responseTime\":\"118.099\"}","timestamp":"2025-01-31T20:04:30.893Z"}
{"level":"\u001b[32minfo\u001b[39m","message":"{\"method\":\"GET\",\"url\":\"/api/project/fetch-projects?organizationId=67869a6a1514145a64988362\",\"status\":\"304\",\"responseTime\":\"127.933\"}","timestamp":"2025-01-31T20:04:34.494Z"}
{"level":"\u001b[32minfo\u001b[39m","message":"{\"method\":\"GET\",\"url\":\"/api/task/fetch-tasks\",\"status\":\"304\",\"responseTime\":\"135.519\"}","timestamp":"2025-01-31T20:04:34.512Z"}
{"level":"\u001b[32minfo\u001b[39m","message":"{\"method\":\"GET\",\"url\":\"/api/task/fetch-tasks?projectId=679c4532a6bfed6f8c93a934\",\"status\":\"304\",\"responseTime\":\"121.785\"}","timestamp":"2025-01-31T20:04:34.813Z"}
{"level":"\u001b[32minfo\u001b[39m","message":"{\"method\":\"GET\",\"url\":\"/api/task/fetch-tasks?projectId=679c4532a6bfed6f8c93a934\",\"status\":\"304\",\"responseTime\":\"111.569\"}","timestamp":"2025-01-31T20:04:34.933Z"}
{"level":"\u001b[32minfo\u001b[39m","message":"{\"method\":\"GET\",\"url\":\"/api/project/fetch-projects?organizationId=67869a6a1514145a64988362\",\"status\":\"401\",\"responseTime\":\"6.824\"}","timestamp":"2025-01-31T20:08:59.076Z"}
{"level":"\u001b[32minfo\u001b[39m","message":"{\"method\":\"GET\",\"url\":\"/api/task/fetch-tasks\",\"status\":\"401\",\"responseTime\":\"4.478\"}","timestamp":"2025-01-31T20:08:59.090Z"}
{"level":"\u001b[32minfo\u001b[39m","message":"{\"method\":\"GET\",\"url\":\"/api/project/fetch-projects?organizationId=67869a6a1514145a64988362\",\"status\":\"304\",\"responseTime\":\"124.581\"}","timestamp":"2025-01-31T20:08:59.381Z"}
{"level":"\u001b[32minfo\u001b[39m","message":"{\"method\":\"GET\",\"url\":\"/api/task/fetch-tasks\",\"status\":\"304\",\"responseTime\":\"118.389\"}","timestamp":"2025-01-31T20:08:59.387Z"}
{"level":"\u001b[32minfo\u001b[39m","message":"{\"method\":\"GET\",\"url\":\"/api/task/fetch-tasks?projectId=679c4532a6bfed6f8c93a934\",\"status\":\"304\",\"responseTime\":\"127.212\"}","timestamp":"2025-01-31T20:08:59.752Z"}
{"level":"\u001b[32minfo\u001b[39m","message":"{\"method\":\"GET\",\"url\":\"/api/task/fetch-tasks?projectId=679c4532a6bfed6f8c93a934\",\"status\":\"304\",\"responseTime\":\"115.735\"}","timestamp":"2025-01-31T20:08:59.876Z"}
{"level":"\u001b[32minfo\u001b[39m","message":"{\"method\":\"GET\",\"url\":\"/api/task/fetch-tasks\",\"status\":\"304\",\"responseTime\":\"122.849\"}","timestamp":"2025-01-31T20:10:07.357Z"}
{"level":"\u001b[32minfo\u001b[39m","message":"{\"method\":\"GET\",\"url\":\"/api/project/fetch-projects?organizationId=67869a6a1514145a64988362\",\"status\":\"304\",\"responseTime\":\"144.706\"}","timestamp":"2025-01-31T20:10:07.367Z"}
{"level":"\u001b[32minfo\u001b[39m","message":"{\"method\":\"GET\",\"url\":\"/api/task/fetch-tasks?projectId=679c4532a6bfed6f8c93a934\",\"status\":\"304\",\"responseTime\":\"114.798\"}","timestamp":"2025-01-31T20:10:07.752Z"}
{"level":"\u001b[32minfo\u001b[39m","message":"{\"method\":\"GET\",\"url\":\"/api/task/fetch-tasks?projectId=679c4532a6bfed6f8c93a934\",\"status\":\"304\",\"responseTime\":\"130.748\"}","timestamp":"2025-01-31T20:10:07.897Z"}
{"level":"\u001b[32minfo\u001b[39m","message":"{\"method\":\"GET\",\"url\":\"/api/project/fetch-projects?organizationId=67869a6a1514145a64988362\",\"status\":\"304\",\"responseTime\":\"124.480\"}","timestamp":"2025-01-31T20:11:30.225Z"}
{"level":"\u001b[32minfo\u001b[39m","message":"{\"method\":\"GET\",\"url\":\"/api/task/fetch-tasks\",\"status\":\"304\",\"responseTime\":\"123.670\"}","timestamp":"2025-01-31T20:11:30.234Z"}
{"level":"\u001b[32minfo\u001b[39m","message":"{\"method\":\"GET\",\"url\":\"/api/task/fetch-tasks?projectId=679c4532a6bfed6f8c93a934\",\"status\":\"304\",\"responseTime\":\"124.774\"}","timestamp":"2025-01-31T20:11:30.578Z"}
{"level":"\u001b[32minfo\u001b[39m","message":"{\"method\":\"GET\",\"url\":\"/api/task/fetch-tasks?projectId=679c4532a6bfed6f8c93a934\",\"status\":\"304\",\"responseTime\":\"119.431\"}","timestamp":"2025-01-31T20:11:30.707Z"}
{"level":"\u001b[32minfo\u001b[39m","message":"{\"method\":\"GET\",\"url\":\"/api/task/fetchEmployees-tasks?employeeId=67869f7defffdbe0c161c74a\",\"status\":\"304\",\"responseTime\":\"656.545\"}","timestamp":"2025-02-01T03:42:56.369Z"}
{"level":"\u001b[32minfo\u001b[39m","message":"{\"method\":\"GET\",\"url\":\"/api/project/fetchEmployees-projects?organizationId=67869a6a1514145a64988362&employeeId=67869f7defffdbe0c161c74a\",\"status\":\"304\",\"responseTime\":\"702.707\"}","timestamp":"2025-02-01T03:42:56.383Z"}
{"level":"\u001b[32minfo\u001b[39m","message":"{\"method\":\"GET\",\"url\":\"/api/task/fetch-tasks?projectId=679c4532a6bfed6f8c93a934\",\"status\":\"304\",\"responseTime\":\"65.711\"}","timestamp":"2025-02-01T03:42:56.719Z"}
{"level":"\u001b[32minfo\u001b[39m","message":"{\"method\":\"GET\",\"url\":\"/api/task/fetch-tasks?projectId=679c4532a6bfed6f8c93a934\",\"status\":\"304\",\"responseTime\":\"89.761\"}","timestamp":"2025-02-01T03:42:56.822Z"}
{"level":"\u001b[32minfo\u001b[39m","message":"{\"method\":\"GET\",\"url\":\"/api/project/fetchEmployees-projects?organizationId=67869a6a1514145a64988362&employeeId=67869f7defffdbe0c161c74a\",\"status\":\"304\",\"responseTime\":\"246.043\"}","timestamp":"2025-02-01T03:43:20.292Z"}
{"level":"\u001b[32minfo\u001b[39m","message":"{\"method\":\"GET\",\"url\":\"/api/task/fetchEmployees-tasks?employeeId=67869f7defffdbe0c161c74a\",\"status\":\"304\",\"responseTime\":\"408.258\"}","timestamp":"2025-02-01T03:43:20.466Z"}
{"level":"\u001b[32minfo\u001b[39m","message":"{\"method\":\"GET\",\"url\":\"/api/task/fetch-tasks?projectId=679c4532a6bfed6f8c93a934\",\"status\":\"304\",\"responseTime\":\"2003.115\"}","timestamp":"2025-02-01T03:43:23.141Z"}
{"level":"\u001b[32minfo\u001b[39m","message":"{\"method\":\"GET\",\"url\":\"/api/task/fetch-tasks?projectId=679c4532a6bfed6f8c93a934\",\"status\":\"304\",\"responseTime\":\"113.704\"}","timestamp":"2025-02-01T03:43:23.269Z"}
{"level":"\u001b[32minfo\u001b[39m","message":"{\"method\":\"GET\",\"url\":\"/api/task/fetchEmployees-tasks?employeeId=67869f7defffdbe0c161c74a\",\"status\":\"304\",\"responseTime\":\"102.980\"}","timestamp":"2025-02-01T03:48:33.054Z"}
{"level":"\u001b[32minfo\u001b[39m","message":"{\"method\":\"GET\",\"url\":\"/api/project/fetchEmployees-projects?organizationId=67869a6a1514145a64988362&employeeId=67869f7defffdbe0c161c74a\",\"status\":\"304\",\"responseTime\":\"123.952\"}","timestamp":"2025-02-01T03:48:33.065Z"}
{"level":"\u001b[32minfo\u001b[39m","message":"{\"method\":\"GET\",\"url\":\"/api/task/fetch-tasks?projectId=679c4532a6bfed6f8c93a934\",\"status\":\"304\",\"responseTime\":\"73.397\"}","timestamp":"2025-02-01T03:48:33.549Z"}
{"level":"\u001b[32minfo\u001b[39m","message":"{\"method\":\"GET\",\"url\":\"/api/task/fetch-tasks?projectId=679c4532a6bfed6f8c93a934\",\"status\":\"304\",\"responseTime\":\"180.288\"}","timestamp":"2025-02-01T03:48:33.743Z"}
{"level":"\u001b[32minfo\u001b[39m","message":"{\"method\":\"GET\",\"url\":\"/api/project/fetch-projects?organizationId=67869a6a1514145a64988362\",\"status\":\"401\",\"responseTime\":\"13.699\"}","timestamp":"2025-02-01T03:51:17.370Z"}
{"level":"\u001b[32minfo\u001b[39m","message":"{\"method\":\"GET\",\"url\":\"/api/task/fetch-tasks\",\"status\":\"401\",\"responseTime\":\"5.480\"}","timestamp":"2025-02-01T03:51:17.385Z"}
{"level":"\u001b[32minfo\u001b[39m","message":"{\"method\":\"GET\",\"url\":\"/api/project/fetch-projects?organizationId=67869a6a1514145a64988362\",\"status\":\"304\",\"responseTime\":\"177.678\"}","timestamp":"2025-02-01T03:51:17.774Z"}
{"level":"\u001b[32minfo\u001b[39m","message":"{\"method\":\"GET\",\"url\":\"/api/task/fetch-tasks?projectId=679c4532a6bfed6f8c93a934\",\"status\":\"304\",\"responseTime\":\"114.971\"}","timestamp":"2025-02-01T03:51:18.179Z"}
{"level":"\u001b[32minfo\u001b[39m","message":"{\"method\":\"GET\",\"url\":\"/api/task/fetch-tasks?projectId=679c4532a6bfed6f8c93a934\",\"status\":\"304\",\"responseTime\":\"102.219\"}","timestamp":"2025-02-01T03:51:18.288Z"}
{"level":"\u001b[32minfo\u001b[39m","message":"{\"method\":\"GET\",\"url\":\"/api/task/fetch-tasks\",\"status\":\"304\",\"responseTime\":\"85.642\"}","timestamp":"2025-02-01T03:51:18.835Z"}
{"level":"\u001b[32minfo\u001b[39m","message":"{\"method\":\"GET\",\"url\":\"/api/task/fetch-tasks\",\"status\":\"304\",\"responseTime\":\"460.750\"}","timestamp":"2025-02-01T04:26:26.064Z"}
{"level":"\u001b[32minfo\u001b[39m","message":"{\"method\":\"GET\",\"url\":\"/api/project/fetch-projects?organizationId=67869a6a1514145a64988362\",\"status\":\"304\",\"responseTime\":\"614.649\"}","timestamp":"2025-02-01T04:26:26.186Z"}
{"level":"\u001b[32minfo\u001b[39m","message":"{\"method\":\"GET\",\"url\":\"/api/task/fetch-tasks?projectId=679c4532a6bfed6f8c93a934\",\"status\":\"304\",\"responseTime\":\"95.123\"}","timestamp":"2025-02-01T04:26:26.669Z"}
{"level":"\u001b[32minfo\u001b[39m","message":"{\"method\":\"GET\",\"url\":\"/api/task/fetch-tasks?projectId=679c4532a6bfed6f8c93a934\",\"status\":\"304\",\"responseTime\":\"196.782\"}","timestamp":"2025-02-01T04:26:26.874Z"}
{"level":"\u001b[32minfo\u001b[39m","message":"{\"method\":\"GET\",\"url\":\"/api/project/fetch-projects?organizationId=67869a6a1514145a64988362\",\"status\":\"401\",\"responseTime\":\"5.708\"}","timestamp":"2025-02-01T04:32:34.786Z"}
{"level":"\u001b[32minfo\u001b[39m","message":"{\"method\":\"GET\",\"url\":\"/api/task/fetch-tasks\",\"status\":\"401\",\"responseTime\":\"3.798\"}","timestamp":"2025-02-01T04:32:34.793Z"}
{"level":"\u001b[32minfo\u001b[39m","message":"{\"method\":\"GET\",\"url\":\"/api/task/fetch-tasks\",\"status\":\"304\",\"responseTime\":\"104.274\"}","timestamp":"2025-02-01T04:32:35.583Z"}
{"level":"\u001b[32minfo\u001b[39m","message":"{\"method\":\"GET\",\"url\":\"/api/project/fetch-projects?organizationId=67869a6a1514145a64988362\",\"status\":\"304\",\"responseTime\":\"967.282\"}","timestamp":"2025-02-01T04:32:36.455Z"}
{"level":"\u001b[32minfo\u001b[39m","message":"{\"method\":\"GET\",\"url\":\"/api/task/fetch-tasks?projectId=679c4532a6bfed6f8c93a934\",\"status\":\"304\",\"responseTime\":\"95.788\"}","timestamp":"2025-02-01T04:32:37.077Z"}
{"level":"\u001b[32minfo\u001b[39m","message":"{\"method\":\"GET\",\"url\":\"/api/task/fetch-tasks?projectId=679c4532a6bfed6f8c93a934\",\"status\":\"304\",\"responseTime\":\"431.129\"}","timestamp":"2025-02-01T04:32:37.523Z"}
{"level":"\u001b[32minfo\u001b[39m","message":"{\"method\":\"GET\",\"url\":\"/api/project/fetch-projects?organizationId=67869a6a1514145a64988362\",\"status\":\"304\",\"responseTime\":\"109.288\"}","timestamp":"2025-02-01T04:36:04.366Z"}
{"level":"\u001b[32minfo\u001b[39m","message":"{\"method\":\"GET\",\"url\":\"/api/task/fetch-tasks\",\"status\":\"304\",\"responseTime\":\"104.055\"}","timestamp":"2025-02-01T04:36:04.371Z"}
{"level":"\u001b[32minfo\u001b[39m","message":"{\"method\":\"GET\",\"url\":\"/api/task/fetch-tasks?projectId=679c4532a6bfed6f8c93a934\",\"status\":\"304\",\"responseTime\":\"68.006\"}","timestamp":"2025-02-01T04:36:04.879Z"}
{"level":"\u001b[32minfo\u001b[39m","message":"{\"method\":\"GET\",\"url\":\"/api/task/fetch-tasks?projectId=679c4532a6bfed6f8c93a934\",\"status\":\"304\",\"responseTime\":\"91.782\"}","timestamp":"2025-02-01T04:36:04.984Z"}
{"level":"\u001b[32minfo\u001b[39m","message":"{\"method\":\"GET\",\"url\":\"/api/project/fetch-projects?organizationId=67869a6a1514145a64988362\",\"status\":\"401\",\"responseTime\":\"3.599\"}","timestamp":"2025-02-01T04:39:57.507Z"}
{"level":"\u001b[32minfo\u001b[39m","message":"{\"method\":\"GET\",\"url\":\"/api/task/fetch-tasks\",\"status\":\"401\",\"responseTime\":\"4.315\"}","timestamp":"2025-02-01T04:39:57.516Z"}
{"level":"\u001b[32minfo\u001b[39m","message":"{\"method\":\"GET\",\"url\":\"/api/task/fetch-tasks\",\"status\":\"304\",\"responseTime\":\"137.255\"}","timestamp":"2025-02-01T04:39:57.743Z"}
{"level":"\u001b[32minfo\u001b[39m","message":"{\"method\":\"GET\",\"url\":\"/api/project/fetch-projects?organizationId=67869a6a1514145a64988362\",\"status\":\"304\",\"responseTime\":\"151.107\"}","timestamp":"2025-02-01T04:39:57.762Z"}
{"level":"\u001b[32minfo\u001b[39m","message":"{\"method\":\"GET\",\"url\":\"/api/task/fetch-tasks?projectId=679c4532a6bfed6f8c93a934\",\"status\":\"304\",\"responseTime\":\"205.016\"}","timestamp":"2025-02-01T04:39:58.152Z"}
{"level":"\u001b[32minfo\u001b[39m","message":"{\"method\":\"GET\",\"url\":\"/api/task/fetch-tasks?projectId=679c4532a6bfed6f8c93a934\",\"status\":\"304\",\"responseTime\":\"48.831\"}","timestamp":"2025-02-01T04:39:58.209Z"}
{"level":"\u001b[32minfo\u001b[39m","message":"{\"method\":\"GET\",\"url\":\"/api/project/fetch-projects?organizationId=67869a6a1514145a64988362\",\"status\":\"304\",\"responseTime\":\"447.421\"}","timestamp":"2025-02-01T04:46:14.998Z"}
{"level":"\u001b[32minfo\u001b[39m","message":"{\"method\":\"GET\",\"url\":\"/api/task/fetch-tasks\",\"status\":\"304\",\"responseTime\":\"442.984\"}","timestamp":"2025-02-01T04:46:15.001Z"}
{"level":"\u001b[32minfo\u001b[39m","message":"{\"method\":\"GET\",\"url\":\"/api/task/fetch-tasks?projectId=679c4532a6bfed6f8c93a934\",\"status\":\"304\",\"responseTime\":\"1236.972\"}","timestamp":"2025-02-01T04:46:16.405Z"}
{"level":"\u001b[32minfo\u001b[39m","message":"{\"method\":\"GET\",\"url\":\"/api/task/fetch-tasks?projectId=679c4532a6bfed6f8c93a934\",\"status\":\"304\",\"responseTime\":\"91.084\"}","timestamp":"2025-02-01T04:46:16.508Z"}
{"level":"\u001b[32minfo\u001b[39m","message":"{\"method\":\"GET\",\"url\":\"/api/project/fetch-projects?organizationId=67869a6a1514145a64988362\",\"status\":\"304\",\"responseTime\":\"473.231\"}","timestamp":"2025-02-01T04:46:31.152Z"}
{"level":"\u001b[32minfo\u001b[39m","message":"{\"method\":\"GET\",\"url\":\"/api/project/fetch-projects?organizationId=67869a6a1514145a64988362\",\"status\":\"304\",\"responseTime\":\"56.525\"}","timestamp":"2025-02-01T04:46:33.205Z"}
{"level":"\u001b[32minfo\u001b[39m","message":"{\"method\":\"GET\",\"url\":\"/api/task/fetch-tasks\",\"status\":\"304\",\"responseTime\":\"53.425\"}","timestamp":"2025-02-01T04:46:33.207Z"}
{"level":"\u001b[32minfo\u001b[39m","message":"{\"method\":\"GET\",\"url\":\"/api/task/fetch-tasks?projectId=679c4532a6bfed6f8c93a934\",\"status\":\"304\",\"responseTime\":\"51.179\"}","timestamp":"2025-02-01T04:46:33.384Z"}
{"level":"\u001b[32minfo\u001b[39m","message":"{\"method\":\"GET\",\"url\":\"/api/task/fetch-tasks?projectId=679c4532a6bfed6f8c93a934\",\"status\":\"304\",\"responseTime\":\"55.799\"}","timestamp":"2025-02-01T04:46:33.448Z"}
{"level":"\u001b[32minfo\u001b[39m","message":"{\"method\":\"GET\",\"url\":\"/api/project/fetch-projects?organizationId=67869a6a1514145a64988362\",\"status\":\"401\",\"responseTime\":\"26.396\"}","timestamp":"2025-02-01T06:02:36.556Z"}
{"level":"\u001b[32minfo\u001b[39m","message":"{\"method\":\"GET\",\"url\":\"/api/task/fetch-tasks\",\"status\":\"401\",\"responseTime\":\"5.961\"}","timestamp":"2025-02-01T06:02:36.569Z"}
{"level":"\u001b[32minfo\u001b[39m","message":"{\"method\":\"GET\",\"url\":\"/api/project/fetch-projects?organizationId=67869a6a1514145a64988362\",\"status\":\"304\",\"responseTime\":\"66.844\"}","timestamp":"2025-02-01T06:02:36.715Z"}
{"level":"\u001b[32minfo\u001b[39m","message":"{\"method\":\"GET\",\"url\":\"/api/task/fetch-tasks?projectId=679c4532a6bfed6f8c93a934\",\"status\":\"304\",\"responseTime\":\"58.551\"}","timestamp":"2025-02-01T06:02:37.036Z"}
{"level":"\u001b[32minfo\u001b[39m","message":"{\"method\":\"GET\",\"url\":\"/api/task/fetch-tasks?projectId=679c4532a6bfed6f8c93a934\",\"status\":\"304\",\"responseTime\":\"53.357\"}","timestamp":"2025-02-01T06:02:37.099Z"}
{"level":"\u001b[32minfo\u001b[39m","message":"{\"method\":\"GET\",\"url\":\"/api/task/fetch-tasks\",\"status\":\"304\",\"responseTime\":\"57.550\"}","timestamp":"2025-02-01T06:02:37.211Z"}
{"level":"\u001b[32minfo\u001b[39m","message":"{\"method\":\"GET\",\"url\":\"/api/project/fetch-projects?organizationId=67869a6a1514145a64988362\",\"status\":\"401\",\"responseTime\":\"8.833\"}","timestamp":"2025-02-01T06:03:44.657Z"}
{"level":"\u001b[32minfo\u001b[39m","message":"{\"method\":\"GET\",\"url\":\"/api/task/fetch-tasks\",\"status\":\"401\",\"responseTime\":\"16.861\"}","timestamp":"2025-02-01T06:03:44.677Z"}
{"level":"\u001b[32minfo\u001b[39m","message":"{\"method\":\"GET\",\"url\":\"/api/project/fetch-projects?organizationId=67869a6a1514145a64988362\",\"status\":\"304\",\"responseTime\":\"77.192\"}","timestamp":"2025-02-01T06:03:44.919Z"}
{"level":"\u001b[32minfo\u001b[39m","message":"{\"method\":\"GET\",\"url\":\"/api/task/fetch-tasks\",\"status\":\"304\",\"responseTime\":\"124.305\"}","timestamp":"2025-02-01T06:03:45.056Z"}
{"level":"\u001b[32minfo\u001b[39m","message":"{\"method\":\"GET\",\"url\":\"/api/task/fetch-tasks?projectId=679c4532a6bfed6f8c93a934\",\"status\":\"304\",\"responseTime\":\"93.911\"}","timestamp":"2025-02-01T06:03:45.219Z"}
{"level":"\u001b[32minfo\u001b[39m","message":"{\"method\":\"GET\",\"url\":\"/api/task/fetch-tasks?projectId=679c4532a6bfed6f8c93a934\",\"status\":\"304\",\"responseTime\":\"56.369\"}","timestamp":"2025-02-01T06:03:45.281Z"}
{"level":"\u001b[32minfo\u001b[39m","message":"{\"method\":\"GET\",\"url\":\"/api/project/fetch-projects?organizationId=67869a6a1514145a64988362\",\"status\":\"304\",\"responseTime\":\"56.112\"}","timestamp":"2025-02-01T06:04:09.394Z"}
{"level":"\u001b[32minfo\u001b[39m","message":"{\"method\":\"GET\",\"url\":\"/api/project/fetch-projects?organizationId=67869a6a1514145a64988362\",\"status\":\"401\",\"responseTime\":\"4.804\"}","timestamp":"2025-02-01T06:05:22.484Z"}
{"level":"\u001b[32minfo\u001b[39m","message":"{\"method\":\"GET\",\"url\":\"/api/task/fetch-tasks\",\"status\":\"401\",\"responseTime\":\"5.363\"}","timestamp":"2025-02-01T06:05:22.494Z"}
{"level":"\u001b[32minfo\u001b[39m","message":"{\"method\":\"GET\",\"url\":\"/api/project/fetch-projects?organizationId=67869a6a1514145a64988362\",\"status\":\"304\",\"responseTime\":\"57.726\"}","timestamp":"2025-02-01T06:05:22.644Z"}
{"level":"\u001b[32minfo\u001b[39m","message":"{\"method\":\"GET\",\"url\":\"/api/task/fetch-tasks\",\"status\":\"304\",\"responseTime\":\"54.899\"}","timestamp":"2025-02-01T06:05:22.650Z"}
{"level":"\u001b[32minfo\u001b[39m","message":"{\"method\":\"GET\",\"url\":\"/api/task/fetch-tasks?projectId=679c4532a6bfed6f8c93a934\",\"status\":\"304\",\"responseTime\":\"56.473\"}","timestamp":"2025-02-01T06:05:22.902Z"}
{"level":"\u001b[32minfo\u001b[39m","message":"{\"method\":\"GET\",\"url\":\"/api/task/fetch-tasks?projectId=679c4532a6bfed6f8c93a934\",\"status\":\"304\",\"responseTime\":\"53.016\"}","timestamp":"2025-02-01T06:05:22.974Z"}
{"level":"\u001b[32minfo\u001b[39m","message":"{\"method\":\"GET\",\"url\":\"/api/project/fetch-projects?organizationId=67869a6a1514145a64988362\",\"status\":\"401\",\"responseTime\":\"9.653\"}","timestamp":"2025-02-01T06:09:49.529Z"}
{"level":"\u001b[32minfo\u001b[39m","message":"{\"method\":\"GET\",\"url\":\"/api/task/fetch-tasks\",\"status\":\"401\",\"responseTime\":\"10.052\"}","timestamp":"2025-02-01T06:09:49.548Z"}
{"level":"\u001b[32minfo\u001b[39m","message":"{\"method\":\"GET\",\"url\":\"/api/task/fetch-tasks\",\"status\":\"304\",\"responseTime\":\"194.802\"}","timestamp":"2025-02-01T06:09:49.973Z"}
{"level":"\u001b[32minfo\u001b[39m","message":"{\"method\":\"GET\",\"url\":\"/api/project/fetch-projects?organizationId=67869a6a1514145a64988362\",\"status\":\"304\",\"responseTime\":\"311.365\"}","timestamp":"2025-02-01T06:09:50.247Z"}
{"level":"\u001b[32minfo\u001b[39m","message":"{\"method\":\"GET\",\"url\":\"/api/task/fetch-tasks?projectId=679c4532a6bfed6f8c93a934\",\"status\":\"304\",\"responseTime\":\"61.941\"}","timestamp":"2025-02-01T06:09:50.643Z"}
{"level":"\u001b[32minfo\u001b[39m","message":"{\"method\":\"GET\",\"url\":\"/api/task/fetch-tasks?projectId=679c4532a6bfed6f8c93a934\",\"status\":\"304\",\"responseTime\":\"105.028\"}","timestamp":"2025-02-01T06:09:50.762Z"}
{"level":"\u001b[32minfo\u001b[39m","message":"{\"method\":\"GET\",\"url\":\"/api/task/fetch-tasks\",\"status\":\"304\",\"responseTime\":\"51.886\"}","timestamp":"2025-02-01T06:11:26.181Z"}
{"level":"\u001b[32minfo\u001b[39m","message":"{\"method\":\"GET\",\"url\":\"/api/project/fetch-projects?organizationId=67869a6a1514145a64988362\",\"status\":\"304\",\"responseTime\":\"71.626\"}","timestamp":"2025-02-01T06:11:26.188Z"}
{"level":"\u001b[32minfo\u001b[39m","message":"{\"method\":\"GET\",\"url\":\"/api/task/fetch-tasks?projectId=679c4532a6bfed6f8c93a934\",\"status\":\"304\",\"responseTime\":\"50.097\"}","timestamp":"2025-02-01T06:11:26.416Z"}
{"level":"\u001b[32minfo\u001b[39m","message":"{\"method\":\"GET\",\"url\":\"/api/task/fetch-tasks?projectId=679c4532a6bfed6f8c93a934\",\"status\":\"304\",\"responseTime\":\"118.021\"}","timestamp":"2025-02-01T06:11:26.542Z"}
{"level":"\u001b[32minfo\u001b[39m","message":"{\"method\":\"GET\",\"url\":\"/api/task/fetchEmployees-tasks?employeeId=67869f7defffdbe0c161c74a\",\"status\":\"401\",\"responseTime\":\"4.519\"}","timestamp":"2025-02-01T06:15:07.719Z"}
{"level":"\u001b[32minfo\u001b[39m","message":"{\"method\":\"GET\",\"url\":\"/api/project/fetchEmployees-projects?organizationId=67869a6a1514145a64988362&employeeId=67869f7defffdbe0c161c74a\",\"status\":\"401\",\"responseTime\":\"7.190\"}","timestamp":"2025-02-01T06:15:07.729Z"}
{"level":"\u001b[32minfo\u001b[39m","message":"{\"method\":\"GET\",\"url\":\"/api/task/fetchEmployees-tasks?employeeId=67869f7defffdbe0c161c74a\",\"status\":\"304\",\"responseTime\":\"52.119\"}","timestamp":"2025-02-01T06:15:07.875Z"}
{"level":"\u001b[32minfo\u001b[39m","message":"{\"method\":\"GET\",\"url\":\"/api/project/fetchEmployees-projects?organizationId=67869a6a1514145a64988362&employeeId=67869f7defffdbe0c161c74a\",\"status\":\"304\",\"responseTime\":\"66.103\"}","timestamp":"2025-02-01T06:15:07.897Z"}
{"level":"\u001b[32minfo\u001b[39m","message":"{\"method\":\"GET\",\"url\":\"/api/task/fetch-tasks?projectId=679c4532a6bfed6f8c93a934\",\"status\":\"304\",\"responseTime\":\"53.749\"}","timestamp":"2025-02-01T06:15:08.235Z"}
{"level":"\u001b[32minfo\u001b[39m","message":"{\"method\":\"GET\",\"url\":\"/api/task/fetch-tasks?projectId=679c4532a6bfed6f8c93a934\",\"status\":\"304\",\"responseTime\":\"52.532\"}","timestamp":"2025-02-01T06:15:08.299Z"}
{"level":"\u001b[32minfo\u001b[39m","message":"{\"method\":\"GET\",\"url\":\"/api/project/fetch-projects?organizationId=67869a6a1514145a64988362\",\"status\":\"401\",\"responseTime\":\"7.090\"}","timestamp":"2025-02-01T06:18:33.133Z"}
{"level":"\u001b[32minfo\u001b[39m","message":"{\"method\":\"GET\",\"url\":\"/api/task/fetch-tasks\",\"status\":\"401\",\"responseTime\":\"5.154\"}","timestamp":"2025-02-01T06:18:33.148Z"}
{"level":"\u001b[32minfo\u001b[39m","message":"{\"method\":\"GET\",\"url\":\"/api/task/fetch-tasks\",\"status\":\"304\",\"responseTime\":\"75.669\"}","timestamp":"2025-02-01T06:18:33.380Z"}
{"level":"\u001b[32minfo\u001b[39m","message":"{\"method\":\"GET\",\"url\":\"/api/project/fetch-projects?organizationId=67869a6a1514145a64988362\",\"status\":\"304\",\"responseTime\":\"76.842\"}","timestamp":"2025-02-01T06:18:33.389Z"}
{"level":"\u001b[32minfo\u001b[39m","message":"{\"method\":\"GET\",\"url\":\"/api/task/fetch-tasks?projectId=679c4532a6bfed6f8c93a934\",\"status\":\"304\",\"responseTime\":\"55.187\"}","timestamp":"2025-02-01T06:18:33.662Z"}
{"level":"\u001b[32minfo\u001b[39m","message":"{\"method\":\"GET\",\"url\":\"/api/task/fetch-tasks?projectId=679c4532a6bfed6f8c93a934\",\"status\":\"304\",\"responseTime\":\"63.665\"}","timestamp":"2025-02-01T06:18:33.738Z"}
{"level":"\u001b[32minfo\u001b[39m","message":"{\"method\":\"GET\",\"url\":\"/api/project/fetch-projects?organizationId=67869a6a1514145a64988362\",\"status\":\"304\",\"responseTime\":\"60.375\"}","timestamp":"2025-02-01T06:18:56.703Z"}
{"level":"\u001b[32minfo\u001b[39m","message":"{\"method\":\"GET\",\"url\":\"/api/task/fetch-tasks\",\"status\":\"304\",\"responseTime\":\"53.775\"}","timestamp":"2025-02-01T06:18:56.706Z"}
{"level":"\u001b[32minfo\u001b[39m","message":"{\"method\":\"GET\",\"url\":\"/api/task/fetch-tasks?projectId=679c4532a6bfed6f8c93a934\",\"status\":\"304\",\"responseTime\":\"52.414\"}","timestamp":"2025-02-01T06:18:56.927Z"}
{"level":"\u001b[32minfo\u001b[39m","message":"{\"method\":\"GET\",\"url\":\"/api/task/fetch-tasks?projectId=679c4532a6bfed6f8c93a934\",\"status\":\"304\",\"responseTime\":\"59.349\"}","timestamp":"2025-02-01T06:18:56.994Z"}
{"level":"\u001b[32minfo\u001b[39m","message":"{\"method\":\"GET\",\"url\":\"/api/project/fetch-projects?organizationId=67869a6a1514145a64988362\",\"status\":\"401\",\"responseTime\":\"7.295\"}","timestamp":"2025-02-01T06:20:55.487Z"}
{"level":"\u001b[32minfo\u001b[39m","message":"{\"method\":\"GET\",\"url\":\"/api/task/fetch-tasks\",\"status\":\"401\",\"responseTime\":\"5.378\"}","timestamp":"2025-02-01T06:20:55.497Z"}
{"level":"\u001b[32minfo\u001b[39m","message":"{\"method\":\"GET\",\"url\":\"/api/project/fetch-projects?organizationId=67869a6a1514145a64988362\",\"status\":\"304\",\"responseTime\":\"59.223\"}","timestamp":"2025-02-01T06:20:55.686Z"}
{"level":"\u001b[32minfo\u001b[39m","message":"{\"method\":\"GET\",\"url\":\"/api/task/fetch-tasks\",\"status\":\"304\",\"responseTime\":\"83.195\"}","timestamp":"2025-02-01T06:20:55.720Z"}
{"level":"\u001b[32minfo\u001b[39m","message":"{\"method\":\"GET\",\"url\":\"/api/task/fetch-tasks?projectId=679c4532a6bfed6f8c93a934\",\"status\":\"304\",\"responseTime\":\"90.953\"}","timestamp":"2025-02-01T06:20:55.987Z"}
{"level":"\u001b[32minfo\u001b[39m","message":"{\"method\":\"GET\",\"url\":\"/api/task/fetch-tasks?projectId=679c4532a6bfed6f8c93a934\",\"status\":\"304\",\"responseTime\":\"82.483\"}","timestamp":"2025-02-01T06:20:56.084Z"}
{"level":"\u001b[32minfo\u001b[39m","message":"{\"method\":\"GET\",\"url\":\"/api/project/fetchEmployees-projects?organizationId=67869a6a1514145a64988362&employeeId=67869f7defffdbe0c161c74a\",\"status\":\"304\",\"responseTime\":\"55.375\"}","timestamp":"2025-02-01T06:22:00.211Z"}
{"level":"\u001b[32minfo\u001b[39m","message":"{\"method\":\"GET\",\"url\":\"/api/project/fetch-projects?organizationId=67869a6a1514145a64988362\",\"status\":\"401\",\"responseTime\":\"17.467\"}","timestamp":"2025-02-01T06:51:20.315Z"}
{"level":"\u001b[32minfo\u001b[39m","message":"{\"method\":\"GET\",\"url\":\"/api/task/fetch-tasks\",\"status\":\"401\",\"responseTime\":\"5.567\"}","timestamp":"2025-02-01T06:51:20.332Z"}
{"level":"\u001b[32minfo\u001b[39m","message":"{\"method\":\"GET\",\"url\":\"/api/project/fetch-projects?organizationId=67869a6a1514145a64988362\",\"status\":\"304\",\"responseTime\":\"81.151\"}","timestamp":"2025-02-01T06:51:20.507Z"}
{"level":"\u001b[32minfo\u001b[39m","message":"{\"method\":\"GET\",\"url\":\"/api/task/fetch-tasks\",\"status\":\"304\",\"responseTime\":\"63.246\"}","timestamp":"2025-02-01T06:51:20.513Z"}
{"level":"\u001b[32minfo\u001b[39m","message":"{\"method\":\"GET\",\"url\":\"/api/task/fetch-tasks?projectId=679c4532a6bfed6f8c93a934\",\"status\":\"304\",\"responseTime\":\"77.276\"}","timestamp":"2025-02-01T06:51:20.804Z"}
{"level":"\u001b[32minfo\u001b[39m","message":"{\"method\":\"GET\",\"url\":\"/api/task/fetch-tasks?projectId=679c4532a6bfed6f8c93a934\",\"status\":\"304\",\"responseTime\":\"56.749\"}","timestamp":"2025-02-01T06:51:20.870Z"}
{"level":"\u001b[32minfo\u001b[39m","message":"{\"method\":\"GET\",\"url\":\"/api/project/fetch-projects?organizationId=67869a6a1514145a64988362\",\"status\":\"304\",\"responseTime\":\"53.651\"}","timestamp":"2025-02-01T06:52:17.769Z"}
{"level":"\u001b[32minfo\u001b[39m","message":"{\"method\":\"GET\",\"url\":\"/api/task/fetch-tasks\",\"status\":\"304\",\"responseTime\":\"52.355\"}","timestamp":"2025-02-01T06:52:17.781Z"}
{"level":"\u001b[32minfo\u001b[39m","message":"{\"method\":\"GET\",\"url\":\"/api/task/fetch-tasks?projectId=679c4532a6bfed6f8c93a934\",\"status\":\"304\",\"responseTime\":\"56.485\"}","timestamp":"2025-02-01T06:52:17.980Z"}
{"level":"\u001b[32minfo\u001b[39m","message":"{\"method\":\"GET\",\"url\":\"/api/task/fetch-tasks?projectId=679c4532a6bfed6f8c93a934\",\"status\":\"304\",\"responseTime\":\"56.950\"}","timestamp":"2025-02-01T06:52:18.047Z"}
{"level":"\u001b[32minfo\u001b[39m","message":"{\"method\":\"GET\",\"url\":\"/api/project/fetchEmployees-projects?organizationId=67869a6a1514145a64988362&employeeId=67869f7defffdbe0c161c74a\",\"status\":\"401\",\"responseTime\":\"15.032\"}","timestamp":"2025-02-01T07:39:16.677Z"}
{"level":"\u001b[32minfo\u001b[39m","message":"{\"method\":\"GET\",\"url\":\"/api/task/fetchEmployees-tasks?employeeId=67869f7defffdbe0c161c74a\",\"status\":\"401\",\"responseTime\":\"8.174\"}","timestamp":"2025-02-01T07:39:16.697Z"}
{"level":"\u001b[32minfo\u001b[39m","message":"{\"method\":\"GET\",\"url\":\"/api/project/fetchEmployees-projects?organizationId=67869a6a1514145a64988362&employeeId=67869f7defffdbe0c161c74a\",\"status\":\"304\",\"responseTime\":\"458.117\"}","timestamp":"2025-02-01T07:39:17.242Z"}
{"level":"\u001b[32minfo\u001b[39m","message":"{\"method\":\"GET\",\"url\":\"/api/task/fetchEmployees-tasks?employeeId=67869f7defffdbe0c161c74a\",\"status\":\"304\",\"responseTime\":\"55.037\"}","timestamp":"2025-02-01T07:39:17.359Z"}
{"level":"\u001b[32minfo\u001b[39m","message":"{\"method\":\"GET\",\"url\":\"/api/task/fetch-tasks?projectId=679c4532a6bfed6f8c93a934\",\"status\":\"304\",\"responseTime\":\"47.081\"}","timestamp":"2025-02-01T07:39:17.540Z"}
{"level":"\u001b[32minfo\u001b[39m","message":"{\"method\":\"GET\",\"url\":\"/api/task/fetch-tasks?projectId=679c4532a6bfed6f8c93a934\",\"status\":\"304\",\"responseTime\":\"48.362\"}","timestamp":"2025-02-01T07:39:17.598Z"}
{"level":"\u001b[32minfo\u001b[39m","message":"{\"method\":\"GET\",\"url\":\"/api/task/fetch-tasks\",\"status\":\"304\",\"responseTime\":\"1162.735\"}","timestamp":"2025-02-01T09:48:31.561Z"}
{"level":"\u001b[32minfo\u001b[39m","message":"{\"method\":\"GET\",\"url\":\"/api/project/fetch-projects?organizationId=67869a6a1514145a64988362\",\"status\":\"304\",\"responseTime\":\"1300.657\"}","timestamp":"2025-02-01T09:48:31.630Z"}
{"level":"\u001b[32minfo\u001b[39m","message":"{\"method\":\"GET\",\"url\":\"/api/task/fetch-tasks?projectId=679c4532a6bfed6f8c93a934\",\"status\":\"304\",\"responseTime\":\"64.967\"}","timestamp":"2025-02-01T09:48:31.990Z"}
{"level":"\u001b[32minfo\u001b[39m","message":"{\"method\":\"GET\",\"url\":\"/api/task/fetch-tasks?projectId=679c4532a6bfed6f8c93a934\",\"status\":\"304\",\"responseTime\":\"67.254\"}","timestamp":"2025-02-01T09:48:32.075Z"}
{"level":"\u001b[32minfo\u001b[39m","message":"{\"method\":\"GET\",\"url\":\"/api/project/fetch-projects?organizationId=67869a6a1514145a64988362\",\"status\":\"304\",\"responseTime\":\"458.286\"}","timestamp":"2025-02-01T13:46:18.227Z"}
{"level":"\u001b[32minfo\u001b[39m","message":"{\"method\":\"GET\",\"url\":\"/api/task/fetch-tasks\",\"status\":\"304\",\"responseTime\":\"67.192\"}","timestamp":"2025-02-01T13:46:22.347Z"}
{"level":"\u001b[32minfo\u001b[39m","message":"{\"method\":\"GET\",\"url\":\"/api/project/fetch-projects?organizationId=67869a6a1514145a64988362\",\"status\":\"304\",\"responseTime\":\"431.206\"}","timestamp":"2025-02-01T13:46:22.724Z"}
{"level":"\u001b[32minfo\u001b[39m","message":"{\"method\":\"GET\",\"url\":\"/api/task/fetch-tasks?projectId=679c4532a6bfed6f8c93a934\",\"status\":\"304\",\"responseTime\":\"67.694\"}","timestamp":"2025-02-01T13:46:23.119Z"}
{"level":"\u001b[32minfo\u001b[39m","message":"{\"method\":\"GET\",\"url\":\"/api/task/fetch-tasks?projectId=679c4532a6bfed6f8c93a934\",\"status\":\"304\",\"responseTime\":\"67.734\"}","timestamp":"2025-02-01T13:46:23.199Z"}
{"level":"\u001b[32minfo\u001b[39m","message":"{\"method\":\"GET\",\"url\":\"/api/task/fetchEmployees-tasks?employeeId=67869f7defffdbe0c161c74a\",\"status\":\"304\",\"responseTime\":\"82.239\"}","timestamp":"2025-02-01T13:52:00.596Z"}
{"level":"\u001b[32minfo\u001b[39m","message":"{\"method\":\"GET\",\"url\":\"/api/project/fetchEmployees-projects?organizationId=67869a6a1514145a64988362&employeeId=67869f7defffdbe0c161c74a\",\"status\":\"304\",\"responseTime\":\"99.972\"}","timestamp":"2025-02-01T13:52:00.603Z"}
{"level":"\u001b[32minfo\u001b[39m","message":"{\"method\":\"GET\",\"url\":\"/api/task/fetch-tasks?projectId=679c4532a6bfed6f8c93a934\",\"status\":\"304\",\"responseTime\":\"110.167\"}","timestamp":"2025-02-01T13:52:01.141Z"}
{"level":"\u001b[32minfo\u001b[39m","message":"{\"method\":\"GET\",\"url\":\"/api/task/fetch-tasks?projectId=679c4532a6bfed6f8c93a934\",\"status\":\"304\",\"responseTime\":\"88.742\"}","timestamp":"2025-02-01T13:52:01.241Z"}
{"level":"\u001b[32minfo\u001b[39m","message":"{\"method\":\"GET\",\"url\":\"/api/task/fetchEmployees-tasks?employeeId=67869f7defffdbe0c161c74a\",\"status\":\"304\",\"responseTime\":\"82.111\"}","timestamp":"2025-02-01T13:52:41.280Z"}
{"level":"\u001b[32minfo\u001b[39m","message":"{\"method\":\"GET\",\"url\":\"/api/project/fetchEmployees-projects?organizationId=67869a6a1514145a64988362&employeeId=67869f7defffdbe0c161c74a\",\"status\":\"304\",\"responseTime\":\"101.533\"}","timestamp":"2025-02-01T13:52:41.291Z"}
{"level":"\u001b[32minfo\u001b[39m","message":"{\"method\":\"GET\",\"url\":\"/api/task/fetch-tasks?projectId=679c4532a6bfed6f8c93a934\",\"status\":\"304\",\"responseTime\":\"160.319\"}","timestamp":"2025-02-01T13:52:41.851Z"}
{"level":"\u001b[32minfo\u001b[39m","message":"{\"method\":\"GET\",\"url\":\"/api/task/fetch-tasks?projectId=679c4532a6bfed6f8c93a934\",\"status\":\"304\",\"responseTime\":\"134.516\"}","timestamp":"2025-02-01T13:52:42.001Z"}
{"level":"\u001b[32minfo\u001b[39m","message":"{\"method\":\"GET\",\"url\":\"/api/project/fetch-projects?organizationId=67869a6a1514145a64988362\",\"status\":\"304\",\"responseTime\":\"139.159\"}","timestamp":"2025-02-01T14:33:33.560Z"}
{"level":"\u001b[32minfo\u001b[39m","message":"{\"method\":\"GET\",\"url\":\"/api/task/fetch-tasks\",\"status\":\"304\",\"responseTime\":\"111.307\"}","timestamp":"2025-02-01T14:33:33.568Z"}
{"level":"\u001b[32minfo\u001b[39m","message":"{\"method\":\"GET\",\"url\":\"/api/task/fetch-tasks?projectId=679c4532a6bfed6f8c93a934\",\"status\":\"304\",\"responseTime\":\"88.198\"}","timestamp":"2025-02-01T14:33:34.103Z"}
{"level":"\u001b[32minfo\u001b[39m","message":"{\"method\":\"GET\",\"url\":\"/api/task/fetch-tasks?projectId=679c4532a6bfed6f8c93a934\",\"status\":\"304\",\"responseTime\":\"163.859\"}","timestamp":"2025-02-01T14:33:34.280Z"}
{"level":"\u001b[32minfo\u001b[39m","message":"{\"method\":\"GET\",\"url\":\"/api/project/fetchEmployees-projects?organizationId=67869a6a1514145a64988362&employeeId=67869f7defffdbe0c161c74a\",\"status\":\"304\",\"responseTime\":\"649.627\"}","timestamp":"2025-02-01T15:12:53.456Z"}
{"level":"\u001b[32minfo\u001b[39m","message":"{\"method\":\"GET\",\"url\":\"/api/project/fetchEmployees-projects?organizationId=67869a6a1514145a64988362&employeeId=67869f7defffdbe0c161c74a\",\"status\":\"304\",\"responseTime\":\"101.402\"}","timestamp":"2025-02-01T15:23:02.464Z"}
