{"level":"\u001b[32minfo\u001b[39m","message":"{\"method\":\"GET\",\"url\":\"/api/project/fetch-projects?organizationId=67869a6a1514145a64988362\",\"status\":\"401\",\"responseTime\":\"17.066\"}","timestamp":"2025-02-15T03:33:43.036Z"}
{"level":"\u001b[32minfo\u001b[39m","message":"{\"method\":\"GET\",\"url\":\"/api/project/fetch-projects?organizationId=67869a6a1514145a64988362\",\"status\":\"200\",\"responseTime\":\"111.857\"}","timestamp":"2025-02-15T03:33:43.697Z"}
{"level":"\u001b[32minfo\u001b[39m","message":"{\"method\":\"GET\",\"url\":\"/api/project/fetch-projects?organizationId=67869a6a1514145a64988362\",\"status\":\"304\",\"responseTime\":\"319.516\"}","timestamp":"2025-02-15T04:13:28.815Z"}
{"level":"\u001b[32minfo\u001b[39m","message":"{\"method\":\"GET\",\"url\":\"/api/project/fetch-projects?organizationId=67869a6a1514145a64988362\",\"status\":\"304\",\"responseTime\":\"51.609\"}","timestamp":"2025-02-15T04:13:29.551Z"}
{"level":"\u001b[32minfo\u001b[39m","message":"{\"method\":\"GET\",\"url\":\"/api/task/fetch-tasks?projectId=67a44c685dae11d3d9bf3efc\",\"status\":\"304\",\"responseTime\":\"63.422\"}","timestamp":"2025-02-15T04:13:29.822Z"}
{"level":"\u001b[32minfo\u001b[39m","message":"{\"method\":\"GET\",\"url\":\"/api/task/fetch-tasks\",\"status\":\"304\",\"responseTime\":\"322.187\"}","timestamp":"2025-02-15T04:13:29.829Z"}
{"level":"\u001b[32minfo\u001b[39m","message":"{\"method\":\"GET\",\"url\":\"/api/task/fetch-tasks?projectId=67a44c685dae11d3d9bf3efc\",\"status\":\"304\",\"responseTime\":\"46.101\"}","timestamp":"2025-02-15T04:13:29.881Z"}
{"level":"\u001b[32minfo\u001b[39m","message":"{\"method\":\"GET\",\"url\":\"/api/task/fetch-subTasks?parentTaskId=67a44cee5dae11d3d9bf3f09\",\"status\":\"304\",\"responseTime\":\"48.847\"}","timestamp":"2025-02-15T04:13:30.014Z"}
{"level":"\u001b[32minfo\u001b[39m","message":"{\"method\":\"GET\",\"url\":\"/api/task/fetch-subTasks?parentTaskId=67a5d1b3ec0a2728bc2a804c\",\"status\":\"304\",\"responseTime\":\"96.678\"}","timestamp":"2025-02-15T04:13:33.925Z"}
{"level":"\u001b[32minfo\u001b[39m","message":"{\"method\":\"GET\",\"url\":\"/api/task/fetch-subTasks?parentTaskId=67ab306944f8f042697be2ec\",\"status\":\"304\",\"responseTime\":\"79.754\"}","timestamp":"2025-02-15T04:13:34.133Z"}
{"level":"\u001b[32minfo\u001b[39m","message":"{\"method\":\"GET\",\"url\":\"/api/task/fetch-subTasks?parentTaskId=67ac2751f08d6eed0a87ef3c\",\"status\":\"304\",\"responseTime\":\"47.196\"}","timestamp":"2025-02-15T04:13:35.889Z"}
{"level":"\u001b[32minfo\u001b[39m","message":"{\"method\":\"GET\",\"url\":\"/api/task/fetch-subTasks?parentTaskId=67ad72f8b0644f188e4718ca\",\"status\":\"200\",\"responseTime\":\"44.197\"}","timestamp":"2025-02-15T04:13:37.517Z"}
{"level":"\u001b[32minfo\u001b[39m","message":"{\"method\":\"GET\",\"url\":\"/api/task/fetch-subTasks?parentTaskId=67ac2751f08d6eed0a87ef3c\",\"status\":\"304\",\"responseTime\":\"120.431\"}","timestamp":"2025-02-15T04:13:44.340Z"}
{"level":"\u001b[32minfo\u001b[39m","message":"{\"method\":\"GET\",\"url\":\"/api/project/fetch-projects?organizationId=67869a6a1514145a64988362\",\"status\":\"401\",\"responseTime\":\"38.131\"}","timestamp":"2025-02-15T04:14:28.054Z"}
{"level":"\u001b[32minfo\u001b[39m","message":"{\"method\":\"GET\",\"url\":\"/api/project/fetch-projects?organizationId=67869a6a1514145a64988362\",\"status\":\"304\",\"responseTime\":\"44.800\"}","timestamp":"2025-02-15T04:14:28.271Z"}
{"level":"\u001b[32minfo\u001b[39m","message":"{\"method\":\"GET\",\"url\":\"/api/project/fetch-projects?organizationId=67869a6a1514145a64988362\",\"status\":\"304\",\"responseTime\":\"52.932\"}","timestamp":"2025-02-15T04:14:30.266Z"}
{"level":"\u001b[32minfo\u001b[39m","message":"{\"method\":\"GET\",\"url\":\"/api/task/fetch-tasks\",\"status\":\"304\",\"responseTime\":\"100.992\"}","timestamp":"2025-02-15T04:14:30.318Z"}
{"level":"\u001b[32minfo\u001b[39m","message":"{\"method\":\"GET\",\"url\":\"/api/task/fetch-tasks?projectId=67a44c685dae11d3d9bf3efc\",\"status\":\"200\",\"responseTime\":\"69.106\"}","timestamp":"2025-02-15T04:14:30.461Z"}
{"level":"\u001b[32minfo\u001b[39m","message":"{\"method\":\"GET\",\"url\":\"/api/task/fetch-tasks?projectId=67a44c685dae11d3d9bf3efc\",\"status\":\"304\",\"responseTime\":\"59.381\"}","timestamp":"2025-02-15T04:14:30.529Z"}
{"level":"\u001b[32minfo\u001b[39m","message":"{\"method\":\"GET\",\"url\":\"/api/task/fetch-subTasks?parentTaskId=67a44cee5dae11d3d9bf3f09\",\"status\":\"304\",\"responseTime\":\"45.765\"}","timestamp":"2025-02-15T04:14:30.594Z"}
{"level":"\u001b[32minfo\u001b[39m","message":"{\"method\":\"GET\",\"url\":\"/api/project/fetch-projects?organizationId=67869a6a1514145a64988362\",\"status\":\"304\",\"responseTime\":\"48.061\"}","timestamp":"2025-02-15T04:14:31.898Z"}
{"level":"\u001b[32minfo\u001b[39m","message":"{\"method\":\"GET\",\"url\":\"/api/project/fetch-projects?organizationId=67869a6a1514145a64988362\",\"status\":\"304\",\"responseTime\":\"122.578\"}","timestamp":"2025-02-15T04:14:35.551Z"}
{"level":"\u001b[32minfo\u001b[39m","message":"{\"method\":\"GET\",\"url\":\"/api/task/fetch-tasks\",\"status\":\"304\",\"responseTime\":\"723.175\"}","timestamp":"2025-02-15T04:14:36.160Z"}
{"level":"\u001b[32minfo\u001b[39m","message":"{\"method\":\"GET\",\"url\":\"/api/task/fetch-tasks?projectId=67a44c685dae11d3d9bf3efc\",\"status\":\"304\",\"responseTime\":\"1080.047\"}","timestamp":"2025-02-15T04:14:37.900Z"}
{"level":"\u001b[32minfo\u001b[39m","message":"{\"method\":\"GET\",\"url\":\"/api/task/fetch-tasks?projectId=67a44c685dae11d3d9bf3efc\",\"status\":\"304\",\"responseTime\":\"87.961\"}","timestamp":"2025-02-15T04:14:38.001Z"}
{"level":"\u001b[32minfo\u001b[39m","message":"{\"method\":\"GET\",\"url\":\"/api/task/fetch-subTasks?parentTaskId=67a44cee5dae11d3d9bf3f09\",\"status\":\"304\",\"responseTime\":\"731.506\"}","timestamp":"2025-02-15T04:14:38.825Z"}
{"level":"\u001b[32minfo\u001b[39m","message":"{\"method\":\"GET\",\"url\":\"/api/project/fetch-projects?organizationId=67869a6a1514145a64988362\",\"status\":\"304\",\"responseTime\":\"112.522\"}","timestamp":"2025-02-15T04:14:42.331Z"}
{"level":"\u001b[32minfo\u001b[39m","message":"{\"method\":\"GET\",\"url\":\"/api/project/fetch-projects?organizationId=67869a6a1514145a64988362\",\"status\":\"304\",\"responseTime\":\"50.329\"}","timestamp":"2025-02-15T04:14:53.971Z"}
{"level":"\u001b[32minfo\u001b[39m","message":"{\"method\":\"GET\",\"url\":\"/api/task/fetch-tasks\",\"status\":\"304\",\"responseTime\":\"48.591\"}","timestamp":"2025-02-15T04:14:53.980Z"}
{"level":"\u001b[32minfo\u001b[39m","message":"{\"method\":\"GET\",\"url\":\"/api/task/fetch-tasks?projectId=67a44c685dae11d3d9bf3efc\",\"status\":\"304\",\"responseTime\":\"48.376\"}","timestamp":"2025-02-15T04:14:54.233Z"}
{"level":"\u001b[32minfo\u001b[39m","message":"{\"method\":\"GET\",\"url\":\"/api/task/fetch-tasks?projectId=67a44c685dae11d3d9bf3efc\",\"status\":\"304\",\"responseTime\":\"46.969\"}","timestamp":"2025-02-15T04:14:54.290Z"}
{"level":"\u001b[32minfo\u001b[39m","message":"{\"method\":\"GET\",\"url\":\"/api/task/fetch-subTasks?parentTaskId=67a44cee5dae11d3d9bf3f09\",\"status\":\"304\",\"responseTime\":\"45.289\"}","timestamp":"2025-02-15T04:14:54.414Z"}
{"level":"\u001b[32minfo\u001b[39m","message":"{\"method\":\"GET\",\"url\":\"/api/task/fetch-tasks?projectId=67a44c685dae11d3d9bf3efc\",\"status\":\"304\",\"responseTime\":\"484.895\"}","timestamp":"2025-02-15T04:14:59.406Z"}
{"level":"\u001b[32minfo\u001b[39m","message":"{\"method\":\"GET\",\"url\":\"/api/task/fetch-subTasks?parentTaskId=67a44cee5dae11d3d9bf3f09\",\"status\":\"304\",\"responseTime\":\"596.276\"}","timestamp":"2025-02-15T04:15:00.253Z"}
{"level":"\u001b[32minfo\u001b[39m","message":"{\"method\":\"GET\",\"url\":\"/api/task/fetch-tasks?projectId=67ac2d1df08d6eed0a87ef8a\",\"status\":\"200\",\"responseTime\":\"405.407\"}","timestamp":"2025-02-15T04:15:00.335Z"}
{"level":"\u001b[32minfo\u001b[39m","message":"{\"method\":\"GET\",\"url\":\"/api/task/fetch-tasks?projectId=67ac2d1df08d6eed0a87ef8a\",\"status\":\"304\",\"responseTime\":\"43.837\"}","timestamp":"2025-02-15T04:15:00.389Z"}
{"level":"\u001b[32minfo\u001b[39m","message":"{\"method\":\"POST\",\"url\":\"/api/task/create-task\",\"status\":\"200\",\"responseTime\":\"176.067\"}","timestamp":"2025-02-15T04:15:20.445Z"}
{"level":"\u001b[32minfo\u001b[39m","message":"{\"method\":\"GET\",\"url\":\"/api/task/fetch-tasks?projectId=67ac2d1df08d6eed0a87ef8a\",\"status\":\"200\",\"responseTime\":\"113.154\"}","timestamp":"2025-02-15T04:15:20.634Z"}
{"level":"\u001b[32minfo\u001b[39m","message":"{\"method\":\"GET\",\"url\":\"/api/task/fetch-subTasks?parentTaskId=67b014d8d0a8ac7fc62426bb\",\"status\":\"200\",\"responseTime\":\"138.345\"}","timestamp":"2025-02-15T04:15:20.914Z"}
{"level":"\u001b[32minfo\u001b[39m","message":"{\"method\":\"GET\",\"url\":\"/api/task/fetch-tasks?projectId=67a44c685dae11d3d9bf3efc\",\"status\":\"401\",\"responseTime\":\"5.819\"}","timestamp":"2025-02-15T04:18:31.241Z"}
{"level":"\u001b[32minfo\u001b[39m","message":"{\"method\":\"GET\",\"url\":\"/api/task/fetch-tasks?projectId=67a44c685dae11d3d9bf3efc\",\"status\":\"401\",\"responseTime\":\"8.182\"}","timestamp":"2025-02-15T04:18:31.262Z"}
{"level":"\u001b[32minfo\u001b[39m","message":"{\"method\":\"GET\",\"url\":\"/api/task/fetch-tasks?projectId=67a44c685dae11d3d9bf3efc\",\"status\":\"304\",\"responseTime\":\"86.951\"}","timestamp":"2025-02-15T04:18:31.585Z"}
{"level":"\u001b[32minfo\u001b[39m","message":"{\"method\":\"GET\",\"url\":\"/api/task/fetch-tasks?projectId=67a44c685dae11d3d9bf3efc\",\"status\":\"304\",\"responseTime\":\"185.396\"}","timestamp":"2025-02-15T04:18:31.896Z"}
{"level":"\u001b[32minfo\u001b[39m","message":"{\"method\":\"GET\",\"url\":\"/api/task/fetch-subTasks?parentTaskId=67a44cee5dae11d3d9bf3f09\",\"status\":\"304\",\"responseTime\":\"173.226\"}","timestamp":"2025-02-15T04:18:32.202Z"}
{"level":"\u001b[32minfo\u001b[39m","message":"{\"method\":\"GET\",\"url\":\"/api/task/fetch-subTasks?parentTaskId=67a5d1b3ec0a2728bc2a804c\",\"status\":\"304\",\"responseTime\":\"79.634\"}","timestamp":"2025-02-15T04:18:33.665Z"}
{"level":"\u001b[32minfo\u001b[39m","message":"{\"method\":\"GET\",\"url\":\"/api/task/fetch-subTasks?parentTaskId=67ab306944f8f042697be2ec\",\"status\":\"304\",\"responseTime\":\"424.866\"}","timestamp":"2025-02-15T04:18:34.268Z"}
{"level":"\u001b[32minfo\u001b[39m","message":"{\"method\":\"POST\",\"url\":\"/api/task/create-subTask\",\"status\":\"400\",\"responseTime\":\"150.101\"}","timestamp":"2025-02-15T04:19:03.969Z"}
{"level":"\u001b[32minfo\u001b[39m","message":"{\"method\":\"GET\",\"url\":\"/api/task/fetch-tasks?projectId=67ac2d1df08d6eed0a87ef8a\",\"status\":\"401\",\"responseTime\":\"21.208\"}","timestamp":"2025-02-15T04:20:21.211Z"}
{"level":"\u001b[32minfo\u001b[39m","message":"{\"method\":\"GET\",\"url\":\"/api/task/fetch-tasks?projectId=67ac2d1df08d6eed0a87ef8a\",\"status\":\"401\",\"responseTime\":\"9.981\"}","timestamp":"2025-02-15T04:20:21.233Z"}
{"level":"\u001b[32minfo\u001b[39m","message":"{\"method\":\"GET\",\"url\":\"/api/task/fetch-tasks?projectId=67ac2d1df08d6eed0a87ef8a\",\"status\":\"200\",\"responseTime\":\"111.563\"}","timestamp":"2025-02-15T04:20:21.503Z"}
{"level":"\u001b[32minfo\u001b[39m","message":"{\"method\":\"GET\",\"url\":\"/api/task/fetch-tasks?projectId=67ac2d1df08d6eed0a87ef8a\",\"status\":\"304\",\"responseTime\":\"55.853\"}","timestamp":"2025-02-15T04:20:21.569Z"}
{"level":"\u001b[32minfo\u001b[39m","message":"{\"method\":\"POST\",\"url\":\"/api/task/create-task\",\"status\":\"200\",\"responseTime\":\"202.708\"}","timestamp":"2025-02-15T04:20:39.288Z"}
{"level":"\u001b[32minfo\u001b[39m","message":"{\"method\":\"GET\",\"url\":\"/api/task/fetch-tasks?projectId=67ac2d1df08d6eed0a87ef8a\",\"status\":\"200\",\"responseTime\":\"168.262\"}","timestamp":"2025-02-15T04:20:39.502Z"}
{"level":"\u001b[32minfo\u001b[39m","message":"{\"method\":\"GET\",\"url\":\"/api/task/fetch-tasks?projectId=67a44cb35dae11d3d9bf3f02\",\"status\":\"200\",\"responseTime\":\"46.037\"}","timestamp":"2025-02-15T04:20:46.339Z"}
{"level":"\u001b[32minfo\u001b[39m","message":"{\"method\":\"GET\",\"url\":\"/api/task/fetch-tasks?projectId=67a44cb35dae11d3d9bf3f02\",\"status\":\"304\",\"responseTime\":\"46.347\"}","timestamp":"2025-02-15T04:20:46.392Z"}
{"level":"\u001b[32minfo\u001b[39m","message":"{\"method\":\"GET\",\"url\":\"/api/task/fetch-tasks?projectId=67ac2d1df08d6eed0a87ef8a\",\"status\":\"304\",\"responseTime\":\"150.004\"}","timestamp":"2025-02-15T04:20:47.274Z"}
{"level":"\u001b[32minfo\u001b[39m","message":"{\"method\":\"GET\",\"url\":\"/api/task/fetch-tasks?projectId=67ac2d1df08d6eed0a87ef8a\",\"status\":\"304\",\"responseTime\":\"87.289\"}","timestamp":"2025-02-15T04:20:47.373Z"}
{"level":"\u001b[32minfo\u001b[39m","message":"{\"method\":\"GET\",\"url\":\"/api/task/fetch-tasks?projectId=67a44cb35dae11d3d9bf3f02\",\"status\":\"304\",\"responseTime\":\"206.477\"}","timestamp":"2025-02-15T04:21:07.861Z"}
{"level":"\u001b[32minfo\u001b[39m","message":"{\"method\":\"GET\",\"url\":\"/api/task/fetch-tasks?projectId=67a44cb35dae11d3d9bf3f02\",\"status\":\"304\",\"responseTime\":\"86.348\"}","timestamp":"2025-02-15T04:21:07.958Z"}
{"level":"\u001b[32minfo\u001b[39m","message":"{\"method\":\"GET\",\"url\":\"/api/task/fetch-tasks?projectId=67ac2d1df08d6eed0a87ef8a\",\"status\":\"304\",\"responseTime\":\"136.160\"}","timestamp":"2025-02-15T04:21:08.984Z"}
{"level":"\u001b[32minfo\u001b[39m","message":"{\"method\":\"GET\",\"url\":\"/api/task/fetch-tasks?projectId=67ac2d1df08d6eed0a87ef8a\",\"status\":\"304\",\"responseTime\":\"88.037\"}","timestamp":"2025-02-15T04:21:09.084Z"}
{"level":"\u001b[32minfo\u001b[39m","message":"{\"method\":\"GET\",\"url\":\"/api/project/fetch-projects?organizationId=67869a6a1514145a64988362\",\"status\":\"304\",\"responseTime\":\"114.155\"}","timestamp":"2025-02-15T04:21:10.937Z"}
{"level":"\u001b[32minfo\u001b[39m","message":"{\"method\":\"GET\",\"url\":\"/api/project/fetch-projects?organizationId=67869a6a1514145a64988362\",\"status\":\"304\",\"responseTime\":\"133.291\"}","timestamp":"2025-02-15T04:21:11.954Z"}
{"level":"\u001b[32minfo\u001b[39m","message":"{\"method\":\"GET\",\"url\":\"/api/task/fetch-tasks\",\"status\":\"304\",\"responseTime\":\"145.734\"}","timestamp":"2025-02-15T04:21:11.958Z"}
{"level":"\u001b[32minfo\u001b[39m","message":"{\"method\":\"GET\",\"url\":\"/api/task/fetch-tasks?projectId=67a44c685dae11d3d9bf3efc\",\"status\":\"304\",\"responseTime\":\"489.806\"}","timestamp":"2025-02-15T04:21:12.773Z"}
{"level":"\u001b[32minfo\u001b[39m","message":"{\"method\":\"GET\",\"url\":\"/api/task/fetch-tasks?projectId=67a44c685dae11d3d9bf3efc\",\"status\":\"304\",\"responseTime\":\"102.143\"}","timestamp":"2025-02-15T04:21:12.884Z"}
{"level":"\u001b[32minfo\u001b[39m","message":"{\"method\":\"GET\",\"url\":\"/api/task/fetch-subTasks?parentTaskId=67a44cee5dae11d3d9bf3f09\",\"status\":\"304\",\"responseTime\":\"89.942\"}","timestamp":"2025-02-15T04:21:13.011Z"}
{"level":"\u001b[32minfo\u001b[39m","message":"{\"method\":\"GET\",\"url\":\"/api/task/fetch-tasks?projectId=67ac2d1df08d6eed0a87ef8a\",\"status\":\"304\",\"responseTime\":\"169.508\"}","timestamp":"2025-02-15T04:21:13.594Z"}
{"level":"\u001b[32minfo\u001b[39m","message":"{\"method\":\"GET\",\"url\":\"/api/task/fetch-tasks?projectId=67ac2d1df08d6eed0a87ef8a\",\"status\":\"304\",\"responseTime\":\"53.639\"}","timestamp":"2025-02-15T04:21:13.661Z"}
{"level":"\u001b[32minfo\u001b[39m","message":"{\"method\":\"GET\",\"url\":\"/api/task/fetch-subTasks?parentTaskId=67b016170e491e082bb443de\",\"status\":\"200\",\"responseTime\":\"83.303\"}","timestamp":"2025-02-15T04:21:13.793Z"}
{"level":"\u001b[32minfo\u001b[39m","message":"{\"method\":\"GET\",\"url\":\"/api/project/fetch-projects?organizationId=67869a6a1514145a64988362\",\"status\":\"401\",\"responseTime\":\"54.145\"}","timestamp":"2025-02-15T04:30:08.547Z"}
{"level":"\u001b[32minfo\u001b[39m","message":"{\"method\":\"GET\",\"url\":\"/api/project/fetch-projects?organizationId=67869a6a1514145a64988362\",\"status\":\"200\",\"responseTime\":\"76.075\"}","timestamp":"2025-02-15T04:30:09.054Z"}
{"level":"\u001b[32minfo\u001b[39m","message":"{\"method\":\"GET\",\"url\":\"/api/project/fetch-projects?organizationId=67869a6a1514145a64988362\",\"status\":\"304\",\"responseTime\":\"48.244\"}","timestamp":"2025-02-15T04:30:09.888Z"}
{"level":"\u001b[32minfo\u001b[39m","message":"{\"method\":\"GET\",\"url\":\"/api/task/fetch-tasks\",\"status\":\"200\",\"responseTime\":\"61.104\"}","timestamp":"2025-02-15T04:30:09.892Z"}
{"level":"\u001b[32minfo\u001b[39m","message":"{\"method\":\"GET\",\"url\":\"/api/task/fetch-tasks?projectId=67a44c685dae11d3d9bf3efc\",\"status\":\"304\",\"responseTime\":\"48.879\"}","timestamp":"2025-02-15T04:30:10.142Z"}
{"level":"\u001b[32minfo\u001b[39m","message":"{\"method\":\"GET\",\"url\":\"/api/task/fetch-tasks?projectId=67a44c685dae11d3d9bf3efc\",\"status\":\"304\",\"responseTime\":\"47.057\"}","timestamp":"2025-02-15T04:30:10.198Z"}
{"level":"\u001b[32minfo\u001b[39m","message":"{\"method\":\"GET\",\"url\":\"/api/task/fetch-subTasks?parentTaskId=67a44cee5dae11d3d9bf3f09\",\"status\":\"304\",\"responseTime\":\"48.170\"}","timestamp":"2025-02-15T04:30:10.346Z"}
{"level":"\u001b[32minfo\u001b[39m","message":"{\"method\":\"GET\",\"url\":\"/api/task/fetch-tasks?projectId=67ac2d1df08d6eed0a87ef8a\",\"status\":\"200\",\"responseTime\":\"42.246\"}","timestamp":"2025-02-15T04:30:11.261Z"}
{"level":"\u001b[32minfo\u001b[39m","message":"{\"method\":\"GET\",\"url\":\"/api/task/fetch-tasks?projectId=67ac2d1df08d6eed0a87ef8a\",\"status\":\"304\",\"responseTime\":\"44.741\"}","timestamp":"2025-02-15T04:30:11.313Z"}
{"level":"\u001b[32minfo\u001b[39m","message":"{\"method\":\"POST\",\"url\":\"/api/task/create-task\",\"status\":\"200\",\"responseTime\":\"90.472\"}","timestamp":"2025-02-15T04:30:27.540Z"}
{"level":"\u001b[32minfo\u001b[39m","message":"{\"method\":\"GET\",\"url\":\"/api/task/fetch-tasks?projectId=67ac2d1df08d6eed0a87ef8a\",\"status\":\"200\",\"responseTime\":\"47.081\"}","timestamp":"2025-02-15T04:30:27.615Z"}
{"level":"\u001b[32minfo\u001b[39m","message":"{\"method\":\"GET\",\"url\":\"/api/task/fetch-subTasks?parentTaskId=67b0186323c93aae06abd828\",\"status\":\"200\",\"responseTime\":\"46.687\"}","timestamp":"2025-02-15T04:30:27.748Z"}
{"level":"\u001b[32minfo\u001b[39m","message":"{\"method\":\"GET\",\"url\":\"/api/task/fetch-tasks?projectId=67a44cb35dae11d3d9bf3f02\",\"status\":\"304\",\"responseTime\":\"69.382\"}","timestamp":"2025-02-15T04:30:49.829Z"}
{"level":"\u001b[32minfo\u001b[39m","message":"{\"method\":\"GET\",\"url\":\"/api/task/fetch-tasks?projectId=67a44cb35dae11d3d9bf3f02\",\"status\":\"304\",\"responseTime\":\"44.629\"}","timestamp":"2025-02-15T04:30:49.880Z"}
{"level":"\u001b[32minfo\u001b[39m","message":"{\"method\":\"GET\",\"url\":\"/api/task/fetch-subTasks?parentTaskId=67a44e4a5dae11d3d9bf3f3f\",\"status\":\"200\",\"responseTime\":\"47.478\"}","timestamp":"2025-02-15T04:30:49.983Z"}
{"level":"\u001b[32minfo\u001b[39m","message":"{\"method\":\"GET\",\"url\":\"/api/task/fetch-tasks?projectId=67ac2d1df08d6eed0a87ef8a\",\"status\":\"200\",\"responseTime\":\"56.743\"}","timestamp":"2025-02-15T04:30:50.645Z"}
{"level":"\u001b[32minfo\u001b[39m","message":"{\"method\":\"GET\",\"url\":\"/api/task/fetch-tasks?projectId=67ac2d1df08d6eed0a87ef8a\",\"status\":\"304\",\"responseTime\":\"51.167\"}","timestamp":"2025-02-15T04:30:50.707Z"}
{"level":"\u001b[32minfo\u001b[39m","message":"{\"method\":\"POST\",\"url\":\"/api/task/create-task\",\"status\":\"200\",\"responseTime\":\"130.230\"}","timestamp":"2025-02-15T04:31:06.440Z"}
{"level":"\u001b[32minfo\u001b[39m","message":"{\"method\":\"GET\",\"url\":\"/api/task/fetch-tasks?projectId=67ac2d1df08d6eed0a87ef8a\",\"status\":\"200\",\"responseTime\":\"45.325\"}","timestamp":"2025-02-15T04:31:06.515Z"}
{"level":"\u001b[32minfo\u001b[39m","message":"{\"method\":\"GET\",\"url\":\"/api/task/fetch-subTasks?parentTaskId=67b0188a91d0ca7cbb6a17f6\",\"status\":\"200\",\"responseTime\":\"52.470\"}","timestamp":"2025-02-15T04:31:06.682Z"}
{"level":"\u001b[32minfo\u001b[39m","message":"{\"method\":\"GET\",\"url\":\"/api/task/fetch-tasks?projectId=67a44c685dae11d3d9bf3efc\",\"status\":\"401\",\"responseTime\":\"17.233\"}","timestamp":"2025-02-15T04:34:48.353Z"}
{"level":"\u001b[32minfo\u001b[39m","message":"{\"method\":\"GET\",\"url\":\"/api/task/fetch-tasks?projectId=67a44c685dae11d3d9bf3efc\",\"status\":\"401\",\"responseTime\":\"7.368\"}","timestamp":"2025-02-15T04:34:48.376Z"}
{"level":"\u001b[32minfo\u001b[39m","message":"{\"method\":\"GET\",\"url\":\"/api/task/fetch-tasks?projectId=67a44c685dae11d3d9bf3efc\",\"status\":\"304\",\"responseTime\":\"77.749\"}","timestamp":"2025-02-15T04:34:48.521Z"}
{"level":"\u001b[32minfo\u001b[39m","message":"{\"method\":\"GET\",\"url\":\"/api/task/fetch-tasks?projectId=67a44c685dae11d3d9bf3efc\",\"status\":\"304\",\"responseTime\":\"50.999\"}","timestamp":"2025-02-15T04:34:48.581Z"}
{"level":"\u001b[32minfo\u001b[39m","message":"{\"method\":\"GET\",\"url\":\"/api/task/fetch-subTasks?parentTaskId=67a44cee5dae11d3d9bf3f09\",\"status\":\"304\",\"responseTime\":\"84.210\"}","timestamp":"2025-02-15T04:34:48.746Z"}
{"level":"\u001b[32minfo\u001b[39m","message":"{\"method\":\"GET\",\"url\":\"/api/project/fetch-projects?organizationId=67869a6a1514145a64988362\",\"status\":\"304\",\"responseTime\":\"146.352\"}","timestamp":"2025-02-15T04:34:51.592Z"}
{"level":"\u001b[32minfo\u001b[39m","message":"{\"method\":\"GET\",\"url\":\"/api/project/fetch-projects?organizationId=67869a6a1514145a64988362\",\"status\":\"304\",\"responseTime\":\"49.691\"}","timestamp":"2025-02-15T04:34:57.625Z"}
{"level":"\u001b[32minfo\u001b[39m","message":"{\"method\":\"GET\",\"url\":\"/api/task/fetch-tasks\",\"status\":\"304\",\"responseTime\":\"48.770\"}","timestamp":"2025-02-15T04:34:57.628Z"}
{"level":"\u001b[32minfo\u001b[39m","message":"{\"method\":\"GET\",\"url\":\"/api/task/fetch-tasks?projectId=67a44c685dae11d3d9bf3efc\",\"status\":\"304\",\"responseTime\":\"45.879\"}","timestamp":"2025-02-15T04:34:57.788Z"}
{"level":"\u001b[32minfo\u001b[39m","message":"{\"method\":\"GET\",\"url\":\"/api/task/fetch-tasks?projectId=67a44c685dae11d3d9bf3efc\",\"status\":\"304\",\"responseTime\":\"49.542\"}","timestamp":"2025-02-15T04:34:57.845Z"}
{"level":"\u001b[32minfo\u001b[39m","message":"{\"method\":\"GET\",\"url\":\"/api/task/fetch-subTasks?parentTaskId=67a44cee5dae11d3d9bf3f09\",\"status\":\"304\",\"responseTime\":\"45.489\"}","timestamp":"2025-02-15T04:34:57.927Z"}
{"level":"\u001b[32minfo\u001b[39m","message":"{\"method\":\"GET\",\"url\":\"/api/task/fetch-tasks?projectId=67ac2d1df08d6eed0a87ef8a\",\"status\":\"200\",\"responseTime\":\"46.730\"}","timestamp":"2025-02-15T04:34:59.343Z"}
{"level":"\u001b[32minfo\u001b[39m","message":"{\"method\":\"GET\",\"url\":\"/api/task/fetch-tasks?projectId=67ac2d1df08d6eed0a87ef8a\",\"status\":\"304\",\"responseTime\":\"55.508\"}","timestamp":"2025-02-15T04:34:59.416Z"}
{"level":"\u001b[32minfo\u001b[39m","message":"{\"method\":\"POST\",\"url\":\"/api/task/create-task\",\"status\":\"400\",\"responseTime\":\"91.547\"}","timestamp":"2025-02-15T04:35:21.521Z"}
{"level":"\u001b[32minfo\u001b[39m","message":"{\"method\":\"POST\",\"url\":\"/api/task/create-task\",\"status\":\"401\",\"responseTime\":\"37.130\"}","timestamp":"2025-02-15T04:38:23.990Z"}
{"level":"\u001b[32minfo\u001b[39m","message":"{\"method\":\"POST\",\"url\":\"/api/task/create-task\",\"status\":\"400\",\"responseTime\":\"80.651\"}","timestamp":"2025-02-15T04:38:24.158Z"}
{"level":"\u001b[32minfo\u001b[39m","message":"{\"method\":\"POST\",\"url\":\"/api/task/create-task\",\"status\":\"401\",\"responseTime\":\"4.708\"}","timestamp":"2025-02-15T04:39:35.570Z"}
{"level":"\u001b[32minfo\u001b[39m","message":"{\"method\":\"POST\",\"url\":\"/api/task/create-task\",\"status\":\"400\",\"responseTime\":\"50.731\"}","timestamp":"2025-02-15T04:39:35.716Z"}
{"level":"\u001b[32minfo\u001b[39m","message":"{\"method\":\"POST\",\"url\":\"/api/task/create-task\",\"status\":\"401\",\"responseTime\":\"6.818\"}","timestamp":"2025-02-15T04:43:02.949Z"}
{"level":"\u001b[32minfo\u001b[39m","message":"{\"method\":\"POST\",\"url\":\"/api/task/create-task\",\"status\":\"400\",\"responseTime\":\"85.516\"}","timestamp":"2025-02-15T04:43:03.208Z"}
{"level":"\u001b[32minfo\u001b[39m","message":"{\"method\":\"POST\",\"url\":\"/api/task/create-task\",\"status\":\"400\",\"responseTime\":\"56.980\"}","timestamp":"2025-02-15T04:43:50.463Z"}
{"level":"\u001b[32minfo\u001b[39m","message":"{\"method\":\"POST\",\"url\":\"/api/task/create-task\",\"status\":\"401\",\"responseTime\":\"8.964\"}","timestamp":"2025-02-15T04:44:46.877Z"}
{"level":"\u001b[32minfo\u001b[39m","message":"{\"method\":\"POST\",\"url\":\"/api/task/create-task\",\"status\":\"400\",\"responseTime\":\"58.136\"}","timestamp":"2025-02-15T04:44:47.109Z"}
{"level":"\u001b[32minfo\u001b[39m","message":"{\"method\":\"POST\",\"url\":\"/api/task/create-task\",\"status\":\"400\",\"responseTime\":\"74.647\"}","timestamp":"2025-02-15T04:45:26.679Z"}
{"level":"\u001b[32minfo\u001b[39m","message":"{\"method\":\"POST\",\"url\":\"/api/task/create-task\",\"status\":\"200\",\"responseTime\":\"174.161\"}","timestamp":"2025-02-15T04:45:39.527Z"}
{"level":"\u001b[32minfo\u001b[39m","message":"{\"method\":\"GET\",\"url\":\"/api/task/fetch-tasks?projectId=67ac2d1df08d6eed0a87ef8a\",\"status\":\"200\",\"responseTime\":\"62.470\"}","timestamp":"2025-02-15T04:45:39.656Z"}
{"level":"\u001b[32minfo\u001b[39m","message":"{\"method\":\"GET\",\"url\":\"/api/task/fetch-subTasks?parentTaskId=67b01bf37bdb9eb813469b38\",\"status\":\"200\",\"responseTime\":\"52.878\"}","timestamp":"2025-02-15T04:45:39.862Z"}
