{"level":"\u001b[32minfo\u001b[39m","message":"{\"method\":\"GET\",\"url\":\"/api/project/fetch-projects?organizationId=67869a6a1514145a64988362\",\"status\":\"401\",\"responseTime\":\"18.127\"}","timestamp":"2025-02-07T19:25:13.439Z"}
{"level":"\u001b[32minfo\u001b[39m","message":"{\"method\":\"GET\",\"url\":\"/api/project/fetch-projects?organizationId=67869a6a1514145a64988362\",\"status\":\"304\",\"responseTime\":\"863.171\"}","timestamp":"2025-02-07T19:25:15.437Z"}
{"level":"\u001b[32minfo\u001b[39m","message":"{\"method\":\"GET\",\"url\":\"/api/project/fetchEmployees-projects?organizationId=67869a6a1514145a64988362&employeeId=67a44a46314f8fe8e568bd5e\",\"status\":\"401\",\"responseTime\":\"0.886\"}","timestamp":"2025-02-07T19:25:22.288Z"}
{"level":"\u001b[32minfo\u001b[39m","message":"{\"method\":\"GET\",\"url\":\"/api/task/fetchEmployees-tasks?employeeId=67a44a46314f8fe8e568bd5e\",\"status\":\"401\",\"responseTime\":\"2.256\"}","timestamp":"2025-02-07T19:25:22.298Z"}
{"level":"\u001b[32minfo\u001b[39m","message":"{\"method\":\"GET\",\"url\":\"/api/project/fetchEmployees-projects?organizationId=67869a6a1514145a64988362&employeeId=67a44a46314f8fe8e568bd5e\",\"status\":\"304\",\"responseTime\":\"126.847\"}","timestamp":"2025-02-07T19:25:22.606Z"}
{"level":"\u001b[32minfo\u001b[39m","message":"{\"method\":\"GET\",\"url\":\"/api/task/fetchEmployees-tasks?projectId=67a44c685dae11d3d9bf3efc&employeeId=67a44a46314f8fe8e568bd5e\",\"status\":\"304\",\"responseTime\":\"108.862\"}","timestamp":"2025-02-07T19:25:23.046Z"}
{"level":"\u001b[32minfo\u001b[39m","message":"{\"method\":\"GET\",\"url\":\"/api/task/fetchEmployees-tasks?projectId=67a44c685dae11d3d9bf3efc&employeeId=67a44a46314f8fe8e568bd5e\",\"status\":\"304\",\"responseTime\":\"128.680\"}","timestamp":"2025-02-07T19:25:23.183Z"}
{"level":"\u001b[32minfo\u001b[39m","message":"{\"method\":\"GET\",\"url\":\"/api/task/fetchEmployees-tasks?employeeId=67a44a46314f8fe8e568bd5e\",\"status\":\"304\",\"responseTime\":\"730.743\"}","timestamp":"2025-02-07T19:25:23.217Z"}
{"level":"\u001b[32minfo\u001b[39m","message":"{\"method\":\"GET\",\"url\":\"/api/task/fetch-tasks?projectId=67a44c685dae11d3d9bf3efc\",\"status\":\"304\",\"responseTime\":\"154.896\"}","timestamp":"2025-02-07T19:25:23.358Z"}
{"level":"\u001b[32minfo\u001b[39m","message":"{\"method\":\"GET\",\"url\":\"/api/task/fetch-tasks\",\"status\":\"304\",\"responseTime\":\"97.455\"}","timestamp":"2025-02-07T19:25:23.418Z"}
{"level":"\u001b[32minfo\u001b[39m","message":"{\"method\":\"GET\",\"url\":\"/api/task/fetch-subTasks?parentTaskId=67a48363ff8887115c31faf3\",\"status\":\"304\",\"responseTime\":\"104.093\"}","timestamp":"2025-02-07T19:25:23.677Z"}
{"level":"\u001b[32minfo\u001b[39m","message":"{\"method\":\"GET\",\"url\":\"/api/task/fetch-subTasks?parentTaskId=67a48363ff8887115c31faf2\",\"status\":\"304\",\"responseTime\":\"119.122\"}","timestamp":"2025-02-07T19:25:23.699Z"}
{"level":"\u001b[32minfo\u001b[39m","message":"{\"method\":\"GET\",\"url\":\"/api/project/fetchEmployees-projects?organizationId=67869a6a1514145a64988362&employeeId=67a44a46314f8fe8e568bd5e\",\"status\":\"304\",\"responseTime\":\"179.183\"}","timestamp":"2025-02-07T19:25:54.490Z"}
{"level":"\u001b[32minfo\u001b[39m","message":"{\"method\":\"GET\",\"url\":\"/api/task/fetchEmployees-tasks?employeeId=67a44a46314f8fe8e568bd5e\",\"status\":\"304\",\"responseTime\":\"176.975\"}","timestamp":"2025-02-07T19:25:54.505Z"}
{"level":"\u001b[32minfo\u001b[39m","message":"{\"method\":\"GET\",\"url\":\"/api/task/fetch-tasks\",\"status\":\"304\",\"responseTime\":\"108.874\"}","timestamp":"2025-02-07T19:25:54.681Z"}
{"level":"\u001b[32minfo\u001b[39m","message":"{\"method\":\"GET\",\"url\":\"/api/task/fetchEmployees-tasks?projectId=67a44c685dae11d3d9bf3efc&employeeId=67a44a46314f8fe8e568bd5e\",\"status\":\"304\",\"responseTime\":\"108.640\"}","timestamp":"2025-02-07T19:25:55.131Z"}
{"level":"\u001b[32minfo\u001b[39m","message":"{\"method\":\"GET\",\"url\":\"/api/task/fetchEmployees-tasks?projectId=67a44c685dae11d3d9bf3efc&employeeId=67a44a46314f8fe8e568bd5e\",\"status\":\"304\",\"responseTime\":\"92.752\"}","timestamp":"2025-02-07T19:25:55.252Z"}
{"level":"\u001b[32minfo\u001b[39m","message":"{\"method\":\"GET\",\"url\":\"/api/task/fetch-tasks?projectId=67a44c685dae11d3d9bf3efc\",\"status\":\"304\",\"responseTime\":\"91.940\"}","timestamp":"2025-02-07T19:25:55.377Z"}
{"level":"\u001b[32minfo\u001b[39m","message":"{\"method\":\"GET\",\"url\":\"/api/task/fetch-subTasks?parentTaskId=67a48363ff8887115c31faf3\",\"status\":\"304\",\"responseTime\":\"93.182\"}","timestamp":"2025-02-07T19:25:55.523Z"}
{"level":"\u001b[32minfo\u001b[39m","message":"{\"method\":\"GET\",\"url\":\"/api/task/fetch-subTasks?parentTaskId=67a48363ff8887115c31faf2\",\"status\":\"304\",\"responseTime\":\"93.464\"}","timestamp":"2025-02-07T19:25:55.534Z"}
{"level":"\u001b[32minfo\u001b[39m","message":"{\"method\":\"GET\",\"url\":\"/api/project/fetch-projects?organizationId=67869a6a1514145a64988362\",\"status\":\"304\",\"responseTime\":\"575.765\"}","timestamp":"2025-02-07T19:45:22.515Z"}
{"level":"\u001b[32minfo\u001b[39m","message":"{\"method\":\"GET\",\"url\":\"/api/task/fetch-tasks\",\"status\":\"304\",\"responseTime\":\"578.296\"}","timestamp":"2025-02-07T19:45:22.527Z"}
{"level":"\u001b[32minfo\u001b[39m","message":"{\"method\":\"GET\",\"url\":\"/api/task/fetch-tasks?projectId=67a44c685dae11d3d9bf3efc\",\"status\":\"304\",\"responseTime\":\"95.719\"}","timestamp":"2025-02-07T19:45:22.815Z"}
{"level":"\u001b[32minfo\u001b[39m","message":"{\"method\":\"GET\",\"url\":\"/api/task/fetch-tasks?projectId=67a44c685dae11d3d9bf3efc\",\"status\":\"304\",\"responseTime\":\"87.118\"}","timestamp":"2025-02-07T19:45:22.909Z"}
{"level":"\u001b[32minfo\u001b[39m","message":"{\"method\":\"GET\",\"url\":\"/api/task/fetch-subTasks?parentTaskId=67a44cee5dae11d3d9bf3f09\",\"status\":\"200\",\"responseTime\":\"86.563\"}","timestamp":"2025-02-07T19:45:23.132Z"}
{"level":"\u001b[32minfo\u001b[39m","message":"{\"method\":\"GET\",\"url\":\"/api/project/fetch-projects?organizationId=67869a6a1514145a64988362\",\"status\":\"304\",\"responseTime\":\"121.460\"}","timestamp":"2025-02-08T04:00:11.596Z"}
{"level":"\u001b[32minfo\u001b[39m","message":"{\"method\":\"GET\",\"url\":\"/api/project/fetch-projects?organizationId=67869a6a1514145a64988362\",\"status\":\"200\",\"responseTime\":\"163.806\"}","timestamp":"2025-02-08T04:25:03.416Z"}
{"level":"\u001b[32minfo\u001b[39m","message":"{\"method\":\"GET\",\"url\":\"/api/project/fetchEmployees-projects?organizationId=67869a6a1514145a64988362&employeeId=67a44a46314f8fe8e568bd5e\",\"status\":\"401\",\"responseTime\":\"31.132\"}","timestamp":"2025-02-08T07:30:21.907Z"}
{"level":"\u001b[32minfo\u001b[39m","message":"{\"method\":\"GET\",\"url\":\"/api/task/fetchEmployees-tasks?employeeId=67a44a46314f8fe8e568bd5e\",\"status\":\"401\",\"responseTime\":\"6.190\"}","timestamp":"2025-02-08T07:30:21.956Z"}
{"level":"\u001b[32minfo\u001b[39m","message":"{\"method\":\"GET\",\"url\":\"/api/project/fetchEmployees-projects?organizationId=67869a6a1514145a64988362&employeeId=67a44a46314f8fe8e568bd5e\",\"status\":\"304\",\"responseTime\":\"2708.029\"}","timestamp":"2025-02-08T07:30:25.219Z"}
{"level":"\u001b[32minfo\u001b[39m","message":"{\"method\":\"GET\",\"url\":\"/api/task/fetchEmployees-tasks?employeeId=67a44a46314f8fe8e568bd5e\",\"status\":\"304\",\"responseTime\":\"181.016\"}","timestamp":"2025-02-08T07:30:25.408Z"}
{"level":"\u001b[32minfo\u001b[39m","message":"{\"method\":\"GET\",\"url\":\"/api/task/fetch-tasks\",\"status\":\"304\",\"responseTime\":\"71.484\"}","timestamp":"2025-02-08T07:30:25.508Z"}
{"level":"\u001b[32minfo\u001b[39m","message":"{\"method\":\"GET\",\"url\":\"/api/task/fetchEmployees-tasks?projectId=67a44c685dae11d3d9bf3efc&employeeId=67a44a46314f8fe8e568bd5e\",\"status\":\"200\",\"responseTime\":\"78.892\"}","timestamp":"2025-02-08T07:30:26.795Z"}
{"level":"\u001b[32minfo\u001b[39m","message":"{\"method\":\"GET\",\"url\":\"/api/task/fetchEmployees-tasks?projectId=67a44c685dae11d3d9bf3efc&employeeId=67a44a46314f8fe8e568bd5e\",\"status\":\"304\",\"responseTime\":\"118.491\"}","timestamp":"2025-02-08T07:30:26.928Z"}
{"level":"\u001b[32minfo\u001b[39m","message":"{\"method\":\"GET\",\"url\":\"/api/task/fetch-subTasks?parentTaskId=67a48363ff8887115c31faf2\",\"status\":\"304\",\"responseTime\":\"176.168\"}","timestamp":"2025-02-08T07:30:27.147Z"}
{"level":"\u001b[32minfo\u001b[39m","message":"{\"method\":\"GET\",\"url\":\"/api/task/fetch-subTasks?parentTaskId=67a48363ff8887115c31faf3\",\"status\":\"304\",\"responseTime\":\"772.979\"}","timestamp":"2025-02-08T07:30:27.749Z"}
{"level":"\u001b[32minfo\u001b[39m","message":"{\"method\":\"GET\",\"url\":\"/api/task/fetch-tasks?projectId=67a44c685dae11d3d9bf3efc\",\"status\":\"304\",\"responseTime\":\"773.042\"}","timestamp":"2025-02-08T07:30:27.763Z"}
