{"level":"\u001b[32minfo\u001b[39m","message":"{\"method\":\"GET\",\"url\":\"/api/project/fetch-projects?organizationId=67869a6a1514145a64988362\",\"status\":\"401\",\"responseTime\":\"15.123\"}","timestamp":"2025-02-03T03:38:02.627Z"}
{"level":"\u001b[32minfo\u001b[39m","message":"{\"method\":\"GET\",\"url\":\"/api/project/fetch-projects?organizationId=67869a6a1514145a64988362\",\"status\":\"304\",\"responseTime\":\"526.736\"}","timestamp":"2025-02-03T03:38:03.395Z"}
{"level":"\u001b[32minfo\u001b[39m","message":"{\"method\":\"GET\",\"url\":\"/api/project/fetch-projects?organizationId=67869a6a1514145a64988362\",\"status\":\"304\",\"responseTime\":\"200.370\"}","timestamp":"2025-02-03T03:38:10.021Z"}
{"level":"\u001b[32minfo\u001b[39m","message":"{\"method\":\"GET\",\"url\":\"/api/project/fetch-projects?organizationId=67869a6a1514145a64988362\",\"status\":\"304\",\"responseTime\":\"279.457\"}","timestamp":"2025-02-03T03:38:13.172Z"}
{"level":"\u001b[32minfo\u001b[39m","message":"{\"method\":\"GET\",\"url\":\"/api/task/fetch-tasks?projectId=679c4532a6bfed6f8c93a934\",\"status\":\"304\",\"responseTime\":\"89.265\"}","timestamp":"2025-02-03T03:38:13.689Z"}
{"level":"\u001b[32minfo\u001b[39m","message":"{\"method\":\"GET\",\"url\":\"/api/task/fetch-tasks\",\"status\":\"304\",\"responseTime\":\"868.345\"}","timestamp":"2025-02-03T03:38:13.771Z"}
{"level":"\u001b[32minfo\u001b[39m","message":"{\"method\":\"GET\",\"url\":\"/api/task/fetch-tasks?projectId=679c4532a6bfed6f8c93a934\",\"status\":\"304\",\"responseTime\":\"80.881\"}","timestamp":"2025-02-03T03:38:13.781Z"}
{"level":"\u001b[32minfo\u001b[39m","message":"{\"method\":\"GET\",\"url\":\"/api/project/fetch-projects?organizationId=67869a6a1514145a64988362\",\"status\":\"304\",\"responseTime\":\"152.833\"}","timestamp":"2025-02-03T03:38:15.749Z"}
{"level":"\u001b[32minfo\u001b[39m","message":"{\"method\":\"GET\",\"url\":\"/api/project/fetch-projects?organizationId=67869a6a1514145a64988362\",\"status\":\"401\",\"responseTime\":\"8.747\"}","timestamp":"2025-02-03T03:51:31.310Z"}
{"level":"\u001b[32minfo\u001b[39m","message":"{\"method\":\"GET\",\"url\":\"/api/project/fetch-projects?organizationId=67869a6a1514145a64988362\",\"status\":\"304\",\"responseTime\":\"985.467\"}","timestamp":"2025-02-03T03:51:33.911Z"}
{"level":"\u001b[32minfo\u001b[39m","message":"{\"method\":\"GET\",\"url\":\"/api/project/fetch-projects?organizationId=67869a6a1514145a64988362\",\"status\":\"401\",\"responseTime\":\"3.254\"}","timestamp":"2025-02-03T03:53:02.027Z"}
{"level":"\u001b[32minfo\u001b[39m","message":"{\"method\":\"GET\",\"url\":\"/api/task/fetch-tasks\",\"status\":\"401\",\"responseTime\":\"10.074\"}","timestamp":"2025-02-03T03:53:02.041Z"}
{"level":"\u001b[32minfo\u001b[39m","message":"{\"method\":\"GET\",\"url\":\"/api/project/fetch-projects?organizationId=67869a6a1514145a64988362\",\"status\":\"304\",\"responseTime\":\"73.433\"}","timestamp":"2025-02-03T03:53:02.237Z"}
{"level":"\u001b[32minfo\u001b[39m","message":"{\"method\":\"GET\",\"url\":\"/api/task/fetch-tasks?projectId=679c4532a6bfed6f8c93a934\",\"status\":\"304\",\"responseTime\":\"115.638\"}","timestamp":"2025-02-03T03:53:02.603Z"}
{"level":"\u001b[32minfo\u001b[39m","message":"{\"method\":\"GET\",\"url\":\"/api/task/fetch-tasks?projectId=679c4532a6bfed6f8c93a934\",\"status\":\"304\",\"responseTime\":\"114.530\"}","timestamp":"2025-02-03T03:53:02.727Z"}
{"level":"\u001b[32minfo\u001b[39m","message":"{\"method\":\"GET\",\"url\":\"/api/task/fetch-tasks\",\"status\":\"304\",\"responseTime\":\"778.986\"}","timestamp":"2025-02-03T03:53:02.958Z"}
{"level":"\u001b[32minfo\u001b[39m","message":"{\"method\":\"GET\",\"url\":\"/api/task/fetch-tasks?projectId=679c4532a6bfed6f8c93a934\",\"status\":\"304\",\"responseTime\":\"87.130\"}","timestamp":"2025-02-03T03:53:06.941Z"}
{"level":"\u001b[32minfo\u001b[39m","message":"{\"method\":\"GET\",\"url\":\"/api/task/fetch-tasks?projectId=679c4532a6bfed6f8c93a934\",\"status\":\"304\",\"responseTime\":\"83.989\"}","timestamp":"2025-02-03T03:53:07.917Z"}
{"level":"\u001b[32minfo\u001b[39m","message":"{\"method\":\"GET\",\"url\":\"/api/task/fetch-tasks?projectId=679c456aa6bfed6f8c93a937\",\"status\":\"304\",\"responseTime\":\"59.047\"}","timestamp":"2025-02-03T03:53:28.304Z"}
{"level":"\u001b[32minfo\u001b[39m","message":"{\"method\":\"GET\",\"url\":\"/api/task/fetch-tasks?projectId=679c456aa6bfed6f8c93a937\",\"status\":\"304\",\"responseTime\":\"75.499\"}","timestamp":"2025-02-03T03:53:28.386Z"}
{"level":"\u001b[32minfo\u001b[39m","message":"{\"method\":\"GET\",\"url\":\"/api/task/fetch-tasks?projectId=679c456aa6bfed6f8c93a937\",\"status\":\"304\",\"responseTime\":\"86.756\"}","timestamp":"2025-02-03T03:53:28.478Z"}
{"level":"\u001b[32minfo\u001b[39m","message":"{\"method\":\"GET\",\"url\":\"/api/task/fetch-tasks?projectId=679c456aa6bfed6f8c93a937\",\"status\":\"304\",\"responseTime\":\"76.492\"}","timestamp":"2025-02-03T03:53:28.560Z"}
{"level":"\u001b[32minfo\u001b[39m","message":"{\"method\":\"GET\",\"url\":\"/api/task/fetch-tasks?projectId=679c4532a6bfed6f8c93a934\",\"status\":\"304\",\"responseTime\":\"54.788\"}","timestamp":"2025-02-03T03:53:30.262Z"}
{"level":"\u001b[32minfo\u001b[39m","message":"{\"method\":\"GET\",\"url\":\"/api/task/fetch-tasks?projectId=679c4532a6bfed6f8c93a934\",\"status\":\"304\",\"responseTime\":\"84.853\"}","timestamp":"2025-02-03T03:53:30.353Z"}
{"level":"\u001b[32minfo\u001b[39m","message":"{\"method\":\"GET\",\"url\":\"/api/task/fetch-tasks?projectId=679c4532a6bfed6f8c93a934\",\"status\":\"304\",\"responseTime\":\"68.423\"}","timestamp":"2025-02-03T03:53:30.429Z"}
{"level":"\u001b[32minfo\u001b[39m","message":"{\"method\":\"GET\",\"url\":\"/api/task/fetch-tasks?projectId=679c4532a6bfed6f8c93a934\",\"status\":\"304\",\"responseTime\":\"84.880\"}","timestamp":"2025-02-03T03:53:30.522Z"}
{"level":"\u001b[32minfo\u001b[39m","message":"{\"method\":\"GET\",\"url\":\"/api/project/fetch-projects?organizationId=67869a6a1514145a64988362\",\"status\":\"304\",\"responseTime\":\"119.830\"}","timestamp":"2025-02-03T03:56:00.245Z"}
{"level":"\u001b[32minfo\u001b[39m","message":"{\"method\":\"GET\",\"url\":\"/api/project/fetchEmployees-projects?organizationId=67869a6a1514145a64988362&employeeId=67869f7defffdbe0c161c74a\",\"status\":\"304\",\"responseTime\":\"62.894\"}","timestamp":"2025-02-03T03:56:15.116Z"}
{"level":"\u001b[32minfo\u001b[39m","message":"{\"method\":\"GET\",\"url\":\"/api/task/fetchEmployees-Alltasks?employeeId=67869f7defffdbe0c161c74a\",\"status\":\"304\",\"responseTime\":\"66.736\"}","timestamp":"2025-02-03T03:56:15.133Z"}
{"level":"\u001b[32minfo\u001b[39m","message":"{\"method\":\"GET\",\"url\":\"/api/project/fetchEmployees-projects?organizationId=67869a6a1514145a64988362&employeeId=67869f7defffdbe0c161c74a\",\"status\":\"304\",\"responseTime\":\"80.334\"}","timestamp":"2025-02-03T03:56:48.193Z"}
{"level":"\u001b[32minfo\u001b[39m","message":"{\"method\":\"GET\",\"url\":\"/api/project/fetchEmployees-projects?organizationId=67869a6a1514145a64988362&employeeId=67869f7defffdbe0c161c74a\",\"status\":\"304\",\"responseTime\":\"53.402\"}","timestamp":"2025-02-03T03:56:49.585Z"}
{"level":"\u001b[32minfo\u001b[39m","message":"{\"method\":\"GET\",\"url\":\"/api/task/fetchEmployees-tasks?employeeId=67869f7defffdbe0c161c74a\",\"status\":\"304\",\"responseTime\":\"52.324\"}","timestamp":"2025-02-03T03:56:49.587Z"}
{"level":"\u001b[32minfo\u001b[39m","message":"{\"method\":\"GET\",\"url\":\"/api/task/fetch-tasks?projectId=679c4532a6bfed6f8c93a934\",\"status\":\"304\",\"responseTime\":\"105.992\"}","timestamp":"2025-02-03T03:56:49.905Z"}
{"level":"\u001b[32minfo\u001b[39m","message":"{\"method\":\"GET\",\"url\":\"/api/task/fetch-tasks?projectId=679c4532a6bfed6f8c93a934\",\"status\":\"304\",\"responseTime\":\"80.867\"}","timestamp":"2025-02-03T03:56:49.993Z"}
{"level":"\u001b[32minfo\u001b[39m","message":"{\"method\":\"GET\",\"url\":\"/api/project/fetchEmployees-projects?organizationId=67869a6a1514145a64988362&employeeId=67869f7defffdbe0c161c74a\",\"status\":\"304\",\"responseTime\":\"65.303\"}","timestamp":"2025-02-03T03:56:51.363Z"}
{"level":"\u001b[32minfo\u001b[39m","message":"{\"method\":\"GET\",\"url\":\"/api/project/fetchEmployees-projects?organizationId=67869a6a1514145a64988362&employeeId=67869f7defffdbe0c161c74a\",\"status\":\"304\",\"responseTime\":\"60.146\"}","timestamp":"2025-02-03T03:56:52.896Z"}
{"level":"\u001b[32minfo\u001b[39m","message":"{\"method\":\"GET\",\"url\":\"/api/task/fetchEmployees-tasks?employeeId=67869f7defffdbe0c161c74a\",\"status\":\"304\",\"responseTime\":\"102.280\"}","timestamp":"2025-02-03T03:56:52.943Z"}
{"level":"\u001b[32minfo\u001b[39m","message":"{\"method\":\"GET\",\"url\":\"/api/task/fetch-tasks?projectId=679c4532a6bfed6f8c93a934\",\"status\":\"304\",\"responseTime\":\"138.755\"}","timestamp":"2025-02-03T03:56:53.232Z"}
{"level":"\u001b[32minfo\u001b[39m","message":"{\"method\":\"GET\",\"url\":\"/api/task/fetch-tasks?projectId=679c4532a6bfed6f8c93a934\",\"status\":\"304\",\"responseTime\":\"175.305\"}","timestamp":"2025-02-03T03:56:53.417Z"}
{"level":"\u001b[32minfo\u001b[39m","message":"{\"method\":\"GET\",\"url\":\"/api/task/fetchEmployees-tasks?projectId=679c456aa6bfed6f8c93a937&employeeId=67869f7defffdbe0c161c74a\",\"status\":\"304\",\"responseTime\":\"65.945\"}","timestamp":"2025-02-03T03:56:57.082Z"}
{"level":"\u001b[32minfo\u001b[39m","message":"{\"method\":\"GET\",\"url\":\"/api/task/fetchEmployees-tasks?projectId=679c456aa6bfed6f8c93a937&employeeId=67869f7defffdbe0c161c74a\",\"status\":\"304\",\"responseTime\":\"67.256\"}","timestamp":"2025-02-03T03:56:57.159Z"}
{"level":"\u001b[32minfo\u001b[39m","message":"{\"method\":\"GET\",\"url\":\"/api/project/fetch-projects?organizationId=67869a6a1514145a64988362\",\"status\":\"304\",\"responseTime\":\"85.605\"}","timestamp":"2025-02-03T03:59:11.201Z"}
{"level":"\u001b[32minfo\u001b[39m","message":"{\"method\":\"GET\",\"url\":\"/api/project/fetch-projects?organizationId=67869a6a1514145a64988362\",\"status\":\"401\",\"responseTime\":\"5.690\"}","timestamp":"2025-02-03T04:24:15.194Z"}
{"level":"\u001b[32minfo\u001b[39m","message":"{\"method\":\"GET\",\"url\":\"/api/project/fetch-projects?organizationId=67869a6a1514145a64988362\",\"status\":\"304\",\"responseTime\":\"698.341\"}","timestamp":"2025-02-03T04:24:17.066Z"}
{"level":"\u001b[32minfo\u001b[39m","message":"{\"method\":\"GET\",\"url\":\"/api/project/fetch-projects?organizationId=67869a6a1514145a64988362\",\"status\":\"304\",\"responseTime\":\"55.597\"}","timestamp":"2025-02-03T04:24:21.640Z"}
{"level":"\u001b[32minfo\u001b[39m","message":"{\"method\":\"GET\",\"url\":\"/api/project/fetch-projects?organizationId=67869a6a1514145a64988362\",\"status\":\"401\",\"responseTime\":\"6.153\"}","timestamp":"2025-02-03T04:33:04.727Z"}
{"level":"\u001b[32minfo\u001b[39m","message":"{\"method\":\"GET\",\"url\":\"/api/project/fetch-projects?organizationId=67869a6a1514145a64988362\",\"status\":\"304\",\"responseTime\":\"83.836\"}","timestamp":"2025-02-03T04:33:05.147Z"}
{"level":"\u001b[32minfo\u001b[39m","message":"{\"method\":\"GET\",\"url\":\"/api/project/fetch-projects?organizationId=67869a6a1514145a64988362\",\"status\":\"304\",\"responseTime\":\"66.528\"}","timestamp":"2025-02-03T04:33:25.861Z"}
{"level":"\u001b[32minfo\u001b[39m","message":"{\"method\":\"GET\",\"url\":\"/api/project/fetch-projects?organizationId=67869a6a1514145a64988362\",\"status\":\"304\",\"responseTime\":\"946.801\"}","timestamp":"2025-02-03T04:33:47.469Z"}
{"level":"\u001b[32minfo\u001b[39m","message":"{\"method\":\"POST\",\"url\":\"/api/project/create-project\",\"status\":\"401\",\"responseTime\":\"47.097\"}","timestamp":"2025-02-03T04:34:33.865Z"}
{"level":"\u001b[32minfo\u001b[39m","message":"{\"method\":\"POST\",\"url\":\"/api/project/create-project\",\"status\":\"200\",\"responseTime\":\"90.164\"}","timestamp":"2025-02-03T04:34:34.361Z"}
{"level":"\u001b[32minfo\u001b[39m","message":"{\"method\":\"GET\",\"url\":\"/api/project/fetch-projects?organizationId=67869a6a1514145a64988362\",\"status\":\"200\",\"responseTime\":\"64.098\"}","timestamp":"2025-02-03T04:34:34.441Z"}
{"level":"\u001b[32minfo\u001b[39m","message":"{\"method\":\"GET\",\"url\":\"/api/project/fetch-projects?organizationId=67869a6a1514145a64988362\",\"status\":\"304\",\"responseTime\":\"68.387\"}","timestamp":"2025-02-03T04:34:38.044Z"}
{"level":"\u001b[32minfo\u001b[39m","message":"{\"method\":\"GET\",\"url\":\"/api/task/fetch-tasks?projectId=679c4532a6bfed6f8c93a934\",\"status\":\"304\",\"responseTime\":\"51.368\"}","timestamp":"2025-02-03T04:34:38.303Z"}
{"level":"\u001b[32minfo\u001b[39m","message":"{\"method\":\"GET\",\"url\":\"/api/task/fetch-tasks\",\"status\":\"304\",\"responseTime\":\"363.421\"}","timestamp":"2025-02-03T04:34:38.346Z"}
{"level":"\u001b[32minfo\u001b[39m","message":"{\"method\":\"GET\",\"url\":\"/api/task/fetch-tasks?projectId=679c4532a6bfed6f8c93a934\",\"status\":\"304\",\"responseTime\":\"56.271\"}","timestamp":"2025-02-03T04:34:38.367Z"}
{"level":"\u001b[32minfo\u001b[39m","message":"{\"method\":\"GET\",\"url\":\"/api/task/fetch-tasks?projectId=67a0475a347d7437bb9b3d95\",\"status\":\"200\",\"responseTime\":\"51.544\"}","timestamp":"2025-02-03T04:34:39.607Z"}
{"level":"\u001b[32minfo\u001b[39m","message":"{\"method\":\"GET\",\"url\":\"/api/task/fetch-tasks?projectId=67a0475a347d7437bb9b3d95\",\"status\":\"304\",\"responseTime\":\"55.040\"}","timestamp":"2025-02-03T04:34:39.669Z"}
{"level":"\u001b[32minfo\u001b[39m","message":"{\"method\":\"POST\",\"url\":\"/api/task/create-task\",\"status\":\"200\",\"responseTime\":\"89.890\"}","timestamp":"2025-02-03T04:35:12.692Z"}
{"level":"\u001b[32minfo\u001b[39m","message":"{\"method\":\"GET\",\"url\":\"/api/task/fetch-tasks?projectId=67a0475a347d7437bb9b3d95\",\"status\":\"200\",\"responseTime\":\"53.087\"}","timestamp":"2025-02-03T04:35:12.767Z"}
{"level":"\u001b[32minfo\u001b[39m","message":"{\"method\":\"GET\",\"url\":\"/api/project/fetchEmployees-projects?organizationId=67869a6a1514145a64988362&employeeId=67869f7defffdbe0c161c74a\",\"status\":\"401\",\"responseTime\":\"3.068\"}","timestamp":"2025-02-03T04:35:16.388Z"}
{"level":"\u001b[32minfo\u001b[39m","message":"{\"method\":\"GET\",\"url\":\"/api/task/fetchEmployees-tasks?employeeId=67869f7defffdbe0c161c74a\",\"status\":\"401\",\"responseTime\":\"3.612\"}","timestamp":"2025-02-03T04:35:16.395Z"}
{"level":"\u001b[32minfo\u001b[39m","message":"{\"method\":\"GET\",\"url\":\"/api/project/fetchEmployees-projects?organizationId=67869a6a1514145a64988362&employeeId=67869f7defffdbe0c161c74a\",\"status\":\"200\",\"responseTime\":\"57.553\"}","timestamp":"2025-02-03T04:35:16.556Z"}
{"level":"\u001b[32minfo\u001b[39m","message":"{\"method\":\"GET\",\"url\":\"/api/task/fetch-tasks?projectId=679c4532a6bfed6f8c93a934\",\"status\":\"304\",\"responseTime\":\"79.639\"}","timestamp":"2025-02-03T04:35:16.811Z"}
{"level":"\u001b[32minfo\u001b[39m","message":"{\"method\":\"GET\",\"url\":\"/api/task/fetch-tasks?projectId=679c4532a6bfed6f8c93a934\",\"status\":\"304\",\"responseTime\":\"53.998\"}","timestamp":"2025-02-03T04:35:16.872Z"}
{"level":"\u001b[32minfo\u001b[39m","message":"{\"method\":\"GET\",\"url\":\"/api/task/fetchEmployees-tasks?employeeId=67869f7defffdbe0c161c74a\",\"status\":\"304\",\"responseTime\":\"50.224\"}","timestamp":"2025-02-03T04:35:17.043Z"}
{"level":"\u001b[32minfo\u001b[39m","message":"{\"method\":\"GET\",\"url\":\"/api/task/fetch-tasks?projectId=67a0475a347d7437bb9b3d95\",\"status\":\"200\",\"responseTime\":\"53.788\"}","timestamp":"2025-02-03T04:35:18.188Z"}
{"level":"\u001b[32minfo\u001b[39m","message":"{\"method\":\"GET\",\"url\":\"/api/task/fetch-tasks?projectId=67a0475a347d7437bb9b3d95\",\"status\":\"304\",\"responseTime\":\"51.708\"}","timestamp":"2025-02-03T04:35:18.252Z"}
{"level":"\u001b[32minfo\u001b[39m","message":"{\"method\":\"GET\",\"url\":\"/api/task/fetch-tasks?projectId=679c4597a6bfed6f8c93a93a\",\"status\":\"401\",\"responseTime\":\"3.104\"}","timestamp":"2025-02-03T04:36:07.107Z"}
{"level":"\u001b[32minfo\u001b[39m","message":"{\"method\":\"GET\",\"url\":\"/api/task/fetch-tasks?projectId=679c4597a6bfed6f8c93a93a\",\"status\":\"401\",\"responseTime\":\"2.863\"}","timestamp":"2025-02-03T04:36:07.117Z"}
{"level":"\u001b[32minfo\u001b[39m","message":"{\"method\":\"GET\",\"url\":\"/api/task/fetch-tasks?projectId=679c4597a6bfed6f8c93a93a\",\"status\":\"304\",\"responseTime\":\"65.367\"}","timestamp":"2025-02-03T04:36:07.260Z"}
{"level":"\u001b[32minfo\u001b[39m","message":"{\"method\":\"GET\",\"url\":\"/api/task/fetch-tasks?projectId=679c4597a6bfed6f8c93a93a\",\"status\":\"304\",\"responseTime\":\"49.479\"}","timestamp":"2025-02-03T04:36:07.315Z"}
{"level":"\u001b[32minfo\u001b[39m","message":"{\"method\":\"GET\",\"url\":\"/api/task/fetch-tasks?projectId=67a0475a347d7437bb9b3d95\",\"status\":\"200\",\"responseTime\":\"50.764\"}","timestamp":"2025-02-03T04:36:08.085Z"}
{"level":"\u001b[32minfo\u001b[39m","message":"{\"method\":\"GET\",\"url\":\"/api/task/fetch-tasks?projectId=67a0475a347d7437bb9b3d95\",\"status\":\"304\",\"responseTime\":\"52.152\"}","timestamp":"2025-02-03T04:36:08.146Z"}
{"level":"\u001b[32minfo\u001b[39m","message":"{\"method\":\"GET\",\"url\":\"/api/project/fetch-projects?organizationId=67869a6a1514145a64988362\",\"status\":\"200\",\"responseTime\":\"57.092\"}","timestamp":"2025-02-03T04:36:10.595Z"}
{"level":"\u001b[32minfo\u001b[39m","message":"{\"method\":\"GET\",\"url\":\"/api/project/fetch-projects?organizationId=67869a6a1514145a64988362\",\"status\":\"304\",\"responseTime\":\"60.669\"}","timestamp":"2025-02-03T04:36:11.297Z"}
{"level":"\u001b[32minfo\u001b[39m","message":"{\"method\":\"GET\",\"url\":\"/api/task/fetch-tasks\",\"status\":\"304\",\"responseTime\":\"79.122\"}","timestamp":"2025-02-03T04:36:11.320Z"}
{"level":"\u001b[32minfo\u001b[39m","message":"{\"method\":\"GET\",\"url\":\"/api/task/fetch-tasks?projectId=679c4532a6bfed6f8c93a934\",\"status\":\"304\",\"responseTime\":\"131.074\"}","timestamp":"2025-02-03T04:36:11.571Z"}
{"level":"\u001b[32minfo\u001b[39m","message":"{\"method\":\"GET\",\"url\":\"/api/task/fetch-tasks?projectId=679c4532a6bfed6f8c93a934\",\"status\":\"304\",\"responseTime\":\"68.659\"}","timestamp":"2025-02-03T04:36:11.648Z"}
{"level":"\u001b[32minfo\u001b[39m","message":"{\"method\":\"GET\",\"url\":\"/api/project/fetchEmployees-projects?organizationId=67869a6a1514145a64988362&employeeId=67869f7defffdbe0c161c74a\",\"status\":\"200\",\"responseTime\":\"57.682\"}","timestamp":"2025-02-03T04:36:15.103Z"}
{"level":"\u001b[32minfo\u001b[39m","message":"{\"method\":\"GET\",\"url\":\"/api/project/fetchEmployees-projects?organizationId=67869a6a1514145a64988362&employeeId=67869f7defffdbe0c161c74a\",\"status\":\"401\",\"responseTime\":\"2.877\"}","timestamp":"2025-02-03T04:36:16.056Z"}
{"level":"\u001b[32minfo\u001b[39m","message":"{\"method\":\"GET\",\"url\":\"/api/task/fetchEmployees-tasks?employeeId=67869f7defffdbe0c161c74a\",\"status\":\"401\",\"responseTime\":\"5.618\"}","timestamp":"2025-02-03T04:36:16.065Z"}
{"level":"\u001b[32minfo\u001b[39m","message":"{\"method\":\"GET\",\"url\":\"/api/project/fetchEmployees-projects?organizationId=67869a6a1514145a64988362&employeeId=67869f7defffdbe0c161c74a\",\"status\":\"304\",\"responseTime\":\"65.074\"}","timestamp":"2025-02-03T04:36:16.226Z"}
{"level":"\u001b[32minfo\u001b[39m","message":"{\"method\":\"GET\",\"url\":\"/api/task/fetchEmployees-tasks?employeeId=67869f7defffdbe0c161c74a\",\"status\":\"304\",\"responseTime\":\"63.440\"}","timestamp":"2025-02-03T04:36:16.230Z"}
{"level":"\u001b[32minfo\u001b[39m","message":"{\"method\":\"GET\",\"url\":\"/api/task/fetch-tasks?projectId=679c4532a6bfed6f8c93a934\",\"status\":\"304\",\"responseTime\":\"63.128\"}","timestamp":"2025-02-03T04:36:16.419Z"}
{"level":"\u001b[32minfo\u001b[39m","message":"{\"method\":\"GET\",\"url\":\"/api/task/fetch-tasks?projectId=679c4532a6bfed6f8c93a934\",\"status\":\"304\",\"responseTime\":\"58.673\"}","timestamp":"2025-02-03T04:36:16.484Z"}
{"level":"\u001b[32minfo\u001b[39m","message":"{\"method\":\"GET\",\"url\":\"/api/task/fetch-tasks?projectId=679c4532a6bfed6f8c93a934\",\"status\":\"304\",\"responseTime\":\"75.986\"}","timestamp":"2025-02-03T04:36:33.046Z"}
{"level":"\u001b[32minfo\u001b[39m","message":"{\"method\":\"GET\",\"url\":\"/api/task/fetch-tasks?projectId=679c4532a6bfed6f8c93a934\",\"status\":\"304\",\"responseTime\":\"50.949\"}","timestamp":"2025-02-03T04:36:36.825Z"}
{"level":"\u001b[32minfo\u001b[39m","message":"{\"method\":\"GET\",\"url\":\"/api/task/fetch-tasks?projectId=679c4532a6bfed6f8c93a934\",\"status\":\"304\",\"responseTime\":\"51.972\"}","timestamp":"2025-02-03T04:36:40.656Z"}
{"level":"\u001b[32minfo\u001b[39m","message":"{\"method\":\"GET\",\"url\":\"/api/project/fetch-projects?organizationId=67869a6a1514145a64988362\",\"status\":\"304\",\"responseTime\":\"73.192\"}","timestamp":"2025-02-03T04:36:50.171Z"}
{"level":"\u001b[32minfo\u001b[39m","message":"{\"method\":\"GET\",\"url\":\"/api/project/fetchEmployees-projects?organizationId=67869a6a1514145a64988362&employeeId=67869f7defffdbe0c161c74a\",\"status\":\"304\",\"responseTime\":\"55.786\"}","timestamp":"2025-02-03T04:36:55.797Z"}
{"level":"\u001b[32minfo\u001b[39m","message":"{\"method\":\"GET\",\"url\":\"/api/task/fetchEmployees-Alltasks?employeeId=67869f7defffdbe0c161c74a\",\"status\":\"304\",\"responseTime\":\"59.860\"}","timestamp":"2025-02-03T04:36:55.806Z"}
{"level":"\u001b[32minfo\u001b[39m","message":"{\"method\":\"GET\",\"url\":\"/api/project/fetch-projects?organizationId=67869a6a1514145a64988362\",\"status\":\"401\",\"responseTime\":\"5.920\"}","timestamp":"2025-02-03T05:09:19.905Z"}
{"level":"\u001b[32minfo\u001b[39m","message":"{\"method\":\"GET\",\"url\":\"/api/project/fetch-projects?organizationId=67869a6a1514145a64988362\",\"status\":\"304\",\"responseTime\":\"161.312\"}","timestamp":"2025-02-03T05:09:21.748Z"}
{"level":"\u001b[32minfo\u001b[39m","message":"{\"method\":\"GET\",\"url\":\"/api/project/fetch-projects?organizationId=67869a6a1514145a64988362\",\"status\":\"401\",\"responseTime\":\"16.639\"}","timestamp":"2025-02-03T05:39:35.129Z"}
{"level":"\u001b[32minfo\u001b[39m","message":"{\"method\":\"GET\",\"url\":\"/api/project/fetch-projects?organizationId=67869a6a1514145a64988362\",\"status\":\"304\",\"responseTime\":\"459.580\"}","timestamp":"2025-02-03T05:39:36.551Z"}
{"level":"\u001b[32minfo\u001b[39m","message":"{\"method\":\"GET\",\"url\":\"/api/project/fetch-projects?organizationId=67869a6a1514145a64988362\",\"status\":\"304\",\"responseTime\":\"111.538\"}","timestamp":"2025-02-03T05:42:24.262Z"}
{"level":"\u001b[32minfo\u001b[39m","message":"{\"method\":\"GET\",\"url\":\"/api/task/fetch-tasks?projectId=679c4532a6bfed6f8c93a934\",\"status\":\"304\",\"responseTime\":\"64.846\"}","timestamp":"2025-02-03T05:42:24.585Z"}
{"level":"\u001b[32minfo\u001b[39m","message":"{\"method\":\"GET\",\"url\":\"/api/task/fetch-tasks\",\"status\":\"304\",\"responseTime\":\"485.129\"}","timestamp":"2025-02-03T05:42:24.646Z"}
{"level":"\u001b[32minfo\u001b[39m","message":"{\"method\":\"GET\",\"url\":\"/api/task/fetch-tasks?projectId=679c4532a6bfed6f8c93a934\",\"status\":\"304\",\"responseTime\":\"64.635\"}","timestamp":"2025-02-03T05:42:24.661Z"}
{"level":"\u001b[32minfo\u001b[39m","message":"{\"method\":\"GET\",\"url\":\"/api/project/fetch-projects?organizationId=67869a6a1514145a64988362\",\"status\":\"401\",\"responseTime\":\"8.185\"}","timestamp":"2025-02-03T05:42:37.211Z"}
{"level":"\u001b[32minfo\u001b[39m","message":"{\"method\":\"GET\",\"url\":\"/api/project/fetch-projects?organizationId=67869a6a1514145a64988362\",\"status\":\"304\",\"responseTime\":\"71.912\"}","timestamp":"2025-02-03T05:42:37.485Z"}
{"level":"\u001b[32minfo\u001b[39m","message":"{\"method\":\"GET\",\"url\":\"/api/project/fetch-projects?organizationId=67869a6a1514145a64988362\",\"status\":\"304\",\"responseTime\":\"57.825\"}","timestamp":"2025-02-03T05:42:46.137Z"}
{"level":"\u001b[32minfo\u001b[39m","message":"{\"method\":\"GET\",\"url\":\"/api/project/fetch-projects?organizationId=67869a6a1514145a64988362\",\"status\":\"304\",\"responseTime\":\"53.986\"}","timestamp":"2025-02-03T05:43:08.480Z"}
{"level":"\u001b[32minfo\u001b[39m","message":"{\"method\":\"GET\",\"url\":\"/api/project/fetch-projects?organizationId=67869a6a1514145a64988362\",\"status\":\"304\",\"responseTime\":\"57.832\"}","timestamp":"2025-02-03T05:43:19.452Z"}
{"level":"\u001b[32minfo\u001b[39m","message":"{\"method\":\"GET\",\"url\":\"/api/task/fetch-tasks\",\"status\":\"304\",\"responseTime\":\"55.909\"}","timestamp":"2025-02-03T05:43:19.454Z"}
{"level":"\u001b[32minfo\u001b[39m","message":"{\"method\":\"GET\",\"url\":\"/api/task/fetch-tasks?projectId=679c4532a6bfed6f8c93a934\",\"status\":\"304\",\"responseTime\":\"53.125\"}","timestamp":"2025-02-03T05:43:19.638Z"}
{"level":"\u001b[32minfo\u001b[39m","message":"{\"method\":\"GET\",\"url\":\"/api/task/fetch-tasks?projectId=679c4532a6bfed6f8c93a934\",\"status\":\"304\",\"responseTime\":\"131.721\"}","timestamp":"2025-02-03T05:43:19.777Z"}
{"level":"\u001b[32minfo\u001b[39m","message":"{\"method\":\"GET\",\"url\":\"/api/project/fetch-projects?organizationId=67869a6a1514145a64988362\",\"status\":\"304\",\"responseTime\":\"58.462\"}","timestamp":"2025-02-03T05:43:30.532Z"}
{"level":"\u001b[32minfo\u001b[39m","message":"{\"method\":\"GET\",\"url\":\"/api/project/fetch-projects?organizationId=67869a6a1514145a64988362\",\"status\":\"304\",\"responseTime\":\"94.511\"}","timestamp":"2025-02-03T05:43:52.752Z"}
{"level":"\u001b[32minfo\u001b[39m","message":"{\"method\":\"GET\",\"url\":\"/api/task/fetch-tasks\",\"status\":\"304\",\"responseTime\":\"71.650\"}","timestamp":"2025-02-03T05:43:54.657Z"}
{"level":"\u001b[32minfo\u001b[39m","message":"{\"method\":\"GET\",\"url\":\"/api/project/fetch-projects?organizationId=67869a6a1514145a64988362\",\"status\":\"304\",\"responseTime\":\"89.558\"}","timestamp":"2025-02-03T05:43:54.668Z"}
{"level":"\u001b[32minfo\u001b[39m","message":"{\"method\":\"GET\",\"url\":\"/api/task/fetch-tasks?projectId=679c4532a6bfed6f8c93a934\",\"status\":\"304\",\"responseTime\":\"53.925\"}","timestamp":"2025-02-03T05:43:54.913Z"}
{"level":"\u001b[32minfo\u001b[39m","message":"{\"method\":\"GET\",\"url\":\"/api/task/fetch-tasks?projectId=679c4532a6bfed6f8c93a934\",\"status\":\"304\",\"responseTime\":\"195.949\"}","timestamp":"2025-02-03T05:43:55.117Z"}
{"level":"\u001b[32minfo\u001b[39m","message":"{\"method\":\"GET\",\"url\":\"/api/project/fetch-projects?organizationId=67869a6a1514145a64988362\",\"status\":\"304\",\"responseTime\":\"62.284\"}","timestamp":"2025-02-03T05:43:55.954Z"}
{"level":"\u001b[32minfo\u001b[39m","message":"{\"method\":\"GET\",\"url\":\"/api/project/fetch-projects?organizationId=67869a6a1514145a64988362\",\"status\":\"304\",\"responseTime\":\"60.896\"}","timestamp":"2025-02-03T05:44:17.048Z"}
{"level":"\u001b[32minfo\u001b[39m","message":"{\"method\":\"GET\",\"url\":\"/api/project/fetch-projects?organizationId=67869a6a1514145a64988362\",\"status\":\"304\",\"responseTime\":\"82.661\"}","timestamp":"2025-02-03T05:44:22.385Z"}
{"level":"\u001b[32minfo\u001b[39m","message":"{\"method\":\"GET\",\"url\":\"/api/task/fetch-tasks\",\"status\":\"304\",\"responseTime\":\"55.531\"}","timestamp":"2025-02-03T05:44:27.284Z"}
{"level":"\u001b[32minfo\u001b[39m","message":"{\"method\":\"GET\",\"url\":\"/api/project/fetch-projects?organizationId=67869a6a1514145a64988362\",\"status\":\"304\",\"responseTime\":\"79.127\"}","timestamp":"2025-02-03T05:44:27.295Z"}
{"level":"\u001b[32minfo\u001b[39m","message":"{\"method\":\"GET\",\"url\":\"/api/task/fetch-tasks?projectId=679c4532a6bfed6f8c93a934\",\"status\":\"304\",\"responseTime\":\"298.993\"}","timestamp":"2025-02-03T05:44:27.787Z"}
{"level":"\u001b[32minfo\u001b[39m","message":"{\"method\":\"GET\",\"url\":\"/api/task/fetch-tasks?projectId=679c4532a6bfed6f8c93a934\",\"status\":\"304\",\"responseTime\":\"79.258\"}","timestamp":"2025-02-03T05:44:27.874Z"}
{"level":"\u001b[32minfo\u001b[39m","message":"{\"method\":\"GET\",\"url\":\"/api/project/fetch-projects?organizationId=67869a6a1514145a64988362\",\"status\":\"401\",\"responseTime\":\"8.882\"}","timestamp":"2025-02-03T05:46:09.295Z"}
{"level":"\u001b[32minfo\u001b[39m","message":"{\"method\":\"GET\",\"url\":\"/api/project/fetch-projects?organizationId=67869a6a1514145a64988362\",\"status\":\"304\",\"responseTime\":\"61.547\"}","timestamp":"2025-02-03T05:46:09.450Z"}
{"level":"\u001b[32minfo\u001b[39m","message":"{\"method\":\"GET\",\"url\":\"/api/project/fetch-projects?organizationId=67869a6a1514145a64988362\",\"status\":\"304\",\"responseTime\":\"61.033\"}","timestamp":"2025-02-03T05:47:14.254Z"}
{"level":"\u001b[32minfo\u001b[39m","message":"{\"method\":\"GET\",\"url\":\"/api/project/fetch-projects?organizationId=67869a6a1514145a64988362\",\"status\":\"304\",\"responseTime\":\"71.915\"}","timestamp":"2025-02-03T05:47:22.442Z"}
{"level":"\u001b[32minfo\u001b[39m","message":"{\"method\":\"GET\",\"url\":\"/api/task/fetch-tasks\",\"status\":\"304\",\"responseTime\":\"63.024\"}","timestamp":"2025-02-03T05:47:22.446Z"}
{"level":"\u001b[32minfo\u001b[39m","message":"{\"method\":\"GET\",\"url\":\"/api/task/fetch-tasks?projectId=679c4532a6bfed6f8c93a934\",\"status\":\"304\",\"responseTime\":\"76.213\"}","timestamp":"2025-02-03T05:47:22.688Z"}
{"level":"\u001b[32minfo\u001b[39m","message":"{\"method\":\"GET\",\"url\":\"/api/task/fetch-tasks?projectId=679c4532a6bfed6f8c93a934\",\"status\":\"304\",\"responseTime\":\"62.045\"}","timestamp":"2025-02-03T05:47:22.759Z"}
{"level":"\u001b[32minfo\u001b[39m","message":"{\"method\":\"GET\",\"url\":\"/api/task/fetch-tasks?projectId=679c4532a6bfed6f8c93a934\",\"status\":\"304\",\"responseTime\":\"51.575\"}","timestamp":"2025-02-03T05:47:25.598Z"}
{"level":"\u001b[32minfo\u001b[39m","message":"{\"method\":\"GET\",\"url\":\"/api/project/fetch-projects?organizationId=67869a6a1514145a64988362\",\"status\":\"304\",\"responseTime\":\"69.112\"}","timestamp":"2025-02-03T05:47:26.945Z"}
{"level":"\u001b[32minfo\u001b[39m","message":"{\"method\":\"GET\",\"url\":\"/api/project/fetch-projects?organizationId=67869a6a1514145a64988362\",\"status\":\"304\",\"responseTime\":\"61.351\"}","timestamp":"2025-02-03T05:48:34.302Z"}
{"level":"\u001b[32minfo\u001b[39m","message":"{\"method\":\"GET\",\"url\":\"/api/project/fetch-projects?organizationId=67869a6a1514145a64988362\",\"status\":\"304\",\"responseTime\":\"58.576\"}","timestamp":"2025-02-03T05:48:37.696Z"}
{"level":"\u001b[32minfo\u001b[39m","message":"{\"method\":\"GET\",\"url\":\"/api/project/fetch-projects?organizationId=67869a6a1514145a64988362\",\"status\":\"304\",\"responseTime\":\"65.952\"}","timestamp":"2025-02-03T05:49:03.888Z"}
{"level":"\u001b[32minfo\u001b[39m","message":"{\"method\":\"GET\",\"url\":\"/api/task/fetch-tasks\",\"status\":\"304\",\"responseTime\":\"183.391\"}","timestamp":"2025-02-03T05:49:16.047Z"}
{"level":"\u001b[32minfo\u001b[39m","message":"{\"method\":\"GET\",\"url\":\"/api/project/fetch-projects?organizationId=67869a6a1514145a64988362\",\"status\":\"304\",\"responseTime\":\"192.499\"}","timestamp":"2025-02-03T05:49:16.052Z"}
{"level":"\u001b[32minfo\u001b[39m","message":"{\"method\":\"GET\",\"url\":\"/api/task/fetch-tasks?projectId=679c4532a6bfed6f8c93a934\",\"status\":\"304\",\"responseTime\":\"60.414\"}","timestamp":"2025-02-03T05:49:16.357Z"}
{"level":"\u001b[32minfo\u001b[39m","message":"{\"method\":\"GET\",\"url\":\"/api/task/fetch-tasks?projectId=679c4532a6bfed6f8c93a934\",\"status\":\"304\",\"responseTime\":\"123.608\"}","timestamp":"2025-02-03T05:49:16.490Z"}
{"level":"\u001b[32minfo\u001b[39m","message":"{\"method\":\"GET\",\"url\":\"/api/project/fetch-projects?organizationId=67869a6a1514145a64988362\",\"status\":\"304\",\"responseTime\":\"59.210\"}","timestamp":"2025-02-03T05:49:22.008Z"}
{"level":"\u001b[32minfo\u001b[39m","message":"{\"method\":\"GET\",\"url\":\"/api/project/fetch-projects?organizationId=67869a6a1514145a64988362\",\"status\":\"304\",\"responseTime\":\"60.415\"}","timestamp":"2025-02-03T05:50:00.965Z"}
{"level":"\u001b[32minfo\u001b[39m","message":"{\"method\":\"GET\",\"url\":\"/api/project/fetch-projects?organizationId=67869a6a1514145a64988362\",\"status\":\"304\",\"responseTime\":\"55.056\"}","timestamp":"2025-02-03T05:50:02.608Z"}
{"level":"\u001b[32minfo\u001b[39m","message":"{\"method\":\"GET\",\"url\":\"/api/task/fetch-tasks\",\"status\":\"304\",\"responseTime\":\"52.662\"}","timestamp":"2025-02-03T05:50:02.614Z"}
{"level":"\u001b[32minfo\u001b[39m","message":"{\"method\":\"GET\",\"url\":\"/api/task/fetch-tasks?projectId=679c4532a6bfed6f8c93a934\",\"status\":\"304\",\"responseTime\":\"54.809\"}","timestamp":"2025-02-03T05:50:02.865Z"}
{"level":"\u001b[32minfo\u001b[39m","message":"{\"method\":\"GET\",\"url\":\"/api/task/fetch-tasks?projectId=679c4532a6bfed6f8c93a934\",\"status\":\"304\",\"responseTime\":\"65.692\"}","timestamp":"2025-02-03T05:50:02.944Z"}
{"level":"\u001b[32minfo\u001b[39m","message":"{\"method\":\"GET\",\"url\":\"/api/project/fetch-projects?organizationId=67869a6a1514145a64988362\",\"status\":\"304\",\"responseTime\":\"59.034\"}","timestamp":"2025-02-03T05:50:08.135Z"}
{"level":"\u001b[32minfo\u001b[39m","message":"{\"method\":\"GET\",\"url\":\"/api/project/fetch-projects?organizationId=67869a6a1514145a64988362\",\"status\":\"401\",\"responseTime\":\"10.962\"}","timestamp":"2025-02-03T05:56:51.311Z"}
{"level":"\u001b[32minfo\u001b[39m","message":"{\"method\":\"GET\",\"url\":\"/api/project/fetch-projects?organizationId=67869a6a1514145a64988362\",\"status\":\"304\",\"responseTime\":\"68.381\"}","timestamp":"2025-02-03T05:56:51.561Z"}
{"level":"\u001b[32minfo\u001b[39m","message":"{\"method\":\"GET\",\"url\":\"/api/project/fetch-projects?organizationId=67869a6a1514145a64988362\",\"status\":\"304\",\"responseTime\":\"63.342\"}","timestamp":"2025-02-03T06:13:24.681Z"}
{"level":"\u001b[32minfo\u001b[39m","message":"{\"method\":\"GET\",\"url\":\"/api/project/fetch-projects?organizationId=67869a6a1514145a64988362\",\"status\":\"401\",\"responseTime\":\"4.422\"}","timestamp":"2025-02-03T06:14:39.409Z"}
{"level":"\u001b[32minfo\u001b[39m","message":"{\"method\":\"GET\",\"url\":\"/api/project/fetch-projects?organizationId=67869a6a1514145a64988362\",\"status\":\"304\",\"responseTime\":\"53.232\"}","timestamp":"2025-02-03T06:14:39.613Z"}
{"level":"\u001b[32minfo\u001b[39m","message":"{\"method\":\"GET\",\"url\":\"/api/project/fetch-projects?organizationId=67869a6a1514145a64988362\",\"status\":\"304\",\"responseTime\":\"59.236\"}","timestamp":"2025-02-03T06:14:41.197Z"}
{"level":"\u001b[32minfo\u001b[39m","message":"{\"method\":\"GET\",\"url\":\"/api/task/fetch-tasks\",\"status\":\"304\",\"responseTime\":\"71.544\"}","timestamp":"2025-02-03T06:14:41.220Z"}
{"level":"\u001b[32minfo\u001b[39m","message":"{\"method\":\"GET\",\"url\":\"/api/task/fetch-tasks?projectId=679c4532a6bfed6f8c93a934\",\"status\":\"304\",\"responseTime\":\"52.668\"}","timestamp":"2025-02-03T06:14:41.413Z"}
{"level":"\u001b[32minfo\u001b[39m","message":"{\"method\":\"GET\",\"url\":\"/api/task/fetch-tasks?projectId=679c4532a6bfed6f8c93a934\",\"status\":\"304\",\"responseTime\":\"65.264\"}","timestamp":"2025-02-03T06:14:41.484Z"}
{"level":"\u001b[32minfo\u001b[39m","message":"{\"method\":\"GET\",\"url\":\"/api/project/fetch-projects?organizationId=67869a6a1514145a64988362\",\"status\":\"304\",\"responseTime\":\"699.056\"}","timestamp":"2025-02-03T06:41:07.965Z"}
{"level":"\u001b[32minfo\u001b[39m","message":"{\"method\":\"GET\",\"url\":\"/api/project/fetch-projects?organizationId=67869a6a1514145a64988362\",\"status\":\"304\",\"responseTime\":\"59.790\"}","timestamp":"2025-02-03T06:41:14.542Z"}
{"level":"\u001b[32minfo\u001b[39m","message":"{\"method\":\"GET\",\"url\":\"/api/project/fetch-projects?organizationId=67869a6a1514145a64988362\",\"status\":\"304\",\"responseTime\":\"79.545\"}","timestamp":"2025-02-03T07:00:54.281Z"}
{"level":"\u001b[32minfo\u001b[39m","message":"{\"method\":\"GET\",\"url\":\"/api/project/fetch-projects?organizationId=67869a6a1514145a64988362\",\"status\":\"304\",\"responseTime\":\"73.518\"}","timestamp":"2025-02-03T07:01:02.335Z"}
{"level":"\u001b[32minfo\u001b[39m","message":"{\"method\":\"GET\",\"url\":\"/api/project/fetch-projects?organizationId=67869a6a1514145a64988362\",\"status\":\"304\",\"responseTime\":\"88.866\"}","timestamp":"2025-02-03T07:01:03.511Z"}
{"level":"\u001b[32minfo\u001b[39m","message":"{\"method\":\"GET\",\"url\":\"/api/task/fetch-tasks?projectId=679c4532a6bfed6f8c93a934\",\"status\":\"304\",\"responseTime\":\"55.328\"}","timestamp":"2025-02-03T07:01:03.754Z"}
{"level":"\u001b[32minfo\u001b[39m","message":"{\"method\":\"GET\",\"url\":\"/api/task/fetch-tasks?projectId=679c4532a6bfed6f8c93a934\",\"status\":\"304\",\"responseTime\":\"50.875\"}","timestamp":"2025-02-03T07:01:03.812Z"}
{"level":"\u001b[32minfo\u001b[39m","message":"{\"method\":\"GET\",\"url\":\"/api/task/fetch-tasks\",\"status\":\"304\",\"responseTime\":\"433.594\"}","timestamp":"2025-02-03T07:01:03.865Z"}
{"level":"\u001b[32minfo\u001b[39m","message":"{\"method\":\"GET\",\"url\":\"/api/project/fetch-projects?organizationId=67869a6a1514145a64988362\",\"status\":\"304\",\"responseTime\":\"64.804\"}","timestamp":"2025-02-03T07:13:34.548Z"}
{"level":"\u001b[32minfo\u001b[39m","message":"{\"method\":\"GET\",\"url\":\"/api/project/fetchEmployees-projects?organizationId=67869a6a1514145a64988362&employeeId=67869f7defffdbe0c161c74a\",\"status\":\"304\",\"responseTime\":\"60.386\"}","timestamp":"2025-02-03T07:14:06.900Z"}
{"level":"\u001b[32minfo\u001b[39m","message":"{\"method\":\"GET\",\"url\":\"/api/task/fetchEmployees-Alltasks?employeeId=67869f7defffdbe0c161c74a\",\"status\":\"304\",\"responseTime\":\"77.880\"}","timestamp":"2025-02-03T07:14:06.931Z"}
{"level":"\u001b[32minfo\u001b[39m","message":"{\"method\":\"GET\",\"url\":\"/api/project/fetchEmployees-projects?organizationId=67869a6a1514145a64988362&employeeId=67869f7defffdbe0c161c74a\",\"status\":\"304\",\"responseTime\":\"50.915\"}","timestamp":"2025-02-03T07:14:17.849Z"}
{"level":"\u001b[32minfo\u001b[39m","message":"{\"method\":\"GET\",\"url\":\"/api/project/fetchEmployees-projects?organizationId=67869a6a1514145a64988362&employeeId=67869f7defffdbe0c161c74a\",\"status\":\"304\",\"responseTime\":\"56.408\"}","timestamp":"2025-02-03T07:14:20.608Z"}
{"level":"\u001b[32minfo\u001b[39m","message":"{\"method\":\"GET\",\"url\":\"/api/task/fetchEmployees-Alltasks?employeeId=67869f7defffdbe0c161c74a\",\"status\":\"304\",\"responseTime\":\"56.298\"}","timestamp":"2025-02-03T07:14:20.614Z"}
{"level":"\u001b[32minfo\u001b[39m","message":"{\"method\":\"GET\",\"url\":\"/api/project/fetchEmployees-projects?organizationId=67869a6a1514145a64988362&employeeId=67869f7defffdbe0c161c74a\",\"status\":\"304\",\"responseTime\":\"71.195\"}","timestamp":"2025-02-03T07:14:22.223Z"}
{"level":"\u001b[32minfo\u001b[39m","message":"{\"method\":\"GET\",\"url\":\"/api/project/fetch-projects?organizationId=67869a6a1514145a64988362\",\"status\":\"304\",\"responseTime\":\"50.465\"}","timestamp":"2025-02-03T07:21:19.072Z"}
{"level":"\u001b[32minfo\u001b[39m","message":"{\"method\":\"GET\",\"url\":\"/api/project/fetch-projects?organizationId=67869a6a1514145a64988362\",\"status\":\"304\",\"responseTime\":\"62.444\"}","timestamp":"2025-02-03T07:21:20.897Z"}
{"level":"\u001b[32minfo\u001b[39m","message":"{\"method\":\"GET\",\"url\":\"/api/project/fetch-projects?organizationId=67869a6a1514145a64988362\",\"status\":\"304\",\"responseTime\":\"5985.849\"}","timestamp":"2025-02-03T07:47:40.211Z"}
{"level":"\u001b[32minfo\u001b[39m","message":"{\"method\":\"GET\",\"url\":\"/api/project/fetchEmployees-projects?organizationId=67869a6a1514145a64988362&employeeId=67869f7defffdbe0c161c74a\",\"status\":\"304\",\"responseTime\":\"102.072\"}","timestamp":"2025-02-03T08:14:58.735Z"}
{"level":"\u001b[32minfo\u001b[39m","message":"{\"method\":\"GET\",\"url\":\"/api/project/fetch-projects?organizationId=67869a6a1514145a64988362\",\"status\":\"401\",\"responseTime\":\"15.935\"}","timestamp":"2025-02-03T08:15:01.995Z"}
{"level":"\u001b[32minfo\u001b[39m","message":"{\"method\":\"GET\",\"url\":\"/api/project/fetch-projects?organizationId=67869a6a1514145a64988362\",\"status\":\"304\",\"responseTime\":\"61.665\"}","timestamp":"2025-02-03T08:15:02.303Z"}
{"level":"\u001b[32minfo\u001b[39m","message":"{\"method\":\"GET\",\"url\":\"/api/project/fetch-projects?organizationId=67869a6a1514145a64988362\",\"status\":\"304\",\"responseTime\":\"53.488\"}","timestamp":"2025-02-03T08:15:05.520Z"}
{"level":"\u001b[32minfo\u001b[39m","message":"{\"method\":\"GET\",\"url\":\"/api/task/fetch-tasks?projectId=679c4532a6bfed6f8c93a934\",\"status\":\"304\",\"responseTime\":\"52.970\"}","timestamp":"2025-02-03T08:15:05.765Z"}
{"level":"\u001b[32minfo\u001b[39m","message":"{\"method\":\"GET\",\"url\":\"/api/task/fetch-tasks\",\"status\":\"304\",\"responseTime\":\"321.130\"}","timestamp":"2025-02-03T08:15:05.800Z"}
{"level":"\u001b[32minfo\u001b[39m","message":"{\"method\":\"GET\",\"url\":\"/api/task/fetch-tasks?projectId=679c4532a6bfed6f8c93a934\",\"status\":\"304\",\"responseTime\":\"47.541\"}","timestamp":"2025-02-03T08:15:05.830Z"}
{"level":"\u001b[32minfo\u001b[39m","message":"{\"method\":\"GET\",\"url\":\"/api/task/fetch-tasks?projectId=679c456aa6bfed6f8c93a937\",\"status\":\"304\",\"responseTime\":\"49.273\"}","timestamp":"2025-02-03T08:15:07.620Z"}
{"level":"\u001b[32minfo\u001b[39m","message":"{\"method\":\"GET\",\"url\":\"/api/task/fetch-tasks?projectId=679c456aa6bfed6f8c93a937\",\"status\":\"304\",\"responseTime\":\"46.304\"}","timestamp":"2025-02-03T08:15:07.676Z"}
{"level":"\u001b[32minfo\u001b[39m","message":"{\"method\":\"GET\",\"url\":\"/api/project/fetch-projects?organizationId=67869a6a1514145a64988362\",\"status\":\"304\",\"responseTime\":\"55.524\"}","timestamp":"2025-02-03T08:15:17.975Z"}
{"level":"\u001b[32minfo\u001b[39m","message":"{\"method\":\"POST\",\"url\":\"/api/project/create-project\",\"status\":\"200\",\"responseTime\":\"123.696\"}","timestamp":"2025-02-03T08:15:51.250Z"}
{"level":"\u001b[32minfo\u001b[39m","message":"{\"method\":\"GET\",\"url\":\"/api/project/fetch-projects?organizationId=67869a6a1514145a64988362\",\"status\":\"200\",\"responseTime\":\"56.509\"}","timestamp":"2025-02-03T08:15:51.326Z"}
{"level":"\u001b[32minfo\u001b[39m","message":"{\"method\":\"GET\",\"url\":\"/api/project/fetch-projects?organizationId=67869a6a1514145a64988362\",\"status\":\"401\",\"responseTime\":\"5.543\"}","timestamp":"2025-02-03T08:16:38.191Z"}
{"level":"\u001b[32minfo\u001b[39m","message":"{\"method\":\"GET\",\"url\":\"/api/task/fetch-tasks\",\"status\":\"401\",\"responseTime\":\"11.800\"}","timestamp":"2025-02-03T08:16:38.211Z"}
{"level":"\u001b[32minfo\u001b[39m","message":"{\"method\":\"GET\",\"url\":\"/api/project/fetch-projects?organizationId=67869a6a1514145a64988362\",\"status\":\"304\",\"responseTime\":\"60.408\"}","timestamp":"2025-02-03T08:16:38.424Z"}
{"level":"\u001b[32minfo\u001b[39m","message":"{\"method\":\"GET\",\"url\":\"/api/task/fetch-tasks\",\"status\":\"304\",\"responseTime\":\"63.482\"}","timestamp":"2025-02-03T08:16:38.447Z"}
{"level":"\u001b[32minfo\u001b[39m","message":"{\"method\":\"GET\",\"url\":\"/api/task/fetch-tasks?projectId=679c4532a6bfed6f8c93a934\",\"status\":\"304\",\"responseTime\":\"64.471\"}","timestamp":"2025-02-03T08:16:38.874Z"}
{"level":"\u001b[32minfo\u001b[39m","message":"{\"method\":\"GET\",\"url\":\"/api/task/fetch-tasks?projectId=679c4532a6bfed6f8c93a934\",\"status\":\"304\",\"responseTime\":\"54.414\"}","timestamp":"2025-02-03T08:16:38.941Z"}
{"level":"\u001b[32minfo\u001b[39m","message":"{\"method\":\"GET\",\"url\":\"/api/task/fetch-tasks?projectId=67a07b37347d7437bb9b3e0d\",\"status\":\"200\",\"responseTime\":\"47.780\"}","timestamp":"2025-02-03T08:16:45.600Z"}
{"level":"\u001b[32minfo\u001b[39m","message":"{\"method\":\"GET\",\"url\":\"/api/task/fetch-tasks?projectId=67a07b37347d7437bb9b3e0d\",\"status\":\"304\",\"responseTime\":\"41.854\"}","timestamp":"2025-02-03T08:16:45.652Z"}
{"level":"\u001b[32minfo\u001b[39m","message":"{\"method\":\"POST\",\"url\":\"/api/task/create-task\",\"status\":\"401\",\"responseTime\":\"5.990\"}","timestamp":"2025-02-03T08:17:47.727Z"}
{"level":"\u001b[32minfo\u001b[39m","message":"{\"method\":\"POST\",\"url\":\"/api/task/create-task\",\"status\":\"200\",\"responseTime\":\"71.773\"}","timestamp":"2025-02-03T08:17:47.900Z"}
{"level":"\u001b[32minfo\u001b[39m","message":"{\"method\":\"GET\",\"url\":\"/api/task/fetch-tasks?projectId=67a07b37347d7437bb9b3e0d\",\"status\":\"200\",\"responseTime\":\"52.131\"}","timestamp":"2025-02-03T08:17:48.026Z"}
{"level":"\u001b[32minfo\u001b[39m","message":"{\"method\":\"GET\",\"url\":\"/api/project/fetchEmployees-projects?organizationId=67869a6a1514145a64988362&employeeId=67869f7defffdbe0c161c74a\",\"status\":\"401\",\"responseTime\":\"5.049\"}","timestamp":"2025-02-03T08:18:07.640Z"}
{"level":"\u001b[32minfo\u001b[39m","message":"{\"method\":\"GET\",\"url\":\"/api/task/fetchEmployees-tasks?employeeId=67869f7defffdbe0c161c74a\",\"status\":\"401\",\"responseTime\":\"4.872\"}","timestamp":"2025-02-03T08:18:07.660Z"}
{"level":"\u001b[32minfo\u001b[39m","message":"{\"method\":\"GET\",\"url\":\"/api/project/fetchEmployees-projects?organizationId=67869a6a1514145a64988362&employeeId=67869f7defffdbe0c161c74a\",\"status\":\"200\",\"responseTime\":\"59.062\"}","timestamp":"2025-02-03T08:18:07.836Z"}
{"level":"\u001b[32minfo\u001b[39m","message":"{\"method\":\"GET\",\"url\":\"/api/task/fetchEmployees-tasks?employeeId=67869f7defffdbe0c161c74a\",\"status\":\"304\",\"responseTime\":\"53.816\"}","timestamp":"2025-02-03T08:18:07.841Z"}
{"level":"\u001b[32minfo\u001b[39m","message":"{\"method\":\"GET\",\"url\":\"/api/task/fetch-tasks?projectId=679c4532a6bfed6f8c93a934\",\"status\":\"304\",\"responseTime\":\"68.278\"}","timestamp":"2025-02-03T08:18:08.247Z"}
{"level":"\u001b[32minfo\u001b[39m","message":"{\"method\":\"GET\",\"url\":\"/api/task/fetch-tasks?projectId=679c4532a6bfed6f8c93a934\",\"status\":\"304\",\"responseTime\":\"47.205\"}","timestamp":"2025-02-03T08:18:08.316Z"}
{"level":"\u001b[32minfo\u001b[39m","message":"{\"method\":\"GET\",\"url\":\"/api/task/fetch-tasks?projectId=67a07b37347d7437bb9b3e0d\",\"status\":\"200\",\"responseTime\":\"42.008\"}","timestamp":"2025-02-03T08:18:12.773Z"}
{"level":"\u001b[32minfo\u001b[39m","message":"{\"method\":\"GET\",\"url\":\"/api/task/fetch-tasks?projectId=67a07b37347d7437bb9b3e0d\",\"status\":\"304\",\"responseTime\":\"45.932\"}","timestamp":"2025-02-03T08:18:12.828Z"}
{"level":"\u001b[32minfo\u001b[39m","message":"{\"method\":\"GET\",\"url\":\"/api/task/fetch-tasks?projectId=67a07b37347d7437bb9b3e0d\",\"status\":\"304\",\"responseTime\":\"49.861\"}","timestamp":"2025-02-03T08:18:29.768Z"}
{"level":"\u001b[32minfo\u001b[39m","message":"{\"method\":\"GET\",\"url\":\"/api/task/fetch-tasks?projectId=67a07b37347d7437bb9b3e0d\",\"status\":\"304\",\"responseTime\":\"61.723\"}","timestamp":"2025-02-03T08:18:33.158Z"}
{"level":"\u001b[32minfo\u001b[39m","message":"{\"method\":\"GET\",\"url\":\"/api/project/fetch-projects?organizationId=67869a6a1514145a64988362\",\"status\":\"401\",\"responseTime\":\"6.985\"}","timestamp":"2025-02-03T08:18:48.285Z"}
{"level":"\u001b[32minfo\u001b[39m","message":"{\"method\":\"GET\",\"url\":\"/api/task/fetch-tasks\",\"status\":\"401\",\"responseTime\":\"15.895\"}","timestamp":"2025-02-03T08:18:48.308Z"}
{"level":"\u001b[32minfo\u001b[39m","message":"{\"method\":\"GET\",\"url\":\"/api/task/fetch-tasks\",\"status\":\"304\",\"responseTime\":\"47.023\"}","timestamp":"2025-02-03T08:18:48.533Z"}
{"level":"\u001b[32minfo\u001b[39m","message":"{\"method\":\"GET\",\"url\":\"/api/project/fetch-projects?organizationId=67869a6a1514145a64988362\",\"status\":\"304\",\"responseTime\":\"76.985\"}","timestamp":"2025-02-03T08:18:48.551Z"}
{"level":"\u001b[32minfo\u001b[39m","message":"{\"method\":\"GET\",\"url\":\"/api/task/fetch-tasks?projectId=679c4532a6bfed6f8c93a934\",\"status\":\"304\",\"responseTime\":\"55.225\"}","timestamp":"2025-02-03T08:18:48.854Z"}
{"level":"\u001b[32minfo\u001b[39m","message":"{\"method\":\"GET\",\"url\":\"/api/task/fetch-tasks?projectId=679c4532a6bfed6f8c93a934\",\"status\":\"304\",\"responseTime\":\"46.397\"}","timestamp":"2025-02-03T08:18:48.909Z"}
{"level":"\u001b[32minfo\u001b[39m","message":"{\"method\":\"GET\",\"url\":\"/api/task/fetchEmployees-tasks?projectId=679c456aa6bfed6f8c93a937&employeeId=67869f7defffdbe0c161c74a\",\"status\":\"304\",\"responseTime\":\"64.577\"}","timestamp":"2025-02-03T08:18:54.352Z"}
{"level":"\u001b[32minfo\u001b[39m","message":"{\"method\":\"GET\",\"url\":\"/api/task/fetchEmployees-tasks?projectId=679c456aa6bfed6f8c93a937&employeeId=67869f7defffdbe0c161c74a\",\"status\":\"304\",\"responseTime\":\"55.846\"}","timestamp":"2025-02-03T08:18:54.421Z"}
{"level":"\u001b[32minfo\u001b[39m","message":"{\"method\":\"GET\",\"url\":\"/api/task/fetchEmployees-tasks?projectId=679c456aa6bfed6f8c93a937&employeeId=67869f7defffdbe0c161c74a\",\"status\":\"304\",\"responseTime\":\"68.800\"}","timestamp":"2025-02-03T08:18:54.503Z"}
{"level":"\u001b[32minfo\u001b[39m","message":"{\"method\":\"GET\",\"url\":\"/api/task/fetchEmployees-tasks?projectId=679c456aa6bfed6f8c93a937&employeeId=67869f7defffdbe0c161c74a\",\"status\":\"304\",\"responseTime\":\"57.905\"}","timestamp":"2025-02-03T08:18:54.575Z"}
{"level":"\u001b[32minfo\u001b[39m","message":"{\"method\":\"GET\",\"url\":\"/api/task/fetch-tasks?projectId=67a07b37347d7437bb9b3e0d\",\"status\":\"401\",\"responseTime\":\"5.659\"}","timestamp":"2025-02-03T08:19:26.192Z"}
{"level":"\u001b[32minfo\u001b[39m","message":"{\"method\":\"GET\",\"url\":\"/api/task/fetch-tasks?projectId=67a07b37347d7437bb9b3e0d\",\"status\":\"401\",\"responseTime\":\"5.049\"}","timestamp":"2025-02-03T08:19:26.211Z"}
{"level":"\u001b[32minfo\u001b[39m","message":"{\"method\":\"GET\",\"url\":\"/api/task/fetch-tasks?projectId=67a07b37347d7437bb9b3e0d\",\"status\":\"401\",\"responseTime\":\"7.053\"}","timestamp":"2025-02-03T08:19:26.233Z"}
{"level":"\u001b[32minfo\u001b[39m","message":"{\"method\":\"GET\",\"url\":\"/api/task/fetch-tasks?projectId=67a07b37347d7437bb9b3e0d\",\"status\":\"401\",\"responseTime\":\"10.476\"}","timestamp":"2025-02-03T08:19:26.263Z"}
{"level":"\u001b[32minfo\u001b[39m","message":"{\"method\":\"GET\",\"url\":\"/api/task/fetch-tasks?projectId=67a07b37347d7437bb9b3e0d\",\"status\":\"304\",\"responseTime\":\"50.411\"}","timestamp":"2025-02-03T08:19:26.459Z"}
{"level":"\u001b[32minfo\u001b[39m","message":"{\"method\":\"GET\",\"url\":\"/api/task/fetch-tasks?projectId=67a07b37347d7437bb9b3e0d\",\"status\":\"304\",\"responseTime\":\"53.163\"}","timestamp":"2025-02-03T08:19:26.526Z"}
{"level":"\u001b[32minfo\u001b[39m","message":"{\"method\":\"GET\",\"url\":\"/api/task/fetch-tasks?projectId=67a07b37347d7437bb9b3e0d\",\"status\":\"304\",\"responseTime\":\"48.441\"}","timestamp":"2025-02-03T08:19:26.910Z"}
{"level":"\u001b[32minfo\u001b[39m","message":"{\"method\":\"GET\",\"url\":\"/api/task/fetch-tasks?projectId=67a07b37347d7437bb9b3e0d\",\"status\":\"304\",\"responseTime\":\"54.093\"}","timestamp":"2025-02-03T08:19:26.983Z"}
{"level":"\u001b[32minfo\u001b[39m","message":"{\"method\":\"GET\",\"url\":\"/api/task/fetchEmployees-tasks?projectId=679c456aa6bfed6f8c93a937&employeeId=67869f7defffdbe0c161c74a\",\"status\":\"304\",\"responseTime\":\"46.527\"}","timestamp":"2025-02-03T08:20:05.253Z"}
{"level":"\u001b[32minfo\u001b[39m","message":"{\"method\":\"GET\",\"url\":\"/api/task/fetchEmployees-tasks?projectId=679c456aa6bfed6f8c93a937&employeeId=67869f7defffdbe0c161c74a\",\"status\":\"304\",\"responseTime\":\"46.589\"}","timestamp":"2025-02-03T08:20:05.309Z"}
{"level":"\u001b[32minfo\u001b[39m","message":"{\"method\":\"GET\",\"url\":\"/api/task/fetchEmployees-tasks?projectId=679c456aa6bfed6f8c93a937&employeeId=67869f7defffdbe0c161c74a\",\"status\":\"304\",\"responseTime\":\"50.244\"}","timestamp":"2025-02-03T08:20:05.369Z"}
{"level":"\u001b[32minfo\u001b[39m","message":"{\"method\":\"GET\",\"url\":\"/api/task/fetchEmployees-tasks?projectId=679c456aa6bfed6f8c93a937&employeeId=67869f7defffdbe0c161c74a\",\"status\":\"304\",\"responseTime\":\"55.576\"}","timestamp":"2025-02-03T08:20:05.435Z"}
{"level":"\u001b[32minfo\u001b[39m","message":"{\"method\":\"GET\",\"url\":\"/api/project/fetchEmployees-projects?organizationId=67869a6a1514145a64988362&employeeId=67869f7defffdbe0c161c74a\",\"status\":\"401\",\"responseTime\":\"6.098\"}","timestamp":"2025-02-03T08:30:13.950Z"}
{"level":"\u001b[32minfo\u001b[39m","message":"{\"method\":\"GET\",\"url\":\"/api/task/fetchEmployees-tasks?employeeId=67869f7defffdbe0c161c74a\",\"status\":\"401\",\"responseTime\":\"10.437\"}","timestamp":"2025-02-03T08:30:13.966Z"}
{"level":"\u001b[32minfo\u001b[39m","message":"{\"method\":\"GET\",\"url\":\"/api/task/fetchEmployees-tasks?employeeId=67869f7defffdbe0c161c74a\",\"status\":\"304\",\"responseTime\":\"94.980\"}","timestamp":"2025-02-03T08:30:15.078Z"}
{"level":"\u001b[32minfo\u001b[39m","message":"{\"method\":\"GET\",\"url\":\"/api/project/fetchEmployees-projects?organizationId=67869a6a1514145a64988362&employeeId=67869f7defffdbe0c161c74a\",\"status\":\"304\",\"responseTime\":\"98.728\"}","timestamp":"2025-02-03T08:30:15.087Z"}
{"level":"\u001b[32minfo\u001b[39m","message":"{\"method\":\"GET\",\"url\":\"/api/task/fetch-tasks?projectId=679c4532a6bfed6f8c93a934\",\"status\":\"304\",\"responseTime\":\"70.092\"}","timestamp":"2025-02-03T08:30:15.745Z"}
{"level":"\u001b[32minfo\u001b[39m","message":"{\"method\":\"GET\",\"url\":\"/api/task/fetch-tasks?projectId=679c4532a6bfed6f8c93a934\",\"status\":\"304\",\"responseTime\":\"47.579\"}","timestamp":"2025-02-03T08:30:15.803Z"}
