{"level":"\u001b[32minfo\u001b[39m","message":"{\"method\":\"GET\",\"url\":\"/api/project/fetch-projects?organizationId=67869a6a1514145a64988362\",\"status\":\"401\",\"responseTime\":\"10.680\"}","timestamp":"2025-02-13T04:17:31.795Z"}
{"level":"\u001b[32minfo\u001b[39m","message":"{\"method\":\"GET\",\"url\":\"/api/project/fetch-projects?organizationId=67869a6a1514145a64988362\",\"status\":\"304\",\"responseTime\":\"183.391\"}","timestamp":"2025-02-13T04:17:33.749Z"}
{"level":"\u001b[32minfo\u001b[39m","message":"{\"method\":\"GET\",\"url\":\"/api/project/fetchEmployees-projects?organizationId=67869a6a1514145a64988362&employeeId=67a44a46314f8fe8e568bd5e\",\"status\":\"401\",\"responseTime\":\"0.860\"}","timestamp":"2025-02-13T04:17:59.475Z"}
{"level":"\u001b[32minfo\u001b[39m","message":"{\"method\":\"GET\",\"url\":\"/api/task/fetchEmployees-Alltasks?employeeId=67a44a46314f8fe8e568bd5e\",\"status\":\"401\",\"responseTime\":\"1.456\"}","timestamp":"2025-02-13T04:17:59.479Z"}
{"level":"\u001b[32minfo\u001b[39m","message":"{\"method\":\"GET\",\"url\":\"/api/task/fetchEmployees-Alltasks?employeeId=67a44a46314f8fe8e568bd5e\",\"status\":\"304\",\"responseTime\":\"249.821\"}","timestamp":"2025-02-13T04:18:00.383Z"}
{"level":"\u001b[32minfo\u001b[39m","message":"{\"method\":\"GET\",\"url\":\"/api/project/fetchEmployees-projects?organizationId=67869a6a1514145a64988362&employeeId=67a44a46314f8fe8e568bd5e\",\"status\":\"304\",\"responseTime\":\"244.188\"}","timestamp":"2025-02-13T04:18:00.413Z"}
{"level":"\u001b[32minfo\u001b[39m","message":"{\"method\":\"GET\",\"url\":\"/api/project/fetch-projects?organizationId=67869a6a1514145a64988362\",\"status\":\"401\",\"responseTime\":\"35.819\"}","timestamp":"2025-02-13T04:19:20.477Z"}
{"level":"\u001b[32minfo\u001b[39m","message":"{\"method\":\"GET\",\"url\":\"/api/task/fetch-tasks\",\"status\":\"401\",\"responseTime\":\"10.971\"}","timestamp":"2025-02-13T04:19:20.495Z"}
{"level":"\u001b[32minfo\u001b[39m","message":"{\"method\":\"GET\",\"url\":\"/api/project/fetch-projects?organizationId=67869a6a1514145a64988362\",\"status\":\"304\",\"responseTime\":\"335.426\"}","timestamp":"2025-02-13T04:19:21.071Z"}
{"level":"\u001b[32minfo\u001b[39m","message":"{\"method\":\"GET\",\"url\":\"/api/task/fetch-tasks?projectId=67a44c685dae11d3d9bf3efc\",\"status\":\"304\",\"responseTime\":\"416.913\"}","timestamp":"2025-02-13T04:19:21.972Z"}
{"level":"\u001b[32minfo\u001b[39m","message":"{\"method\":\"GET\",\"url\":\"/api/task/fetch-tasks\",\"status\":\"304\",\"responseTime\":\"383.390\"}","timestamp":"2025-02-13T04:19:21.987Z"}
{"level":"\u001b[32minfo\u001b[39m","message":"{\"method\":\"GET\",\"url\":\"/api/task/fetch-tasks?projectId=67a44c685dae11d3d9bf3efc\",\"status\":\"304\",\"responseTime\":\"1034.525\"}","timestamp":"2025-02-13T04:19:23.036Z"}
{"level":"\u001b[32minfo\u001b[39m","message":"{\"method\":\"GET\",\"url\":\"/api/task/fetch-subTasks?parentTaskId=67a44cee5dae11d3d9bf3f09\",\"status\":\"304\",\"responseTime\":\"487.394\"}","timestamp":"2025-02-13T04:19:23.784Z"}
{"level":"\u001b[32minfo\u001b[39m","message":"{\"method\":\"GET\",\"url\":\"/api/project/fetch-projects?organizationId=67869a6a1514145a64988362\",\"status\":\"304\",\"responseTime\":\"439.253\"}","timestamp":"2025-02-13T04:19:31.925Z"}
{"level":"\u001b[32minfo\u001b[39m","message":"{\"method\":\"GET\",\"url\":\"/api/project/fetch-projects?organizationId=67869a6a1514145a64988362\",\"status\":\"304\",\"responseTime\":\"166.711\"}","timestamp":"2025-02-13T04:19:42.941Z"}
{"level":"\u001b[32minfo\u001b[39m","message":"{\"method\":\"GET\",\"url\":\"/api/task/fetch-tasks\",\"status\":\"304\",\"responseTime\":\"161.029\"}","timestamp":"2025-02-13T04:19:42.946Z"}
{"level":"\u001b[32minfo\u001b[39m","message":"{\"method\":\"GET\",\"url\":\"/api/task/fetch-tasks?projectId=67a44c685dae11d3d9bf3efc\",\"status\":\"304\",\"responseTime\":\"101.863\"}","timestamp":"2025-02-13T04:19:43.342Z"}
{"level":"\u001b[32minfo\u001b[39m","message":"{\"method\":\"GET\",\"url\":\"/api/task/fetch-tasks?projectId=67a44c685dae11d3d9bf3efc\",\"status\":\"304\",\"responseTime\":\"170.135\"}","timestamp":"2025-02-13T04:19:43.525Z"}
{"level":"\u001b[32minfo\u001b[39m","message":"{\"method\":\"GET\",\"url\":\"/api/task/fetch-subTasks?parentTaskId=67a44cee5dae11d3d9bf3f09\",\"status\":\"304\",\"responseTime\":\"269.897\"}","timestamp":"2025-02-13T04:19:43.848Z"}
{"level":"\u001b[32minfo\u001b[39m","message":"{\"method\":\"POST\",\"url\":\"/api/task/create-task\",\"status\":\"200\",\"responseTime\":\"177.249\"}","timestamp":"2025-02-13T04:20:08.434Z"}
{"level":"\u001b[32minfo\u001b[39m","message":"{\"method\":\"GET\",\"url\":\"/api/task/fetch-tasks?projectId=67a44c685dae11d3d9bf3efc\",\"status\":\"200\",\"responseTime\":\"120.351\"}","timestamp":"2025-02-13T04:20:08.607Z"}
{"level":"\u001b[32minfo\u001b[39m","message":"{\"method\":\"GET\",\"url\":\"/api/task/fetch-subTasks?parentTaskId=67a44cee5dae11d3d9bf3f09\",\"status\":\"304\",\"responseTime\":\"113.090\"}","timestamp":"2025-02-13T04:20:09.044Z"}
{"level":"\u001b[32minfo\u001b[39m","message":"{\"method\":\"GET\",\"url\":\"/api/task/fetch-subTasks?parentTaskId=67a5d1b3ec0a2728bc2a804c\",\"status\":\"304\",\"responseTime\":\"288.270\"}","timestamp":"2025-02-13T04:20:12.919Z"}
{"level":"\u001b[32minfo\u001b[39m","message":"{\"method\":\"GET\",\"url\":\"/api/task/fetch-subTasks?parentTaskId=67ab306944f8f042697be2ec\",\"status\":\"200\",\"responseTime\":\"113.108\"}","timestamp":"2025-02-13T04:20:12.925Z"}
{"level":"\u001b[32minfo\u001b[39m","message":"{\"method\":\"GET\",\"url\":\"/api/task/fetch-subTasks?parentTaskId=67ac2751f08d6eed0a87ef3c\",\"status\":\"200\",\"responseTime\":\"242.982\"}","timestamp":"2025-02-13T04:20:17.021Z"}
{"level":"\u001b[32minfo\u001b[39m","message":"{\"method\":\"GET\",\"url\":\"/api/task/fetch-subTasks?parentTaskId=67ad72f8b0644f188e4718ca\",\"status\":\"200\",\"responseTime\":\"75.013\"}","timestamp":"2025-02-13T04:20:18.574Z"}
{"level":"\u001b[32minfo\u001b[39m","message":"{\"method\":\"GET\",\"url\":\"/api/project/fetch-projects?organizationId=67869a6a1514145a64988362\",\"status\":\"401\",\"responseTime\":\"5.274\"}","timestamp":"2025-02-13T04:20:32.092Z"}
{"level":"\u001b[32minfo\u001b[39m","message":"{\"method\":\"GET\",\"url\":\"/api/project/fetch-projects?organizationId=67869a6a1514145a64988362\",\"status\":\"304\",\"responseTime\":\"130.600\"}","timestamp":"2025-02-13T04:20:32.463Z"}
{"level":"\u001b[32minfo\u001b[39m","message":"{\"method\":\"GET\",\"url\":\"/api/project/fetch-projects?organizationId=67869a6a1514145a64988362\",\"status\":\"401\",\"responseTime\":\"7.155\"}","timestamp":"2025-02-13T04:46:07.774Z"}
{"level":"\u001b[32minfo\u001b[39m","message":"{\"method\":\"GET\",\"url\":\"/api/project/fetch-projects?organizationId=67869a6a1514145a64988362\",\"status\":\"304\",\"responseTime\":\"3833.658\"}","timestamp":"2025-02-13T04:46:16.045Z"}
{"level":"\u001b[32minfo\u001b[39m","message":"{\"method\":\"GET\",\"url\":\"/api/project/fetch-projects?organizationId=67869a6a1514145a64988362\",\"status\":\"401\",\"responseTime\":\"9.020\"}","timestamp":"2025-02-13T04:53:31.395Z"}
{"level":"\u001b[32minfo\u001b[39m","message":"{\"method\":\"GET\",\"url\":\"/api/project/fetch-projects?organizationId=67869a6a1514145a64988362\",\"status\":\"304\",\"responseTime\":\"683.894\"}","timestamp":"2025-02-13T04:53:34.536Z"}
{"level":"\u001b[32minfo\u001b[39m","message":"{\"method\":\"GET\",\"url\":\"/api/task/fetch-tasks\",\"status\":\"304\",\"responseTime\":\"534.213\"}","timestamp":"2025-02-13T04:55:23.275Z"}
{"level":"\u001b[32minfo\u001b[39m","message":"{\"method\":\"GET\",\"url\":\"/api/project/fetch-projects?organizationId=67869a6a1514145a64988362\",\"status\":\"304\",\"responseTime\":\"3048.674\"}","timestamp":"2025-02-13T04:55:25.794Z"}
{"level":"\u001b[32minfo\u001b[39m","message":"{\"method\":\"GET\",\"url\":\"/api/task/fetch-tasks?projectId=67a44c685dae11d3d9bf3efc\",\"status\":\"304\",\"responseTime\":\"477.488\"}","timestamp":"2025-02-13T04:55:27.146Z"}
{"level":"\u001b[32minfo\u001b[39m","message":"{\"method\":\"GET\",\"url\":\"/api/task/fetch-tasks?projectId=67a44c685dae11d3d9bf3efc\",\"status\":\"304\",\"responseTime\":\"351.186\"}","timestamp":"2025-02-13T04:55:27.502Z"}
{"level":"\u001b[32minfo\u001b[39m","message":"{\"method\":\"GET\",\"url\":\"/api/task/fetch-subTasks?parentTaskId=67a44cee5dae11d3d9bf3f09\",\"status\":\"304\",\"responseTime\":\"348.642\"}","timestamp":"2025-02-13T04:55:27.897Z"}
{"level":"\u001b[32minfo\u001b[39m","message":"{\"method\":\"GET\",\"url\":\"/api/project/fetch-projects?organizationId=67869a6a1514145a64988362\",\"status\":\"304\",\"responseTime\":\"377.812\"}","timestamp":"2025-02-13T04:55:28.249Z"}
{"level":"\u001b[32minfo\u001b[39m","message":"{\"method\":\"GET\",\"url\":\"/api/project/fetch-projects?organizationId=67869a6a1514145a64988362\",\"status\":\"401\",\"responseTime\":\"5.513\"}","timestamp":"2025-02-13T05:05:49.965Z"}
{"level":"\u001b[32minfo\u001b[39m","message":"{\"method\":\"GET\",\"url\":\"/api/task/fetch-tasks\",\"status\":\"401\",\"responseTime\":\"10.070\"}","timestamp":"2025-02-13T05:05:49.986Z"}
{"level":"\u001b[32minfo\u001b[39m","message":"{\"method\":\"GET\",\"url\":\"/api/project/fetch-projects?organizationId=67869a6a1514145a64988362\",\"status\":\"304\",\"responseTime\":\"210.255\"}","timestamp":"2025-02-13T05:05:50.430Z"}
{"level":"\u001b[32minfo\u001b[39m","message":"{\"method\":\"GET\",\"url\":\"/api/task/fetch-tasks\",\"status\":\"304\",\"responseTime\":\"164.251\"}","timestamp":"2025-02-13T05:05:50.496Z"}
{"level":"\u001b[32minfo\u001b[39m","message":"{\"method\":\"GET\",\"url\":\"/api/project/fetch-projects?organizationId=67869a6a1514145a64988362\",\"status\":\"304\",\"responseTime\":\"113.435\"}","timestamp":"2025-02-13T05:05:50.839Z"}
{"level":"\u001b[32minfo\u001b[39m","message":"{\"method\":\"GET\",\"url\":\"/api/project/fetch-projects?organizationId=67869a6a1514145a64988362\",\"status\":\"401\",\"responseTime\":\"5.878\"}","timestamp":"2025-02-13T05:43:14.748Z"}
{"level":"\u001b[32minfo\u001b[39m","message":"{\"method\":\"GET\",\"url\":\"/api/project/fetch-projects?organizationId=67869a6a1514145a64988362\",\"status\":\"304\",\"responseTime\":\"81.033\"}","timestamp":"2025-02-13T05:43:16.294Z"}
{"level":"\u001b[32minfo\u001b[39m","message":"{\"method\":\"GET\",\"url\":\"/api/project/fetch-projects?organizationId=67869a6a1514145a64988362\",\"status\":\"304\",\"responseTime\":\"744.894\"}","timestamp":"2025-02-13T05:46:13.177Z"}
{"level":"\u001b[32minfo\u001b[39m","message":"{\"method\":\"GET\",\"url\":\"/api/project/fetch-projects?organizationId=67869a6a1514145a64988362\",\"status\":\"304\",\"responseTime\":\"61.571\"}","timestamp":"2025-02-13T05:46:22.948Z"}
{"level":"\u001b[32minfo\u001b[39m","message":"{\"method\":\"GET\",\"url\":\"/api/project/fetch-projects?organizationId=67869a6a1514145a64988362\",\"status\":\"304\",\"responseTime\":\"69.300\"}","timestamp":"2025-02-13T05:46:27.613Z"}
{"level":"\u001b[32minfo\u001b[39m","message":"{\"method\":\"GET\",\"url\":\"/api/task/fetch-tasks?projectId=67a44c685dae11d3d9bf3efc\",\"status\":\"304\",\"responseTime\":\"72.502\"}","timestamp":"2025-02-13T05:46:27.848Z"}
{"level":"\u001b[32minfo\u001b[39m","message":"{\"method\":\"GET\",\"url\":\"/api/task/fetch-tasks?projectId=67a44c685dae11d3d9bf3efc\",\"status\":\"304\",\"responseTime\":\"56.804\"}","timestamp":"2025-02-13T05:46:27.912Z"}
{"level":"\u001b[32minfo\u001b[39m","message":"{\"method\":\"GET\",\"url\":\"/api/task/fetch-tasks\",\"status\":\"304\",\"responseTime\":\"444.271\"}","timestamp":"2025-02-13T05:46:27.994Z"}
{"level":"\u001b[32minfo\u001b[39m","message":"{\"method\":\"GET\",\"url\":\"/api/task/fetch-subTasks?parentTaskId=67a44cee5dae11d3d9bf3f09\",\"status\":\"304\",\"responseTime\":\"59.291\"}","timestamp":"2025-02-13T05:46:28.034Z"}
{"level":"\u001b[32minfo\u001b[39m","message":"{\"method\":\"GET\",\"url\":\"/api/project/fetch-projects?organizationId=67869a6a1514145a64988362\",\"status\":\"401\",\"responseTime\":\"4.708\"}","timestamp":"2025-02-13T05:47:07.850Z"}
{"level":"\u001b[32minfo\u001b[39m","message":"{\"method\":\"GET\",\"url\":\"/api/task/fetch-tasks\",\"status\":\"401\",\"responseTime\":\"5.879\"}","timestamp":"2025-02-13T05:47:07.863Z"}
{"level":"\u001b[32minfo\u001b[39m","message":"{\"method\":\"GET\",\"url\":\"/api/project/fetch-projects?organizationId=67869a6a1514145a64988362\",\"status\":\"304\",\"responseTime\":\"64.983\"}","timestamp":"2025-02-13T05:47:08.041Z"}
{"level":"\u001b[32minfo\u001b[39m","message":"{\"method\":\"GET\",\"url\":\"/api/task/fetch-tasks?projectId=67a44c685dae11d3d9bf3efc\",\"status\":\"304\",\"responseTime\":\"67.579\"}","timestamp":"2025-02-13T05:47:08.326Z"}
{"level":"\u001b[32minfo\u001b[39m","message":"{\"method\":\"GET\",\"url\":\"/api/task/fetch-tasks?projectId=67a44c685dae11d3d9bf3efc\",\"status\":\"304\",\"responseTime\":\"64.757\"}","timestamp":"2025-02-13T05:47:08.401Z"}
{"level":"\u001b[32minfo\u001b[39m","message":"{\"method\":\"GET\",\"url\":\"/api/task/fetch-subTasks?parentTaskId=67a44cee5dae11d3d9bf3f09\",\"status\":\"304\",\"responseTime\":\"58.144\"}","timestamp":"2025-02-13T05:47:08.540Z"}
{"level":"\u001b[32minfo\u001b[39m","message":"{\"method\":\"GET\",\"url\":\"/api/task/fetch-tasks\",\"status\":\"304\",\"responseTime\":\"69.517\"}","timestamp":"2025-02-13T05:47:08.689Z"}
{"level":"\u001b[32minfo\u001b[39m","message":"{\"method\":\"GET\",\"url\":\"/api/project/fetchEmployees-projects?organizationId=67869a6a1514145a64988362&employeeId=67a44a46314f8fe8e568bd5e\",\"status\":\"304\",\"responseTime\":\"675.756\"}","timestamp":"2025-02-13T07:02:07.346Z"}
{"level":"\u001b[32minfo\u001b[39m","message":"{\"method\":\"GET\",\"url\":\"/api/task/fetchEmployees-Alltasks?employeeId=67a44a46314f8fe8e568bd5e\",\"status\":\"304\",\"responseTime\":\"673.120\"}","timestamp":"2025-02-13T07:02:07.354Z"}
{"level":"\u001b[32minfo\u001b[39m","message":"{\"method\":\"GET\",\"url\":\"/api/project/fetchEmployees-projects?organizationId=67869a6a1514145a64988362&employeeId=67a44a46314f8fe8e568bd5e\",\"status\":\"304\",\"responseTime\":\"116.077\"}","timestamp":"2025-02-13T07:02:22.008Z"}
{"level":"\u001b[32minfo\u001b[39m","message":"{\"method\":\"GET\",\"url\":\"/api/task/fetchEmployees-tasks?employeeId=67a44a46314f8fe8e568bd5e\",\"status\":\"304\",\"responseTime\":\"73.618\"}","timestamp":"2025-02-13T07:02:23.111Z"}
{"level":"\u001b[32minfo\u001b[39m","message":"{\"method\":\"GET\",\"url\":\"/api/project/fetchEmployees-projects?organizationId=67869a6a1514145a64988362&employeeId=67a44a46314f8fe8e568bd5e\",\"status\":\"304\",\"responseTime\":\"85.512\"}","timestamp":"2025-02-13T07:02:23.117Z"}
{"level":"\u001b[32minfo\u001b[39m","message":"{\"method\":\"GET\",\"url\":\"/api/task/fetch-tasks\",\"status\":\"304\",\"responseTime\":\"45.043\"}","timestamp":"2025-02-13T07:02:23.168Z"}
{"level":"\u001b[32minfo\u001b[39m","message":"{\"method\":\"GET\",\"url\":\"/api/task/fetch-tasks?projectId=67a44c685dae11d3d9bf3efc\",\"status\":\"200\",\"responseTime\":\"64.611\"}","timestamp":"2025-02-13T07:02:23.364Z"}
{"level":"\u001b[32minfo\u001b[39m","message":"{\"method\":\"GET\",\"url\":\"/api/task/fetch-tasks?projectId=67a44c685dae11d3d9bf3efc\",\"status\":\"304\",\"responseTime\":\"101.159\"}","timestamp":"2025-02-13T07:02:23.481Z"}
{"level":"\u001b[32minfo\u001b[39m","message":"{\"method\":\"GET\",\"url\":\"/api/task/fetch-subTasks?parentTaskId=67a44cee5dae11d3d9bf3f09\",\"status\":\"304\",\"responseTime\":\"50.794\"}","timestamp":"2025-02-13T07:02:23.607Z"}
{"level":"\u001b[32minfo\u001b[39m","message":"{\"method\":\"GET\",\"url\":\"/api/task/fetch-tasks?projectId=67a44c685dae11d3d9bf3efc\",\"status\":\"304\",\"responseTime\":\"52.271\"}","timestamp":"2025-02-13T07:02:23.617Z"}
{"level":"\u001b[32minfo\u001b[39m","message":"{\"method\":\"GET\",\"url\":\"/api/task/fetchEmployees-Alltasks?employeeId=67a44a46314f8fe8e568bd5e\",\"status\":\"401\",\"responseTime\":\"7.151\"}","timestamp":"2025-02-13T07:05:31.106Z"}
{"level":"\u001b[32minfo\u001b[39m","message":"{\"method\":\"GET\",\"url\":\"/api/project/fetchEmployees-projects?organizationId=67869a6a1514145a64988362&employeeId=67a44a46314f8fe8e568bd5e\",\"status\":\"401\",\"responseTime\":\"7.003\"}","timestamp":"2025-02-13T07:05:31.119Z"}
{"level":"\u001b[32minfo\u001b[39m","message":"{\"method\":\"GET\",\"url\":\"/api/project/fetch-projects?organizationId=67869a6a1514145a64988362\",\"status\":\"304\",\"responseTime\":\"448.706\"}","timestamp":"2025-02-13T10:35:18.568Z"}
{"level":"\u001b[32minfo\u001b[39m","message":"{\"method\":\"GET\",\"url\":\"/api/project/fetch-projects?organizationId=67869a6a1514145a64988362\",\"status\":\"401\",\"responseTime\":\"13.896\"}","timestamp":"2025-02-13T10:59:52.034Z"}
{"level":"\u001b[32minfo\u001b[39m","message":"{\"method\":\"GET\",\"url\":\"/api/project/fetch-projects?organizationId=67869a6a1514145a64988362\",\"status\":\"304\",\"responseTime\":\"396.279\"}","timestamp":"2025-02-13T10:59:53.959Z"}
