{"level":"\u001b[32minfo\u001b[39m","message":"{\"method\":\"GET\",\"url\":\"/api/project/fetch-projects?organizationId=67869a6a1514145a64988362\",\"status\":\"401\",\"responseTime\":\"2.949\"}","timestamp":"2025-02-05T05:45:00.535Z"}
{"level":"\u001b[32minfo\u001b[39m","message":"{\"method\":\"GET\",\"url\":\"/api/task/fetch-tasks\",\"status\":\"401\",\"responseTime\":\"9.245\"}","timestamp":"2025-02-05T05:45:00.644Z"}
{"level":"\u001b[32minfo\u001b[39m","message":"{\"method\":\"GET\",\"url\":\"/api/task/fetch-tasks\",\"status\":\"304\",\"responseTime\":\"468.315\"}","timestamp":"2025-02-05T05:45:02.551Z"}
{"level":"\u001b[32minfo\u001b[39m","message":"{\"method\":\"GET\",\"url\":\"/api/project/fetch-projects?organizationId=67869a6a1514145a64988362\",\"status\":\"304\",\"responseTime\":\"504.293\"}","timestamp":"2025-02-05T05:45:02.567Z"}
{"level":"\u001b[32minfo\u001b[39m","message":"{\"method\":\"GET\",\"url\":\"/api/task/fetch-tasks?projectId=679c4532a6bfed6f8c93a934\",\"status\":\"304\",\"responseTime\":\"66.461\"}","timestamp":"2025-02-05T05:45:03.801Z"}
{"level":"\u001b[32minfo\u001b[39m","message":"{\"method\":\"GET\",\"url\":\"/api/task/fetch-tasks?projectId=679c4532a6bfed6f8c93a934\",\"status\":\"304\",\"responseTime\":\"84.087\"}","timestamp":"2025-02-05T05:45:03.916Z"}
{"level":"\u001b[32minfo\u001b[39m","message":"{\"method\":\"GET\",\"url\":\"/api/project/fetch-projects?organizationId=67869a6a1514145a64988362\",\"status\":\"304\",\"responseTime\":\"69.239\"}","timestamp":"2025-02-05T05:45:06.803Z"}
{"level":"\u001b[32minfo\u001b[39m","message":"{\"method\":\"GET\",\"url\":\"/api/project/fetch-projects?organizationId=67869a6a1514145a64988362\",\"status\":\"304\",\"responseTime\":\"81.784\"}","timestamp":"2025-02-05T05:47:02.741Z"}
{"level":"\u001b[32minfo\u001b[39m","message":"{\"method\":\"GET\",\"url\":\"/api/project/fetch-projects?organizationId=67869a6a1514145a64988362\",\"status\":\"304\",\"responseTime\":\"79.609\"}","timestamp":"2025-02-05T05:47:04.081Z"}
{"level":"\u001b[32minfo\u001b[39m","message":"{\"method\":\"GET\",\"url\":\"/api/task/fetch-tasks\",\"status\":\"304\",\"responseTime\":\"76.340\"}","timestamp":"2025-02-05T05:47:04.086Z"}
{"level":"\u001b[32minfo\u001b[39m","message":"{\"method\":\"GET\",\"url\":\"/api/task/fetch-tasks?projectId=679c4532a6bfed6f8c93a934\",\"status\":\"304\",\"responseTime\":\"65.243\"}","timestamp":"2025-02-05T05:47:04.376Z"}
{"level":"\u001b[32minfo\u001b[39m","message":"{\"method\":\"GET\",\"url\":\"/api/task/fetch-tasks?projectId=679c4532a6bfed6f8c93a934\",\"status\":\"304\",\"responseTime\":\"65.432\"}","timestamp":"2025-02-05T05:47:04.451Z"}
{"level":"\u001b[32minfo\u001b[39m","message":"{\"method\":\"GET\",\"url\":\"/api/project/fetch-projects?organizationId=67869a6a1514145a64988362\",\"status\":\"304\",\"responseTime\":\"66.846\"}","timestamp":"2025-02-05T05:47:16.643Z"}
{"level":"\u001b[32minfo\u001b[39m","message":"{\"method\":\"GET\",\"url\":\"/api/project/fetch-projects?organizationId=67869a6a1514145a64988362\",\"status\":\"304\",\"responseTime\":\"2507.308\"}","timestamp":"2025-02-05T05:48:04.494Z"}
{"level":"\u001b[32minfo\u001b[39m","message":"{\"method\":\"GET\",\"url\":\"/api/task/fetch-tasks\",\"status\":\"304\",\"responseTime\":\"2504.513\"}","timestamp":"2025-02-05T05:48:04.498Z"}
{"level":"\u001b[32minfo\u001b[39m","message":"{\"method\":\"GET\",\"url\":\"/api/task/fetch-tasks?projectId=679c4532a6bfed6f8c93a934\",\"status\":\"304\",\"responseTime\":\"65.739\"}","timestamp":"2025-02-05T05:48:04.759Z"}
{"level":"\u001b[32minfo\u001b[39m","message":"{\"method\":\"GET\",\"url\":\"/api/task/fetch-tasks?projectId=679c4532a6bfed6f8c93a934\",\"status\":\"304\",\"responseTime\":\"59.873\"}","timestamp":"2025-02-05T05:48:04.824Z"}
{"level":"\u001b[32minfo\u001b[39m","message":"{\"method\":\"GET\",\"url\":\"/api/project/fetch-projects?organizationId=67869a6a1514145a64988362\",\"status\":\"304\",\"responseTime\":\"67.572\"}","timestamp":"2025-02-05T05:48:07.963Z"}
{"level":"\u001b[32minfo\u001b[39m","message":"{\"method\":\"GET\",\"url\":\"/api/project/fetch-projects?organizationId=67869a6a1514145a64988362\",\"status\":\"304\",\"responseTime\":\"71.567\"}","timestamp":"2025-02-05T05:48:21.460Z"}
{"level":"\u001b[32minfo\u001b[39m","message":"{\"method\":\"GET\",\"url\":\"/api/project/fetch-projects?organizationId=67869a6a1514145a64988362\",\"status\":\"304\",\"responseTime\":\"75.468\"}","timestamp":"2025-02-05T05:48:25.439Z"}
{"level":"\u001b[32minfo\u001b[39m","message":"{\"method\":\"GET\",\"url\":\"/api/task/fetch-tasks\",\"status\":\"304\",\"responseTime\":\"72.153\"}","timestamp":"2025-02-05T05:48:25.446Z"}
{"level":"\u001b[32minfo\u001b[39m","message":"{\"method\":\"GET\",\"url\":\"/api/task/fetch-tasks?projectId=679c4532a6bfed6f8c93a934\",\"status\":\"304\",\"responseTime\":\"80.040\"}","timestamp":"2025-02-05T05:48:25.783Z"}
{"level":"\u001b[32minfo\u001b[39m","message":"{\"method\":\"GET\",\"url\":\"/api/task/fetch-tasks?projectId=679c4532a6bfed6f8c93a934\",\"status\":\"304\",\"responseTime\":\"70.617\"}","timestamp":"2025-02-05T05:48:25.869Z"}
{"level":"\u001b[32minfo\u001b[39m","message":"{\"method\":\"GET\",\"url\":\"/api/task/fetch-tasks?projectId=679c456aa6bfed6f8c93a937\",\"status\":\"401\",\"responseTime\":\"4.859\"}","timestamp":"2025-02-05T05:49:49.377Z"}
{"level":"\u001b[32minfo\u001b[39m","message":"{\"method\":\"GET\",\"url\":\"/api/task/fetch-tasks?projectId=679c456aa6bfed6f8c93a937\",\"status\":\"401\",\"responseTime\":\"5.693\"}","timestamp":"2025-02-05T05:49:49.394Z"}
{"level":"\u001b[32minfo\u001b[39m","message":"{\"method\":\"GET\",\"url\":\"/api/task/fetch-tasks?projectId=679c456aa6bfed6f8c93a937\",\"status\":\"304\",\"responseTime\":\"66.800\"}","timestamp":"2025-02-05T05:49:49.602Z"}
{"level":"\u001b[32minfo\u001b[39m","message":"{\"method\":\"GET\",\"url\":\"/api/task/fetch-tasks?projectId=679c456aa6bfed6f8c93a937\",\"status\":\"304\",\"responseTime\":\"68.420\"}","timestamp":"2025-02-05T05:49:49.682Z"}
{"level":"\u001b[32minfo\u001b[39m","message":"{\"method\":\"GET\",\"url\":\"/api/task/fetch-tasks?projectId=679c4597a6bfed6f8c93a93a\",\"status\":\"304\",\"responseTime\":\"81.010\"}","timestamp":"2025-02-05T05:49:51.364Z"}
{"level":"\u001b[32minfo\u001b[39m","message":"{\"method\":\"GET\",\"url\":\"/api/task/fetch-tasks?projectId=679c4597a6bfed6f8c93a93a\",\"status\":\"304\",\"responseTime\":\"93.252\"}","timestamp":"2025-02-05T05:49:51.466Z"}
{"level":"\u001b[32minfo\u001b[39m","message":"{\"method\":\"GET\",\"url\":\"/api/task/fetch-tasks?projectId=67a07b37347d7437bb9b3e0d\",\"status\":\"304\",\"responseTime\":\"71.371\"}","timestamp":"2025-02-05T05:49:54.869Z"}
{"level":"\u001b[32minfo\u001b[39m","message":"{\"method\":\"GET\",\"url\":\"/api/task/fetch-tasks?projectId=67a07b37347d7437bb9b3e0d\",\"status\":\"304\",\"responseTime\":\"99.029\"}","timestamp":"2025-02-05T05:49:54.979Z"}
{"level":"\u001b[32minfo\u001b[39m","message":"{\"method\":\"GET\",\"url\":\"/api/project/fetch-projects?organizationId=67869a6a1514145a64988362\",\"status\":\"304\",\"responseTime\":\"70.691\"}","timestamp":"2025-02-05T05:50:27.263Z"}
{"level":"\u001b[32minfo\u001b[39m","message":"{\"method\":\"GET\",\"url\":\"/api/project/fetch-projects?organizationId=67869a6a1514145a64988362\",\"status\":\"304\",\"responseTime\":\"66.581\"}","timestamp":"2025-02-05T05:50:37.804Z"}
{"level":"\u001b[32minfo\u001b[39m","message":"{\"method\":\"GET\",\"url\":\"/api/project/fetchEmployees-projects?organizationId=67869a6a1514145a64988362&employeeId=67869f7defffdbe0c161c74a\",\"status\":\"200\",\"responseTime\":\"82.414\"}","timestamp":"2025-02-05T05:51:10.356Z"}
{"level":"\u001b[32minfo\u001b[39m","message":"{\"method\":\"GET\",\"url\":\"/api/task/fetchEmployees-tasks?employeeId=67869f7defffdbe0c161c74a\",\"status\":\"304\",\"responseTime\":\"69.359\"}","timestamp":"2025-02-05T05:51:10.368Z"}
{"level":"\u001b[32minfo\u001b[39m","message":"{\"method\":\"GET\",\"url\":\"/api/task/fetch-tasks?projectId=679c4532a6bfed6f8c93a934\",\"status\":\"304\",\"responseTime\":\"67.279\"}","timestamp":"2025-02-05T05:51:10.629Z"}
{"level":"\u001b[32minfo\u001b[39m","message":"{\"method\":\"GET\",\"url\":\"/api/task/fetch-tasks?projectId=679c4532a6bfed6f8c93a934\",\"status\":\"304\",\"responseTime\":\"65.698\"}","timestamp":"2025-02-05T05:51:10.703Z"}
{"level":"\u001b[32minfo\u001b[39m","message":"{\"method\":\"GET\",\"url\":\"/api/project/fetchEmployees-projects?organizationId=67869a6a1514145a64988362&employeeId=67869f7defffdbe0c161c74a\",\"status\":\"304\",\"responseTime\":\"75.776\"}","timestamp":"2025-02-05T05:51:37.837Z"}
{"level":"\u001b[32minfo\u001b[39m","message":"{\"method\":\"GET\",\"url\":\"/api/task/fetchEmployees-tasks?employeeId=67869f7defffdbe0c161c74a\",\"status\":\"304\",\"responseTime\":\"72.363\"}","timestamp":"2025-02-05T05:51:37.841Z"}
{"level":"\u001b[32minfo\u001b[39m","message":"{\"method\":\"GET\",\"url\":\"/api/task/fetch-tasks?projectId=679c4532a6bfed6f8c93a934\",\"status\":\"304\",\"responseTime\":\"67.008\"}","timestamp":"2025-02-05T05:51:38.095Z"}
{"level":"\u001b[32minfo\u001b[39m","message":"{\"method\":\"GET\",\"url\":\"/api/task/fetch-tasks?projectId=679c4532a6bfed6f8c93a934\",\"status\":\"304\",\"responseTime\":\"65.382\"}","timestamp":"2025-02-05T05:51:38.169Z"}
{"level":"\u001b[32minfo\u001b[39m","message":"{\"method\":\"GET\",\"url\":\"/api/project/fetchEmployees-projects?organizationId=67869a6a1514145a64988362&employeeId=67869f7defffdbe0c161c74a\",\"status\":\"304\",\"responseTime\":\"72.322\"}","timestamp":"2025-02-05T05:51:54.997Z"}
{"level":"\u001b[32minfo\u001b[39m","message":"{\"method\":\"GET\",\"url\":\"/api/task/fetchEmployees-Alltasks?employeeId=67869f7defffdbe0c161c74a\",\"status\":\"304\",\"responseTime\":\"81.142\"}","timestamp":"2025-02-05T05:51:55.017Z"}
{"level":"\u001b[32minfo\u001b[39m","message":"{\"method\":\"GET\",\"url\":\"/api/project/fetchEmployees-projects?organizationId=67869a6a1514145a64988362&employeeId=67869f7defffdbe0c161c74a\",\"status\":\"304\",\"responseTime\":\"75.089\"}","timestamp":"2025-02-05T05:52:00.702Z"}
{"level":"\u001b[32minfo\u001b[39m","message":"{\"method\":\"GET\",\"url\":\"/api/task/fetchEmployees-tasks?employeeId=67869f7defffdbe0c161c74a\",\"status\":\"304\",\"responseTime\":\"71.899\"}","timestamp":"2025-02-05T05:52:00.705Z"}
{"level":"\u001b[32minfo\u001b[39m","message":"{\"method\":\"GET\",\"url\":\"/api/task/fetch-tasks?projectId=679c4532a6bfed6f8c93a934\",\"status\":\"304\",\"responseTime\":\"71.190\"}","timestamp":"2025-02-05T05:52:00.929Z"}
{"level":"\u001b[32minfo\u001b[39m","message":"{\"method\":\"GET\",\"url\":\"/api/task/fetch-tasks?projectId=679c4532a6bfed6f8c93a934\",\"status\":\"304\",\"responseTime\":\"75.399\"}","timestamp":"2025-02-05T05:52:01.011Z"}
{"level":"\u001b[32minfo\u001b[39m","message":"{\"method\":\"GET\",\"url\":\"/api/task/fetch-tasks?projectId=679c4532a6bfed6f8c93a934\",\"status\":\"304\",\"responseTime\":\"64.176\"}","timestamp":"2025-02-05T05:52:03.653Z"}
{"level":"\u001b[32minfo\u001b[39m","message":"{\"method\":\"GET\",\"url\":\"/api/task/fetch-tasks?projectId=679c4532a6bfed6f8c93a934\",\"status\":\"304\",\"responseTime\":\"65.264\"}","timestamp":"2025-02-05T05:52:04.639Z"}
{"level":"\u001b[32minfo\u001b[39m","message":"{\"method\":\"GET\",\"url\":\"/api/project/fetchEmployees-projects?organizationId=67869a6a1514145a64988362&employeeId=67869f7defffdbe0c161c74a\",\"status\":\"401\",\"responseTime\":\"4.161\"}","timestamp":"2025-02-05T05:54:08.759Z"}
{"level":"\u001b[32minfo\u001b[39m","message":"{\"method\":\"GET\",\"url\":\"/api/project/fetchEmployees-projects?organizationId=67869a6a1514145a64988362&employeeId=67869f7defffdbe0c161c74a\",\"status\":\"304\",\"responseTime\":\"66.495\"}","timestamp":"2025-02-05T05:54:08.939Z"}
{"level":"\u001b[32minfo\u001b[39m","message":"{\"method\":\"GET\",\"url\":\"/api/project/fetchEmployees-projects?organizationId=67869a6a1514145a64988362&employeeId=67869f7defffdbe0c161c74a\",\"status\":\"304\",\"responseTime\":\"85.659\"}","timestamp":"2025-02-05T05:54:20.867Z"}
{"level":"\u001b[32minfo\u001b[39m","message":"{\"method\":\"GET\",\"url\":\"/api/task/fetchEmployees-Alltasks?employeeId=67869f7defffdbe0c161c74a\",\"status\":\"304\",\"responseTime\":\"87.049\"}","timestamp":"2025-02-05T05:54:20.874Z"}
{"level":"\u001b[32minfo\u001b[39m","message":"{\"method\":\"GET\",\"url\":\"/api/project/fetchEmployees-projects?organizationId=67869a6a1514145a64988362&employeeId=67869f7defffdbe0c161c74a\",\"status\":\"304\",\"responseTime\":\"68.523\"}","timestamp":"2025-02-05T05:56:47.080Z"}
{"level":"\u001b[32minfo\u001b[39m","message":"{\"method\":\"GET\",\"url\":\"/api/task/fetchEmployees-Alltasks?employeeId=67869f7defffdbe0c161c74a\",\"status\":\"304\",\"responseTime\":\"68.221\"}","timestamp":"2025-02-05T05:56:47.088Z"}
{"level":"\u001b[32minfo\u001b[39m","message":"{\"method\":\"GET\",\"url\":\"/api/project/fetchEmployees-projects?organizationId=67869a6a1514145a64988362&employeeId=67869f7defffdbe0c161c74a\",\"status\":\"304\",\"responseTime\":\"72.489\"}","timestamp":"2025-02-05T05:56:53.585Z"}
{"level":"\u001b[32minfo\u001b[39m","message":"{\"method\":\"GET\",\"url\":\"/api/task/fetchEmployees-Alltasks?employeeId=67869f7defffdbe0c161c74a\",\"status\":\"304\",\"responseTime\":\"71.266\"}","timestamp":"2025-02-05T05:56:53.593Z"}
{"level":"\u001b[32minfo\u001b[39m","message":"{\"method\":\"GET\",\"url\":\"/api/project/fetch-projects?organizationId=67869a6a1514145a64988362\",\"status\":\"304\",\"responseTime\":\"67.784\"}","timestamp":"2025-02-05T05:57:29.140Z"}
{"level":"\u001b[32minfo\u001b[39m","message":"{\"method\":\"GET\",\"url\":\"/api/task/fetch-tasks\",\"status\":\"304\",\"responseTime\":\"66.240\"}","timestamp":"2025-02-05T05:57:29.147Z"}
{"level":"\u001b[32minfo\u001b[39m","message":"{\"method\":\"GET\",\"url\":\"/api/task/fetch-tasks?projectId=679c4532a6bfed6f8c93a934\",\"status\":\"304\",\"responseTime\":\"62.982\"}","timestamp":"2025-02-05T05:57:29.518Z"}
{"level":"\u001b[32minfo\u001b[39m","message":"{\"method\":\"GET\",\"url\":\"/api/task/fetch-tasks?projectId=679c4532a6bfed6f8c93a934\",\"status\":\"304\",\"responseTime\":\"70.325\"}","timestamp":"2025-02-05T05:57:29.597Z"}
{"level":"\u001b[32minfo\u001b[39m","message":"{\"method\":\"GET\",\"url\":\"/api/task/fetch-tasks?projectId=679c456aa6bfed6f8c93a937\",\"status\":\"304\",\"responseTime\":\"69.021\"}","timestamp":"2025-02-05T05:57:35.847Z"}
{"level":"\u001b[32minfo\u001b[39m","message":"{\"method\":\"GET\",\"url\":\"/api/task/fetch-tasks?projectId=679c456aa6bfed6f8c93a937\",\"status\":\"304\",\"responseTime\":\"67.744\"}","timestamp":"2025-02-05T05:57:35.926Z"}
{"level":"\u001b[32minfo\u001b[39m","message":"{\"method\":\"GET\",\"url\":\"/api/project/fetch-projects?organizationId=67869a6a1514145a64988362\",\"status\":\"304\",\"responseTime\":\"75.397\"}","timestamp":"2025-02-05T05:58:03.966Z"}
{"level":"\u001b[32minfo\u001b[39m","message":"{\"method\":\"GET\",\"url\":\"/api/project/fetch-projects?organizationId=67869a6a1514145a64988362\",\"status\":\"304\",\"responseTime\":\"66.377\"}","timestamp":"2025-02-05T05:58:10.533Z"}
{"level":"\u001b[32minfo\u001b[39m","message":"{\"method\":\"GET\",\"url\":\"/api/task/fetch-tasks\",\"status\":\"304\",\"responseTime\":\"70.845\"}","timestamp":"2025-02-05T05:58:10.544Z"}
{"level":"\u001b[32minfo\u001b[39m","message":"{\"method\":\"GET\",\"url\":\"/api/task/fetch-tasks?projectId=679c4532a6bfed6f8c93a934\",\"status\":\"304\",\"responseTime\":\"66.672\"}","timestamp":"2025-02-05T05:58:10.781Z"}
{"level":"\u001b[32minfo\u001b[39m","message":"{\"method\":\"GET\",\"url\":\"/api/task/fetch-tasks?projectId=679c4532a6bfed6f8c93a934\",\"status\":\"304\",\"responseTime\":\"65.032\"}","timestamp":"2025-02-05T05:58:10.852Z"}
{"level":"\u001b[32minfo\u001b[39m","message":"{\"method\":\"GET\",\"url\":\"/api/task/fetch-tasks?projectId=679c456aa6bfed6f8c93a937\",\"status\":\"401\",\"responseTime\":\"4.067\"}","timestamp":"2025-02-05T05:58:15.465Z"}
{"level":"\u001b[32minfo\u001b[39m","message":"{\"method\":\"GET\",\"url\":\"/api/task/fetch-tasks?projectId=679c456aa6bfed6f8c93a937\",\"status\":\"401\",\"responseTime\":\"3.568\"}","timestamp":"2025-02-05T05:58:15.479Z"}
{"level":"\u001b[32minfo\u001b[39m","message":"{\"method\":\"GET\",\"url\":\"/api/task/fetch-tasks?projectId=679c456aa6bfed6f8c93a937\",\"status\":\"304\",\"responseTime\":\"65.516\"}","timestamp":"2025-02-05T05:58:15.656Z"}
{"level":"\u001b[32minfo\u001b[39m","message":"{\"method\":\"GET\",\"url\":\"/api/task/fetch-tasks?projectId=679c456aa6bfed6f8c93a937\",\"status\":\"304\",\"responseTime\":\"70.176\"}","timestamp":"2025-02-05T05:58:15.736Z"}
{"level":"\u001b[32minfo\u001b[39m","message":"{\"method\":\"GET\",\"url\":\"/api/task/fetch-tasks?projectId=67a07b37347d7437bb9b3e0d\",\"status\":\"401\",\"responseTime\":\"4.090\"}","timestamp":"2025-02-05T06:01:03.103Z"}
{"level":"\u001b[32minfo\u001b[39m","message":"{\"method\":\"GET\",\"url\":\"/api/task/fetch-tasks?projectId=67a07b37347d7437bb9b3e0d\",\"status\":\"401\",\"responseTime\":\"5.259\"}","timestamp":"2025-02-05T06:01:03.118Z"}
{"level":"\u001b[32minfo\u001b[39m","message":"{\"method\":\"GET\",\"url\":\"/api/task/fetch-tasks?projectId=67a07b37347d7437bb9b3e0d\",\"status\":\"304\",\"responseTime\":\"63.271\"}","timestamp":"2025-02-05T06:01:03.300Z"}
{"level":"\u001b[32minfo\u001b[39m","message":"{\"method\":\"GET\",\"url\":\"/api/task/fetch-tasks?projectId=67a07b37347d7437bb9b3e0d\",\"status\":\"304\",\"responseTime\":\"62.726\"}","timestamp":"2025-02-05T06:01:03.369Z"}
{"level":"\u001b[32minfo\u001b[39m","message":"{\"method\":\"GET\",\"url\":\"/api/task/fetch-tasks?projectId=679c4597a6bfed6f8c93a93a\",\"status\":\"304\",\"responseTime\":\"70.285\"}","timestamp":"2025-02-05T06:01:04.448Z"}
{"level":"\u001b[32minfo\u001b[39m","message":"{\"method\":\"GET\",\"url\":\"/api/task/fetch-tasks?projectId=679c4597a6bfed6f8c93a93a\",\"status\":\"304\",\"responseTime\":\"62.023\"}","timestamp":"2025-02-05T06:01:04.519Z"}
{"level":"\u001b[32minfo\u001b[39m","message":"{\"method\":\"GET\",\"url\":\"/api/task/fetch-tasks?projectId=679c456aa6bfed6f8c93a937\",\"status\":\"304\",\"responseTime\":\"87.736\"}","timestamp":"2025-02-05T06:01:06.061Z"}
{"level":"\u001b[32minfo\u001b[39m","message":"{\"method\":\"GET\",\"url\":\"/api/task/fetch-tasks?projectId=679c456aa6bfed6f8c93a937\",\"status\":\"304\",\"responseTime\":\"68.678\"}","timestamp":"2025-02-05T06:01:06.137Z"}
{"level":"\u001b[32minfo\u001b[39m","message":"{\"method\":\"GET\",\"url\":\"/api/task/fetchEmployees-tasks?employeeId=67869f7defffdbe0c161c74a\",\"status\":\"401\",\"responseTime\":\"3.393\"}","timestamp":"2025-02-05T06:01:59.084Z"}
{"level":"\u001b[32minfo\u001b[39m","message":"{\"method\":\"GET\",\"url\":\"/api/project/fetchEmployees-projects?organizationId=67869a6a1514145a64988362&employeeId=67869f7defffdbe0c161c74a\",\"status\":\"401\",\"responseTime\":\"6.768\"}","timestamp":"2025-02-05T06:01:59.093Z"}
{"level":"\u001b[32minfo\u001b[39m","message":"{\"method\":\"GET\",\"url\":\"/api/task/fetchEmployees-tasks?employeeId=67869f7defffdbe0c161c74a\",\"status\":\"304\",\"responseTime\":\"61.336\"}","timestamp":"2025-02-05T06:01:59.246Z"}
{"level":"\u001b[32minfo\u001b[39m","message":"{\"method\":\"GET\",\"url\":\"/api/project/fetchEmployees-projects?organizationId=67869a6a1514145a64988362&employeeId=67869f7defffdbe0c161c74a\",\"status\":\"304\",\"responseTime\":\"67.366\"}","timestamp":"2025-02-05T06:01:59.257Z"}
{"level":"\u001b[32minfo\u001b[39m","message":"{\"method\":\"GET\",\"url\":\"/api/task/fetch-tasks?projectId=679c4532a6bfed6f8c93a934\",\"status\":\"304\",\"responseTime\":\"64.185\"}","timestamp":"2025-02-05T06:01:59.550Z"}
{"level":"\u001b[32minfo\u001b[39m","message":"{\"method\":\"GET\",\"url\":\"/api/task/fetch-tasks?projectId=679c4532a6bfed6f8c93a934\",\"status\":\"304\",\"responseTime\":\"69.446\"}","timestamp":"2025-02-05T06:01:59.633Z"}
{"level":"\u001b[32minfo\u001b[39m","message":"{\"method\":\"GET\",\"url\":\"/api/task/fetch-tasks?projectId=679c456aa6bfed6f8c93a937\",\"status\":\"401\",\"responseTime\":\"6.236\"}","timestamp":"2025-02-05T06:04:51.022Z"}
{"level":"\u001b[32minfo\u001b[39m","message":"{\"method\":\"GET\",\"url\":\"/api/task/fetch-tasks?projectId=679c456aa6bfed6f8c93a937\",\"status\":\"304\",\"responseTime\":\"69.672\"}","timestamp":"2025-02-05T06:04:51.254Z"}
{"level":"\u001b[32minfo\u001b[39m","message":"{\"method\":\"GET\",\"url\":\"/api/task/fetch-tasks?projectId=679c456aa6bfed6f8c93a937\",\"status\":\"401\",\"responseTime\":\"3.424\"}","timestamp":"2025-02-05T06:06:39.993Z"}
{"level":"\u001b[32minfo\u001b[39m","message":"{\"method\":\"GET\",\"url\":\"/api/task/fetch-tasks?projectId=679c456aa6bfed6f8c93a937\",\"status\":\"304\",\"responseTime\":\"63.725\"}","timestamp":"2025-02-05T06:06:40.154Z"}
{"level":"\u001b[32minfo\u001b[39m","message":"{\"method\":\"GET\",\"url\":\"/api/task/fetch-tasks?projectId=679c456aa6bfed6f8c93a937\",\"status\":\"304\",\"responseTime\":\"67.293\"}","timestamp":"2025-02-05T06:06:41.055Z"}
{"level":"\u001b[32minfo\u001b[39m","message":"{\"method\":\"GET\",\"url\":\"/api/task/fetch-tasks?projectId=679c456aa6bfed6f8c93a937\",\"status\":\"304\",\"responseTime\":\"65.230\"}","timestamp":"2025-02-05T06:06:53.127Z"}
{"level":"\u001b[32minfo\u001b[39m","message":"{\"method\":\"GET\",\"url\":\"/api/task/fetch-tasks?projectId=679c456aa6bfed6f8c93a937\",\"status\":\"304\",\"responseTime\":\"70.978\"}","timestamp":"2025-02-05T06:07:10.168Z"}
{"level":"\u001b[32minfo\u001b[39m","message":"{\"method\":\"GET\",\"url\":\"/api/task/fetch-tasks?projectId=679c456aa6bfed6f8c93a937\",\"status\":\"304\",\"responseTime\":\"68.650\"}","timestamp":"2025-02-05T06:07:24.056Z"}
{"level":"\u001b[32minfo\u001b[39m","message":"{\"method\":\"GET\",\"url\":\"/api/task/fetch-tasks?projectId=679c456aa6bfed6f8c93a937\",\"status\":\"304\",\"responseTime\":\"63.920\"}","timestamp":"2025-02-05T06:07:25.905Z"}
{"level":"\u001b[32minfo\u001b[39m","message":"{\"method\":\"GET\",\"url\":\"/api/task/fetch-tasks?projectId=679c456aa6bfed6f8c93a937\",\"status\":\"304\",\"responseTime\":\"73.892\"}","timestamp":"2025-02-05T06:07:30.097Z"}
{"level":"\u001b[32minfo\u001b[39m","message":"{\"method\":\"GET\",\"url\":\"/api/task/fetch-tasks?projectId=679c456aa6bfed6f8c93a937\",\"status\":\"304\",\"responseTime\":\"63.776\"}","timestamp":"2025-02-05T06:07:35.499Z"}
{"level":"\u001b[32minfo\u001b[39m","message":"{\"method\":\"GET\",\"url\":\"/api/task/fetch-tasks?projectId=679c456aa6bfed6f8c93a937\",\"status\":\"304\",\"responseTime\":\"55.198\"}","timestamp":"2025-02-05T06:07:39.033Z"}
{"level":"\u001b[32minfo\u001b[39m","message":"{\"method\":\"GET\",\"url\":\"/api/task/fetch-tasks?projectId=679c456aa6bfed6f8c93a937\",\"status\":\"401\",\"responseTime\":\"4.426\"}","timestamp":"2025-02-05T06:07:45.991Z"}
{"level":"\u001b[32minfo\u001b[39m","message":"{\"method\":\"GET\",\"url\":\"/api/task/fetch-tasks?projectId=679c456aa6bfed6f8c93a937\",\"status\":\"304\",\"responseTime\":\"59.829\"}","timestamp":"2025-02-05T06:07:46.146Z"}
{"level":"\u001b[32minfo\u001b[39m","message":"{\"method\":\"GET\",\"url\":\"/api/task/fetch-tasks?projectId=679c456aa6bfed6f8c93a937\",\"status\":\"304\",\"responseTime\":\"61.349\"}","timestamp":"2025-02-05T06:07:49.046Z"}
{"level":"\u001b[32minfo\u001b[39m","message":"{\"method\":\"GET\",\"url\":\"/api/task/fetch-tasks?projectId=679c456aa6bfed6f8c93a937\",\"status\":\"304\",\"responseTime\":\"65.335\"}","timestamp":"2025-02-05T06:07:50.540Z"}
{"level":"\u001b[32minfo\u001b[39m","message":"{\"method\":\"GET\",\"url\":\"/api/task/fetch-tasks?projectId=679c456aa6bfed6f8c93a937\",\"status\":\"304\",\"responseTime\":\"58.129\"}","timestamp":"2025-02-05T06:07:57.032Z"}
{"level":"\u001b[32minfo\u001b[39m","message":"{\"method\":\"GET\",\"url\":\"/api/task/fetch-tasks?projectId=679c456aa6bfed6f8c93a937\",\"status\":\"304\",\"responseTime\":\"63.812\"}","timestamp":"2025-02-05T06:07:58.046Z"}
{"level":"\u001b[32minfo\u001b[39m","message":"{\"method\":\"GET\",\"url\":\"/api/task/fetch-tasks?projectId=679c456aa6bfed6f8c93a937\",\"status\":\"304\",\"responseTime\":\"58.197\"}","timestamp":"2025-02-05T06:08:05.036Z"}
{"level":"\u001b[32minfo\u001b[39m","message":"{\"method\":\"GET\",\"url\":\"/api/task/fetch-tasks?projectId=679c456aa6bfed6f8c93a937\",\"status\":\"304\",\"responseTime\":\"56.941\"}","timestamp":"2025-02-05T06:08:07.606Z"}
{"level":"\u001b[32minfo\u001b[39m","message":"{\"method\":\"GET\",\"url\":\"/api/task/fetch-tasks?projectId=679c456aa6bfed6f8c93a937\",\"status\":\"304\",\"responseTime\":\"57.509\"}","timestamp":"2025-02-05T06:08:12.043Z"}
{"level":"\u001b[32minfo\u001b[39m","message":"{\"method\":\"GET\",\"url\":\"/api/task/fetch-tasks?projectId=679c456aa6bfed6f8c93a937\",\"status\":\"304\",\"responseTime\":\"75.810\"}","timestamp":"2025-02-05T06:08:13.081Z"}
{"level":"\u001b[32minfo\u001b[39m","message":"{\"method\":\"GET\",\"url\":\"/api/task/fetch-tasks?projectId=679c456aa6bfed6f8c93a937\",\"status\":\"304\",\"responseTime\":\"56.463\"}","timestamp":"2025-02-05T06:08:18.811Z"}
{"level":"\u001b[32minfo\u001b[39m","message":"{\"method\":\"GET\",\"url\":\"/api/task/fetch-tasks?projectId=679c456aa6bfed6f8c93a937\",\"status\":\"304\",\"responseTime\":\"58.158\"}","timestamp":"2025-02-05T06:08:24.045Z"}
{"level":"\u001b[32minfo\u001b[39m","message":"{\"method\":\"GET\",\"url\":\"/api/task/fetch-tasks?projectId=679c456aa6bfed6f8c93a937\",\"status\":\"304\",\"responseTime\":\"59.106\"}","timestamp":"2025-02-05T06:08:25.284Z"}
{"level":"\u001b[32minfo\u001b[39m","message":"{\"method\":\"GET\",\"url\":\"/api/task/fetch-tasks?projectId=679c456aa6bfed6f8c93a937\",\"status\":\"304\",\"responseTime\":\"55.164\"}","timestamp":"2025-02-05T06:08:39.048Z"}
{"level":"\u001b[32minfo\u001b[39m","message":"{\"method\":\"GET\",\"url\":\"/api/task/fetch-tasks?projectId=679c4532a6bfed6f8c93a934\",\"status\":\"304\",\"responseTime\":\"59.414\"}","timestamp":"2025-02-05T06:08:42.597Z"}
{"level":"\u001b[32minfo\u001b[39m","message":"{\"method\":\"GET\",\"url\":\"/api/task/fetch-tasks?projectId=679c4532a6bfed6f8c93a934\",\"status\":\"304\",\"responseTime\":\"58.262\"}","timestamp":"2025-02-05T06:08:42.667Z"}
{"level":"\u001b[32minfo\u001b[39m","message":"{\"method\":\"GET\",\"url\":\"/api/task/fetch-tasks?projectId=679c456aa6bfed6f8c93a937\",\"status\":\"304\",\"responseTime\":\"77.037\"}","timestamp":"2025-02-05T06:08:44.026Z"}
{"level":"\u001b[32minfo\u001b[39m","message":"{\"method\":\"GET\",\"url\":\"/api/task/fetch-tasks?projectId=679c456aa6bfed6f8c93a937\",\"status\":\"304\",\"responseTime\":\"58.535\"}","timestamp":"2025-02-05T06:08:44.114Z"}
{"level":"\u001b[32minfo\u001b[39m","message":"{\"method\":\"GET\",\"url\":\"/api/task/fetch-tasks?projectId=679c456aa6bfed6f8c93a937\",\"status\":\"401\",\"responseTime\":\"4.366\"}","timestamp":"2025-02-05T06:08:54.018Z"}
{"level":"\u001b[32minfo\u001b[39m","message":"{\"method\":\"GET\",\"url\":\"/api/task/fetch-tasks?projectId=679c456aa6bfed6f8c93a937\",\"status\":\"304\",\"responseTime\":\"57.200\"}","timestamp":"2025-02-05T06:08:54.182Z"}
{"level":"\u001b[32minfo\u001b[39m","message":"{\"method\":\"GET\",\"url\":\"/api/task/fetch-tasks?projectId=679c456aa6bfed6f8c93a937\",\"status\":\"304\",\"responseTime\":\"59.761\"}","timestamp":"2025-02-05T06:09:01.607Z"}
{"level":"\u001b[32minfo\u001b[39m","message":"{\"method\":\"GET\",\"url\":\"/api/task/fetch-tasks?projectId=679c4597a6bfed6f8c93a93a\",\"status\":\"304\",\"responseTime\":\"71.038\"}","timestamp":"2025-02-05T06:09:04.051Z"}
{"level":"\u001b[32minfo\u001b[39m","message":"{\"method\":\"GET\",\"url\":\"/api/task/fetch-tasks?projectId=679c4597a6bfed6f8c93a93a\",\"status\":\"304\",\"responseTime\":\"57.339\"}","timestamp":"2025-02-05T06:09:04.117Z"}
{"level":"\u001b[32minfo\u001b[39m","message":"{\"method\":\"GET\",\"url\":\"/api/task/fetch-tasks?projectId=679c4597a6bfed6f8c93a93a\",\"status\":\"304\",\"responseTime\":\"57.954\"}","timestamp":"2025-02-05T06:09:04.186Z"}
{"level":"\u001b[32minfo\u001b[39m","message":"{\"method\":\"GET\",\"url\":\"/api/task/fetch-tasks?projectId=679c4597a6bfed6f8c93a93a\",\"status\":\"304\",\"responseTime\":\"58.079\"}","timestamp":"2025-02-05T06:09:04.255Z"}
{"level":"\u001b[32minfo\u001b[39m","message":"{\"method\":\"GET\",\"url\":\"/api/task/fetch-tasks?projectId=67a07b37347d7437bb9b3e0d\",\"status\":\"304\",\"responseTime\":\"66.913\"}","timestamp":"2025-02-05T06:09:05.205Z"}
{"level":"\u001b[32minfo\u001b[39m","message":"{\"method\":\"GET\",\"url\":\"/api/task/fetch-tasks?projectId=67a07b37347d7437bb9b3e0d\",\"status\":\"304\",\"responseTime\":\"55.622\"}","timestamp":"2025-02-05T06:09:05.269Z"}
{"level":"\u001b[32minfo\u001b[39m","message":"{\"method\":\"GET\",\"url\":\"/api/task/fetch-tasks?projectId=67a07b37347d7437bb9b3e0d\",\"status\":\"304\",\"responseTime\":\"57.399\"}","timestamp":"2025-02-05T06:09:05.335Z"}
{"level":"\u001b[32minfo\u001b[39m","message":"{\"method\":\"GET\",\"url\":\"/api/task/fetch-tasks?projectId=67a07b37347d7437bb9b3e0d\",\"status\":\"304\",\"responseTime\":\"62.443\"}","timestamp":"2025-02-05T06:09:05.405Z"}
{"level":"\u001b[32minfo\u001b[39m","message":"{\"method\":\"GET\",\"url\":\"/api/task/fetch-tasks?projectId=679c4597a6bfed6f8c93a93a\",\"status\":\"304\",\"responseTime\":\"73.534\"}","timestamp":"2025-02-05T06:09:06.591Z"}
{"level":"\u001b[32minfo\u001b[39m","message":"{\"method\":\"GET\",\"url\":\"/api/task/fetch-tasks?projectId=679c4597a6bfed6f8c93a93a\",\"status\":\"304\",\"responseTime\":\"56.980\"}","timestamp":"2025-02-05T06:09:06.658Z"}
{"level":"\u001b[32minfo\u001b[39m","message":"{\"method\":\"GET\",\"url\":\"/api/task/fetch-tasks?projectId=679c4597a6bfed6f8c93a93a\",\"status\":\"304\",\"responseTime\":\"61.411\"}","timestamp":"2025-02-05T06:09:06.732Z"}
{"level":"\u001b[32minfo\u001b[39m","message":"{\"method\":\"GET\",\"url\":\"/api/task/fetch-tasks?projectId=679c4597a6bfed6f8c93a93a\",\"status\":\"304\",\"responseTime\":\"58.859\"}","timestamp":"2025-02-05T06:09:06.799Z"}
{"level":"\u001b[32minfo\u001b[39m","message":"{\"method\":\"GET\",\"url\":\"/api/task/fetch-tasks?projectId=679c456aa6bfed6f8c93a937\",\"status\":\"304\",\"responseTime\":\"59.744\"}","timestamp":"2025-02-05T06:09:07.323Z"}
{"level":"\u001b[32minfo\u001b[39m","message":"{\"method\":\"GET\",\"url\":\"/api/task/fetch-tasks?projectId=679c456aa6bfed6f8c93a937\",\"status\":\"304\",\"responseTime\":\"58.643\"}","timestamp":"2025-02-05T06:09:07.389Z"}
{"level":"\u001b[32minfo\u001b[39m","message":"{\"method\":\"GET\",\"url\":\"/api/task/fetch-tasks?projectId=679c456aa6bfed6f8c93a937\",\"status\":\"304\",\"responseTime\":\"58.535\"}","timestamp":"2025-02-05T06:09:07.459Z"}
{"level":"\u001b[32minfo\u001b[39m","message":"{\"method\":\"GET\",\"url\":\"/api/task/fetch-tasks?projectId=679c456aa6bfed6f8c93a937\",\"status\":\"304\",\"responseTime\":\"66.434\"}","timestamp":"2025-02-05T06:09:07.535Z"}
{"level":"\u001b[32minfo\u001b[39m","message":"{\"method\":\"GET\",\"url\":\"/api/task/fetch-tasks?projectId=679c4597a6bfed6f8c93a93a\",\"status\":\"304\",\"responseTime\":\"58.754\"}","timestamp":"2025-02-05T06:09:10.250Z"}
{"level":"\u001b[32minfo\u001b[39m","message":"{\"method\":\"GET\",\"url\":\"/api/task/fetch-tasks?projectId=679c4597a6bfed6f8c93a93a\",\"status\":\"304\",\"responseTime\":\"57.434\"}","timestamp":"2025-02-05T06:09:10.317Z"}
{"level":"\u001b[32minfo\u001b[39m","message":"{\"method\":\"GET\",\"url\":\"/api/task/fetch-tasks?projectId=679c4597a6bfed6f8c93a93a\",\"status\":\"304\",\"responseTime\":\"58.252\"}","timestamp":"2025-02-05T06:09:10.384Z"}
{"level":"\u001b[32minfo\u001b[39m","message":"{\"method\":\"GET\",\"url\":\"/api/task/fetch-tasks?projectId=679c4597a6bfed6f8c93a93a\",\"status\":\"304\",\"responseTime\":\"57.412\"}","timestamp":"2025-02-05T06:09:10.449Z"}
{"level":"\u001b[32minfo\u001b[39m","message":"{\"method\":\"GET\",\"url\":\"/api/task/fetch-tasks?projectId=679c456aa6bfed6f8c93a937\",\"status\":\"304\",\"responseTime\":\"57.929\"}","timestamp":"2025-02-05T06:09:12.893Z"}
{"level":"\u001b[32minfo\u001b[39m","message":"{\"method\":\"GET\",\"url\":\"/api/task/fetch-tasks?projectId=679c456aa6bfed6f8c93a937\",\"status\":\"304\",\"responseTime\":\"60.993\"}","timestamp":"2025-02-05T06:09:12.970Z"}
{"level":"\u001b[32minfo\u001b[39m","message":"{\"method\":\"GET\",\"url\":\"/api/task/fetch-tasks?projectId=679c456aa6bfed6f8c93a937\",\"status\":\"304\",\"responseTime\":\"60.127\"}","timestamp":"2025-02-05T06:09:13.038Z"}
{"level":"\u001b[32minfo\u001b[39m","message":"{\"method\":\"GET\",\"url\":\"/api/task/fetch-tasks?projectId=679c456aa6bfed6f8c93a937\",\"status\":\"304\",\"responseTime\":\"63.254\"}","timestamp":"2025-02-05T06:09:13.112Z"}
{"level":"\u001b[32minfo\u001b[39m","message":"{\"method\":\"GET\",\"url\":\"/api/task/fetch-tasks?projectId=679c456aa6bfed6f8c93a937\",\"status\":\"304\",\"responseTime\":\"65.818\"}","timestamp":"2025-02-05T06:09:39.053Z"}
{"level":"\u001b[32minfo\u001b[39m","message":"{\"method\":\"GET\",\"url\":\"/api/task/fetch-tasks?projectId=679c456aa6bfed6f8c93a937\",\"status\":\"304\",\"responseTime\":\"65.956\"}","timestamp":"2025-02-05T06:09:39.126Z"}
{"level":"\u001b[32minfo\u001b[39m","message":"{\"method\":\"GET\",\"url\":\"/api/task/fetch-tasks?projectId=679c456aa6bfed6f8c93a937\",\"status\":\"304\",\"responseTime\":\"61.363\"}","timestamp":"2025-02-05T06:09:39.194Z"}
{"level":"\u001b[32minfo\u001b[39m","message":"{\"method\":\"GET\",\"url\":\"/api/project/fetch-projects?organizationId=67869a6a1514145a64988362\",\"status\":\"401\",\"responseTime\":\"5.804\"}","timestamp":"2025-02-05T06:11:12.163Z"}
{"level":"\u001b[32minfo\u001b[39m","message":"{\"method\":\"GET\",\"url\":\"/api/project/fetch-projects?organizationId=67869a6a1514145a64988362\",\"status\":\"304\",\"responseTime\":\"67.044\"}","timestamp":"2025-02-05T06:11:12.427Z"}
{"level":"\u001b[32minfo\u001b[39m","message":"{\"method\":\"GET\",\"url\":\"/api/project/fetch-projects?organizationId=67869a6a1514145a64988362\",\"status\":\"304\",\"responseTime\":\"67.876\"}","timestamp":"2025-02-05T06:11:14.059Z"}
{"level":"\u001b[32minfo\u001b[39m","message":"{\"method\":\"GET\",\"url\":\"/api/task/fetch-tasks\",\"status\":\"304\",\"responseTime\":\"66.094\"}","timestamp":"2025-02-05T06:11:14.064Z"}
{"level":"\u001b[32minfo\u001b[39m","message":"{\"method\":\"GET\",\"url\":\"/api/task/fetch-tasks?projectId=679c4532a6bfed6f8c93a934\",\"status\":\"304\",\"responseTime\":\"65.833\"}","timestamp":"2025-02-05T06:11:14.463Z"}
{"level":"\u001b[32minfo\u001b[39m","message":"{\"method\":\"GET\",\"url\":\"/api/task/fetch-tasks?projectId=679c4532a6bfed6f8c93a934\",\"status\":\"304\",\"responseTime\":\"66.181\"}","timestamp":"2025-02-05T06:11:14.552Z"}
{"level":"\u001b[32minfo\u001b[39m","message":"{\"method\":\"GET\",\"url\":\"/api/project/fetch-projects?organizationId=67869a6a1514145a64988362\",\"status\":\"304\",\"responseTime\":\"73.854\"}","timestamp":"2025-02-05T06:11:49.079Z"}
{"level":"\u001b[32minfo\u001b[39m","message":"{\"method\":\"GET\",\"url\":\"/api/task/fetch-tasks\",\"status\":\"304\",\"responseTime\":\"66.984\"}","timestamp":"2025-02-05T06:11:49.085Z"}
{"level":"\u001b[32minfo\u001b[39m","message":"{\"method\":\"GET\",\"url\":\"/api/task/fetch-tasks?projectId=679c4532a6bfed6f8c93a934\",\"status\":\"304\",\"responseTime\":\"66.638\"}","timestamp":"2025-02-05T06:11:49.343Z"}
{"level":"\u001b[32minfo\u001b[39m","message":"{\"method\":\"GET\",\"url\":\"/api/task/fetch-tasks?projectId=679c4532a6bfed6f8c93a934\",\"status\":\"304\",\"responseTime\":\"74.907\"}","timestamp":"2025-02-05T06:11:49.427Z"}
{"level":"\u001b[32minfo\u001b[39m","message":"{\"method\":\"GET\",\"url\":\"/api/project/fetch-projects?organizationId=67869a6a1514145a64988362\",\"status\":\"304\",\"responseTime\":\"75.061\"}","timestamp":"2025-02-05T06:16:44.641Z"}
{"level":"\u001b[32minfo\u001b[39m","message":"{\"method\":\"GET\",\"url\":\"/api/project/fetch-projects?organizationId=67869a6a1514145a64988362\",\"status\":\"304\",\"responseTime\":\"71.773\"}","timestamp":"2025-02-05T06:21:04.442Z"}
{"level":"\u001b[32minfo\u001b[39m","message":"{\"method\":\"GET\",\"url\":\"/api/task/fetch-tasks\",\"status\":\"304\",\"responseTime\":\"68.068\"}","timestamp":"2025-02-05T06:21:04.449Z"}
{"level":"\u001b[32minfo\u001b[39m","message":"{\"method\":\"GET\",\"url\":\"/api/task/fetch-tasks?projectId=679c4532a6bfed6f8c93a934\",\"status\":\"304\",\"responseTime\":\"68.307\"}","timestamp":"2025-02-05T06:21:04.757Z"}
{"level":"\u001b[32minfo\u001b[39m","message":"{\"method\":\"GET\",\"url\":\"/api/task/fetch-tasks?projectId=679c4532a6bfed6f8c93a934\",\"status\":\"304\",\"responseTime\":\"68.303\"}","timestamp":"2025-02-05T06:21:04.833Z"}
{"level":"\u001b[32minfo\u001b[39m","message":"{\"method\":\"GET\",\"url\":\"/api/project/fetch-projects?organizationId=67869a6a1514145a64988362\",\"status\":\"401\",\"responseTime\":\"5.649\"}","timestamp":"2025-02-05T06:24:45.776Z"}
{"level":"\u001b[32minfo\u001b[39m","message":"{\"method\":\"GET\",\"url\":\"/api/task/fetch-tasks\",\"status\":\"401\",\"responseTime\":\"4.996\"}","timestamp":"2025-02-05T06:24:45.787Z"}
{"level":"\u001b[32minfo\u001b[39m","message":"{\"method\":\"GET\",\"url\":\"/api/project/fetch-projects?organizationId=67869a6a1514145a64988362\",\"status\":\"304\",\"responseTime\":\"87.169\"}","timestamp":"2025-02-05T06:24:45.966Z"}
{"level":"\u001b[32minfo\u001b[39m","message":"{\"method\":\"GET\",\"url\":\"/api/task/fetch-tasks\",\"status\":\"304\",\"responseTime\":\"89.585\"}","timestamp":"2025-02-05T06:24:45.984Z"}
{"level":"\u001b[32minfo\u001b[39m","message":"{\"method\":\"GET\",\"url\":\"/api/task/fetch-tasks?projectId=679c4532a6bfed6f8c93a934\",\"status\":\"304\",\"responseTime\":\"65.702\"}","timestamp":"2025-02-05T06:24:46.222Z"}
{"level":"\u001b[32minfo\u001b[39m","message":"{\"method\":\"GET\",\"url\":\"/api/task/fetch-tasks?projectId=679c4532a6bfed6f8c93a934\",\"status\":\"304\",\"responseTime\":\"66.850\"}","timestamp":"2025-02-05T06:24:46.301Z"}
{"level":"\u001b[32minfo\u001b[39m","message":"{\"method\":\"GET\",\"url\":\"/api/project/fetch-projects?organizationId=67869a6a1514145a64988362\",\"status\":\"304\",\"responseTime\":\"105.160\"}","timestamp":"2025-02-05T06:40:43.701Z"}
{"level":"\u001b[32minfo\u001b[39m","message":"{\"method\":\"GET\",\"url\":\"/api/project/fetch-projects?organizationId=67869a6a1514145a64988362\",\"status\":\"304\",\"responseTime\":\"175.093\"}","timestamp":"2025-02-05T06:40:52.443Z"}
{"level":"\u001b[32minfo\u001b[39m","message":"{\"method\":\"GET\",\"url\":\"/api/project/fetch-projects?organizationId=67869a6a1514145a64988362\",\"status\":\"304\",\"responseTime\":\"155.108\"}","timestamp":"2025-02-05T06:40:58.158Z"}
{"level":"\u001b[32minfo\u001b[39m","message":"{\"method\":\"GET\",\"url\":\"/api/task/fetch-tasks\",\"status\":\"304\",\"responseTime\":\"140.415\"}","timestamp":"2025-02-05T06:40:59.751Z"}
{"level":"\u001b[32minfo\u001b[39m","message":"{\"method\":\"GET\",\"url\":\"/api/project/fetch-projects?organizationId=67869a6a1514145a64988362\",\"status\":\"304\",\"responseTime\":\"163.416\"}","timestamp":"2025-02-05T06:40:59.765Z"}
{"level":"\u001b[32minfo\u001b[39m","message":"{\"method\":\"GET\",\"url\":\"/api/task/fetch-tasks?projectId=679c4532a6bfed6f8c93a934\",\"status\":\"304\",\"responseTime\":\"94.144\"}","timestamp":"2025-02-05T06:41:00.113Z"}
{"level":"\u001b[32minfo\u001b[39m","message":"{\"method\":\"GET\",\"url\":\"/api/task/fetch-tasks?projectId=679c4532a6bfed6f8c93a934\",\"status\":\"304\",\"responseTime\":\"69.936\"}","timestamp":"2025-02-05T06:41:00.194Z"}
{"level":"\u001b[32minfo\u001b[39m","message":"{\"method\":\"GET\",\"url\":\"/api/task/fetch-tasks?projectId=679c4532a6bfed6f8c93a934\",\"status\":\"401\",\"responseTime\":\"5.983\"}","timestamp":"2025-02-05T06:42:58.982Z"}
{"level":"\u001b[32minfo\u001b[39m","message":"{\"method\":\"GET\",\"url\":\"/api/task/fetch-tasks?projectId=679c4532a6bfed6f8c93a934\",\"status\":\"304\",\"responseTime\":\"129.620\"}","timestamp":"2025-02-05T06:42:59.237Z"}
{"level":"\u001b[32minfo\u001b[39m","message":"{\"method\":\"GET\",\"url\":\"/api/task/fetch-tasks?projectId=679c4532a6bfed6f8c93a934\",\"status\":\"401\",\"responseTime\":\"2.285\"}","timestamp":"2025-02-05T06:44:14.990Z"}
{"level":"\u001b[32minfo\u001b[39m","message":"{\"method\":\"GET\",\"url\":\"/api/task/fetch-tasks?projectId=679c4532a6bfed6f8c93a934\",\"status\":\"304\",\"responseTime\":\"114.980\"}","timestamp":"2025-02-05T06:44:15.208Z"}
{"level":"\u001b[32minfo\u001b[39m","message":"{\"method\":\"GET\",\"url\":\"/api/task/fetch-tasks?projectId=679c456aa6bfed6f8c93a937\",\"status\":\"304\",\"responseTime\":\"68.673\"}","timestamp":"2025-02-05T06:44:17.329Z"}
{"level":"\u001b[32minfo\u001b[39m","message":"{\"method\":\"GET\",\"url\":\"/api/task/fetch-tasks?projectId=679c456aa6bfed6f8c93a937\",\"status\":\"304\",\"responseTime\":\"68.445\"}","timestamp":"2025-02-05T06:44:17.406Z"}
{"level":"\u001b[32minfo\u001b[39m","message":"{\"method\":\"GET\",\"url\":\"/api/task/fetch-tasks?projectId=679c456aa6bfed6f8c93a937\",\"status\":\"304\",\"responseTime\":\"95.549\"}","timestamp":"2025-02-05T06:44:26.103Z"}
{"level":"\u001b[32minfo\u001b[39m","message":"{\"method\":\"GET\",\"url\":\"/api/project/fetch-projects?organizationId=67869a6a1514145a64988362\",\"status\":\"304\",\"responseTime\":\"82.393\"}","timestamp":"2025-02-05T06:45:23.218Z"}
{"level":"\u001b[32minfo\u001b[39m","message":"{\"method\":\"GET\",\"url\":\"/api/project/fetch-projects?organizationId=67869a6a1514145a64988362\",\"status\":\"304\",\"responseTime\":\"79.419\"}","timestamp":"2025-02-05T06:45:24.175Z"}
{"level":"\u001b[32minfo\u001b[39m","message":"{\"method\":\"GET\",\"url\":\"/api/task/fetch-tasks\",\"status\":\"304\",\"responseTime\":\"81.456\"}","timestamp":"2025-02-05T06:45:24.184Z"}
{"level":"\u001b[32minfo\u001b[39m","message":"{\"method\":\"GET\",\"url\":\"/api/task/fetch-tasks?projectId=679c4532a6bfed6f8c93a934\",\"status\":\"304\",\"responseTime\":\"74.139\"}","timestamp":"2025-02-05T06:45:24.497Z"}
{"level":"\u001b[32minfo\u001b[39m","message":"{\"method\":\"GET\",\"url\":\"/api/task/fetch-tasks?projectId=679c4532a6bfed6f8c93a934\",\"status\":\"304\",\"responseTime\":\"72.959\"}","timestamp":"2025-02-05T06:45:24.583Z"}
{"level":"\u001b[32minfo\u001b[39m","message":"{\"method\":\"GET\",\"url\":\"/api/task/fetch-tasks?projectId=679c456aa6bfed6f8c93a937\",\"status\":\"304\",\"responseTime\":\"169.434\"}","timestamp":"2025-02-05T06:45:27.555Z"}
{"level":"\u001b[32minfo\u001b[39m","message":"{\"method\":\"GET\",\"url\":\"/api/task/fetch-tasks?projectId=679c456aa6bfed6f8c93a937\",\"status\":\"304\",\"responseTime\":\"194.912\"}","timestamp":"2025-02-05T06:45:27.760Z"}
{"level":"\u001b[32minfo\u001b[39m","message":"{\"method\":\"GET\",\"url\":\"/api/task/fetch-tasks?projectId=679c456aa6bfed6f8c93a937\",\"status\":\"401\",\"responseTime\":\"3.702\"}","timestamp":"2025-02-05T06:47:27.997Z"}
{"level":"\u001b[32minfo\u001b[39m","message":"{\"method\":\"GET\",\"url\":\"/api/task/fetch-tasks?projectId=679c456aa6bfed6f8c93a937\",\"status\":\"304\",\"responseTime\":\"75.663\"}","timestamp":"2025-02-05T06:47:28.200Z"}
{"level":"\u001b[32minfo\u001b[39m","message":"{\"method\":\"GET\",\"url\":\"/api/task/fetch-tasks?projectId=679c456aa6bfed6f8c93a937\",\"status\":\"304\",\"responseTime\":\"73.686\"}","timestamp":"2025-02-05T06:48:05.692Z"}
{"level":"\u001b[32minfo\u001b[39m","message":"{\"method\":\"GET\",\"url\":\"/api/task/fetch-tasks?projectId=679c456aa6bfed6f8c93a937\",\"status\":\"401\",\"responseTime\":\"4.167\"}","timestamp":"2025-02-05T06:48:58.985Z"}
{"level":"\u001b[32minfo\u001b[39m","message":"{\"method\":\"GET\",\"url\":\"/api/task/fetch-tasks?projectId=679c456aa6bfed6f8c93a937\",\"status\":\"304\",\"responseTime\":\"64.907\"}","timestamp":"2025-02-05T06:48:59.143Z"}
{"level":"\u001b[32minfo\u001b[39m","message":"{\"method\":\"GET\",\"url\":\"/api/task/fetch-tasks?projectId=679c456aa6bfed6f8c93a937\",\"status\":\"304\",\"responseTime\":\"72.839\"}","timestamp":"2025-02-05T06:49:05.617Z"}
{"level":"\u001b[32minfo\u001b[39m","message":"{\"method\":\"GET\",\"url\":\"/api/task/fetch-tasks?projectId=679c456aa6bfed6f8c93a937\",\"status\":\"304\",\"responseTime\":\"64.051\"}","timestamp":"2025-02-05T06:49:09.055Z"}
{"level":"\u001b[32minfo\u001b[39m","message":"{\"method\":\"GET\",\"url\":\"/api/task/fetch-tasks?projectId=679c456aa6bfed6f8c93a937\",\"status\":\"304\",\"responseTime\":\"82.370\"}","timestamp":"2025-02-05T06:49:10.066Z"}
{"level":"\u001b[32minfo\u001b[39m","message":"{\"method\":\"GET\",\"url\":\"/api/project/fetch-projects?organizationId=67869a6a1514145a64988362\",\"status\":\"401\",\"responseTime\":\"5.599\"}","timestamp":"2025-02-05T06:54:43.195Z"}
{"level":"\u001b[32minfo\u001b[39m","message":"{\"method\":\"GET\",\"url\":\"/api/task/fetch-tasks\",\"status\":\"401\",\"responseTime\":\"4.606\"}","timestamp":"2025-02-05T06:54:43.202Z"}
{"level":"\u001b[32minfo\u001b[39m","message":"{\"method\":\"GET\",\"url\":\"/api/task/fetch-tasks\",\"status\":\"304\",\"responseTime\":\"151.654\"}","timestamp":"2025-02-05T06:54:43.680Z"}
{"level":"\u001b[32minfo\u001b[39m","message":"{\"method\":\"GET\",\"url\":\"/api/project/fetch-projects?organizationId=67869a6a1514145a64988362\",\"status\":\"304\",\"responseTime\":\"148.840\"}","timestamp":"2025-02-05T06:54:43.686Z"}
{"level":"\u001b[32minfo\u001b[39m","message":"{\"method\":\"GET\",\"url\":\"/api/task/fetch-tasks?projectId=679c4532a6bfed6f8c93a934\",\"status\":\"304\",\"responseTime\":\"122.710\"}","timestamp":"2025-02-05T06:54:44.095Z"}
{"level":"\u001b[32minfo\u001b[39m","message":"{\"method\":\"GET\",\"url\":\"/api/task/fetch-tasks?projectId=679c4532a6bfed6f8c93a934\",\"status\":\"304\",\"responseTime\":\"197.957\"}","timestamp":"2025-02-05T06:54:44.302Z"}
{"level":"\u001b[32minfo\u001b[39m","message":"{\"method\":\"GET\",\"url\":\"/api/task/fetch-tasks?projectId=679c456aa6bfed6f8c93a937\",\"status\":\"304\",\"responseTime\":\"230.818\"}","timestamp":"2025-02-05T06:54:47.811Z"}
{"level":"\u001b[32minfo\u001b[39m","message":"{\"method\":\"GET\",\"url\":\"/api/task/fetch-tasks?projectId=679c456aa6bfed6f8c93a937\",\"status\":\"304\",\"responseTime\":\"127.059\"}","timestamp":"2025-02-05T06:54:47.943Z"}
{"level":"\u001b[32minfo\u001b[39m","message":"{\"method\":\"GET\",\"url\":\"/api/task/fetch-tasks?projectId=679c456aa6bfed6f8c93a937\",\"status\":\"401\",\"responseTime\":\"2.369\"}","timestamp":"2025-02-05T06:56:01.998Z"}
{"level":"\u001b[32minfo\u001b[39m","message":"{\"method\":\"GET\",\"url\":\"/api/task/fetch-tasks?projectId=679c456aa6bfed6f8c93a937\",\"status\":\"304\",\"responseTime\":\"61.750\"}","timestamp":"2025-02-05T06:56:02.147Z"}
{"level":"\u001b[32minfo\u001b[39m","message":"{\"method\":\"GET\",\"url\":\"/api/project/fetch-projects?organizationId=67869a6a1514145a64988362\",\"status\":\"304\",\"responseTime\":\"241.302\"}","timestamp":"2025-02-05T06:56:07.208Z"}
{"level":"\u001b[32minfo\u001b[39m","message":"{\"method\":\"GET\",\"url\":\"/api/project/fetch-projects?organizationId=67869a6a1514145a64988362\",\"status\":\"304\",\"responseTime\":\"69.000\"}","timestamp":"2025-02-05T06:56:07.811Z"}
{"level":"\u001b[32minfo\u001b[39m","message":"{\"method\":\"GET\",\"url\":\"/api/task/fetch-tasks\",\"status\":\"304\",\"responseTime\":\"94.389\"}","timestamp":"2025-02-05T06:56:07.845Z"}
{"level":"\u001b[32minfo\u001b[39m","message":"{\"method\":\"GET\",\"url\":\"/api/task/fetch-tasks?projectId=679c4532a6bfed6f8c93a934\",\"status\":\"304\",\"responseTime\":\"75.733\"}","timestamp":"2025-02-05T06:56:08.068Z"}
{"level":"\u001b[32minfo\u001b[39m","message":"{\"method\":\"GET\",\"url\":\"/api/task/fetch-tasks?projectId=679c4532a6bfed6f8c93a934\",\"status\":\"304\",\"responseTime\":\"79.563\"}","timestamp":"2025-02-05T06:56:08.154Z"}
{"level":"\u001b[32minfo\u001b[39m","message":"{\"method\":\"GET\",\"url\":\"/api/task/fetch-tasks?projectId=679c456aa6bfed6f8c93a937\",\"status\":\"304\",\"responseTime\":\"104.191\"}","timestamp":"2025-02-05T06:56:09.044Z"}
{"level":"\u001b[32minfo\u001b[39m","message":"{\"method\":\"GET\",\"url\":\"/api/task/fetch-tasks?projectId=679c456aa6bfed6f8c93a937\",\"status\":\"304\",\"responseTime\":\"132.908\"}","timestamp":"2025-02-05T06:56:09.186Z"}
{"level":"\u001b[32minfo\u001b[39m","message":"{\"method\":\"GET\",\"url\":\"/api/task/fetch-tasks?projectId=679c456aa6bfed6f8c93a937\",\"status\":\"304\",\"responseTime\":\"127.799\"}","timestamp":"2025-02-05T06:56:15.114Z"}
{"level":"\u001b[32minfo\u001b[39m","message":"{\"method\":\"GET\",\"url\":\"/api/task/fetch-tasks?projectId=679c456aa6bfed6f8c93a937\",\"status\":\"304\",\"responseTime\":\"116.633\"}","timestamp":"2025-02-05T06:56:17.094Z"}
{"level":"\u001b[32minfo\u001b[39m","message":"{\"method\":\"GET\",\"url\":\"/api/task/fetch-tasks?projectId=679c456aa6bfed6f8c93a937\",\"status\":\"304\",\"responseTime\":\"66.800\"}","timestamp":"2025-02-05T06:56:18.842Z"}
{"level":"\u001b[32minfo\u001b[39m","message":"{\"method\":\"GET\",\"url\":\"/api/task/fetch-tasks?projectId=679c456aa6bfed6f8c93a937\",\"status\":\"304\",\"responseTime\":\"78.819\"}","timestamp":"2025-02-05T06:56:23.058Z"}
{"level":"\u001b[32minfo\u001b[39m","message":"{\"method\":\"GET\",\"url\":\"/api/task/fetch-tasks?projectId=679c456aa6bfed6f8c93a937\",\"status\":\"304\",\"responseTime\":\"74.880\"}","timestamp":"2025-02-05T06:56:26.068Z"}
{"level":"\u001b[32minfo\u001b[39m","message":"{\"method\":\"GET\",\"url\":\"/api/task/fetch-tasks?projectId=679c456aa6bfed6f8c93a937\",\"status\":\"304\",\"responseTime\":\"81.599\"}","timestamp":"2025-02-05T06:56:32.058Z"}
{"level":"\u001b[32minfo\u001b[39m","message":"{\"method\":\"GET\",\"url\":\"/api/task/fetch-tasks?projectId=679c456aa6bfed6f8c93a937\",\"status\":\"304\",\"responseTime\":\"80.786\"}","timestamp":"2025-02-05T06:56:33.875Z"}
{"level":"\u001b[32minfo\u001b[39m","message":"{\"method\":\"GET\",\"url\":\"/api/task/fetch-tasks?projectId=679c456aa6bfed6f8c93a937\",\"status\":\"304\",\"responseTime\":\"105.746\"}","timestamp":"2025-02-05T06:56:37.383Z"}
{"level":"\u001b[32minfo\u001b[39m","message":"{\"method\":\"GET\",\"url\":\"/api/task/fetch-tasks?projectId=679c456aa6bfed6f8c93a937\",\"status\":\"304\",\"responseTime\":\"67.515\"}","timestamp":"2025-02-05T06:56:40.052Z"}
{"level":"\u001b[32minfo\u001b[39m","message":"{\"method\":\"GET\",\"url\":\"/api/task/fetch-tasks?projectId=679c456aa6bfed6f8c93a937\",\"status\":\"304\",\"responseTime\":\"73.142\"}","timestamp":"2025-02-05T06:56:41.555Z"}
{"level":"\u001b[32minfo\u001b[39m","message":"{\"method\":\"GET\",\"url\":\"/api/task/fetch-tasks?projectId=679c456aa6bfed6f8c93a937\",\"status\":\"304\",\"responseTime\":\"100.659\"}","timestamp":"2025-02-05T06:56:45.092Z"}
{"level":"\u001b[32minfo\u001b[39m","message":"{\"method\":\"GET\",\"url\":\"/api/task/fetch-tasks?projectId=679c456aa6bfed6f8c93a937\",\"status\":\"304\",\"responseTime\":\"71.425\"}","timestamp":"2025-02-05T06:56:46.049Z"}
{"level":"\u001b[32minfo\u001b[39m","message":"{\"method\":\"GET\",\"url\":\"/api/task/fetch-tasks?projectId=679c456aa6bfed6f8c93a937\",\"status\":\"304\",\"responseTime\":\"81.432\"}","timestamp":"2025-02-05T06:56:50.073Z"}
{"level":"\u001b[32minfo\u001b[39m","message":"{\"method\":\"GET\",\"url\":\"/api/task/fetch-tasks?projectId=679c456aa6bfed6f8c93a937\",\"status\":\"304\",\"responseTime\":\"88.119\"}","timestamp":"2025-02-05T06:56:51.063Z"}
{"level":"\u001b[32minfo\u001b[39m","message":"{\"method\":\"GET\",\"url\":\"/api/task/fetch-tasks?projectId=679c456aa6bfed6f8c93a937\",\"status\":\"304\",\"responseTime\":\"117.075\"}","timestamp":"2025-02-05T06:56:55.131Z"}
{"level":"\u001b[32minfo\u001b[39m","message":"{\"method\":\"GET\",\"url\":\"/api/task/fetch-tasks?projectId=679c456aa6bfed6f8c93a937\",\"status\":\"304\",\"responseTime\":\"96.682\"}","timestamp":"2025-02-05T06:56:57.739Z"}
{"level":"\u001b[32minfo\u001b[39m","message":"{\"method\":\"GET\",\"url\":\"/api/task/fetch-tasks?projectId=679c456aa6bfed6f8c93a937\",\"status\":\"401\",\"responseTime\":\"9.130\"}","timestamp":"2025-02-05T06:57:02.417Z"}
{"level":"\u001b[32minfo\u001b[39m","message":"{\"method\":\"GET\",\"url\":\"/api/task/fetch-tasks?projectId=679c456aa6bfed6f8c93a937\",\"status\":\"304\",\"responseTime\":\"82.816\"}","timestamp":"2025-02-05T06:57:02.741Z"}
{"level":"\u001b[32minfo\u001b[39m","message":"{\"method\":\"GET\",\"url\":\"/api/task/fetch-tasks?projectId=679c456aa6bfed6f8c93a937\",\"status\":\"304\",\"responseTime\":\"114.374\"}","timestamp":"2025-02-05T06:57:06.095Z"}
{"level":"\u001b[32minfo\u001b[39m","message":"{\"method\":\"GET\",\"url\":\"/api/task/fetch-tasks?projectId=679c456aa6bfed6f8c93a937\",\"status\":\"304\",\"responseTime\":\"83.472\"}","timestamp":"2025-02-05T06:57:08.068Z"}
{"level":"\u001b[32minfo\u001b[39m","message":"{\"method\":\"GET\",\"url\":\"/api/task/fetch-tasks?projectId=679c456aa6bfed6f8c93a937\",\"status\":\"304\",\"responseTime\":\"88.813\"}","timestamp":"2025-02-05T06:57:14.066Z"}
{"level":"\u001b[32minfo\u001b[39m","message":"{\"method\":\"GET\",\"url\":\"/api/task/fetch-tasks?projectId=679c456aa6bfed6f8c93a937\",\"status\":\"304\",\"responseTime\":\"86.254\"}","timestamp":"2025-02-05T06:57:19.061Z"}
{"level":"\u001b[32minfo\u001b[39m","message":"{\"method\":\"GET\",\"url\":\"/api/task/fetch-tasks?projectId=679c456aa6bfed6f8c93a937\",\"status\":\"304\",\"responseTime\":\"67.317\"}","timestamp":"2025-02-05T06:57:21.506Z"}
{"level":"\u001b[32minfo\u001b[39m","message":"{\"method\":\"GET\",\"url\":\"/api/task/fetch-tasks?projectId=679c456aa6bfed6f8c93a937\",\"status\":\"304\",\"responseTime\":\"77.253\"}","timestamp":"2025-02-05T06:57:34.721Z"}
{"level":"\u001b[32minfo\u001b[39m","message":"{\"method\":\"GET\",\"url\":\"/api/task/fetch-tasks?projectId=679c456aa6bfed6f8c93a937\",\"status\":\"304\",\"responseTime\":\"75.850\"}","timestamp":"2025-02-05T06:57:42.069Z"}
{"level":"\u001b[32minfo\u001b[39m","message":"{\"method\":\"GET\",\"url\":\"/api/task/fetch-tasks?projectId=679c456aa6bfed6f8c93a937\",\"status\":\"304\",\"responseTime\":\"69.384\"}","timestamp":"2025-02-05T06:57:44.071Z"}
{"level":"\u001b[32minfo\u001b[39m","message":"{\"method\":\"GET\",\"url\":\"/api/task/fetch-tasks?projectId=679c456aa6bfed6f8c93a937\",\"status\":\"304\",\"responseTime\":\"64.844\"}","timestamp":"2025-02-05T06:57:50.053Z"}
{"level":"\u001b[32minfo\u001b[39m","message":"{\"method\":\"GET\",\"url\":\"/api/task/fetch-tasks?projectId=679c456aa6bfed6f8c93a937\",\"status\":\"304\",\"responseTime\":\"78.817\"}","timestamp":"2025-02-05T06:57:53.073Z"}
{"level":"\u001b[32minfo\u001b[39m","message":"{\"method\":\"GET\",\"url\":\"/api/task/fetch-tasks?projectId=679c456aa6bfed6f8c93a937\",\"status\":\"304\",\"responseTime\":\"71.062\"}","timestamp":"2025-02-05T06:57:54.047Z"}
{"level":"\u001b[32minfo\u001b[39m","message":"{\"method\":\"GET\",\"url\":\"/api/task/fetch-tasks?projectId=679c456aa6bfed6f8c93a937\",\"status\":\"304\",\"responseTime\":\"124.628\"}","timestamp":"2025-02-05T06:57:55.075Z"}
{"level":"\u001b[32minfo\u001b[39m","message":"{\"method\":\"GET\",\"url\":\"/api/task/fetch-tasks?projectId=679c456aa6bfed6f8c93a937\",\"status\":\"304\",\"responseTime\":\"69.997\"}","timestamp":"2025-02-05T06:57:58.696Z"}
{"level":"\u001b[32minfo\u001b[39m","message":"{\"method\":\"GET\",\"url\":\"/api/task/fetch-tasks?projectId=679c456aa6bfed6f8c93a937\",\"status\":\"401\",\"responseTime\":\"2.146\"}","timestamp":"2025-02-05T06:58:03.980Z"}
{"level":"\u001b[32minfo\u001b[39m","message":"{\"method\":\"GET\",\"url\":\"/api/task/fetch-tasks?projectId=679c456aa6bfed6f8c93a937\",\"status\":\"304\",\"responseTime\":\"78.846\"}","timestamp":"2025-02-05T06:58:04.406Z"}
{"level":"\u001b[32minfo\u001b[39m","message":"{\"method\":\"GET\",\"url\":\"/api/task/fetch-tasks?projectId=679c456aa6bfed6f8c93a937\",\"status\":\"304\",\"responseTime\":\"87.307\"}","timestamp":"2025-02-05T06:58:08.065Z"}
{"level":"\u001b[32minfo\u001b[39m","message":"{\"method\":\"GET\",\"url\":\"/api/task/fetch-tasks?projectId=679c456aa6bfed6f8c93a937\",\"status\":\"304\",\"responseTime\":\"90.992\"}","timestamp":"2025-02-05T06:58:10.178Z"}
{"level":"\u001b[32minfo\u001b[39m","message":"{\"method\":\"GET\",\"url\":\"/api/task/fetch-tasks?projectId=679c456aa6bfed6f8c93a937\",\"status\":\"304\",\"responseTime\":\"114.031\"}","timestamp":"2025-02-05T06:58:14.090Z"}
{"level":"\u001b[32minfo\u001b[39m","message":"{\"method\":\"GET\",\"url\":\"/api/task/fetch-tasks?projectId=679c456aa6bfed6f8c93a937\",\"status\":\"304\",\"responseTime\":\"94.506\"}","timestamp":"2025-02-05T06:58:16.077Z"}
{"level":"\u001b[32minfo\u001b[39m","message":"{\"method\":\"GET\",\"url\":\"/api/task/fetch-tasks?projectId=679c456aa6bfed6f8c93a937\",\"status\":\"304\",\"responseTime\":\"83.607\"}","timestamp":"2025-02-05T06:58:16.979Z"}
{"level":"\u001b[32minfo\u001b[39m","message":"{\"method\":\"GET\",\"url\":\"/api/task/fetch-tasks?projectId=679c456aa6bfed6f8c93a937\",\"status\":\"304\",\"responseTime\":\"129.615\"}","timestamp":"2025-02-05T06:58:21.986Z"}
{"level":"\u001b[32minfo\u001b[39m","message":"{\"method\":\"GET\",\"url\":\"/api/task/fetch-tasks?projectId=679c456aa6bfed6f8c93a937\",\"status\":\"304\",\"responseTime\":\"64.703\"}","timestamp":"2025-02-05T06:58:44.094Z"}
{"level":"\u001b[32minfo\u001b[39m","message":"{\"method\":\"GET\",\"url\":\"/api/task/fetch-tasks?projectId=679c456aa6bfed6f8c93a937\",\"status\":\"304\",\"responseTime\":\"81.591\"}","timestamp":"2025-02-05T06:58:54.058Z"}
{"level":"\u001b[32minfo\u001b[39m","message":"{\"method\":\"GET\",\"url\":\"/api/task/fetch-tasks?projectId=679c456aa6bfed6f8c93a937\",\"status\":\"304\",\"responseTime\":\"98.691\"}","timestamp":"2025-02-05T06:58:55.084Z"}
{"level":"\u001b[32minfo\u001b[39m","message":"{\"method\":\"GET\",\"url\":\"/api/task/fetch-tasks?projectId=679c456aa6bfed6f8c93a937\",\"status\":\"304\",\"responseTime\":\"78.730\"}","timestamp":"2025-02-05T06:58:59.806Z"}
{"level":"\u001b[32minfo\u001b[39m","message":"{\"method\":\"GET\",\"url\":\"/api/task/fetch-tasks?projectId=679c456aa6bfed6f8c93a937\",\"status\":\"401\",\"responseTime\":\"5.233\"}","timestamp":"2025-02-05T07:04:36.311Z"}
{"level":"\u001b[32minfo\u001b[39m","message":"{\"method\":\"GET\",\"url\":\"/api/task/fetch-tasks?projectId=679c456aa6bfed6f8c93a937\",\"status\":\"304\",\"responseTime\":\"93.603\"}","timestamp":"2025-02-05T07:04:36.574Z"}
{"level":"\u001b[32minfo\u001b[39m","message":"{\"method\":\"GET\",\"url\":\"/api/task/fetch-tasks?projectId=679c456aa6bfed6f8c93a937\",\"status\":\"304\",\"responseTime\":\"91.951\"}","timestamp":"2025-02-05T07:04:41.589Z"}
{"level":"\u001b[32minfo\u001b[39m","message":"{\"method\":\"GET\",\"url\":\"/api/project/fetch-projects?organizationId=67869a6a1514145a64988362\",\"status\":\"304\",\"responseTime\":\"153.488\"}","timestamp":"2025-02-05T07:05:05.750Z"}
{"level":"\u001b[32minfo\u001b[39m","message":"{\"method\":\"GET\",\"url\":\"/api/project/fetch-projects?organizationId=67869a6a1514145a64988362\",\"status\":\"304\",\"responseTime\":\"156.569\"}","timestamp":"2025-02-05T07:05:06.751Z"}
{"level":"\u001b[32minfo\u001b[39m","message":"{\"method\":\"GET\",\"url\":\"/api/task/fetch-tasks\",\"status\":\"304\",\"responseTime\":\"149.895\"}","timestamp":"2025-02-05T07:05:06.754Z"}
{"level":"\u001b[32minfo\u001b[39m","message":"{\"method\":\"GET\",\"url\":\"/api/task/fetch-tasks?projectId=679c4532a6bfed6f8c93a934\",\"status\":\"304\",\"responseTime\":\"149.259\"}","timestamp":"2025-02-05T07:05:07.169Z"}
{"level":"\u001b[32minfo\u001b[39m","message":"{\"method\":\"GET\",\"url\":\"/api/task/fetch-tasks?projectId=679c4532a6bfed6f8c93a934\",\"status\":\"304\",\"responseTime\":\"157.386\"}","timestamp":"2025-02-05T07:05:07.331Z"}
{"level":"\u001b[32minfo\u001b[39m","message":"{\"method\":\"GET\",\"url\":\"/api/task/fetch-tasks?projectId=679c456aa6bfed6f8c93a937\",\"status\":\"304\",\"responseTime\":\"73.539\"}","timestamp":"2025-02-05T07:05:11.739Z"}
{"level":"\u001b[32minfo\u001b[39m","message":"{\"method\":\"GET\",\"url\":\"/api/task/fetch-tasks?projectId=679c456aa6bfed6f8c93a937\",\"status\":\"304\",\"responseTime\":\"76.143\"}","timestamp":"2025-02-05T07:05:11.830Z"}
{"level":"\u001b[32minfo\u001b[39m","message":"{\"method\":\"GET\",\"url\":\"/api/task/fetch-tasks?projectId=679c456aa6bfed6f8c93a937\",\"status\":\"304\",\"responseTime\":\"62.505\"}","timestamp":"2025-02-05T07:05:15.013Z"}
{"level":"\u001b[32minfo\u001b[39m","message":"{\"method\":\"GET\",\"url\":\"/api/project/fetch-projects?organizationId=67869a6a1514145a64988362\",\"status\":\"304\",\"responseTime\":\"75.946\"}","timestamp":"2025-02-05T07:05:49.003Z"}
{"level":"\u001b[32minfo\u001b[39m","message":"{\"method\":\"GET\",\"url\":\"/api/task/fetch-tasks\",\"status\":\"304\",\"responseTime\":\"82.397\"}","timestamp":"2025-02-05T07:05:51.046Z"}
{"level":"\u001b[32minfo\u001b[39m","message":"{\"method\":\"GET\",\"url\":\"/api/project/fetch-projects?organizationId=67869a6a1514145a64988362\",\"status\":\"304\",\"responseTime\":\"102.534\"}","timestamp":"2025-02-05T07:05:51.057Z"}
{"level":"\u001b[32minfo\u001b[39m","message":"{\"method\":\"GET\",\"url\":\"/api/task/fetch-tasks?projectId=679c4532a6bfed6f8c93a934\",\"status\":\"304\",\"responseTime\":\"93.142\"}","timestamp":"2025-02-05T07:05:51.369Z"}
{"level":"\u001b[32minfo\u001b[39m","message":"{\"method\":\"GET\",\"url\":\"/api/task/fetch-tasks?projectId=679c4532a6bfed6f8c93a934\",\"status\":\"304\",\"responseTime\":\"77.922\"}","timestamp":"2025-02-05T07:05:51.454Z"}
{"level":"\u001b[32minfo\u001b[39m","message":"{\"method\":\"GET\",\"url\":\"/api/task/fetch-tasks?projectId=679c456aa6bfed6f8c93a937\",\"status\":\"304\",\"responseTime\":\"65.160\"}","timestamp":"2025-02-05T07:05:58.232Z"}
{"level":"\u001b[32minfo\u001b[39m","message":"{\"method\":\"GET\",\"url\":\"/api/task/fetch-tasks?projectId=679c456aa6bfed6f8c93a937\",\"status\":\"304\",\"responseTime\":\"66.035\"}","timestamp":"2025-02-05T07:05:58.303Z"}
{"level":"\u001b[32minfo\u001b[39m","message":"{\"method\":\"GET\",\"url\":\"/api/project/fetch-projects?organizationId=67869a6a1514145a64988362\",\"status\":\"304\",\"responseTime\":\"83.951\"}","timestamp":"2025-02-05T07:06:47.846Z"}
{"level":"\u001b[32minfo\u001b[39m","message":"{\"method\":\"GET\",\"url\":\"/api/project/fetch-projects?organizationId=67869a6a1514145a64988362\",\"status\":\"401\",\"responseTime\":\"4.917\"}","timestamp":"2025-02-05T07:08:46.928Z"}
{"level":"\u001b[32minfo\u001b[39m","message":"{\"method\":\"GET\",\"url\":\"/api/task/fetch-tasks\",\"status\":\"401\",\"responseTime\":\"5.102\"}","timestamp":"2025-02-05T07:08:46.937Z"}
{"level":"\u001b[32minfo\u001b[39m","message":"{\"method\":\"GET\",\"url\":\"/api/task/fetch-tasks\",\"status\":\"304\",\"responseTime\":\"75.437\"}","timestamp":"2025-02-05T07:08:47.137Z"}
{"level":"\u001b[32minfo\u001b[39m","message":"{\"method\":\"GET\",\"url\":\"/api/project/fetch-projects?organizationId=67869a6a1514145a64988362\",\"status\":\"304\",\"responseTime\":\"75.732\"}","timestamp":"2025-02-05T07:08:47.140Z"}
{"level":"\u001b[32minfo\u001b[39m","message":"{\"method\":\"GET\",\"url\":\"/api/task/fetch-tasks?projectId=679c4532a6bfed6f8c93a934\",\"status\":\"304\",\"responseTime\":\"67.610\"}","timestamp":"2025-02-05T07:08:47.346Z"}
{"level":"\u001b[32minfo\u001b[39m","message":"{\"method\":\"GET\",\"url\":\"/api/task/fetch-tasks?projectId=679c4532a6bfed6f8c93a934\",\"status\":\"304\",\"responseTime\":\"63.773\"}","timestamp":"2025-02-05T07:08:47.415Z"}
{"level":"\u001b[32minfo\u001b[39m","message":"{\"method\":\"GET\",\"url\":\"/api/task/fetch-tasks?projectId=679c456aa6bfed6f8c93a937\",\"status\":\"304\",\"responseTime\":\"130.059\"}","timestamp":"2025-02-05T07:08:49.972Z"}
{"level":"\u001b[32minfo\u001b[39m","message":"{\"method\":\"GET\",\"url\":\"/api/task/fetch-tasks?projectId=679c456aa6bfed6f8c93a937\",\"status\":\"304\",\"responseTime\":\"105.316\"}","timestamp":"2025-02-05T07:08:50.085Z"}
{"level":"\u001b[32minfo\u001b[39m","message":"{\"method\":\"GET\",\"url\":\"/api/task/fetch-tasks\",\"status\":\"304\",\"responseTime\":\"84.355\"}","timestamp":"2025-02-05T07:09:09.542Z"}
{"level":"\u001b[32minfo\u001b[39m","message":"{\"method\":\"GET\",\"url\":\"/api/project/fetch-projects?organizationId=67869a6a1514145a64988362\",\"status\":\"304\",\"responseTime\":\"91.903\"}","timestamp":"2025-02-05T07:09:09.555Z"}
{"level":"\u001b[32minfo\u001b[39m","message":"{\"method\":\"GET\",\"url\":\"/api/task/fetch-tasks?projectId=679c4532a6bfed6f8c93a934\",\"status\":\"304\",\"responseTime\":\"137.370\"}","timestamp":"2025-02-05T07:09:09.851Z"}
{"level":"\u001b[32minfo\u001b[39m","message":"{\"method\":\"GET\",\"url\":\"/api/task/fetch-tasks?projectId=679c4532a6bfed6f8c93a934\",\"status\":\"304\",\"responseTime\":\"81.432\"}","timestamp":"2025-02-05T07:09:09.938Z"}
{"level":"\u001b[32minfo\u001b[39m","message":"{\"method\":\"GET\",\"url\":\"/api/task/fetch-tasks?projectId=679c456aa6bfed6f8c93a937\",\"status\":\"304\",\"responseTime\":\"182.231\"}","timestamp":"2025-02-05T07:09:16.416Z"}
{"level":"\u001b[32minfo\u001b[39m","message":"{\"method\":\"GET\",\"url\":\"/api/task/fetch-tasks?projectId=679c456aa6bfed6f8c93a937\",\"status\":\"304\",\"responseTime\":\"114.791\"}","timestamp":"2025-02-05T07:09:16.537Z"}
{"level":"\u001b[32minfo\u001b[39m","message":"{\"method\":\"GET\",\"url\":\"/api/project/fetch-projects?organizationId=67869a6a1514145a64988362\",\"status\":\"401\",\"responseTime\":\"25.360\"}","timestamp":"2025-02-05T08:20:06.635Z"}
