{"level":"\u001b[32minfo\u001b[39m","message":"{\"method\":\"GET\",\"url\":\"/api/project/fetch-projects?organizationId=67869a6a1514145a64988362\",\"status\":\"200\",\"responseTime\":\"165.764\"}","timestamp":"2025-02-09T18:59:15.780Z"}
{"level":"\u001b[32minfo\u001b[39m","message":"{\"method\":\"GET\",\"url\":\"/api/project/fetch-projects?organizationId=67869a6a1514145a64988362\",\"status\":\"304\",\"responseTime\":\"102.667\"}","timestamp":"2025-02-09T19:01:35.779Z"}
{"level":"\u001b[32minfo\u001b[39m","message":"{\"method\":\"GET\",\"url\":\"/api/project/fetchEmployees-projects?organizationId=67869a6a1514145a64988362&employeeId=67a44a46314f8fe8e568bd5e\",\"status\":\"401\",\"responseTime\":\"12.513\"}","timestamp":"2025-02-09T19:18:33.629Z"}
{"level":"\u001b[32minfo\u001b[39m","message":"{\"method\":\"GET\",\"url\":\"/api/task/fetchEmployees-Alltasks?employeeId=67a44a46314f8fe8e568bd5e\",\"status\":\"401\",\"responseTime\":\"4.135\"}","timestamp":"2025-02-09T19:18:33.637Z"}
{"level":"\u001b[32minfo\u001b[39m","message":"{\"method\":\"GET\",\"url\":\"/api/project/fetchEmployees-projects?organizationId=67869a6a1514145a64988362&employeeId=67a44a46314f8fe8e568bd5e\",\"status\":\"304\",\"responseTime\":\"112.401\"}","timestamp":"2025-02-09T19:18:33.889Z"}
{"level":"\u001b[32minfo\u001b[39m","message":"{\"method\":\"GET\",\"url\":\"/api/task/fetchEmployees-Alltasks?employeeId=67a44a46314f8fe8e568bd5e\",\"status\":\"304\",\"responseTime\":\"144.322\"}","timestamp":"2025-02-09T19:18:33.926Z"}
{"level":"\u001b[32minfo\u001b[39m","message":"{\"method\":\"GET\",\"url\":\"/api/project/fetch-projects?organizationId=67869a6a1514145a64988362\",\"status\":\"304\",\"responseTime\":\"108.716\"}","timestamp":"2025-02-09T19:18:42.322Z"}
{"level":"\u001b[32minfo\u001b[39m","message":"{\"method\":\"GET\",\"url\":\"/api/task/fetchEmployees-Alltasks?employeeId=67a44a46314f8fe8e568bd5e\",\"status\":\"304\",\"responseTime\":\"109.371\"}","timestamp":"2025-02-09T19:18:45.799Z"}
{"level":"\u001b[32minfo\u001b[39m","message":"{\"method\":\"GET\",\"url\":\"/api/project/fetchEmployees-projects?organizationId=67869a6a1514145a64988362&employeeId=67a44a46314f8fe8e568bd5e\",\"status\":\"304\",\"responseTime\":\"171.765\"}","timestamp":"2025-02-09T19:18:45.846Z"}
{"level":"\u001b[32minfo\u001b[39m","message":"{\"method\":\"GET\",\"url\":\"/api/project/fetch-projects?organizationId=67869a6a1514145a64988362\",\"status\":\"304\",\"responseTime\":\"135.236\"}","timestamp":"2025-02-09T19:20:30.056Z"}
{"level":"\u001b[32minfo\u001b[39m","message":"{\"method\":\"GET\",\"url\":\"/api/project/fetch-projects?organizationId=67869a6a1514145a64988362\",\"status\":\"304\",\"responseTime\":\"205.402\"}","timestamp":"2025-02-09T19:20:41.373Z"}
{"level":"\u001b[32minfo\u001b[39m","message":"{\"method\":\"GET\",\"url\":\"/api/task/fetch-tasks\",\"status\":\"304\",\"responseTime\":\"94.115\"}","timestamp":"2025-02-09T19:20:42.855Z"}
{"level":"\u001b[32minfo\u001b[39m","message":"{\"method\":\"GET\",\"url\":\"/api/project/fetch-projects?organizationId=67869a6a1514145a64988362\",\"status\":\"304\",\"responseTime\":\"160.434\"}","timestamp":"2025-02-09T19:20:42.917Z"}
{"level":"\u001b[32minfo\u001b[39m","message":"{\"method\":\"GET\",\"url\":\"/api/task/fetch-tasks?projectId=67a44c685dae11d3d9bf3efc\",\"status\":\"304\",\"responseTime\":\"134.923\"}","timestamp":"2025-02-09T19:20:43.249Z"}
{"level":"\u001b[32minfo\u001b[39m","message":"{\"method\":\"GET\",\"url\":\"/api/task/fetch-tasks?projectId=67a44c685dae11d3d9bf3efc\",\"status\":\"304\",\"responseTime\":\"103.627\"}","timestamp":"2025-02-09T19:20:43.360Z"}
{"level":"\u001b[32minfo\u001b[39m","message":"{\"method\":\"GET\",\"url\":\"/api/task/fetch-subTasks?parentTaskId=67a44cee5dae11d3d9bf3f09\",\"status\":\"200\",\"responseTime\":\"143.241\"}","timestamp":"2025-02-09T19:20:43.541Z"}
{"level":"\u001b[32minfo\u001b[39m","message":"{\"method\":\"GET\",\"url\":\"/api/project/fetchEmployees-projects?organizationId=67869a6a1514145a64988362&employeeId=67a44a46314f8fe8e568bd5e\",\"status\":\"304\",\"responseTime\":\"1021.431\"}","timestamp":"2025-02-09T19:40:33.579Z"}
{"level":"\u001b[32minfo\u001b[39m","message":"{\"method\":\"GET\",\"url\":\"/api/task/fetchEmployees-Alltasks?employeeId=67a44a46314f8fe8e568bd5e\",\"status\":\"304\",\"responseTime\":\"1004.865\"}","timestamp":"2025-02-09T19:40:33.593Z"}
{"level":"\u001b[32minfo\u001b[39m","message":"{\"method\":\"GET\",\"url\":\"/api/project/fetchEmployees-projects?organizationId=67869a6a1514145a64988362&employeeId=67a44a46314f8fe8e568bd5e\",\"status\":\"304\",\"responseTime\":\"152.738\"}","timestamp":"2025-02-09T19:40:44.630Z"}
{"level":"\u001b[32minfo\u001b[39m","message":"{\"method\":\"GET\",\"url\":\"/api/project/fetchEmployees-projects?organizationId=67869a6a1514145a64988362&employeeId=67a44a46314f8fe8e568bd5e\",\"status\":\"304\",\"responseTime\":\"134.694\"}","timestamp":"2025-02-09T19:40:46.066Z"}
{"level":"\u001b[32minfo\u001b[39m","message":"{\"method\":\"GET\",\"url\":\"/api/task/fetchEmployees-tasks?employeeId=67a44a46314f8fe8e568bd5e\",\"status\":\"304\",\"responseTime\":\"133.923\"}","timestamp":"2025-02-09T19:40:46.070Z"}
{"level":"\u001b[32minfo\u001b[39m","message":"{\"method\":\"GET\",\"url\":\"/api/task/fetch-tasks\",\"status\":\"304\",\"responseTime\":\"179.849\"}","timestamp":"2025-02-09T19:40:46.269Z"}
{"level":"\u001b[32minfo\u001b[39m","message":"{\"method\":\"GET\",\"url\":\"/api/task/fetchEmployees-tasks?projectId=67a44c685dae11d3d9bf3efc&employeeId=67a44a46314f8fe8e568bd5e\",\"status\":\"200\",\"responseTime\":\"167.077\"}","timestamp":"2025-02-09T19:40:46.580Z"}
{"level":"\u001b[32minfo\u001b[39m","message":"{\"method\":\"GET\",\"url\":\"/api/task/fetchEmployees-tasks?projectId=67a44c685dae11d3d9bf3efc&employeeId=67a44a46314f8fe8e568bd5e\",\"status\":\"304\",\"responseTime\":\"85.674\"}","timestamp":"2025-02-09T19:40:46.676Z"}
{"level":"\u001b[32minfo\u001b[39m","message":"{\"method\":\"GET\",\"url\":\"/api/task/fetch-tasks?projectId=67a44c685dae11d3d9bf3efc\",\"status\":\"304\",\"responseTime\":\"96.170\"}","timestamp":"2025-02-09T19:40:46.793Z"}
{"level":"\u001b[32minfo\u001b[39m","message":"{\"method\":\"GET\",\"url\":\"/api/task/fetch-subTasks?parentTaskId=67a48363ff8887115c31faf2\",\"status\":\"304\",\"responseTime\":\"94.391\"}","timestamp":"2025-02-09T19:40:46.879Z"}
{"level":"\u001b[32minfo\u001b[39m","message":"{\"method\":\"GET\",\"url\":\"/api/task/fetch-subTasks?parentTaskId=67a48363ff8887115c31faf3\",\"status\":\"304\",\"responseTime\":\"86.519\"}","timestamp":"2025-02-09T19:40:46.883Z"}
{"level":"\u001b[32minfo\u001b[39m","message":"{\"method\":\"GET\",\"url\":\"/api/project/fetchEmployees-projects?organizationId=67869a6a1514145a64988362&employeeId=67a44a46314f8fe8e568bd5e\",\"status\":\"401\",\"responseTime\":\"3.796\"}","timestamp":"2025-02-10T04:11:06.267Z"}
{"level":"\u001b[32minfo\u001b[39m","message":"{\"method\":\"GET\",\"url\":\"/api/task/fetchEmployees-Alltasks?employeeId=67a44a46314f8fe8e568bd5e\",\"status\":\"401\",\"responseTime\":\"121.563\"}","timestamp":"2025-02-10T04:11:06.549Z"}
{"level":"\u001b[32minfo\u001b[39m","message":"{\"method\":\"GET\",\"url\":\"/api/project/fetchEmployees-projects?organizationId=67869a6a1514145a64988362&employeeId=67a44a46314f8fe8e568bd5e\",\"status\":\"401\",\"responseTime\":\"41.214\"}","timestamp":"2025-02-10T04:11:10.403Z"}
{"level":"\u001b[32minfo\u001b[39m","message":"{\"method\":\"GET\",\"url\":\"/api/task/fetchEmployees-Alltasks?employeeId=67a44a46314f8fe8e568bd5e\",\"status\":\"401\",\"responseTime\":\"32.581\"}","timestamp":"2025-02-10T04:11:10.479Z"}
{"level":"\u001b[32minfo\u001b[39m","message":"{\"method\":\"GET\",\"url\":\"/api/task/fetchEmployees-Alltasks?employeeId=67a44a46314f8fe8e568bd5e\",\"status\":\"304\",\"responseTime\":\"424.959\"}","timestamp":"2025-02-10T04:11:11.198Z"}
{"level":"\u001b[32minfo\u001b[39m","message":"{\"method\":\"GET\",\"url\":\"/api/project/fetchEmployees-projects?organizationId=67869a6a1514145a64988362&employeeId=67a44a46314f8fe8e568bd5e\",\"status\":\"304\",\"responseTime\":\"570.299\"}","timestamp":"2025-02-10T04:11:11.270Z"}
{"level":"\u001b[32minfo\u001b[39m","message":"{\"method\":\"GET\",\"url\":\"/api/project/fetch-projects?organizationId=67869a6a1514145a64988362\",\"status\":\"304\",\"responseTime\":\"214.006\"}","timestamp":"2025-02-10T04:11:33.098Z"}
{"level":"\u001b[32minfo\u001b[39m","message":"{\"method\":\"GET\",\"url\":\"/api/project/fetch-projects?organizationId=67869a6a1514145a64988362\",\"status\":\"401\",\"responseTime\":\"11.459\"}","timestamp":"2025-02-10T04:21:42.071Z"}
{"level":"\u001b[32minfo\u001b[39m","message":"{\"method\":\"GET\",\"url\":\"/api/task/fetch-tasks\",\"status\":\"401\",\"responseTime\":\"8.285\"}","timestamp":"2025-02-10T04:21:42.087Z"}
{"level":"\u001b[32minfo\u001b[39m","message":"{\"method\":\"GET\",\"url\":\"/api/project/fetch-projects?organizationId=67869a6a1514145a64988362\",\"status\":\"304\",\"responseTime\":\"169.855\"}","timestamp":"2025-02-10T04:21:42.423Z"}
{"level":"\u001b[32minfo\u001b[39m","message":"{\"method\":\"GET\",\"url\":\"/api/task/fetch-tasks\",\"status\":\"304\",\"responseTime\":\"168.593\"}","timestamp":"2025-02-10T04:21:42.431Z"}
{"level":"\u001b[32minfo\u001b[39m","message":"{\"method\":\"GET\",\"url\":\"/api/task/fetch-tasks?projectId=67a44c685dae11d3d9bf3efc\",\"status\":\"304\",\"responseTime\":\"145.080\"}","timestamp":"2025-02-10T04:21:42.937Z"}
{"level":"\u001b[32minfo\u001b[39m","message":"{\"method\":\"GET\",\"url\":\"/api/task/fetch-tasks?projectId=67a44c685dae11d3d9bf3efc\",\"status\":\"304\",\"responseTime\":\"85.087\"}","timestamp":"2025-02-10T04:21:43.049Z"}
{"level":"\u001b[32minfo\u001b[39m","message":"{\"method\":\"GET\",\"url\":\"/api/task/fetch-subTasks?parentTaskId=67a44cee5dae11d3d9bf3f09\",\"status\":\"304\",\"responseTime\":\"161.536\"}","timestamp":"2025-02-10T04:21:43.354Z"}
{"level":"\u001b[32minfo\u001b[39m","message":"{\"method\":\"GET\",\"url\":\"/api/task/fetch-tasks?projectId=67a44c685dae11d3d9bf3efc\",\"status\":\"304\",\"responseTime\":\"117.636\"}","timestamp":"2025-02-10T04:21:52.666Z"}
{"level":"\u001b[32minfo\u001b[39m","message":"{\"method\":\"GET\",\"url\":\"/api/task/fetch-subTasks?parentTaskId=67a44cee5dae11d3d9bf3f09\",\"status\":\"304\",\"responseTime\":\"133.163\"}","timestamp":"2025-02-10T04:21:53.080Z"}
{"level":"\u001b[32minfo\u001b[39m","message":"{\"method\":\"GET\",\"url\":\"/api/task/fetch-subTasks?parentTaskId=67a5d1b3ec0a2728bc2a804c\",\"status\":\"304\",\"responseTime\":\"63.668\"}","timestamp":"2025-02-10T04:21:55.397Z"}
{"level":"\u001b[32minfo\u001b[39m","message":"{\"method\":\"GET\",\"url\":\"/api/task/fetch-subTasks?parentTaskId=67a44cee5dae11d3d9bf3f09\",\"status\":\"304\",\"responseTime\":\"65.729\"}","timestamp":"2025-02-10T04:21:56.889Z"}
{"level":"\u001b[32minfo\u001b[39m","message":"{\"method\":\"GET\",\"url\":\"/api/project/fetchEmployees-projects?organizationId=67869a6a1514145a64988362&employeeId=67a44a73314f8fe8e568bd61\",\"status\":\"200\",\"responseTime\":\"131.113\"}","timestamp":"2025-02-10T05:51:19.302Z"}
{"level":"\u001b[32minfo\u001b[39m","message":"{\"method\":\"GET\",\"url\":\"/api/task/fetchEmployees-Alltasks?employeeId=67a44a73314f8fe8e568bd61\",\"status\":\"200\",\"responseTime\":\"90.918\"}","timestamp":"2025-02-10T05:51:19.320Z"}
{"level":"\u001b[32minfo\u001b[39m","message":"{\"method\":\"GET\",\"url\":\"/api/project/fetchEmployees-projects?organizationId=67869a6a1514145a64988362&employeeId=67a44a46314f8fe8e568bd5e\",\"status\":\"304\",\"responseTime\":\"58.346\"}","timestamp":"2025-02-10T05:55:42.479Z"}
{"level":"\u001b[32minfo\u001b[39m","message":"{\"method\":\"GET\",\"url\":\"/api/task/fetchEmployees-Alltasks?employeeId=67a44a46314f8fe8e568bd5e\",\"status\":\"304\",\"responseTime\":\"68.048\"}","timestamp":"2025-02-10T05:55:42.497Z"}
{"level":"\u001b[32minfo\u001b[39m","message":"{\"method\":\"GET\",\"url\":\"/api/project/fetchEmployees-projects?organizationId=67869a6a1514145a64988362&employeeId=67a44a73314f8fe8e568bd61\",\"status\":\"304\",\"responseTime\":\"71.993\"}","timestamp":"2025-02-10T06:01:26.859Z"}
{"level":"\u001b[32minfo\u001b[39m","message":"{\"method\":\"GET\",\"url\":\"/api/task/fetchEmployees-Alltasks?employeeId=67a44a73314f8fe8e568bd61\",\"status\":\"304\",\"responseTime\":\"73.980\"}","timestamp":"2025-02-10T06:01:26.869Z"}
{"level":"\u001b[32minfo\u001b[39m","message":"{\"method\":\"GET\",\"url\":\"/api/task/fetchEmployees-Alltasks?employeeId=67a44a46314f8fe8e568bd5e\",\"status\":\"304\",\"responseTime\":\"71.427\"}","timestamp":"2025-02-10T06:09:14.172Z"}
{"level":"\u001b[32minfo\u001b[39m","message":"{\"method\":\"GET\",\"url\":\"/api/project/fetchEmployees-projects?organizationId=67869a6a1514145a64988362&employeeId=67a44a46314f8fe8e568bd5e\",\"status\":\"304\",\"responseTime\":\"75.470\"}","timestamp":"2025-02-10T06:09:14.183Z"}
{"level":"\u001b[32minfo\u001b[39m","message":"{\"method\":\"GET\",\"url\":\"/api/project/fetchEmployees-projects?organizationId=67869a6a1514145a64988362&employeeId=67a44a73314f8fe8e568bd61\",\"status\":\"304\",\"responseTime\":\"132.804\"}","timestamp":"2025-02-10T07:05:26.981Z"}
{"level":"\u001b[32minfo\u001b[39m","message":"{\"method\":\"GET\",\"url\":\"/api/task/fetchEmployees-Alltasks?employeeId=67a44a73314f8fe8e568bd61\",\"status\":\"304\",\"responseTime\":\"100.118\"}","timestamp":"2025-02-10T07:05:26.996Z"}
{"level":"\u001b[32minfo\u001b[39m","message":"{\"method\":\"GET\",\"url\":\"/api/project/fetchEmployees-projects?organizationId=67869a6a1514145a64988362&employeeId=67a44a46314f8fe8e568bd5e\",\"status\":\"304\",\"responseTime\":\"65.514\"}","timestamp":"2025-02-10T07:12:59.810Z"}
{"level":"\u001b[32minfo\u001b[39m","message":"{\"method\":\"GET\",\"url\":\"/api/task/fetchEmployees-Alltasks?employeeId=67a44a46314f8fe8e568bd5e\",\"status\":\"304\",\"responseTime\":\"73.136\"}","timestamp":"2025-02-10T07:12:59.824Z"}
{"level":"\u001b[32minfo\u001b[39m","message":"{\"method\":\"GET\",\"url\":\"/api/project/fetchEmployees-projects?organizationId=67869a6a1514145a64988362&employeeId=67a44a46314f8fe8e568bd5e\",\"status\":\"304\",\"responseTime\":\"64.480\"}","timestamp":"2025-02-10T07:18:14.190Z"}
{"level":"\u001b[32minfo\u001b[39m","message":"{\"method\":\"GET\",\"url\":\"/api/task/fetchEmployees-Alltasks?employeeId=67a44a46314f8fe8e568bd5e\",\"status\":\"304\",\"responseTime\":\"72.858\"}","timestamp":"2025-02-10T07:18:14.212Z"}
{"level":"\u001b[32minfo\u001b[39m","message":"{\"method\":\"GET\",\"url\":\"/api/project/fetchEmployees-projects?organizationId=67869a6a1514145a64988362&employeeId=67a44a73314f8fe8e568bd61\",\"status\":\"304\",\"responseTime\":\"67.507\"}","timestamp":"2025-02-10T07:18:36.005Z"}
{"level":"\u001b[32minfo\u001b[39m","message":"{\"method\":\"GET\",\"url\":\"/api/task/fetchEmployees-Alltasks?employeeId=67a44a73314f8fe8e568bd61\",\"status\":\"304\",\"responseTime\":\"67.578\"}","timestamp":"2025-02-10T07:18:36.010Z"}
{"level":"\u001b[32minfo\u001b[39m","message":"{\"method\":\"GET\",\"url\":\"/api/project/fetch-projects?organizationId=67869a6a1514145a64988362\",\"status\":\"304\",\"responseTime\":\"925.010\"}","timestamp":"2025-02-10T08:17:55.490Z"}
{"level":"\u001b[32minfo\u001b[39m","message":"{\"method\":\"GET\",\"url\":\"/api/project/fetchEmployees-projects?organizationId=67869a6a1514145a64988362&employeeId=67a44a46314f8fe8e568bd5e\",\"status\":\"304\",\"responseTime\":\"55.047\"}","timestamp":"2025-02-10T08:18:14.848Z"}
{"level":"\u001b[32minfo\u001b[39m","message":"{\"method\":\"GET\",\"url\":\"/api/task/fetchEmployees-Alltasks?employeeId=67a44a46314f8fe8e568bd5e\",\"status\":\"304\",\"responseTime\":\"323.597\"}","timestamp":"2025-02-10T08:18:15.128Z"}
{"level":"\u001b[32minfo\u001b[39m","message":"{\"method\":\"GET\",\"url\":\"/api/project/fetchEmployees-projects?organizationId=67869a6a1514145a64988362&employeeId=67a44a73314f8fe8e568bd61\",\"status\":\"200\",\"responseTime\":\"353.454\"}","timestamp":"2025-02-10T08:31:06.156Z"}
{"level":"\u001b[32minfo\u001b[39m","message":"{\"method\":\"GET\",\"url\":\"/api/task/fetchEmployees-Alltasks?employeeId=67a44a73314f8fe8e568bd61\",\"status\":\"200\",\"responseTime\":\"361.969\"}","timestamp":"2025-02-10T08:31:06.168Z"}
{"level":"\u001b[32minfo\u001b[39m","message":"{\"method\":\"GET\",\"url\":\"/api/project/fetchEmployees-projects?organizationId=67869a6a1514145a64988362&employeeId=67a44a73314f8fe8e568bd61\",\"status\":\"304\",\"responseTime\":\"207.624\"}","timestamp":"2025-02-10T08:40:15.834Z"}
{"level":"\u001b[32minfo\u001b[39m","message":"{\"method\":\"GET\",\"url\":\"/api/task/fetchEmployees-Alltasks?employeeId=67a44a73314f8fe8e568bd61\",\"status\":\"304\",\"responseTime\":\"206.986\"}","timestamp":"2025-02-10T08:40:15.840Z"}
{"level":"\u001b[32minfo\u001b[39m","message":"{\"method\":\"GET\",\"url\":\"/api/task/fetchEmployees-Alltasks?employeeId=67a44aaa314f8fe8e568bd64\",\"status\":\"200\",\"responseTime\":\"283.169\"}","timestamp":"2025-02-10T08:41:05.023Z"}
{"level":"\u001b[32minfo\u001b[39m","message":"{\"method\":\"GET\",\"url\":\"/api/project/fetchEmployees-projects?organizationId=67869a6a1514145a64988362&employeeId=67a44aaa314f8fe8e568bd64\",\"status\":\"200\",\"responseTime\":\"296.508\"}","timestamp":"2025-02-10T08:41:05.031Z"}
{"level":"\u001b[32minfo\u001b[39m","message":"{\"method\":\"GET\",\"url\":\"/api/project/fetchEmployees-projects?organizationId=67869a6a1514145a64988362&employeeId=67a44a46314f8fe8e568bd5e\",\"status\":\"304\",\"responseTime\":\"60.745\"}","timestamp":"2025-02-10T08:41:58.754Z"}
{"level":"\u001b[32minfo\u001b[39m","message":"{\"method\":\"GET\",\"url\":\"/api/task/fetchEmployees-Alltasks?employeeId=67a44a46314f8fe8e568bd5e\",\"status\":\"304\",\"responseTime\":\"175.807\"}","timestamp":"2025-02-10T08:41:58.879Z"}
{"level":"\u001b[32minfo\u001b[39m","message":"{\"method\":\"GET\",\"url\":\"/api/project/fetchEmployees-projects?organizationId=67869a6a1514145a64988362&employeeId=67a44a46314f8fe8e568bd5e\",\"status\":\"401\",\"responseTime\":\"19.388\"}","timestamp":"2025-02-10T08:53:14.082Z"}
{"level":"\u001b[32minfo\u001b[39m","message":"{\"method\":\"GET\",\"url\":\"/api/task/fetchEmployees-Alltasks?employeeId=67a44a46314f8fe8e568bd5e\",\"status\":\"401\",\"responseTime\":\"7.300\"}","timestamp":"2025-02-10T08:53:14.094Z"}
{"level":"\u001b[32minfo\u001b[39m","message":"{\"method\":\"GET\",\"url\":\"/api/project/fetchEmployees-projects?organizationId=67869a6a1514145a64988362&employeeId=67a44a46314f8fe8e568bd5e\",\"status\":\"304\",\"responseTime\":\"320.081\"}","timestamp":"2025-02-10T08:53:14.844Z"}
{"level":"\u001b[32minfo\u001b[39m","message":"{\"method\":\"GET\",\"url\":\"/api/task/fetchEmployees-Alltasks?employeeId=67a44a46314f8fe8e568bd5e\",\"status\":\"304\",\"responseTime\":\"305.187\"}","timestamp":"2025-02-10T08:53:14.913Z"}
{"level":"\u001b[32minfo\u001b[39m","message":"{\"method\":\"GET\",\"url\":\"/api/project/fetchEmployees-projects?organizationId=67869a6a1514145a64988362&employeeId=67a44a46314f8fe8e568bd5e\",\"status\":\"304\",\"responseTime\":\"457.370\"}","timestamp":"2025-02-10T08:53:17.644Z"}
{"level":"\u001b[32minfo\u001b[39m","message":"{\"method\":\"GET\",\"url\":\"/api/task/fetchEmployees-Alltasks?employeeId=67a44a46314f8fe8e568bd5e\",\"status\":\"304\",\"responseTime\":\"469.257\"}","timestamp":"2025-02-10T08:53:17.668Z"}
{"level":"\u001b[32minfo\u001b[39m","message":"{\"method\":\"GET\",\"url\":\"/api/project/fetchEmployees-projects?organizationId=67869a6a1514145a64988362&employeeId=67a44a46314f8fe8e568bd5e\",\"status\":\"304\",\"responseTime\":\"666.500\"}","timestamp":"2025-02-10T08:53:24.477Z"}
{"level":"\u001b[32minfo\u001b[39m","message":"{\"method\":\"GET\",\"url\":\"/api/project/fetchEmployees-projects?organizationId=67869a6a1514145a64988362&employeeId=67a44a46314f8fe8e568bd5e\",\"status\":\"304\",\"responseTime\":\"687.797\"}","timestamp":"2025-02-10T08:53:28.411Z"}
{"level":"\u001b[32minfo\u001b[39m","message":"{\"method\":\"GET\",\"url\":\"/api/task/fetchEmployees-Alltasks?employeeId=67a44a46314f8fe8e568bd5e\",\"status\":\"304\",\"responseTime\":\"692.057\"}","timestamp":"2025-02-10T08:53:28.424Z"}
{"level":"\u001b[32minfo\u001b[39m","message":"{\"method\":\"GET\",\"url\":\"/api/project/fetchEmployees-projects?organizationId=67869a6a1514145a64988362&employeeId=67a44a46314f8fe8e568bd5e\",\"status\":\"304\",\"responseTime\":\"312.321\"}","timestamp":"2025-02-10T08:53:29.781Z"}
{"level":"\u001b[32minfo\u001b[39m","message":"{\"method\":\"GET\",\"url\":\"/api/project/fetchEmployees-projects?organizationId=67869a6a1514145a64988362&employeeId=67a44a46314f8fe8e568bd5e\",\"status\":\"304\",\"responseTime\":\"79.770\"}","timestamp":"2025-02-10T08:53:33.948Z"}
{"level":"\u001b[32minfo\u001b[39m","message":"{\"method\":\"GET\",\"url\":\"/api/task/fetchEmployees-tasks?employeeId=67a44a46314f8fe8e568bd5e\",\"status\":\"304\",\"responseTime\":\"86.123\"}","timestamp":"2025-02-10T08:53:33.959Z"}
{"level":"\u001b[32minfo\u001b[39m","message":"{\"method\":\"GET\",\"url\":\"/api/task/fetch-tasks\",\"status\":\"304\",\"responseTime\":\"110.248\"}","timestamp":"2025-02-10T08:53:34.085Z"}
{"level":"\u001b[32minfo\u001b[39m","message":"{\"method\":\"GET\",\"url\":\"/api/task/fetchEmployees-tasks?projectId=67a44c685dae11d3d9bf3efc&employeeId=67a44a46314f8fe8e568bd5e\",\"status\":\"304\",\"responseTime\":\"130.555\"}","timestamp":"2025-02-10T08:53:34.401Z"}
{"level":"\u001b[32minfo\u001b[39m","message":"{\"method\":\"GET\",\"url\":\"/api/task/fetchEmployees-tasks?projectId=67a44c685dae11d3d9bf3efc&employeeId=67a44a46314f8fe8e568bd5e\",\"status\":\"304\",\"responseTime\":\"68.112\"}","timestamp":"2025-02-10T08:53:34.478Z"}
{"level":"\u001b[32minfo\u001b[39m","message":"{\"method\":\"GET\",\"url\":\"/api/task/fetch-tasks?projectId=67a44c685dae11d3d9bf3efc\",\"status\":\"304\",\"responseTime\":\"206.678\"}","timestamp":"2025-02-10T08:53:34.704Z"}
{"level":"\u001b[32minfo\u001b[39m","message":"{\"method\":\"GET\",\"url\":\"/api/task/fetch-subTasks?parentTaskId=67a48363ff8887115c31faf2\",\"status\":\"304\",\"responseTime\":\"175.530\"}","timestamp":"2025-02-10T08:53:34.834Z"}
{"level":"\u001b[32minfo\u001b[39m","message":"{\"method\":\"GET\",\"url\":\"/api/task/fetch-subTasks?parentTaskId=67a48363ff8887115c31faf3\",\"status\":\"304\",\"responseTime\":\"1541.355\"}","timestamp":"2025-02-10T08:53:36.207Z"}
{"level":"\u001b[32minfo\u001b[39m","message":"{\"method\":\"GET\",\"url\":\"/api/project/fetchEmployees-projects?organizationId=67869a6a1514145a64988362&employeeId=67a44a46314f8fe8e568bd5e\",\"status\":\"304\",\"responseTime\":\"168.786\"}","timestamp":"2025-02-10T08:53:36.369Z"}
{"level":"\u001b[32minfo\u001b[39m","message":"{\"method\":\"GET\",\"url\":\"/api/task/fetchEmployees-tasks?employeeId=67a44a46314f8fe8e568bd5e\",\"status\":\"304\",\"responseTime\":\"232.941\"}","timestamp":"2025-02-10T08:53:38.152Z"}
{"level":"\u001b[32minfo\u001b[39m","message":"{\"method\":\"GET\",\"url\":\"/api/project/fetchEmployees-projects?organizationId=67869a6a1514145a64988362&employeeId=67a44a46314f8fe8e568bd5e\",\"status\":\"304\",\"responseTime\":\"350.544\"}","timestamp":"2025-02-10T08:53:38.265Z"}
{"level":"\u001b[32minfo\u001b[39m","message":"{\"method\":\"GET\",\"url\":\"/api/task/fetch-tasks\",\"status\":\"304\",\"responseTime\":\"228.568\"}","timestamp":"2025-02-10T08:53:38.392Z"}
{"level":"\u001b[32minfo\u001b[39m","message":"{\"method\":\"GET\",\"url\":\"/api/task/fetchEmployees-tasks?projectId=67a44c685dae11d3d9bf3efc&employeeId=67a44a46314f8fe8e568bd5e\",\"status\":\"304\",\"responseTime\":\"223.163\"}","timestamp":"2025-02-10T08:53:39.125Z"}
{"level":"\u001b[32minfo\u001b[39m","message":"{\"method\":\"GET\",\"url\":\"/api/task/fetchEmployees-tasks?projectId=67a44c685dae11d3d9bf3efc&employeeId=67a44a46314f8fe8e568bd5e\",\"status\":\"304\",\"responseTime\":\"453.491\"}","timestamp":"2025-02-10T08:53:39.586Z"}
{"level":"\u001b[32minfo\u001b[39m","message":"{\"method\":\"GET\",\"url\":\"/api/task/fetch-tasks?projectId=67a44c685dae11d3d9bf3efc\",\"status\":\"304\",\"responseTime\":\"142.011\"}","timestamp":"2025-02-10T08:53:39.761Z"}
{"level":"\u001b[32minfo\u001b[39m","message":"{\"method\":\"GET\",\"url\":\"/api/task/fetch-subTasks?parentTaskId=67a48363ff8887115c31faf2\",\"status\":\"304\",\"responseTime\":\"396.758\"}","timestamp":"2025-02-10T08:53:40.099Z"}
{"level":"\u001b[32minfo\u001b[39m","message":"{\"method\":\"GET\",\"url\":\"/api/task/fetch-subTasks?parentTaskId=67a48363ff8887115c31faf3\",\"status\":\"304\",\"responseTime\":\"525.961\"}","timestamp":"2025-02-10T08:53:40.236Z"}
{"level":"\u001b[32minfo\u001b[39m","message":"{\"method\":\"GET\",\"url\":\"/api/project/fetch-projects?organizationId=67869a6a1514145a64988362\",\"status\":\"304\",\"responseTime\":\"243.301\"}","timestamp":"2025-02-10T10:13:33.854Z"}
{"level":"\u001b[32minfo\u001b[39m","message":"{\"method\":\"GET\",\"url\":\"/api/project/fetchEmployees-projects?organizationId=67869a6a1514145a64988362&employeeId=67a44a46314f8fe8e568bd5e\",\"status\":\"401\",\"responseTime\":\"7.013\"}","timestamp":"2025-02-10T10:13:58.600Z"}
{"level":"\u001b[32minfo\u001b[39m","message":"{\"method\":\"GET\",\"url\":\"/api/task/fetchEmployees-Alltasks?employeeId=67a44a46314f8fe8e568bd5e\",\"status\":\"401\",\"responseTime\":\"7.515\"}","timestamp":"2025-02-10T10:13:58.618Z"}
{"level":"\u001b[32minfo\u001b[39m","message":"{\"method\":\"GET\",\"url\":\"/api/task/fetchEmployees-Alltasks?employeeId=67a44a46314f8fe8e568bd5e\",\"status\":\"304\",\"responseTime\":\"546.028\"}","timestamp":"2025-02-10T10:13:59.533Z"}
{"level":"\u001b[32minfo\u001b[39m","message":"{\"method\":\"GET\",\"url\":\"/api/project/fetchEmployees-projects?organizationId=67869a6a1514145a64988362&employeeId=67a44a46314f8fe8e568bd5e\",\"status\":\"304\",\"responseTime\":\"641.701\"}","timestamp":"2025-02-10T10:13:59.641Z"}
