{"level":"\u001b[32minfo\u001b[39m","message":"{\"method\":\"GET\",\"url\":\"/api/task/fetchEmployees-tasks?projectId=679c456aa6bfed6f8c93a937&employeeId=67869f7defffdbe0c161c74a\",\"status\":\"401\",\"responseTime\":\"2.790\"}","timestamp":"2025-02-01T18:30:52.075Z"}
{"level":"\u001b[32minfo\u001b[39m","message":"{\"method\":\"GET\",\"url\":\"/api/task/fetchEmployees-tasks?projectId=679c456aa6bfed6f8c93a937&employeeId=67869f7defffdbe0c161c74a\",\"status\":\"401\",\"responseTime\":\"4.901\"}","timestamp":"2025-02-01T18:30:52.145Z"}
{"level":"\u001b[32minfo\u001b[39m","message":"{\"method\":\"GET\",\"url\":\"/api/task/fetchEmployees-tasks?projectId=679c456aa6bfed6f8c93a937&employeeId=67869f7defffdbe0c161c74a\",\"status\":\"304\",\"responseTime\":\"198.808\"}","timestamp":"2025-02-01T18:30:52.414Z"}
{"level":"\u001b[32minfo\u001b[39m","message":"{\"method\":\"GET\",\"url\":\"/api/task/fetchEmployees-tasks?projectId=679c456aa6bfed6f8c93a937&employeeId=67869f7defffdbe0c161c74a\",\"status\":\"304\",\"responseTime\":\"109.013\"}","timestamp":"2025-02-01T18:30:52.532Z"}
{"level":"\u001b[32minfo\u001b[39m","message":"{\"method\":\"GET\",\"url\":\"/api/task/fetch-tasks?projectId=679c4532a6bfed6f8c93a934\",\"status\":\"304\",\"responseTime\":\"84.347\"}","timestamp":"2025-02-01T18:30:57.540Z"}
{"level":"\u001b[32minfo\u001b[39m","message":"{\"method\":\"GET\",\"url\":\"/api/task/fetch-tasks?projectId=679c4532a6bfed6f8c93a934\",\"status\":\"304\",\"responseTime\":\"74.401\"}","timestamp":"2025-02-01T18:30:57.620Z"}
{"level":"\u001b[32minfo\u001b[39m","message":"{\"method\":\"GET\",\"url\":\"/api/task/fetchEmployees-tasks?projectId=679c456aa6bfed6f8c93a937&employeeId=67869f7defffdbe0c161c74a\",\"status\":\"304\",\"responseTime\":\"69.763\"}","timestamp":"2025-02-01T18:31:01.226Z"}
{"level":"\u001b[32minfo\u001b[39m","message":"{\"method\":\"GET\",\"url\":\"/api/task/fetchEmployees-tasks?projectId=679c456aa6bfed6f8c93a937&employeeId=67869f7defffdbe0c161c74a\",\"status\":\"304\",\"responseTime\":\"71.296\"}","timestamp":"2025-02-01T18:31:01.306Z"}
{"level":"\u001b[32minfo\u001b[39m","message":"{\"method\":\"GET\",\"url\":\"/api/project/fetchEmployees-projects?organizationId=67869a6a1514145a64988362&employeeId=67869f7defffdbe0c161c74a\",\"status\":\"304\",\"responseTime\":\"67.806\"}","timestamp":"2025-02-01T18:31:03.361Z"}
{"level":"\u001b[32minfo\u001b[39m","message":"{\"method\":\"GET\",\"url\":\"/api/task/fetchEmployees-Alltasks?employeeId=67869f7defffdbe0c161c74a\",\"status\":\"200\",\"responseTime\":\"87.585\"}","timestamp":"2025-02-01T18:31:03.390Z"}
{"level":"\u001b[32minfo\u001b[39m","message":"{\"method\":\"GET\",\"url\":\"/api/project/fetchEmployees-projects?organizationId=67869a6a1514145a64988362&employeeId=67869f7defffdbe0c161c74a\",\"status\":\"304\",\"responseTime\":\"80.840\"}","timestamp":"2025-02-01T18:31:22.539Z"}
{"level":"\u001b[32minfo\u001b[39m","message":"{\"method\":\"GET\",\"url\":\"/api/task/fetchEmployees-tasks?employeeId=67869f7defffdbe0c161c74a\",\"status\":\"304\",\"responseTime\":\"81.575\"}","timestamp":"2025-02-01T18:31:25.055Z"}
{"level":"\u001b[32minfo\u001b[39m","message":"{\"method\":\"GET\",\"url\":\"/api/project/fetchEmployees-projects?organizationId=67869a6a1514145a64988362&employeeId=67869f7defffdbe0c161c74a\",\"status\":\"304\",\"responseTime\":\"95.243\"}","timestamp":"2025-02-01T18:31:25.064Z"}
{"level":"\u001b[32minfo\u001b[39m","message":"{\"method\":\"GET\",\"url\":\"/api/task/fetch-tasks?projectId=679c4532a6bfed6f8c93a934\",\"status\":\"304\",\"responseTime\":\"77.104\"}","timestamp":"2025-02-01T18:31:25.334Z"}
{"level":"\u001b[32minfo\u001b[39m","message":"{\"method\":\"GET\",\"url\":\"/api/task/fetch-tasks?projectId=679c4532a6bfed6f8c93a934\",\"status\":\"304\",\"responseTime\":\"81.646\"}","timestamp":"2025-02-01T18:31:25.422Z"}
{"level":"\u001b[32minfo\u001b[39m","message":"{\"method\":\"GET\",\"url\":\"/api/task/fetchEmployees-tasks?projectId=679c456aa6bfed6f8c93a937&employeeId=67869f7defffdbe0c161c74a\",\"status\":\"304\",\"responseTime\":\"70.319\"}","timestamp":"2025-02-01T18:31:32.785Z"}
{"level":"\u001b[32minfo\u001b[39m","message":"{\"method\":\"GET\",\"url\":\"/api/task/fetchEmployees-tasks?projectId=679c456aa6bfed6f8c93a937&employeeId=67869f7defffdbe0c161c74a\",\"status\":\"304\",\"responseTime\":\"87.890\"}","timestamp":"2025-02-01T18:31:32.879Z"}
{"level":"\u001b[32minfo\u001b[39m","message":"{\"method\":\"GET\",\"url\":\"/api/project/fetchEmployees-projects?organizationId=67869a6a1514145a64988362&employeeId=67869f7defffdbe0c161c74a\",\"status\":\"401\",\"responseTime\":\"2.937\"}","timestamp":"2025-02-01T18:31:53.412Z"}
{"level":"\u001b[32minfo\u001b[39m","message":"{\"method\":\"GET\",\"url\":\"/api/task/fetchEmployees-Alltasks?employeeId=67869f7defffdbe0c161c74a\",\"status\":\"401\",\"responseTime\":\"4.264\"}","timestamp":"2025-02-01T18:31:53.419Z"}
{"level":"\u001b[32minfo\u001b[39m","message":"{\"method\":\"GET\",\"url\":\"/api/project/fetchEmployees-projects?organizationId=67869a6a1514145a64988362&employeeId=67869f7defffdbe0c161c74a\",\"status\":\"304\",\"responseTime\":\"85.739\"}","timestamp":"2025-02-01T18:31:53.603Z"}
{"level":"\u001b[32minfo\u001b[39m","message":"{\"method\":\"GET\",\"url\":\"/api/task/fetchEmployees-Alltasks?employeeId=67869f7defffdbe0c161c74a\",\"status\":\"304\",\"responseTime\":\"98.399\"}","timestamp":"2025-02-01T18:31:53.622Z"}
{"level":"\u001b[32minfo\u001b[39m","message":"{\"method\":\"GET\",\"url\":\"/api/project/fetchEmployees-projects?organizationId=67869a6a1514145a64988362&employeeId=67869f7defffdbe0c161c74a\",\"status\":\"304\",\"responseTime\":\"81.927\"}","timestamp":"2025-02-01T18:32:01.420Z"}
{"level":"\u001b[32minfo\u001b[39m","message":"{\"method\":\"GET\",\"url\":\"/api/task/fetchEmployees-tasks?employeeId=67869f7defffdbe0c161c74a\",\"status\":\"304\",\"responseTime\":\"74.972\"}","timestamp":"2025-02-01T18:32:03.984Z"}
{"level":"\u001b[32minfo\u001b[39m","message":"{\"method\":\"GET\",\"url\":\"/api/project/fetchEmployees-projects?organizationId=67869a6a1514145a64988362&employeeId=67869f7defffdbe0c161c74a\",\"status\":\"304\",\"responseTime\":\"82.663\"}","timestamp":"2025-02-01T18:32:03.997Z"}
{"level":"\u001b[32minfo\u001b[39m","message":"{\"method\":\"GET\",\"url\":\"/api/task/fetch-tasks?projectId=679c4532a6bfed6f8c93a934\",\"status\":\"304\",\"responseTime\":\"67.156\"}","timestamp":"2025-02-01T18:32:04.244Z"}
{"level":"\u001b[32minfo\u001b[39m","message":"{\"method\":\"GET\",\"url\":\"/api/task/fetch-tasks?projectId=679c4532a6bfed6f8c93a934\",\"status\":\"304\",\"responseTime\":\"62.008\"}","timestamp":"2025-02-01T18:32:04.318Z"}
{"level":"\u001b[32minfo\u001b[39m","message":"{\"method\":\"GET\",\"url\":\"/api/task/fetchEmployees-tasks?projectId=679c456aa6bfed6f8c93a937&employeeId=67869f7defffdbe0c161c74a\",\"status\":\"304\",\"responseTime\":\"78.505\"}","timestamp":"2025-02-01T18:32:08.719Z"}
{"level":"\u001b[32minfo\u001b[39m","message":"{\"method\":\"GET\",\"url\":\"/api/task/fetchEmployees-tasks?projectId=679c456aa6bfed6f8c93a937&employeeId=67869f7defffdbe0c161c74a\",\"status\":\"304\",\"responseTime\":\"75.931\"}","timestamp":"2025-02-01T18:32:08.804Z"}
{"level":"\u001b[32minfo\u001b[39m","message":"{\"method\":\"GET\",\"url\":\"/api/project/fetchEmployees-projects?organizationId=67869a6a1514145a64988362&employeeId=67869f7defffdbe0c161c74a\",\"status\":\"401\",\"responseTime\":\"3.700\"}","timestamp":"2025-02-01T18:33:09.133Z"}
{"level":"\u001b[32minfo\u001b[39m","message":"{\"method\":\"GET\",\"url\":\"/api/task/fetchEmployees-Alltasks?employeeId=67869f7defffdbe0c161c74a\",\"status\":\"401\",\"responseTime\":\"3.943\"}","timestamp":"2025-02-01T18:33:09.140Z"}
{"level":"\u001b[32minfo\u001b[39m","message":"{\"method\":\"GET\",\"url\":\"/api/project/fetchEmployees-projects?organizationId=67869a6a1514145a64988362&employeeId=67869f7defffdbe0c161c74a\",\"status\":\"304\",\"responseTime\":\"113.232\"}","timestamp":"2025-02-01T18:33:09.345Z"}
{"level":"\u001b[32minfo\u001b[39m","message":"{\"method\":\"GET\",\"url\":\"/api/task/fetchEmployees-Alltasks?employeeId=67869f7defffdbe0c161c74a\",\"status\":\"304\",\"responseTime\":\"105.962\"}","timestamp":"2025-02-01T18:33:09.352Z"}
{"level":"\u001b[32minfo\u001b[39m","message":"{\"method\":\"GET\",\"url\":\"/api/project/fetchEmployees-projects?organizationId=67869a6a1514145a64988362&employeeId=67869f7defffdbe0c161c74a\",\"status\":\"401\",\"responseTime\":\"4.788\"}","timestamp":"2025-02-01T18:34:36.472Z"}
{"level":"\u001b[32minfo\u001b[39m","message":"{\"method\":\"GET\",\"url\":\"/api/project/fetchEmployees-projects?organizationId=67869a6a1514145a64988362&employeeId=67869f7defffdbe0c161c74a\",\"status\":\"304\",\"responseTime\":\"74.976\"}","timestamp":"2025-02-01T18:34:36.662Z"}
{"level":"\u001b[32minfo\u001b[39m","message":"{\"method\":\"GET\",\"url\":\"/api/project/fetchEmployees-projects?organizationId=67869a6a1514145a64988362&employeeId=67869f7defffdbe0c161c74a\",\"status\":\"304\",\"responseTime\":\"74.062\"}","timestamp":"2025-02-01T18:34:38.282Z"}
{"level":"\u001b[32minfo\u001b[39m","message":"{\"method\":\"GET\",\"url\":\"/api/task/fetchEmployees-tasks?employeeId=67869f7defffdbe0c161c74a\",\"status\":\"304\",\"responseTime\":\"74.080\"}","timestamp":"2025-02-01T18:34:38.287Z"}
{"level":"\u001b[32minfo\u001b[39m","message":"{\"method\":\"GET\",\"url\":\"/api/task/fetch-tasks?projectId=679c4532a6bfed6f8c93a934\",\"status\":\"304\",\"responseTime\":\"105.117\"}","timestamp":"2025-02-01T18:34:38.584Z"}
{"level":"\u001b[32minfo\u001b[39m","message":"{\"method\":\"GET\",\"url\":\"/api/task/fetch-tasks?projectId=679c4532a6bfed6f8c93a934\",\"status\":\"304\",\"responseTime\":\"68.062\"}","timestamp":"2025-02-01T18:34:38.659Z"}
{"level":"\u001b[32minfo\u001b[39m","message":"{\"method\":\"GET\",\"url\":\"/api/task/fetchEmployees-tasks?projectId=679c456aa6bfed6f8c93a937&employeeId=67869f7defffdbe0c161c74a\",\"status\":\"304\",\"responseTime\":\"71.676\"}","timestamp":"2025-02-01T18:34:45.423Z"}
{"level":"\u001b[32minfo\u001b[39m","message":"{\"method\":\"GET\",\"url\":\"/api/task/fetchEmployees-tasks?projectId=679c456aa6bfed6f8c93a937&employeeId=67869f7defffdbe0c161c74a\",\"status\":\"304\",\"responseTime\":\"71.474\"}","timestamp":"2025-02-01T18:34:45.501Z"}
{"level":"\u001b[32minfo\u001b[39m","message":"{\"method\":\"GET\",\"url\":\"/api/task/fetch-tasks?projectId=679c4532a6bfed6f8c93a934\",\"status\":\"304\",\"responseTime\":\"118.701\"}","timestamp":"2025-02-01T18:34:48.068Z"}
{"level":"\u001b[32minfo\u001b[39m","message":"{\"method\":\"GET\",\"url\":\"/api/task/fetch-tasks?projectId=679c4532a6bfed6f8c93a934\",\"status\":\"304\",\"responseTime\":\"146.739\"}","timestamp":"2025-02-01T18:34:48.222Z"}
{"level":"\u001b[32minfo\u001b[39m","message":"{\"method\":\"GET\",\"url\":\"/api/task/fetchEmployees-tasks?projectId=679c456aa6bfed6f8c93a937&employeeId=67869f7defffdbe0c161c74a\",\"status\":\"304\",\"responseTime\":\"63.691\"}","timestamp":"2025-02-01T18:35:01.133Z"}
{"level":"\u001b[32minfo\u001b[39m","message":"{\"method\":\"GET\",\"url\":\"/api/task/fetchEmployees-tasks?projectId=679c456aa6bfed6f8c93a937&employeeId=67869f7defffdbe0c161c74a\",\"status\":\"304\",\"responseTime\":\"65.665\"}","timestamp":"2025-02-01T18:35:01.205Z"}
{"level":"\u001b[32minfo\u001b[39m","message":"{\"method\":\"GET\",\"url\":\"/api/task/fetchEmployees-Alltasks?employeeId=67869f7defffdbe0c161c74a\",\"status\":\"304\",\"responseTime\":\"102.583\"}","timestamp":"2025-02-01T18:35:04.648Z"}
{"level":"\u001b[32minfo\u001b[39m","message":"{\"method\":\"GET\",\"url\":\"/api/project/fetchEmployees-projects?organizationId=67869a6a1514145a64988362&employeeId=67869f7defffdbe0c161c74a\",\"status\":\"304\",\"responseTime\":\"114.839\"}","timestamp":"2025-02-01T18:35:04.655Z"}
{"level":"\u001b[32minfo\u001b[39m","message":"{\"method\":\"GET\",\"url\":\"/api/project/fetchEmployees-projects?organizationId=67869a6a1514145a64988362&employeeId=67869f7defffdbe0c161c74a\",\"status\":\"401\",\"responseTime\":\"3.562\"}","timestamp":"2025-02-01T18:36:21.557Z"}
{"level":"\u001b[32minfo\u001b[39m","message":"{\"method\":\"GET\",\"url\":\"/api/task/fetchEmployees-Alltasks?employeeId=67869f7defffdbe0c161c74a\",\"status\":\"401\",\"responseTime\":\"3.865\"}","timestamp":"2025-02-01T18:36:21.564Z"}
{"level":"\u001b[32minfo\u001b[39m","message":"{\"method\":\"GET\",\"url\":\"/api/project/fetchEmployees-projects?organizationId=67869a6a1514145a64988362&employeeId=67869f7defffdbe0c161c74a\",\"status\":\"304\",\"responseTime\":\"98.926\"}","timestamp":"2025-02-01T18:36:21.813Z"}
{"level":"\u001b[32minfo\u001b[39m","message":"{\"method\":\"GET\",\"url\":\"/api/task/fetchEmployees-Alltasks?employeeId=67869f7defffdbe0c161c74a\",\"status\":\"304\",\"responseTime\":\"103.661\"}","timestamp":"2025-02-01T18:36:21.825Z"}
{"level":"\u001b[32minfo\u001b[39m","message":"{\"method\":\"GET\",\"url\":\"/api/project/fetchEmployees-projects?organizationId=67869a6a1514145a64988362&employeeId=67869f7defffdbe0c161c74a\",\"status\":\"304\",\"responseTime\":\"95.664\"}","timestamp":"2025-02-01T18:36:51.649Z"}
{"level":"\u001b[32minfo\u001b[39m","message":"{\"method\":\"GET\",\"url\":\"/api/task/fetchEmployees-Alltasks?employeeId=67869f7defffdbe0c161c74a\",\"status\":\"304\",\"responseTime\":\"96.690\"}","timestamp":"2025-02-01T18:36:51.655Z"}
{"level":"\u001b[32minfo\u001b[39m","message":"{\"method\":\"GET\",\"url\":\"/api/task/fetchEmployees-Alltasks?employeeId=67869f7defffdbe0c161c74a\",\"status\":\"304\",\"responseTime\":\"92.305\"}","timestamp":"2025-02-01T18:37:00.232Z"}
{"level":"\u001b[32minfo\u001b[39m","message":"{\"method\":\"GET\",\"url\":\"/api/project/fetchEmployees-projects?organizationId=67869a6a1514145a64988362&employeeId=67869f7defffdbe0c161c74a\",\"status\":\"304\",\"responseTime\":\"91.075\"}","timestamp":"2025-02-01T18:37:00.238Z"}
