{"level":"\u001b[32minfo\u001b[39m","message":"{\"method\":\"GET\",\"url\":\"/api/project/fetch-projects?organizationId=67869a6a1514145a64988362\",\"status\":\"401\",\"responseTime\":\"4.449\"}","timestamp":"2025-01-28T03:41:17.586Z"}
{"level":"\u001b[32minfo\u001b[39m","message":"{\"method\":\"GET\",\"url\":\"/api/project/fetch-projects?organizationId=67869a6a1514145a64988362\",\"status\":\"200\",\"responseTime\":\"169.590\"}","timestamp":"2025-01-28T03:43:14.139Z"}
{"level":"\u001b[32minfo\u001b[39m","message":"{\"method\":\"GET\",\"url\":\"/api/project/fetch-projects?organizationId=67869a6a1514145a64988362\",\"status\":\"401\",\"responseTime\":\"32.565\"}","timestamp":"2025-01-28T03:50:52.505Z"}
{"level":"\u001b[32minfo\u001b[39m","message":"{\"method\":\"GET\",\"url\":\"/api/project/fetch-projects?organizationId=67869a6a1514145a64988362\",\"status\":\"304\",\"responseTime\":\"328.582\"}","timestamp":"2025-01-28T03:50:53.704Z"}
{"level":"\u001b[32minfo\u001b[39m","message":"{\"method\":\"GET\",\"url\":\"/api/project/fetch-projects?organizationId=67869a6a1514145a64988362\",\"status\":\"304\",\"responseTime\":\"76.012\"}","timestamp":"2025-01-28T03:57:36.929Z"}
{"level":"\u001b[32minfo\u001b[39m","message":"{\"method\":\"PATCH\",\"url\":\"/api/project/update-project\",\"status\":\"200\",\"responseTime\":\"51.474\"}","timestamp":"2025-01-28T04:00:29.879Z"}
{"level":"\u001b[32minfo\u001b[39m","message":"{\"method\":\"GET\",\"url\":\"/api/project/fetch-projects?organizationId=67869a6a1514145a64988362\",\"status\":\"304\",\"responseTime\":\"87.436\"}","timestamp":"2025-01-28T04:00:29.981Z"}
{"level":"\u001b[32minfo\u001b[39m","message":"{\"method\":\"PATCH\",\"url\":\"/api/project/update-project\",\"status\":\"401\",\"responseTime\":\"23.506\"}","timestamp":"2025-01-28T04:11:01.198Z"}
{"level":"\u001b[32minfo\u001b[39m","message":"{\"method\":\"PATCH\",\"url\":\"/api/project/update-project\",\"status\":\"200\",\"responseTime\":\"221.736\"}","timestamp":"2025-01-28T04:11:01.591Z"}
{"level":"\u001b[32minfo\u001b[39m","message":"{\"method\":\"GET\",\"url\":\"/api/project/fetch-projects?organizationId=67869a6a1514145a64988362\",\"status\":\"200\",\"responseTime\":\"297.231\"}","timestamp":"2025-01-28T04:11:01.906Z"}
{"level":"\u001b[32minfo\u001b[39m","message":"{\"method\":\"PATCH\",\"url\":\"/api/project/update-project\",\"status\":\"200\",\"responseTime\":\"57.938\"}","timestamp":"2025-01-28T04:11:37.024Z"}
{"level":"\u001b[32minfo\u001b[39m","message":"{\"method\":\"GET\",\"url\":\"/api/project/fetch-projects?organizationId=67869a6a1514145a64988362\",\"status\":\"200\",\"responseTime\":\"74.946\"}","timestamp":"2025-01-28T04:11:37.117Z"}
{"level":"\u001b[32minfo\u001b[39m","message":"{\"method\":\"PATCH\",\"url\":\"/api/project/update-project\",\"status\":\"401\",\"responseTime\":\"59.765\"}","timestamp":"2025-01-28T04:20:19.255Z"}
{"level":"\u001b[32minfo\u001b[39m","message":"{\"method\":\"PATCH\",\"url\":\"/api/project/update-project\",\"status\":\"200\",\"responseTime\":\"226.071\"}","timestamp":"2025-01-28T04:20:20.045Z"}
{"level":"\u001b[32minfo\u001b[39m","message":"{\"method\":\"GET\",\"url\":\"/api/project/fetch-projects?organizationId=67869a6a1514145a64988362\",\"status\":\"200\",\"responseTime\":\"199.979\"}","timestamp":"2025-01-28T04:20:20.291Z"}
{"level":"\u001b[32minfo\u001b[39m","message":"{\"method\":\"PATCH\",\"url\":\"/api/project/update-project\",\"status\":\"200\",\"responseTime\":\"64.951\"}","timestamp":"2025-01-28T04:20:54.133Z"}
{"level":"\u001b[32minfo\u001b[39m","message":"{\"method\":\"GET\",\"url\":\"/api/project/fetch-projects?organizationId=67869a6a1514145a64988362\",\"status\":\"200\",\"responseTime\":\"53.882\"}","timestamp":"2025-01-28T04:20:54.203Z"}
{"level":"\u001b[32minfo\u001b[39m","message":"{\"method\":\"PATCH\",\"url\":\"/api/project/update-project\",\"status\":\"401\",\"responseTime\":\"4.841\"}","timestamp":"2025-01-28T04:21:32.515Z"}
{"level":"\u001b[32minfo\u001b[39m","message":"{\"method\":\"PATCH\",\"url\":\"/api/project/update-project\",\"status\":\"200\",\"responseTime\":\"168.804\"}","timestamp":"2025-01-28T04:21:33.019Z"}
{"level":"\u001b[32minfo\u001b[39m","message":"{\"method\":\"GET\",\"url\":\"/api/project/fetch-projects?organizationId=67869a6a1514145a64988362\",\"status\":\"200\",\"responseTime\":\"272.725\"}","timestamp":"2025-01-28T04:21:33.305Z"}
{"level":"\u001b[32minfo\u001b[39m","message":"{\"method\":\"PATCH\",\"url\":\"/api/project/update-project\",\"status\":\"200\",\"responseTime\":\"3160.131\"}","timestamp":"2025-01-28T04:21:55.110Z"}
{"level":"\u001b[32minfo\u001b[39m","message":"{\"method\":\"GET\",\"url\":\"/api/project/fetch-projects?organizationId=67869a6a1514145a64988362\",\"status\":\"200\",\"responseTime\":\"206.240\"}","timestamp":"2025-01-28T04:21:55.336Z"}
{"level":"\u001b[32minfo\u001b[39m","message":"{\"method\":\"PATCH\",\"url\":\"/api/project/update-project\",\"status\":\"200\",\"responseTime\":\"1531.025\"}","timestamp":"2025-01-28T04:21:56.088Z"}
{"level":"\u001b[32minfo\u001b[39m","message":"{\"method\":\"GET\",\"url\":\"/api/project/fetch-projects?organizationId=67869a6a1514145a64988362\",\"status\":\"304\",\"responseTime\":\"142.262\"}","timestamp":"2025-01-28T04:21:56.247Z"}
{"level":"\u001b[32minfo\u001b[39m","message":"{\"method\":\"PATCH\",\"url\":\"/api/project/update-project\",\"status\":\"200\",\"responseTime\":\"68.960\"}","timestamp":"2025-01-28T04:22:02.199Z"}
{"level":"\u001b[32minfo\u001b[39m","message":"{\"method\":\"GET\",\"url\":\"/api/project/fetch-projects?organizationId=67869a6a1514145a64988362\",\"status\":\"200\",\"responseTime\":\"99.422\"}","timestamp":"2025-01-28T04:22:02.317Z"}
{"level":"\u001b[32minfo\u001b[39m","message":"{\"method\":\"PATCH\",\"url\":\"/api/project/update-project\",\"status\":\"200\",\"responseTime\":\"508.095\"}","timestamp":"2025-01-28T04:22:13.734Z"}
{"level":"\u001b[32minfo\u001b[39m","message":"{\"method\":\"GET\",\"url\":\"/api/project/fetch-projects?organizationId=67869a6a1514145a64988362\",\"status\":\"200\",\"responseTime\":\"224.821\"}","timestamp":"2025-01-28T04:22:13.972Z"}
{"level":"\u001b[32minfo\u001b[39m","message":"{\"method\":\"PATCH\",\"url\":\"/api/project/update-project\",\"status\":\"401\",\"responseTime\":\"14.027\"}","timestamp":"2025-01-28T04:22:32.387Z"}
{"level":"\u001b[32minfo\u001b[39m","message":"{\"method\":\"PATCH\",\"url\":\"/api/project/update-project\",\"status\":\"200\",\"responseTime\":\"98.687\"}","timestamp":"2025-01-28T04:22:32.711Z"}
{"level":"\u001b[32minfo\u001b[39m","message":"{\"method\":\"GET\",\"url\":\"/api/project/fetch-projects?organizationId=67869a6a1514145a64988362\",\"status\":\"200\",\"responseTime\":\"96.264\"}","timestamp":"2025-01-28T04:22:32.822Z"}
{"level":"\u001b[32minfo\u001b[39m","message":"{\"method\":\"GET\",\"url\":\"/api/project/fetch-projects?organizationId=67869a6a1514145a64988362\",\"status\":\"200\",\"responseTime\":\"154.891\"}","timestamp":"2025-01-28T04:23:14.480Z"}
{"level":"\u001b[32minfo\u001b[39m","message":"{\"method\":\"POST\",\"url\":\"/api/project/create-project\",\"status\":\"401\",\"responseTime\":\"40.141\"}","timestamp":"2025-01-28T04:24:06.608Z"}
{"level":"\u001b[32minfo\u001b[39m","message":"{\"method\":\"POST\",\"url\":\"/api/project/create-project\",\"status\":\"200\",\"responseTime\":\"264.010\"}","timestamp":"2025-01-28T04:24:07.117Z"}
{"level":"\u001b[32minfo\u001b[39m","message":"{\"method\":\"GET\",\"url\":\"/api/project/fetch-projects?organizationId=67869a6a1514145a64988362\",\"status\":\"200\",\"responseTime\":\"226.259\"}","timestamp":"2025-01-28T04:24:07.365Z"}
{"level":"\u001b[32minfo\u001b[39m","message":"{\"method\":\"PATCH\",\"url\":\"/api/project/update-project\",\"status\":\"200\",\"responseTime\":\"120.709\"}","timestamp":"2025-01-28T04:24:30.573Z"}
{"level":"\u001b[32minfo\u001b[39m","message":"{\"method\":\"GET\",\"url\":\"/api/project/fetch-projects?organizationId=67869a6a1514145a64988362\",\"status\":\"200\",\"responseTime\":\"100.495\"}","timestamp":"2025-01-28T04:24:30.692Z"}
{"level":"\u001b[32minfo\u001b[39m","message":"{\"method\":\"PATCH\",\"url\":\"/api/project/update-project\",\"status\":\"401\",\"responseTime\":\"6.803\"}","timestamp":"2025-01-28T04:25:23.631Z"}
{"level":"\u001b[32minfo\u001b[39m","message":"{\"method\":\"PATCH\",\"url\":\"/api/project/update-project\",\"status\":\"200\",\"responseTime\":\"169.583\"}","timestamp":"2025-01-28T04:25:23.929Z"}
{"level":"\u001b[32minfo\u001b[39m","message":"{\"method\":\"GET\",\"url\":\"/api/project/fetch-projects?organizationId=67869a6a1514145a64988362\",\"status\":\"200\",\"responseTime\":\"71.855\"}","timestamp":"2025-01-28T04:25:24.015Z"}
{"level":"\u001b[32minfo\u001b[39m","message":"{\"method\":\"POST\",\"url\":\"/api/project/create-project\",\"status\":\"200\",\"responseTime\":\"67.084\"}","timestamp":"2025-01-28T04:25:55.292Z"}
{"level":"\u001b[32minfo\u001b[39m","message":"{\"method\":\"GET\",\"url\":\"/api/project/fetch-projects?organizationId=67869a6a1514145a64988362\",\"status\":\"200\",\"responseTime\":\"65.433\"}","timestamp":"2025-01-28T04:25:55.380Z"}
{"level":"\u001b[32minfo\u001b[39m","message":"{\"method\":\"GET\",\"url\":\"/api/project/fetch-projects?organizationId=67869a6a1514145a64988362\",\"status\":\"200\",\"responseTime\":\"56.903\"}","timestamp":"2025-01-28T04:26:09.799Z"}
{"level":"\u001b[32minfo\u001b[39m","message":"{\"method\":\"GET\",\"url\":\"/api/project/fetch-projects?organizationId=67869a6a1514145a64988362\",\"status\":\"304\",\"responseTime\":\"177.028\"}","timestamp":"2025-01-28T04:26:10.924Z"}
{"level":"\u001b[32minfo\u001b[39m","message":"{\"method\":\"PATCH\",\"url\":\"/api/project/update-project\",\"status\":\"401\",\"responseTime\":\"7.340\"}","timestamp":"2025-01-28T04:26:35.114Z"}
{"level":"\u001b[32minfo\u001b[39m","message":"{\"method\":\"PATCH\",\"url\":\"/api/project/update-project\",\"status\":\"200\",\"responseTime\":\"104.722\"}","timestamp":"2025-01-28T04:26:35.376Z"}
{"level":"\u001b[32minfo\u001b[39m","message":"{\"method\":\"GET\",\"url\":\"/api/project/fetch-projects?organizationId=67869a6a1514145a64988362\",\"status\":\"200\",\"responseTime\":\"103.326\"}","timestamp":"2025-01-28T04:26:35.505Z"}
{"level":"\u001b[32minfo\u001b[39m","message":"{\"method\":\"PATCH\",\"url\":\"/api/project/update-project\",\"status\":\"200\",\"responseTime\":\"101.784\"}","timestamp":"2025-01-28T04:31:43.301Z"}
{"level":"\u001b[32minfo\u001b[39m","message":"{\"method\":\"GET\",\"url\":\"/api/project/fetch-projects?organizationId=67869a6a1514145a64988362\",\"status\":\"200\",\"responseTime\":\"128.509\"}","timestamp":"2025-01-28T04:31:43.443Z"}
{"level":"\u001b[32minfo\u001b[39m","message":"{\"method\":\"PATCH\",\"url\":\"/api/project/update-project\",\"status\":\"200\",\"responseTime\":\"60.828\"}","timestamp":"2025-01-28T04:32:05.876Z"}
{"level":"\u001b[32minfo\u001b[39m","message":"{\"method\":\"GET\",\"url\":\"/api/project/fetch-projects?organizationId=67869a6a1514145a64988362\",\"status\":\"200\",\"responseTime\":\"55.625\"}","timestamp":"2025-01-28T04:32:05.952Z"}
{"level":"\u001b[32minfo\u001b[39m","message":"{\"method\":\"PATCH\",\"url\":\"/api/project/update-project\",\"status\":\"200\",\"responseTime\":\"205.218\"}","timestamp":"2025-01-28T04:32:34.835Z"}
{"level":"\u001b[32minfo\u001b[39m","message":"{\"method\":\"GET\",\"url\":\"/api/project/fetch-projects?organizationId=67869a6a1514145a64988362\",\"status\":\"200\",\"responseTime\":\"116.031\"}","timestamp":"2025-01-28T04:32:34.965Z"}
{"level":"\u001b[32minfo\u001b[39m","message":"{\"method\":\"GET\",\"url\":\"/api/project/fetch-projects?organizationId=67869a6a1514145a64988362\",\"status\":\"304\",\"responseTime\":\"99.653\"}","timestamp":"2025-01-28T04:34:19.530Z"}
{"level":"\u001b[32minfo\u001b[39m","message":"{\"method\":\"PATCH\",\"url\":\"/api/project/update-project\",\"status\":\"200\",\"responseTime\":\"98.095\"}","timestamp":"2025-01-28T04:34:29.754Z"}
{"level":"\u001b[32minfo\u001b[39m","message":"{\"method\":\"GET\",\"url\":\"/api/project/fetch-projects?organizationId=67869a6a1514145a64988362\",\"status\":\"200\",\"responseTime\":\"100.120\"}","timestamp":"2025-01-28T04:34:29.864Z"}
{"level":"\u001b[32minfo\u001b[39m","message":"{\"method\":\"PATCH\",\"url\":\"/api/project/update-project\",\"status\":\"401\",\"responseTime\":\"6.744\"}","timestamp":"2025-01-28T04:34:46.579Z"}
{"level":"\u001b[32minfo\u001b[39m","message":"{\"method\":\"PATCH\",\"url\":\"/api/project/update-project\",\"status\":\"200\",\"responseTime\":\"112.834\"}","timestamp":"2025-01-28T04:34:46.768Z"}
{"level":"\u001b[32minfo\u001b[39m","message":"{\"method\":\"GET\",\"url\":\"/api/project/fetch-projects?organizationId=67869a6a1514145a64988362\",\"status\":\"200\",\"responseTime\":\"58.149\"}","timestamp":"2025-01-28T04:34:46.840Z"}
{"level":"\u001b[32minfo\u001b[39m","message":"{\"method\":\"GET\",\"url\":\"/api/project/fetch-projects?organizationId=67869a6a1514145a64988362\",\"status\":\"304\",\"responseTime\":\"311.604\"}","timestamp":"2025-01-28T04:35:00.714Z"}
{"level":"\u001b[32minfo\u001b[39m","message":"{\"method\":\"GET\",\"url\":\"/api/project/fetch-projects?organizationId=67869a6a1514145a64988362\",\"status\":\"304\",\"responseTime\":\"311.917\"}","timestamp":"2025-01-28T04:35:28.736Z"}
{"level":"\u001b[32minfo\u001b[39m","message":"{\"method\":\"PATCH\",\"url\":\"/api/project/update-project\",\"status\":\"200\",\"responseTime\":\"109.466\"}","timestamp":"2025-01-28T04:35:43.882Z"}
{"level":"\u001b[32minfo\u001b[39m","message":"{\"method\":\"GET\",\"url\":\"/api/project/fetch-projects?organizationId=67869a6a1514145a64988362\",\"status\":\"200\",\"responseTime\":\"205.474\"}","timestamp":"2025-01-28T04:35:44.107Z"}
{"level":"\u001b[32minfo\u001b[39m","message":"{\"method\":\"GET\",\"url\":\"/api/project/fetch-projects?organizationId=67869a6a1514145a64988362\",\"status\":\"401\",\"responseTime\":\"3.478\"}","timestamp":"2025-01-28T04:35:56.408Z"}
{"level":"\u001b[32minfo\u001b[39m","message":"{\"method\":\"GET\",\"url\":\"/api/project/fetch-projects?organizationId=67869a6a1514145a64988362\",\"status\":\"304\",\"responseTime\":\"221.800\"}","timestamp":"2025-01-28T04:35:56.760Z"}
{"level":"\u001b[32minfo\u001b[39m","message":"{\"method\":\"GET\",\"url\":\"/api/project/fetch-projects?organizationId=67869a6a1514145a64988362\",\"status\":\"304\",\"responseTime\":\"325.556\"}","timestamp":"2025-01-28T04:35:58.749Z"}
{"level":"\u001b[32minfo\u001b[39m","message":"{\"method\":\"PATCH\",\"url\":\"/api/project/update-project\",\"status\":\"200\",\"responseTime\":\"167.624\"}","timestamp":"2025-01-28T04:41:58.979Z"}
{"level":"\u001b[32minfo\u001b[39m","message":"{\"method\":\"GET\",\"url\":\"/api/project/fetch-projects?organizationId=67869a6a1514145a64988362\",\"status\":\"200\",\"responseTime\":\"158.888\"}","timestamp":"2025-01-28T04:41:59.155Z"}
{"level":"\u001b[32minfo\u001b[39m","message":"{\"method\":\"PATCH\",\"url\":\"/api/project/update-project\",\"status\":\"401\",\"responseTime\":\"5.658\"}","timestamp":"2025-01-28T04:42:39.343Z"}
{"level":"\u001b[32minfo\u001b[39m","message":"{\"method\":\"PATCH\",\"url\":\"/api/project/update-project\",\"status\":\"200\",\"responseTime\":\"229.375\"}","timestamp":"2025-01-28T04:42:39.980Z"}
{"level":"\u001b[32minfo\u001b[39m","message":"{\"method\":\"GET\",\"url\":\"/api/project/fetch-projects?organizationId=67869a6a1514145a64988362\",\"status\":\"200\",\"responseTime\":\"169.029\"}","timestamp":"2025-01-28T04:42:40.163Z"}
{"level":"\u001b[32minfo\u001b[39m","message":"{\"method\":\"PATCH\",\"url\":\"/api/project/update-project\",\"status\":\"200\",\"responseTime\":\"115.910\"}","timestamp":"2025-01-28T04:44:18.272Z"}
{"level":"\u001b[32minfo\u001b[39m","message":"{\"method\":\"GET\",\"url\":\"/api/project/fetch-projects?organizationId=67869a6a1514145a64988362\",\"status\":\"200\",\"responseTime\":\"220.345\"}","timestamp":"2025-01-28T04:44:18.506Z"}
{"level":"\u001b[32minfo\u001b[39m","message":"{\"method\":\"PATCH\",\"url\":\"/api/project/update-project\",\"status\":\"200\",\"responseTime\":\"64.320\"}","timestamp":"2025-01-28T04:49:50.171Z"}
{"level":"\u001b[32minfo\u001b[39m","message":"{\"method\":\"GET\",\"url\":\"/api/project/fetch-projects?organizationId=67869a6a1514145a64988362\",\"status\":\"200\",\"responseTime\":\"78.034\"}","timestamp":"2025-01-28T04:49:50.267Z"}
{"level":"\u001b[32minfo\u001b[39m","message":"{\"method\":\"PATCH\",\"url\":\"/api/project/update-project\",\"status\":\"401\",\"responseTime\":\"5.564\"}","timestamp":"2025-01-28T04:51:37.182Z"}
{"level":"\u001b[32minfo\u001b[39m","message":"{\"method\":\"PATCH\",\"url\":\"/api/project/update-project\",\"status\":\"200\",\"responseTime\":\"171.479\"}","timestamp":"2025-01-28T04:51:38.699Z"}
{"level":"\u001b[32minfo\u001b[39m","message":"{\"method\":\"GET\",\"url\":\"/api/project/fetch-projects?organizationId=67869a6a1514145a64988362\",\"status\":\"200\",\"responseTime\":\"90.445\"}","timestamp":"2025-01-28T04:51:38.803Z"}
{"level":"\u001b[32minfo\u001b[39m","message":"{\"method\":\"PATCH\",\"url\":\"/api/project/update-project\",\"status\":\"200\",\"responseTime\":\"109.923\"}","timestamp":"2025-01-28T04:53:29.381Z"}
{"level":"\u001b[32minfo\u001b[39m","message":"{\"method\":\"GET\",\"url\":\"/api/project/fetch-projects?organizationId=67869a6a1514145a64988362\",\"status\":\"200\",\"responseTime\":\"79.862\"}","timestamp":"2025-01-28T04:53:29.480Z"}
{"level":"\u001b[32minfo\u001b[39m","message":"{\"method\":\"PATCH\",\"url\":\"/api/project/update-project\",\"status\":\"401\",\"responseTime\":\"3.671\"}","timestamp":"2025-01-28T04:54:07.054Z"}
{"level":"\u001b[32minfo\u001b[39m","message":"{\"method\":\"PATCH\",\"url\":\"/api/project/update-project\",\"status\":\"200\",\"responseTime\":\"129.612\"}","timestamp":"2025-01-28T04:54:07.341Z"}
{"level":"\u001b[32minfo\u001b[39m","message":"{\"method\":\"GET\",\"url\":\"/api/project/fetch-projects?organizationId=67869a6a1514145a64988362\",\"status\":\"200\",\"responseTime\":\"109.411\"}","timestamp":"2025-01-28T04:54:07.474Z"}
{"level":"\u001b[32minfo\u001b[39m","message":"{\"method\":\"PATCH\",\"url\":\"/api/project/update-project\",\"status\":\"200\",\"responseTime\":\"60.750\"}","timestamp":"2025-01-28T04:55:20.210Z"}
{"level":"\u001b[32minfo\u001b[39m","message":"{\"method\":\"GET\",\"url\":\"/api/project/fetch-projects?organizationId=67869a6a1514145a64988362\",\"status\":\"200\",\"responseTime\":\"85.675\"}","timestamp":"2025-01-28T04:55:20.312Z"}
{"level":"\u001b[32minfo\u001b[39m","message":"{\"method\":\"PATCH\",\"url\":\"/api/project/update-project\",\"status\":\"200\",\"responseTime\":\"74.568\"}","timestamp":"2025-01-28T04:56:05.233Z"}
{"level":"\u001b[32minfo\u001b[39m","message":"{\"method\":\"GET\",\"url\":\"/api/project/fetch-projects?organizationId=67869a6a1514145a64988362\",\"status\":\"200\",\"responseTime\":\"75.742\"}","timestamp":"2025-01-28T04:56:05.326Z"}
{"level":"\u001b[32minfo\u001b[39m","message":"{\"method\":\"PATCH\",\"url\":\"/api/project/update-project\",\"status\":\"401\",\"responseTime\":\"4.076\"}","timestamp":"2025-01-28T04:57:25.241Z"}
{"level":"\u001b[32minfo\u001b[39m","message":"{\"method\":\"PATCH\",\"url\":\"/api/project/update-project\",\"status\":\"200\",\"responseTime\":\"80.236\"}","timestamp":"2025-01-28T04:57:25.525Z"}
{"level":"\u001b[32minfo\u001b[39m","message":"{\"method\":\"GET\",\"url\":\"/api/project/fetch-projects?organizationId=67869a6a1514145a64988362\",\"status\":\"200\",\"responseTime\":\"203.797\"}","timestamp":"2025-01-28T04:57:25.746Z"}
{"level":"\u001b[32minfo\u001b[39m","message":"{\"method\":\"GET\",\"url\":\"/api/project/fetch-projects?organizationId=67869a6a1514145a64988362\",\"status\":\"200\",\"responseTime\":\"103.565\"}","timestamp":"2025-01-28T05:01:00.272Z"}
{"level":"\u001b[32minfo\u001b[39m","message":"{\"method\":\"PATCH\",\"url\":\"/api/project/update-project\",\"status\":\"200\",\"responseTime\":\"92.140\"}","timestamp":"2025-01-28T05:01:08.964Z"}
{"level":"\u001b[32minfo\u001b[39m","message":"{\"method\":\"GET\",\"url\":\"/api/project/fetch-projects?organizationId=67869a6a1514145a64988362\",\"status\":\"200\",\"responseTime\":\"72.444\"}","timestamp":"2025-01-28T05:01:09.050Z"}
{"level":"\u001b[32minfo\u001b[39m","message":"{\"method\":\"PATCH\",\"url\":\"/api/project/update-project\",\"status\":\"200\",\"responseTime\":\"63.729\"}","timestamp":"2025-01-28T05:01:39.367Z"}
{"level":"\u001b[32minfo\u001b[39m","message":"{\"method\":\"GET\",\"url\":\"/api/project/fetch-projects?organizationId=67869a6a1514145a64988362\",\"status\":\"200\",\"responseTime\":\"76.467\"}","timestamp":"2025-01-28T05:01:39.467Z"}
{"level":"\u001b[32minfo\u001b[39m","message":"{\"method\":\"PATCH\",\"url\":\"/api/project/update-project\",\"status\":\"200\",\"responseTime\":\"60.227\"}","timestamp":"2025-01-28T05:03:04.161Z"}
{"level":"\u001b[32minfo\u001b[39m","message":"{\"method\":\"GET\",\"url\":\"/api/project/fetch-projects?organizationId=67869a6a1514145a64988362\",\"status\":\"200\",\"responseTime\":\"52.869\"}","timestamp":"2025-01-28T05:03:04.236Z"}
{"level":"\u001b[32minfo\u001b[39m","message":"{\"method\":\"PATCH\",\"url\":\"/api/project/update-project\",\"status\":\"200\",\"responseTime\":\"64.298\"}","timestamp":"2025-01-28T05:07:10.389Z"}
{"level":"\u001b[32minfo\u001b[39m","message":"{\"method\":\"GET\",\"url\":\"/api/project/fetch-projects?organizationId=67869a6a1514145a64988362\",\"status\":\"200\",\"responseTime\":\"96.997\"}","timestamp":"2025-01-28T05:07:10.506Z"}
{"level":"\u001b[32minfo\u001b[39m","message":"{\"method\":\"PATCH\",\"url\":\"/api/project/update-project\",\"status\":\"401\",\"responseTime\":\"5.200\"}","timestamp":"2025-01-28T05:07:32.382Z"}
{"level":"\u001b[32minfo\u001b[39m","message":"{\"method\":\"PATCH\",\"url\":\"/api/project/update-project\",\"status\":\"200\",\"responseTime\":\"355.214\"}","timestamp":"2025-01-28T05:07:32.905Z"}
{"level":"\u001b[32minfo\u001b[39m","message":"{\"method\":\"GET\",\"url\":\"/api/project/fetch-projects?organizationId=67869a6a1514145a64988362\",\"status\":\"200\",\"responseTime\":\"573.049\"}","timestamp":"2025-01-28T05:07:33.504Z"}
{"level":"\u001b[32minfo\u001b[39m","message":"{\"method\":\"PATCH\",\"url\":\"/api/project/update-project\",\"status\":\"401\",\"responseTime\":\"3.142\"}","timestamp":"2025-01-28T05:08:37.053Z"}
{"level":"\u001b[32minfo\u001b[39m","message":"{\"method\":\"PATCH\",\"url\":\"/api/project/update-project\",\"status\":\"200\",\"responseTime\":\"276.137\"}","timestamp":"2025-01-28T05:08:37.744Z"}
{"level":"\u001b[32minfo\u001b[39m","message":"{\"method\":\"GET\",\"url\":\"/api/project/fetch-projects?organizationId=67869a6a1514145a64988362\",\"status\":\"200\",\"responseTime\":\"303.529\"}","timestamp":"2025-01-28T05:08:38.066Z"}
{"level":"\u001b[32minfo\u001b[39m","message":"{\"method\":\"PATCH\",\"url\":\"/api/project/update-project\",\"status\":\"200\",\"responseTime\":\"286.907\"}","timestamp":"2025-01-28T05:09:11.740Z"}
{"level":"\u001b[32minfo\u001b[39m","message":"{\"method\":\"GET\",\"url\":\"/api/project/fetch-projects?organizationId=67869a6a1514145a64988362\",\"status\":\"200\",\"responseTime\":\"119.884\"}","timestamp":"2025-01-28T05:09:11.871Z"}
{"level":"\u001b[32minfo\u001b[39m","message":"{\"method\":\"PATCH\",\"url\":\"/api/project/update-project\",\"status\":\"401\",\"responseTime\":\"4.481\"}","timestamp":"2025-01-28T05:09:54.137Z"}
{"level":"\u001b[32minfo\u001b[39m","message":"{\"method\":\"PATCH\",\"url\":\"/api/project/update-project\",\"status\":\"200\",\"responseTime\":\"145.071\"}","timestamp":"2025-01-28T05:09:54.379Z"}
{"level":"\u001b[32minfo\u001b[39m","message":"{\"method\":\"GET\",\"url\":\"/api/project/fetch-projects?organizationId=67869a6a1514145a64988362\",\"status\":\"200\",\"responseTime\":\"144.555\"}","timestamp":"2025-01-28T05:09:54.534Z"}
{"level":"\u001b[32minfo\u001b[39m","message":"{\"method\":\"GET\",\"url\":\"/api/project/fetch-projects?organizationId=67869a6a1514145a64988362\",\"status\":\"304\",\"responseTime\":\"64.752\"}","timestamp":"2025-01-28T05:10:07.252Z"}
{"level":"\u001b[32minfo\u001b[39m","message":"{\"method\":\"GET\",\"url\":\"/api/project/fetch-projects?organizationId=67869a6a1514145a64988362\",\"status\":\"304\",\"responseTime\":\"44.273\"}","timestamp":"2025-01-28T05:10:09.861Z"}
{"level":"\u001b[32minfo\u001b[39m","message":"{\"method\":\"GET\",\"url\":\"/api/project/fetch-projects?organizationId=67869a6a1514145a64988362\",\"status\":\"304\",\"responseTime\":\"102.586\"}","timestamp":"2025-01-28T05:10:14.883Z"}
{"level":"\u001b[32minfo\u001b[39m","message":"{\"method\":\"GET\",\"url\":\"/api/project/fetch-projects?organizationId=67869a6a1514145a64988362\",\"status\":\"304\",\"responseTime\":\"50.337\"}","timestamp":"2025-01-28T05:10:17.253Z"}
{"level":"\u001b[32minfo\u001b[39m","message":"{\"method\":\"PATCH\",\"url\":\"/api/project/update-project\",\"status\":\"200\",\"responseTime\":\"201.872\"}","timestamp":"2025-01-28T05:10:23.080Z"}
{"level":"\u001b[32minfo\u001b[39m","message":"{\"method\":\"GET\",\"url\":\"/api/project/fetch-projects?organizationId=67869a6a1514145a64988362\",\"status\":\"200\",\"responseTime\":\"245.243\"}","timestamp":"2025-01-28T05:10:23.338Z"}
{"level":"\u001b[32minfo\u001b[39m","message":"{\"method\":\"GET\",\"url\":\"/api/project/fetch-projects?organizationId=67869a6a1514145a64988362\",\"status\":\"304\",\"responseTime\":\"104.850\"}","timestamp":"2025-01-28T05:10:25.270Z"}
{"level":"\u001b[32minfo\u001b[39m","message":"{\"method\":\"GET\",\"url\":\"/api/project/fetch-projects?organizationId=67869a6a1514145a64988362\",\"status\":\"304\",\"responseTime\":\"135.474\"}","timestamp":"2025-01-28T05:10:27.050Z"}
{"level":"\u001b[32minfo\u001b[39m","message":"{\"method\":\"POST\",\"url\":\"/api/project/create-project\",\"status\":\"401\",\"responseTime\":\"2.566\"}","timestamp":"2025-01-28T05:11:42.807Z"}
{"level":"\u001b[32minfo\u001b[39m","message":"{\"method\":\"POST\",\"url\":\"/api/project/create-project\",\"status\":\"200\",\"responseTime\":\"98.640\"}","timestamp":"2025-01-28T05:11:42.993Z"}
{"level":"\u001b[32minfo\u001b[39m","message":"{\"method\":\"GET\",\"url\":\"/api/project/fetch-projects?organizationId=67869a6a1514145a64988362\",\"status\":\"200\",\"responseTime\":\"86.901\"}","timestamp":"2025-01-28T05:11:43.094Z"}
{"level":"\u001b[32minfo\u001b[39m","message":"{\"method\":\"GET\",\"url\":\"/api/project/fetch-projects?organizationId=67869a6a1514145a64988362\",\"status\":\"304\",\"responseTime\":\"118.763\"}","timestamp":"2025-01-28T05:32:05.893Z"}
{"level":"\u001b[32minfo\u001b[39m","message":"{\"method\":\"GET\",\"url\":\"/api/project/fetch-projects?organizationId=67869a6a1514145a64988362\",\"status\":\"304\",\"responseTime\":\"65.808\"}","timestamp":"2025-01-28T05:32:26.803Z"}
{"level":"\u001b[32minfo\u001b[39m","message":"{\"method\":\"GET\",\"url\":\"/api/project/fetch-projects?organizationId=67869a6a1514145a64988362\",\"status\":\"304\",\"responseTime\":\"68.118\"}","timestamp":"2025-01-28T05:32:56.258Z"}
{"level":"\u001b[32minfo\u001b[39m","message":"{\"method\":\"GET\",\"url\":\"/api/project/fetch-projects?organizationId=67869a6a1514145a64988362\",\"status\":\"200\",\"responseTime\":\"128.963\"}","timestamp":"2025-01-28T05:59:37.138Z"}
{"level":"\u001b[32minfo\u001b[39m","message":"{\"method\":\"GET\",\"url\":\"/api/project/fetch-projects?organizationId=67869a6a1514145a64988362\",\"status\":\"304\",\"responseTime\":\"81.632\"}","timestamp":"2025-01-28T06:00:06.484Z"}
{"level":"\u001b[32minfo\u001b[39m","message":"{\"method\":\"GET\",\"url\":\"/api/project/fetch-projects?organizationId=67869a6a1514145a64988362\",\"status\":\"401\",\"responseTime\":\"18.001\"}","timestamp":"2025-01-28T06:08:49.459Z"}
{"level":"\u001b[32minfo\u001b[39m","message":"{\"method\":\"GET\",\"url\":\"/api/project/fetch-projects?organizationId=67869a6a1514145a64988362\",\"status\":\"304\",\"responseTime\":\"63.893\"}","timestamp":"2025-01-28T06:08:49.590Z"}
{"level":"\u001b[32minfo\u001b[39m","message":"{\"method\":\"GET\",\"url\":\"/api/project/fetch-projects?organizationId=67869a6a1514145a64988362\",\"status\":\"304\",\"responseTime\":\"344.209\"}","timestamp":"2025-01-28T06:09:06.790Z"}
{"level":"\u001b[32minfo\u001b[39m","message":"{\"method\":\"GET\",\"url\":\"/api/project/fetch-projects?organizationId=67869a6a1514145a64988362&employeeId=67869f7defffdbe0c161c74a\",\"status\":\"401\",\"responseTime\":\"6.656\"}","timestamp":"2025-01-28T06:16:50.433Z"}
{"level":"\u001b[32minfo\u001b[39m","message":"{\"method\":\"GET\",\"url\":\"/api/project/fetch-projects?organizationId=67869a6a1514145a64988362&employeeId=67869f7defffdbe0c161c74a\",\"status\":\"200\",\"responseTime\":\"197.532\"}","timestamp":"2025-01-28T06:16:50.888Z"}
{"level":"\u001b[32minfo\u001b[39m","message":"{\"method\":\"GET\",\"url\":\"/api/project/fetch-projects?organizationId=67869a6a1514145a64988362&employeeId=67869f7defffdbe0c161c74a\",\"status\":\"304\",\"responseTime\":\"99.447\"}","timestamp":"2025-01-28T06:17:33.499Z"}
{"level":"\u001b[32minfo\u001b[39m","message":"{\"method\":\"GET\",\"url\":\"/api/project/fetch-projects?organizationId=67869a6a1514145a64988362&employeeId=67869f7defffdbe0c161c74a\",\"status\":\"304\",\"responseTime\":\"159.526\"}","timestamp":"2025-01-28T06:17:36.551Z"}
{"level":"\u001b[32minfo\u001b[39m","message":"{\"method\":\"GET\",\"url\":\"/api/project/fetchEmployees-project?organizationId=67869a6a1514145a64988362&employeeId=67869f7defffdbe0c161c74a\",\"status\":\"401\",\"responseTime\":\"5.185\"}","timestamp":"2025-01-28T06:17:57.407Z"}
{"level":"\u001b[32minfo\u001b[39m","message":"{\"method\":\"GET\",\"url\":\"/api/project/fetchEmployees-project?organizationId=67869a6a1514145a64988362&employeeId=67869f7defffdbe0c161c74a\",\"status\":\"200\",\"responseTime\":\"166.886\"}","timestamp":"2025-01-28T06:17:57.747Z"}
{"level":"\u001b[32minfo\u001b[39m","message":"{\"method\":\"GET\",\"url\":\"/api/project/fetchEmployees-projects?organizationId=67869a6a1514145a64988362&employeeId=67869f7defffdbe0c161c74a\",\"status\":\"200\",\"responseTime\":\"1384.015\"}","timestamp":"2025-01-28T06:18:17.724Z"}
{"level":"\u001b[32minfo\u001b[39m","message":"{\"method\":\"GET\",\"url\":\"/api/project/fetchEmployees-projects?organizationId=67869a6a1514145a64988362&employeeId=67869f7defffdbe0c161c74a\",\"status\":\"200\",\"responseTime\":\"95.305\"}","timestamp":"2025-01-28T06:18:54.214Z"}
{"level":"\u001b[32minfo\u001b[39m","message":"{\"method\":\"GET\",\"url\":\"/api/project/fetchEmployees-projects?organizationId=67869a6a1514145a64988362&employeeId=67869f7defffdbe0c161c74a\",\"status\":\"200\",\"responseTime\":\"100.555\"}","timestamp":"2025-01-28T06:20:34.952Z"}
{"level":"\u001b[32minfo\u001b[39m","message":"{\"method\":\"GET\",\"url\":\"/api/project/fetch-projects?organizationId=67869a6a1514145a64988362\",\"status\":\"200\",\"responseTime\":\"152.886\"}","timestamp":"2025-01-28T06:21:21.539Z"}
{"level":"\u001b[32minfo\u001b[39m","message":"{\"method\":\"POST\",\"url\":\"/api/project/create-project\",\"status\":\"200\",\"responseTime\":\"282.055\"}","timestamp":"2025-01-28T06:21:48.491Z"}
{"level":"\u001b[32minfo\u001b[39m","message":"{\"method\":\"GET\",\"url\":\"/api/project/fetch-projects?organizationId=67869a6a1514145a64988362\",\"status\":\"200\",\"responseTime\":\"66.038\"}","timestamp":"2025-01-28T06:21:48.574Z"}
{"level":"\u001b[32minfo\u001b[39m","message":"{\"method\":\"GET\",\"url\":\"/api/project/fetchEmployees-projects?organizationId=67869a6a1514145a64988362&employeeId=67869f7defffdbe0c161c74a\",\"status\":\"200\",\"responseTime\":\"137.790\"}","timestamp":"2025-01-28T06:22:04.237Z"}
{"level":"\u001b[32minfo\u001b[39m","message":"{\"method\":\"GET\",\"url\":\"/api/project/fetchEmployees-projects?organizationId=67869a6a1514145a64988362&employeeId=67869f7defffdbe0c161c74a\",\"status\":\"401\",\"responseTime\":\"26.081\"}","timestamp":"2025-01-28T06:30:20.104Z"}
{"level":"\u001b[32minfo\u001b[39m","message":"{\"method\":\"GET\",\"url\":\"/api/project/fetchEmployees-projects?organizationId=67869a6a1514145a64988362&employeeId=67869f7defffdbe0c161c74a\",\"status\":\"304\",\"responseTime\":\"183.985\"}","timestamp":"2025-01-28T06:30:20.760Z"}
{"level":"\u001b[32minfo\u001b[39m","message":"{\"method\":\"GET\",\"url\":\"/api/project/fetchEmployees-projects?organizationId=67869a6a1514145a64988362&employeeId=67869f7defffdbe0c161c74a\",\"status\":\"401\",\"responseTime\":\"6.477\"}","timestamp":"2025-01-28T06:32:39.642Z"}
{"level":"\u001b[32minfo\u001b[39m","message":"{\"method\":\"GET\",\"url\":\"/api/project/fetchEmployees-projects?organizationId=67869a6a1514145a64988362&employeeId=67869f7defffdbe0c161c74a\",\"status\":\"304\",\"responseTime\":\"92.048\"}","timestamp":"2025-01-28T06:32:39.916Z"}
{"level":"\u001b[32minfo\u001b[39m","message":"{\"method\":\"GET\",\"url\":\"/api/project/fetchEmployees-projects?organizationId=67869a6a1514145a64988362&employeeId=67869f7defffdbe0c161c74a\",\"status\":\"304\",\"responseTime\":\"293.890\"}","timestamp":"2025-01-28T06:33:21.610Z"}
{"level":"\u001b[32minfo\u001b[39m","message":"{\"method\":\"PATCH\",\"url\":\"/api/project/update-project\",\"status\":\"200\",\"responseTime\":\"211.915\"}","timestamp":"2025-01-28T06:33:36.277Z"}
{"level":"\u001b[32minfo\u001b[39m","message":"{\"method\":\"GET\",\"url\":\"/api/project/fetchEmployees-projects?organizationId=67869a6a1514145a64988362&employeeId=67869f7defffdbe0c161c74a\",\"status\":\"200\",\"responseTime\":\"117.228\"}","timestamp":"2025-01-28T06:33:36.422Z"}
{"level":"\u001b[32minfo\u001b[39m","message":"{\"method\":\"GET\",\"url\":\"/api/project/fetchEmployees-projects?organizationId=67869a6a1514145a64988362&employeeId=67869f7defffdbe0c161c74a\",\"status\":\"401\",\"responseTime\":\"3.776\"}","timestamp":"2025-01-28T06:33:46.439Z"}
{"level":"\u001b[32minfo\u001b[39m","message":"{\"method\":\"GET\",\"url\":\"/api/project/fetchEmployees-projects?organizationId=67869a6a1514145a64988362&employeeId=67869f7defffdbe0c161c74a\",\"status\":\"304\",\"responseTime\":\"192.606\"}","timestamp":"2025-01-28T06:33:46.836Z"}
{"level":"\u001b[32minfo\u001b[39m","message":"{\"method\":\"GET\",\"url\":\"/api/project/fetchEmployees-projects?organizationId=67869a6a1514145a64988362&employeeId=67869f7defffdbe0c161c74a\",\"status\":\"304\",\"responseTime\":\"176.531\"}","timestamp":"2025-01-28T06:33:51.656Z"}
{"level":"\u001b[32minfo\u001b[39m","message":"{\"method\":\"GET\",\"url\":\"/api/project/fetchEmployees-projects?organizationId=67869a6a1514145a64988362&employeeId=67869f7defffdbe0c161c74a\",\"status\":\"304\",\"responseTime\":\"50.896\"}","timestamp":"2025-01-28T06:34:03.480Z"}
{"level":"\u001b[32minfo\u001b[39m","message":"{\"method\":\"GET\",\"url\":\"/api/project/fetchEmployees-projects?organizationId=67869a6a1514145a64988362&employeeId=67869f7defffdbe0c161c74a\",\"status\":\"401\",\"responseTime\":\"6.194\"}","timestamp":"2025-01-28T06:48:47.544Z"}
{"level":"\u001b[32minfo\u001b[39m","message":"{\"method\":\"GET\",\"url\":\"/api/project/fetchEmployees-projects?organizationId=67869a6a1514145a64988362&employeeId=67869f7defffdbe0c161c74a\",\"status\":\"304\",\"responseTime\":\"70.103\"}","timestamp":"2025-01-28T06:48:47.893Z"}
{"level":"\u001b[32minfo\u001b[39m","message":"{\"method\":\"GET\",\"url\":\"/api/project/fetch-projects?organizationId=67869a6a1514145a64988362\",\"status\":\"401\",\"responseTime\":\"4.567\"}","timestamp":"2025-01-28T08:09:41.922Z"}
{"level":"\u001b[32minfo\u001b[39m","message":"{\"method\":\"GET\",\"url\":\"/api/project/fetch-projects?organizationId=67869a6a1514145a64988362\",\"status\":\"200\",\"responseTime\":\"342.687\"}","timestamp":"2025-01-28T08:09:43.352Z"}
{"level":"\u001b[32minfo\u001b[39m","message":"{\"method\":\"GET\",\"url\":\"/api/project/fetchEmployees-projects?organizationId=67869a6a1514145a64988362&employeeId=67869f7defffdbe0c161c74a\",\"status\":\"401\",\"responseTime\":\"1.326\"}","timestamp":"2025-01-28T08:09:48.000Z"}
{"level":"\u001b[32minfo\u001b[39m","message":"{\"method\":\"GET\",\"url\":\"/api/project/fetchEmployees-projects?organizationId=67869a6a1514145a64988362&employeeId=67869f7defffdbe0c161c74a\",\"status\":\"304\",\"responseTime\":\"106.507\"}","timestamp":"2025-01-28T08:09:48.455Z"}
{"level":"\u001b[32minfo\u001b[39m","message":"{\"method\":\"GET\",\"url\":\"/api/project/fetchEmployees-projects?organizationId=67869a6a1514145a64988362&employeeId=67869f7defffdbe0c161c74a\",\"status\":\"401\",\"responseTime\":\"5.193\"}","timestamp":"2025-01-28T08:12:15.585Z"}
{"level":"\u001b[32minfo\u001b[39m","message":"{\"method\":\"GET\",\"url\":\"/api/project/fetchEmployees-projects?organizationId=67869a6a1514145a64988362&employeeId=67869f7defffdbe0c161c74a\",\"status\":\"304\",\"responseTime\":\"67.195\"}","timestamp":"2025-01-28T08:12:15.767Z"}
{"level":"\u001b[32minfo\u001b[39m","message":"{\"method\":\"GET\",\"url\":\"/api/project/fetchEmployees-projects?organizationId=67869a6a1514145a64988362&employeeId=67869f7defffdbe0c161c74a\",\"status\":\"401\",\"responseTime\":\"6.461\"}","timestamp":"2025-01-28T08:15:05.522Z"}
{"level":"\u001b[32minfo\u001b[39m","message":"{\"method\":\"GET\",\"url\":\"/api/project/fetchEmployees-projects?organizationId=67869a6a1514145a64988362&employeeId=67869f7defffdbe0c161c74a\",\"status\":\"304\",\"responseTime\":\"95.619\"}","timestamp":"2025-01-28T08:15:05.872Z"}
{"level":"\u001b[32minfo\u001b[39m","message":"{\"method\":\"GET\",\"url\":\"/api/project/fetchEmployees-projects?organizationId=67869a6a1514145a64988362&employeeId=67869f7defffdbe0c161c74a\",\"status\":\"304\",\"responseTime\":\"55.518\"}","timestamp":"2025-01-28T08:16:00.400Z"}
{"level":"\u001b[32minfo\u001b[39m","message":"{\"method\":\"GET\",\"url\":\"/api/project/fetchEmployees-projects?organizationId=67869a6a1514145a64988362&employeeId=67869f7defffdbe0c161c74a\",\"status\":\"401\",\"responseTime\":\"16.379\"}","timestamp":"2025-01-28T08:41:14.985Z"}
{"level":"\u001b[32minfo\u001b[39m","message":"{\"method\":\"GET\",\"url\":\"/api/project/fetchEmployees-projects?organizationId=67869a6a1514145a64988362&employeeId=67869f7defffdbe0c161c74a\",\"status\":\"304\",\"responseTime\":\"126.361\"}","timestamp":"2025-01-28T08:41:15.446Z"}
{"level":"\u001b[32minfo\u001b[39m","message":"{\"method\":\"GET\",\"url\":\"/api/project/fetchEmployees-projects?organizationId=67869a6a1514145a64988362&employeeId=67869f7defffdbe0c161c74a\",\"status\":\"304\",\"responseTime\":\"376.889\"}","timestamp":"2025-01-28T08:41:30.183Z"}
{"level":"\u001b[32minfo\u001b[39m","message":"{\"method\":\"GET\",\"url\":\"/api/project/fetchEmployees-projects?organizationId=67869a6a1514145a64988362&employeeId=67869f7defffdbe0c161c74a\",\"status\":\"304\",\"responseTime\":\"63.533\"}","timestamp":"2025-01-28T08:41:53.183Z"}
{"level":"\u001b[32minfo\u001b[39m","message":"{\"method\":\"GET\",\"url\":\"/api/project/fetchEmployees-projects?organizationId=67869a6a1514145a64988362&employeeId=67869f7defffdbe0c161c74a\",\"status\":\"304\",\"responseTime\":\"68.659\"}","timestamp":"2025-01-28T08:49:58.116Z"}
{"level":"\u001b[32minfo\u001b[39m","message":"{\"method\":\"GET\",\"url\":\"/api/project/fetchEmployees-projects?organizationId=67869a6a1514145a64988362&employeeId=67869f7defffdbe0c161c74a\",\"status\":\"401\",\"responseTime\":\"4.409\"}","timestamp":"2025-01-28T09:26:44.107Z"}
{"level":"\u001b[32minfo\u001b[39m","message":"{\"method\":\"GET\",\"url\":\"/api/project/fetchEmployees-projects?organizationId=67869a6a1514145a64988362&employeeId=67869f7defffdbe0c161c74a\",\"status\":\"304\",\"responseTime\":\"606.607\"}","timestamp":"2025-01-28T09:26:45.740Z"}
