{"level":"\u001b[32minfo\u001b[39m","message":"{\"method\":\"POST\",\"url\":\"/api/auth/google-login\",\"status\":\"200\",\"responseTime\":\"140.532\"}","timestamp":"2024-12-24T18:30:31.830Z"}
{"level":"\u001b[32minfo\u001b[39m","message":"{\"method\":\"POST\",\"url\":\"/api/auth/logout\",\"status\":\"200\",\"responseTime\":\"1.682\"}","timestamp":"2024-12-24T18:30:45.659Z"}
{"level":"\u001b[32minfo\u001b[39m","message":"{\"method\":\"POST\",\"url\":\"/api/auth/google-login\",\"status\":\"200\",\"responseTime\":\"118.692\"}","timestamp":"2024-12-24T18:31:23.273Z"}
{"level":"\u001b[32minfo\u001b[39m","message":"{\"method\":\"GET\",\"url\":\"/api/auth/get-profile?email=moideenshacp28%40gmail.com\",\"status\":\"304\",\"responseTime\":\"122.621\"}","timestamp":"2024-12-24T18:31:25.310Z"}
{"level":"\u001b[32minfo\u001b[39m","message":"{\"method\":\"POST\",\"url\":\"/api/auth/logout\",\"status\":\"200\",\"responseTime\":\"0.661\"}","timestamp":"2024-12-24T18:31:28.756Z"}
{"level":"\u001b[32minfo\u001b[39m","message":"{\"method\":\"POST\",\"url\":\"/api/auth/google-login\",\"status\":\"200\",\"responseTime\":\"109.530\"}","timestamp":"2024-12-24T18:31:37.407Z"}
{"level":"\u001b[32minfo\u001b[39m","message":"{\"method\":\"POST\",\"url\":\"/api/auth/google-login\",\"status\":\"200\",\"responseTime\":\"61.431\"}","timestamp":"2024-12-24T18:33:11.422Z"}
{"level":"\u001b[32minfo\u001b[39m","message":"{\"method\":\"GET\",\"url\":\"/api/company/fetch-allOrganization\",\"status\":\"304\",\"responseTime\":\"229.808\"}","timestamp":"2024-12-24T18:33:11.697Z"}
{"level":"\u001b[32minfo\u001b[39m","message":"{\"method\":\"GET\",\"url\":\"/api/auth/get-profile?email=shanucp1024%40gmail.com\",\"status\":\"304\",\"responseTime\":\"85.730\"}","timestamp":"2024-12-24T18:33:19.014Z"}
{"level":"\u001b[32minfo\u001b[39m","message":"{\"method\":\"POST\",\"url\":\"/api/auth/logout\",\"status\":\"200\",\"responseTime\":\"0.760\"}","timestamp":"2024-12-24T18:33:25.899Z"}
{"level":"\u001b[32minfo\u001b[39m","message":"{\"method\":\"POST\",\"url\":\"/api/auth/google-login\",\"status\":\"200\",\"responseTime\":\"91.004\"}","timestamp":"2024-12-24T18:36:04.589Z"}
{"level":"\u001b[32minfo\u001b[39m","message":"{\"method\":\"GET\",\"url\":\"/api/auth/get-profile?email=moideenshacp28%40gmail.com\",\"status\":\"304\",\"responseTime\":\"501.498\"}","timestamp":"2024-12-24T18:36:10.337Z"}
{"level":"\u001b[32minfo\u001b[39m","message":"{\"method\":\"GET\",\"url\":\"/api/company/get-companyProfile?email=moideenshacp28%40gmail.com\",\"status\":\"201\",\"responseTime\":\"150.906\"}","timestamp":"2024-12-24T18:36:12.529Z"}
{"level":"\u001b[32minfo\u001b[39m","message":"{\"method\":\"POST\",\"url\":\"/api/auth/logout\",\"status\":\"200\",\"responseTime\":\"1.043\"}","timestamp":"2024-12-24T18:36:15.649Z"}
{"level":"\u001b[32minfo\u001b[39m","message":"{\"method\":\"POST\",\"url\":\"/api/auth/login\",\"status\":\"200\",\"responseTime\":\"208.630\"}","timestamp":"2024-12-24T18:36:38.952Z"}
{"level":"\u001b[32minfo\u001b[39m","message":"{\"method\":\"GET\",\"url\":\"/api/auth/get-profile?email=moideenshacpcp10%40gmail.com\",\"status\":\"304\",\"responseTime\":\"82.830\"}","timestamp":"2024-12-24T18:36:45.339Z"}
{"level":"\u001b[32minfo\u001b[39m","message":"{\"method\":\"POST\",\"url\":\"/api/auth/logout\",\"status\":\"200\",\"responseTime\":\"2.165\"}","timestamp":"2024-12-24T18:37:16.653Z"}
{"level":"\u001b[32minfo\u001b[39m","message":"{\"method\":\"POST\",\"url\":\"/api/auth/google-login\",\"status\":\"200\",\"responseTime\":\"136.906\"}","timestamp":"2024-12-24T18:40:33.577Z"}
{"level":"\u001b[32minfo\u001b[39m","message":"{\"method\":\"POST\",\"url\":\"/api/auth/logout\",\"status\":\"200\",\"responseTime\":\"1.404\"}","timestamp":"2024-12-24T18:40:43.496Z"}
{"level":"\u001b[32minfo\u001b[39m","message":"{\"method\":\"POST\",\"url\":\"/api/auth/google-login\",\"status\":\"200\",\"responseTime\":\"601.157\"}","timestamp":"2024-12-24T18:40:53.557Z"}
{"level":"\u001b[32minfo\u001b[39m","message":"{\"method\":\"POST\",\"url\":\"/api/auth/logout\",\"status\":\"200\",\"responseTime\":\"0.843\"}","timestamp":"2024-12-24T18:41:00.718Z"}
{"level":"\u001b[32minfo\u001b[39m","message":"{\"method\":\"POST\",\"url\":\"/api/auth/login\",\"status\":\"200\",\"responseTime\":\"873.947\"}","timestamp":"2024-12-25T05:04:07.491Z"}
{"level":"\u001b[32minfo\u001b[39m","message":"{\"method\":\"POST\",\"url\":\"/api/auth/login\",\"status\":\"200\",\"responseTime\":\"196.679\"}","timestamp":"2024-12-25T05:04:13.825Z"}
{"level":"\u001b[32minfo\u001b[39m","message":"{\"method\":\"GET\",\"url\":\"/api/auth/get-profile?email=moideenshacp28%40gmail.com\",\"status\":\"304\",\"responseTime\":\"134.078\"}","timestamp":"2024-12-25T05:04:18.682Z"}
{"level":"\u001b[32minfo\u001b[39m","message":"{\"method\":\"POST\",\"url\":\"/api/auth/logout\",\"status\":\"200\",\"responseTime\":\"0.979\"}","timestamp":"2024-12-25T05:04:48.269Z"}
