{"level":"\u001b[32minfo\u001b[39m","message":"{\"method\":\"POST\",\"url\":\"/api/auth/login\",\"status\":\"200\",\"responseTime\":\"376.294\"}","timestamp":"2024-12-10T03:45:10.765Z"}
{"level":"\u001b[32minfo\u001b[39m","message":"{\"method\":\"POST\",\"url\":\"/api/company/register-company\",\"status\":\"201\",\"responseTime\":\"773.191\"}","timestamp":"2024-12-10T03:45:33.550Z"}
{"level":"\u001b[32minfo\u001b[39m","message":"{\"method\":\"POST\",\"url\":\"/api/auth/login\",\"status\":\"200\",\"responseTime\":\"652.955\"}","timestamp":"2024-12-10T03:51:16.715Z"}
{"level":"\u001b[32minfo\u001b[39m","message":"{\"method\":\"POST\",\"url\":\"/api/auth/login\",\"status\":\"200\",\"responseTime\":\"339.833\"}","timestamp":"2024-12-10T03:53:49.680Z"}
{"level":"\u001b[32minfo\u001b[39m","message":"{\"method\":\"POST\",\"url\":\"/api/auth/logout\",\"status\":\"200\",\"responseTime\":\"1.503\"}","timestamp":"2024-12-10T03:54:00.318Z"}
{"level":"\u001b[32minfo\u001b[39m","message":"{\"method\":\"POST\",\"url\":\"/api/auth/login\",\"status\":\"200\",\"responseTime\":\"362.633\"}","timestamp":"2024-12-10T04:00:55.080Z"}
{"level":"\u001b[32minfo\u001b[39m","message":"{\"method\":\"POST\",\"url\":\"/api/company/register-company\",\"status\":\"201\",\"responseTime\":\"292.305\"}","timestamp":"2024-12-10T04:01:07.609Z"}
{"level":"\u001b[32minfo\u001b[39m","message":"{\"method\":\"POST\",\"url\":\"/api/company/register-company\",\"status\":\"201\",\"responseTime\":\"312.333\"}","timestamp":"2024-12-10T04:05:30.765Z"}
{"level":"\u001b[32minfo\u001b[39m","message":"{\"method\":\"POST\",\"url\":\"/api/company/register-company\",\"status\":\"201\",\"responseTime\":\"307.766\"}","timestamp":"2024-12-10T04:06:09.152Z"}
{"level":"\u001b[32minfo\u001b[39m","message":"{\"method\":\"POST\",\"url\":\"/api/company/register-company\",\"status\":\"201\",\"responseTime\":\"237.506\"}","timestamp":"2024-12-10T04:06:28.093Z"}
{"level":"\u001b[32minfo\u001b[39m","message":"{\"method\":\"POST\",\"url\":\"/api/company/register-company\",\"status\":\"201\",\"responseTime\":\"100.024\"}","timestamp":"2024-12-10T04:07:00.883Z"}
{"level":"\u001b[32minfo\u001b[39m","message":"{\"method\":\"POST\",\"url\":\"/api/company/register-company\",\"status\":\"201\",\"responseTime\":\"173.470\"}","timestamp":"2024-12-10T04:07:17.560Z"}
{"level":"\u001b[32minfo\u001b[39m","message":"{\"method\":\"POST\",\"url\":\"/api/company/register-company\",\"status\":\"201\",\"responseTime\":\"209.070\"}","timestamp":"2024-12-10T04:08:10.603Z"}
{"level":"\u001b[32minfo\u001b[39m","message":"{\"method\":\"POST\",\"url\":\"/api/company/register-company\",\"status\":\"201\",\"responseTime\":\"977.393\"}","timestamp":"2024-12-10T04:10:32.863Z"}
{"level":"\u001b[32minfo\u001b[39m","message":"{\"method\":\"POST\",\"url\":\"/api/company/register-company\",\"status\":\"201\",\"responseTime\":\"476.814\"}","timestamp":"2024-12-10T04:11:36.849Z"}
{"level":"\u001b[32minfo\u001b[39m","message":"{\"method\":\"POST\",\"url\":\"/api/company/register-company\",\"status\":\"201\",\"responseTime\":\"872.098\"}","timestamp":"2024-12-10T04:12:05.950Z"}
{"level":"\u001b[32minfo\u001b[39m","message":"{\"method\":\"POST\",\"url\":\"/api/company/register-company\",\"status\":\"201\",\"responseTime\":\"1924.633\"}","timestamp":"2024-12-10T04:22:25.907Z"}
{"level":"\u001b[32minfo\u001b[39m","message":"{\"method\":\"POST\",\"url\":\"/api/auth/logout\",\"status\":\"200\",\"responseTime\":\"3.179\"}","timestamp":"2024-12-10T04:23:35.866Z"}
{"level":"\u001b[32minfo\u001b[39m","message":"{\"method\":\"POST\",\"url\":\"/api/auth/login\",\"status\":\"200\",\"responseTime\":\"292.804\"}","timestamp":"2024-12-10T04:23:45.425Z"}
{"level":"\u001b[32minfo\u001b[39m","message":"{\"method\":\"POST\",\"url\":\"/api/auth/logout\",\"status\":\"200\",\"responseTime\":\"1.017\"}","timestamp":"2024-12-10T04:24:07.748Z"}
{"level":"\u001b[32minfo\u001b[39m","message":"{\"method\":\"POST\",\"url\":\"/api/auth/login\",\"status\":\"200\",\"responseTime\":\"286.471\"}","timestamp":"2024-12-10T04:24:30.937Z"}
{"level":"\u001b[32minfo\u001b[39m","message":"{\"method\":\"POST\",\"url\":\"/api/auth/logout\",\"status\":\"200\",\"responseTime\":\"0.702\"}","timestamp":"2024-12-10T04:24:38.277Z"}
{"level":"\u001b[32minfo\u001b[39m","message":"{\"method\":\"POST\",\"url\":\"/api/auth/login\",\"status\":\"200\",\"responseTime\":\"320.364\"}","timestamp":"2024-12-10T04:24:47.077Z"}
{"level":"\u001b[32minfo\u001b[39m","message":"{\"method\":\"POST\",\"url\":\"/api/auth/logout\",\"status\":\"200\",\"responseTime\":\"1.289\"}","timestamp":"2024-12-10T04:25:23.757Z"}
{"level":"\u001b[32minfo\u001b[39m","message":"{\"method\":\"POST\",\"url\":\"/api/auth/login\",\"status\":\"200\",\"responseTime\":\"181.139\"}","timestamp":"2024-12-10T04:25:32.221Z"}
{"level":"\u001b[32minfo\u001b[39m","message":"{\"method\":\"POST\",\"url\":\"/api/company/register-company\",\"status\":\"201\",\"responseTime\":\"375.836\"}","timestamp":"2024-12-10T04:25:39.629Z"}
{"level":"\u001b[32minfo\u001b[39m","message":"{\"method\":\"POST\",\"url\":\"/api/auth/logout\",\"status\":\"200\",\"responseTime\":\"0.965\"}","timestamp":"2024-12-10T04:29:58.383Z"}
{"level":"\u001b[32minfo\u001b[39m","message":"{\"method\":\"POST\",\"url\":\"/api/auth/login\",\"status\":\"200\",\"responseTime\":\"287.446\"}","timestamp":"2024-12-10T04:30:05.688Z"}
{"level":"\u001b[32minfo\u001b[39m","message":"{\"method\":\"POST\",\"url\":\"/api/company/register-company\",\"status\":\"201\",\"responseTime\":\"590.719\"}","timestamp":"2024-12-10T04:30:22.752Z"}
{"level":"\u001b[32minfo\u001b[39m","message":"{\"method\":\"POST\",\"url\":\"/api/auth/login\",\"status\":\"200\",\"responseTime\":\"122.656\"}","timestamp":"2024-12-10T04:40:25.235Z"}
{"level":"\u001b[32minfo\u001b[39m","message":"{\"method\":\"POST\",\"url\":\"/api/company/register-company\",\"status\":\"201\",\"responseTime\":\"133.511\"}","timestamp":"2024-12-10T04:40:36.064Z"}
{"level":"\u001b[32minfo\u001b[39m","message":"{\"method\":\"POST\",\"url\":\"/api/auth/logout\",\"status\":\"200\",\"responseTime\":\"0.891\"}","timestamp":"2024-12-10T04:43:25.650Z"}
{"level":"\u001b[32minfo\u001b[39m","message":"{\"method\":\"POST\",\"url\":\"/api/auth/login\",\"status\":\"200\",\"responseTime\":\"117.326\"}","timestamp":"2024-12-10T04:43:33.645Z"}
{"level":"\u001b[32minfo\u001b[39m","message":"{\"method\":\"POST\",\"url\":\"/api/company/register-company\",\"status\":\"201\",\"responseTime\":\"134.522\"}","timestamp":"2024-12-10T04:43:38.432Z"}
{"level":"\u001b[32minfo\u001b[39m","message":"{\"method\":\"POST\",\"url\":\"/api/auth/logout\",\"status\":\"200\",\"responseTime\":\"0.482\"}","timestamp":"2024-12-10T04:44:39.428Z"}
{"level":"\u001b[32minfo\u001b[39m","message":"{\"method\":\"POST\",\"url\":\"/api/auth/login\",\"status\":\"200\",\"responseTime\":\"115.771\"}","timestamp":"2024-12-10T04:45:11.355Z"}
{"level":"\u001b[32minfo\u001b[39m","message":"{\"method\":\"POST\",\"url\":\"/api/company/register-company\",\"status\":\"201\",\"responseTime\":\"133.839\"}","timestamp":"2024-12-10T04:45:16.537Z"}
{"level":"\u001b[32minfo\u001b[39m","message":"{\"method\":\"POST\",\"url\":\"/api/auth/logout\",\"status\":\"200\",\"responseTime\":\"0.491\"}","timestamp":"2024-12-10T04:46:57.562Z"}
{"level":"\u001b[32minfo\u001b[39m","message":"{\"method\":\"POST\",\"url\":\"/api/auth/login\",\"status\":\"200\",\"responseTime\":\"110.698\"}","timestamp":"2024-12-10T04:47:05.674Z"}
{"level":"\u001b[32minfo\u001b[39m","message":"{\"method\":\"POST\",\"url\":\"/api/company/register-company\",\"status\":\"201\",\"responseTime\":\"140.432\"}","timestamp":"2024-12-10T04:47:47.266Z"}
{"level":"\u001b[32minfo\u001b[39m","message":"{\"method\":\"POST\",\"url\":\"/api/auth/logout\",\"status\":\"200\",\"responseTime\":\"0.427\"}","timestamp":"2024-12-10T04:51:49.702Z"}
{"level":"\u001b[32minfo\u001b[39m","message":"{\"method\":\"POST\",\"url\":\"/api/auth/login\",\"status\":\"200\",\"responseTime\":\"116.829\"}","timestamp":"2024-12-10T04:52:06.639Z"}
{"level":"\u001b[32minfo\u001b[39m","message":"{\"method\":\"POST\",\"url\":\"/api/company/register-company\",\"status\":\"201\",\"responseTime\":\"144.554\"}","timestamp":"2024-12-10T04:53:01.765Z"}
{"level":"\u001b[32minfo\u001b[39m","message":"{\"method\":\"POST\",\"url\":\"/api/company/register-company\",\"status\":\"201\",\"responseTime\":\"313.914\"}","timestamp":"2024-12-10T04:53:20.269Z"}
{"level":"\u001b[32minfo\u001b[39m","message":"{\"method\":\"POST\",\"url\":\"/api/company/register-company\",\"status\":\"201\",\"responseTime\":\"192.502\"}","timestamp":"2024-12-10T04:53:25.533Z"}
{"level":"\u001b[32minfo\u001b[39m","message":"{\"method\":\"POST\",\"url\":\"/api/auth/logout\",\"status\":\"200\",\"responseTime\":\"0.502\"}","timestamp":"2024-12-10T04:54:00.849Z"}
{"level":"\u001b[32minfo\u001b[39m","message":"{\"method\":\"POST\",\"url\":\"/api/auth/login\",\"status\":\"200\",\"responseTime\":\"113.854\"}","timestamp":"2024-12-10T04:54:38.170Z"}
{"level":"\u001b[32minfo\u001b[39m","message":"{\"method\":\"POST\",\"url\":\"/api/company/register-company\",\"status\":\"201\",\"responseTime\":\"595.912\"}","timestamp":"2024-12-10T04:54:44.688Z"}
{"level":"\u001b[32minfo\u001b[39m","message":"{\"method\":\"POST\",\"url\":\"/api/auth/logout\",\"status\":\"200\",\"responseTime\":\"0.653\"}","timestamp":"2024-12-10T04:55:27.403Z"}
{"level":"\u001b[32minfo\u001b[39m","message":"{\"method\":\"POST\",\"url\":\"/api/auth/login\",\"status\":\"200\",\"responseTime\":\"118.823\"}","timestamp":"2024-12-10T04:56:07.482Z"}
{"level":"\u001b[32minfo\u001b[39m","message":"{\"method\":\"POST\",\"url\":\"/api/auth/logout\",\"status\":\"200\",\"responseTime\":\"0.547\"}","timestamp":"2024-12-10T04:56:13.457Z"}
{"level":"\u001b[32minfo\u001b[39m","message":"{\"method\":\"POST\",\"url\":\"/api/auth/login\",\"status\":\"200\",\"responseTime\":\"115.818\"}","timestamp":"2024-12-10T04:56:33.732Z"}
{"level":"\u001b[32minfo\u001b[39m","message":"{\"method\":\"POST\",\"url\":\"/api/company/register-company\",\"status\":\"201\",\"responseTime\":\"158.867\"}","timestamp":"2024-12-10T05:01:02.596Z"}
{"level":"\u001b[32minfo\u001b[39m","message":"{\"method\":\"POST\",\"url\":\"/api/auth/logout\",\"status\":\"200\",\"responseTime\":\"0.351\"}","timestamp":"2024-12-10T05:04:24.499Z"}
{"level":"\u001b[32minfo\u001b[39m","message":"{\"method\":\"POST\",\"url\":\"/api/auth/login\",\"status\":\"200\",\"responseTime\":\"117.532\"}","timestamp":"2024-12-10T05:04:38.994Z"}
{"level":"\u001b[32minfo\u001b[39m","message":"{\"method\":\"POST\",\"url\":\"/api/company/register-company\",\"status\":\"201\",\"responseTime\":\"326.638\"}","timestamp":"2024-12-10T05:07:35.843Z"}
{"level":"\u001b[32minfo\u001b[39m","message":"{\"method\":\"POST\",\"url\":\"/api/auth/logout\",\"status\":\"200\",\"responseTime\":\"0.378\"}","timestamp":"2024-12-10T05:08:01.121Z"}
{"level":"\u001b[32minfo\u001b[39m","message":"{\"method\":\"POST\",\"url\":\"/api/auth/login\",\"status\":\"200\",\"responseTime\":\"127.004\"}","timestamp":"2024-12-10T05:08:13.773Z"}
{"level":"\u001b[32minfo\u001b[39m","message":"{\"method\":\"POST\",\"url\":\"/api/auth/logout\",\"status\":\"200\",\"responseTime\":\"0.544\"}","timestamp":"2024-12-10T05:08:21.372Z"}
{"level":"\u001b[32minfo\u001b[39m","message":"{\"method\":\"POST\",\"url\":\"/api/auth/login\",\"status\":\"200\",\"responseTime\":\"112.610\"}","timestamp":"2024-12-10T05:08:29.551Z"}
{"level":"\u001b[32minfo\u001b[39m","message":"{\"method\":\"POST\",\"url\":\"/api/auth/logout\",\"status\":\"200\",\"responseTime\":\"0.350\"}","timestamp":"2024-12-10T05:08:34.619Z"}
{"level":"\u001b[32minfo\u001b[39m","message":"{\"method\":\"POST\",\"url\":\"/api/auth/login\",\"status\":\"200\",\"responseTime\":\"185.119\"}","timestamp":"2024-12-10T05:08:54.458Z"}
{"level":"\u001b[32minfo\u001b[39m","message":"{\"method\":\"POST\",\"url\":\"/api/company/register-company\",\"status\":\"201\",\"responseTime\":\"165.824\"}","timestamp":"2024-12-10T05:09:01.690Z"}
{"level":"\u001b[32minfo\u001b[39m","message":"{\"method\":\"POST\",\"url\":\"/api/auth/logout\",\"status\":\"200\",\"responseTime\":\"0.360\"}","timestamp":"2024-12-10T05:10:08.424Z"}
{"level":"\u001b[32minfo\u001b[39m","message":"{\"method\":\"POST\",\"url\":\"/api/auth/login\",\"status\":\"200\",\"responseTime\":\"116.665\"}","timestamp":"2024-12-10T05:10:21.270Z"}
{"level":"\u001b[32minfo\u001b[39m","message":"{\"method\":\"POST\",\"url\":\"/api/auth/logout\",\"status\":\"200\",\"responseTime\":\"0.352\"}","timestamp":"2024-12-10T05:10:30.806Z"}
{"level":"\u001b[32minfo\u001b[39m","message":"{\"method\":\"POST\",\"url\":\"/api/auth/login\",\"status\":\"200\",\"responseTime\":\"115.851\"}","timestamp":"2024-12-10T05:10:39.350Z"}
{"level":"\u001b[32minfo\u001b[39m","message":"{\"method\":\"POST\",\"url\":\"/api/company/register-company\",\"status\":\"201\",\"responseTime\":\"786.817\"}","timestamp":"2024-12-10T05:10:45.579Z"}
{"level":"\u001b[32minfo\u001b[39m","message":"{\"method\":\"POST\",\"url\":\"/api/auth/logout\",\"status\":\"200\",\"responseTime\":\"0.360\"}","timestamp":"2024-12-10T05:11:30.217Z"}
{"level":"\u001b[32minfo\u001b[39m","message":"{\"method\":\"POST\",\"url\":\"/api/auth/login\",\"status\":\"200\",\"responseTime\":\"110.349\"}","timestamp":"2024-12-10T05:11:40.622Z"}
{"level":"\u001b[32minfo\u001b[39m","message":"{\"method\":\"POST\",\"url\":\"/api/company/register-company\",\"status\":\"201\",\"responseTime\":\"141.286\"}","timestamp":"2024-12-10T05:11:45.258Z"}
{"level":"\u001b[32minfo\u001b[39m","message":"{\"method\":\"POST\",\"url\":\"/api/auth/logout\",\"status\":\"200\",\"responseTime\":\"0.632\"}","timestamp":"2024-12-10T05:13:28.207Z"}
{"level":"\u001b[32minfo\u001b[39m","message":"{\"method\":\"POST\",\"url\":\"/api/auth/login\",\"status\":\"200\",\"responseTime\":\"115.900\"}","timestamp":"2024-12-10T05:13:36.360Z"}
{"level":"\u001b[32minfo\u001b[39m","message":"{\"method\":\"POST\",\"url\":\"/api/company/register-company\",\"status\":\"201\",\"responseTime\":\"134.060\"}","timestamp":"2024-12-10T05:13:40.864Z"}
{"level":"\u001b[32minfo\u001b[39m","message":"{\"method\":\"POST\",\"url\":\"/api/auth/logout\",\"status\":\"200\",\"responseTime\":\"0.395\"}","timestamp":"2024-12-10T05:15:56.043Z"}
{"level":"\u001b[32minfo\u001b[39m","message":"{\"method\":\"POST\",\"url\":\"/api/auth/login\",\"status\":\"200\",\"responseTime\":\"114.826\"}","timestamp":"2024-12-10T05:16:07.823Z"}
{"level":"\u001b[32minfo\u001b[39m","message":"{\"method\":\"POST\",\"url\":\"/api/company/register-company\",\"status\":\"201\",\"responseTime\":\"662.893\"}","timestamp":"2024-12-10T05:16:16.574Z"}
{"level":"\u001b[32minfo\u001b[39m","message":"{\"method\":\"POST\",\"url\":\"/api/auth/logout\",\"status\":\"200\",\"responseTime\":\"0.613\"}","timestamp":"2024-12-10T05:16:31.287Z"}
{"level":"\u001b[32minfo\u001b[39m","message":"{\"method\":\"POST\",\"url\":\"/api/auth/login\",\"status\":\"200\",\"responseTime\":\"393.811\"}","timestamp":"2024-12-10T05:16:52.616Z"}
{"level":"\u001b[32minfo\u001b[39m","message":"{\"method\":\"POST\",\"url\":\"/api/company/register-company\",\"status\":\"201\",\"responseTime\":\"171.331\"}","timestamp":"2024-12-10T05:16:57.820Z"}
{"level":"\u001b[32minfo\u001b[39m","message":"{\"method\":\"POST\",\"url\":\"/api/auth/logout\",\"status\":\"200\",\"responseTime\":\"0.436\"}","timestamp":"2024-12-10T05:17:35.347Z"}
{"level":"\u001b[32minfo\u001b[39m","message":"{\"method\":\"POST\",\"url\":\"/api/auth/login\",\"status\":\"200\",\"responseTime\":\"312.074\"}","timestamp":"2024-12-10T05:18:15.855Z"}
{"level":"\u001b[32minfo\u001b[39m","message":"{\"method\":\"POST\",\"url\":\"/api/auth/logout\",\"status\":\"200\",\"responseTime\":\"0.351\"}","timestamp":"2024-12-10T05:18:33.296Z"}
{"level":"\u001b[32minfo\u001b[39m","message":"{\"method\":\"POST\",\"url\":\"/api/auth/login\",\"status\":\"200\",\"responseTime\":\"116.511\"}","timestamp":"2024-12-10T05:18:41.327Z"}
{"level":"\u001b[32minfo\u001b[39m","message":"{\"method\":\"POST\",\"url\":\"/api/auth/login\",\"status\":\"200\",\"responseTime\":\"120.033\"}","timestamp":"2024-12-10T05:19:35.368Z"}
{"level":"\u001b[32minfo\u001b[39m","message":"{\"method\":\"POST\",\"url\":\"/api/auth/logout\",\"status\":\"200\",\"responseTime\":\"0.315\"}","timestamp":"2024-12-10T05:19:42.733Z"}
{"level":"\u001b[32minfo\u001b[39m","message":"{\"method\":\"POST\",\"url\":\"/api/auth/login\",\"status\":\"200\",\"responseTime\":\"286.325\"}","timestamp":"2024-12-10T05:19:51.584Z"}
{"level":"\u001b[32minfo\u001b[39m","message":"{\"method\":\"POST\",\"url\":\"/api/company/register-company\",\"status\":\"201\",\"responseTime\":\"148.316\"}","timestamp":"2024-12-10T05:20:00.529Z"}
{"level":"\u001b[32minfo\u001b[39m","message":"{\"method\":\"POST\",\"url\":\"/api/auth/update-profile\",\"status\":\"200\",\"responseTime\":\"17.096\"}","timestamp":"2024-12-10T09:35:29.707Z"}
{"level":"\u001b[32minfo\u001b[39m","message":"{\"method\":\"POST\",\"url\":\"/api/auth/update-profile\",\"status\":\"200\",\"responseTime\":\"2.347\"}","timestamp":"2024-12-10T10:33:57.705Z"}
{"level":"\u001b[32minfo\u001b[39m","message":"{\"method\":\"POST\",\"url\":\"/api/auth/update-profile\",\"status\":\"200\",\"responseTime\":\"24.133\"}","timestamp":"2024-12-10T10:38:54.543Z"}
{"level":"\u001b[32minfo\u001b[39m","message":"{\"method\":\"POST\",\"url\":\"/api/auth/update-profile\",\"status\":\"200\",\"responseTime\":\"2.549\"}","timestamp":"2024-12-10T10:45:59.495Z"}
{"level":"\u001b[32minfo\u001b[39m","message":"{\"method\":\"POST\",\"url\":\"/api/auth/update-profile\",\"status\":\"500\",\"responseTime\":\"22.672\"}","timestamp":"2024-12-10T10:50:17.185Z"}
{"level":"\u001b[32minfo\u001b[39m","message":"{\"method\":\"POST\",\"url\":\"/api/auth/update-profile\",\"status\":\"500\",\"responseTime\":\"4.214\"}","timestamp":"2024-12-10T10:50:46.432Z"}
{"level":"\u001b[32minfo\u001b[39m","message":"{\"method\":\"POST\",\"url\":\"/api/auth/update-profile\",\"status\":\"500\",\"responseTime\":\"28.176\"}","timestamp":"2024-12-10T10:51:54.320Z"}
{"level":"\u001b[32minfo\u001b[39m","message":"{\"method\":\"POST\",\"url\":\"/api/auth/update-profile\",\"status\":\"200\",\"responseTime\":\"16.548\"}","timestamp":"2024-12-10T11:01:23.618Z"}
{"level":"\u001b[32minfo\u001b[39m","message":"{\"method\":\"POST\",\"url\":\"/api/auth/update-profile\",\"status\":\"200\",\"responseTime\":\"168.943\"}","timestamp":"2024-12-10T11:13:26.860Z"}
{"level":"\u001b[32minfo\u001b[39m","message":"{\"method\":\"POST\",\"url\":\"/api/auth/update-profile\",\"status\":\"200\",\"responseTime\":\"246.679\"}","timestamp":"2024-12-10T11:23:19.424Z"}
{"level":"\u001b[32minfo\u001b[39m","message":"{\"method\":\"POST\",\"url\":\"/api/auth/update-profile\",\"status\":\"200\",\"responseTime\":\"134.271\"}","timestamp":"2024-12-10T11:24:47.021Z"}
{"level":"\u001b[32minfo\u001b[39m","message":"{\"method\":\"POST\",\"url\":\"/api/auth/update-profile\",\"status\":\"200\",\"responseTime\":\"125.733\"}","timestamp":"2024-12-10T11:31:01.501Z"}
{"level":"\u001b[32minfo\u001b[39m","message":"{\"method\":\"POST\",\"url\":\"/api/auth/update-profile\",\"status\":\"200\",\"responseTime\":\"96.606\"}","timestamp":"2024-12-10T11:32:47.110Z"}
{"level":"\u001b[32minfo\u001b[39m","message":"{\"method\":\"POST\",\"url\":\"/api/auth/update-profile\",\"status\":\"200\",\"responseTime\":\"136.646\"}","timestamp":"2024-12-10T11:33:29.409Z"}
{"level":"\u001b[32minfo\u001b[39m","message":"{\"method\":\"POST\",\"url\":\"/api/auth/get-profile\",\"status\":\"200\",\"responseTime\":\"29.214\"}","timestamp":"2024-12-10T13:26:27.311Z"}
{"level":"\u001b[32minfo\u001b[39m","message":"{\"method\":\"POST\",\"url\":\"/api/auth/get-profile\",\"status\":\"200\",\"responseTime\":\"96.346\"}","timestamp":"2024-12-10T13:35:20.083Z"}
{"level":"\u001b[32minfo\u001b[39m","message":"{\"method\":\"POST\",\"url\":\"/api/auth/get-profile\",\"status\":\"200\",\"responseTime\":\"88.549\"}","timestamp":"2024-12-10T13:36:16.561Z"}
{"level":"\u001b[32minfo\u001b[39m","message":"{\"method\":\"POST\",\"url\":\"/api/auth/get-profile\",\"status\":\"200\",\"responseTime\":\"590.213\"}","timestamp":"2024-12-10T13:36:45.870Z"}
{"level":"\u001b[32minfo\u001b[39m","message":"{\"method\":\"POST\",\"url\":\"/api/auth/get-profile\",\"status\":\"200\",\"responseTime\":\"128.115\"}","timestamp":"2024-12-10T13:36:48.402Z"}
{"level":"\u001b[32minfo\u001b[39m","message":"{\"method\":\"POST\",\"url\":\"/api/auth/get-profile\",\"status\":\"200\",\"responseTime\":\"100.002\"}","timestamp":"2024-12-10T13:36:50.373Z"}
{"level":"\u001b[32minfo\u001b[39m","message":"{\"method\":\"POST\",\"url\":\"/api/auth/get-profile\",\"status\":\"200\",\"responseTime\":\"217.786\"}","timestamp":"2024-12-10T13:36:53.039Z"}
{"level":"\u001b[32minfo\u001b[39m","message":"{\"method\":\"POST\",\"url\":\"/api/auth/get-profile\",\"status\":\"200\",\"responseTime\":\"53.037\"}","timestamp":"2024-12-10T13:36:55.283Z"}
{"level":"\u001b[32minfo\u001b[39m","message":"{\"method\":\"POST\",\"url\":\"/api/auth/get-profile\",\"status\":\"500\",\"responseTime\":\"30066.433\"}","timestamp":"2024-12-10T14:46:12.029Z"}
{"level":"\u001b[32minfo\u001b[39m","message":"{\"method\":\"POST\",\"url\":\"/api/auth/get-profile\",\"status\":\"500\",\"responseTime\":\"30027.461\"}","timestamp":"2024-12-10T14:46:43.661Z"}
{"level":"\u001b[32minfo\u001b[39m","message":"{\"method\":\"POST\",\"url\":\"/api/auth/get-profile\",\"status\":\"500\",\"responseTime\":\"30029.454\"}","timestamp":"2024-12-10T14:47:13.110Z"}
{"level":"\u001b[32minfo\u001b[39m","message":"{\"method\":\"POST\",\"url\":\"/api/auth/get-profile\",\"status\":\"200\",\"responseTime\":\"734.286\"}","timestamp":"2024-12-10T14:50:57.606Z"}
{"level":"\u001b[32minfo\u001b[39m","message":"{\"method\":\"POST\",\"url\":\"/api/auth/get-profile\",\"status\":\"200\",\"responseTime\":\"194.363\"}","timestamp":"2024-12-10T14:52:21.066Z"}
{"level":"\u001b[32minfo\u001b[39m","message":"{\"method\":\"POST\",\"url\":\"/api/auth/get-profile\",\"status\":\"200\",\"responseTime\":\"154.103\"}","timestamp":"2024-12-10T14:52:23.011Z"}
{"level":"\u001b[32minfo\u001b[39m","message":"{\"method\":\"POST\",\"url\":\"/api/auth/get-profile\",\"status\":\"200\",\"responseTime\":\"153.516\"}","timestamp":"2024-12-10T14:52:39.088Z"}
{"level":"\u001b[32minfo\u001b[39m","message":"{\"method\":\"POST\",\"url\":\"/api/auth/get-profile\",\"status\":\"200\",\"responseTime\":\"116.163\"}","timestamp":"2024-12-10T14:52:55.987Z"}
{"level":"\u001b[32minfo\u001b[39m","message":"{\"method\":\"POST\",\"url\":\"/api/auth/get-profile\",\"status\":\"200\",\"responseTime\":\"425.865\"}","timestamp":"2024-12-10T14:52:58.288Z"}
{"level":"\u001b[32minfo\u001b[39m","message":"{\"method\":\"POST\",\"url\":\"/api/auth/get-profile\",\"status\":\"200\",\"responseTime\":\"87.645\"}","timestamp":"2024-12-10T14:53:01.003Z"}
{"level":"\u001b[32minfo\u001b[39m","message":"{\"method\":\"POST\",\"url\":\"/api/auth/get-profile\",\"status\":\"200\",\"responseTime\":\"213.237\"}","timestamp":"2024-12-10T14:53:29.063Z"}
{"level":"\u001b[32minfo\u001b[39m","message":"{\"method\":\"POST\",\"url\":\"/api/auth/get-profile\",\"status\":\"200\",\"responseTime\":\"123.429\"}","timestamp":"2024-12-10T14:53:37.050Z"}
{"level":"\u001b[32minfo\u001b[39m","message":"{\"method\":\"POST\",\"url\":\"/api/auth/get-profile\",\"status\":\"200\",\"responseTime\":\"101.930\"}","timestamp":"2024-12-10T14:53:58.967Z"}
{"level":"\u001b[32minfo\u001b[39m","message":"{\"method\":\"POST\",\"url\":\"/api/auth/update-profile\",\"status\":\"200\",\"responseTime\":\"290.342\"}","timestamp":"2024-12-10T14:54:36.546Z"}
{"level":"\u001b[32minfo\u001b[39m","message":"{\"method\":\"POST\",\"url\":\"/api/auth/get-profile\",\"status\":\"200\",\"responseTime\":\"84.804\"}","timestamp":"2024-12-10T14:54:55.683Z"}
{"level":"\u001b[32minfo\u001b[39m","message":"{\"method\":\"POST\",\"url\":\"/api/auth/update-profile\",\"status\":\"200\",\"responseTime\":\"312.269\"}","timestamp":"2024-12-10T14:55:01.019Z"}
{"level":"\u001b[32minfo\u001b[39m","message":"{\"method\":\"POST\",\"url\":\"/api/auth/get-profile\",\"status\":\"200\",\"responseTime\":\"2077.435\"}","timestamp":"2024-12-10T14:55:21.347Z"}
{"level":"\u001b[32minfo\u001b[39m","message":"{\"method\":\"POST\",\"url\":\"/api/auth/get-profile\",\"status\":\"200\",\"responseTime\":\"114.267\"}","timestamp":"2024-12-10T14:59:19.075Z"}
{"level":"\u001b[32minfo\u001b[39m","message":"{\"method\":\"POST\",\"url\":\"/api/auth/get-profile\",\"status\":\"200\",\"responseTime\":\"186.384\"}","timestamp":"2024-12-10T14:59:56.053Z"}
{"level":"\u001b[32minfo\u001b[39m","message":"{\"method\":\"POST\",\"url\":\"/api/auth/get-profile\",\"status\":\"200\",\"responseTime\":\"200.509\"}","timestamp":"2024-12-10T15:02:39.068Z"}
{"level":"\u001b[32minfo\u001b[39m","message":"{\"method\":\"POST\",\"url\":\"/api/auth/get-profile\",\"status\":\"200\",\"responseTime\":\"152.375\"}","timestamp":"2024-12-10T15:03:11.022Z"}
{"level":"\u001b[32minfo\u001b[39m","message":"{\"method\":\"POST\",\"url\":\"/api/auth/update-profile\",\"status\":\"200\",\"responseTime\":\"277.011\"}","timestamp":"2024-12-10T15:03:40.715Z"}
{"level":"\u001b[32minfo\u001b[39m","message":"{\"method\":\"POST\",\"url\":\"/api/auth/get-profile\",\"status\":\"200\",\"responseTime\":\"110.069\"}","timestamp":"2024-12-10T15:03:46.962Z"}
{"level":"\u001b[32minfo\u001b[39m","message":"{\"method\":\"POST\",\"url\":\"/api/auth/update-profile\",\"status\":\"200\",\"responseTime\":\"202.720\"}","timestamp":"2024-12-10T15:03:56.587Z"}
{"level":"\u001b[32minfo\u001b[39m","message":"{\"method\":\"POST\",\"url\":\"/api/auth/logout\",\"status\":\"200\",\"responseTime\":\"2.131\"}","timestamp":"2024-12-10T15:04:32.266Z"}
{"level":"\u001b[32minfo\u001b[39m","message":"{\"method\":\"POST\",\"url\":\"/api/auth/login\",\"status\":\"200\",\"responseTime\":\"344.416\"}","timestamp":"2024-12-10T15:04:40.667Z"}
{"level":"\u001b[32minfo\u001b[39m","message":"{\"method\":\"POST\",\"url\":\"/api/auth/get-profile\",\"status\":\"200\",\"responseTime\":\"89.483\"}","timestamp":"2024-12-10T15:04:43.117Z"}
{"level":"\u001b[32minfo\u001b[39m","message":"{\"method\":\"POST\",\"url\":\"/api/auth/get-profile\",\"status\":\"200\",\"responseTime\":\"188.128\"}","timestamp":"2024-12-10T15:04:45.740Z"}
{"level":"\u001b[32minfo\u001b[39m","message":"{\"method\":\"POST\",\"url\":\"/api/auth/get-profile\",\"status\":\"200\",\"responseTime\":\"183.781\"}","timestamp":"2024-12-10T15:04:47.379Z"}
{"level":"\u001b[32minfo\u001b[39m","message":"{\"method\":\"POST\",\"url\":\"/api/auth/get-profile\",\"status\":\"200\",\"responseTime\":\"111.055\"}","timestamp":"2024-12-10T15:04:48.711Z"}
{"level":"\u001b[32minfo\u001b[39m","message":"{\"method\":\"POST\",\"url\":\"/api/auth/get-profile\",\"status\":\"200\",\"responseTime\":\"128.543\"}","timestamp":"2024-12-10T15:04:52.397Z"}
{"level":"\u001b[32minfo\u001b[39m","message":"{\"method\":\"POST\",\"url\":\"/api/auth/logout\",\"status\":\"200\",\"responseTime\":\"0.579\"}","timestamp":"2024-12-10T15:04:57.380Z"}
{"level":"\u001b[32minfo\u001b[39m","message":"{\"method\":\"POST\",\"url\":\"/api/auth/login\",\"status\":\"200\",\"responseTime\":\"296.244\"}","timestamp":"2024-12-10T15:05:26.510Z"}
{"level":"\u001b[32minfo\u001b[39m","message":"{\"method\":\"POST\",\"url\":\"/api/auth/get-profile\",\"status\":\"200\",\"responseTime\":\"171.506\"}","timestamp":"2024-12-10T15:05:44.724Z"}
{"level":"\u001b[32minfo\u001b[39m","message":"{\"method\":\"POST\",\"url\":\"/api/auth/update-profile\",\"status\":\"200\",\"responseTime\":\"286.897\"}","timestamp":"2024-12-10T15:05:56.194Z"}
{"level":"\u001b[32minfo\u001b[39m","message":"{\"method\":\"POST\",\"url\":\"/api/auth/get-profile\",\"status\":\"200\",\"responseTime\":\"189.786\"}","timestamp":"2024-12-10T15:12:49.085Z"}
{"level":"\u001b[32minfo\u001b[39m","message":"{\"method\":\"POST\",\"url\":\"/api/auth/get-profile\",\"status\":\"200\",\"responseTime\":\"157.758\"}","timestamp":"2024-12-10T15:13:22.980Z"}
{"level":"\u001b[32minfo\u001b[39m","message":"{\"method\":\"POST\",\"url\":\"/api/auth/update-profile\",\"status\":\"200\",\"responseTime\":\"408.319\"}","timestamp":"2024-12-10T15:13:29.737Z"}
{"level":"\u001b[32minfo\u001b[39m","message":"{\"method\":\"POST\",\"url\":\"/api/auth/update-profile\",\"status\":\"200\",\"responseTime\":\"358.946\"}","timestamp":"2024-12-10T15:13:53.823Z"}
{"level":"\u001b[32minfo\u001b[39m","message":"{\"method\":\"POST\",\"url\":\"/api/auth/get-profile\",\"status\":\"200\",\"responseTime\":\"144.684\"}","timestamp":"2024-12-10T15:14:01.072Z"}
{"level":"\u001b[32minfo\u001b[39m","message":"{\"method\":\"POST\",\"url\":\"/api/auth/get-profile\",\"status\":\"200\",\"responseTime\":\"144.624\"}","timestamp":"2024-12-10T15:14:20.970Z"}
{"level":"\u001b[32minfo\u001b[39m","message":"{\"method\":\"POST\",\"url\":\"/api/auth/get-profile\",\"status\":\"200\",\"responseTime\":\"144.865\"}","timestamp":"2024-12-10T15:14:24.862Z"}
{"level":"\u001b[32minfo\u001b[39m","message":"{\"method\":\"POST\",\"url\":\"/api/auth/get-profile\",\"status\":\"200\",\"responseTime\":\"165.497\"}","timestamp":"2024-12-10T15:16:58.027Z"}
{"level":"\u001b[32minfo\u001b[39m","message":"{\"method\":\"POST\",\"url\":\"/api/auth/get-profile\",\"status\":\"200\",\"responseTime\":\"149.522\"}","timestamp":"2024-12-10T15:17:14.000Z"}
{"level":"\u001b[32minfo\u001b[39m","message":"{\"method\":\"POST\",\"url\":\"/api/auth/get-profile\",\"status\":\"200\",\"responseTime\":\"94.333\"}","timestamp":"2024-12-10T15:17:24.957Z"}
{"level":"\u001b[32minfo\u001b[39m","message":"{\"method\":\"POST\",\"url\":\"/api/auth/get-profile\",\"status\":\"200\",\"responseTime\":\"132.202\"}","timestamp":"2024-12-10T15:17:32.024Z"}
{"level":"\u001b[32minfo\u001b[39m","message":"{\"method\":\"POST\",\"url\":\"/api/auth/get-profile\",\"status\":\"200\",\"responseTime\":\"134.317\"}","timestamp":"2024-12-10T15:17:59.779Z"}
{"level":"\u001b[32minfo\u001b[39m","message":"{\"method\":\"POST\",\"url\":\"/api/auth/get-profile\",\"status\":\"200\",\"responseTime\":\"139.336\"}","timestamp":"2024-12-10T15:19:04.395Z"}
{"level":"\u001b[32minfo\u001b[39m","message":"{\"method\":\"POST\",\"url\":\"/api/auth/get-profile\",\"status\":\"200\",\"responseTime\":\"245.003\"}","timestamp":"2024-12-10T15:19:07.727Z"}
{"level":"\u001b[32minfo\u001b[39m","message":"{\"method\":\"POST\",\"url\":\"/api/auth/update-profile\",\"status\":\"200\",\"responseTime\":\"153.656\"}","timestamp":"2024-12-10T15:19:26.392Z"}
{"level":"\u001b[32minfo\u001b[39m","message":"{\"method\":\"POST\",\"url\":\"/api/auth/get-profile\",\"status\":\"200\",\"responseTime\":\"170.155\"}","timestamp":"2024-12-10T15:19:53.031Z"}
{"level":"\u001b[32minfo\u001b[39m","message":"{\"method\":\"POST\",\"url\":\"/api/auth/update-profile\",\"status\":\"200\",\"responseTime\":\"211.883\"}","timestamp":"2024-12-10T15:20:30.511Z"}
{"level":"\u001b[32minfo\u001b[39m","message":"{\"method\":\"POST\",\"url\":\"/api/auth/get-profile\",\"status\":\"200\",\"responseTime\":\"118.218\"}","timestamp":"2024-12-10T15:20:39.830Z"}
{"level":"\u001b[32minfo\u001b[39m","message":"{\"method\":\"POST\",\"url\":\"/api/auth/update-profile\",\"status\":\"200\",\"responseTime\":\"262.923\"}","timestamp":"2024-12-10T15:21:14.747Z"}
{"level":"\u001b[32minfo\u001b[39m","message":"{\"method\":\"POST\",\"url\":\"/api/auth/get-profile\",\"status\":\"200\",\"responseTime\":\"147.448\"}","timestamp":"2024-12-10T15:21:20.074Z"}
{"level":"\u001b[32minfo\u001b[39m","message":"{\"method\":\"POST\",\"url\":\"/api/auth/get-profile\",\"status\":\"200\",\"responseTime\":\"147.638\"}","timestamp":"2024-12-10T15:23:08.008Z"}
{"level":"\u001b[32minfo\u001b[39m","message":"{\"method\":\"POST\",\"url\":\"/api/auth/get-profile\",\"status\":\"200\",\"responseTime\":\"208.915\"}","timestamp":"2024-12-10T15:25:14.065Z"}
{"level":"\u001b[32minfo\u001b[39m","message":"{\"method\":\"POST\",\"url\":\"/api/auth/get-profile\",\"status\":\"200\",\"responseTime\":\"155.019\"}","timestamp":"2024-12-10T15:25:20.005Z"}
{"level":"\u001b[32minfo\u001b[39m","message":"{\"method\":\"POST\",\"url\":\"/api/auth/get-profile\",\"status\":\"200\",\"responseTime\":\"183.309\"}","timestamp":"2024-12-10T15:25:21.029Z"}
{"level":"\u001b[32minfo\u001b[39m","message":"{\"method\":\"POST\",\"url\":\"/api/auth/get-profile\",\"status\":\"200\",\"responseTime\":\"85.388\"}","timestamp":"2024-12-10T15:26:06.047Z"}
{"level":"\u001b[32minfo\u001b[39m","message":"{\"method\":\"POST\",\"url\":\"/api/auth/get-profile\",\"status\":\"200\",\"responseTime\":\"83.035\"}","timestamp":"2024-12-10T15:26:08.734Z"}
{"level":"\u001b[32minfo\u001b[39m","message":"{\"method\":\"POST\",\"url\":\"/api/auth/get-profile\",\"status\":\"200\",\"responseTime\":\"181.081\"}","timestamp":"2024-12-10T15:26:12.640Z"}
{"level":"\u001b[32minfo\u001b[39m","message":"{\"method\":\"POST\",\"url\":\"/api/auth/get-profile\",\"status\":\"200\",\"responseTime\":\"122.906\"}","timestamp":"2024-12-10T15:26:18.374Z"}
{"level":"\u001b[32minfo\u001b[39m","message":"{\"method\":\"POST\",\"url\":\"/api/auth/get-profile\",\"status\":\"200\",\"responseTime\":\"161.669\"}","timestamp":"2024-12-10T15:31:23.257Z"}
{"level":"\u001b[32minfo\u001b[39m","message":"{\"method\":\"POST\",\"url\":\"/api/auth/get-profile\",\"status\":\"200\",\"responseTime\":\"165.484\"}","timestamp":"2024-12-10T15:31:26.508Z"}
{"level":"\u001b[32minfo\u001b[39m","message":"{\"method\":\"POST\",\"url\":\"/api/auth/update-profile\",\"status\":\"200\",\"responseTime\":\"342.887\"}","timestamp":"2024-12-10T15:35:37.308Z"}
{"level":"\u001b[32minfo\u001b[39m","message":"{\"method\":\"POST\",\"url\":\"/api/auth/update-profile\",\"status\":\"200\",\"responseTime\":\"286.858\"}","timestamp":"2024-12-10T15:36:08.832Z"}
{"level":"\u001b[32minfo\u001b[39m","message":"{\"method\":\"POST\",\"url\":\"/api/auth/get-profile\",\"status\":\"200\",\"responseTime\":\"201.104\"}","timestamp":"2024-12-10T15:36:14.054Z"}
{"level":"\u001b[32minfo\u001b[39m","message":"{\"method\":\"POST\",\"url\":\"/api/auth/get-profile\",\"status\":\"200\",\"responseTime\":\"151.879\"}","timestamp":"2024-12-10T15:36:25.933Z"}
{"level":"\u001b[32minfo\u001b[39m","message":"{\"method\":\"POST\",\"url\":\"/api/auth/update-profile\",\"status\":\"200\",\"responseTime\":\"244.507\"}","timestamp":"2024-12-10T15:36:49.484Z"}
{"level":"\u001b[32minfo\u001b[39m","message":"{\"method\":\"POST\",\"url\":\"/api/auth/get-profile\",\"status\":\"200\",\"responseTime\":\"111.068\"}","timestamp":"2024-12-10T15:37:01.876Z"}
{"level":"\u001b[32minfo\u001b[39m","message":"{\"method\":\"POST\",\"url\":\"/api/auth/get-profile\",\"status\":\"200\",\"responseTime\":\"206.464\"}","timestamp":"2024-12-10T15:38:48.068Z"}
{"level":"\u001b[32minfo\u001b[39m","message":"{\"method\":\"POST\",\"url\":\"/api/auth/get-profile\",\"status\":\"200\",\"responseTime\":\"187.732\"}","timestamp":"2024-12-10T15:38:54.212Z"}
{"level":"\u001b[32minfo\u001b[39m","message":"{\"method\":\"POST\",\"url\":\"/api/auth/update-profile\",\"status\":\"200\",\"responseTime\":\"273.340\"}","timestamp":"2024-12-10T15:39:08.960Z"}
{"level":"\u001b[32minfo\u001b[39m","message":"{\"method\":\"POST\",\"url\":\"/api/auth/get-profile\",\"status\":\"200\",\"responseTime\":\"201.179\"}","timestamp":"2024-12-10T15:39:14.389Z"}
{"level":"\u001b[32minfo\u001b[39m","message":"{\"method\":\"POST\",\"url\":\"/api/auth/get-profile\",\"status\":\"200\",\"responseTime\":\"279.023\"}","timestamp":"2024-12-10T15:39:34.559Z"}
{"level":"\u001b[32minfo\u001b[39m","message":"{\"method\":\"POST\",\"url\":\"/api/auth/get-profile\",\"status\":\"200\",\"responseTime\":\"136.432\"}","timestamp":"2024-12-10T15:40:26.374Z"}
{"level":"\u001b[32minfo\u001b[39m","message":"{\"method\":\"POST\",\"url\":\"/api/auth/logout\",\"status\":\"200\",\"responseTime\":\"3.055\"}","timestamp":"2024-12-10T15:40:28.974Z"}
{"level":"\u001b[32minfo\u001b[39m","message":"{\"method\":\"POST\",\"url\":\"/api/auth/login\",\"status\":\"200\",\"responseTime\":\"239.008\"}","timestamp":"2024-12-10T15:40:46.488Z"}
{"level":"\u001b[32minfo\u001b[39m","message":"{\"method\":\"POST\",\"url\":\"/api/company/register-company\",\"status\":\"201\",\"responseTime\":\"354.167\"}","timestamp":"2024-12-10T15:41:10.790Z"}
{"level":"\u001b[32minfo\u001b[39m","message":"{\"method\":\"POST\",\"url\":\"/api/auth/get-profile\",\"status\":\"200\",\"responseTime\":\"154.164\"}","timestamp":"2024-12-10T15:41:22.387Z"}
{"level":"\u001b[32minfo\u001b[39m","message":"{\"method\":\"POST\",\"url\":\"/api/auth/logout\",\"status\":\"200\",\"responseTime\":\"11.205\"}","timestamp":"2024-12-10T16:13:09.172Z"}
{"level":"\u001b[32minfo\u001b[39m","message":"{\"method\":\"POST\",\"url\":\"/api/auth/login\",\"status\":\"200\",\"responseTime\":\"363.276\"}","timestamp":"2024-12-10T16:13:19.218Z"}
{"level":"\u001b[32minfo\u001b[39m","message":"{\"method\":\"POST\",\"url\":\"/api/company/register-company\",\"status\":\"201\",\"responseTime\":\"482.582\"}","timestamp":"2024-12-10T16:13:24.497Z"}
{"level":"\u001b[32minfo\u001b[39m","message":"{\"method\":\"POST\",\"url\":\"/api/auth/get-profile\",\"status\":\"200\",\"responseTime\":\"177.411\"}","timestamp":"2024-12-10T16:13:34.430Z"}
{"level":"\u001b[32minfo\u001b[39m","message":"{\"method\":\"POST\",\"url\":\"/api/auth/get-profile\",\"status\":\"200\",\"responseTime\":\"2568.120\"}","timestamp":"2024-12-10T16:26:42.389Z"}
{"level":"\u001b[32minfo\u001b[39m","message":"{\"method\":\"POST\",\"url\":\"/api/auth/get-profile\",\"status\":\"200\",\"responseTime\":\"156.033\"}","timestamp":"2024-12-10T16:27:05.977Z"}
{"level":"\u001b[32minfo\u001b[39m","message":"{\"method\":\"POST\",\"url\":\"/api/auth/get-profile\",\"status\":\"200\",\"responseTime\":\"120.977\"}","timestamp":"2024-12-10T16:27:14.164Z"}
{"level":"\u001b[32minfo\u001b[39m","message":"{\"method\":\"POST\",\"url\":\"/api/auth/logout\",\"status\":\"200\",\"responseTime\":\"9.535\"}","timestamp":"2024-12-10T16:32:21.522Z"}
{"level":"\u001b[32minfo\u001b[39m","message":"{\"method\":\"POST\",\"url\":\"/api/auth/login\",\"status\":\"200\",\"responseTime\":\"319.839\"}","timestamp":"2024-12-10T16:32:33.913Z"}
{"level":"\u001b[32minfo\u001b[39m","message":"{\"method\":\"POST\",\"url\":\"/api/company/register-company\",\"status\":\"201\",\"responseTime\":\"329.277\"}","timestamp":"2024-12-10T16:38:18.144Z"}
{"level":"\u001b[32minfo\u001b[39m","message":"{\"method\":\"POST\",\"url\":\"/api/auth/get-profile\",\"status\":\"200\",\"responseTime\":\"152.638\"}","timestamp":"2024-12-10T16:38:25.416Z"}
{"level":"\u001b[32minfo\u001b[39m","message":"{\"method\":\"POST\",\"url\":\"/api/auth/update-profile\",\"status\":\"200\",\"responseTime\":\"315.551\"}","timestamp":"2024-12-10T16:38:33.505Z"}
{"level":"\u001b[32minfo\u001b[39m","message":"{\"method\":\"POST\",\"url\":\"/api/auth/logout\",\"status\":\"200\",\"responseTime\":\"0.817\"}","timestamp":"2024-12-10T16:46:37.644Z"}
{"level":"\u001b[32minfo\u001b[39m","message":"{\"method\":\"POST\",\"url\":\"/api/auth/login\",\"status\":\"200\",\"responseTime\":\"299.624\"}","timestamp":"2024-12-10T16:46:47.411Z"}
{"level":"\u001b[32minfo\u001b[39m","message":"{\"method\":\"POST\",\"url\":\"/api/company/register-company\",\"status\":\"201\",\"responseTime\":\"351.723\"}","timestamp":"2024-12-10T16:52:01.874Z"}
{"level":"\u001b[32minfo\u001b[39m","message":"{\"method\":\"POST\",\"url\":\"/api/auth/get-profile\",\"status\":\"200\",\"responseTime\":\"208.870\"}","timestamp":"2024-12-10T16:52:09.352Z"}
{"level":"\u001b[32minfo\u001b[39m","message":"{\"method\":\"POST\",\"url\":\"/api/auth/logout\",\"status\":\"200\",\"responseTime\":\"4.162\"}","timestamp":"2024-12-10T16:52:37.234Z"}
{"level":"\u001b[32minfo\u001b[39m","message":"{\"method\":\"POST\",\"url\":\"/api/auth/login\",\"status\":\"200\",\"responseTime\":\"236.443\"}","timestamp":"2024-12-10T17:05:08.961Z"}
{"level":"\u001b[32minfo\u001b[39m","message":"{\"method\":\"POST\",\"url\":\"/api/company/register-company\",\"status\":\"201\",\"responseTime\":\"319.229\"}","timestamp":"2024-12-10T17:05:40.688Z"}
{"level":"\u001b[32minfo\u001b[39m","message":"{\"method\":\"POST\",\"url\":\"/api/auth/get-profile\",\"status\":\"200\",\"responseTime\":\"193.375\"}","timestamp":"2024-12-10T17:05:47.755Z"}
{"level":"\u001b[32minfo\u001b[39m","message":"{\"method\":\"POST\",\"url\":\"/api/auth/logout\",\"status\":\"200\",\"responseTime\":\"0.720\"}","timestamp":"2024-12-10T17:06:03.354Z"}
{"level":"\u001b[32minfo\u001b[39m","message":"{\"method\":\"POST\",\"url\":\"/api/auth/login\",\"status\":\"200\",\"responseTime\":\"312.637\"}","timestamp":"2024-12-10T17:06:13.475Z"}
{"level":"\u001b[32minfo\u001b[39m","message":"{\"method\":\"POST\",\"url\":\"/api/auth/get-profile\",\"status\":\"200\",\"responseTime\":\"206.817\"}","timestamp":"2024-12-10T17:06:23.290Z"}
{"level":"\u001b[32minfo\u001b[39m","message":"{\"method\":\"POST\",\"url\":\"/api/auth/logout\",\"status\":\"200\",\"responseTime\":\"1.737\"}","timestamp":"2024-12-10T17:18:43.138Z"}
{"level":"\u001b[32minfo\u001b[39m","message":"{\"method\":\"POST\",\"url\":\"/api/auth/login\",\"status\":\"200\",\"responseTime\":\"252.903\"}","timestamp":"2024-12-10T17:20:45.333Z"}
{"level":"\u001b[32minfo\u001b[39m","message":"{\"method\":\"POST\",\"url\":\"/api/auth/login\",\"status\":\"200\",\"responseTime\":\"246.527\"}","timestamp":"2024-12-10T17:21:33.051Z"}
{"level":"\u001b[32minfo\u001b[39m","message":"{\"method\":\"POST\",\"url\":\"/api/auth/login\",\"status\":\"200\",\"responseTime\":\"208.654\"}","timestamp":"2024-12-10T17:21:47.674Z"}
{"level":"\u001b[32minfo\u001b[39m","message":"{\"method\":\"POST\",\"url\":\"/api/auth/logout\",\"status\":\"200\",\"responseTime\":\"1.052\"}","timestamp":"2024-12-10T17:22:36.938Z"}
{"level":"\u001b[32minfo\u001b[39m","message":"{\"method\":\"POST\",\"url\":\"/api/auth/login\",\"status\":\"200\",\"responseTime\":\"639.960\"}","timestamp":"2024-12-10T17:29:11.100Z"}
{"level":"\u001b[32minfo\u001b[39m","message":"{\"method\":\"POST\",\"url\":\"/api/company/register-company\",\"status\":\"201\",\"responseTime\":\"388.369\"}","timestamp":"2024-12-10T17:29:30.543Z"}
{"level":"\u001b[32minfo\u001b[39m","message":"{\"method\":\"POST\",\"url\":\"/api/auth/get-profile\",\"status\":\"200\",\"responseTime\":\"187.038\"}","timestamp":"2024-12-10T17:29:42.116Z"}
{"level":"\u001b[32minfo\u001b[39m","message":"{\"method\":\"POST\",\"url\":\"/api/auth/logout\",\"status\":\"200\",\"responseTime\":\"0.749\"}","timestamp":"2024-12-10T17:29:46.375Z"}
{"level":"\u001b[32minfo\u001b[39m","message":"{\"method\":\"POST\",\"url\":\"/api/auth/login\",\"status\":\"200\",\"responseTime\":\"299.897\"}","timestamp":"2024-12-10T17:29:56.464Z"}
{"level":"\u001b[32minfo\u001b[39m","message":"{\"method\":\"POST\",\"url\":\"/api/auth/logout\",\"status\":\"200\",\"responseTime\":\"0.748\"}","timestamp":"2024-12-10T17:30:03.964Z"}
{"level":"\u001b[32minfo\u001b[39m","message":"{\"method\":\"POST\",\"url\":\"/api/auth/login\",\"status\":\"200\",\"responseTime\":\"217.621\"}","timestamp":"2024-12-10T17:31:38.052Z"}
{"level":"\u001b[32minfo\u001b[39m","message":"{\"method\":\"POST\",\"url\":\"/api/company/register-company\",\"status\":\"201\",\"responseTime\":\"369.417\"}","timestamp":"2024-12-10T17:32:16.434Z"}
{"level":"\u001b[32minfo\u001b[39m","message":"{\"method\":\"POST\",\"url\":\"/api/auth/logout\",\"status\":\"200\",\"responseTime\":\"0.849\"}","timestamp":"2024-12-10T17:32:33.105Z"}
{"level":"\u001b[32minfo\u001b[39m","message":"{\"method\":\"POST\",\"url\":\"/api/auth/login\",\"status\":\"200\",\"responseTime\":\"238.109\"}","timestamp":"2024-12-10T17:32:52.802Z"}
{"level":"\u001b[32minfo\u001b[39m","message":"{\"method\":\"POST\",\"url\":\"/api/auth/logout\",\"status\":\"200\",\"responseTime\":\"0.589\"}","timestamp":"2024-12-10T17:32:59.665Z"}
{"level":"\u001b[32minfo\u001b[39m","message":"{\"method\":\"POST\",\"url\":\"/api/auth/login\",\"status\":\"200\",\"responseTime\":\"433.582\"}","timestamp":"2024-12-10T17:33:07.992Z"}
{"level":"\u001b[32minfo\u001b[39m","message":"{\"method\":\"POST\",\"url\":\"/api/auth/logout\",\"status\":\"200\",\"responseTime\":\"0.439\"}","timestamp":"2024-12-10T17:33:18.489Z"}
{"level":"\u001b[32minfo\u001b[39m","message":"{\"method\":\"POST\",\"url\":\"/api/auth/login\",\"status\":\"400\",\"responseTime\":\"315.620\"}","timestamp":"2024-12-10T17:42:06.017Z"}
{"level":"\u001b[32minfo\u001b[39m","message":"{\"method\":\"POST\",\"url\":\"/api/auth/get-companyProfile\",\"status\":\"404\",\"responseTime\":\"2.323\"}","timestamp":"2024-12-10T17:42:27.130Z"}
{"level":"\u001b[32minfo\u001b[39m","message":"{\"method\":\"POST\",\"url\":\"/api/company/get-companyProfile\",\"status\":\"201\",\"responseTime\":\"1480.144\"}","timestamp":"2024-12-10T17:47:47.002Z"}
{"level":"\u001b[32minfo\u001b[39m","message":"{\"method\":\"POST\",\"url\":\"/api/company/get-companyProfile\",\"status\":\"201\",\"responseTime\":\"295.464\"}","timestamp":"2024-12-10T17:58:22.406Z"}
