{"level":"\u001b[32minfo\u001b[39m","message":"{\"method\":\"POST\",\"url\":\"/api/auth/login\",\"status\":\"200\",\"responseTime\":\"323.673\"}","timestamp":"2024-12-23T03:42:03.273Z"}
{"level":"\u001b[32minfo\u001b[39m","message":"{\"method\":\"GET\",\"url\":\"/api/company/fetch-allOrganization\",\"status\":\"304\",\"responseTime\":\"128.767\"}","timestamp":"2024-12-23T03:42:03.494Z"}
{"level":"\u001b[32minfo\u001b[39m","message":"{\"method\":\"POST\",\"url\":\"/api/auth/logout\",\"status\":\"200\",\"responseTime\":\"1.594\"}","timestamp":"2024-12-23T03:42:07.967Z"}
{"level":"\u001b[32minfo\u001b[39m","message":"{\"method\":\"POST\",\"url\":\"/api/auth/login\",\"status\":\"200\",\"responseTime\":\"125.372\"}","timestamp":"2024-12-23T03:42:16.570Z"}
{"level":"\u001b[32minfo\u001b[39m","message":"{\"method\":\"GET\",\"url\":\"/api/auth/get-profile?email=moideenshacp28%40gmail.com\",\"status\":\"304\",\"responseTime\":\"242.514\"}","timestamp":"2024-12-23T04:24:31.726Z"}
{"level":"\u001b[32minfo\u001b[39m","message":"{\"method\":\"GET\",\"url\":\"/api/company/get-companyProfile?email=moideenshacp28%40gmail.com\",\"status\":\"201\",\"responseTime\":\"398.830\"}","timestamp":"2024-12-23T04:24:33.806Z"}
{"level":"\u001b[32minfo\u001b[39m","message":"{\"method\":\"POST\",\"url\":\"/api/auth/refresh-token\",\"status\":\"200\",\"responseTime\":\"49.806\"}","timestamp":"2024-12-23T05:22:13.652Z"}
{"level":"\u001b[32minfo\u001b[39m","message":"{\"method\":\"GET\",\"url\":\"/api/auth/get-profile?email=moideenshacp28%40gmail.com\",\"status\":\"304\",\"responseTime\":\"69.613\"}","timestamp":"2024-12-23T05:57:50.961Z"}
{"level":"\u001b[32minfo\u001b[39m","message":"{\"method\":\"POST\",\"url\":\"/api/auth/refresh-token\",\"status\":\"200\",\"responseTime\":\"8.834\"}","timestamp":"2024-12-23T06:22:30.648Z"}
{"level":"\u001b[32minfo\u001b[39m","message":"{\"method\":\"GET\",\"url\":\"/api/auth/get-profile?email=moideenshacp28%40gmail.com\",\"status\":\"304\",\"responseTime\":\"100.913\"}","timestamp":"2024-12-23T06:30:13.676Z"}
{"level":"\u001b[32minfo\u001b[39m","message":"{\"method\":\"GET\",\"url\":\"/api/company/get-companyProfile?email=moideenshacp28%40gmail.com\",\"status\":\"201\",\"responseTime\":\"148.379\"}","timestamp":"2024-12-23T06:30:15.397Z"}
{"level":"\u001b[32minfo\u001b[39m","message":"{\"method\":\"POST\",\"url\":\"/api/auth/login\",\"status\":\"200\",\"responseTime\":\"223.131\"}","timestamp":"2024-12-23T08:34:46.462Z"}
{"level":"\u001b[32minfo\u001b[39m","message":"{\"method\":\"GET\",\"url\":\"/api/auth/get-profile?email=moideenshacp28%40gmail.com\",\"status\":\"304\",\"responseTime\":\"70.420\"}","timestamp":"2024-12-23T08:52:38.640Z"}
{"level":"\u001b[32minfo\u001b[39m","message":"{\"method\":\"POST\",\"url\":\"/api/auth/refresh-token\",\"status\":\"200\",\"responseTime\":\"24.706\"}","timestamp":"2024-12-23T09:36:33.049Z"}
{"level":"\u001b[32minfo\u001b[39m","message":"{\"method\":\"POST\",\"url\":\"/api/auth/refresh-token\",\"status\":\"200\",\"responseTime\":\"12.441\"}","timestamp":"2024-12-23T10:53:10.630Z"}
{"level":"\u001b[32minfo\u001b[39m","message":"{\"method\":\"POST\",\"url\":\"/api/auth/refresh-token\",\"status\":\"200\",\"responseTime\":\"30.814\"}","timestamp":"2024-12-23T12:50:29.298Z"}
{"level":"\u001b[32minfo\u001b[39m","message":"{\"method\":\"POST\",\"url\":\"/api/auth/logout\",\"status\":\"200\",\"responseTime\":\"11.354\"}","timestamp":"2024-12-23T16:08:48.067Z"}
{"level":"\u001b[32minfo\u001b[39m","message":"{\"method\":\"POST\",\"url\":\"/api/auth/login\",\"status\":\"200\",\"responseTime\":\"2132.266\"}","timestamp":"2024-12-23T16:09:26.116Z"}
{"level":"\u001b[32minfo\u001b[39m","message":"{\"method\":\"GET\",\"url\":\"/api/auth/get-profile?email=moideenshacp28%40gmail.com\",\"status\":\"304\",\"responseTime\":\"110.773\"}","timestamp":"2024-12-23T16:09:38.376Z"}
{"level":"\u001b[32minfo\u001b[39m","message":"{\"method\":\"GET\",\"url\":\"/api/company/get-companyProfile?email=moideenshacp28%40gmail.com\",\"status\":\"201\",\"responseTime\":\"381.443\"}","timestamp":"2024-12-23T16:09:41.475Z"}
{"level":"\u001b[32minfo\u001b[39m","message":"{\"method\":\"GET\",\"url\":\"/api/auth/get-profile?email=moideenshacp28%40gmail.com\",\"status\":\"401\",\"responseTime\":\"8.519\"}","timestamp":"2024-12-23T17:12:54.125Z"}
{"level":"\u001b[32minfo\u001b[39m","message":"{\"method\":\"POST\",\"url\":\"/api/auth/login\",\"status\":\"200\",\"responseTime\":\"1133.522\"}","timestamp":"2024-12-23T17:14:40.944Z"}
