{"level":"\u001b[32minfo\u001b[39m","message":"{\"method\":\"POST\",\"url\":\"/api/auth/login\",\"status\":\"200\",\"responseTime\":\"446.308\"}","timestamp":"2024-12-14T04:28:09.791Z"}
{"level":"\u001b[32minfo\u001b[39m","message":"{\"method\":\"GET\",\"url\":\"/api/company/fetch-allOrganization\",\"status\":\"304\",\"responseTime\":\"210.565\"}","timestamp":"2024-12-14T04:28:10.043Z"}
{"level":"\u001b[32minfo\u001b[39m","message":"{\"method\":\"GET\",\"url\":\"/api/company/block-organization?email=farlink443%40gmail.com\",\"status\":\"200\",\"responseTime\":\"197.983\"}","timestamp":"2024-12-14T04:28:27.236Z"}
{"level":"\u001b[32minfo\u001b[39m","message":"{\"method\":\"GET\",\"url\":\"/api/company/fetch-allOrganization\",\"status\":\"200\",\"responseTime\":\"137.675\"}","timestamp":"2024-12-14T04:28:32.961Z"}
{"level":"\u001b[32minfo\u001b[39m","message":"{\"method\":\"GET\",\"url\":\"/api/company/block-organization?email=farlink443%40gmail.com\",\"status\":\"200\",\"responseTime\":\"237.607\"}","timestamp":"2024-12-14T04:28:38.649Z"}
{"level":"\u001b[32minfo\u001b[39m","message":"{\"method\":\"GET\",\"url\":\"/api/company/fetch-allOrganization\",\"status\":\"200\",\"responseTime\":\"175.462\"}","timestamp":"2024-12-14T04:28:42.842Z"}
{"level":"\u001b[32minfo\u001b[39m","message":"{\"method\":\"GET\",\"url\":\"/api/auth/get-profile?email=shanucp1024%40gmail.com\",\"status\":\"304\",\"responseTime\":\"69.935\"}","timestamp":"2024-12-14T04:28:55.191Z"}
{"level":"\u001b[32minfo\u001b[39m","message":"{\"method\":\"POST\",\"url\":\"/api/auth/update-profile\",\"status\":\"200\",\"responseTime\":\"155.106\"}","timestamp":"2024-12-14T04:29:02.977Z"}
{"level":"\u001b[32minfo\u001b[39m","message":"{\"method\":\"GET\",\"url\":\"/api/auth/get-profile?email=shanucp1024%40gmail.com\",\"status\":\"200\",\"responseTime\":\"101.519\"}","timestamp":"2024-12-14T04:29:08.874Z"}
{"level":"\u001b[32minfo\u001b[39m","message":"{\"method\":\"POST\",\"url\":\"/api/auth/logout\",\"status\":\"200\",\"responseTime\":\"0.659\"}","timestamp":"2024-12-14T04:29:15.634Z"}
{"level":"\u001b[32minfo\u001b[39m","message":"{\"method\":\"POST\",\"url\":\"/api/auth/login\",\"status\":\"200\",\"responseTime\":\"151.666\"}","timestamp":"2024-12-14T04:29:26.305Z"}
{"level":"\u001b[32minfo\u001b[39m","message":"{\"method\":\"GET\",\"url\":\"/api/auth/get-profile?email=moideenshacp28%40gmail.com\",\"status\":\"304\",\"responseTime\":\"64.644\"}","timestamp":"2024-12-14T04:29:29.026Z"}
{"level":"\u001b[32minfo\u001b[39m","message":"{\"method\":\"GET\",\"url\":\"/api/company/get-companyProfile?email=moideenshacp28%40gmail.com\",\"status\":\"201\",\"responseTime\":\"129.134\"}","timestamp":"2024-12-14T04:29:31.318Z"}
{"level":"\u001b[32minfo\u001b[39m","message":"{\"method\":\"GET\",\"url\":\"/api/auth/get-profile?email=moideenshacp28%40gmail.com\",\"status\":\"304\",\"responseTime\":\"75.171\"}","timestamp":"2024-12-14T04:29:33.266Z"}
{"level":"\u001b[32minfo\u001b[39m","message":"{\"method\":\"POST\",\"url\":\"/api/auth/logout\",\"status\":\"200\",\"responseTime\":\"0.484\"}","timestamp":"2024-12-14T04:29:39.803Z"}
{"level":"\u001b[32minfo\u001b[39m","message":"{\"method\":\"POST\",\"url\":\"/api/auth/login\",\"status\":\"200\",\"responseTime\":\"139.178\"}","timestamp":"2024-12-14T05:21:17.058Z"}
{"level":"\u001b[32minfo\u001b[39m","message":"{\"method\":\"GET\",\"url\":\"/api/company/fetch-allOrganization\",\"status\":\"304\",\"responseTime\":\"217.270\"}","timestamp":"2024-12-14T05:21:17.314Z"}
{"level":"\u001b[32minfo\u001b[39m","message":"{\"method\":\"GET\",\"url\":\"/api/company/block-organization?email=moideenshacpcp10%40gmail.com\",\"status\":\"200\",\"responseTime\":\"142.729\"}","timestamp":"2024-12-14T05:21:23.449Z"}
{"level":"\u001b[32minfo\u001b[39m","message":"{\"method\":\"GET\",\"url\":\"/api/company/fetch-allOrganization\",\"status\":\"200\",\"responseTime\":\"139.648\"}","timestamp":"2024-12-14T05:21:25.392Z"}
{"level":"\u001b[32minfo\u001b[39m","message":"{\"method\":\"GET\",\"url\":\"/api/company/fetch-allOrganization\",\"status\":\"304\",\"responseTime\":\"120.728\"}","timestamp":"2024-12-14T05:24:04.186Z"}
{"level":"\u001b[32minfo\u001b[39m","message":"{\"method\":\"GET\",\"url\":\"/api/company/fetch-allOrganization\",\"status\":\"304\",\"responseTime\":\"119.918\"}","timestamp":"2024-12-14T05:31:03.227Z"}
{"level":"\u001b[32minfo\u001b[39m","message":"{\"method\":\"GET\",\"url\":\"/api/company/fetch-allOrganization\",\"status\":\"200\",\"responseTime\":\"135.311\"}","timestamp":"2024-12-14T05:44:39.838Z"}
{"level":"\u001b[32minfo\u001b[39m","message":"{\"method\":\"GET\",\"url\":\"/api/company/fetch-allOrganization\",\"status\":\"304\",\"responseTime\":\"145.803\"}","timestamp":"2024-12-14T05:44:43.331Z"}
{"level":"\u001b[32minfo\u001b[39m","message":"{\"method\":\"GET\",\"url\":\"/api/company/fetch-allOrganization\",\"status\":\"304\",\"responseTime\":\"117.883\"}","timestamp":"2024-12-14T05:46:33.566Z"}
{"level":"\u001b[32minfo\u001b[39m","message":"{\"method\":\"GET\",\"url\":\"/api/company/fetch-allOrganization\",\"status\":\"304\",\"responseTime\":\"123.050\"}","timestamp":"2024-12-14T06:19:30.195Z"}
{"level":"\u001b[32minfo\u001b[39m","message":"{\"method\":\"GET\",\"url\":\"/api/company/fetch-allOrganization\",\"status\":\"401\",\"responseTime\":\"1.844\"}","timestamp":"2024-12-14T06:41:35.711Z"}
{"level":"\u001b[32minfo\u001b[39m","message":"{\"method\":\"POST\",\"url\":\"/api/auth/refresh-token\",\"status\":\"200\",\"responseTime\":\"6.152\"}","timestamp":"2024-12-14T06:41:35.741Z"}
{"level":"\u001b[32minfo\u001b[39m","message":"{\"method\":\"GET\",\"url\":\"/api/company/fetch-allOrganization\",\"status\":\"304\",\"responseTime\":\"533.184\"}","timestamp":"2024-12-14T06:41:36.287Z"}
{"level":"\u001b[32minfo\u001b[39m","message":"{\"method\":\"GET\",\"url\":\"/api/company/fetch-allOrganization\",\"status\":\"304\",\"responseTime\":\"162.678\"}","timestamp":"2024-12-14T06:41:39.548Z"}
{"level":"\u001b[32minfo\u001b[39m","message":"{\"method\":\"GET\",\"url\":\"/api/company/fetch-allOrganization\",\"status\":\"304\",\"responseTime\":\"132.604\"}","timestamp":"2024-12-14T06:41:41.885Z"}
{"level":"\u001b[32minfo\u001b[39m","message":"{\"method\":\"POST\",\"url\":\"/api/auth/logout\",\"status\":\"200\",\"responseTime\":\"0.590\"}","timestamp":"2024-12-14T06:41:45.886Z"}
{"level":"\u001b[32minfo\u001b[39m","message":"{\"method\":\"POST\",\"url\":\"/api/auth/login\",\"status\":\"200\",\"responseTime\":\"123.751\"}","timestamp":"2024-12-14T06:41:59.379Z"}
{"level":"\u001b[32minfo\u001b[39m","message":"{\"method\":\"GET\",\"url\":\"/api/auth/get-profile?email=moideenshacp28%40gmail.com\",\"status\":\"304\",\"responseTime\":\"77.870\"}","timestamp":"2024-12-14T06:42:03.891Z"}
{"level":"\u001b[32minfo\u001b[39m","message":"{\"method\":\"GET\",\"url\":\"/api/company/get-companyProfile?email=moideenshacp28%40gmail.com\",\"status\":\"201\",\"responseTime\":\"135.833\"}","timestamp":"2024-12-14T06:42:05.899Z"}
{"level":"\u001b[32minfo\u001b[39m","message":"{\"method\":\"POST\",\"url\":\"/api/auth/logout\",\"status\":\"200\",\"responseTime\":\"0.713\"}","timestamp":"2024-12-14T06:42:10.082Z"}
{"level":"\u001b[32minfo\u001b[39m","message":"{\"method\":\"POST\",\"url\":\"/api/auth/login\",\"status\":\"200\",\"responseTime\":\"121.563\"}","timestamp":"2024-12-14T06:42:17.848Z"}
{"level":"\u001b[32minfo\u001b[39m","message":"{\"method\":\"GET\",\"url\":\"/api/company/fetch-allOrganization\",\"status\":\"304\",\"responseTime\":\"143.994\"}","timestamp":"2024-12-14T06:42:18.027Z"}
{"level":"\u001b[32minfo\u001b[39m","message":"{\"method\":\"POST\",\"url\":\"/api/auth/logout\",\"status\":\"200\",\"responseTime\":\"0.459\"}","timestamp":"2024-12-14T06:51:48.341Z"}
{"level":"\u001b[32minfo\u001b[39m","message":"{\"method\":\"POST\",\"url\":\"/api/auth/register\",\"status\":\"400\",\"responseTime\":\"19.670\"}","timestamp":"2024-12-14T06:52:05.201Z"}
{"level":"\u001b[32minfo\u001b[39m","message":"{\"method\":\"POST\",\"url\":\"/api/auth/register\",\"status\":\"201\",\"responseTime\":\"2796.149\"}","timestamp":"2024-12-14T06:52:12.020Z"}
{"level":"\u001b[32minfo\u001b[39m","message":"{\"method\":\"POST\",\"url\":\"/api/auth/verify-email?token=eyJhbGciOiJIUzI1NiIsInR5cCI6IkpXVCJ9.eyJlbWFpbCI6ImZhcmxpbms0NDNAZ21haWwuY29tIiwiaWF0IjoxNzM0MTU5MTI5LCJleHAiOjE3MzQxNjIxMjl9.K2AIsKaSfvfdgK8WxkYYgOyUWGX-yO9ccoXgEUP1ER4\",\"status\":\"200\",\"responseTime\":\"135.344\"}","timestamp":"2024-12-14T06:52:24.055Z"}
{"level":"\u001b[32minfo\u001b[39m","message":"{\"method\":\"POST\",\"url\":\"/api/auth/login\",\"status\":\"200\",\"responseTime\":\"121.830\"}","timestamp":"2024-12-14T06:52:27.447Z"}
{"level":"\u001b[32minfo\u001b[39m","message":"{\"method\":\"POST\",\"url\":\"/api/company/register-company\",\"status\":\"201\",\"responseTime\":\"181.104\"}","timestamp":"2024-12-14T06:52:38.473Z"}
{"level":"\u001b[32minfo\u001b[39m","message":"{\"method\":\"GET\",\"url\":\"/api/auth/get-profile?email=farlink443%40gmail.com\",\"status\":\"200\",\"responseTime\":\"47.884\"}","timestamp":"2024-12-14T06:52:44.303Z"}
{"level":"\u001b[32minfo\u001b[39m","message":"{\"method\":\"POST\",\"url\":\"/api/auth/login\",\"status\":\"200\",\"responseTime\":\"116.720\"}","timestamp":"2024-12-14T06:52:59.649Z"}
{"level":"\u001b[32minfo\u001b[39m","message":"{\"method\":\"GET\",\"url\":\"/api/company/fetch-allOrganization\",\"status\":\"200\",\"responseTime\":\"90.707\"}","timestamp":"2024-12-14T06:52:59.776Z"}
{"level":"\u001b[32minfo\u001b[39m","message":"{\"method\":\"POST\",\"url\":\"/api/auth/logout\",\"status\":\"200\",\"responseTime\":\"0.453\"}","timestamp":"2024-12-14T06:53:09.320Z"}
{"level":"\u001b[32minfo\u001b[39m","message":"{\"method\":\"POST\",\"url\":\"/api/auth/login\",\"status\":\"400\",\"responseTime\":\"108.511\"}","timestamp":"2024-12-14T06:53:36.070Z"}
{"level":"\u001b[32minfo\u001b[39m","message":"{\"method\":\"POST\",\"url\":\"/api/auth/verify-email?token=eyJhbGciOiJIUzI1NiIsInR5cCI6IkpXVCJ9.eyJlbWFpbCI6ImZhcmxpbms0NDNAZ21haWwuY29tIiwiaWF0IjoxNzM0MTU5MTI5LCJleHAiOjE3MzQxNjIxMjl9.K2AIsKaSfvfdgK8WxkYYgOyUWGX-yO9ccoXgEUP1ER4\",\"status\":\"400\",\"responseTime\":\"102.997\"}","timestamp":"2024-12-14T06:53:48.971Z"}
{"level":"\u001b[32minfo\u001b[39m","message":"{\"method\":\"GET\",\"url\":\"/api/company/fetch-allOrganization\",\"status\":\"401\",\"responseTime\":\"3.477\"}","timestamp":"2024-12-14T09:28:56.197Z"}
{"level":"\u001b[32minfo\u001b[39m","message":"{\"method\":\"POST\",\"url\":\"/api/auth/refresh-token\",\"status\":\"200\",\"responseTime\":\"26.964\"}","timestamp":"2024-12-14T09:28:56.242Z"}
{"level":"\u001b[32minfo\u001b[39m","message":"{\"method\":\"GET\",\"url\":\"/api/company/fetch-allOrganization\",\"status\":\"200\",\"responseTime\":\"135.940\"}","timestamp":"2024-12-14T09:28:56.398Z"}
{"level":"\u001b[32minfo\u001b[39m","message":"{\"method\":\"GET\",\"url\":\"/api/company/fetch-allOrganization\",\"status\":\"304\",\"responseTime\":\"135.180\"}","timestamp":"2024-12-14T09:29:02.520Z"}
{"level":"\u001b[32minfo\u001b[39m","message":"{\"method\":\"GET\",\"url\":\"/api/auth/get-profile?email=shanucp1024%40gmail.com\",\"status\":\"304\",\"responseTime\":\"65.583\"}","timestamp":"2024-12-14T09:29:16.173Z"}
{"level":"\u001b[32minfo\u001b[39m","message":"{\"method\":\"GET\",\"url\":\"/api/auth/get-profile?email=shanucp1024%40gmail.com\",\"status\":\"304\",\"responseTime\":\"57.935\"}","timestamp":"2024-12-14T09:29:21.701Z"}
{"level":"\u001b[32minfo\u001b[39m","message":"{\"method\":\"POST\",\"url\":\"/api/auth/logout\",\"status\":\"200\",\"responseTime\":\"0.634\"}","timestamp":"2024-12-14T09:29:25.796Z"}
{"level":"\u001b[32minfo\u001b[39m","message":"{\"method\":\"POST\",\"url\":\"/api/auth/login\",\"status\":\"200\",\"responseTime\":\"133.811\"}","timestamp":"2024-12-14T09:29:35.498Z"}
{"level":"\u001b[32minfo\u001b[39m","message":"{\"method\":\"GET\",\"url\":\"/api/auth/get-profile?email=moideenshacp28%40gmail.com\",\"status\":\"304\",\"responseTime\":\"47.032\"}","timestamp":"2024-12-14T09:29:38.551Z"}
{"level":"\u001b[32minfo\u001b[39m","message":"{\"method\":\"GET\",\"url\":\"/api/company/get-companyProfile?email=moideenshacp28%40gmail.com\",\"status\":\"201\",\"responseTime\":\"126.473\"}","timestamp":"2024-12-14T09:29:40.664Z"}
{"level":"\u001b[32minfo\u001b[39m","message":"{\"method\":\"GET\",\"url\":\"/api/auth/get-profile?email=moideenshacp28%40gmail.com\",\"status\":\"304\",\"responseTime\":\"46.803\"}","timestamp":"2024-12-14T10:20:51.266Z"}
{"level":"\u001b[32minfo\u001b[39m","message":"{\"method\":\"GET\",\"url\":\"/api/company/get-companyProfile?email=moideenshacp28%40gmail.com\",\"status\":\"201\",\"responseTime\":\"95.112\"}","timestamp":"2024-12-14T10:20:56.053Z"}
{"level":"\u001b[32minfo\u001b[39m","message":"{\"method\":\"GET\",\"url\":\"/api/auth/get-profile?email=moideenshacp28%40gmail.com\",\"status\":\"304\",\"responseTime\":\"43.833\"}","timestamp":"2024-12-14T10:20:57.224Z"}
{"level":"\u001b[32minfo\u001b[39m","message":"{\"method\":\"POST\",\"url\":\"/api/auth/logout\",\"status\":\"200\",\"responseTime\":\"0.505\"}","timestamp":"2024-12-14T10:21:01.838Z"}
{"level":"\u001b[32minfo\u001b[39m","message":"{\"method\":\"POST\",\"url\":\"/api/auth/register\",\"status\":\"201\",\"responseTime\":\"2476.427\"}","timestamp":"2024-12-14T10:21:21.958Z"}
{"level":"\u001b[32minfo\u001b[39m","message":"{\"method\":\"POST\",\"url\":\"/api/auth/verify-email?token=eyJhbGciOiJIUzI1NiIsInR5cCI6IkpXVCJ9.eyJlbWFpbCI6ImZhcmxpbms0NDNAZ21haWwuY29tIiwiaWF0IjoxNzM0MTcxNjc5LCJleHAiOjE3MzQxNzQ2Nzl9.C8NsQnqVk_LsLaNRHa1YB62WCeTclzOWSesaNF56cg4\",\"status\":\"200\",\"responseTime\":\"142.918\"}","timestamp":"2024-12-14T10:21:32.621Z"}
{"level":"\u001b[32minfo\u001b[39m","message":"{\"method\":\"POST\",\"url\":\"/api/auth/login\",\"status\":\"200\",\"responseTime\":\"142.924\"}","timestamp":"2024-12-14T10:21:35.913Z"}
{"level":"\u001b[32minfo\u001b[39m","message":"{\"method\":\"POST\",\"url\":\"/api/company/register-company\",\"status\":\"201\",\"responseTime\":\"160.595\"}","timestamp":"2024-12-14T10:21:47.837Z"}
{"level":"\u001b[32minfo\u001b[39m","message":"{\"method\":\"GET\",\"url\":\"/api/auth/get-profile?email=farlink443%40gmail.com\",\"status\":\"200\",\"responseTime\":\"44.653\"}","timestamp":"2024-12-14T10:21:51.330Z"}
{"level":"\u001b[32minfo\u001b[39m","message":"{\"method\":\"GET\",\"url\":\"/api/company/get-companyProfile?email=farlink443%40gmail.com\",\"status\":\"201\",\"responseTime\":\"95.596\"}","timestamp":"2024-12-14T10:21:52.974Z"}
{"level":"\u001b[32minfo\u001b[39m","message":"{\"method\":\"GET\",\"url\":\"/api/auth/get-profile?email=farlink443%40gmail.com\",\"status\":\"304\",\"responseTime\":\"63.739\"}","timestamp":"2024-12-14T10:21:55.417Z"}
{"level":"\u001b[32minfo\u001b[39m","message":"{\"method\":\"POST\",\"url\":\"/api/auth/logout\",\"status\":\"200\",\"responseTime\":\"0.698\"}","timestamp":"2024-12-14T10:21:58.181Z"}
{"level":"\u001b[32minfo\u001b[39m","message":"{\"method\":\"POST\",\"url\":\"/api/auth/login\",\"status\":\"200\",\"responseTime\":\"142.588\"}","timestamp":"2024-12-14T10:22:23.206Z"}
{"level":"\u001b[32minfo\u001b[39m","message":"{\"method\":\"GET\",\"url\":\"/api/company/fetch-allOrganization\",\"status\":\"200\",\"responseTime\":\"133.294\"}","timestamp":"2024-12-14T10:22:23.374Z"}
{"level":"\u001b[32minfo\u001b[39m","message":"{\"method\":\"GET\",\"url\":\"/api/company/fetch-allOrganization\",\"status\":\"200\",\"responseTime\":\"96.011\"}","timestamp":"2024-12-14T10:23:05.854Z"}
{"level":"\u001b[32minfo\u001b[39m","message":"{\"method\":\"POST\",\"url\":\"/api/auth/logout\",\"status\":\"200\",\"responseTime\":\"0.342\"}","timestamp":"2024-12-14T10:23:11.032Z"}
{"level":"\u001b[32minfo\u001b[39m","message":"{\"method\":\"POST\",\"url\":\"/api/auth/login\",\"status\":\"200\",\"responseTime\":\"672.060\"}","timestamp":"2024-12-14T11:37:24.983Z"}
{"level":"\u001b[32minfo\u001b[39m","message":"{\"method\":\"GET\",\"url\":\"/api/company/fetch-allOrganization\",\"status\":\"304\",\"responseTime\":\"94.425\"}","timestamp":"2024-12-14T11:37:25.132Z"}
{"level":"\u001b[32minfo\u001b[39m","message":"{\"method\":\"POST\",\"url\":\"/api/auth/logout\",\"status\":\"200\",\"responseTime\":\"0.459\"}","timestamp":"2024-12-14T11:37:30.623Z"}
{"level":"\u001b[32minfo\u001b[39m","message":"{\"method\":\"POST\",\"url\":\"/api/auth/register\",\"status\":\"201\",\"responseTime\":\"3315.287\"}","timestamp":"2024-12-14T11:49:07.536Z"}
{"level":"\u001b[32minfo\u001b[39m","message":"{\"method\":\"POST\",\"url\":\"/api/auth/verify-email?token=eyJhbGciOiJIUzI1NiIsInR5cCI6IkpXVCJ9.eyJlbWFpbCI6ImZhcmxpbms0NDNAZ21haWwuY29tIiwiaWF0IjoxNzM0MTc2OTQ0LCJleHAiOjE3MzQxNzk5NDR9.r3Nhrl2CjHK8QayfcRTZ83_lfyKa6W3Kr-KXtDBhRoY\",\"status\":\"200\",\"responseTime\":\"123.136\"}","timestamp":"2024-12-14T11:49:26.097Z"}
{"level":"\u001b[32minfo\u001b[39m","message":"{\"method\":\"POST\",\"url\":\"/api/auth/login\",\"status\":\"200\",\"responseTime\":\"147.542\"}","timestamp":"2024-12-14T11:49:36.307Z"}
{"level":"\u001b[32minfo\u001b[39m","message":"{\"method\":\"POST\",\"url\":\"/api/company/register-company\",\"status\":\"201\",\"responseTime\":\"178.917\"}","timestamp":"2024-12-14T11:50:09.602Z"}
{"level":"\u001b[32minfo\u001b[39m","message":"{\"method\":\"GET\",\"url\":\"/api/auth/get-profile?email=farlink443%40gmail.com\",\"status\":\"200\",\"responseTime\":\"43.774\"}","timestamp":"2024-12-14T11:50:18.692Z"}
{"level":"\u001b[32minfo\u001b[39m","message":"{\"method\":\"POST\",\"url\":\"/api/auth/update-profile\",\"status\":\"200\",\"responseTime\":\"97.064\"}","timestamp":"2024-12-14T11:50:34.130Z"}
{"level":"\u001b[32minfo\u001b[39m","message":"{\"method\":\"GET\",\"url\":\"/api/company/get-companyProfile?email=farlink443%40gmail.com\",\"status\":\"201\",\"responseTime\":\"97.248\"}","timestamp":"2024-12-14T11:50:39.212Z"}
{"level":"\u001b[32minfo\u001b[39m","message":"{\"method\":\"POST\",\"url\":\"/api/auth/logout\",\"status\":\"200\",\"responseTime\":\"1.256\"}","timestamp":"2024-12-14T11:51:19.296Z"}
{"level":"\u001b[32minfo\u001b[39m","message":"{\"method\":\"POST\",\"url\":\"/api/auth/register\",\"status\":\"201\",\"responseTime\":\"3107.378\"}","timestamp":"2024-12-14T11:52:02.377Z"}
{"level":"\u001b[32minfo\u001b[39m","message":"{\"method\":\"POST\",\"url\":\"/api/auth/verify-email?token=eyJhbGciOiJIUzI1NiIsInR5cCI6IkpXVCJ9.eyJlbWFpbCI6ImZhcmxpbms0NDNAZ21haWwuY29tIiwiaWF0IjoxNzM0MTc3MTE5LCJleHAiOjE3MzQxODAxMTl9.NSfbrLmXc7l2jrTJi2hv-B-jC5qveq-_q_zWnpjS1Ic\",\"status\":\"200\",\"responseTime\":\"163.966\"}","timestamp":"2024-12-14T11:52:27.769Z"}
{"level":"\u001b[32minfo\u001b[39m","message":"{\"method\":\"POST\",\"url\":\"/api/auth/login\",\"status\":\"200\",\"responseTime\":\"144.870\"}","timestamp":"2024-12-14T11:52:35.121Z"}
{"level":"\u001b[32minfo\u001b[39m","message":"{\"method\":\"POST\",\"url\":\"/api/company/register-company\",\"status\":\"201\",\"responseTime\":\"143.669\"}","timestamp":"2024-12-14T11:53:15.010Z"}
{"level":"\u001b[32minfo\u001b[39m","message":"{\"method\":\"GET\",\"url\":\"/api/auth/get-profile?email=farlink443%40gmail.com\",\"status\":\"200\",\"responseTime\":\"74.142\"}","timestamp":"2024-12-14T11:53:23.428Z"}
{"level":"\u001b[32minfo\u001b[39m","message":"{\"method\":\"POST\",\"url\":\"/api/auth/update-profile\",\"status\":\"200\",\"responseTime\":\"140.156\"}","timestamp":"2024-12-14T11:53:40.736Z"}
{"level":"\u001b[32minfo\u001b[39m","message":"{\"method\":\"GET\",\"url\":\"/api/company/get-companyProfile?email=farlink443%40gmail.com\",\"status\":\"201\",\"responseTime\":\"131.203\"}","timestamp":"2024-12-14T11:53:46.803Z"}
{"level":"\u001b[32minfo\u001b[39m","message":"{\"method\":\"POST\",\"url\":\"/api/company/update-companyProfile\",\"status\":\"201\",\"responseTime\":\"164.445\"}","timestamp":"2024-12-14T11:54:04.255Z"}
{"level":"\u001b[32minfo\u001b[39m","message":"{\"method\":\"GET\",\"url\":\"/api/auth/get-profile?email=farlink443%40gmail.com\",\"status\":\"200\",\"responseTime\":\"44.365\"}","timestamp":"2024-12-14T11:55:05.932Z"}
{"level":"\u001b[32minfo\u001b[39m","message":"{\"method\":\"GET\",\"url\":\"/api/company/get-companyProfile?email=farlink443%40gmail.com\",\"status\":\"201\",\"responseTime\":\"92.210\"}","timestamp":"2024-12-14T11:55:11.465Z"}
{"level":"\u001b[32minfo\u001b[39m","message":"{\"method\":\"POST\",\"url\":\"/api/auth/logout\",\"status\":\"200\",\"responseTime\":\"0.931\"}","timestamp":"2024-12-14T11:55:39.629Z"}
{"level":"\u001b[32minfo\u001b[39m","message":"{\"method\":\"POST\",\"url\":\"/api/auth/login\",\"status\":\"200\",\"responseTime\":\"160.827\"}","timestamp":"2024-12-14T11:56:00.294Z"}
{"level":"\u001b[32minfo\u001b[39m","message":"{\"method\":\"GET\",\"url\":\"/api/company/fetch-allOrganization\",\"status\":\"200\",\"responseTime\":\"90.158\"}","timestamp":"2024-12-14T11:56:00.450Z"}
{"level":"\u001b[32minfo\u001b[39m","message":"{\"method\":\"GET\",\"url\":\"/api/company/block-organization?email=farlink443%40gmail.com\",\"status\":\"200\",\"responseTime\":\"103.917\"}","timestamp":"2024-12-14T11:57:21.227Z"}
{"level":"\u001b[32minfo\u001b[39m","message":"{\"method\":\"POST\",\"url\":\"/api/auth/login\",\"status\":\"400\",\"responseTime\":\"53.375\"}","timestamp":"2024-12-14T11:57:38.306Z"}
{"level":"\u001b[32minfo\u001b[39m","message":"{\"method\":\"GET\",\"url\":\"/api/company/fetch-allOrganization\",\"status\":\"200\",\"responseTime\":\"153.867\"}","timestamp":"2024-12-14T11:58:13.340Z"}
{"level":"\u001b[32minfo\u001b[39m","message":"{\"method\":\"GET\",\"url\":\"/api/auth/get-profile?email=shanucp1024%40gmail.com\",\"status\":\"304\",\"responseTime\":\"78.718\"}","timestamp":"2024-12-14T11:58:23.443Z"}
