{"level":"\u001b[32minfo\u001b[39m","message":"{\"method\":\"POST\",\"url\":\"/api/auth/login\",\"status\":\"200\",\"responseTime\":\"1006.683\"}","timestamp":"2024-12-13T05:39:25.524Z"}
{"level":"\u001b[32minfo\u001b[39m","message":"{\"method\":\"GET\",\"url\":\"/api/company/fetch-allOrganization\",\"status\":\"304\",\"responseTime\":\"517.735\"}","timestamp":"2024-12-13T05:39:30.121Z"}
{"level":"\u001b[32minfo\u001b[39m","message":"{\"method\":\"POST\",\"url\":\"/api/auth/logout\",\"status\":\"200\",\"responseTime\":\"0.665\"}","timestamp":"2024-12-13T05:43:26.119Z"}
{"level":"\u001b[32minfo\u001b[39m","message":"{\"method\":\"POST\",\"url\":\"/api/auth/login\",\"status\":\"200\",\"responseTime\":\"611.574\"}","timestamp":"2024-12-13T05:43:35.427Z"}
{"level":"\u001b[32minfo\u001b[39m","message":"{\"method\":\"GET\",\"url\":\"/api/auth/get-profile?email=moideenshacp28%40gmail.com\",\"status\":\"304\",\"responseTime\":\"136.287\"}","timestamp":"2024-12-13T05:43:37.976Z"}
{"level":"\u001b[32minfo\u001b[39m","message":"{\"method\":\"GET\",\"url\":\"/api/company/get-companyProfile?email=moideenshacp28%40gmail.com\",\"status\":\"201\",\"responseTime\":\"433.432\"}","timestamp":"2024-12-13T05:43:39.960Z"}
{"level":"\u001b[32minfo\u001b[39m","message":"{\"method\":\"GET\",\"url\":\"/api/auth/get-profile?email=moideenshacp28%40gmail.com\",\"status\":\"304\",\"responseTime\":\"500.926\"}","timestamp":"2024-12-13T05:43:42.490Z"}
{"level":"\u001b[32minfo\u001b[39m","message":"{\"method\":\"GET\",\"url\":\"/api/auth/get-profile?email=moideenshacp28%40gmail.com\",\"status\":\"304\",\"responseTime\":\"234.861\"}","timestamp":"2024-12-13T05:51:34.347Z"}
{"level":"\u001b[32minfo\u001b[39m","message":"{\"method\":\"GET\",\"url\":\"/api/auth/get-profile?email=moideenshacp28%40gmail.com\",\"status\":\"304\",\"responseTime\":\"665.439\"}","timestamp":"2024-12-13T05:51:38.780Z"}
{"level":"\u001b[32minfo\u001b[39m","message":"{\"method\":\"GET\",\"url\":\"/api/auth/get-profile?email=moideenshacp28%40gmail.com\",\"status\":\"304\",\"responseTime\":\"1776.531\"}","timestamp":"2024-12-13T05:51:46.490Z"}
{"level":"\u001b[32minfo\u001b[39m","message":"{\"method\":\"GET\",\"url\":\"/api/company/get-companyProfile?email=moideenshacp28%40gmail.com\",\"status\":\"201\",\"responseTime\":\"4196.575\"}","timestamp":"2024-12-13T05:51:47.998Z"}
{"level":"\u001b[32minfo\u001b[39m","message":"{\"method\":\"GET\",\"url\":\"/api/auth/get-profile?email=moideenshacp28%40gmail.com\",\"status\":\"304\",\"responseTime\":\"1518.283\"}","timestamp":"2024-12-13T05:52:37.632Z"}
{"level":"\u001b[32minfo\u001b[39m","message":"{\"method\":\"GET\",\"url\":\"/api/auth/get-profile?email=moideenshacp28%40gmail.com\",\"status\":\"304\",\"responseTime\":\"8658.264\"}","timestamp":"2024-12-13T05:52:49.761Z"}
{"level":"\u001b[32minfo\u001b[39m","message":"{\"method\":\"GET\",\"url\":\"/api/auth/get-profile?email=moideenshacp28%40gmail.com\",\"status\":\"304\",\"responseTime\":\"630.384\"}","timestamp":"2024-12-13T05:52:50.398Z"}
{"level":"\u001b[32minfo\u001b[39m","message":"{\"method\":\"GET\",\"url\":\"/api/company/get-companyProfile?email=moideenshacp28%40gmail.com\",\"status\":\"201\",\"responseTime\":\"2166.036\"}","timestamp":"2024-12-13T05:53:00.161Z"}
{"level":"\u001b[32minfo\u001b[39m","message":"{\"method\":\"GET\",\"url\":\"/api/auth/get-profile?email=moideenshacp28%40gmail.com\",\"status\":\"304\",\"responseTime\":\"3196.720\"}","timestamp":"2024-12-13T05:53:02.196Z"}
{"level":"\u001b[32minfo\u001b[39m","message":"{\"method\":\"GET\",\"url\":\"/api/auth/get-profile?email=moideenshacp28%40gmail.com\",\"status\":\"304\",\"responseTime\":\"4075.578\"}","timestamp":"2024-12-13T05:53:43.176Z"}
{"level":"\u001b[32minfo\u001b[39m","message":"{\"method\":\"GET\",\"url\":\"/api/company/get-companyProfile?email=moideenshacp28%40gmail.com\",\"status\":\"201\",\"responseTime\":\"5164.233\"}","timestamp":"2024-12-13T05:53:47.082Z"}
{"level":"\u001b[32minfo\u001b[39m","message":"{\"method\":\"GET\",\"url\":\"/api/auth/get-profile?email=moideenshacp28%40gmail.com\",\"status\":\"304\",\"responseTime\":\"1229.387\"}","timestamp":"2024-12-13T05:53:50.162Z"}
{"level":"\u001b[32minfo\u001b[39m","message":"{\"method\":\"GET\",\"url\":\"/api/auth/get-profile?email=moideenshacp28%40gmail.com\",\"status\":\"304\",\"responseTime\":\"1937.457\"}","timestamp":"2024-12-13T05:55:06.382Z"}
{"level":"\u001b[32minfo\u001b[39m","message":"{\"method\":\"POST\",\"url\":\"/api/auth/update-profile\",\"status\":\"200\",\"responseTime\":\"1855.344\"}","timestamp":"2024-12-13T05:55:21.968Z"}
{"level":"\u001b[32minfo\u001b[39m","message":"{\"method\":\"GET\",\"url\":\"/api/company/get-companyProfile?email=moideenshacp28%40gmail.com\",\"status\":\"201\",\"responseTime\":\"1284.042\"}","timestamp":"2024-12-13T05:55:27.439Z"}
{"level":"\u001b[32minfo\u001b[39m","message":"{\"method\":\"GET\",\"url\":\"/api/auth/get-profile?email=moideenshacp28%40gmail.com\",\"status\":\"200\",\"responseTime\":\"846.440\"}","timestamp":"2024-12-13T05:55:28.700Z"}
{"level":"\u001b[32minfo\u001b[39m","message":"{\"method\":\"GET\",\"url\":\"/api/auth/get-profile?email=moideenshacp28%40gmail.com\",\"status\":\"304\",\"responseTime\":\"233.579\"}","timestamp":"2024-12-13T05:55:52.109Z"}
{"level":"\u001b[32minfo\u001b[39m","message":"{\"method\":\"GET\",\"url\":\"/api/auth/get-profile?email=moideenshacp28%40gmail.com\",\"status\":\"200\",\"responseTime\":\"2169.015\"}","timestamp":"2024-12-13T05:57:33.384Z"}
{"level":"\u001b[32minfo\u001b[39m","message":"{\"method\":\"POST\",\"url\":\"/api/auth/update-profile\",\"status\":\"200\",\"responseTime\":\"975.251\"}","timestamp":"2024-12-13T05:57:46.702Z"}
{"level":"\u001b[32minfo\u001b[39m","message":"{\"method\":\"GET\",\"url\":\"/api/company/get-companyProfile?email=moideenshacp28%40gmail.com\",\"status\":\"201\",\"responseTime\":\"931.167\"}","timestamp":"2024-12-13T05:57:51.846Z"}
{"level":"\u001b[32minfo\u001b[39m","message":"{\"method\":\"GET\",\"url\":\"/api/auth/get-profile?email=moideenshacp28%40gmail.com\",\"status\":\"200\",\"responseTime\":\"364.828\"}","timestamp":"2024-12-13T05:57:57.769Z"}
{"level":"\u001b[32minfo\u001b[39m","message":"{\"method\":\"GET\",\"url\":\"/api/auth/get-profile?email=moideenshacp28%40gmail.com\",\"status\":\"304\",\"responseTime\":\"355.364\"}","timestamp":"2024-12-13T05:59:40.467Z"}
{"level":"\u001b[32minfo\u001b[39m","message":"{\"method\":\"GET\",\"url\":\"/api/auth/get-profile?email=moideenshacp28%40gmail.com\",\"status\":\"304\",\"responseTime\":\"625.878\"}","timestamp":"2024-12-13T05:59:46.733Z"}
{"level":"\u001b[32minfo\u001b[39m","message":"{\"method\":\"GET\",\"url\":\"/api/company/get-companyProfile?email=moideenshacp28%40gmail.com\",\"status\":\"201\",\"responseTime\":\"1199.983\"}","timestamp":"2024-12-13T05:59:51.829Z"}
{"level":"\u001b[32minfo\u001b[39m","message":"{\"method\":\"GET\",\"url\":\"/api/auth/get-profile?email=moideenshacp28%40gmail.com\",\"status\":\"304\",\"responseTime\":\"398.834\"}","timestamp":"2024-12-13T05:59:53.094Z"}
{"level":"\u001b[32minfo\u001b[39m","message":"{\"method\":\"POST\",\"url\":\"/api/auth/update-profile\",\"status\":\"200\",\"responseTime\":\"1143.394\"}","timestamp":"2024-12-13T05:59:58.299Z"}
{"level":"\u001b[32minfo\u001b[39m","message":"{\"method\":\"GET\",\"url\":\"/api/company/get-companyProfile?email=moideenshacp28%40gmail.com\",\"status\":\"201\",\"responseTime\":\"896.282\"}","timestamp":"2024-12-13T06:00:01.353Z"}
{"level":"\u001b[32minfo\u001b[39m","message":"{\"method\":\"GET\",\"url\":\"/api/auth/get-profile?email=moideenshacp28%40gmail.com\",\"status\":\"200\",\"responseTime\":\"305.945\"}","timestamp":"2024-12-13T06:00:02.537Z"}
{"level":"\u001b[32minfo\u001b[39m","message":"{\"method\":\"GET\",\"url\":\"/api/auth/get-profile?email=moideenshacp28%40gmail.com\",\"status\":\"304\",\"responseTime\":\"569.722\"}","timestamp":"2024-12-13T06:01:21.674Z"}
{"level":"\u001b[32minfo\u001b[39m","message":"{\"method\":\"GET\",\"url\":\"/api/company/get-companyProfile?email=moideenshacp28%40gmail.com\",\"status\":\"201\",\"responseTime\":\"2266.821\"}","timestamp":"2024-12-13T06:01:26.659Z"}
{"level":"\u001b[32minfo\u001b[39m","message":"{\"method\":\"GET\",\"url\":\"/api/auth/get-profile?email=moideenshacp28%40gmail.com\",\"status\":\"304\",\"responseTime\":\"538.803\"}","timestamp":"2024-12-13T06:01:27.886Z"}
{"level":"\u001b[32minfo\u001b[39m","message":"{\"method\":\"POST\",\"url\":\"/api/auth/update-profile\",\"status\":\"200\",\"responseTime\":\"1383.198\"}","timestamp":"2024-12-13T06:01:33.113Z"}
{"level":"\u001b[32minfo\u001b[39m","message":"{\"method\":\"GET\",\"url\":\"/api/company/get-companyProfile?email=moideenshacp28%40gmail.com\",\"status\":\"201\",\"responseTime\":\"1128.584\"}","timestamp":"2024-12-13T06:01:37.326Z"}
{"level":"\u001b[32minfo\u001b[39m","message":"{\"method\":\"GET\",\"url\":\"/api/auth/get-profile?email=moideenshacp28%40gmail.com\",\"status\":\"200\",\"responseTime\":\"1007.203\"}","timestamp":"2024-12-13T06:01:39.062Z"}
{"level":"\u001b[32minfo\u001b[39m","message":"{\"method\":\"POST\",\"url\":\"/api/auth/update-profile\",\"status\":\"200\",\"responseTime\":\"418.445\"}","timestamp":"2024-12-13T06:01:42.724Z"}
{"level":"\u001b[32minfo\u001b[39m","message":"{\"method\":\"GET\",\"url\":\"/api/company/get-companyProfile?email=moideenshacp28%40gmail.com\",\"status\":\"201\",\"responseTime\":\"656.047\"}","timestamp":"2024-12-13T06:01:45.637Z"}
{"level":"\u001b[32minfo\u001b[39m","message":"{\"method\":\"GET\",\"url\":\"/api/auth/get-profile?email=moideenshacp28%40gmail.com\",\"status\":\"200\",\"responseTime\":\"515.357\"}","timestamp":"2024-12-13T06:02:48.195Z"}
{"level":"\u001b[32minfo\u001b[39m","message":"{\"method\":\"GET\",\"url\":\"/api/auth/get-profile?email=moideenshacp28%40gmail.com\",\"status\":\"304\",\"responseTime\":\"535.272\"}","timestamp":"2024-12-13T06:03:07.650Z"}
{"level":"\u001b[32minfo\u001b[39m","message":"{\"method\":\"GET\",\"url\":\"/api/auth/get-profile?email=moideenshacp28%40gmail.com\",\"status\":\"304\",\"responseTime\":\"507.027\"}","timestamp":"2024-12-13T06:03:48.608Z"}
{"level":"\u001b[32minfo\u001b[39m","message":"{\"method\":\"GET\",\"url\":\"/api/auth/get-profile?email=moideenshacp28%40gmail.com\",\"status\":\"304\",\"responseTime\":\"2204.972\"}","timestamp":"2024-12-13T06:04:23.311Z"}
{"level":"\u001b[32minfo\u001b[39m","message":"{\"method\":\"POST\",\"url\":\"/api/auth/logout\",\"status\":\"200\",\"responseTime\":\"1.267\"}","timestamp":"2024-12-13T06:04:28.572Z"}
{"level":"\u001b[32minfo\u001b[39m","message":"{\"method\":\"POST\",\"url\":\"/api/auth/login\",\"status\":\"400\",\"responseTime\":\"22658.520\"}","timestamp":"2024-12-13T06:05:39.789Z"}
{"level":"\u001b[32minfo\u001b[39m","message":"{\"method\":\"POST\",\"url\":\"/api/auth/login\",\"status\":\"400\",\"responseTime\":\"28987.081\"}","timestamp":"2024-12-13T06:05:42.642Z"}
{"level":"\u001b[32minfo\u001b[39m","message":"{\"method\":\"POST\",\"url\":\"/api/auth/login\",\"status\":\"400\",\"responseTime\":\"71.202\"}","timestamp":"2024-12-13T06:05:56.374Z"}
{"level":"\u001b[32minfo\u001b[39m","message":"{\"method\":\"POST\",\"url\":\"/api/auth/register\",\"status\":\"201\",\"responseTime\":\"22710.374\"}","timestamp":"2024-12-13T06:06:39.197Z"}
{"level":"\u001b[32minfo\u001b[39m","message":"{\"method\":\"POST\",\"url\":\"/api/auth/verify-email?token=eyJhbGciOiJIUzI1NiIsInR5cCI6IkpXVCJ9.eyJlbWFpbCI6ImZhcmxpbms0NDNAZ21haWwuY29tIiwiaWF0IjoxNzM0MDY5OTg3LCJleHAiOjE3MzQwNzE3ODd9.5gib0AC31CR8LHpdVcbDSNfJcMMXiYg9y9gUB6imE8A\",\"status\":\"200\",\"responseTime\":\"959.272\"}","timestamp":"2024-12-13T06:07:03.894Z"}
{"level":"\u001b[32minfo\u001b[39m","message":"{\"method\":\"POST\",\"url\":\"/api/auth/login\",\"status\":\"200\",\"responseTime\":\"824.143\"}","timestamp":"2024-12-13T06:07:15.039Z"}
{"level":"\u001b[32minfo\u001b[39m","message":"{\"method\":\"POST\",\"url\":\"/api/company/register-company\",\"status\":\"201\",\"responseTime\":\"5275.627\"}","timestamp":"2024-12-13T06:07:55.061Z"}
{"level":"\u001b[32minfo\u001b[39m","message":"{\"method\":\"GET\",\"url\":\"/api/auth/get-profile?email=farlink443%40gmail.com\",\"status\":\"200\",\"responseTime\":\"1110.662\"}","timestamp":"2024-12-13T06:08:06.648Z"}
{"level":"\u001b[32minfo\u001b[39m","message":"{\"method\":\"GET\",\"url\":\"/api/company/get-companyProfile?email=farlink443%40gmail.com\",\"status\":\"201\",\"responseTime\":\"2623.988\"}","timestamp":"2024-12-13T06:08:12.406Z"}
{"level":"\u001b[32minfo\u001b[39m","message":"{\"method\":\"GET\",\"url\":\"/api/auth/get-profile?email=farlink443%40gmail.com\",\"status\":\"304\",\"responseTime\":\"678.068\"}","timestamp":"2024-12-13T06:08:16.841Z"}
{"level":"\u001b[32minfo\u001b[39m","message":"{\"method\":\"GET\",\"url\":\"/api/company/get-companyProfile?email=farlink443%40gmail.com\",\"status\":\"201\",\"responseTime\":\"2005.854\"}","timestamp":"2024-12-13T06:08:19.278Z"}
{"level":"\u001b[32minfo\u001b[39m","message":"{\"method\":\"GET\",\"url\":\"/api/auth/get-profile?email=farlink443%40gmail.com\",\"status\":\"304\",\"responseTime\":\"1165.070\"}","timestamp":"2024-12-13T06:08:24.340Z"}
{"level":"\u001b[32minfo\u001b[39m","message":"{\"method\":\"GET\",\"url\":\"/api/company/get-companyProfile?email=farlink443%40gmail.com\",\"status\":\"201\",\"responseTime\":\"427.997\"}","timestamp":"2024-12-13T06:08:24.699Z"}
{"level":"\u001b[32minfo\u001b[39m","message":"{\"method\":\"POST\",\"url\":\"/api/auth/logout\",\"status\":\"200\",\"responseTime\":\"0.401\"}","timestamp":"2024-12-13T06:08:38.512Z"}
{"level":"\u001b[32minfo\u001b[39m","message":"{\"method\":\"POST\",\"url\":\"/api/auth/login\",\"status\":\"200\",\"responseTime\":\"4886.026\"}","timestamp":"2024-12-13T06:09:34.272Z"}
{"level":"\u001b[32minfo\u001b[39m","message":"{\"method\":\"GET\",\"url\":\"/api/company/fetch-allOrganization\",\"status\":\"200\",\"responseTime\":\"5495.793\"}","timestamp":"2024-12-13T06:09:47.227Z"}
{"level":"\u001b[32minfo\u001b[39m","message":"{\"method\":\"GET\",\"url\":\"/api/company/fetch-allOrganization\",\"status\":\"304\",\"responseTime\":\"8288.877\"}","timestamp":"2024-12-13T06:10:06.885Z"}
{"level":"\u001b[32minfo\u001b[39m","message":"{\"method\":\"GET\",\"url\":\"/api/auth/get-profile?email=shanucp1024%40gmail.com\",\"status\":\"304\",\"responseTime\":\"511.976\"}","timestamp":"2024-12-13T06:15:14.562Z"}
{"level":"\u001b[32minfo\u001b[39m","message":"{\"method\":\"GET\",\"url\":\"/api/company/fetch-allOrganization\",\"status\":\"304\",\"responseTime\":\"555.657\"}","timestamp":"2024-12-13T06:17:20.962Z"}
{"level":"\u001b[32minfo\u001b[39m","message":"{\"method\":\"GET\",\"url\":\"/api/company/fetch-allOrganization\",\"status\":\"304\",\"responseTime\":\"3487.506\"}","timestamp":"2024-12-13T06:23:46.591Z"}
{"level":"\u001b[32minfo\u001b[39m","message":"{\"method\":\"GET\",\"url\":\"/api/company/fetch-allOrganization\",\"status\":\"304\",\"responseTime\":\"5461.413\"}","timestamp":"2024-12-13T06:23:58.570Z"}
{"level":"\u001b[32minfo\u001b[39m","message":"{\"method\":\"GET\",\"url\":\"/api/company/fetch-allOrganization\",\"status\":\"304\",\"responseTime\":\"2578.844\"}","timestamp":"2024-12-13T06:24:01.154Z"}
{"level":"\u001b[32minfo\u001b[39m","message":"{\"method\":\"GET\",\"url\":\"/api/company/block-organization?email=farlink443%40gmail.com\",\"status\":\"200\",\"responseTime\":\"6.265\"}","timestamp":"2024-12-13T06:31:35.310Z"}
{"level":"\u001b[32minfo\u001b[39m","message":"{\"method\":\"GET\",\"url\":\"/api/company/block-organization?email=farlink443%40gmail.com\",\"status\":\"304\",\"responseTime\":\"2.438\"}","timestamp":"2024-12-13T06:31:55.266Z"}
{"level":"\u001b[32minfo\u001b[39m","message":"{\"method\":\"GET\",\"url\":\"/api/company/block-organization?email=farlink443%40gmail.com\",\"status\":\"304\",\"responseTime\":\"6.308\"}","timestamp":"2024-12-13T06:35:52.310Z"}
{"level":"\u001b[32minfo\u001b[39m","message":"{\"method\":\"GET\",\"url\":\"/api/company/block-organization?email=farlink443%40gmail.com\",\"status\":\"304\",\"responseTime\":\"470.240\"}","timestamp":"2024-12-13T06:40:18.822Z"}
{"level":"\u001b[32minfo\u001b[39m","message":"{\"method\":\"GET\",\"url\":\"/api/company/block-organization?email=farlink443%40gmail.com\",\"status\":\"401\",\"responseTime\":\"3.388\"}","timestamp":"2024-12-13T08:52:04.002Z"}
{"level":"\u001b[32minfo\u001b[39m","message":"{\"method\":\"POST\",\"url\":\"/api/auth/refresh-token\",\"status\":\"200\",\"responseTime\":\"19.393\"}","timestamp":"2024-12-13T08:52:04.041Z"}
{"level":"\u001b[32minfo\u001b[39m","message":"{\"method\":\"GET\",\"url\":\"/api/company/block-organization?email=farlink443%40gmail.com\",\"status\":\"304\",\"responseTime\":\"4180.387\"}","timestamp":"2024-12-13T08:52:08.234Z"}
{"level":"\u001b[32minfo\u001b[39m","message":"{\"method\":\"GET\",\"url\":\"/api/company/block-organization?email=farlink443%40gmail.com\",\"status\":\"304\",\"responseTime\":\"4221.482\"}","timestamp":"2024-12-13T09:02:04.107Z"}
{"level":"\u001b[32minfo\u001b[39m","message":"{\"method\":\"GET\",\"url\":\"/api/company/block-organization?email=farlink443%40gmail.com\",\"status\":\"304\",\"responseTime\":\"782.552\"}","timestamp":"2024-12-13T09:05:24.121Z"}
{"level":"\u001b[32minfo\u001b[39m","message":"{\"method\":\"GET\",\"url\":\"/api/company/block-organization?email=farlink443%40gmail.com\",\"status\":\"304\",\"responseTime\":\"1103.910\"}","timestamp":"2024-12-13T09:05:33.558Z"}
{"level":"\u001b[32minfo\u001b[39m","message":"{\"method\":\"GET\",\"url\":\"/api/company/block-organization?email=farlink443%40gmail.com\",\"status\":\"304\",\"responseTime\":\"1235.886\"}","timestamp":"2024-12-13T09:06:17.559Z"}
{"level":"\u001b[32minfo\u001b[39m","message":"{\"method\":\"GET\",\"url\":\"/api/company/block-organization?email=farlink443%40gmail.com\",\"status\":\"304\",\"responseTime\":\"604.495\"}","timestamp":"2024-12-13T09:06:23.576Z"}
{"level":"\u001b[32minfo\u001b[39m","message":"{\"method\":\"GET\",\"url\":\"/api/company/block-organization?email=farlink443%40gmail.com\",\"status\":\"200\",\"responseTime\":\"1939.035\"}","timestamp":"2024-12-13T09:08:50.266Z"}
{"level":"\u001b[32minfo\u001b[39m","message":"{\"method\":\"GET\",\"url\":\"/api/company/block-organization?email=farlink443%40gmail.com\",\"status\":\"200\",\"responseTime\":\"4269.030\"}","timestamp":"2024-12-13T09:10:01.759Z"}
{"level":"\u001b[32minfo\u001b[39m","message":"{\"method\":\"GET\",\"url\":\"/api/company/block-organization?email=farlink443%40gmail.com\",\"status\":\"200\",\"responseTime\":\"2172.515\"}","timestamp":"2024-12-13T09:16:22.466Z"}
{"level":"\u001b[32minfo\u001b[39m","message":"{\"method\":\"GET\",\"url\":\"/api/company/block-organization?email=farlink443%40gmail.com\",\"status\":\"200\",\"responseTime\":\"927.259\"}","timestamp":"2024-12-13T09:18:53.087Z"}
{"level":"\u001b[32minfo\u001b[39m","message":"{\"method\":\"GET\",\"url\":\"/api/company/block-organization?email=farlink443%40gmail.com\",\"status\":\"200\",\"responseTime\":\"694.363\"}","timestamp":"2024-12-13T09:20:01.329Z"}
{"level":"\u001b[32minfo\u001b[39m","message":"{\"method\":\"GET\",\"url\":\"/api/company/block-organization?email=farlink443%40gmail.com\",\"status\":\"200\",\"responseTime\":\"678.111\"}","timestamp":"2024-12-13T09:30:13.818Z"}
{"level":"\u001b[32minfo\u001b[39m","message":"{\"method\":\"GET\",\"url\":\"/api/company/block-organization?email=farlink443%40gmail.com\",\"status\":\"200\",\"responseTime\":\"1504.601\"}","timestamp":"2024-12-13T09:30:21.979Z"}
{"level":"\u001b[32minfo\u001b[39m","message":"{\"method\":\"GET\",\"url\":\"/api/company/block-organization?email=farlink443%40gmail.com\",\"status\":\"200\",\"responseTime\":\"1601.903\"}","timestamp":"2024-12-13T09:30:26.379Z"}
{"level":"\u001b[32minfo\u001b[39m","message":"{\"method\":\"GET\",\"url\":\"/api/company/block-organization?email=farlink443%40gmail.com\",\"status\":\"200\",\"responseTime\":\"913.688\"}","timestamp":"2024-12-13T09:31:33.031Z"}
{"level":"\u001b[32minfo\u001b[39m","message":"{\"method\":\"GET\",\"url\":\"/api/company/block-organization?email=farlink443%40gmail.com\",\"status\":\"200\",\"responseTime\":\"4253.531\"}","timestamp":"2024-12-13T09:31:53.234Z"}
{"level":"\u001b[32minfo\u001b[39m","message":"{\"method\":\"GET\",\"url\":\"/api/company/fetch-allOrganization\",\"status\":\"200\",\"responseTime\":\"2255.277\"}","timestamp":"2024-12-13T09:32:22.226Z"}
{"level":"\u001b[32minfo\u001b[39m","message":"{\"method\":\"GET\",\"url\":\"/api/company/fetch-allOrganization\",\"status\":\"304\",\"responseTime\":\"1715.678\"}","timestamp":"2024-12-13T09:32:33.693Z"}
{"level":"\u001b[32minfo\u001b[39m","message":"{\"method\":\"GET\",\"url\":\"/api/company/block-organization?email=farlink443%40gmail.com\",\"status\":\"200\",\"responseTime\":\"1556.251\"}","timestamp":"2024-12-13T09:33:17.993Z"}
{"level":"\u001b[32minfo\u001b[39m","message":"{\"method\":\"GET\",\"url\":\"/api/company/block-organization?email=farlink443%40gmail.com\",\"status\":\"200\",\"responseTime\":\"2344.596\"}","timestamp":"2024-12-13T09:33:24.670Z"}
{"level":"\u001b[32minfo\u001b[39m","message":"{\"method\":\"POST\",\"url\":\"/api/auth/logout\",\"status\":\"200\",\"responseTime\":\"0.973\"}","timestamp":"2024-12-13T09:37:03.038Z"}
{"level":"\u001b[32minfo\u001b[39m","message":"{\"method\":\"POST\",\"url\":\"/api/auth/login\",\"status\":\"200\",\"responseTime\":\"897.790\"}","timestamp":"2024-12-13T09:37:15.194Z"}
{"level":"\u001b[32minfo\u001b[39m","message":"{\"method\":\"GET\",\"url\":\"/api/auth/get-profile?email=moideenshacp28%40gmail.com\",\"status\":\"304\",\"responseTime\":\"294.160\"}","timestamp":"2024-12-13T09:37:18.190Z"}
{"level":"\u001b[32minfo\u001b[39m","message":"{\"method\":\"GET\",\"url\":\"/api/company/get-companyProfile?email=moideenshacp28%40gmail.com\",\"status\":\"201\",\"responseTime\":\"1308.884\"}","timestamp":"2024-12-13T09:37:21.966Z"}
{"level":"\u001b[32minfo\u001b[39m","message":"{\"method\":\"GET\",\"url\":\"/api/auth/get-profile?email=moideenshacp28%40gmail.com\",\"status\":\"304\",\"responseTime\":\"491.824\"}","timestamp":"2024-12-13T09:37:38.372Z"}
{"level":"\u001b[32minfo\u001b[39m","message":"{\"method\":\"GET\",\"url\":\"/api/company/get-companyProfile?email=moideenshacp28%40gmail.com\",\"status\":\"201\",\"responseTime\":\"978.349\"}","timestamp":"2024-12-13T09:37:40.491Z"}
{"level":"\u001b[32minfo\u001b[39m","message":"{\"method\":\"POST\",\"url\":\"/api/auth/logout\",\"status\":\"200\",\"responseTime\":\"0.548\"}","timestamp":"2024-12-13T09:37:41.908Z"}
{"level":"\u001b[32minfo\u001b[39m","message":"{\"method\":\"POST\",\"url\":\"/api/auth/login\",\"status\":\"200\",\"responseTime\":\"4427.690\"}","timestamp":"2024-12-13T09:45:12.393Z"}
{"level":"\u001b[32minfo\u001b[39m","message":"{\"method\":\"GET\",\"url\":\"/api/company/fetch-allOrganization\",\"status\":\"304\",\"responseTime\":\"792.917\"}","timestamp":"2024-12-13T09:45:19.148Z"}
{"level":"\u001b[32minfo\u001b[39m","message":"{\"method\":\"POST\",\"url\":\"/api/auth/logout\",\"status\":\"200\",\"responseTime\":\"0.803\"}","timestamp":"2024-12-13T09:45:29.090Z"}
{"level":"\u001b[32minfo\u001b[39m","message":"{\"method\":\"POST\",\"url\":\"/api/auth/login\",\"status\":\"400\",\"responseTime\":\"764.440\"}","timestamp":"2024-12-13T09:45:39.498Z"}
{"level":"\u001b[32minfo\u001b[39m","message":"{\"method\":\"POST\",\"url\":\"/api/auth/login\",\"status\":\"200\",\"responseTime\":\"5364.134\"}","timestamp":"2024-12-13T09:46:13.672Z"}
{"level":"\u001b[32minfo\u001b[39m","message":"{\"method\":\"GET\",\"url\":\"/api/company/fetch-allOrganization\",\"status\":\"304\",\"responseTime\":\"499.547\"}","timestamp":"2024-12-13T09:46:15.972Z"}
{"level":"\u001b[32minfo\u001b[39m","message":"{\"method\":\"GET\",\"url\":\"/api/company/block-organization?email=farlink443%40gmail.com\",\"status\":\"200\",\"responseTime\":\"1348.620\"}","timestamp":"2024-12-13T09:46:20.904Z"}
{"level":"\u001b[32minfo\u001b[39m","message":"{\"method\":\"POST\",\"url\":\"/api/auth/logout\",\"status\":\"200\",\"responseTime\":\"0.327\"}","timestamp":"2024-12-13T09:46:25.052Z"}
{"level":"\u001b[32minfo\u001b[39m","message":"{\"method\":\"POST\",\"url\":\"/api/auth/login\",\"status\":\"200\",\"responseTime\":\"2150.984\"}","timestamp":"2024-12-13T09:46:37.351Z"}
{"level":"\u001b[32minfo\u001b[39m","message":"{\"method\":\"GET\",\"url\":\"/api/auth/get-profile?email=farlink443%40gmail.com\",\"status\":\"200\",\"responseTime\":\"1817.336\"}","timestamp":"2024-12-13T09:46:42.219Z"}
{"level":"\u001b[32minfo\u001b[39m","message":"{\"method\":\"GET\",\"url\":\"/api/auth/get-profile?email=farlink443%40gmail.com\",\"status\":\"304\",\"responseTime\":\"2627.222\"}","timestamp":"2024-12-13T10:20:12.098Z"}
{"level":"\u001b[32minfo\u001b[39m","message":"{\"method\":\"GET\",\"url\":\"/api/company/get-companyProfile?email=farlink443%40gmail.com\",\"status\":\"201\",\"responseTime\":\"171.009\"}","timestamp":"2024-12-13T10:21:35.381Z"}
{"level":"\u001b[32minfo\u001b[39m","message":"{\"method\":\"GET\",\"url\":\"/api/auth/get-profile?email=farlink443%40gmail.com\",\"status\":\"304\",\"responseTime\":\"234.590\"}","timestamp":"2024-12-13T10:21:37.777Z"}
{"level":"\u001b[32minfo\u001b[39m","message":"{\"method\":\"POST\",\"url\":\"/api/auth/update-profile\",\"status\":\"200\",\"responseTime\":\"314.610\"}","timestamp":"2024-12-13T10:22:00.641Z"}
{"level":"\u001b[32minfo\u001b[39m","message":"{\"method\":\"GET\",\"url\":\"/api/company/get-companyProfile?email=farlink443%40gmail.com\",\"status\":\"201\",\"responseTime\":\"3549.907\"}","timestamp":"2024-12-13T10:22:07.802Z"}
{"level":"\u001b[32minfo\u001b[39m","message":"{\"method\":\"POST\",\"url\":\"/api/auth/logout\",\"status\":\"200\",\"responseTime\":\"0.595\"}","timestamp":"2024-12-13T10:22:32.304Z"}
{"level":"\u001b[32minfo\u001b[39m","message":"{\"method\":\"POST\",\"url\":\"/api/auth/login\",\"status\":\"200\",\"responseTime\":\"410.752\"}","timestamp":"2024-12-13T10:23:27.739Z"}
{"level":"\u001b[32minfo\u001b[39m","message":"{\"method\":\"GET\",\"url\":\"/api/company/fetch-allOrganization\",\"status\":\"200\",\"responseTime\":\"822.942\"}","timestamp":"2024-12-13T10:23:30.632Z"}
{"level":"\u001b[32minfo\u001b[39m","message":"{\"method\":\"POST\",\"url\":\"/api/auth/logout\",\"status\":\"200\",\"responseTime\":\"0.348\"}","timestamp":"2024-12-13T10:23:42.708Z"}
{"level":"\u001b[32minfo\u001b[39m","message":"{\"method\":\"POST\",\"url\":\"/api/auth/login\",\"status\":\"200\",\"responseTime\":\"124.708\"}","timestamp":"2024-12-13T10:23:54.291Z"}
{"level":"\u001b[32minfo\u001b[39m","message":"{\"method\":\"GET\",\"url\":\"/api/auth/get-profile?email=farlink443%40gmail.com\",\"status\":\"200\",\"responseTime\":\"149.753\"}","timestamp":"2024-12-13T10:23:57.424Z"}
{"level":"\u001b[32minfo\u001b[39m","message":"{\"method\":\"GET\",\"url\":\"/api/company/get-companyProfile?email=farlink443%40gmail.com\",\"status\":\"201\",\"responseTime\":\"184.935\"}","timestamp":"2024-12-13T10:23:59.461Z"}
{"level":"\u001b[32minfo\u001b[39m","message":"{\"method\":\"POST\",\"url\":\"/api/auth/logout\",\"status\":\"200\",\"responseTime\":\"0.502\"}","timestamp":"2024-12-13T10:24:06.877Z"}
{"level":"\u001b[32minfo\u001b[39m","message":"{\"method\":\"POST\",\"url\":\"/api/auth/login\",\"status\":\"200\",\"responseTime\":\"335.191\"}","timestamp":"2024-12-13T10:24:21.029Z"}
{"level":"\u001b[32minfo\u001b[39m","message":"{\"method\":\"GET\",\"url\":\"/api/company/fetch-allOrganization\",\"status\":\"304\",\"responseTime\":\"330.753\"}","timestamp":"2024-12-13T10:24:23.677Z"}
{"level":"\u001b[32minfo\u001b[39m","message":"{\"method\":\"GET\",\"url\":\"/api/company/block-organization?email=farlink443%40gmail.com\",\"status\":\"200\",\"responseTime\":\"493.481\"}","timestamp":"2024-12-13T10:24:32.635Z"}
{"level":"\u001b[32minfo\u001b[39m","message":"{\"method\":\"POST\",\"url\":\"/api/auth/logout\",\"status\":\"200\",\"responseTime\":\"0.335\"}","timestamp":"2024-12-13T10:24:36.756Z"}
{"level":"\u001b[32minfo\u001b[39m","message":"{\"method\":\"POST\",\"url\":\"/api/auth/login\",\"status\":\"400\",\"responseTime\":\"44.281\"}","timestamp":"2024-12-13T10:24:45.916Z"}
{"level":"\u001b[32minfo\u001b[39m","message":"{\"method\":\"POST\",\"url\":\"/api/auth/login\",\"status\":\"200\",\"responseTime\":\"261.933\"}","timestamp":"2024-12-13T10:24:54.155Z"}
{"level":"\u001b[32minfo\u001b[39m","message":"{\"method\":\"GET\",\"url\":\"/api/company/fetch-allOrganization\",\"status\":\"200\",\"responseTime\":\"219.106\"}","timestamp":"2024-12-13T10:24:56.504Z"}
{"level":"\u001b[32minfo\u001b[39m","message":"{\"method\":\"GET\",\"url\":\"/api/company/block-organization?email=farlink443%40gmail.com\",\"status\":\"200\",\"responseTime\":\"380.216\"}","timestamp":"2024-12-13T10:24:59.309Z"}
{"level":"\u001b[32minfo\u001b[39m","message":"{\"method\":\"POST\",\"url\":\"/api/auth/logout\",\"status\":\"200\",\"responseTime\":\"0.335\"}","timestamp":"2024-12-13T10:25:01.757Z"}
{"level":"\u001b[32minfo\u001b[39m","message":"{\"method\":\"POST\",\"url\":\"/api/auth/login\",\"status\":\"200\",\"responseTime\":\"253.918\"}","timestamp":"2024-12-13T10:25:22.645Z"}
{"level":"\u001b[32minfo\u001b[39m","message":"{\"method\":\"GET\",\"url\":\"/api/auth/get-profile?email=farlink443%40gmail.com\",\"status\":\"304\",\"responseTime\":\"100.296\"}","timestamp":"2024-12-13T10:25:26.054Z"}
{"level":"\u001b[32minfo\u001b[39m","message":"{\"method\":\"GET\",\"url\":\"/api/company/get-companyProfile?email=farlink443%40gmail.com\",\"status\":\"201\",\"responseTime\":\"338.057\"}","timestamp":"2024-12-13T10:25:39.737Z"}
{"level":"\u001b[32minfo\u001b[39m","message":"{\"method\":\"POST\",\"url\":\"/api/company/update-companyProfile\",\"status\":\"201\",\"responseTime\":\"260.756\"}","timestamp":"2024-12-13T10:26:00.471Z"}
{"level":"\u001b[32minfo\u001b[39m","message":"{\"method\":\"POST\",\"url\":\"/api/company/update-companyProfile\",\"status\":\"201\",\"responseTime\":\"197.105\"}","timestamp":"2024-12-13T10:26:05.736Z"}
{"level":"\u001b[32minfo\u001b[39m","message":"{\"method\":\"GET\",\"url\":\"/api/auth/get-profile?email=farlink443%40gmail.com\",\"status\":\"304\",\"responseTime\":\"94.522\"}","timestamp":"2024-12-13T10:26:09.161Z"}
{"level":"\u001b[32minfo\u001b[39m","message":"{\"method\":\"GET\",\"url\":\"/api/company/get-companyProfile?email=farlink443%40gmail.com\",\"status\":\"201\",\"responseTime\":\"304.666\"}","timestamp":"2024-12-13T10:26:10.371Z"}
{"level":"\u001b[32minfo\u001b[39m","message":"{\"method\":\"POST\",\"url\":\"/api/auth/logout\",\"status\":\"200\",\"responseTime\":\"1.522\"}","timestamp":"2024-12-13T10:26:16.896Z"}
