{"level":"\u001b[32minfo\u001b[39m","message":"{\"method\":\"POST\",\"url\":\"/api/auth/refresh-token\",\"status\":\"200\",\"responseTime\":\"112.277\"}","timestamp":"2024-12-19T03:33:25.045Z"}
{"level":"\u001b[32minfo\u001b[39m","message":"{\"method\":\"POST\",\"url\":\"/api/auth/logout\",\"status\":\"200\",\"responseTime\":\"1.581\"}","timestamp":"2024-12-19T03:51:16.808Z"}
{"level":"\u001b[32minfo\u001b[39m","message":"{\"method\":\"POST\",\"url\":\"/api/auth/login\",\"status\":\"200\",\"responseTime\":\"532.150\"}","timestamp":"2024-12-19T03:51:38.468Z"}
{"level":"\u001b[32minfo\u001b[39m","message":"{\"method\":\"POST\",\"url\":\"/api/auth/logout\",\"status\":\"200\",\"responseTime\":\"4.930\"}","timestamp":"2024-12-19T03:58:11.160Z"}
{"level":"\u001b[32minfo\u001b[39m","message":"{\"method\":\"POST\",\"url\":\"/api/auth/register\",\"status\":\"201\",\"responseTime\":\"3213.008\"}","timestamp":"2024-12-19T03:59:35.673Z"}
{"level":"\u001b[32minfo\u001b[39m","message":"{\"method\":\"POST\",\"url\":\"/api/auth/verify-email?token=eyJhbGciOiJIUzI1NiIsInR5cCI6IkpXVCJ9.eyJlbWFpbCI6Im1vaWRlZW5zaGFjcDI4QGdtYWlsLmNvbSIsImlhdCI6MTczNDU4MDc3MiwiZXhwIjoxNzM0NTgzNzcyfQ.e9bXr_UTtB1BTA7VBWhqu1itaQy8zHxQVucHFy_ON5c\",\"status\":\"200\",\"responseTime\":\"245.610\"}","timestamp":"2024-12-19T03:59:58.238Z"}
{"level":"\u001b[32minfo\u001b[39m","message":"{\"method\":\"POST\",\"url\":\"/api/auth/login\",\"status\":\"200\",\"responseTime\":\"180.497\"}","timestamp":"2024-12-19T04:00:25.328Z"}
{"level":"\u001b[32minfo\u001b[39m","message":"{\"method\":\"POST\",\"url\":\"/api/company/register-company\",\"status\":\"201\",\"responseTime\":\"607.810\"}","timestamp":"2024-12-19T04:00:53.406Z"}
{"level":"\u001b[32minfo\u001b[39m","message":"{\"method\":\"POST\",\"url\":\"/api/auth/verify-email?token=eyJhbGciOiJIUzI1NiIsInR5cCI6IkpXVCJ9.eyJlbWFpbCI6Im1vaWRlZW5zaGFjcDI4QGdtYWlsLmNvbSIsImlhdCI6MTczNDU4MDc3MiwiZXhwIjoxNzM0NTgzNzcyfQ.e9bXr_UTtB1BTA7VBWhqu1itaQy8zHxQVucHFy_ON5c\",\"status\":\"400\",\"responseTime\":\"74.587\"}","timestamp":"2024-12-19T04:07:18.856Z"}
{"level":"\u001b[32minfo\u001b[39m","message":"{\"method\":\"POST\",\"url\":\"/api/auth/logout\",\"status\":\"200\",\"responseTime\":\"1.366\"}","timestamp":"2024-12-19T04:07:28.718Z"}
{"level":"\u001b[32minfo\u001b[39m","message":"{\"method\":\"POST\",\"url\":\"/api/auth/register\",\"status\":\"201\",\"responseTime\":\"3629.213\"}","timestamp":"2024-12-19T04:08:10.086Z"}
{"level":"\u001b[32minfo\u001b[39m","message":"{\"method\":\"POST\",\"url\":\"/api/auth/verify-email?token=eyJhbGciOiJIUzI1NiIsInR5cCI6IkpXVCJ9.eyJlbWFpbCI6Im1vaWRlZW5zaGFjcDI4QGdtYWlsLmNvbSIsImlhdCI6MTczNDU4MTI4NiwiZXhwIjoxNzM0NTg0Mjg2fQ.hJxchqFOr4RSX8xuVRU6_9IB8UC38VX7pq5dOHkjqJ4\",\"status\":\"200\",\"responseTime\":\"551.202\"}","timestamp":"2024-12-19T04:08:22.106Z"}
{"level":"\u001b[32minfo\u001b[39m","message":"{\"method\":\"POST\",\"url\":\"/api/auth/login\",\"status\":\"200\",\"responseTime\":\"313.996\"}","timestamp":"2024-12-19T04:08:34.278Z"}
{"level":"\u001b[32minfo\u001b[39m","message":"{\"method\":\"POST\",\"url\":\"/api/company/register-company\",\"status\":\"201\",\"responseTime\":\"348.742\"}","timestamp":"2024-12-19T04:08:53.143Z"}
{"level":"\u001b[32minfo\u001b[39m","message":"{\"method\":\"POST\",\"url\":\"/api/auth/logout\",\"status\":\"200\",\"responseTime\":\"1.666\"}","timestamp":"2024-12-19T04:10:19.190Z"}
{"level":"\u001b[32minfo\u001b[39m","message":"{\"method\":\"POST\",\"url\":\"/api/auth/login\",\"status\":\"200\",\"responseTime\":\"283.425\"}","timestamp":"2024-12-19T04:10:35.083Z"}
{"level":"\u001b[32minfo\u001b[39m","message":"{\"method\":\"POST\",\"url\":\"/api/auth/logout\",\"status\":\"200\",\"responseTime\":\"7.417\"}","timestamp":"2024-12-19T04:18:00.082Z"}
{"level":"\u001b[32minfo\u001b[39m","message":"{\"method\":\"POST\",\"url\":\"/api/auth/login\",\"status\":\"200\",\"responseTime\":\"238.832\"}","timestamp":"2024-12-19T04:18:21.508Z"}
{"level":"\u001b[32minfo\u001b[39m","message":"{\"method\":\"POST\",\"url\":\"/api/auth/logout\",\"status\":\"200\",\"responseTime\":\"1.050\"}","timestamp":"2024-12-19T04:19:02.358Z"}
{"level":"\u001b[32minfo\u001b[39m","message":"{\"method\":\"POST\",\"url\":\"/api/auth/register\",\"status\":\"201\",\"responseTime\":\"4768.112\"}","timestamp":"2024-12-19T04:19:56.080Z"}
{"level":"\u001b[32minfo\u001b[39m","message":"{\"method\":\"POST\",\"url\":\"/api/auth/verify-email?token=eyJhbGciOiJIUzI1NiIsInR5cCI6IkpXVCJ9.eyJlbWFpbCI6Im1vaWRlZW5zaGFjcDI4QGdtYWlsLmNvbSIsImlhdCI6MTczNDU4MTk5MSwiZXhwIjoxNzM0NTg0OTkxfQ.ovbWsahv0z9yI_mKuCtXrv1ENhydiVwatxCDhtfU12s\",\"status\":\"200\",\"responseTime\":\"271.371\"}","timestamp":"2024-12-19T04:20:11.242Z"}
{"level":"\u001b[32minfo\u001b[39m","message":"{\"method\":\"POST\",\"url\":\"/api/auth/login\",\"status\":\"200\",\"responseTime\":\"161.596\"}","timestamp":"2024-12-19T04:20:38.922Z"}
{"level":"\u001b[32minfo\u001b[39m","message":"{\"method\":\"POST\",\"url\":\"/api/company/register-company\",\"status\":\"201\",\"responseTime\":\"178.651\"}","timestamp":"2024-12-19T04:20:59.805Z"}
{"level":"\u001b[32minfo\u001b[39m","message":"{\"method\":\"POST\",\"url\":\"/api/auth/logout\",\"status\":\"200\",\"responseTime\":\"4.446\"}","timestamp":"2024-12-19T04:56:57.711Z"}
{"level":"\u001b[32minfo\u001b[39m","message":"{\"method\":\"POST\",\"url\":\"/api/auth/login\",\"status\":\"200\",\"responseTime\":\"535.940\"}","timestamp":"2024-12-19T04:57:25.598Z"}
{"level":"\u001b[32minfo\u001b[39m","message":"{\"method\":\"POST\",\"url\":\"/api/auth/refresh-token\",\"status\":\"200\",\"responseTime\":\"46.755\"}","timestamp":"2024-12-19T06:30:20.207Z"}
{"level":"\u001b[32minfo\u001b[39m","message":"{\"method\":\"GET\",\"url\":\"/api/auth/get-profile?email=moideenshacp28%40gmail.com\",\"status\":\"200\",\"responseTime\":\"364.043\"}","timestamp":"2024-12-19T06:32:13.704Z"}
{"level":"\u001b[32minfo\u001b[39m","message":"{\"method\":\"GET\",\"url\":\"/api/company/get-companyProfile?email=moideenshacp28%40gmail.com\",\"status\":\"201\",\"responseTime\":\"1142.672\"}","timestamp":"2024-12-19T06:32:17.135Z"}
{"level":"\u001b[32minfo\u001b[39m","message":"{\"method\":\"GET\",\"url\":\"/api/auth/get-profile?email=moideenshacp28%40gmail.com\",\"status\":\"304\",\"responseTime\":\"180.554\"}","timestamp":"2024-12-19T06:32:20.008Z"}
{"level":"\u001b[32minfo\u001b[39m","message":"{\"method\":\"GET\",\"url\":\"/api/auth/get-profile?email=moideenshacp28%40gmail.com\",\"status\":\"304\",\"responseTime\":\"87.633\"}","timestamp":"2024-12-19T06:37:13.215Z"}
{"level":"\u001b[32minfo\u001b[39m","message":"{\"method\":\"GET\",\"url\":\"/api/company/get-companyProfile?email=moideenshacp28%40gmail.com\",\"status\":\"201\",\"responseTime\":\"220.579\"}","timestamp":"2024-12-19T06:37:14.942Z"}
{"level":"\u001b[32minfo\u001b[39m","message":"{\"method\":\"GET\",\"url\":\"/api/auth/get-profile?email=moideenshacp28%40gmail.com\",\"status\":\"304\",\"responseTime\":\"73.325\"}","timestamp":"2024-12-19T06:37:16.245Z"}
{"level":"\u001b[32minfo\u001b[39m","message":"{\"method\":\"GET\",\"url\":\"/api/company/get-companyProfile?email=moideenshacp28%40gmail.com\",\"status\":\"201\",\"responseTime\":\"222.280\"}","timestamp":"2024-12-19T06:37:27.055Z"}
{"level":"\u001b[32minfo\u001b[39m","message":"{\"method\":\"GET\",\"url\":\"/api/auth/get-profile?email=moideenshacp28%40gmail.com\",\"status\":\"304\",\"responseTime\":\"532.468\"}","timestamp":"2024-12-19T06:38:53.860Z"}
{"level":"\u001b[32minfo\u001b[39m","message":"{\"method\":\"GET\",\"url\":\"/api/company/get-companyProfile?email=moideenshacp28%40gmail.com\",\"status\":\"201\",\"responseTime\":\"955.028\"}","timestamp":"2024-12-19T06:39:19.535Z"}
{"level":"\u001b[32minfo\u001b[39m","message":"{\"method\":\"GET\",\"url\":\"/api/auth/get-profile?email=moideenshacp28%40gmail.com\",\"status\":\"304\",\"responseTime\":\"196.927\"}","timestamp":"2024-12-19T06:39:22.757Z"}
{"level":"\u001b[32minfo\u001b[39m","message":"{\"method\":\"GET\",\"url\":\"/api/auth/get-profile?email=moideenshacp28%40gmail.com\",\"status\":\"304\",\"responseTime\":\"73.898\"}","timestamp":"2024-12-19T06:40:07.415Z"}
{"level":"\u001b[32minfo\u001b[39m","message":"{\"method\":\"GET\",\"url\":\"/api/auth/get-profile?email=moideenshacp28%40gmail.com\",\"status\":\"304\",\"responseTime\":\"219.806\"}","timestamp":"2024-12-19T06:40:21.604Z"}
{"level":"\u001b[32minfo\u001b[39m","message":"{\"method\":\"GET\",\"url\":\"/api/company/get-companyProfile?email=moideenshacp28%40gmail.com\",\"status\":\"201\",\"responseTime\":\"215.227\"}","timestamp":"2024-12-19T06:40:28.892Z"}
{"level":"\u001b[32minfo\u001b[39m","message":"{\"method\":\"GET\",\"url\":\"/api/auth/get-profile?email=moideenshacp28%40gmail.com\",\"status\":\"304\",\"responseTime\":\"79.827\"}","timestamp":"2024-12-19T06:40:30.200Z"}
{"level":"\u001b[32minfo\u001b[39m","message":"{\"method\":\"POST\",\"url\":\"/api/auth/logout\",\"status\":\"200\",\"responseTime\":\"1.224\"}","timestamp":"2024-12-19T06:40:33.097Z"}
{"level":"\u001b[32minfo\u001b[39m","message":"{\"method\":\"POST\",\"url\":\"/api/auth/login\",\"status\":\"200\",\"responseTime\":\"177.596\"}","timestamp":"2024-12-19T06:40:41.213Z"}
{"level":"\u001b[32minfo\u001b[39m","message":"{\"method\":\"GET\",\"url\":\"/api/company/fetch-allOrganization\",\"status\":\"200\",\"responseTime\":\"160.899\"}","timestamp":"2024-12-19T06:40:41.434Z"}
{"level":"\u001b[32minfo\u001b[39m","message":"{\"method\":\"GET\",\"url\":\"/api/auth/get-profile?email=shanucp1024%40gmail.com\",\"status\":\"304\",\"responseTime\":\"68.185\"}","timestamp":"2024-12-19T06:40:43.829Z"}
{"level":"\u001b[32minfo\u001b[39m","message":"{\"method\":\"GET\",\"url\":\"/api/auth/get-profile?email=shanucp1024%40gmail.com\",\"status\":\"304\",\"responseTime\":\"79.218\"}","timestamp":"2024-12-19T06:40:48.513Z"}
{"level":"\u001b[32minfo\u001b[39m","message":"{\"method\":\"GET\",\"url\":\"/api/auth/get-profile?email=shanucp1024%40gmail.com\",\"status\":\"304\",\"responseTime\":\"115.599\"}","timestamp":"2024-12-19T06:40:51.371Z"}
{"level":"\u001b[32minfo\u001b[39m","message":"{\"method\":\"POST\",\"url\":\"/api/auth/logout\",\"status\":\"200\",\"responseTime\":\"1.158\"}","timestamp":"2024-12-19T06:40:53.992Z"}
{"level":"\u001b[32minfo\u001b[39m","message":"{\"method\":\"POST\",\"url\":\"/api/auth/login\",\"status\":\"200\",\"responseTime\":\"218.755\"}","timestamp":"2024-12-19T06:41:01.810Z"}
{"level":"\u001b[32minfo\u001b[39m","message":"{\"method\":\"GET\",\"url\":\"/api/auth/get-profile?email=moideenshacp28%40gmail.com\",\"status\":\"304\",\"responseTime\":\"124.351\"}","timestamp":"2024-12-19T06:41:03.943Z"}
{"level":"\u001b[32minfo\u001b[39m","message":"{\"method\":\"POST\",\"url\":\"/api/auth/update-profile\",\"status\":\"200\",\"responseTime\":\"258.751\"}","timestamp":"2024-12-19T06:41:18.638Z"}
{"level":"\u001b[32minfo\u001b[39m","message":"{\"method\":\"GET\",\"url\":\"/api/company/get-companyProfile?email=moideenshacp28%40gmail.com\",\"status\":\"201\",\"responseTime\":\"1463.648\"}","timestamp":"2024-12-19T06:41:22.432Z"}
{"level":"\u001b[32minfo\u001b[39m","message":"{\"method\":\"GET\",\"url\":\"/api/auth/get-profile?email=moideenshacp28%40gmail.com\",\"status\":\"200\",\"responseTime\":\"313.232\"}","timestamp":"2024-12-19T06:41:22.621Z"}
{"level":"\u001b[32minfo\u001b[39m","message":"{\"method\":\"POST\",\"url\":\"/api/auth/logout\",\"status\":\"200\",\"responseTime\":\"1.815\"}","timestamp":"2024-12-19T06:43:07.938Z"}
{"level":"\u001b[32minfo\u001b[39m","message":"{\"method\":\"POST\",\"url\":\"/api/auth/login\",\"status\":\"200\",\"responseTime\":\"173.004\"}","timestamp":"2024-12-19T06:43:15.349Z"}
{"level":"\u001b[32minfo\u001b[39m","message":"{\"method\":\"GET\",\"url\":\"/api/company/fetch-allOrganization\",\"status\":\"200\",\"responseTime\":\"527.871\"}","timestamp":"2024-12-19T06:43:15.942Z"}
{"level":"\u001b[32minfo\u001b[39m","message":"{\"method\":\"GET\",\"url\":\"/api/company/fetch-allOrganization\",\"status\":\"304\",\"responseTime\":\"299.978\"}","timestamp":"2024-12-19T06:43:19.546Z"}
{"level":"\u001b[32minfo\u001b[39m","message":"{\"method\":\"GET\",\"url\":\"/api/company/fetch-allOrganization\",\"status\":\"304\",\"responseTime\":\"1103.006\"}","timestamp":"2024-12-19T06:43:24.933Z"}
{"level":"\u001b[32minfo\u001b[39m","message":"{\"method\":\"GET\",\"url\":\"/api/auth/get-profile?email=shanucp1024%40gmail.com\",\"status\":\"304\",\"responseTime\":\"473.001\"}","timestamp":"2024-12-19T06:43:25.357Z"}
{"level":"\u001b[32minfo\u001b[39m","message":"{\"method\":\"POST\",\"url\":\"/api/auth/update-profile\",\"status\":\"200\",\"responseTime\":\"159.792\"}","timestamp":"2024-12-19T06:43:29.224Z"}
{"level":"\u001b[32minfo\u001b[39m","message":"{\"method\":\"GET\",\"url\":\"/api/auth/get-profile?email=shanucp1024%40gmail.com\",\"status\":\"200\",\"responseTime\":\"275.212\"}","timestamp":"2024-12-19T06:43:34.217Z"}
{"level":"\u001b[32minfo\u001b[39m","message":"{\"method\":\"POST\",\"url\":\"/api/auth/logout\",\"status\":\"200\",\"responseTime\":\"0.360\"}","timestamp":"2024-12-19T06:43:38.379Z"}
{"level":"\u001b[32minfo\u001b[39m","message":"{\"method\":\"POST\",\"url\":\"/api/auth/login\",\"status\":\"200\",\"responseTime\":\"178.236\"}","timestamp":"2024-12-19T06:44:55.649Z"}
{"level":"\u001b[32minfo\u001b[39m","message":"{\"method\":\"POST\",\"url\":\"/api/auth/logout\",\"status\":\"200\",\"responseTime\":\"8.362\"}","timestamp":"2024-12-19T07:25:33.122Z"}
{"level":"\u001b[32minfo\u001b[39m","message":"{\"method\":\"POST\",\"url\":\"/api/auth/login\",\"status\":\"200\",\"responseTime\":\"146.449\"}","timestamp":"2024-12-19T07:25:40.824Z"}
{"level":"\u001b[32minfo\u001b[39m","message":"{\"method\":\"GET\",\"url\":\"/api/company/fetch-allOrganization\",\"status\":\"304\",\"responseTime\":\"164.848\"}","timestamp":"2024-12-19T07:25:41.044Z"}
{"level":"\u001b[32minfo\u001b[39m","message":"{\"method\":\"POST\",\"url\":\"/api/auth/logout\",\"status\":\"200\",\"responseTime\":\"1.556\"}","timestamp":"2024-12-19T07:25:52.343Z"}
{"level":"\u001b[32minfo\u001b[39m","message":"{\"method\":\"POST\",\"url\":\"/api/auth/login\",\"status\":\"200\",\"responseTime\":\"180.029\"}","timestamp":"2024-12-19T07:26:00.449Z"}
{"level":"\u001b[32minfo\u001b[39m","message":"{\"method\":\"POST\",\"url\":\"/api/auth/refresh-token\",\"status\":\"200\",\"responseTime\":\"30.189\"}","timestamp":"2024-12-19T09:19:38.209Z"}
{"level":"\u001b[32minfo\u001b[39m","message":"{\"method\":\"POST\",\"url\":\"/api/auth/refresh-token\",\"status\":\"200\",\"responseTime\":\"15.466\"}","timestamp":"2024-12-19T10:32:32.631Z"}
{"level":"\u001b[32minfo\u001b[39m","message":"{\"method\":\"POST\",\"url\":\"/api/auth/logout\",\"status\":\"200\",\"responseTime\":\"1.064\"}","timestamp":"2024-12-19T10:33:31.830Z"}
{"level":"\u001b[32minfo\u001b[39m","message":"{\"method\":\"POST\",\"url\":\"/api/auth/login\",\"status\":\"400\",\"responseTime\":\"115.817\"}","timestamp":"2024-12-19T10:34:10.312Z"}
{"level":"\u001b[32minfo\u001b[39m","message":"{\"method\":\"POST\",\"url\":\"/api/auth/login\",\"status\":\"200\",\"responseTime\":\"118.658\"}","timestamp":"2024-12-19T10:34:16.006Z"}
{"level":"\u001b[32minfo\u001b[39m","message":"{\"method\":\"GET\",\"url\":\"/api/company/fetch-allOrganization\",\"status\":\"304\",\"responseTime\":\"105.912\"}","timestamp":"2024-12-19T10:34:16.150Z"}
{"level":"\u001b[32minfo\u001b[39m","message":"{\"method\":\"GET\",\"url\":\"/api/company/block-organization?email=farlink443%40gmail.com\",\"status\":\"200\",\"responseTime\":\"117.468\"}","timestamp":"2024-12-19T10:34:21.151Z"}
{"level":"\u001b[32minfo\u001b[39m","message":"{\"method\":\"POST\",\"url\":\"/api/auth/logout\",\"status\":\"200\",\"responseTime\":\"0.755\"}","timestamp":"2024-12-19T10:34:23.946Z"}
{"level":"\u001b[32minfo\u001b[39m","message":"{\"method\":\"POST\",\"url\":\"/api/auth/login\",\"status\":\"200\",\"responseTime\":\"126.520\"}","timestamp":"2024-12-19T10:34:33.551Z"}
{"level":"\u001b[32minfo\u001b[39m","message":"{\"method\":\"POST\",\"url\":\"/api/auth/logout\",\"status\":\"200\",\"responseTime\":\"0.711\"}","timestamp":"2024-12-19T10:36:41.521Z"}
{"level":"\u001b[32minfo\u001b[39m","message":"{\"method\":\"POST\",\"url\":\"/api/auth/login\",\"status\":\"200\",\"responseTime\":\"385.728\"}","timestamp":"2024-12-19T10:36:50.940Z"}
{"level":"\u001b[32minfo\u001b[39m","message":"{\"method\":\"POST\",\"url\":\"/api/auth/logout\",\"status\":\"200\",\"responseTime\":\"0.479\"}","timestamp":"2024-12-19T10:38:16.235Z"}
{"level":"\u001b[32minfo\u001b[39m","message":"{\"method\":\"POST\",\"url\":\"/api/auth/login\",\"status\":\"400\",\"responseTime\":\"48.685\"}","timestamp":"2024-12-19T10:38:29.615Z"}
{"level":"\u001b[32minfo\u001b[39m","message":"{\"method\":\"POST\",\"url\":\"/api/auth/register\",\"status\":\"201\",\"responseTime\":\"4439.604\"}","timestamp":"2024-12-19T10:38:54.084Z"}
{"level":"\u001b[32minfo\u001b[39m","message":"{\"method\":\"POST\",\"url\":\"/api/auth/register\",\"status\":\"201\",\"responseTime\":\"2788.057\"}","timestamp":"2024-12-19T10:40:19.629Z"}
{"level":"\u001b[32minfo\u001b[39m","message":"{\"method\":\"POST\",\"url\":\"/api/auth/verify-email?token=eyJhbGciOiJIUzI1NiIsInR5cCI6IkpXVCJ9.eyJlbWFpbCI6Im1vaWRlZW5zaGFjcGNwMTBAZ21haWwuY29tIiwiaWF0IjoxNzM0NjA0ODE3LCJleHAiOjE3MzQ2MDc4MTd9.wOGuz34ETEYJvwVBW_GEzm4JiR967AaqD5AtM_36qaA\",\"status\":\"200\",\"responseTime\":\"180.597\"}","timestamp":"2024-12-19T10:40:43.141Z"}
{"level":"\u001b[32minfo\u001b[39m","message":"{\"method\":\"POST\",\"url\":\"/api/auth/login\",\"status\":\"200\",\"responseTime\":\"173.342\"}","timestamp":"2024-12-19T10:41:09.761Z"}
{"level":"\u001b[32minfo\u001b[39m","message":"{\"method\":\"POST\",\"url\":\"/api/auth/logout\",\"status\":\"200\",\"responseTime\":\"5.835\"}","timestamp":"2024-12-19T11:37:40.408Z"}
{"level":"\u001b[32minfo\u001b[39m","message":"{\"method\":\"POST\",\"url\":\"/api/auth/login\",\"status\":\"200\",\"responseTime\":\"235.909\"}","timestamp":"2024-12-19T11:37:50.955Z"}
{"level":"\u001b[32minfo\u001b[39m","message":"{\"method\":\"POST\",\"url\":\"/api/auth/login\",\"status\":\"200\",\"responseTime\":\"139.777\"}","timestamp":"2024-12-19T11:38:04.302Z"}
{"level":"\u001b[32minfo\u001b[39m","message":"{\"method\":\"POST\",\"url\":\"/api/auth/logout\",\"status\":\"200\",\"responseTime\":\"0.544\"}","timestamp":"2024-12-19T11:40:07.289Z"}
{"level":"\u001b[32minfo\u001b[39m","message":"{\"method\":\"POST\",\"url\":\"/api/auth/login\",\"status\":\"200\",\"responseTime\":\"189.498\"}","timestamp":"2024-12-19T11:40:18.540Z"}
{"level":"\u001b[32minfo\u001b[39m","message":"{\"method\":\"POST\",\"url\":\"/api/auth/logout\",\"status\":\"200\",\"responseTime\":\"0.609\"}","timestamp":"2024-12-19T11:59:35.788Z"}
{"level":"\u001b[32minfo\u001b[39m","message":"{\"method\":\"POST\",\"url\":\"/api/auth/login\",\"status\":\"200\",\"responseTime\":\"170.592\"}","timestamp":"2024-12-19T12:47:46.385Z"}
{"level":"\u001b[32minfo\u001b[39m","message":"{\"method\":\"POST\",\"url\":\"/api/auth/login\",\"status\":\"200\",\"responseTime\":\"118.798\"}","timestamp":"2024-12-19T12:47:57.567Z"}
{"level":"\u001b[32minfo\u001b[39m","message":"{\"method\":\"POST\",\"url\":\"/api/auth/logout\",\"status\":\"200\",\"responseTime\":\"29.758\"}","timestamp":"2024-12-19T13:37:22.959Z"}
{"level":"\u001b[32minfo\u001b[39m","message":"{\"method\":\"POST\",\"url\":\"/api/auth/register\",\"status\":\"201\",\"responseTime\":\"6135.581\"}","timestamp":"2024-12-19T13:38:10.371Z"}
{"level":"\u001b[32minfo\u001b[39m","message":"{\"method\":\"POST\",\"url\":\"/api/auth/verify-email?token=eyJhbGciOiJIUzI1NiIsInR5cCI6IkpXVCJ9.eyJlbWFpbCI6Im1vaWRlZW5zaGFjcDI4QGdtYWlsLmNvbSIsImlhdCI6MTczNDYxNTQ4NiwiZXhwIjoxNzM0NjE4NDg2fQ.pMAtYn3FCoOKDEwIAsILDElQAV9eNPQ5H_WzjxGwWSc\",\"status\":\"200\",\"responseTime\":\"142.979\"}","timestamp":"2024-12-19T13:38:24.672Z"}
{"level":"\u001b[32minfo\u001b[39m","message":"{\"method\":\"POST\",\"url\":\"/api/auth/login\",\"status\":\"200\",\"responseTime\":\"175.223\"}","timestamp":"2024-12-19T13:38:52.152Z"}
{"level":"\u001b[32minfo\u001b[39m","message":"{\"method\":\"POST\",\"url\":\"/api/company/register-company\",\"status\":\"201\",\"responseTime\":\"299.954\"}","timestamp":"2024-12-19T13:39:20.025Z"}
{"level":"\u001b[32minfo\u001b[39m","message":"{\"method\":\"POST\",\"url\":\"/api/auth/logout\",\"status\":\"200\",\"responseTime\":\"1.229\"}","timestamp":"2024-12-19T13:40:44.110Z"}
{"level":"\u001b[32minfo\u001b[39m","message":"{\"method\":\"POST\",\"url\":\"/api/auth/login\",\"status\":\"200\",\"responseTime\":\"129.184\"}","timestamp":"2024-12-19T13:40:51.150Z"}
{"level":"\u001b[32minfo\u001b[39m","message":"{\"method\":\"POST\",\"url\":\"/api/auth/logout\",\"status\":\"200\",\"responseTime\":\"1.171\"}","timestamp":"2024-12-19T13:41:34.165Z"}
{"level":"\u001b[32minfo\u001b[39m","message":"{\"method\":\"POST\",\"url\":\"/api/auth/login\",\"status\":\"200\",\"responseTime\":\"315.428\"}","timestamp":"2024-12-19T13:41:43.182Z"}
{"level":"\u001b[32minfo\u001b[39m","message":"{\"method\":\"POST\",\"url\":\"/api/auth/refresh-token\",\"status\":\"200\",\"responseTime\":\"28.832\"}","timestamp":"2024-12-19T15:00:58.872Z"}
{"level":"\u001b[32minfo\u001b[39m","message":"{\"method\":\"POST\",\"url\":\"/api/auth/logout\",\"status\":\"200\",\"responseTime\":\"9.687\"}","timestamp":"2024-12-19T15:40:12.773Z"}
{"level":"\u001b[32minfo\u001b[39m","message":"{\"method\":\"POST\",\"url\":\"/api/auth/register\",\"status\":\"201\",\"responseTime\":\"4965.493\"}","timestamp":"2024-12-19T15:40:50.007Z"}
{"level":"\u001b[32minfo\u001b[39m","message":"{\"method\":\"POST\",\"url\":\"/api/auth/verify-email?token=eyJhbGciOiJIUzI1NiIsInR5cCI6IkpXVCJ9.eyJlbWFpbCI6Im1vaWRlZW5zaGFjcDI4QGdtYWlsLmNvbSIsImlhdCI6MTczNDYyMjg0NSwiZXhwIjoxNzM0NjI1ODQ1fQ.MOMSFkqN--Xt7dUgZA2-xwcbkCEYSArb24EFAtzLE34\",\"status\":\"200\",\"responseTime\":\"185.743\"}","timestamp":"2024-12-19T15:41:03.048Z"}
{"level":"\u001b[32minfo\u001b[39m","message":"{\"method\":\"POST\",\"url\":\"/api/auth/login\",\"status\":\"200\",\"responseTime\":\"191.886\"}","timestamp":"2024-12-19T15:41:31.020Z"}
{"level":"\u001b[32minfo\u001b[39m","message":"{\"method\":\"POST\",\"url\":\"/api/company/register-company\",\"status\":\"201\",\"responseTime\":\"265.780\"}","timestamp":"2024-12-19T15:42:06.738Z"}
{"level":"\u001b[32minfo\u001b[39m","message":"{\"method\":\"GET\",\"url\":\"/api/auth/get-profile?email=moideenshacp28%40gmail.com\",\"status\":\"200\",\"responseTime\":\"115.198\"}","timestamp":"2024-12-19T15:44:25.054Z"}
{"level":"\u001b[32minfo\u001b[39m","message":"{\"method\":\"GET\",\"url\":\"/api/company/get-companyProfile?email=moideenshacp28%40gmail.com\",\"status\":\"201\",\"responseTime\":\"405.241\"}","timestamp":"2024-12-19T15:44:30.188Z"}
{"level":"\u001b[32minfo\u001b[39m","message":"{\"method\":\"GET\",\"url\":\"/api/auth/get-profile?email=moideenshacp28%40gmail.com\",\"status\":\"304\",\"responseTime\":\"129.393\"}","timestamp":"2024-12-19T15:44:34.064Z"}
{"level":"\u001b[32minfo\u001b[39m","message":"{\"method\":\"POST\",\"url\":\"/api/auth/update-profile\",\"status\":\"200\",\"responseTime\":\"238.537\"}","timestamp":"2024-12-19T15:44:54.227Z"}
{"level":"\u001b[32minfo\u001b[39m","message":"{\"method\":\"GET\",\"url\":\"/api/company/get-companyProfile?email=moideenshacp28%40gmail.com\",\"status\":\"201\",\"responseTime\":\"260.177\"}","timestamp":"2024-12-19T15:44:57.923Z"}
{"level":"\u001b[32minfo\u001b[39m","message":"{\"method\":\"POST\",\"url\":\"/api/company/update-companyProfile\",\"status\":\"201\",\"responseTime\":\"336.587\"}","timestamp":"2024-12-19T15:45:06.121Z"}
{"level":"\u001b[32minfo\u001b[39m","message":"{\"method\":\"GET\",\"url\":\"/api/auth/get-profile?email=moideenshacp28%40gmail.com\",\"status\":\"200\",\"responseTime\":\"160.410\"}","timestamp":"2024-12-19T15:45:10.825Z"}
{"level":"\u001b[32minfo\u001b[39m","message":"{\"method\":\"GET\",\"url\":\"/api/company/get-companyProfile?email=moideenshacp28%40gmail.com\",\"status\":\"201\",\"responseTime\":\"273.894\"}","timestamp":"2024-12-19T15:45:11.952Z"}
{"level":"\u001b[32minfo\u001b[39m","message":"{\"method\":\"POST\",\"url\":\"/api/auth/logout\",\"status\":\"200\",\"responseTime\":\"10.916\"}","timestamp":"2024-12-19T16:24:46.626Z"}
{"level":"\u001b[32minfo\u001b[39m","message":"{\"method\":\"POST\",\"url\":\"/api/auth/register\",\"status\":\"201\",\"responseTime\":\"3776.769\"}","timestamp":"2024-12-19T16:25:22.072Z"}
{"level":"\u001b[32minfo\u001b[39m","message":"{\"method\":\"POST\",\"url\":\"/api/auth/verify-email?token=eyJhbGciOiJIUzI1NiIsInR5cCI6IkpXVCJ9.eyJlbWFpbCI6Im1vaWRlZW5zaGFjcDI4QGdtYWlsLmNvbSIsImlhdCI6MTczNDYyNTUxOCwiZXhwIjoxNzM0NjI4NTE4fQ.EbbwIW3EeBHKDAoUjmRPO_IDe3hkBuOm-QANY1cGEq0\",\"status\":\"200\",\"responseTime\":\"264.262\"}","timestamp":"2024-12-19T16:25:36.661Z"}
{"level":"\u001b[32minfo\u001b[39m","message":"{\"method\":\"POST\",\"url\":\"/api/auth/login\",\"status\":\"200\",\"responseTime\":\"180.990\"}","timestamp":"2024-12-19T16:26:05.165Z"}
{"level":"\u001b[32minfo\u001b[39m","message":"{\"method\":\"POST\",\"url\":\"/api/company/register-company\",\"status\":\"201\",\"responseTime\":\"318.075\"}","timestamp":"2024-12-19T16:26:46.191Z"}
{"level":"\u001b[32minfo\u001b[39m","message":"{\"method\":\"GET\",\"url\":\"/api/auth/get-profile?email=moideenshacp28%40gmail.com\",\"status\":\"200\",\"responseTime\":\"86.725\"}","timestamp":"2024-12-19T16:27:00.326Z"}
{"level":"\u001b[32minfo\u001b[39m","message":"{\"method\":\"GET\",\"url\":\"/api/company/get-companyProfile?email=moideenshacp28%40gmail.com\",\"status\":\"201\",\"responseTime\":\"200.170\"}","timestamp":"2024-12-19T16:27:09.758Z"}
{"level":"\u001b[32minfo\u001b[39m","message":"{\"method\":\"GET\",\"url\":\"/api/auth/get-profile?email=moideenshacp28%40gmail.com\",\"status\":\"304\",\"responseTime\":\"79.519\"}","timestamp":"2024-12-19T16:27:25.925Z"}
{"level":"\u001b[32minfo\u001b[39m","message":"{\"method\":\"POST\",\"url\":\"/api/auth/update-profile\",\"status\":\"200\",\"responseTime\":\"175.464\"}","timestamp":"2024-12-19T16:27:33.060Z"}
{"level":"\u001b[32minfo\u001b[39m","message":"{\"method\":\"GET\",\"url\":\"/api/company/get-companyProfile?email=moideenshacp28%40gmail.com\",\"status\":\"201\",\"responseTime\":\"150.362\"}","timestamp":"2024-12-19T16:27:36.469Z"}
{"level":"\u001b[32minfo\u001b[39m","message":"{\"method\":\"POST\",\"url\":\"/api/company/update-companyProfile\",\"status\":\"201\",\"responseTime\":\"206.020\"}","timestamp":"2024-12-19T16:27:46.262Z"}
{"level":"\u001b[32minfo\u001b[39m","message":"{\"method\":\"GET\",\"url\":\"/api/auth/get-profile?email=moideenshacp28%40gmail.com\",\"status\":\"200\",\"responseTime\":\"83.525\"}","timestamp":"2024-12-19T16:27:49.584Z"}
{"level":"\u001b[32minfo\u001b[39m","message":"{\"method\":\"POST\",\"url\":\"/api/auth/logout\",\"status\":\"200\",\"responseTime\":\"1.155\"}","timestamp":"2024-12-19T16:29:01.991Z"}
{"level":"\u001b[32minfo\u001b[39m","message":"{\"method\":\"POST\",\"url\":\"/api/auth/login\",\"status\":\"200\",\"responseTime\":\"191.609\"}","timestamp":"2024-12-19T16:29:09.548Z"}
{"level":"\u001b[32minfo\u001b[39m","message":"{\"method\":\"GET\",\"url\":\"/api/company/fetch-allOrganization\",\"status\":\"200\",\"responseTime\":\"139.819\"}","timestamp":"2024-12-19T16:29:09.751Z"}
{"level":"\u001b[32minfo\u001b[39m","message":"{\"method\":\"POST\",\"url\":\"/api/auth/logout\",\"status\":\"200\",\"responseTime\":\"0.688\"}","timestamp":"2024-12-19T16:32:21.094Z"}
{"level":"\u001b[32minfo\u001b[39m","message":"{\"method\":\"POST\",\"url\":\"/api/auth/login\",\"status\":\"200\",\"responseTime\":\"249.332\"}","timestamp":"2024-12-19T16:32:32.619Z"}
{"level":"\u001b[32minfo\u001b[39m","message":"{\"method\":\"POST\",\"url\":\"/api/auth/logout\",\"status\":\"200\",\"responseTime\":\"0.720\"}","timestamp":"2024-12-19T16:33:14.153Z"}
