{"level":"\u001b[32minfo\u001b[39m","message":"{\"method\":\"POST\",\"url\":\"/api/auth/logout\",\"status\":\"200\",\"responseTime\":\"4.683\"}","timestamp":"2024-12-21T03:53:26.810Z"}
{"level":"\u001b[32minfo\u001b[39m","message":"{\"method\":\"POST\",\"url\":\"/api/auth/login\",\"status\":\"200\",\"responseTime\":\"3012.299\"}","timestamp":"2024-12-21T03:53:40.571Z"}
{"level":"\u001b[32minfo\u001b[39m","message":"{\"method\":\"GET\",\"url\":\"/api/auth/get-profile?email=moideenshacp28%40gmail.com\",\"status\":\"200\",\"responseTime\":\"203.499\"}","timestamp":"2024-12-21T03:53:43.295Z"}
{"level":"\u001b[32minfo\u001b[39m","message":"{\"method\":\"GET\",\"url\":\"/api/company/get-companyProfile?email=moideenshacp28%40gmail.com\",\"status\":\"201\",\"responseTime\":\"666.272\"}","timestamp":"2024-12-21T03:53:45.641Z"}
{"level":"\u001b[32minfo\u001b[39m","message":"{\"method\":\"GET\",\"url\":\"/api/auth/get-profile?email=moideenshacp28%40gmail.com\",\"status\":\"304\",\"responseTime\":\"400.194\"}","timestamp":"2024-12-21T03:56:23.259Z"}
{"level":"\u001b[32minfo\u001b[39m","message":"{\"method\":\"GET\",\"url\":\"/api/auth/get-profile?email=moideenshacp28%40gmail.com\",\"status\":\"304\",\"responseTime\":\"237.398\"}","timestamp":"2024-12-21T04:21:33.606Z"}
{"level":"\u001b[32minfo\u001b[39m","message":"{\"method\":\"GET\",\"url\":\"/api/auth/get-profile?email=moideenshacp28%40gmail.com\",\"status\":\"304\",\"responseTime\":\"3137.930\"}","timestamp":"2024-12-21T04:21:47.017Z"}
{"level":"\u001b[32minfo\u001b[39m","message":"{\"method\":\"GET\",\"url\":\"/api/auth/get-profile?email=moideenshacp28%40gmail.com\",\"status\":\"304\",\"responseTime\":\"1610.289\"}","timestamp":"2024-12-21T04:21:49.295Z"}
{"level":"\u001b[32minfo\u001b[39m","message":"{\"method\":\"GET\",\"url\":\"/api/auth/get-profile?email=moideenshacp28%40gmail.com\",\"status\":\"401\",\"responseTime\":\"12.223\"}","timestamp":"2024-12-21T05:08:55.805Z"}
{"level":"\u001b[32minfo\u001b[39m","message":"{\"method\":\"POST\",\"url\":\"/api/auth/login\",\"status\":\"200\",\"responseTime\":\"1054.280\"}","timestamp":"2024-12-21T05:10:04.040Z"}
{"level":"\u001b[32minfo\u001b[39m","message":"{\"method\":\"GET\",\"url\":\"/api/auth/get-profile?email=moideenshacp28%40gmail.com\",\"status\":\"304\",\"responseTime\":\"860.959\"}","timestamp":"2024-12-21T05:10:13.007Z"}
{"level":"\u001b[32minfo\u001b[39m","message":"{\"method\":\"GET\",\"url\":\"/api/auth/get-profile?email=moideenshacp28%40gmail.com\",\"status\":\"304\",\"responseTime\":\"3635.870\"}","timestamp":"2024-12-21T05:26:21.806Z"}
{"level":"\u001b[32minfo\u001b[39m","message":"{\"method\":\"GET\",\"url\":\"/api/company/get-companyProfile?email=moideenshacp28%40gmail.com\",\"status\":\"201\",\"responseTime\":\"908.588\"}","timestamp":"2024-12-21T05:26:51.311Z"}
{"level":"\u001b[32minfo\u001b[39m","message":"{\"method\":\"GET\",\"url\":\"/api/auth/get-profile?email=moideenshacp28%40gmail.com\",\"status\":\"304\",\"responseTime\":\"954.143\"}","timestamp":"2024-12-21T05:26:53.822Z"}
{"level":"\u001b[32minfo\u001b[39m","message":"{\"method\":\"GET\",\"url\":\"/api/auth/get-profile?email=moideenshacp28%40gmail.com\",\"status\":\"304\",\"responseTime\":\"3074.946\"}","timestamp":"2024-12-21T05:28:25.612Z"}
{"level":"\u001b[32minfo\u001b[39m","message":"{\"method\":\"GET\",\"url\":\"/api/auth/get-profile?email=moideenshacp28%40gmail.com\",\"status\":\"304\",\"responseTime\":\"85.471\"}","timestamp":"2024-12-21T05:28:47.736Z"}
{"level":"\u001b[32minfo\u001b[39m","message":"{\"method\":\"GET\",\"url\":\"/api/auth/get-profile?email=moideenshacp28%40gmail.com\",\"status\":\"304\",\"responseTime\":\"86.750\"}","timestamp":"2024-12-21T05:29:00.750Z"}
{"level":"\u001b[32minfo\u001b[39m","message":"{\"method\":\"GET\",\"url\":\"/api/auth/get-profile?email=moideenshacp28%40gmail.com\",\"status\":\"304\",\"responseTime\":\"1071.988\"}","timestamp":"2024-12-21T05:30:03.726Z"}
{"level":"\u001b[32minfo\u001b[39m","message":"{\"method\":\"GET\",\"url\":\"/api/auth/get-profile?email=moideenshacp28%40gmail.com\",\"status\":\"304\",\"responseTime\":\"241.789\"}","timestamp":"2024-12-21T05:30:46.809Z"}
{"level":"\u001b[32minfo\u001b[39m","message":"{\"method\":\"GET\",\"url\":\"/api/auth/get-profile?email=moideenshacp28%40gmail.com\",\"status\":\"304\",\"responseTime\":\"82.045\"}","timestamp":"2024-12-21T05:31:06.569Z"}
{"level":"\u001b[32minfo\u001b[39m","message":"{\"method\":\"GET\",\"url\":\"/api/auth/get-profile?email=moideenshacp28%40gmail.com\",\"status\":\"304\",\"responseTime\":\"64.800\"}","timestamp":"2024-12-21T05:31:16.572Z"}
{"level":"\u001b[32minfo\u001b[39m","message":"{\"method\":\"GET\",\"url\":\"/api/auth/get-profile?email=moideenshacp28%40gmail.com\",\"status\":\"304\",\"responseTime\":\"72.524\"}","timestamp":"2024-12-21T05:31:35.836Z"}
{"level":"\u001b[32minfo\u001b[39m","message":"{\"method\":\"GET\",\"url\":\"/api/company/get-companyProfile?email=moideenshacp28%40gmail.com\",\"status\":\"201\",\"responseTime\":\"164.768\"}","timestamp":"2024-12-21T05:31:55.493Z"}
{"level":"\u001b[32minfo\u001b[39m","message":"{\"method\":\"GET\",\"url\":\"/api/company/get-companyProfile?email=moideenshacp28%40gmail.com\",\"status\":\"201\",\"responseTime\":\"427.559\"}","timestamp":"2024-12-21T05:32:19.613Z"}
{"level":"\u001b[32minfo\u001b[39m","message":"{\"method\":\"GET\",\"url\":\"/api/auth/get-profile?email=moideenshacp28%40gmail.com\",\"status\":\"304\",\"responseTime\":\"78.178\"}","timestamp":"2024-12-21T05:32:20.709Z"}
{"level":"\u001b[32minfo\u001b[39m","message":"{\"method\":\"GET\",\"url\":\"/api/auth/get-profile?email=moideenshacp28%40gmail.com\",\"status\":\"304\",\"responseTime\":\"104.663\"}","timestamp":"2024-12-21T05:41:07.125Z"}
{"level":"\u001b[32minfo\u001b[39m","message":"{\"method\":\"GET\",\"url\":\"/api/company/get-companyProfile?email=moideenshacp28%40gmail.com\",\"status\":\"201\",\"responseTime\":\"215.237\"}","timestamp":"2024-12-21T05:41:14.546Z"}
{"level":"\u001b[32minfo\u001b[39m","message":"{\"method\":\"GET\",\"url\":\"/api/auth/get-profile?email=moideenshacp28%40gmail.com\",\"status\":\"304\",\"responseTime\":\"851.760\"}","timestamp":"2024-12-21T05:41:19.470Z"}
{"level":"\u001b[32minfo\u001b[39m","message":"{\"method\":\"GET\",\"url\":\"/api/auth/get-profile?email=moideenshacp28%40gmail.com\",\"status\":\"304\",\"responseTime\":\"322.714\"}","timestamp":"2024-12-21T05:44:51.999Z"}
{"level":"\u001b[32minfo\u001b[39m","message":"{\"method\":\"GET\",\"url\":\"/api/auth/get-profile?email=moideenshacp28%40gmail.com\",\"status\":\"304\",\"responseTime\":\"446.000\"}","timestamp":"2024-12-21T05:45:00.504Z"}
{"level":"\u001b[32minfo\u001b[39m","message":"{\"method\":\"GET\",\"url\":\"/api/auth/get-profile?email=moideenshacp28%40gmail.com\",\"status\":\"304\",\"responseTime\":\"737.464\"}","timestamp":"2024-12-21T05:46:55.784Z"}
{"level":"\u001b[32minfo\u001b[39m","message":"{\"method\":\"GET\",\"url\":\"/api/auth/get-profile?email=moideenshacp28%40gmail.com\",\"status\":\"304\",\"responseTime\":\"63.973\"}","timestamp":"2024-12-21T05:47:53.895Z"}
{"level":"\u001b[32minfo\u001b[39m","message":"{\"method\":\"GET\",\"url\":\"/api/auth/get-profile?email=moideenshacp28%40gmail.com\",\"status\":\"304\",\"responseTime\":\"443.078\"}","timestamp":"2024-12-21T05:48:11.443Z"}
{"level":"\u001b[32minfo\u001b[39m","message":"{\"method\":\"GET\",\"url\":\"/api/auth/get-profile?email=moideenshacp28%40gmail.com\",\"status\":\"-\",\"responseTime\":\"-\"}","timestamp":"2024-12-21T05:49:57.732Z"}
{"level":"\u001b[32minfo\u001b[39m","message":"{\"method\":\"GET\",\"url\":\"/api/auth/get-profile?email=moideenshacp28%40gmail.com\",\"status\":\"200\",\"responseTime\":\"217.934\"}","timestamp":"2024-12-21T05:49:59.499Z"}
{"level":"\u001b[32minfo\u001b[39m","message":"{\"method\":\"GET\",\"url\":\"/api/auth/get-profile?email=moideenshacp28%40gmail.com\",\"status\":\"304\",\"responseTime\":\"295.068\"}","timestamp":"2024-12-21T05:50:06.590Z"}
{"level":"\u001b[32minfo\u001b[39m","message":"{\"method\":\"GET\",\"url\":\"/api/company/get-companyProfile?email=moideenshacp28%40gmail.com\",\"status\":\"201\",\"responseTime\":\"192.541\"}","timestamp":"2024-12-21T05:50:13.973Z"}
{"level":"\u001b[32minfo\u001b[39m","message":"{\"method\":\"GET\",\"url\":\"/api/auth/get-profile?email=moideenshacp28%40gmail.com\",\"status\":\"304\",\"responseTime\":\"79.917\"}","timestamp":"2024-12-21T05:50:15.190Z"}
{"level":"\u001b[32minfo\u001b[39m","message":"{\"method\":\"GET\",\"url\":\"/api/auth/get-profile?email=moideenshacp28%40gmail.com\",\"status\":\"304\",\"responseTime\":\"90.562\"}","timestamp":"2024-12-21T05:54:13.229Z"}
{"level":"\u001b[32minfo\u001b[39m","message":"{\"method\":\"GET\",\"url\":\"/api/auth/get-profile?email=moideenshacp28%40gmail.com\",\"status\":\"304\",\"responseTime\":\"71.610\"}","timestamp":"2024-12-21T05:54:18.621Z"}
{"level":"\u001b[32minfo\u001b[39m","message":"{\"method\":\"POST\",\"url\":\"/api/auth/logout\",\"status\":\"200\",\"responseTime\":\"1.252\"}","timestamp":"2024-12-21T05:57:11.987Z"}
{"level":"\u001b[32minfo\u001b[39m","message":"{\"method\":\"POST\",\"url\":\"/api/auth/login\",\"status\":\"400\",\"responseTime\":\"225.028\"}","timestamp":"2024-12-21T05:57:20.373Z"}
{"level":"\u001b[32minfo\u001b[39m","message":"{\"method\":\"POST\",\"url\":\"/api/auth/login\",\"status\":\"200\",\"responseTime\":\"178.046\"}","timestamp":"2024-12-21T05:57:23.508Z"}
{"level":"\u001b[32minfo\u001b[39m","message":"{\"method\":\"GET\",\"url\":\"/api/company/fetch-allOrganization\",\"status\":\"304\",\"responseTime\":\"382.434\"}","timestamp":"2024-12-21T05:57:23.948Z"}
{"level":"\u001b[32minfo\u001b[39m","message":"{\"method\":\"GET\",\"url\":\"/api/auth/get-profile?email=shanucp1024%40gmail.com\",\"status\":\"304\",\"responseTime\":\"191.818\"}","timestamp":"2024-12-21T05:57:25.997Z"}
{"level":"\u001b[32minfo\u001b[39m","message":"{\"method\":\"GET\",\"url\":\"/api/auth/get-profile?email=shanucp1024%40gmail.com\",\"status\":\"304\",\"responseTime\":\"91.246\"}","timestamp":"2024-12-21T05:57:30.567Z"}
{"level":"\u001b[32minfo\u001b[39m","message":"{\"method\":\"POST\",\"url\":\"/api/auth/logout\",\"status\":\"200\",\"responseTime\":\"0.631\"}","timestamp":"2024-12-21T05:57:40.977Z"}
{"level":"\u001b[32minfo\u001b[39m","message":"{\"method\":\"POST\",\"url\":\"/api/auth/login\",\"status\":\"200\",\"responseTime\":\"898.613\"}","timestamp":"2024-12-21T05:57:50.793Z"}
{"level":"\u001b[32minfo\u001b[39m","message":"{\"method\":\"GET\",\"url\":\"/api/auth/get-profile?email=moideenshacp28%40gmail.com\",\"status\":\"304\",\"responseTime\":\"571.153\"}","timestamp":"2024-12-21T05:59:28.890Z"}
{"level":"\u001b[32minfo\u001b[39m","message":"{\"method\":\"GET\",\"url\":\"/api/company/get-companyProfile?email=moideenshacp28%40gmail.com\",\"status\":\"201\",\"responseTime\":\"147.553\"}","timestamp":"2024-12-21T05:59:30.319Z"}
{"level":"\u001b[32minfo\u001b[39m","message":"{\"method\":\"GET\",\"url\":\"/api/auth/get-profile?email=moideenshacp28%40gmail.com\",\"status\":\"304\",\"responseTime\":\"75.379\"}","timestamp":"2024-12-21T05:59:33.476Z"}
{"level":"\u001b[32minfo\u001b[39m","message":"{\"method\":\"POST\",\"url\":\"/api/auth/logout\",\"status\":\"200\",\"responseTime\":\"2.434\"}","timestamp":"2024-12-21T06:03:38.032Z"}
{"level":"\u001b[32minfo\u001b[39m","message":"{\"method\":\"POST\",\"url\":\"/api/auth/login\",\"status\":\"200\",\"responseTime\":\"158.262\"}","timestamp":"2024-12-21T06:03:45.645Z"}
{"level":"\u001b[32minfo\u001b[39m","message":"{\"method\":\"GET\",\"url\":\"/api/company/fetch-allOrganization\",\"status\":\"304\",\"responseTime\":\"122.526\"}","timestamp":"2024-12-21T06:03:45.830Z"}
{"level":"\u001b[32minfo\u001b[39m","message":"{\"method\":\"POST\",\"url\":\"/api/auth/logout\",\"status\":\"200\",\"responseTime\":\"1.108\"}","timestamp":"2024-12-21T06:04:20.051Z"}
{"level":"\u001b[32minfo\u001b[39m","message":"{\"method\":\"POST\",\"url\":\"/api/auth/login\",\"status\":\"200\",\"responseTime\":\"195.610\"}","timestamp":"2024-12-21T06:04:28.421Z"}
{"level":"\u001b[32minfo\u001b[39m","message":"{\"method\":\"GET\",\"url\":\"/api/auth/get-profile?email=moideenshacp28%40gmail.com\",\"status\":\"304\",\"responseTime\":\"98.713\"}","timestamp":"2024-12-21T06:04:43.771Z"}
