{"level":"\u001b[32minfo\u001b[39m","message":"{\"method\":\"POST\",\"url\":\"/api/meet/create-meet\",\"status\":\"200\",\"responseTime\":\"131.166\"}","timestamp":"2025-01-31T18:30:25.091Z"}
{"level":"\u001b[32minfo\u001b[39m","message":"{\"method\":\"GET\",\"url\":\"/api/meet/fetch-meets?organizationId=67869a6a1514145a64988362\",\"status\":\"200\",\"responseTime\":\"120.209\"}","timestamp":"2025-01-31T18:33:45.668Z"}
{"level":"\u001b[32minfo\u001b[39m","message":"{\"method\":\"GET\",\"url\":\"/api/meet/fetch-meets?organizationId=67869a6a1514145a64988362\",\"status\":\"401\",\"responseTime\":\"3.714\"}","timestamp":"2025-01-31T18:35:29.663Z"}
{"level":"\u001b[32minfo\u001b[39m","message":"{\"method\":\"GET\",\"url\":\"/api/meet/fetch-meets?organizationId=67869a6a1514145a64988362\",\"status\":\"304\",\"responseTime\":\"72.056\"}","timestamp":"2025-01-31T18:35:29.840Z"}
{"level":"\u001b[32minfo\u001b[39m","message":"{\"method\":\"GET\",\"url\":\"/api/meet/fetch-meets?organizationId=67869a6a1514145a64988362\",\"status\":\"304\",\"responseTime\":\"82.337\"}","timestamp":"2025-01-31T18:38:07.097Z"}
{"level":"\u001b[32minfo\u001b[39m","message":"{\"method\":\"GET\",\"url\":\"/api/meet/fetch-meets?organizationId=67869a6a1514145a64988362\",\"status\":\"304\",\"responseTime\":\"86.020\"}","timestamp":"2025-01-31T18:38:35.753Z"}
{"level":"\u001b[32minfo\u001b[39m","message":"{\"method\":\"GET\",\"url\":\"/api/meet/fetch-meets?organizationId=67869a6a1514145a64988362\",\"status\":\"304\",\"responseTime\":\"60.133\"}","timestamp":"2025-01-31T18:39:33.729Z"}
{"level":"\u001b[32minfo\u001b[39m","message":"{\"method\":\"POST\",\"url\":\"/api/meet/create-meet\",\"status\":\"200\",\"responseTime\":\"80.544\"}","timestamp":"2025-01-31T18:40:01.395Z"}
{"level":"\u001b[32minfo\u001b[39m","message":"{\"method\":\"GET\",\"url\":\"/api/meet/fetch-meets?organizationId=67869a6a1514145a64988362\",\"status\":\"200\",\"responseTime\":\"68.384\"}","timestamp":"2025-01-31T18:40:01.477Z"}
{"level":"\u001b[32minfo\u001b[39m","message":"{\"method\":\"GET\",\"url\":\"/api/meet/fetch-meets?organizationId=67869a6a1514145a64988362\",\"status\":\"401\",\"responseTime\":\"4.554\"}","timestamp":"2025-01-31T19:07:44.693Z"}
{"level":"\u001b[32minfo\u001b[39m","message":"{\"method\":\"GET\",\"url\":\"/api/meet/fetch-meets?organizationId=67869a6a1514145a64988362\",\"status\":\"304\",\"responseTime\":\"143.243\"}","timestamp":"2025-01-31T19:07:45.027Z"}
{"level":"\u001b[32minfo\u001b[39m","message":"{\"method\":\"GET\",\"url\":\"/api/meet/fetch-meets?organizationId=67869a6a1514145a64988362\",\"status\":\"304\",\"responseTime\":\"146.007\"}","timestamp":"2025-01-31T19:07:48.817Z"}
{"level":"\u001b[32minfo\u001b[39m","message":"{\"method\":\"GET\",\"url\":\"/api/meet/fetch-meets?organizationId=67869a6a1514145a64988362\",\"status\":\"304\",\"responseTime\":\"233.759\"}","timestamp":"2025-01-31T19:28:45.483Z"}
{"level":"\u001b[32minfo\u001b[39m","message":"{\"method\":\"POST\",\"url\":\"/api/meet/create-meet\",\"status\":\"200\",\"responseTime\":\"143.965\"}","timestamp":"2025-01-31T19:29:48.174Z"}
{"level":"\u001b[32minfo\u001b[39m","message":"{\"method\":\"GET\",\"url\":\"/api/meet/fetch-meets?organizationId=67869a6a1514145a64988362\",\"status\":\"401\",\"responseTime\":\"2.311\"}","timestamp":"2025-01-31T19:30:12.174Z"}
{"level":"\u001b[32minfo\u001b[39m","message":"{\"method\":\"GET\",\"url\":\"/api/meet/fetch-meets?organizationId=67869a6a1514145a64988362\",\"status\":\"200\",\"responseTime\":\"126.432\"}","timestamp":"2025-01-31T19:30:12.460Z"}
{"level":"\u001b[32minfo\u001b[39m","message":"{\"method\":\"GET\",\"url\":\"/api/meet/fetch-meets?organizationId=67869a6a1514145a64988362\",\"status\":\"200\",\"responseTime\":\"141.116\"}","timestamp":"2025-01-31T19:32:34.038Z"}
{"level":"\u001b[32minfo\u001b[39m","message":"{\"method\":\"POST\",\"url\":\"/api/meet/create-meet\",\"status\":\"200\",\"responseTime\":\"163.429\"}","timestamp":"2025-01-31T19:32:48.761Z"}
{"level":"\u001b[32minfo\u001b[39m","message":"{\"method\":\"GET\",\"url\":\"/api/meet/fetch-meets?organizationId=67869a6a1514145a64988362\",\"status\":\"200\",\"responseTime\":\"124.350\"}","timestamp":"2025-01-31T19:32:48.898Z"}
{"level":"\u001b[32minfo\u001b[39m","message":"{\"method\":\"GET\",\"url\":\"/api/meet/fetch-meets?organizationId=67869a6a1514145a64988362\",\"status\":\"401\",\"responseTime\":\"3.270\"}","timestamp":"2025-01-31T19:36:26.688Z"}
{"level":"\u001b[32minfo\u001b[39m","message":"{\"method\":\"GET\",\"url\":\"/api/meet/fetch-meets?organizationId=67869a6a1514145a64988362\",\"status\":\"304\",\"responseTime\":\"125.128\"}","timestamp":"2025-01-31T19:36:27.051Z"}
{"level":"\u001b[32minfo\u001b[39m","message":"{\"method\":\"GET\",\"url\":\"/api/meet/fetch-meets?organizationId=67869a6a1514145a64988362\",\"status\":\"304\",\"responseTime\":\"148.743\"}","timestamp":"2025-01-31T19:36:29.844Z"}
{"level":"\u001b[32minfo\u001b[39m","message":"{\"method\":\"GET\",\"url\":\"/api/meet/fetch-meets?organizationId=67869a6a1514145a64988362\",\"status\":\"304\",\"responseTime\":\"136.451\"}","timestamp":"2025-01-31T19:36:34.826Z"}
{"level":"\u001b[32minfo\u001b[39m","message":"{\"method\":\"GET\",\"url\":\"/api/meet/fetch-meets?organizationId=67869a6a1514145a64988362\",\"status\":\"304\",\"responseTime\":\"119.015\"}","timestamp":"2025-01-31T19:36:40.188Z"}
{"level":"\u001b[32minfo\u001b[39m","message":"{\"method\":\"GET\",\"url\":\"/api/meet/fetch-meets?organizationId=67869a6a1514145a64988362\",\"status\":\"200\",\"responseTime\":\"183.712\"}","timestamp":"2025-01-31T19:48:50.654Z"}
{"level":"\u001b[32minfo\u001b[39m","message":"{\"method\":\"PATCH\",\"url\":\"/api/meet/edit-meet\",\"status\":\"200\",\"responseTime\":\"183.521\"}","timestamp":"2025-01-31T19:48:57.170Z"}
{"level":"\u001b[32minfo\u001b[39m","message":"{\"method\":\"GET\",\"url\":\"/api/meet/fetch-meets?organizationId=67869a6a1514145a64988362\",\"status\":\"200\",\"responseTime\":\"114.829\"}","timestamp":"2025-01-31T19:49:05.126Z"}
{"level":"\u001b[32minfo\u001b[39m","message":"{\"method\":\"PATCH\",\"url\":\"/api/meet/edit-meet\",\"status\":\"200\",\"responseTime\":\"149.812\"}","timestamp":"2025-01-31T19:50:20.914Z"}
{"level":"\u001b[32minfo\u001b[39m","message":"{\"method\":\"GET\",\"url\":\"/api/meet/fetch-meets?organizationId=67869a6a1514145a64988362\",\"status\":\"200\",\"responseTime\":\"140.009\"}","timestamp":"2025-01-31T19:50:51.546Z"}
{"level":"\u001b[32minfo\u001b[39m","message":"{\"method\":\"POST\",\"url\":\"/api/meet/create-meet\",\"status\":\"200\",\"responseTime\":\"149.643\"}","timestamp":"2025-01-31T19:51:10.851Z"}
{"level":"\u001b[32minfo\u001b[39m","message":"{\"method\":\"GET\",\"url\":\"/api/meet/fetch-meets?organizationId=67869a6a1514145a64988362\",\"status\":\"200\",\"responseTime\":\"115.439\"}","timestamp":"2025-01-31T19:51:10.978Z"}
{"level":"\u001b[32minfo\u001b[39m","message":"{\"method\":\"GET\",\"url\":\"/api/meet/fetch-meets?organizationId=67869a6a1514145a64988362\",\"status\":\"401\",\"responseTime\":\"4.453\"}","timestamp":"2025-01-31T19:52:45.691Z"}
{"level":"\u001b[32minfo\u001b[39m","message":"{\"method\":\"GET\",\"url\":\"/api/meet/fetch-meets?organizationId=67869a6a1514145a64988362\",\"status\":\"304\",\"responseTime\":\"128.290\"}","timestamp":"2025-01-31T19:52:46.117Z"}
{"level":"\u001b[32minfo\u001b[39m","message":"{\"method\":\"PATCH\",\"url\":\"/api/meet/edit-meet\",\"status\":\"200\",\"responseTime\":\"181.845\"}","timestamp":"2025-01-31T19:52:53.064Z"}
{"level":"\u001b[32minfo\u001b[39m","message":"{\"method\":\"GET\",\"url\":\"/api/meet/fetch-meets?organizationId=67869a6a1514145a64988362\",\"status\":\"200\",\"responseTime\":\"145.660\"}","timestamp":"2025-01-31T19:52:53.224Z"}
{"level":"\u001b[32minfo\u001b[39m","message":"{\"method\":\"GET\",\"url\":\"/api/meet/fetch-meets?organizationId=67869a6a1514145a64988362\",\"status\":\"304\",\"responseTime\":\"126.838\"}","timestamp":"2025-01-31T19:54:51.890Z"}
{"level":"\u001b[32minfo\u001b[39m","message":"{\"method\":\"GET\",\"url\":\"/api/meet/fetch-meets?organizationId=67869a6a1514145a64988362\",\"status\":\"401\",\"responseTime\":\"5.391\"}","timestamp":"2025-01-31T19:59:44.049Z"}
{"level":"\u001b[32minfo\u001b[39m","message":"{\"method\":\"GET\",\"url\":\"/api/meet/fetch-meets?organizationId=67869a6a1514145a64988362\",\"status\":\"304\",\"responseTime\":\"121.170\"}","timestamp":"2025-01-31T19:59:44.353Z"}
{"level":"\u001b[32minfo\u001b[39m","message":"{\"method\":\"GET\",\"url\":\"/api/meet/fetch-meets?organizationId=67869a6a1514145a64988362\",\"status\":\"304\",\"responseTime\":\"137.522\"}","timestamp":"2025-01-31T19:59:47.530Z"}
{"level":"\u001b[32minfo\u001b[39m","message":"{\"method\":\"GET\",\"url\":\"/api/meet/fetch-meets?organizationId=67869a6a1514145a64988362\",\"status\":\"304\",\"responseTime\":\"131.494\"}","timestamp":"2025-01-31T19:59:52.085Z"}
{"level":"\u001b[32minfo\u001b[39m","message":"{\"method\":\"GET\",\"url\":\"/api/meet/fetch-meets?organizationId=67869a6a1514145a64988362\",\"status\":\"304\",\"responseTime\":\"177.580\"}","timestamp":"2025-01-31T19:59:54.703Z"}
{"level":"\u001b[32minfo\u001b[39m","message":"{\"method\":\"GET\",\"url\":\"/api/meet/fetch-meets?organizationId=67869a6a1514145a64988362\",\"status\":\"304\",\"responseTime\":\"124.127\"}","timestamp":"2025-01-31T20:00:16.421Z"}
{"level":"\u001b[32minfo\u001b[39m","message":"{\"method\":\"GET\",\"url\":\"/api/meet/fetch-meets?organizationId=67869a6a1514145a64988362\",\"status\":\"401\",\"responseTime\":\"5.477\"}","timestamp":"2025-01-31T20:03:08.722Z"}
{"level":"\u001b[32minfo\u001b[39m","message":"{\"method\":\"GET\",\"url\":\"/api/meet/fetch-meets?organizationId=67869a6a1514145a64988362\",\"status\":\"304\",\"responseTime\":\"131.774\"}","timestamp":"2025-01-31T20:03:09.170Z"}
{"level":"\u001b[32minfo\u001b[39m","message":"{\"method\":\"GET\",\"url\":\"/api/meet/fetch-meets?organizationId=67869a6a1514145a64988362\",\"status\":\"304\",\"responseTime\":\"116.215\"}","timestamp":"2025-01-31T20:03:09.813Z"}
{"level":"\u001b[32minfo\u001b[39m","message":"{\"method\":\"GET\",\"url\":\"/api/meet/fetch-meets?organizationId=67869a6a1514145a64988362\",\"status\":\"304\",\"responseTime\":\"138.563\"}","timestamp":"2025-01-31T20:03:14.076Z"}
{"level":"\u001b[32minfo\u001b[39m","message":"{\"method\":\"GET\",\"url\":\"/api/meet/fetch-meets?organizationId=67869a6a1514145a64988362\",\"status\":\"304\",\"responseTime\":\"151.944\"}","timestamp":"2025-01-31T20:03:17.565Z"}
{"level":"\u001b[32minfo\u001b[39m","message":"{\"method\":\"GET\",\"url\":\"/api/meet/fetch-meets?organizationId=67869a6a1514145a64988362\",\"status\":\"304\",\"responseTime\":\"141.707\"}","timestamp":"2025-01-31T20:03:46.811Z"}
{"level":"\u001b[32minfo\u001b[39m","message":"{\"method\":\"GET\",\"url\":\"/api/meet/fetch-meets?organizationId=67869a6a1514145a64988362\",\"status\":\"304\",\"responseTime\":\"155.340\"}","timestamp":"2025-01-31T20:03:51.036Z"}
{"level":"\u001b[32minfo\u001b[39m","message":"{\"method\":\"GET\",\"url\":\"/api/meet/fetch-meets?organizationId=67869a6a1514145a64988362\",\"status\":\"304\",\"responseTime\":\"112.446\"}","timestamp":"2025-01-31T20:03:54.540Z"}
{"level":"\u001b[32minfo\u001b[39m","message":"{\"method\":\"GET\",\"url\":\"/api/meet/fetch-meets?organizationId=67869a6a1514145a64988362\",\"status\":\"304\",\"responseTime\":\"131.223\"}","timestamp":"2025-01-31T20:04:03.812Z"}
{"level":"\u001b[32minfo\u001b[39m","message":"{\"method\":\"GET\",\"url\":\"/api/meet/fetch-meets?organizationId=67869a6a1514145a64988362\",\"status\":\"304\",\"responseTime\":\"135.778\"}","timestamp":"2025-01-31T20:04:06.815Z"}
{"level":"\u001b[32minfo\u001b[39m","message":"{\"method\":\"GET\",\"url\":\"/api/meet/fetch-meets?organizationId=67869a6a1514145a64988362\",\"status\":\"304\",\"responseTime\":\"449.099\"}","timestamp":"2025-01-31T20:04:14.251Z"}
{"level":"\u001b[32minfo\u001b[39m","message":"{\"method\":\"GET\",\"url\":\"/api/meet/fetch-meets?organizationId=67869a6a1514145a64988362\",\"status\":\"304\",\"responseTime\":\"130.535\"}","timestamp":"2025-01-31T20:04:20.327Z"}
{"level":"\u001b[32minfo\u001b[39m","message":"{\"method\":\"GET\",\"url\":\"/api/meet/fetch-meets?organizationId=67869a6a1514145a64988362\",\"status\":\"304\",\"responseTime\":\"165.282\"}","timestamp":"2025-01-31T20:04:32.564Z"}
{"level":"\u001b[32minfo\u001b[39m","message":"{\"method\":\"GET\",\"url\":\"/api/meet/fetch-meets?organizationId=67869a6a1514145a64988362\",\"status\":\"304\",\"responseTime\":\"132.545\"}","timestamp":"2025-01-31T20:04:42.247Z"}
{"level":"\u001b[32minfo\u001b[39m","message":"{\"method\":\"PATCH\",\"url\":\"/api/meet/edit-meet\",\"status\":\"401\",\"responseTime\":\"1.914\"}","timestamp":"2025-01-31T20:05:10.899Z"}
{"level":"\u001b[32minfo\u001b[39m","message":"{\"method\":\"PATCH\",\"url\":\"/api/meet/edit-meet\",\"status\":\"200\",\"responseTime\":\"146.291\"}","timestamp":"2025-01-31T20:05:11.247Z"}
{"level":"\u001b[32minfo\u001b[39m","message":"{\"method\":\"GET\",\"url\":\"/api/meet/fetch-meets?organizationId=67869a6a1514145a64988362\",\"status\":\"200\",\"responseTime\":\"144.959\"}","timestamp":"2025-01-31T20:05:11.410Z"}
{"level":"\u001b[32minfo\u001b[39m","message":"{\"method\":\"PATCH\",\"url\":\"/api/meet/edit-meet\",\"status\":\"200\",\"responseTime\":\"997.407\"}","timestamp":"2025-01-31T20:05:12.118Z"}
{"level":"\u001b[32minfo\u001b[39m","message":"{\"method\":\"GET\",\"url\":\"/api/meet/fetch-meets?organizationId=67869a6a1514145a64988362\",\"status\":\"200\",\"responseTime\":\"111.971\"}","timestamp":"2025-01-31T20:05:12.244Z"}
{"level":"\u001b[32minfo\u001b[39m","message":"{\"method\":\"GET\",\"url\":\"/api/meet/fetch-meets?organizationId=67869a6a1514145a64988362\",\"status\":\"304\",\"responseTime\":\"241.176\"}","timestamp":"2025-01-31T20:05:28.912Z"}
{"level":"\u001b[32minfo\u001b[39m","message":"{\"method\":\"PATCH\",\"url\":\"/api/meet/edit-meet\",\"status\":\"200\",\"responseTime\":\"142.954\"}","timestamp":"2025-01-31T20:05:37.124Z"}
{"level":"\u001b[32minfo\u001b[39m","message":"{\"method\":\"GET\",\"url\":\"/api/meet/fetch-meets?organizationId=67869a6a1514145a64988362\",\"status\":\"200\",\"responseTime\":\"130.175\"}","timestamp":"2025-01-31T20:05:37.268Z"}
{"level":"\u001b[32minfo\u001b[39m","message":"{\"method\":\"PATCH\",\"url\":\"/api/meet/edit-meet\",\"status\":\"200\",\"responseTime\":\"138.462\"}","timestamp":"2025-01-31T20:05:44.958Z"}
{"level":"\u001b[32minfo\u001b[39m","message":"{\"method\":\"GET\",\"url\":\"/api/meet/fetch-meets?organizationId=67869a6a1514145a64988362\",\"status\":\"200\",\"responseTime\":\"122.590\"}","timestamp":"2025-01-31T20:05:45.094Z"}
{"level":"\u001b[32minfo\u001b[39m","message":"{\"method\":\"PATCH\",\"url\":\"/api/meet/edit-meet\",\"status\":\"200\",\"responseTime\":\"136.888\"}","timestamp":"2025-01-31T20:05:51.703Z"}
{"level":"\u001b[32minfo\u001b[39m","message":"{\"method\":\"GET\",\"url\":\"/api/meet/fetch-meets?organizationId=67869a6a1514145a64988362\",\"status\":\"200\",\"responseTime\":\"124.979\"}","timestamp":"2025-01-31T20:05:51.839Z"}
{"level":"\u001b[32minfo\u001b[39m","message":"{\"method\":\"PATCH\",\"url\":\"/api/meet/edit-meet\",\"status\":\"200\",\"responseTime\":\"127.829\"}","timestamp":"2025-01-31T20:06:01.856Z"}
{"level":"\u001b[32minfo\u001b[39m","message":"{\"method\":\"GET\",\"url\":\"/api/meet/fetch-meets?organizationId=67869a6a1514145a64988362\",\"status\":\"200\",\"responseTime\":\"112.674\"}","timestamp":"2025-01-31T20:06:01.990Z"}
{"level":"\u001b[32minfo\u001b[39m","message":"{\"method\":\"GET\",\"url\":\"/api/meet/fetch-meets?organizationId=67869a6a1514145a64988362\",\"status\":\"304\",\"responseTime\":\"135.386\"}","timestamp":"2025-01-31T20:10:01.895Z"}
{"level":"\u001b[32minfo\u001b[39m","message":"{\"method\":\"GET\",\"url\":\"/api/meet/fetch-meets?organizationId=67869a6a1514145a64988362\",\"status\":\"304\",\"responseTime\":\"129.124\"}","timestamp":"2025-01-31T20:11:08.690Z"}
{"level":"\u001b[32minfo\u001b[39m","message":"{\"method\":\"GET\",\"url\":\"/api/meet/fetch-meets?organizationId=67869a6a1514145a64988362\",\"status\":\"304\",\"responseTime\":\"130.014\"}","timestamp":"2025-01-31T20:11:53.831Z"}
{"level":"\u001b[32minfo\u001b[39m","message":"{\"method\":\"PATCH\",\"url\":\"/api/meet/edit-meet\",\"status\":\"200\",\"responseTime\":\"150.793\"}","timestamp":"2025-01-31T20:12:42.594Z"}
{"level":"\u001b[32minfo\u001b[39m","message":"{\"method\":\"GET\",\"url\":\"/api/meet/fetch-meets?organizationId=67869a6a1514145a64988362\",\"status\":\"200\",\"responseTime\":\"120.854\"}","timestamp":"2025-01-31T20:12:42.742Z"}
{"level":"\u001b[32minfo\u001b[39m","message":"{\"method\":\"PATCH\",\"url\":\"/api/meet/edit-meet\",\"status\":\"200\",\"responseTime\":\"484.446\"}","timestamp":"2025-01-31T20:12:48.800Z"}
{"level":"\u001b[32minfo\u001b[39m","message":"{\"method\":\"GET\",\"url\":\"/api/meet/fetch-meets?organizationId=67869a6a1514145a64988362\",\"status\":\"200\",\"responseTime\":\"108.908\"}","timestamp":"2025-01-31T20:12:48.924Z"}
{"level":"\u001b[32minfo\u001b[39m","message":"{\"method\":\"GET\",\"url\":\"/api/meet/fetch-meets?organizationId=67869a6a1514145a64988362\",\"status\":\"304\",\"responseTime\":\"493.025\"}","timestamp":"2025-02-01T03:33:39.100Z"}
{"level":"\u001b[32minfo\u001b[39m","message":"{\"method\":\"GET\",\"url\":\"/api/meet/fetch-meets?organizationId=67869a6a1514145a64988362\",\"status\":\"304\",\"responseTime\":\"75.513\"}","timestamp":"2025-02-01T03:41:23.225Z"}
{"level":"\u001b[32minfo\u001b[39m","message":"{\"method\":\"GET\",\"url\":\"/api/meet/fetch-meets?organizationId=67869a6a1514145a64988362\",\"status\":\"304\",\"responseTime\":\"86.922\"}","timestamp":"2025-02-01T03:41:36.466Z"}
{"level":"\u001b[32minfo\u001b[39m","message":"{\"method\":\"GET\",\"url\":\"/api/meet/fetch-meets?organizationId=67869a6a1514145a64988362\",\"status\":\"304\",\"responseTime\":\"78.078\"}","timestamp":"2025-02-01T03:47:56.985Z"}
{"level":"\u001b[32minfo\u001b[39m","message":"{\"method\":\"GET\",\"url\":\"/api/meet/fetch-meets?organizationId=67869a6a1514145a64988362\",\"status\":\"304\",\"responseTime\":\"129.538\"}","timestamp":"2025-02-01T03:51:19.870Z"}
{"level":"\u001b[32minfo\u001b[39m","message":"{\"method\":\"GET\",\"url\":\"/api/meet/fetch-meets?organizationId=67869a6a1514145a64988362\",\"status\":\"401\",\"responseTime\":\"25.837\"}","timestamp":"2025-02-01T04:04:26.785Z"}
{"level":"\u001b[32minfo\u001b[39m","message":"{\"method\":\"GET\",\"url\":\"/api/meet/fetch-meets?organizationId=67869a6a1514145a64988362\",\"status\":\"304\",\"responseTime\":\"117.796\"}","timestamp":"2025-02-01T04:04:28.365Z"}
{"level":"\u001b[32minfo\u001b[39m","message":"{\"method\":\"GET\",\"url\":\"/api/meet/fetch-meets?organizationId=67869a6a1514145a64988362\",\"status\":\"304\",\"responseTime\":\"103.202\"}","timestamp":"2025-02-01T04:04:28.778Z"}
{"level":"\u001b[32minfo\u001b[39m","message":"{\"method\":\"GET\",\"url\":\"/api/meet/fetch-meets?organizationId=67869a6a1514145a64988362\",\"status\":\"304\",\"responseTime\":\"451.220\"}","timestamp":"2025-02-01T04:05:03.145Z"}
{"level":"\u001b[32minfo\u001b[39m","message":"{\"method\":\"GET\",\"url\":\"/api/meet/fetch-meets?organizationId=67869a6a1514145a64988362\",\"status\":\"304\",\"responseTime\":\"401.467\"}","timestamp":"2025-02-01T04:05:05.069Z"}
{"level":"\u001b[32minfo\u001b[39m","message":"{\"method\":\"GET\",\"url\":\"/api/meet/fetch-meets?organizationId=67869a6a1514145a64988362\",\"status\":\"304\",\"responseTime\":\"259.225\"}","timestamp":"2025-02-01T04:05:10.935Z"}
{"level":"\u001b[32minfo\u001b[39m","message":"{\"method\":\"GET\",\"url\":\"/api/meet/fetch-meets?organizationId=67869a6a1514145a64988362\",\"status\":\"304\",\"responseTime\":\"448.278\"}","timestamp":"2025-02-01T04:05:14.114Z"}
{"level":"\u001b[32minfo\u001b[39m","message":"{\"method\":\"DELETE\",\"url\":\"/api/meet/delete-meet?meetId=679d06c86c0e444b81eec720\",\"status\":\"401\",\"responseTime\":\"8.300\"}","timestamp":"2025-02-01T04:15:56.499Z"}
{"level":"\u001b[32minfo\u001b[39m","message":"{\"method\":\"DELETE\",\"url\":\"/api/meet/delete-meet?meetId=679d06c86c0e444b81eec720\",\"status\":\"200\",\"responseTime\":\"119.315\"}","timestamp":"2025-02-01T04:15:56.834Z"}
{"level":"\u001b[32minfo\u001b[39m","message":"{\"method\":\"GET\",\"url\":\"/api/meet/fetch-meets?organizationId=67869a6a1514145a64988362\",\"status\":\"200\",\"responseTime\":\"152.039\"}","timestamp":"2025-02-01T04:15:57.006Z"}
{"level":"\u001b[32minfo\u001b[39m","message":"{\"method\":\"GET\",\"url\":\"/api/meet/fetch-meets?organizationId=67869a6a1514145a64988362\",\"status\":\"200\",\"responseTime\":\"13964.630\"}","timestamp":"2025-02-01T04:16:10.827Z"}
{"level":"\u001b[32minfo\u001b[39m","message":"{\"method\":\"POST\",\"url\":\"/api/meet/create-meet\",\"status\":\"401\",\"responseTime\":\"36.259\"}","timestamp":"2025-02-01T04:20:19.937Z"}
{"level":"\u001b[32minfo\u001b[39m","message":"{\"method\":\"POST\",\"url\":\"/api/meet/create-meet\",\"status\":\"200\",\"responseTime\":\"156.049\"}","timestamp":"2025-02-01T04:20:20.354Z"}
{"level":"\u001b[32minfo\u001b[39m","message":"{\"method\":\"GET\",\"url\":\"/api/meet/fetch-meets?organizationId=67869a6a1514145a64988362\",\"status\":\"200\",\"responseTime\":\"106.302\"}","timestamp":"2025-02-01T04:20:20.481Z"}
{"level":"\u001b[32minfo\u001b[39m","message":"{\"method\":\"GET\",\"url\":\"/api/meet/fetch-meets?organizationId=67869a6a1514145a64988362\",\"status\":\"401\",\"responseTime\":\"44.538\"}","timestamp":"2025-02-01T04:21:47.410Z"}
{"level":"\u001b[32minfo\u001b[39m","message":"{\"method\":\"GET\",\"url\":\"/api/meet/fetch-meets?organizationId=67869a6a1514145a64988362\",\"status\":\"304\",\"responseTime\":\"167.740\"}","timestamp":"2025-02-01T04:21:47.824Z"}
{"level":"\u001b[32minfo\u001b[39m","message":"{\"method\":\"GET\",\"url\":\"/api/meet/fetch-meets?organizationId=67869a6a1514145a64988362\",\"status\":\"401\",\"responseTime\":\"6.174\"}","timestamp":"2025-02-01T04:26:08.702Z"}
{"level":"\u001b[32minfo\u001b[39m","message":"{\"method\":\"GET\",\"url\":\"/api/meet/fetch-meets?organizationId=67869a6a1514145a64988362\",\"status\":\"304\",\"responseTime\":\"58.964\"}","timestamp":"2025-02-01T04:26:09.445Z"}
{"level":"\u001b[32minfo\u001b[39m","message":"{\"method\":\"GET\",\"url\":\"/api/meet/fetch-meets?organizationId=67869a6a1514145a64988362\",\"status\":\"304\",\"responseTime\":\"56.330\"}","timestamp":"2025-02-01T04:26:29.627Z"}
{"level":"\u001b[32minfo\u001b[39m","message":"{\"method\":\"GET\",\"url\":\"/api/meet/fetch-meets?organizationId=67869a6a1514145a64988362\",\"status\":\"401\",\"responseTime\":\"4.495\"}","timestamp":"2025-02-01T04:28:04.778Z"}
{"level":"\u001b[32minfo\u001b[39m","message":"{\"method\":\"GET\",\"url\":\"/api/meet/fetch-meets?organizationId=67869a6a1514145a64988362\",\"status\":\"304\",\"responseTime\":\"290.570\"}","timestamp":"2025-02-01T04:28:05.701Z"}
{"level":"\u001b[32minfo\u001b[39m","message":"{\"method\":\"GET\",\"url\":\"/api/meet/fetch-meets?organizationId=67869a6a1514145a64988362\",\"status\":\"304\",\"responseTime\":\"101.564\"}","timestamp":"2025-02-01T04:32:44.989Z"}
{"level":"\u001b[32minfo\u001b[39m","message":"{\"method\":\"GET\",\"url\":\"/api/meet/fetch-meets?organizationId=67869a6a1514145a64988362\",\"status\":\"401\",\"responseTime\":\"25.613\"}","timestamp":"2025-02-01T04:34:05.490Z"}
{"level":"\u001b[32minfo\u001b[39m","message":"{\"method\":\"GET\",\"url\":\"/api/meet/fetch-meets?organizationId=67869a6a1514145a64988362\",\"status\":\"200\",\"responseTime\":\"78.637\"}","timestamp":"2025-02-01T04:34:05.670Z"}
{"level":"\u001b[32minfo\u001b[39m","message":"{\"method\":\"GET\",\"url\":\"/api/meet/fetch-meets?organizationId=67869a6a1514145a64988362\",\"status\":\"304\",\"responseTime\":\"126.307\"}","timestamp":"2025-02-01T04:34:39.759Z"}
{"level":"\u001b[32minfo\u001b[39m","message":"{\"method\":\"GET\",\"url\":\"/api/meet/fetch-meets?organizationId=67869a6a1514145a64988362\",\"status\":\"401\",\"responseTime\":\"19.394\"}","timestamp":"2025-02-01T04:35:10.144Z"}
{"level":"\u001b[32minfo\u001b[39m","message":"{\"method\":\"GET\",\"url\":\"/api/meet/fetch-meets?organizationId=67869a6a1514145a64988362\",\"status\":\"304\",\"responseTime\":\"469.951\"}","timestamp":"2025-02-01T04:35:10.757Z"}
{"level":"\u001b[32minfo\u001b[39m","message":"{\"method\":\"GET\",\"url\":\"/api/meet/fetch-meets?organizationId=67869a6a1514145a64988362\",\"status\":\"200\",\"responseTime\":\"176.193\"}","timestamp":"2025-02-01T04:36:10.163Z"}
{"level":"\u001b[32minfo\u001b[39m","message":"{\"method\":\"GET\",\"url\":\"/api/meet/fetch-meets?organizationId=67869a6a1514145a64988362\",\"status\":\"401\",\"responseTime\":\"14.219\"}","timestamp":"2025-02-01T04:38:04.138Z"}
{"level":"\u001b[32minfo\u001b[39m","message":"{\"method\":\"GET\",\"url\":\"/api/meet/fetch-meets?organizationId=67869a6a1514145a64988362\",\"status\":\"200\",\"responseTime\":\"96.411\"}","timestamp":"2025-02-01T04:38:04.355Z"}
{"level":"\u001b[32minfo\u001b[39m","message":"{\"method\":\"GET\",\"url\":\"/api/meet/fetch-meets?organizationId=67869a6a1514145a64988362\",\"status\":\"304\",\"responseTime\":\"92.953\"}","timestamp":"2025-02-01T04:39:59.879Z"}
{"level":"\u001b[32minfo\u001b[39m","message":"{\"method\":\"GET\",\"url\":\"/api/meet/fetch-meets?organizationId=67869a6a1514145a64988362\",\"status\":\"401\",\"responseTime\":\"20.020\"}","timestamp":"2025-02-01T04:42:40.154Z"}
{"level":"\u001b[32minfo\u001b[39m","message":"{\"method\":\"GET\",\"url\":\"/api/meet/fetch-meets?organizationId=67869a6a1514145a64988362\",\"status\":\"200\",\"responseTime\":\"423.821\"}","timestamp":"2025-02-01T04:42:41.084Z"}
{"level":"\u001b[32minfo\u001b[39m","message":"{\"method\":\"GET\",\"url\":\"/api/meet/fetch-meets?organizationId=67869a6a1514145a64988362\",\"status\":\"200\",\"responseTime\":\"1483.591\"}","timestamp":"2025-02-01T04:43:37.134Z"}
{"level":"\u001b[32minfo\u001b[39m","message":"{\"method\":\"GET\",\"url\":\"/api/meet/fetch-meets?organizationId=67869a6a1514145a64988362\",\"status\":\"401\",\"responseTime\":\"21.450\"}","timestamp":"2025-02-01T04:44:27.714Z"}
{"level":"\u001b[32minfo\u001b[39m","message":"{\"method\":\"GET\",\"url\":\"/api/meet/fetch-meets?organizationId=67869a6a1514145a64988362\",\"status\":\"304\",\"responseTime\":\"186.346\"}","timestamp":"2025-02-01T04:44:28.109Z"}
{"level":"\u001b[32minfo\u001b[39m","message":"{\"method\":\"DELETE\",\"url\":\"/api/meet/delete-meet?meetId=679d190190048670bf637ac1\",\"status\":\"401\",\"responseTime\":\"3.130\"}","timestamp":"2025-02-01T04:45:37.417Z"}
{"level":"\u001b[32minfo\u001b[39m","message":"{\"method\":\"DELETE\",\"url\":\"/api/meet/delete-meet?meetId=679d190190048670bf637ac1\",\"status\":\"200\",\"responseTime\":\"181.080\"}","timestamp":"2025-02-01T04:45:37.799Z"}
{"level":"\u001b[32minfo\u001b[39m","message":"{\"method\":\"GET\",\"url\":\"/api/meet/fetch-meets?organizationId=67869a6a1514145a64988362\",\"status\":\"200\",\"responseTime\":\"96.724\"}","timestamp":"2025-02-01T04:45:37.940Z"}
{"level":"\u001b[32minfo\u001b[39m","message":"{\"method\":\"GET\",\"url\":\"/api/meet/fetch-meets?organizationId=67869a6a1514145a64988362\",\"status\":\"304\",\"responseTime\":\"847.846\"}","timestamp":"2025-02-01T04:45:38.801Z"}
{"level":"\u001b[32minfo\u001b[39m","message":"{\"method\":\"DELETE\",\"url\":\"/api/meet/delete-meet?meetId=679d16c090048670bf637aba\",\"status\":\"200\",\"responseTime\":\"55.477\"}","timestamp":"2025-02-01T04:45:42.535Z"}
{"level":"\u001b[32minfo\u001b[39m","message":"{\"method\":\"GET\",\"url\":\"/api/meet/fetch-meets?organizationId=67869a6a1514145a64988362\",\"status\":\"200\",\"responseTime\":\"59.044\"}","timestamp":"2025-02-01T04:45:42.612Z"}
{"level":"\u001b[32minfo\u001b[39m","message":"{\"method\":\"GET\",\"url\":\"/api/meet/fetch-meets?organizationId=67869a6a1514145a64988362\",\"status\":\"304\",\"responseTime\":\"61.109\"}","timestamp":"2025-02-01T04:45:42.687Z"}
{"level":"\u001b[32minfo\u001b[39m","message":"{\"method\":\"GET\",\"url\":\"/api/meet/fetch-meets?organizationId=67869a6a1514145a64988362\",\"status\":\"401\",\"responseTime\":\"23.549\"}","timestamp":"2025-02-01T04:46:39.132Z"}
{"level":"\u001b[32minfo\u001b[39m","message":"{\"method\":\"GET\",\"url\":\"/api/meet/fetch-meets?organizationId=67869a6a1514145a64988362\",\"status\":\"304\",\"responseTime\":\"90.586\"}","timestamp":"2025-02-01T04:46:39.300Z"}
{"level":"\u001b[32minfo\u001b[39m","message":"{\"method\":\"GET\",\"url\":\"/api/meet/fetch-meets?organizationId=67869a6a1514145a64988362\",\"status\":\"304\",\"responseTime\":\"1860.673\"}","timestamp":"2025-02-01T05:15:30.797Z"}
{"level":"\u001b[32minfo\u001b[39m","message":"{\"method\":\"GET\",\"url\":\"/api/meet/fetch-meets?organizationId=679c994fbe24e90f04e6af67\",\"status\":\"200\",\"responseTime\":\"58.205\"}","timestamp":"2025-02-01T05:15:50.330Z"}
{"level":"\u001b[32minfo\u001b[39m","message":"{\"method\":\"GET\",\"url\":\"/api/meet/fetch-meets?organizationId=67869a6a1514145a64988362\",\"status\":\"304\",\"responseTime\":\"68.874\"}","timestamp":"2025-02-01T05:17:58.193Z"}
{"level":"\u001b[32minfo\u001b[39m","message":"{\"method\":\"GET\",\"url\":\"/api/meet/fetch-meets?organizationId=67869a6a1514145a64988362\",\"status\":\"304\",\"responseTime\":\"82.795\"}","timestamp":"2025-02-01T05:55:31.567Z"}
{"level":"\u001b[32minfo\u001b[39m","message":"{\"method\":\"DELETE\",\"url\":\"/api/meet/delete-meet?meetId=679da1046f3d8e20cb25257a\",\"status\":\"200\",\"responseTime\":\"69.265\"}","timestamp":"2025-02-01T05:55:34.474Z"}
{"level":"\u001b[32minfo\u001b[39m","message":"{\"method\":\"GET\",\"url\":\"/api/meet/fetch-meets?organizationId=67869a6a1514145a64988362\",\"status\":\"200\",\"responseTime\":\"75.043\"}","timestamp":"2025-02-01T05:55:34.572Z"}
{"level":"\u001b[32minfo\u001b[39m","message":"{\"method\":\"GET\",\"url\":\"/api/meet/fetch-meets?organizationId=67869a6a1514145a64988362\",\"status\":\"304\",\"responseTime\":\"71.761\"}","timestamp":"2025-02-01T05:55:34.657Z"}
{"level":"\u001b[32minfo\u001b[39m","message":"{\"method\":\"DELETE\",\"url\":\"/api/meet/delete-meet?meetId=679d29ae2c599615cd041c90\",\"status\":\"200\",\"responseTime\":\"66.414\"}","timestamp":"2025-02-01T05:55:36.713Z"}
{"level":"\u001b[32minfo\u001b[39m","message":"{\"method\":\"GET\",\"url\":\"/api/meet/fetch-meets?organizationId=67869a6a1514145a64988362\",\"status\":\"200\",\"responseTime\":\"57.743\"}","timestamp":"2025-02-01T05:55:36.785Z"}
{"level":"\u001b[32minfo\u001b[39m","message":"{\"method\":\"GET\",\"url\":\"/api/meet/fetch-meets?organizationId=67869a6a1514145a64988362\",\"status\":\"304\",\"responseTime\":\"56.058\"}","timestamp":"2025-02-01T05:55:36.852Z"}
{"level":"\u001b[32minfo\u001b[39m","message":"{\"method\":\"POST\",\"url\":\"/api/meet/create-meet\",\"status\":\"401\",\"responseTime\":\"24.891\"}","timestamp":"2025-02-01T06:01:15.920Z"}
{"level":"\u001b[32minfo\u001b[39m","message":"{\"method\":\"POST\",\"url\":\"/api/meet/create-meet\",\"status\":\"200\",\"responseTime\":\"86.267\"}","timestamp":"2025-02-01T06:01:16.089Z"}
{"level":"\u001b[32minfo\u001b[39m","message":"{\"method\":\"GET\",\"url\":\"/api/meet/fetch-meets?organizationId=67869a6a1514145a64988362\",\"status\":\"200\",\"responseTime\":\"55.375\"}","timestamp":"2025-02-01T06:01:16.160Z"}
{"level":"\u001b[32minfo\u001b[39m","message":"{\"method\":\"GET\",\"url\":\"/api/meet/fetch-meets?organizationId=67869a6a1514145a64988362\",\"status\":\"304\",\"responseTime\":\"59.802\"}","timestamp":"2025-02-01T06:02:10.545Z"}
{"level":"\u001b[32minfo\u001b[39m","message":"{\"method\":\"GET\",\"url\":\"/api/meet/fetch-meets?organizationId=67869a6a1514145a64988362\",\"status\":\"304\",\"responseTime\":\"57.883\"}","timestamp":"2025-02-01T06:02:38.814Z"}
{"level":"\u001b[32minfo\u001b[39m","message":"{\"method\":\"GET\",\"url\":\"/api/meet/fetch-meets?organizationId=67869a6a1514145a64988362\",\"status\":\"304\",\"responseTime\":\"57.096\"}","timestamp":"2025-02-01T06:03:46.180Z"}
{"level":"\u001b[32minfo\u001b[39m","message":"{\"method\":\"GET\",\"url\":\"/api/meet/fetch-meets?organizationId=67869a6a1514145a64988362\",\"status\":\"304\",\"responseTime\":\"57.777\"}","timestamp":"2025-02-01T06:03:58.081Z"}
{"level":"\u001b[32minfo\u001b[39m","message":"{\"method\":\"GET\",\"url\":\"/api/meet/fetch-meets?organizationId=67869a6a1514145a64988362\",\"status\":\"304\",\"responseTime\":\"54.272\"}","timestamp":"2025-02-01T06:04:10.886Z"}
{"level":"\u001b[32minfo\u001b[39m","message":"{\"method\":\"PATCH\",\"url\":\"/api/meet/edit-meet\",\"status\":\"200\",\"responseTime\":\"76.645\"}","timestamp":"2025-02-01T06:04:24.948Z"}
{"level":"\u001b[32minfo\u001b[39m","message":"{\"method\":\"GET\",\"url\":\"/api/meet/fetch-meets?organizationId=67869a6a1514145a64988362\",\"status\":\"200\",\"responseTime\":\"54.274\"}","timestamp":"2025-02-01T06:04:25.024Z"}
{"level":"\u001b[32minfo\u001b[39m","message":"{\"method\":\"GET\",\"url\":\"/api/meet/fetch-meets?organizationId=67869a6a1514145a64988362\",\"status\":\"304\",\"responseTime\":\"65.454\"}","timestamp":"2025-02-01T06:05:24.319Z"}
{"level":"\u001b[32minfo\u001b[39m","message":"{\"method\":\"GET\",\"url\":\"/api/meet/fetch-meets?organizationId=67869a6a1514145a64988362\",\"status\":\"304\",\"responseTime\":\"62.852\"}","timestamp":"2025-02-01T06:09:52.322Z"}
{"level":"\u001b[32minfo\u001b[39m","message":"{\"method\":\"GET\",\"url\":\"/api/meet/fetch-meets?organizationId=67869a6a1514145a64988362\",\"status\":\"401\",\"responseTime\":\"2.865\"}","timestamp":"2025-02-01T06:11:23.679Z"}
{"level":"\u001b[32minfo\u001b[39m","message":"{\"method\":\"GET\",\"url\":\"/api/meet/fetch-meets?organizationId=67869a6a1514145a64988362\",\"status\":\"304\",\"responseTime\":\"81.305\"}","timestamp":"2025-02-01T06:11:23.920Z"}
{"level":"\u001b[32minfo\u001b[39m","message":"{\"method\":\"GET\",\"url\":\"/api/meet/fetch-meets?organizationId=67869a6a1514145a64988362\",\"status\":\"304\",\"responseTime\":\"158.445\"}","timestamp":"2025-02-01T06:11:27.950Z"}
{"level":"\u001b[32minfo\u001b[39m","message":"{\"method\":\"GET\",\"url\":\"/api/meet/fetch-meets?organizationId=67869a6a1514145a64988362\",\"status\":\"401\",\"responseTime\":\"2.978\"}","timestamp":"2025-02-01T06:12:26.719Z"}
{"level":"\u001b[32minfo\u001b[39m","message":"{\"method\":\"GET\",\"url\":\"/api/meet/fetch-meets?organizationId=67869a6a1514145a64988362\",\"status\":\"304\",\"responseTime\":\"57.661\"}","timestamp":"2025-02-01T06:12:26.968Z"}
{"level":"\u001b[32minfo\u001b[39m","message":"{\"method\":\"PATCH\",\"url\":\"/api/meet/edit-meet\",\"status\":\"200\",\"responseTime\":\"65.336\"}","timestamp":"2025-02-01T06:12:38.992Z"}
{"level":"\u001b[32minfo\u001b[39m","message":"{\"method\":\"GET\",\"url\":\"/api/meet/fetch-meets?organizationId=67869a6a1514145a64988362\",\"status\":\"200\",\"responseTime\":\"56.018\"}","timestamp":"2025-02-01T06:12:39.068Z"}
{"level":"\u001b[32minfo\u001b[39m","message":"{\"method\":\"GET\",\"url\":\"/api/meet/fetch-meets?organizationId=67869a6a1514145a64988362\",\"status\":\"401\",\"responseTime\":\"2.149\"}","timestamp":"2025-02-01T06:18:18.689Z"}
{"level":"\u001b[32minfo\u001b[39m","message":"{\"method\":\"GET\",\"url\":\"/api/meet/fetch-meets?organizationId=67869a6a1514145a64988362\",\"status\":\"200\",\"responseTime\":\"60.017\"}","timestamp":"2025-02-01T06:18:18.862Z"}
{"level":"\u001b[32minfo\u001b[39m","message":"{\"method\":\"GET\",\"url\":\"/api/meet/fetch-meets?organizationId=67869a6a1514145a64988362\",\"status\":\"304\",\"responseTime\":\"91.678\"}","timestamp":"2025-02-01T06:18:25.355Z"}
{"level":"\u001b[32minfo\u001b[39m","message":"{\"method\":\"GET\",\"url\":\"/api/meet/fetch-meets?organizationId=67869a6a1514145a64988362\",\"status\":\"304\",\"responseTime\":\"63.773\"}","timestamp":"2025-02-01T06:18:34.932Z"}
{"level":"\u001b[32minfo\u001b[39m","message":"{\"method\":\"GET\",\"url\":\"/api/meet/fetch-meets?organizationId=67869a6a1514145a64988362\",\"status\":\"304\",\"responseTime\":\"63.412\"}","timestamp":"2025-02-01T06:18:58.171Z"}
{"level":"\u001b[32minfo\u001b[39m","message":"{\"method\":\"GET\",\"url\":\"/api/meet/fetch-meets?organizationId=67869a6a1514145a64988362\",\"status\":\"304\",\"responseTime\":\"61.654\"}","timestamp":"2025-02-01T06:20:57.834Z"}
{"level":"\u001b[32minfo\u001b[39m","message":"{\"method\":\"GET\",\"url\":\"/api/meet/fetch-meets?organizationId=67869a6a1514145a64988362\",\"status\":\"304\",\"responseTime\":\"60.591\"}","timestamp":"2025-02-01T06:21:32.365Z"}
{"level":"\u001b[32minfo\u001b[39m","message":"{\"method\":\"GET\",\"url\":\"/api/meet/fetch-meets?organizationId=67869a6a1514145a64988362\",\"status\":\"304\",\"responseTime\":\"87.403\"}","timestamp":"2025-02-01T06:22:03.189Z"}
{"level":"\u001b[32minfo\u001b[39m","message":"{\"method\":\"GET\",\"url\":\"/api/meet/fetch-meets?organizationId=67869a6a1514145a64988362\",\"status\":\"304\",\"responseTime\":\"136.264\"}","timestamp":"2025-02-01T06:22:47.831Z"}
{"level":"\u001b[32minfo\u001b[39m","message":"{\"method\":\"GET\",\"url\":\"/api/meet/fetch-meets?organizationId=67869a6a1514145a64988362\",\"status\":\"304\",\"responseTime\":\"101.018\"}","timestamp":"2025-02-01T06:22:52.769Z"}
{"level":"\u001b[32minfo\u001b[39m","message":"{\"method\":\"GET\",\"url\":\"/api/meet/fetch-meets?organizationId=67869a6a1514145a64988362\",\"status\":\"401\",\"responseTime\":\"2.147\"}","timestamp":"2025-02-01T06:22:55.662Z"}
{"level":"\u001b[32minfo\u001b[39m","message":"{\"method\":\"GET\",\"url\":\"/api/meet/fetch-meets?organizationId=67869a6a1514145a64988362\",\"status\":\"304\",\"responseTime\":\"81.261\"}","timestamp":"2025-02-01T06:22:55.945Z"}
{"level":"\u001b[32minfo\u001b[39m","message":"{\"method\":\"GET\",\"url\":\"/api/meet/fetch-meets?organizationId=67869a6a1514145a64988362\",\"status\":\"304\",\"responseTime\":\"51.713\"}","timestamp":"2025-02-01T06:22:57.721Z"}
{"level":"\u001b[32minfo\u001b[39m","message":"{\"method\":\"GET\",\"url\":\"/api/meet/fetch-meets?organizationId=67869a6a1514145a64988362\",\"status\":\"304\",\"responseTime\":\"53.199\"}","timestamp":"2025-02-01T06:23:33.717Z"}
{"level":"\u001b[32minfo\u001b[39m","message":"{\"method\":\"GET\",\"url\":\"/api/meet/fetch-meets?organizationId=67869a6a1514145a64988362\",\"status\":\"304\",\"responseTime\":\"52.257\"}","timestamp":"2025-02-01T06:23:37.727Z"}
{"level":"\u001b[32minfo\u001b[39m","message":"{\"method\":\"GET\",\"url\":\"/api/meet/fetch-meets?organizationId=67869a6a1514145a64988362\",\"status\":\"304\",\"responseTime\":\"88.400\"}","timestamp":"2025-02-01T06:23:49.766Z"}
{"level":"\u001b[32minfo\u001b[39m","message":"{\"method\":\"GET\",\"url\":\"/api/meet/fetch-meets?organizationId=67869a6a1514145a64988362\",\"status\":\"304\",\"responseTime\":\"62.449\"}","timestamp":"2025-02-01T06:23:52.726Z"}
{"level":"\u001b[32minfo\u001b[39m","message":"{\"method\":\"GET\",\"url\":\"/api/meet/fetch-meets?organizationId=67869f7defffdbe0c161c74a\",\"status\":\"401\",\"responseTime\":\"12.128\"}","timestamp":"2025-02-01T06:35:30.699Z"}
{"level":"\u001b[32minfo\u001b[39m","message":"{\"method\":\"GET\",\"url\":\"/api/meet/fetch-meets?organizationId=67869f7defffdbe0c161c74a\",\"status\":\"200\",\"responseTime\":\"84.146\"}","timestamp":"2025-02-01T06:35:30.894Z"}
{"level":"\u001b[32minfo\u001b[39m","message":"{\"method\":\"GET\",\"url\":\"/api/meet/fetchEmployees-Allmeets?employeeId=67869f7defffdbe0c161c74a\",\"status\":\"200\",\"responseTime\":\"55.898\"}","timestamp":"2025-02-01T06:35:42.732Z"}
{"level":"\u001b[32minfo\u001b[39m","message":"{\"method\":\"GET\",\"url\":\"/api/meet/fetchEmployees-Allmeets?employeeId=67869f7defffdbe0c161c74a\",\"status\":\"304\",\"responseTime\":\"97.257\"}","timestamp":"2025-02-01T06:36:41.797Z"}
{"level":"\u001b[32minfo\u001b[39m","message":"{\"method\":\"GET\",\"url\":\"/api/meet/fetchEmployees-Allmeets?employeeId=67869f7defffdbe0c161c74a\",\"status\":\"304\",\"responseTime\":\"64.152\"}","timestamp":"2025-02-01T06:36:59.928Z"}
{"level":"\u001b[32minfo\u001b[39m","message":"{\"method\":\"GET\",\"url\":\"/api/meet/fetch-meets?organizationId=67869a6a1514145a64988362\",\"status\":\"304\",\"responseTime\":\"71.451\"}","timestamp":"2025-02-01T06:37:18.343Z"}
{"level":"\u001b[32minfo\u001b[39m","message":"{\"method\":\"GET\",\"url\":\"/api/meet/fetch-meets?organizationId=67869a6a1514145a64988362\",\"status\":\"304\",\"responseTime\":\"58.283\"}","timestamp":"2025-02-01T06:39:07.631Z"}
{"level":"\u001b[32minfo\u001b[39m","message":"{\"method\":\"POST\",\"url\":\"/api/meet/create-meet\",\"status\":\"200\",\"responseTime\":\"129.183\"}","timestamp":"2025-02-01T06:39:30.662Z"}
{"level":"\u001b[32minfo\u001b[39m","message":"{\"method\":\"GET\",\"url\":\"/api/meet/fetch-meets?organizationId=67869a6a1514145a64988362\",\"status\":\"200\",\"responseTime\":\"64.815\"}","timestamp":"2025-02-01T06:39:30.743Z"}
{"level":"\u001b[32minfo\u001b[39m","message":"{\"method\":\"GET\",\"url\":\"/api/meet/fetch-meets?organizationId=67869a6a1514145a64988362\",\"status\":\"401\",\"responseTime\":\"4.354\"}","timestamp":"2025-02-01T06:39:38.446Z"}
{"level":"\u001b[32minfo\u001b[39m","message":"{\"method\":\"GET\",\"url\":\"/api/meet/fetch-meets?organizationId=67869a6a1514145a64988362\",\"status\":\"200\",\"responseTime\":\"55.410\"}","timestamp":"2025-02-01T06:39:38.617Z"}
{"level":"\u001b[32minfo\u001b[39m","message":"{\"method\":\"GET\",\"url\":\"/api/meet/fetchEmployees-Allmeets?employeeId=67869f7defffdbe0c161c74a\",\"status\":\"304\",\"responseTime\":\"50.304\"}","timestamp":"2025-02-01T06:39:54.722Z"}
{"level":"\u001b[32minfo\u001b[39m","message":"{\"method\":\"GET\",\"url\":\"/api/meet/fetchEmployees-Allmeets?employeeId=67869f7defffdbe0c161c74a\",\"status\":\"304\",\"responseTime\":\"116.284\"}","timestamp":"2025-02-01T06:40:03.610Z"}
{"level":"\u001b[32minfo\u001b[39m","message":"{\"method\":\"GET\",\"url\":\"/api/meet/fetchEmployees-Allmeets?employeeId=67869f7defffdbe0c161c74a\",\"status\":\"304\",\"responseTime\":\"60.945\"}","timestamp":"2025-02-01T06:40:30.901Z"}
{"level":"\u001b[32minfo\u001b[39m","message":"{\"method\":\"GET\",\"url\":\"/api/meet/fetchEmployees-Allmeets?employeeId=67869f7defffdbe0c161c74a\",\"status\":\"304\",\"responseTime\":\"137.495\"}","timestamp":"2025-02-01T06:41:31.129Z"}
{"level":"\u001b[32minfo\u001b[39m","message":"{\"method\":\"GET\",\"url\":\"/api/meet/fetch-meets?organizationId=67869a6a1514145a64988362\",\"status\":\"401\",\"responseTime\":\"6.661\"}","timestamp":"2025-02-01T06:42:06.654Z"}
{"level":"\u001b[32minfo\u001b[39m","message":"{\"method\":\"GET\",\"url\":\"/api/meet/fetch-meets?organizationId=67869a6a1514145a64988362\",\"status\":\"304\",\"responseTime\":\"72.895\"}","timestamp":"2025-02-01T06:42:06.843Z"}
{"level":"\u001b[32minfo\u001b[39m","message":"{\"method\":\"GET\",\"url\":\"/api/meet/fetchEmployees-Allmeets?employeeId=67869f7defffdbe0c161c74a\",\"status\":\"304\",\"responseTime\":\"75.882\"}","timestamp":"2025-02-01T06:42:55.990Z"}
{"level":"\u001b[32minfo\u001b[39m","message":"{\"method\":\"GET\",\"url\":\"/api/meet/fetchEmployees-Allmeets?employeeId=67869f7defffdbe0c161c74a\",\"status\":\"304\",\"responseTime\":\"57.204\"}","timestamp":"2025-02-01T06:43:23.298Z"}
{"level":"\u001b[32minfo\u001b[39m","message":"{\"method\":\"GET\",\"url\":\"/api/meet/fetchEmployees-Allmeets?employeeId=67869f7defffdbe0c161c74a\",\"status\":\"304\",\"responseTime\":\"54.362\"}","timestamp":"2025-02-01T06:43:27.216Z"}
{"level":"\u001b[32minfo\u001b[39m","message":"{\"method\":\"GET\",\"url\":\"/api/meet/fetchEmployees-Allmeets?employeeId=67869f7defffdbe0c161c74a\",\"status\":\"304\",\"responseTime\":\"59.393\"}","timestamp":"2025-02-01T06:43:32.220Z"}
{"level":"\u001b[32minfo\u001b[39m","message":"{\"method\":\"GET\",\"url\":\"/api/meet/fetchEmployees-Allmeets?employeeId=67869f7defffdbe0c161c74a\",\"status\":\"304\",\"responseTime\":\"56.901\"}","timestamp":"2025-02-01T06:43:42.900Z"}
{"level":"\u001b[32minfo\u001b[39m","message":"{\"method\":\"GET\",\"url\":\"/api/meet/fetchEmployees-Allmeets?employeeId=67869f7defffdbe0c161c74a\",\"status\":\"200\",\"responseTime\":\"100.039\"}","timestamp":"2025-02-01T06:44:33.959Z"}
{"level":"\u001b[32minfo\u001b[39m","message":"{\"method\":\"GET\",\"url\":\"/api/meet/fetch-meets?organizationId=67869a6a1514145a64988362\",\"status\":\"401\",\"responseTime\":\"6.245\"}","timestamp":"2025-02-01T06:44:45.463Z"}
{"level":"\u001b[32minfo\u001b[39m","message":"{\"method\":\"GET\",\"url\":\"/api/meet/fetch-meets?organizationId=67869a6a1514145a64988362\",\"status\":\"304\",\"responseTime\":\"120.152\"}","timestamp":"2025-02-01T06:44:45.788Z"}
{"level":"\u001b[32minfo\u001b[39m","message":"{\"method\":\"GET\",\"url\":\"/api/meet/fetch-meets?organizationId=67869a6a1514145a64988362\",\"status\":\"304\",\"responseTime\":\"75.725\"}","timestamp":"2025-02-01T06:51:25.313Z"}
{"level":"\u001b[32minfo\u001b[39m","message":"{\"method\":\"GET\",\"url\":\"/api/meet/fetch-meets?organizationId=67869a6a1514145a64988362\",\"status\":\"304\",\"responseTime\":\"61.263\"}","timestamp":"2025-02-01T06:52:19.148Z"}
{"level":"\u001b[32minfo\u001b[39m","message":"{\"method\":\"GET\",\"url\":\"/api/meet/fetch-meets?organizationId=67869a6a1514145a64988362\",\"status\":\"401\",\"responseTime\":\"4.485\"}","timestamp":"2025-02-01T06:52:45.511Z"}
{"level":"\u001b[32minfo\u001b[39m","message":"{\"method\":\"GET\",\"url\":\"/api/meet/fetch-meets?organizationId=67869a6a1514145a64988362\",\"status\":\"304\",\"responseTime\":\"62.648\"}","timestamp":"2025-02-01T06:52:45.743Z"}
{"level":"\u001b[32minfo\u001b[39m","message":"{\"method\":\"GET\",\"url\":\"/api/meet/fetchEmployees-Allmeets?employeeId=67869f7defffdbe0c161c74a\",\"status\":\"304\",\"responseTime\":\"56.421\"}","timestamp":"2025-02-01T06:52:49.804Z"}
{"level":"\u001b[32minfo\u001b[39m","message":"{\"method\":\"GET\",\"url\":\"/api/meet/fetchEmployees-Allmeets?employeeId=67869f7defffdbe0c161c74a\",\"status\":\"304\",\"responseTime\":\"394.712\"}","timestamp":"2025-02-01T07:36:28.803Z"}
{"level":"\u001b[32minfo\u001b[39m","message":"{\"method\":\"GET\",\"url\":\"/api/meet/fetch-meets?organizationId=67869a6a1514145a64988362\",\"status\":\"304\",\"responseTime\":\"87.561\"}","timestamp":"2025-02-01T07:38:53.575Z"}
{"level":"\u001b[32minfo\u001b[39m","message":"{\"method\":\"POST\",\"url\":\"/api/meet/create-meet\",\"status\":\"200\",\"responseTime\":\"112.501\"}","timestamp":"2025-02-01T07:39:09.431Z"}
{"level":"\u001b[32minfo\u001b[39m","message":"{\"method\":\"GET\",\"url\":\"/api/meet/fetch-meets?organizationId=67869a6a1514145a64988362\",\"status\":\"200\",\"responseTime\":\"85.947\"}","timestamp":"2025-02-01T07:39:09.532Z"}
{"level":"\u001b[32minfo\u001b[39m","message":"{\"method\":\"GET\",\"url\":\"/api/meet/fetchEmployees-Allmeets?employeeId=67869f7defffdbe0c161c74a\",\"status\":\"200\",\"responseTime\":\"52.298\"}","timestamp":"2025-02-01T07:39:18.151Z"}
{"level":"\u001b[32minfo\u001b[39m","message":"{\"method\":\"GET\",\"url\":\"/api/meet/fetch-meets?organizationId=67869a6a1514145a64988362\",\"status\":\"200\",\"responseTime\":\"54.203\"}","timestamp":"2025-02-01T07:39:50.371Z"}
{"level":"\u001b[32minfo\u001b[39m","message":"{\"method\":\"GET\",\"url\":\"/api/meet/fetchEmployees-Allmeets?employeeId=67869f7defffdbe0c161c74a\",\"status\":\"200\",\"responseTime\":\"56.300\"}","timestamp":"2025-02-01T07:40:10.257Z"}
{"level":"\u001b[32minfo\u001b[39m","message":"{\"method\":\"GET\",\"url\":\"/api/meet/fetch-meets?organizationId=67869a6a1514145a64988362\",\"status\":\"401\",\"responseTime\":\"5.380\"}","timestamp":"2025-02-01T07:40:19.047Z"}
{"level":"\u001b[32minfo\u001b[39m","message":"{\"method\":\"GET\",\"url\":\"/api/meet/fetch-meets?organizationId=67869a6a1514145a64988362\",\"status\":\"304\",\"responseTime\":\"51.195\"}","timestamp":"2025-02-01T07:40:19.212Z"}
{"level":"\u001b[32minfo\u001b[39m","message":"{\"method\":\"GET\",\"url\":\"/api/meet/fetchEmployees-Allmeets?employeeId=67869f7defffdbe0c161c74a\",\"status\":\"304\",\"responseTime\":\"353.702\"}","timestamp":"2025-02-01T08:39:27.722Z"}
{"level":"\u001b[32minfo\u001b[39m","message":"{\"method\":\"GET\",\"url\":\"/api/meet/fetch-meets?organizationId=67869a6a1514145a64988362\",\"status\":\"304\",\"responseTime\":\"53.684\"}","timestamp":"2025-02-01T08:39:36.547Z"}
{"level":"\u001b[32minfo\u001b[39m","message":"{\"method\":\"POST\",\"url\":\"/api/meet/create-meet\",\"status\":\"200\",\"responseTime\":\"66.172\"}","timestamp":"2025-02-01T08:40:22.725Z"}
{"level":"\u001b[32minfo\u001b[39m","message":"{\"method\":\"GET\",\"url\":\"/api/meet/fetch-meets?organizationId=67869a6a1514145a64988362\",\"status\":\"200\",\"responseTime\":\"57.927\"}","timestamp":"2025-02-01T08:40:22.803Z"}
{"level":"\u001b[32minfo\u001b[39m","message":"{\"method\":\"GET\",\"url\":\"/api/meet/fetchEmployees-Allmeets?employeeId=67869f7defffdbe0c161c74a\",\"status\":\"401\",\"responseTime\":\"3.055\"}","timestamp":"2025-02-01T08:40:28.377Z"}
{"level":"\u001b[32minfo\u001b[39m","message":"{\"method\":\"GET\",\"url\":\"/api/meet/fetchEmployees-Allmeets?employeeId=67869f7defffdbe0c161c74a\",\"status\":\"304\",\"responseTime\":\"45.938\"}","timestamp":"2025-02-01T08:40:28.940Z"}
{"level":"\u001b[32minfo\u001b[39m","message":"{\"method\":\"GET\",\"url\":\"/api/meet/fetchEmployees-Allmeets?employeeId=67869f7defffdbe0c161c74a\",\"status\":\"304\",\"responseTime\":\"276.640\"}","timestamp":"2025-02-01T09:47:22.764Z"}
{"level":"\u001b[32minfo\u001b[39m","message":"{\"method\":\"GET\",\"url\":\"/api/meet/fetchEmployees-Allmeets?employeeId=67869f7defffdbe0c161c74a\",\"status\":\"304\",\"responseTime\":\"70.478\"}","timestamp":"2025-02-01T09:47:38.961Z"}
{"level":"\u001b[32minfo\u001b[39m","message":"{\"method\":\"POST\",\"url\":\"/api/meet/create-meet\",\"status\":\"401\",\"responseTime\":\"10.882\"}","timestamp":"2025-02-01T09:48:18.759Z"}
{"level":"\u001b[32minfo\u001b[39m","message":"{\"method\":\"POST\",\"url\":\"/api/meet/create-meet\",\"status\":\"200\",\"responseTime\":\"177.367\"}","timestamp":"2025-02-01T09:48:19.155Z"}
{"level":"\u001b[32minfo\u001b[39m","message":"{\"method\":\"GET\",\"url\":\"/api/meet/fetch-meets?organizationId=67869a6a1514145a64988362\",\"status\":\"200\",\"responseTime\":\"128.655\"}","timestamp":"2025-02-01T09:48:19.298Z"}
{"level":"\u001b[32minfo\u001b[39m","message":"{\"method\":\"GET\",\"url\":\"/api/meet/fetch-meets?organizationId=67869a6a1514145a64988362\",\"status\":\"304\",\"responseTime\":\"63.980\"}","timestamp":"2025-02-01T09:48:33.839Z"}
{"level":"\u001b[32minfo\u001b[39m","message":"{\"method\":\"GET\",\"url\":\"/api/meet/fetch-meets?organizationId=67869a6a1514145a64988362\",\"status\":\"200\",\"responseTime\":\"61.102\"}","timestamp":"2025-02-01T09:49:29.189Z"}
{"level":"\u001b[32minfo\u001b[39m","message":"{\"method\":\"GET\",\"url\":\"/api/meet/fetch-meets?organizationId=67869a6a1514145a64988362\",\"status\":\"200\",\"responseTime\":\"66.691\"}","timestamp":"2025-02-01T09:50:19.326Z"}
{"level":"\u001b[32minfo\u001b[39m","message":"{\"method\":\"GET\",\"url\":\"/api/meet/fetch-meets?organizationId=67869a6a1514145a64988362\",\"status\":\"200\",\"responseTime\":\"398.604\"}","timestamp":"2025-02-01T09:50:37.977Z"}
{"level":"\u001b[32minfo\u001b[39m","message":"{\"method\":\"GET\",\"url\":\"/api/meet/fetch-meets?organizationId=67869a6a1514145a64988362\",\"status\":\"200\",\"responseTime\":\"173.130\"}","timestamp":"2025-02-01T09:50:49.005Z"}
{"level":"\u001b[32minfo\u001b[39m","message":"{\"method\":\"GET\",\"url\":\"/api/meet/fetch-meets?organizationId=67869a6a1514145a64988362\",\"status\":\"200\",\"responseTime\":\"77.774\"}","timestamp":"2025-02-01T09:51:12.724Z"}
{"level":"\u001b[32minfo\u001b[39m","message":"{\"method\":\"GET\",\"url\":\"/api/meet/fetch-meets?organizationId=67869a6a1514145a64988362\",\"status\":\"401\",\"responseTime\":\"7.028\"}","timestamp":"2025-02-01T09:51:48.395Z"}
{"level":"\u001b[32minfo\u001b[39m","message":"{\"method\":\"GET\",\"url\":\"/api/meet/fetch-meets?organizationId=67869a6a1514145a64988362\",\"status\":\"304\",\"responseTime\":\"59.197\"}","timestamp":"2025-02-01T09:51:49.433Z"}
{"level":"\u001b[32minfo\u001b[39m","message":"{\"method\":\"GET\",\"url\":\"/api/meet/fetch-meets?organizationId=67869a6a1514145a64988362\",\"status\":\"304\",\"responseTime\":\"759.928\"}","timestamp":"2025-02-01T09:52:08.871Z"}
{"level":"\u001b[32minfo\u001b[39m","message":"{\"method\":\"GET\",\"url\":\"/api/meet/fetch-meets?organizationId=67869a6a1514145a64988362\",\"status\":\"304\",\"responseTime\":\"139.933\"}","timestamp":"2025-02-01T09:52:25.866Z"}
{"level":"\u001b[32minfo\u001b[39m","message":"{\"method\":\"GET\",\"url\":\"/api/meet/fetch-meets?organizationId=67869a6a1514145a64988362\",\"status\":\"401\",\"responseTime\":\"3.859\"}","timestamp":"2025-02-01T09:53:13.718Z"}
{"level":"\u001b[32minfo\u001b[39m","message":"{\"method\":\"GET\",\"url\":\"/api/meet/fetch-meets?organizationId=67869a6a1514145a64988362\",\"status\":\"304\",\"responseTime\":\"70.474\"}","timestamp":"2025-02-01T09:53:13.907Z"}
{"level":"\u001b[32minfo\u001b[39m","message":"{\"method\":\"GET\",\"url\":\"/api/meet/fetchEmployees-Allmeets?employeeId=67869f7defffdbe0c161c74a\",\"status\":\"401\",\"responseTime\":\"3.336\"}","timestamp":"2025-02-01T09:53:51.700Z"}
{"level":"\u001b[32minfo\u001b[39m","message":"{\"method\":\"GET\",\"url\":\"/api/meet/fetchEmployees-Allmeets?employeeId=67869f7defffdbe0c161c74a\",\"status\":\"200\",\"responseTime\":\"156.066\"}","timestamp":"2025-02-01T09:53:52.076Z"}
{"level":"\u001b[32minfo\u001b[39m","message":"{\"method\":\"GET\",\"url\":\"/api/meet/fetch-meets?organizationId=67869a6a1514145a64988362\",\"status\":\"304\",\"responseTime\":\"106.576\"}","timestamp":"2025-02-01T09:54:02.860Z"}
{"level":"\u001b[32minfo\u001b[39m","message":"{\"method\":\"GET\",\"url\":\"/api/meet/fetch-meets?organizationId=67869a6a1514145a64988362\",\"status\":\"304\",\"responseTime\":\"61.611\"}","timestamp":"2025-02-01T09:55:25.278Z"}
{"level":"\u001b[32minfo\u001b[39m","message":"{\"method\":\"GET\",\"url\":\"/api/meet/fetch-meets?organizationId=67869a6a1514145a64988362\",\"status\":\"304\",\"responseTime\":\"115.857\"}","timestamp":"2025-02-01T09:55:56.837Z"}
{"level":"\u001b[32minfo\u001b[39m","message":"{\"method\":\"GET\",\"url\":\"/api/meet/fetch-meets?organizationId=67869a6a1514145a64988362\",\"status\":\"304\",\"responseTime\":\"77.950\"}","timestamp":"2025-02-01T09:56:16.010Z"}
{"level":"\u001b[32minfo\u001b[39m","message":"{\"method\":\"GET\",\"url\":\"/api/meet/fetch-meets?organizationId=67869a6a1514145a64988362\",\"status\":\"304\",\"responseTime\":\"76.870\"}","timestamp":"2025-02-01T09:58:50.619Z"}
{"level":"\u001b[32minfo\u001b[39m","message":"{\"method\":\"GET\",\"url\":\"/api/meet/fetch-meets?organizationId=67869a6a1514145a64988362\",\"status\":\"304\",\"responseTime\":\"65.396\"}","timestamp":"2025-02-01T09:59:02.877Z"}
{"level":"\u001b[32minfo\u001b[39m","message":"{\"method\":\"DELETE\",\"url\":\"/api/meet/delete-meet?meetId=679dede20c2401deba052f5e\",\"status\":\"200\",\"responseTime\":\"501.888\"}","timestamp":"2025-02-01T09:59:10.255Z"}
{"level":"\u001b[32minfo\u001b[39m","message":"{\"method\":\"GET\",\"url\":\"/api/meet/fetch-meets?organizationId=67869a6a1514145a64988362\",\"status\":\"200\",\"responseTime\":\"191.132\"}","timestamp":"2025-02-01T09:59:10.475Z"}
{"level":"\u001b[32minfo\u001b[39m","message":"{\"method\":\"GET\",\"url\":\"/api/meet/fetch-meets?organizationId=67869a6a1514145a64988362\",\"status\":\"304\",\"responseTime\":\"473.210\"}","timestamp":"2025-02-01T09:59:10.963Z"}
{"level":"\u001b[32minfo\u001b[39m","message":"{\"method\":\"POST\",\"url\":\"/api/meet/create-meet\",\"status\":\"200\",\"responseTime\":\"607.021\"}","timestamp":"2025-02-01T09:59:25.623Z"}
{"level":"\u001b[32minfo\u001b[39m","message":"{\"method\":\"GET\",\"url\":\"/api/meet/fetch-meets?organizationId=67869a6a1514145a64988362\",\"status\":\"200\",\"responseTime\":\"62.856\"}","timestamp":"2025-02-01T09:59:25.704Z"}
{"level":"\u001b[32minfo\u001b[39m","message":"{\"method\":\"PATCH\",\"url\":\"/api/meet/edit-meet\",\"status\":\"200\",\"responseTime\":\"143.743\"}","timestamp":"2025-02-01T09:59:41.321Z"}
{"level":"\u001b[32minfo\u001b[39m","message":"{\"method\":\"GET\",\"url\":\"/api/meet/fetch-meets?organizationId=67869a6a1514145a64988362\",\"status\":\"200\",\"responseTime\":\"60.908\"}","timestamp":"2025-02-01T09:59:41.400Z"}
{"level":"\u001b[32minfo\u001b[39m","message":"{\"method\":\"GET\",\"url\":\"/api/meet/fetch-meets?organizationId=67869a6a1514145a64988362\",\"status\":\"304\",\"responseTime\":\"107.380\"}","timestamp":"2025-02-01T10:00:24.839Z"}
{"level":"\u001b[32minfo\u001b[39m","message":"{\"method\":\"GET\",\"url\":\"/api/meet/fetch-meets?organizationId=67869a6a1514145a64988362\",\"status\":\"304\",\"responseTime\":\"169.574\"}","timestamp":"2025-02-01T10:03:11.906Z"}
{"level":"\u001b[32minfo\u001b[39m","message":"{\"method\":\"GET\",\"url\":\"/api/meet/fetch-meets?organizationId=67869a6a1514145a64988362\",\"status\":\"304\",\"responseTime\":\"98.922\"}","timestamp":"2025-02-01T10:04:47.554Z"}
{"level":"\u001b[32minfo\u001b[39m","message":"{\"method\":\"GET\",\"url\":\"/api/meet/fetch-meets?organizationId=67869a6a1514145a64988362\",\"status\":\"304\",\"responseTime\":\"78.356\"}","timestamp":"2025-02-01T10:05:01.135Z"}
{"level":"\u001b[32minfo\u001b[39m","message":"{\"method\":\"GET\",\"url\":\"/api/meet/fetch-meets?organizationId=67869a6a1514145a64988362\",\"status\":\"304\",\"responseTime\":\"79.340\"}","timestamp":"2025-02-01T10:05:23.724Z"}
{"level":"\u001b[32minfo\u001b[39m","message":"{\"method\":\"GET\",\"url\":\"/api/meet/fetch-meets?organizationId=67869a6a1514145a64988362\",\"status\":\"304\",\"responseTime\":\"90.011\"}","timestamp":"2025-02-01T10:06:21.949Z"}
{"level":"\u001b[32minfo\u001b[39m","message":"{\"method\":\"GET\",\"url\":\"/api/meet/fetch-meets?organizationId=67869a6a1514145a64988362\",\"status\":\"304\",\"responseTime\":\"239.809\"}","timestamp":"2025-02-01T10:06:51.665Z"}
{"level":"\u001b[32minfo\u001b[39m","message":"{\"method\":\"GET\",\"url\":\"/api/meet/fetch-meets?organizationId=67869a6a1514145a64988362\",\"status\":\"304\",\"responseTime\":\"612.025\"}","timestamp":"2025-02-01T10:06:59.833Z"}
{"level":"\u001b[32minfo\u001b[39m","message":"{\"method\":\"GET\",\"url\":\"/api/meet/fetch-meets?organizationId=67869a6a1514145a64988362\",\"status\":\"304\",\"responseTime\":\"128.810\"}","timestamp":"2025-02-01T10:07:22.016Z"}
{"level":"\u001b[32minfo\u001b[39m","message":"{\"method\":\"GET\",\"url\":\"/api/meet/fetch-meets?organizationId=67869a6a1514145a64988362\",\"status\":\"304\",\"responseTime\":\"51.050\"}","timestamp":"2025-02-01T10:07:38.498Z"}
{"level":"\u001b[32minfo\u001b[39m","message":"{\"method\":\"GET\",\"url\":\"/api/meet/fetch-meets?organizationId=67869a6a1514145a64988362\",\"status\":\"304\",\"responseTime\":\"133.295\"}","timestamp":"2025-02-01T10:07:59.185Z"}
{"level":"\u001b[32minfo\u001b[39m","message":"{\"method\":\"GET\",\"url\":\"/api/meet/fetch-meets?organizationId=67869a6a1514145a64988362\",\"status\":\"304\",\"responseTime\":\"75.579\"}","timestamp":"2025-02-01T10:08:02.355Z"}
{"level":"\u001b[32minfo\u001b[39m","message":"{\"method\":\"GET\",\"url\":\"/api/meet/fetch-meets?organizationId=67869a6a1514145a64988362\",\"status\":\"304\",\"responseTime\":\"148.953\"}","timestamp":"2025-02-01T10:08:07.709Z"}
{"level":"\u001b[32minfo\u001b[39m","message":"{\"method\":\"GET\",\"url\":\"/api/meet/fetch-meets?organizationId=67869a6a1514145a64988362\",\"status\":\"304\",\"responseTime\":\"59.121\"}","timestamp":"2025-02-01T10:08:40.912Z"}
{"level":"\u001b[32minfo\u001b[39m","message":"{\"method\":\"GET\",\"url\":\"/api/meet/fetch-meets?organizationId=67869a6a1514145a64988362\",\"status\":\"304\",\"responseTime\":\"64.387\"}","timestamp":"2025-02-01T10:09:03.274Z"}
{"level":"\u001b[32minfo\u001b[39m","message":"{\"method\":\"GET\",\"url\":\"/api/meet/fetch-meets?organizationId=67869a6a1514145a64988362\",\"status\":\"401\",\"responseTime\":\"4.396\"}","timestamp":"2025-02-01T10:10:11.682Z"}
{"level":"\u001b[32minfo\u001b[39m","message":"{\"method\":\"GET\",\"url\":\"/api/meet/fetch-meets?organizationId=67869a6a1514145a64988362\",\"status\":\"304\",\"responseTime\":\"450.463\"}","timestamp":"2025-02-01T10:10:12.369Z"}
