{"level":"\u001b[32minfo\u001b[39m","message":"{\"method\":\"GET\",\"url\":\"/api/chat/fetch-notification?userId=67a44a46314f8fe8e568bd5e\",\"status\":\"401\",\"responseTime\":\"1.270\"}","timestamp":"2025-02-12T03:38:27.820Z"}
{"level":"\u001b[32minfo\u001b[39m","message":"{\"method\":\"GET\",\"url\":\"/api/chat/fetch-notification?userId=67869a521514145a6498835f\",\"status\":\"401\",\"responseTime\":\"1.995\"}","timestamp":"2025-02-12T03:38:29.260Z"}
{"level":"\u001b[32minfo\u001b[39m","message":"{\"method\":\"GET\",\"url\":\"/api/chat/fetch-notification?userId=67869a521514145a6498835f\",\"status\":\"200\",\"responseTime\":\"452.838\"}","timestamp":"2025-02-12T03:40:22.367Z"}
{"level":"\u001b[32minfo\u001b[39m","message":"{\"method\":\"GET\",\"url\":\"/api/chat/fetch-notification?userId=67a44a46314f8fe8e568bd5e\",\"status\":\"200\",\"responseTime\":\"357.149\"}","timestamp":"2025-02-12T03:40:42.661Z"}
{"level":"\u001b[32minfo\u001b[39m","message":"{\"method\":\"GET\",\"url\":\"/api/chat/fetch-chat?userId=67869a521514145a6498835f\",\"status\":\"304\",\"responseTime\":\"3287.598\"}","timestamp":"2025-02-12T03:42:11.543Z"}
{"level":"\u001b[32minfo\u001b[39m","message":"{\"method\":\"GET\",\"url\":\"/api/chat/fetch-messages?chatId=67a99510d5d8188a9d23ee64\",\"status\":\"200\",\"responseTime\":\"1719.024\"}","timestamp":"2025-02-12T03:42:17.132Z"}
{"level":"\u001b[32minfo\u001b[39m","message":"{\"method\":\"GET\",\"url\":\"/api/chat/fetch-messages?chatId=67a99510d5d8188a9d23ee64\",\"status\":\"304\",\"responseTime\":\"3409.558\"}","timestamp":"2025-02-12T03:42:20.552Z"}
{"level":"\u001b[32minfo\u001b[39m","message":"{\"method\":\"GET\",\"url\":\"/api/chat/fetch-chat?userId=67869a521514145a6498835f\",\"status\":\"200\",\"responseTime\":\"2261.310\"}","timestamp":"2025-02-12T03:42:25.459Z"}
{"level":"\u001b[32minfo\u001b[39m","message":"{\"method\":\"GET\",\"url\":\"/api/chat/fetch-chat?userId=67a44a46314f8fe8e568bd5e\",\"status\":\"200\",\"responseTime\":\"402.606\"}","timestamp":"2025-02-12T03:42:29.950Z"}
{"level":"\u001b[32minfo\u001b[39m","message":"{\"method\":\"GET\",\"url\":\"/api/chat/fetch-messages?chatId=67a99510d5d8188a9d23ee64\",\"status\":\"200\",\"responseTime\":\"381.002\"}","timestamp":"2025-02-12T03:42:32.584Z"}
{"level":"\u001b[32minfo\u001b[39m","message":"{\"method\":\"GET\",\"url\":\"/api/chat/fetch-chat?userId=67a44a46314f8fe8e568bd5e\",\"status\":\"200\",\"responseTime\":\"705.053\"}","timestamp":"2025-02-12T03:42:36.628Z"}
{"level":"\u001b[32minfo\u001b[39m","message":"{\"method\":\"GET\",\"url\":\"/api/chat/fetch-chat?userId=67869a521514145a6498835f\",\"status\":\"200\",\"responseTime\":\"768.231\"}","timestamp":"2025-02-12T03:42:36.702Z"}
{"level":"\u001b[32minfo\u001b[39m","message":"{\"method\":\"GET\",\"url\":\"/api/chat/fetch-chat?userId=67869a521514145a6498835f\",\"status\":\"200\",\"responseTime\":\"705.468\"}","timestamp":"2025-02-12T03:42:43.993Z"}
{"level":"\u001b[32minfo\u001b[39m","message":"{\"method\":\"GET\",\"url\":\"/api/chat/fetch-chat?userId=67a44a46314f8fe8e568bd5e\",\"status\":\"200\",\"responseTime\":\"1559.373\"}","timestamp":"2025-02-12T03:42:44.852Z"}
{"level":"\u001b[32minfo\u001b[39m","message":"{\"method\":\"GET\",\"url\":\"/api/chat/fetch-chat?userId=67a44a46314f8fe8e568bd5e\",\"status\":\"304\",\"responseTime\":\"782.963\"}","timestamp":"2025-02-12T03:43:58.664Z"}
{"level":"\u001b[32minfo\u001b[39m","message":"{\"method\":\"GET\",\"url\":\"/api/chat/fetch-chat?userId=67869a521514145a6498835f\",\"status\":\"304\",\"responseTime\":\"679.984\"}","timestamp":"2025-02-12T04:00:26.041Z"}
{"level":"\u001b[32minfo\u001b[39m","message":"{\"method\":\"GET\",\"url\":\"/api/chat/fetch-messages?chatId=67ab88b863a96d4f73f10a74\",\"status\":\"200\",\"responseTime\":\"389.886\"}","timestamp":"2025-02-12T04:00:29.801Z"}
{"level":"\u001b[32minfo\u001b[39m","message":"{\"method\":\"GET\",\"url\":\"/api/chat/fetch-notification?userId=67869a521514145a6498835f\",\"status\":\"401\",\"responseTime\":\"127.601\"}","timestamp":"2025-02-12T04:12:26.828Z"}
{"level":"\u001b[32minfo\u001b[39m","message":"{\"method\":\"GET\",\"url\":\"/api/chat/fetch-notification?userId=67a44a46314f8fe8e568bd5e\",\"status\":\"401\",\"responseTime\":\"4.140\"}","timestamp":"2025-02-12T04:12:33.828Z"}
{"level":"\u001b[32minfo\u001b[39m","message":"{\"method\":\"GET\",\"url\":\"/api/chat/fetch-notification?userId=67869a521514145a6498835f\",\"status\":\"200\",\"responseTime\":\"2471.990\"}","timestamp":"2025-02-12T04:12:46.234Z"}
{"level":"\u001b[32minfo\u001b[39m","message":"{\"method\":\"GET\",\"url\":\"/api/chat/fetch-notification?userId=67a44a46314f8fe8e568bd5e\",\"status\":\"200\",\"responseTime\":\"2552.356\"}","timestamp":"2025-02-12T04:12:47.953Z"}
{"level":"\u001b[32minfo\u001b[39m","message":"{\"method\":\"GET\",\"url\":\"/api/chat/fetch-chat?userId=67a44a46314f8fe8e568bd5e\",\"status\":\"304\",\"responseTime\":\"1110.734\"}","timestamp":"2025-02-12T04:12:50.826Z"}
{"level":"\u001b[32minfo\u001b[39m","message":"{\"method\":\"GET\",\"url\":\"/api/meet/fetchEmployees-Allmeets?employeeId=67a44a46314f8fe8e568bd5e\",\"status\":\"401\",\"responseTime\":\"5.392\"}","timestamp":"2025-02-12T04:14:39.270Z"}
{"level":"\u001b[32minfo\u001b[39m","message":"{\"method\":\"GET\",\"url\":\"/api/meet/fetchEmployees-Allmeets?employeeId=67a44a46314f8fe8e568bd5e\",\"status\":\"304\",\"responseTime\":\"588.663\"}","timestamp":"2025-02-12T04:14:40.628Z"}
{"level":"\u001b[32minfo\u001b[39m","message":"{\"method\":\"GET\",\"url\":\"/api/chat/fetch-chat?userId=67a44a46314f8fe8e568bd5e\",\"status\":\"304\",\"responseTime\":\"122.445\"}","timestamp":"2025-02-12T04:14:41.749Z"}
{"level":"\u001b[32minfo\u001b[39m","message":"{\"method\":\"GET\",\"url\":\"/api/meet/fetchEmployees-Allmeets?employeeId=67a44a46314f8fe8e568bd5e\",\"status\":\"401\",\"responseTime\":\"14.573\"}","timestamp":"2025-02-12T04:17:54.143Z"}
{"level":"\u001b[32minfo\u001b[39m","message":"{\"method\":\"GET\",\"url\":\"/api/meet/fetchEmployees-Allmeets?employeeId=67a44a46314f8fe8e568bd5e\",\"status\":\"304\",\"responseTime\":\"67.627\"}","timestamp":"2025-02-12T04:17:54.477Z"}
{"level":"\u001b[32minfo\u001b[39m","message":"{\"method\":\"GET\",\"url\":\"/api/chat/fetch-chat?userId=67869a521514145a6498835f\",\"status\":\"304\",\"responseTime\":\"299.807\"}","timestamp":"2025-02-12T04:17:59.693Z"}
{"level":"\u001b[32minfo\u001b[39m","message":"{\"method\":\"GET\",\"url\":\"/api/meet/fetch-meets?organizationId=67869a6a1514145a64988362\",\"status\":\"304\",\"responseTime\":\"65.915\"}","timestamp":"2025-02-12T04:18:01.836Z"}
{"level":"\u001b[32minfo\u001b[39m","message":"{\"method\":\"DELETE\",\"url\":\"/api/meet/delete-meet?meetId=67aaec1101b3d1d1e038017c\",\"status\":\"200\",\"responseTime\":\"95.471\"}","timestamp":"2025-02-12T04:18:05.607Z"}
{"level":"\u001b[32minfo\u001b[39m","message":"{\"method\":\"GET\",\"url\":\"/api/meet/fetch-meets?organizationId=67869a6a1514145a64988362\",\"status\":\"200\",\"responseTime\":\"56.588\"}","timestamp":"2025-02-12T04:18:05.690Z"}
{"level":"\u001b[32minfo\u001b[39m","message":"{\"method\":\"GET\",\"url\":\"/api/meet/fetch-meets?organizationId=67869a6a1514145a64988362\",\"status\":\"304\",\"responseTime\":\"64.569\"}","timestamp":"2025-02-12T04:18:05.772Z"}
{"level":"\u001b[32minfo\u001b[39m","message":"{\"method\":\"DELETE\",\"url\":\"/api/meet/delete-meet?meetId=67aacbef827891b69b1d85cb\",\"status\":\"200\",\"responseTime\":\"108.778\"}","timestamp":"2025-02-12T04:18:08.905Z"}
{"level":"\u001b[32minfo\u001b[39m","message":"{\"method\":\"GET\",\"url\":\"/api/meet/fetch-meets?organizationId=67869a6a1514145a64988362\",\"status\":\"200\",\"responseTime\":\"191.661\"}","timestamp":"2025-02-12T04:18:09.110Z"}
{"level":"\u001b[32minfo\u001b[39m","message":"{\"method\":\"GET\",\"url\":\"/api/meet/fetch-meets?organizationId=67869a6a1514145a64988362\",\"status\":\"304\",\"responseTime\":\"93.215\"}","timestamp":"2025-02-12T04:18:09.213Z"}
{"level":"\u001b[32minfo\u001b[39m","message":"{\"method\":\"GET\",\"url\":\"/api/chat/fetch-chat?userId=67a44a46314f8fe8e568bd5e\",\"status\":\"304\",\"responseTime\":\"260.986\"}","timestamp":"2025-02-12T04:18:13.621Z"}
{"level":"\u001b[32minfo\u001b[39m","message":"{\"method\":\"GET\",\"url\":\"/api/meet/fetchEmployees-Allmeets?employeeId=67a44a46314f8fe8e568bd5e\",\"status\":\"200\",\"responseTime\":\"63.482\"}","timestamp":"2025-02-12T04:18:14.659Z"}
{"level":"\u001b[32minfo\u001b[39m","message":"{\"method\":\"GET\",\"url\":\"/api/chat/fetch-chat?userId=67869a521514145a6498835f\",\"status\":\"304\",\"responseTime\":\"205.985\"}","timestamp":"2025-02-12T04:18:26.827Z"}
{"level":"\u001b[32minfo\u001b[39m","message":"{\"method\":\"GET\",\"url\":\"/api/chat/fetch-notification?userId=67869a521514145a6498835f\",\"status\":\"401\",\"responseTime\":\"19.938\"}","timestamp":"2025-02-12T04:25:13.336Z"}
{"level":"\u001b[32minfo\u001b[39m","message":"{\"method\":\"GET\",\"url\":\"/api/chat/fetch-notification?userId=67869a521514145a6498835f\",\"status\":\"304\",\"responseTime\":\"1429.596\"}","timestamp":"2025-02-12T04:25:23.566Z"}
{"level":"\u001b[32minfo\u001b[39m","message":"{\"method\":\"GET\",\"url\":\"/api/chat/fetch-notification?userId=67a44a46314f8fe8e568bd5e\",\"status\":\"401\",\"responseTime\":\"12.027\"}","timestamp":"2025-02-12T04:25:25.806Z"}
{"level":"\u001b[32minfo\u001b[39m","message":"{\"method\":\"GET\",\"url\":\"/api/chat/fetch-notification?userId=67a44a46314f8fe8e568bd5e\",\"status\":\"304\",\"responseTime\":\"140.163\"}","timestamp":"2025-02-12T04:25:31.200Z"}
{"level":"\u001b[32minfo\u001b[39m","message":"{\"method\":\"GET\",\"url\":\"/api/meet/fetchEmployees-Allmeets?employeeId=67a44a46314f8fe8e568bd5e\",\"status\":\"304\",\"responseTime\":\"47.783\"}","timestamp":"2025-02-12T04:25:32.247Z"}
{"level":"\u001b[32minfo\u001b[39m","message":"{\"method\":\"GET\",\"url\":\"/api/meet/fetch-meets?organizationId=67869a6a1514145a64988362\",\"status\":\"304\",\"responseTime\":\"54.933\"}","timestamp":"2025-02-12T04:25:36.298Z"}
{"level":"\u001b[32minfo\u001b[39m","message":"{\"method\":\"GET\",\"url\":\"/api/chat/fetch-chat?userId=67869a521514145a6498835f\",\"status\":\"304\",\"responseTime\":\"99.399\"}","timestamp":"2025-02-12T04:25:37.042Z"}
{"level":"\u001b[32minfo\u001b[39m","message":"{\"method\":\"GET\",\"url\":\"/api/chat/fetch-notification?userId=67a44a73314f8fe8e568bd61\",\"status\":\"401\",\"responseTime\":\"1.370\"}","timestamp":"2025-02-12T04:26:12.038Z"}
{"level":"\u001b[32minfo\u001b[39m","message":"{\"method\":\"GET\",\"url\":\"/api/chat/fetch-notification?userId=67a44a73314f8fe8e568bd61\",\"status\":\"200\",\"responseTime\":\"62.178\"}","timestamp":"2025-02-12T04:26:12.329Z"}
{"level":"\u001b[32minfo\u001b[39m","message":"{\"method\":\"GET\",\"url\":\"/api/meet/fetch-meets?organizationId=67869a6a1514145a64988362\",\"status\":\"401\",\"responseTime\":\"7.285\"}","timestamp":"2025-02-12T04:28:23.393Z"}
{"level":"\u001b[32minfo\u001b[39m","message":"{\"method\":\"GET\",\"url\":\"/api/meet/fetch-meets?organizationId=67869a6a1514145a64988362\",\"status\":\"304\",\"responseTime\":\"52.762\"}","timestamp":"2025-02-12T04:28:23.653Z"}
{"level":"\u001b[32minfo\u001b[39m","message":"{\"method\":\"GET\",\"url\":\"/api/chat/fetch-chat?userId=67869a521514145a6498835f\",\"status\":\"304\",\"responseTime\":\"93.212\"}","timestamp":"2025-02-12T04:28:24.601Z"}
{"level":"\u001b[32minfo\u001b[39m","message":"{\"method\":\"GET\",\"url\":\"/api/meet/fetch-meets?organizationId=67869a6a1514145a64988362\",\"status\":\"304\",\"responseTime\":\"389.189\"}","timestamp":"2025-02-12T04:46:52.084Z"}
{"level":"\u001b[32minfo\u001b[39m","message":"{\"method\":\"POST\",\"url\":\"/api/meet/create-meet\",\"status\":\"401\",\"responseTime\":\"297.208\"}","timestamp":"2025-02-12T04:47:40.569Z"}
{"level":"\u001b[32minfo\u001b[39m","message":"{\"method\":\"POST\",\"url\":\"/api/meet/create-meet\",\"status\":\"200\",\"responseTime\":\"98.056\"}","timestamp":"2025-02-12T04:47:40.781Z"}
{"level":"\u001b[32minfo\u001b[39m","message":"{\"method\":\"GET\",\"url\":\"/api/meet/fetch-meets?organizationId=67869a6a1514145a64988362\",\"status\":\"200\",\"responseTime\":\"73.876\"}","timestamp":"2025-02-12T04:47:40.880Z"}
{"level":"\u001b[32minfo\u001b[39m","message":"{\"method\":\"GET\",\"url\":\"/api/meet/fetchEmployees-Allmeets?employeeId=67a44a46314f8fe8e568bd5e\",\"status\":\"200\",\"responseTime\":\"70.134\"}","timestamp":"2025-02-12T04:48:14.807Z"}
{"level":"\u001b[32minfo\u001b[39m","message":"{\"method\":\"GET\",\"url\":\"/api/chat/fetch-notification?userId=67869a521514145a6498835f\",\"status\":\"401\",\"responseTime\":\"10.415\"}","timestamp":"2025-02-12T04:48:45.264Z"}
{"level":"\u001b[32minfo\u001b[39m","message":"{\"method\":\"GET\",\"url\":\"/api/chat/fetch-notification?userId=67869a521514145a6498835f\",\"status\":\"304\",\"responseTime\":\"83.667\"}","timestamp":"2025-02-12T04:48:45.854Z"}
{"level":"\u001b[32minfo\u001b[39m","message":"{\"method\":\"GET\",\"url\":\"/api/meet/fetch-meets?organizationId=67869a6a1514145a64988362\",\"status\":\"304\",\"responseTime\":\"349.143\"}","timestamp":"2025-02-12T04:48:46.994Z"}
{"level":"\u001b[32minfo\u001b[39m","message":"{\"method\":\"GET\",\"url\":\"/api/chat/fetch-chat?userId=67869a521514145a6498835f\",\"status\":\"304\",\"responseTime\":\"215.823\"}","timestamp":"2025-02-12T04:48:47.749Z"}
{"level":"\u001b[32minfo\u001b[39m","message":"{\"method\":\"GET\",\"url\":\"/api/chat/fetch-notification?userId=67a44a46314f8fe8e568bd5e\",\"status\":\"304\",\"responseTime\":\"138.802\"}","timestamp":"2025-02-12T04:49:03.523Z"}
{"level":"\u001b[32minfo\u001b[39m","message":"{\"method\":\"GET\",\"url\":\"/api/meet/fetchEmployees-Allmeets?employeeId=67a44a46314f8fe8e568bd5e\",\"status\":\"304\",\"responseTime\":\"88.545\"}","timestamp":"2025-02-12T04:49:04.283Z"}
{"level":"\u001b[32minfo\u001b[39m","message":"{\"method\":\"GET\",\"url\":\"/api/chat/fetch-chat?userId=67a44a46314f8fe8e568bd5e\",\"status\":\"304\",\"responseTime\":\"156.042\"}","timestamp":"2025-02-12T04:49:05.796Z"}
{"level":"\u001b[32minfo\u001b[39m","message":"{\"method\":\"GET\",\"url\":\"/api/chat/fetch-messages?chatId=67a99510d5d8188a9d23ee64\",\"status\":\"200\",\"responseTime\":\"87.198\"}","timestamp":"2025-02-12T04:49:10.841Z"}
{"level":"\u001b[32minfo\u001b[39m","message":"{\"method\":\"GET\",\"url\":\"/api/chat/fetch-chat?userId=67869a521514145a6498835f\",\"status\":\"200\",\"responseTime\":\"571.577\"}","timestamp":"2025-02-12T04:49:24.294Z"}
{"level":"\u001b[32minfo\u001b[39m","message":"{\"method\":\"GET\",\"url\":\"/api/chat/fetch-messages?chatId=67a99510d5d8188a9d23ee64\",\"status\":\"200\",\"responseTime\":\"152.326\"}","timestamp":"2025-02-12T04:49:28.625Z"}
{"level":"\u001b[32minfo\u001b[39m","message":"{\"method\":\"PUT\",\"url\":\"/api/chat/mark-as-read\",\"status\":\"200\",\"responseTime\":\"112.567\"}","timestamp":"2025-02-12T04:49:36.935Z"}
{"level":"\u001b[32minfo\u001b[39m","message":"{\"method\":\"DELETE\",\"url\":\"/api/chat/clearNotifications\",\"status\":\"200\",\"responseTime\":\"85.063\"}","timestamp":"2025-02-12T04:49:44.668Z"}
{"level":"\u001b[32minfo\u001b[39m","message":"{\"method\":\"GET\",\"url\":\"/api/chat/fetch-chat?userId=67a44a46314f8fe8e568bd5e\",\"status\":\"200\",\"responseTime\":\"192.817\"}","timestamp":"2025-02-12T04:49:48.503Z"}
{"level":"\u001b[32minfo\u001b[39m","message":"{\"method\":\"GET\",\"url\":\"/api/chat/fetch-chat?userId=67869a521514145a6498835f\",\"status\":\"200\",\"responseTime\":\"518.477\"}","timestamp":"2025-02-12T04:49:48.842Z"}
{"level":"\u001b[32minfo\u001b[39m","message":"{\"method\":\"PUT\",\"url\":\"/api/chat/mark-as-read\",\"status\":\"200\",\"responseTime\":\"94.395\"}","timestamp":"2025-02-12T04:49:56.859Z"}
{"level":"\u001b[32minfo\u001b[39m","message":"{\"method\":\"GET\",\"url\":\"/api/chat/fetch-messages?chatId=67ab88b863a96d4f73f10a74\",\"status\":\"304\",\"responseTime\":\"67.351\"}","timestamp":"2025-02-12T04:50:10.994Z"}
{"level":"\u001b[32minfo\u001b[39m","message":"{\"method\":\"GET\",\"url\":\"/api/chat/fetch-chat?userId=67869a521514145a6498835f\",\"status\":\"200\",\"responseTime\":\"190.631\"}","timestamp":"2025-02-12T04:50:36.072Z"}
{"level":"\u001b[32minfo\u001b[39m","message":"{\"method\":\"GET\",\"url\":\"/api/meet/fetchEmployees-Allmeets?employeeId=67a44a46314f8fe8e568bd5e\",\"status\":\"304\",\"responseTime\":\"119.505\"}","timestamp":"2025-02-12T04:50:49.443Z"}
{"level":"\u001b[32minfo\u001b[39m","message":"{\"method\":\"GET\",\"url\":\"/api/chat/fetch-chat?userId=67a44a46314f8fe8e568bd5e\",\"status\":\"200\",\"responseTime\":\"154.850\"}","timestamp":"2025-02-12T04:50:50.497Z"}
{"level":"\u001b[32minfo\u001b[39m","message":"{\"method\":\"GET\",\"url\":\"/api/chat/fetch-messages?chatId=67ab88b863a96d4f73f10a74\",\"status\":\"200\",\"responseTime\":\"56.719\"}","timestamp":"2025-02-12T04:50:52.988Z"}
{"level":"\u001b[32minfo\u001b[39m","message":"{\"method\":\"GET\",\"url\":\"/api/chat/fetch-chat?userId=67a44a46314f8fe8e568bd5e\",\"status\":\"200\",\"responseTime\":\"136.795\"}","timestamp":"2025-02-12T04:51:01.085Z"}
{"level":"\u001b[32minfo\u001b[39m","message":"{\"method\":\"GET\",\"url\":\"/api/chat/fetch-chat?userId=67869a521514145a6498835f\",\"status\":\"200\",\"responseTime\":\"560.000\"}","timestamp":"2025-02-12T04:51:01.590Z"}
{"level":"\u001b[32minfo\u001b[39m","message":"{\"method\":\"GET\",\"url\":\"/api/chat/fetch-chat?userId=67869a521514145a6498835f\",\"status\":\"304\",\"responseTime\":\"207.617\"}","timestamp":"2025-02-12T05:02:54.340Z"}
{"level":"\u001b[32minfo\u001b[39m","message":"{\"method\":\"GET\",\"url\":\"/api/chat/fetch-chat?userId=67869a521514145a6498835f\",\"status\":\"304\",\"responseTime\":\"148.807\"}","timestamp":"2025-02-12T05:03:22.874Z"}
{"level":"\u001b[32minfo\u001b[39m","message":"{\"method\":\"GET\",\"url\":\"/api/chat/fetch-chat?userId=67869a521514145a6498835f\",\"status\":\"304\",\"responseTime\":\"195.630\"}","timestamp":"2025-02-12T05:03:23.278Z"}
{"level":"\u001b[32minfo\u001b[39m","message":"{\"method\":\"GET\",\"url\":\"/api/chat/fetch-messages?chatId=67a99510d5d8188a9d23ee64\",\"status\":\"200\",\"responseTime\":\"79.556\"}","timestamp":"2025-02-12T05:03:23.686Z"}
{"level":"\u001b[32minfo\u001b[39m","message":"{\"method\":\"GET\",\"url\":\"/api/chat/fetch-notification?userId=67a44a46314f8fe8e568bd5e\",\"status\":\"401\",\"responseTime\":\"6.439\"}","timestamp":"2025-02-12T05:07:22.996Z"}
{"level":"\u001b[32minfo\u001b[39m","message":"{\"method\":\"GET\",\"url\":\"/api/chat/fetch-notification?userId=67869a521514145a6498835f\",\"status\":\"401\",\"responseTime\":\"9.627\"}","timestamp":"2025-02-12T05:07:25.025Z"}
{"level":"\u001b[32minfo\u001b[39m","message":"{\"method\":\"GET\",\"url\":\"/api/chat/fetch-notification?userId=67a44a46314f8fe8e568bd5e\",\"status\":\"200\",\"responseTime\":\"9236.208\"}","timestamp":"2025-02-12T05:08:00.871Z"}
{"level":"\u001b[32minfo\u001b[39m","message":"{\"method\":\"GET\",\"url\":\"/api/chat/fetch-notification?userId=67869a521514145a6498835f\",\"status\":\"200\",\"responseTime\":\"1756.098\"}","timestamp":"2025-02-12T05:08:01.677Z"}
{"level":"\u001b[32minfo\u001b[39m","message":"{\"method\":\"GET\",\"url\":\"/api/chat/fetch-chat?userId=67869a521514145a6498835f\",\"status\":\"304\",\"responseTime\":\"1034.700\"}","timestamp":"2025-02-12T05:08:07.609Z"}
{"level":"\u001b[32minfo\u001b[39m","message":"{\"method\":\"GET\",\"url\":\"/api/chat/fetch-notification?userId=67a44a73314f8fe8e568bd61\",\"status\":\"401\",\"responseTime\":\"5.378\"}","timestamp":"2025-02-12T05:10:12.565Z"}
{"level":"\u001b[32minfo\u001b[39m","message":"{\"method\":\"GET\",\"url\":\"/api/chat/fetch-notification?userId=67a44a73314f8fe8e568bd61\",\"status\":\"200\",\"responseTime\":\"928.002\"}","timestamp":"2025-02-12T05:10:13.862Z"}
{"level":"\u001b[32minfo\u001b[39m","message":"{\"method\":\"PUT\",\"url\":\"/api/chat/mark-as-read\",\"status\":\"401\",\"responseTime\":\"12.843\"}","timestamp":"2025-02-12T05:14:31.712Z"}
{"level":"\u001b[32minfo\u001b[39m","message":"{\"method\":\"PUT\",\"url\":\"/api/chat/mark-as-read\",\"status\":\"200\",\"responseTime\":\"968.370\"}","timestamp":"2025-02-12T05:14:33.483Z"}
{"level":"\u001b[32minfo\u001b[39m","message":"{\"method\":\"DELETE\",\"url\":\"/api/chat/clearNotifications\",\"status\":\"200\",\"responseTime\":\"93.140\"}","timestamp":"2025-02-12T05:14:36.919Z"}
{"level":"\u001b[32minfo\u001b[39m","message":"{\"method\":\"GET\",\"url\":\"/api/chat/fetch-chat?userId=67869a521514145a6498835f\",\"status\":\"304\",\"responseTime\":\"820.512\"}","timestamp":"2025-02-12T05:22:46.762Z"}
{"level":"\u001b[32minfo\u001b[39m","message":"{\"method\":\"GET\",\"url\":\"/api/chat/fetch-messages?chatId=67a99510d5d8188a9d23ee64\",\"status\":\"304\",\"responseTime\":\"74.241\"}","timestamp":"2025-02-12T05:23:04.506Z"}
{"level":"\u001b[32minfo\u001b[39m","message":"{\"method\":\"GET\",\"url\":\"/api/chat/fetch-chat?userId=67869a521514145a6498835f\",\"status\":\"200\",\"responseTime\":\"542.521\"}","timestamp":"2025-02-12T05:23:08.446Z"}
{"level":"\u001b[32minfo\u001b[39m","message":"{\"method\":\"PUT\",\"url\":\"/api/chat/mark-as-read\",\"status\":\"401\",\"responseTime\":\"4.569\"}","timestamp":"2025-02-12T05:23:15.541Z"}
{"level":"\u001b[32minfo\u001b[39m","message":"{\"method\":\"PUT\",\"url\":\"/api/chat/mark-as-read\",\"status\":\"200\",\"responseTime\":\"603.567\"}","timestamp":"2025-02-12T05:23:16.720Z"}
{"level":"\u001b[32minfo\u001b[39m","message":"{\"method\":\"DELETE\",\"url\":\"/api/chat/clearNotifications\",\"status\":\"200\",\"responseTime\":\"110.794\"}","timestamp":"2025-02-12T05:23:18.217Z"}
{"level":"\u001b[32minfo\u001b[39m","message":"{\"method\":\"GET\",\"url\":\"/api/chat/fetch-chat?userId=67a44a46314f8fe8e568bd5e\",\"status\":\"200\",\"responseTime\":\"534.474\"}","timestamp":"2025-02-12T05:23:22.108Z"}
{"level":"\u001b[32minfo\u001b[39m","message":"{\"method\":\"GET\",\"url\":\"/api/chat/fetch-messages?chatId=67a99510d5d8188a9d23ee64\",\"status\":\"200\",\"responseTime\":\"67.171\"}","timestamp":"2025-02-12T05:23:23.496Z"}
{"level":"\u001b[32minfo\u001b[39m","message":"{\"method\":\"GET\",\"url\":\"/api/chat/fetch-chat?userId=67869a521514145a6498835f\",\"status\":\"200\",\"responseTime\":\"247.439\"}","timestamp":"2025-02-12T05:23:35.067Z"}
{"level":"\u001b[32minfo\u001b[39m","message":"{\"method\":\"GET\",\"url\":\"/api/chat/fetch-chat?userId=67a44a46314f8fe8e568bd5e\",\"status\":\"200\",\"responseTime\":\"1227.380\"}","timestamp":"2025-02-12T05:23:36.050Z"}
{"level":"\u001b[32minfo\u001b[39m","message":"{\"method\":\"PUT\",\"url\":\"/api/chat/mark-as-read\",\"status\":\"200\",\"responseTime\":\"108.718\"}","timestamp":"2025-02-12T05:23:39.247Z"}
{"level":"\u001b[32minfo\u001b[39m","message":"{\"method\":\"GET\",\"url\":\"/api/meet/fetchEmployees-Allmeets?employeeId=67a44a46314f8fe8e568bd5e\",\"status\":\"401\",\"responseTime\":\"3.551\"}","timestamp":"2025-02-12T05:24:26.052Z"}
{"level":"\u001b[32minfo\u001b[39m","message":"{\"method\":\"GET\",\"url\":\"/api/meet/fetchEmployees-Allmeets?employeeId=67a44a46314f8fe8e568bd5e\",\"status\":\"304\",\"responseTime\":\"69.394\"}","timestamp":"2025-02-12T05:24:26.223Z"}
{"level":"\u001b[32minfo\u001b[39m","message":"{\"method\":\"GET\",\"url\":\"/api/chat/fetch-chat?userId=67869a521514145a6498835f\",\"status\":\"200\",\"responseTime\":\"207.261\"}","timestamp":"2025-02-12T05:24:31.806Z"}
{"level":"\u001b[32minfo\u001b[39m","message":"{\"method\":\"PUT\",\"url\":\"/api/chat/mark-as-read\",\"status\":\"200\",\"responseTime\":\"135.590\"}","timestamp":"2025-02-12T05:24:35.217Z"}
{"level":"\u001b[32minfo\u001b[39m","message":"{\"method\":\"GET\",\"url\":\"/api/chat/fetch-notification?userId=67a44a46314f8fe8e568bd5e\",\"status\":\"200\",\"responseTime\":\"64.473\"}","timestamp":"2025-02-12T05:25:13.775Z"}
{"level":"\u001b[32minfo\u001b[39m","message":"{\"method\":\"GET\",\"url\":\"/api/meet/fetchEmployees-Allmeets?employeeId=67a44a46314f8fe8e568bd5e\",\"status\":\"304\",\"responseTime\":\"72.840\"}","timestamp":"2025-02-12T05:25:15.002Z"}
{"level":"\u001b[32minfo\u001b[39m","message":"{\"method\":\"GET\",\"url\":\"/api/chat/fetch-notification?userId=67a44a46314f8fe8e568bd5e\",\"status\":\"304\",\"responseTime\":\"4515.329\"}","timestamp":"2025-02-12T05:26:06.590Z"}
{"level":"\u001b[32minfo\u001b[39m","message":"{\"method\":\"GET\",\"url\":\"/api/chat/fetch-chat?userId=67a44a46314f8fe8e568bd5e\",\"status\":\"200\",\"responseTime\":\"1547.112\"}","timestamp":"2025-02-12T05:26:18.700Z"}
{"level":"\u001b[32minfo\u001b[39m","message":"{\"method\":\"GET\",\"url\":\"/api/chat/fetch-notification?userId=67a44a46314f8fe8e568bd5e\",\"status\":\"401\",\"responseTime\":\"21.033\"}","timestamp":"2025-02-12T06:08:01.470Z"}
{"level":"\u001b[32minfo\u001b[39m","message":"{\"method\":\"GET\",\"url\":\"/api/chat/fetch-notification?userId=67a44a73314f8fe8e568bd61\",\"status\":\"401\",\"responseTime\":\"4.872\"}","timestamp":"2025-02-12T06:08:01.967Z"}
{"level":"\u001b[32minfo\u001b[39m","message":"{\"method\":\"GET\",\"url\":\"/api/chat/fetch-notification?userId=67a44a46314f8fe8e568bd5e\",\"status\":\"304\",\"responseTime\":\"381.510\"}","timestamp":"2025-02-12T06:08:03.337Z"}
{"level":"\u001b[32minfo\u001b[39m","message":"{\"method\":\"GET\",\"url\":\"/api/chat/fetch-notification?userId=67a44a73314f8fe8e568bd61\",\"status\":\"304\",\"responseTime\":\"77.830\"}","timestamp":"2025-02-12T06:08:03.480Z"}
{"level":"\u001b[32minfo\u001b[39m","message":"{\"method\":\"GET\",\"url\":\"/api/chat/fetch-chat?userId=67a44a46314f8fe8e568bd5e\",\"status\":\"304\",\"responseTime\":\"192.719\"}","timestamp":"2025-02-12T06:08:04.521Z"}
