{"level":"\u001b[32minfo\u001b[39m","message":"{\"method\":\"GET\",\"url\":\"/api/chat/fetch-chat?userId=67869a521514145a6498835f\",\"status\":\"304\",\"responseTime\":\"2699.880\"}","timestamp":"2025-02-11T03:37:13.800Z"}
{"level":"\u001b[32minfo\u001b[39m","message":"{\"method\":\"GET\",\"url\":\"/api/chat/fetch-messages?chatId=67a99529d5d8188a9d23ee7a\",\"status\":\"304\",\"responseTime\":\"82.028\"}","timestamp":"2025-02-11T03:37:19.095Z"}
{"level":"\u001b[32minfo\u001b[39m","message":"{\"method\":\"GET\",\"url\":\"/api/chat/fetch-chat?userId=67869a521514145a6498835f\",\"status\":\"200\",\"responseTime\":\"2326.151\"}","timestamp":"2025-02-11T03:37:27.127Z"}
{"level":"\u001b[32minfo\u001b[39m","message":"{\"method\":\"GET\",\"url\":\"/api/chat/fetch-chat?userId=67a44a46314f8fe8e568bd5e\",\"status\":\"304\",\"responseTime\":\"1230.631\"}","timestamp":"2025-02-11T03:37:33.000Z"}
{"level":"\u001b[32minfo\u001b[39m","message":"{\"method\":\"GET\",\"url\":\"/api/chat/fetch-chat?userId=67869a521514145a6498835f\",\"status\":\"200\",\"responseTime\":\"1356.201\"}","timestamp":"2025-02-11T03:37:37.597Z"}
{"level":"\u001b[32minfo\u001b[39m","message":"{\"method\":\"GET\",\"url\":\"/api/chat/fetch-messages?chatId=67a99510d5d8188a9d23ee64\",\"status\":\"200\",\"responseTime\":\"2551.329\"}","timestamp":"2025-02-11T03:37:41.504Z"}
{"level":"\u001b[32minfo\u001b[39m","message":"{\"method\":\"GET\",\"url\":\"/api/chat/fetch-messages?chatId=67a99510d5d8188a9d23ee64\",\"status\":\"304\",\"responseTime\":\"1207.438\"}","timestamp":"2025-02-11T03:37:42.729Z"}
{"level":"\u001b[32minfo\u001b[39m","message":"{\"method\":\"GET\",\"url\":\"/api/chat/fetch-chat?userId=67a44a46314f8fe8e568bd5e\",\"status\":\"200\",\"responseTime\":\"479.176\"}","timestamp":"2025-02-11T03:37:46.690Z"}
{"level":"\u001b[32minfo\u001b[39m","message":"{\"method\":\"GET\",\"url\":\"/api/chat/fetch-messages?chatId=67a99546d5d8188a9d23ee8d\",\"status\":\"200\",\"responseTime\":\"261.309\"}","timestamp":"2025-02-11T03:38:25.772Z"}
{"level":"\u001b[32minfo\u001b[39m","message":"{\"method\":\"GET\",\"url\":\"/api/chat/fetch-chat?userId=67869a521514145a6498835f\",\"status\":\"200\",\"responseTime\":\"1449.278\"}","timestamp":"2025-02-11T03:38:30.467Z"}
{"level":"\u001b[32minfo\u001b[39m","message":"{\"method\":\"GET\",\"url\":\"/api/chat/fetch-messages?chatId=67a99546d5d8188a9d23ee8d\",\"status\":\"200\",\"responseTime\":\"1231.542\"}","timestamp":"2025-02-11T03:38:36.690Z"}
{"level":"\u001b[32minfo\u001b[39m","message":"{\"method\":\"GET\",\"url\":\"/api/chat/fetch-chat?userId=67a44a46314f8fe8e568bd5e\",\"status\":\"200\",\"responseTime\":\"665.129\"}","timestamp":"2025-02-11T03:38:45.076Z"}
{"level":"\u001b[32minfo\u001b[39m","message":"{\"method\":\"GET\",\"url\":\"/api/chat/fetch-chat?userId=67869a521514145a6498835f\",\"status\":\"200\",\"responseTime\":\"5071.596\"}","timestamp":"2025-02-11T03:38:49.483Z"}
{"level":"\u001b[32minfo\u001b[39m","message":"{\"method\":\"GET\",\"url\":\"/api/chat/fetch-messages?chatId=67a99510d5d8188a9d23ee64\",\"status\":\"401\",\"responseTime\":\"12.863\"}","timestamp":"2025-02-11T03:41:21.400Z"}
{"level":"\u001b[32minfo\u001b[39m","message":"{\"method\":\"GET\",\"url\":\"/api/chat/fetch-messages?chatId=67a99510d5d8188a9d23ee64\",\"status\":\"200\",\"responseTime\":\"1307.061\"}","timestamp":"2025-02-11T03:41:23.693Z"}
{"level":"\u001b[32minfo\u001b[39m","message":"{\"method\":\"GET\",\"url\":\"/api/chat/fetch-chat?userId=67a44a46314f8fe8e568bd5e\",\"status\":\"200\",\"responseTime\":\"438.407\"}","timestamp":"2025-02-11T03:41:29.017Z"}
{"level":"\u001b[32minfo\u001b[39m","message":"{\"method\":\"GET\",\"url\":\"/api/chat/fetch-chat?userId=67869a521514145a6498835f\",\"status\":\"200\",\"responseTime\":\"1465.326\"}","timestamp":"2025-02-11T03:41:30.047Z"}
{"level":"\u001b[32minfo\u001b[39m","message":"{\"method\":\"GET\",\"url\":\"/api/chat/fetch-chat?userId=67869a521514145a6498835f\",\"status\":\"200\",\"responseTime\":\"1475.717\"}","timestamp":"2025-02-11T03:42:46.085Z"}
{"level":"\u001b[32minfo\u001b[39m","message":"{\"method\":\"GET\",\"url\":\"/api/chat/fetch-chat?userId=67a44a46314f8fe8e568bd5e\",\"status\":\"200\",\"responseTime\":\"1637.281\"}","timestamp":"2025-02-11T03:42:46.242Z"}
{"level":"\u001b[32minfo\u001b[39m","message":"{\"method\":\"GET\",\"url\":\"/api/chat/fetch-chat?userId=67869a521514145a6498835f\",\"status\":\"304\",\"responseTime\":\"917.521\"}","timestamp":"2025-02-11T03:50:43.276Z"}
{"level":"\u001b[32minfo\u001b[39m","message":"{\"method\":\"GET\",\"url\":\"/api/meet/fetch-meets?organizationId=67869a6a1514145a64988362\",\"status\":\"401\",\"responseTime\":\"8.259\"}","timestamp":"2025-02-11T03:51:35.181Z"}
{"level":"\u001b[32minfo\u001b[39m","message":"{\"method\":\"GET\",\"url\":\"/api/meet/fetch-meets?organizationId=67869a6a1514145a64988362\",\"status\":\"304\",\"responseTime\":\"93.122\"}","timestamp":"2025-02-11T03:51:35.756Z"}
{"level":"\u001b[32minfo\u001b[39m","message":"{\"method\":\"GET\",\"url\":\"/api/chat/fetch-chat?userId=67869a521514145a6498835f\",\"status\":\"200\",\"responseTime\":\"706.554\"}","timestamp":"2025-02-11T03:51:36.609Z"}
{"level":"\u001b[32minfo\u001b[39m","message":"{\"method\":\"GET\",\"url\":\"/api/chat/fetch-chat?userId=67a44a46314f8fe8e568bd5e\",\"status\":\"200\",\"responseTime\":\"479.866\"}","timestamp":"2025-02-11T03:51:45.115Z"}
{"level":"\u001b[32minfo\u001b[39m","message":"{\"method\":\"GET\",\"url\":\"/api/chat/fetch-chat?userId=67a44a46314f8fe8e568bd5e\",\"status\":\"304\",\"responseTime\":\"5418.207\"}","timestamp":"2025-02-11T03:53:23.107Z"}
{"level":"\u001b[32minfo\u001b[39m","message":"{\"method\":\"GET\",\"url\":\"/api/chat/fetch-chat?userId=67869a521514145a6498835f\",\"status\":\"304\",\"responseTime\":\"6328.758\"}","timestamp":"2025-02-11T03:53:24.724Z"}
{"level":"\u001b[32minfo\u001b[39m","message":"{\"method\":\"GET\",\"url\":\"/api/chat/fetch-chat?userId=67a44a46314f8fe8e568bd5e\",\"status\":\"304\",\"responseTime\":\"791.403\"}","timestamp":"2025-02-11T03:55:45.499Z"}
{"level":"\u001b[32minfo\u001b[39m","message":"{\"method\":\"POST\",\"url\":\"/api/chat/create-chat\",\"status\":\"401\",\"responseTime\":\"162.960\"}","timestamp":"2025-02-11T03:56:37.945Z"}
{"level":"\u001b[32minfo\u001b[39m","message":"{\"method\":\"POST\",\"url\":\"/api/chat/create-chat\",\"status\":\"201\",\"responseTime\":\"626.781\"}","timestamp":"2025-02-11T03:56:40.950Z"}
{"level":"\u001b[32minfo\u001b[39m","message":"{\"method\":\"GET\",\"url\":\"/api/chat/fetch-chat?userId=67a44a46314f8fe8e568bd5e\",\"status\":\"200\",\"responseTime\":\"1650.637\"}","timestamp":"2025-02-11T03:56:42.614Z"}
{"level":"\u001b[32minfo\u001b[39m","message":"{\"method\":\"GET\",\"url\":\"/api/meet/fetch-meets?organizationId=67869a6a1514145a64988362\",\"status\":\"401\",\"responseTime\":\"3.403\"}","timestamp":"2025-02-11T03:57:04.552Z"}
{"level":"\u001b[32minfo\u001b[39m","message":"{\"method\":\"GET\",\"url\":\"/api/meet/fetch-meets?organizationId=67869a6a1514145a64988362\",\"status\":\"304\",\"responseTime\":\"922.514\"}","timestamp":"2025-02-11T03:57:06.123Z"}
{"level":"\u001b[32minfo\u001b[39m","message":"{\"method\":\"GET\",\"url\":\"/api/chat/fetch-chat?userId=67869a521514145a6498835f\",\"status\":\"200\",\"responseTime\":\"1198.971\"}","timestamp":"2025-02-11T03:57:06.591Z"}
{"level":"\u001b[32minfo\u001b[39m","message":"{\"method\":\"GET\",\"url\":\"/api/chat/fetch-messages?chatId=67aaca78827891b69b1d8572\",\"status\":\"200\",\"responseTime\":\"559.948\"}","timestamp":"2025-02-11T03:57:09.111Z"}
{"level":"\u001b[32minfo\u001b[39m","message":"{\"method\":\"GET\",\"url\":\"/api/chat/fetch-chat?userId=67869a521514145a6498835f\",\"status\":\"200\",\"responseTime\":\"1094.542\"}","timestamp":"2025-02-11T03:57:20.551Z"}
{"level":"\u001b[32minfo\u001b[39m","message":"{\"method\":\"GET\",\"url\":\"/api/chat/fetch-chat?userId=67a44a46314f8fe8e568bd5e\",\"status\":\"200\",\"responseTime\":\"5395.524\"}","timestamp":"2025-02-11T03:57:24.859Z"}
{"level":"\u001b[32minfo\u001b[39m","message":"{\"method\":\"GET\",\"url\":\"/api/chat/fetch-chat?userId=67a44a46314f8fe8e568bd5e\",\"status\":\"200\",\"responseTime\":\"781.644\"}","timestamp":"2025-02-11T03:57:28.055Z"}
{"level":"\u001b[32minfo\u001b[39m","message":"{\"method\":\"GET\",\"url\":\"/api/chat/fetch-chat?userId=67869a521514145a6498835f\",\"status\":\"200\",\"responseTime\":\"821.376\"}","timestamp":"2025-02-11T03:57:28.105Z"}
{"level":"\u001b[32minfo\u001b[39m","message":"{\"method\":\"GET\",\"url\":\"/api/chat/fetch-chat?userId=67a44a73314f8fe8e568bd61\",\"status\":\"200\",\"responseTime\":\"1166.279\"}","timestamp":"2025-02-11T03:57:54.570Z"}
{"level":"\u001b[32minfo\u001b[39m","message":"{\"method\":\"GET\",\"url\":\"/api/chat/fetch-messages?chatId=67aaca78827891b69b1d8572\",\"status\":\"200\",\"responseTime\":\"514.926\"}","timestamp":"2025-02-11T03:57:58.042Z"}
{"level":"\u001b[32minfo\u001b[39m","message":"{\"method\":\"GET\",\"url\":\"/api/chat/fetch-chat?userId=67869a521514145a6498835f\",\"status\":\"200\",\"responseTime\":\"574.231\"}","timestamp":"2025-02-11T03:58:02.135Z"}
{"level":"\u001b[32minfo\u001b[39m","message":"{\"method\":\"GET\",\"url\":\"/api/chat/fetch-chat?userId=67a44a73314f8fe8e568bd61\",\"status\":\"200\",\"responseTime\":\"865.151\"}","timestamp":"2025-02-11T03:58:02.418Z"}
{"level":"\u001b[32minfo\u001b[39m","message":"{\"method\":\"GET\",\"url\":\"/api/chat/fetch-chat?userId=67a44a46314f8fe8e568bd5e\",\"status\":\"200\",\"responseTime\":\"2882.953\"}","timestamp":"2025-02-11T03:58:04.449Z"}
{"level":"\u001b[32minfo\u001b[39m","message":"{\"method\":\"GET\",\"url\":\"/api/chat/fetch-chat?userId=67a44a73314f8fe8e568bd61\",\"status\":\"200\",\"responseTime\":\"658.649\"}","timestamp":"2025-02-11T03:58:17.060Z"}
{"level":"\u001b[32minfo\u001b[39m","message":"{\"method\":\"GET\",\"url\":\"/api/chat/fetch-chat?userId=67869a521514145a6498835f\",\"status\":\"200\",\"responseTime\":\"888.859\"}","timestamp":"2025-02-11T03:58:17.313Z"}
{"level":"\u001b[32minfo\u001b[39m","message":"{\"method\":\"GET\",\"url\":\"/api/chat/fetch-chat?userId=67a44a46314f8fe8e568bd5e\",\"status\":\"200\",\"responseTime\":\"2359.350\"}","timestamp":"2025-02-11T03:58:18.769Z"}
{"level":"\u001b[32minfo\u001b[39m","message":"{\"method\":\"GET\",\"url\":\"/api/chat/fetch-chat?userId=67a44a73314f8fe8e568bd61\",\"status\":\"200\",\"responseTime\":\"822.023\"}","timestamp":"2025-02-11T03:58:39.206Z"}
{"level":"\u001b[32minfo\u001b[39m","message":"{\"method\":\"GET\",\"url\":\"/api/chat/fetch-chat?userId=67a44a46314f8fe8e568bd5e\",\"status\":\"200\",\"responseTime\":\"1013.232\"}","timestamp":"2025-02-11T03:58:39.405Z"}
{"level":"\u001b[32minfo\u001b[39m","message":"{\"method\":\"GET\",\"url\":\"/api/chat/fetch-chat?userId=67869a521514145a6498835f\",\"status\":\"200\",\"responseTime\":\"1034.723\"}","timestamp":"2025-02-11T03:58:39.423Z"}
{"level":"\u001b[32minfo\u001b[39m","message":"{\"method\":\"GET\",\"url\":\"/api/chat/fetch-chat?userId=67a44a73314f8fe8e568bd61\",\"status\":\"200\",\"responseTime\":\"986.888\"}","timestamp":"2025-02-11T03:58:55.261Z"}
{"level":"\u001b[32minfo\u001b[39m","message":"{\"method\":\"GET\",\"url\":\"/api/chat/fetch-chat?userId=67a44a46314f8fe8e568bd5e\",\"status\":\"200\",\"responseTime\":\"1051.962\"}","timestamp":"2025-02-11T03:58:55.337Z"}
{"level":"\u001b[32minfo\u001b[39m","message":"{\"method\":\"GET\",\"url\":\"/api/chat/fetch-chat?userId=67869a521514145a6498835f\",\"status\":\"200\",\"responseTime\":\"1053.490\"}","timestamp":"2025-02-11T03:58:55.343Z"}
{"level":"\u001b[32minfo\u001b[39m","message":"{\"method\":\"GET\",\"url\":\"/api/meet/fetch-meets?organizationId=67869a6a1514145a64988362\",\"status\":\"304\",\"responseTime\":\"530.781\"}","timestamp":"2025-02-11T03:59:01.819Z"}
{"level":"\u001b[32minfo\u001b[39m","message":"{\"method\":\"GET\",\"url\":\"/api/chat/fetch-chat?userId=67869a521514145a6498835f\",\"status\":\"304\",\"responseTime\":\"919.891\"}","timestamp":"2025-02-11T03:59:03.180Z"}
{"level":"\u001b[32minfo\u001b[39m","message":"{\"method\":\"GET\",\"url\":\"/api/chat/fetch-messages?chatId=67a99510d5d8188a9d23ee64\",\"status\":\"401\",\"responseTime\":\"3.092\"}","timestamp":"2025-02-11T03:59:10.280Z"}
{"level":"\u001b[32minfo\u001b[39m","message":"{\"method\":\"GET\",\"url\":\"/api/chat/fetch-messages?chatId=67a99510d5d8188a9d23ee64\",\"status\":\"200\",\"responseTime\":\"85.723\"}","timestamp":"2025-02-11T03:59:10.858Z"}
{"level":"\u001b[32minfo\u001b[39m","message":"{\"method\":\"GET\",\"url\":\"/api/chat/fetch-chat?userId=67a44a46314f8fe8e568bd5e\",\"status\":\"200\",\"responseTime\":\"1432.466\"}","timestamp":"2025-02-11T03:59:15.825Z"}
{"level":"\u001b[32minfo\u001b[39m","message":"{\"method\":\"GET\",\"url\":\"/api/chat/fetch-chat?userId=67869a521514145a6498835f\",\"status\":\"200\",\"responseTime\":\"865.341\"}","timestamp":"2025-02-11T03:59:33.870Z"}
{"level":"\u001b[32minfo\u001b[39m","message":"{\"method\":\"GET\",\"url\":\"/api/chat/fetch-chat?userId=67a44a46314f8fe8e568bd5e\",\"status\":\"200\",\"responseTime\":\"731.475\"}","timestamp":"2025-02-11T03:59:41.590Z"}
{"level":"\u001b[32minfo\u001b[39m","message":"{\"method\":\"GET\",\"url\":\"/api/meet/fetch-meets?organizationId=67869a6a1514145a64988362\",\"status\":\"401\",\"responseTime\":\"13.221\"}","timestamp":"2025-02-11T04:01:55.062Z"}
{"level":"\u001b[32minfo\u001b[39m","message":"{\"method\":\"GET\",\"url\":\"/api/meet/fetch-meets?organizationId=67869a6a1514145a64988362\",\"status\":\"304\",\"responseTime\":\"328.768\"}","timestamp":"2025-02-11T04:01:55.849Z"}
{"level":"\u001b[32minfo\u001b[39m","message":"{\"method\":\"DELETE\",\"url\":\"/api/meet/delete-meet?meetId=67a6e4a2a11756bac5c66d15\",\"status\":\"200\",\"responseTime\":\"209.694\"}","timestamp":"2025-02-11T04:02:03.727Z"}
{"level":"\u001b[32minfo\u001b[39m","message":"{\"method\":\"GET\",\"url\":\"/api/meet/fetch-meets?organizationId=67869a6a1514145a64988362\",\"status\":\"200\",\"responseTime\":\"84.904\"}","timestamp":"2025-02-11T04:02:03.829Z"}
{"level":"\u001b[32minfo\u001b[39m","message":"{\"method\":\"GET\",\"url\":\"/api/meet/fetch-meets?organizationId=67869a6a1514145a64988362\",\"status\":\"304\",\"responseTime\":\"468.851\"}","timestamp":"2025-02-11T04:02:04.307Z"}
{"level":"\u001b[32minfo\u001b[39m","message":"{\"method\":\"POST\",\"url\":\"/api/meet/create-meet\",\"status\":\"401\",\"responseTime\":\"7.641\"}","timestamp":"2025-02-11T04:02:55.574Z"}
{"level":"\u001b[32minfo\u001b[39m","message":"{\"method\":\"POST\",\"url\":\"/api/meet/create-meet\",\"status\":\"200\",\"responseTime\":\"575.110\"}","timestamp":"2025-02-11T04:02:56.535Z"}
{"level":"\u001b[32minfo\u001b[39m","message":"{\"method\":\"GET\",\"url\":\"/api/meet/fetch-meets?organizationId=67869a6a1514145a64988362\",\"status\":\"200\",\"responseTime\":\"331.559\"}","timestamp":"2025-02-11T04:02:56.884Z"}
{"level":"\u001b[32minfo\u001b[39m","message":"{\"method\":\"PATCH\",\"url\":\"/api/meet/edit-meet\",\"status\":\"200\",\"responseTime\":\"615.557\"}","timestamp":"2025-02-11T04:03:15.595Z"}
{"level":"\u001b[32minfo\u001b[39m","message":"{\"method\":\"GET\",\"url\":\"/api/meet/fetch-meets?organizationId=67869a6a1514145a64988362\",\"status\":\"200\",\"responseTime\":\"990.323\"}","timestamp":"2025-02-11T04:03:16.601Z"}
{"level":"\u001b[32minfo\u001b[39m","message":"{\"method\":\"GET\",\"url\":\"/api/meet/fetchEmployees-Allmeets?employeeId=67a44a46314f8fe8e568bd5e\",\"status\":\"401\",\"responseTime\":\"12.004\"}","timestamp":"2025-02-11T04:03:39.920Z"}
{"level":"\u001b[32minfo\u001b[39m","message":"{\"method\":\"GET\",\"url\":\"/api/meet/fetchEmployees-Allmeets?employeeId=67a44a46314f8fe8e568bd5e\",\"status\":\"200\",\"responseTime\":\"411.667\"}","timestamp":"2025-02-11T04:03:40.879Z"}
{"level":"\u001b[32minfo\u001b[39m","message":"{\"method\":\"GET\",\"url\":\"/api/meet/fetchEmployees-Allmeets?employeeId=67a44a73314f8fe8e568bd61\",\"status\":\"401\",\"responseTime\":\"3.624\"}","timestamp":"2025-02-11T04:03:55.398Z"}
{"level":"\u001b[32minfo\u001b[39m","message":"{\"method\":\"GET\",\"url\":\"/api/meet/fetchEmployees-Allmeets?employeeId=67a44a73314f8fe8e568bd61\",\"status\":\"200\",\"responseTime\":\"306.259\"}","timestamp":"2025-02-11T04:03:56.062Z"}
{"level":"\u001b[32minfo\u001b[39m","message":"{\"method\":\"GET\",\"url\":\"/api/meet/fetchEmployees-Allmeets?employeeId=67a44a73314f8fe8e568bd61\",\"status\":\"304\",\"responseTime\":\"142.343\"}","timestamp":"2025-02-11T04:04:37.530Z"}
{"level":"\u001b[32minfo\u001b[39m","message":"{\"method\":\"GET\",\"url\":\"/api/meet/fetchEmployees-Allmeets?employeeId=67a44a73314f8fe8e568bd61\",\"status\":\"304\",\"responseTime\":\"722.781\"}","timestamp":"2025-02-11T04:04:51.013Z"}
{"level":"\u001b[32minfo\u001b[39m","message":"{\"method\":\"GET\",\"url\":\"/api/meet/fetchEmployees-Allmeets?employeeId=67a44a46314f8fe8e568bd5e\",\"status\":\"304\",\"responseTime\":\"379.862\"}","timestamp":"2025-02-11T04:05:09.820Z"}
{"level":"\u001b[32minfo\u001b[39m","message":"{\"method\":\"GET\",\"url\":\"/api/meet/fetch-meets?organizationId=67869a6a1514145a64988362\",\"status\":\"304\",\"responseTime\":\"460.115\"}","timestamp":"2025-02-11T04:05:21.759Z"}
{"level":"\u001b[32minfo\u001b[39m","message":"{\"method\":\"GET\",\"url\":\"/api/chat/fetch-chat?userId=67869a521514145a6498835f\",\"status\":\"200\",\"responseTime\":\"1085.548\"}","timestamp":"2025-02-11T04:18:22.713Z"}
{"level":"\u001b[32minfo\u001b[39m","message":"{\"method\":\"GET\",\"url\":\"/api/meet/fetch-meets?organizationId=67869a6a1514145a64988362\",\"status\":\"304\",\"responseTime\":\"397.737\"}","timestamp":"2025-02-11T04:18:25.208Z"}
{"level":"\u001b[32minfo\u001b[39m","message":"{\"method\":\"GET\",\"url\":\"/api/meet/fetch-meets?organizationId=67869a6a1514145a64988362\",\"status\":\"200\",\"responseTime\":\"453.001\"}","timestamp":"2025-02-11T04:22:11.733Z"}
{"level":"\u001b[32minfo\u001b[39m","message":"{\"method\":\"PATCH\",\"url\":\"/api/meet/edit-meet\",\"status\":\"200\",\"responseTime\":\"334.615\"}","timestamp":"2025-02-11T04:22:35.574Z"}
{"level":"\u001b[32minfo\u001b[39m","message":"{\"method\":\"GET\",\"url\":\"/api/meet/fetch-meets?organizationId=67869a6a1514145a64988362\",\"status\":\"200\",\"responseTime\":\"86.349\"}","timestamp":"2025-02-11T04:22:35.685Z"}
{"level":"\u001b[32minfo\u001b[39m","message":"{\"method\":\"PATCH\",\"url\":\"/api/meet/edit-meet\",\"status\":\"200\",\"responseTime\":\"350.457\"}","timestamp":"2025-02-11T04:23:21.428Z"}
{"level":"\u001b[32minfo\u001b[39m","message":"{\"method\":\"GET\",\"url\":\"/api/meet/fetch-meets?organizationId=67869a6a1514145a64988362\",\"status\":\"200\",\"responseTime\":\"351.315\"}","timestamp":"2025-02-11T04:23:21.806Z"}
{"level":"\u001b[32minfo\u001b[39m","message":"{\"method\":\"PATCH\",\"url\":\"/api/meet/edit-meet\",\"status\":\"200\",\"responseTime\":\"368.360\"}","timestamp":"2025-02-11T04:23:35.210Z"}
{"level":"\u001b[32minfo\u001b[39m","message":"{\"method\":\"GET\",\"url\":\"/api/meet/fetch-meets?organizationId=67869a6a1514145a64988362\",\"status\":\"200\",\"responseTime\":\"406.663\"}","timestamp":"2025-02-11T04:23:35.629Z"}
{"level":"\u001b[32minfo\u001b[39m","message":"{\"method\":\"GET\",\"url\":\"/api/meet/fetch-meets?organizationId=67869a6a1514145a64988362\",\"status\":\"304\",\"responseTime\":\"390.230\"}","timestamp":"2025-02-11T04:37:22.754Z"}
{"level":"\u001b[32minfo\u001b[39m","message":"{\"method\":\"GET\",\"url\":\"/api/meet/fetchEmployees-Allmeets?employeeId=67a44a46314f8fe8e568bd5e\",\"status\":\"200\",\"responseTime\":\"4493.201\"}","timestamp":"2025-02-11T05:55:29.755Z"}
{"level":"\u001b[32minfo\u001b[39m","message":"{\"method\":\"GET\",\"url\":\"/api/meet/fetchEmployees-Allmeets?employeeId=67a44a73314f8fe8e568bd61\",\"status\":\"200\",\"responseTime\":\"6167.091\"}","timestamp":"2025-02-11T05:55:33.912Z"}
{"level":"\u001b[32minfo\u001b[39m","message":"{\"method\":\"GET\",\"url\":\"/api/meet/fetch-meets?organizationId=67869a6a1514145a64988362\",\"status\":\"304\",\"responseTime\":\"62.358\"}","timestamp":"2025-02-11T05:56:06.389Z"}
