{"level":"\u001b[32minfo\u001b[39m","message":"{\"method\":\"GET\",\"url\":\"/api/chat/fetch-notification?userId=67869a521514145a6498835f\",\"status\":\"401\",\"responseTime\":\"4.711\"}","timestamp":"2025-02-13T04:17:31.721Z"}
{"level":"\u001b[32minfo\u001b[39m","message":"{\"method\":\"GET\",\"url\":\"/api/chat/fetch-notification?userId=67869a521514145a6498835f\",\"status\":\"200\",\"responseTime\":\"154.162\"}","timestamp":"2025-02-13T04:17:32.796Z"}
{"level":"\u001b[32minfo\u001b[39m","message":"{\"method\":\"GET\",\"url\":\"/api/chat/fetch-chat?userId=67869a521514145a6498835f\",\"status\":\"304\",\"responseTime\":\"271.396\"}","timestamp":"2025-02-13T04:17:37.997Z"}
{"level":"\u001b[32minfo\u001b[39m","message":"{\"method\":\"GET\",\"url\":\"/api/chat/fetch-messages?chatId=67a99510d5d8188a9d23ee64\",\"status\":\"200\",\"responseTime\":\"273.104\"}","timestamp":"2025-02-13T04:17:41.915Z"}
{"level":"\u001b[32minfo\u001b[39m","message":"{\"method\":\"GET\",\"url\":\"/api/chat/fetch-notification?userId=67a44a46314f8fe8e568bd5e\",\"status\":\"401\",\"responseTime\":\"1.220\"}","timestamp":"2025-02-13T04:17:59.388Z"}
{"level":"\u001b[32minfo\u001b[39m","message":"{\"method\":\"GET\",\"url\":\"/api/chat/fetch-notification?userId=67a44a46314f8fe8e568bd5e\",\"status\":\"304\",\"responseTime\":\"204.940\"}","timestamp":"2025-02-13T04:18:00.373Z"}
{"level":"\u001b[32minfo\u001b[39m","message":"{\"method\":\"GET\",\"url\":\"/api/chat/fetch-chat?userId=67a44a46314f8fe8e568bd5e\",\"status\":\"304\",\"responseTime\":\"391.186\"}","timestamp":"2025-02-13T04:18:06.229Z"}
{"level":"\u001b[32minfo\u001b[39m","message":"{\"method\":\"GET\",\"url\":\"/api/chat/fetch-messages?chatId=67a99510d5d8188a9d23ee64\",\"status\":\"200\",\"responseTime\":\"98.120\"}","timestamp":"2025-02-13T04:18:08.457Z"}
{"level":"\u001b[32minfo\u001b[39m","message":"{\"method\":\"GET\",\"url\":\"/api/chat/fetch-chat?userId=67a44a46314f8fe8e568bd5e\",\"status\":\"200\",\"responseTime\":\"390.115\"}","timestamp":"2025-02-13T04:18:13.868Z"}
{"level":"\u001b[32minfo\u001b[39m","message":"{\"method\":\"GET\",\"url\":\"/api/chat/fetch-chat?userId=67869a521514145a6498835f\",\"status\":\"200\",\"responseTime\":\"403.111\"}","timestamp":"2025-02-13T04:18:13.874Z"}
{"level":"\u001b[32minfo\u001b[39m","message":"{\"method\":\"GET\",\"url\":\"/api/chat/fetch-chat?userId=67a44a46314f8fe8e568bd5e\",\"status\":\"200\",\"responseTime\":\"502.306\"}","timestamp":"2025-02-13T04:18:25.957Z"}
{"level":"\u001b[32minfo\u001b[39m","message":"{\"method\":\"GET\",\"url\":\"/api/chat/fetch-chat?userId=67869a521514145a6498835f\",\"status\":\"200\",\"responseTime\":\"706.277\"}","timestamp":"2025-02-13T04:18:26.154Z"}
{"level":"\u001b[32minfo\u001b[39m","message":"{\"method\":\"GET\",\"url\":\"/api/chat/fetch-notification?userId=67a44a46314f8fe8e568bd5e\",\"status\":\"401\",\"responseTime\":\"9.013\"}","timestamp":"2025-02-13T04:46:04.793Z"}
{"level":"\u001b[32minfo\u001b[39m","message":"{\"method\":\"GET\",\"url\":\"/api/chat/fetch-notification?userId=67869a521514145a6498835f\",\"status\":\"401\",\"responseTime\":\"3.790\"}","timestamp":"2025-02-13T04:46:07.717Z"}
{"level":"\u001b[32minfo\u001b[39m","message":"{\"method\":\"GET\",\"url\":\"/api/chat/fetch-notification?userId=67a44a46314f8fe8e568bd5e\",\"status\":\"200\",\"responseTime\":\"2696.245\"}","timestamp":"2025-02-13T04:46:11.157Z"}
{"level":"\u001b[32minfo\u001b[39m","message":"{\"method\":\"GET\",\"url\":\"/api/chat/fetch-notification?userId=67869a521514145a6498835f\",\"status\":\"200\",\"responseTime\":\"2480.092\"}","timestamp":"2025-02-13T04:46:12.623Z"}
{"level":"\u001b[32minfo\u001b[39m","message":"{\"method\":\"GET\",\"url\":\"/api/chat/fetch-chat?userId=67a44a46314f8fe8e568bd5e\",\"status\":\"304\",\"responseTime\":\"1658.253\"}","timestamp":"2025-02-13T04:46:16.814Z"}
{"level":"\u001b[32minfo\u001b[39m","message":"{\"method\":\"GET\",\"url\":\"/api/chat/fetch-notification?userId=67869a521514145a6498835f\",\"status\":\"401\",\"responseTime\":\"3.624\"}","timestamp":"2025-02-13T04:53:31.366Z"}
{"level":"\u001b[32minfo\u001b[39m","message":"{\"method\":\"GET\",\"url\":\"/api/chat/fetch-notification?userId=67869a521514145a6498835f\",\"status\":\"304\",\"responseTime\":\"890.294\"}","timestamp":"2025-02-13T04:53:33.967Z"}
{"level":"\u001b[32minfo\u001b[39m","message":"{\"method\":\"GET\",\"url\":\"/api/chat/fetch-notification?userId=67869a521514145a6498835f\",\"status\":\"401\",\"responseTime\":\"3.054\"}","timestamp":"2025-02-13T05:43:14.731Z"}
{"level":"\u001b[32minfo\u001b[39m","message":"{\"method\":\"GET\",\"url\":\"/api/chat/fetch-notification?userId=67869a521514145a6498835f\",\"status\":\"304\",\"responseTime\":\"436.404\"}","timestamp":"2025-02-13T05:43:16.234Z"}
{"level":"\u001b[32minfo\u001b[39m","message":"{\"method\":\"PUT\",\"url\":\"/api/chat/mark-as-read\",\"status\":\"401\",\"responseTime\":\"66.262\"}","timestamp":"2025-02-13T05:46:04.557Z"}
{"level":"\u001b[32minfo\u001b[39m","message":"{\"method\":\"PUT\",\"url\":\"/api/chat/mark-as-read\",\"status\":\"200\",\"responseTime\":\"438.560\"}","timestamp":"2025-02-13T05:46:05.793Z"}
{"level":"\u001b[32minfo\u001b[39m","message":"{\"method\":\"DELETE\",\"url\":\"/api/chat/clearNotifications\",\"status\":\"200\",\"responseTime\":\"61.761\"}","timestamp":"2025-02-13T05:46:08.567Z"}
{"level":"\u001b[32minfo\u001b[39m","message":"{\"method\":\"GET\",\"url\":\"/api/meet/fetch-meets?organizationId=67869a6a1514145a64988362\",\"status\":\"304\",\"responseTime\":\"62.063\"}","timestamp":"2025-02-13T05:46:31.931Z"}
{"level":"\u001b[32minfo\u001b[39m","message":"{\"method\":\"GET\",\"url\":\"/api/chat/fetch-chat?userId=67869a521514145a6498835f\",\"status\":\"304\",\"responseTime\":\"113.844\"}","timestamp":"2025-02-13T05:46:33.775Z"}
{"level":"\u001b[32minfo\u001b[39m","message":"{\"method\":\"GET\",\"url\":\"/api/meet/fetch-meets?organizationId=67869a6a1514145a64988362\",\"status\":\"304\",\"responseTime\":\"66.258\"}","timestamp":"2025-02-13T05:46:35.838Z"}
{"level":"\u001b[32minfo\u001b[39m","message":"{\"method\":\"PATCH\",\"url\":\"/api/meet/edit-meet\",\"status\":\"200\",\"responseTime\":\"88.179\"}","timestamp":"2025-02-13T05:46:57.621Z"}
{"level":"\u001b[32minfo\u001b[39m","message":"{\"method\":\"GET\",\"url\":\"/api/meet/fetch-meets?organizationId=67869a6a1514145a64988362\",\"status\":\"200\",\"responseTime\":\"88.092\"}","timestamp":"2025-02-13T05:46:57.721Z"}
{"level":"\u001b[32minfo\u001b[39m","message":"{\"method\":\"GET\",\"url\":\"/api/meet/fetch-meets?organizationId=67869a6a1514145a64988362\",\"status\":\"304\",\"responseTime\":\"52.427\"}","timestamp":"2025-02-13T05:47:09.738Z"}
{"level":"\u001b[32minfo\u001b[39m","message":"{\"method\":\"PATCH\",\"url\":\"/api/meet/edit-meet\",\"status\":\"200\",\"responseTime\":\"65.323\"}","timestamp":"2025-02-13T05:47:27.844Z"}
{"level":"\u001b[32minfo\u001b[39m","message":"{\"method\":\"GET\",\"url\":\"/api/meet/fetch-meets?organizationId=67869a6a1514145a64988362\",\"status\":\"200\",\"responseTime\":\"85.145\"}","timestamp":"2025-02-13T05:47:27.945Z"}
{"level":"\u001b[32minfo\u001b[39m","message":"{\"method\":\"DELETE\",\"url\":\"/api/meet/delete-meet?meetId=67ac27eccd6bada1726384b5\",\"status\":\"200\",\"responseTime\":\"53.618\"}","timestamp":"2025-02-13T05:47:36.787Z"}
{"level":"\u001b[32minfo\u001b[39m","message":"{\"method\":\"GET\",\"url\":\"/api/meet/fetch-meets?organizationId=67869a6a1514145a64988362\",\"status\":\"200\",\"responseTime\":\"119.979\"}","timestamp":"2025-02-13T05:47:36.921Z"}
{"level":"\u001b[32minfo\u001b[39m","message":"{\"method\":\"GET\",\"url\":\"/api/meet/fetch-meets?organizationId=67869a6a1514145a64988362\",\"status\":\"304\",\"responseTime\":\"54.494\"}","timestamp":"2025-02-13T05:47:36.983Z"}
{"level":"\u001b[32minfo\u001b[39m","message":"{\"method\":\"DELETE\",\"url\":\"/api/meet/delete-meet?meetId=67a6d463f9b773358b212a38\",\"status\":\"200\",\"responseTime\":\"53.550\"}","timestamp":"2025-02-13T05:47:39.921Z"}
{"level":"\u001b[32minfo\u001b[39m","message":"{\"method\":\"GET\",\"url\":\"/api/meet/fetch-meets?organizationId=67869a6a1514145a64988362\",\"status\":\"200\",\"responseTime\":\"84.159\"}","timestamp":"2025-02-13T05:47:40.020Z"}
{"level":"\u001b[32minfo\u001b[39m","message":"{\"method\":\"GET\",\"url\":\"/api/meet/fetch-meets?organizationId=67869a6a1514145a64988362\",\"status\":\"304\",\"responseTime\":\"54.371\"}","timestamp":"2025-02-13T05:47:40.085Z"}
{"level":"\u001b[32minfo\u001b[39m","message":"{\"method\":\"GET\",\"url\":\"/api/chat/fetch-chat?userId=67869a521514145a6498835f\",\"status\":\"304\",\"responseTime\":\"124.869\"}","timestamp":"2025-02-13T05:47:41.920Z"}
{"level":"\u001b[32minfo\u001b[39m","message":"{\"method\":\"GET\",\"url\":\"/api/chat/fetch-notification?userId=67869a521514145a6498835f\",\"status\":\"401\",\"responseTime\":\"3.972\"}","timestamp":"2025-02-13T05:59:47.934Z"}
{"level":"\u001b[32minfo\u001b[39m","message":"{\"method\":\"GET\",\"url\":\"/api/chat/fetch-chat?userId=67869a521514145a6498835f\",\"status\":\"304\",\"responseTime\":\"339.100\"}","timestamp":"2025-02-13T05:59:48.283Z"}
{"level":"\u001b[32minfo\u001b[39m","message":"{\"method\":\"GET\",\"url\":\"/api/chat/fetch-notification?userId=67869a521514145a6498835f\",\"status\":\"200\",\"responseTime\":\"672.548\"}","timestamp":"2025-02-13T05:59:48.942Z"}
{"level":"\u001b[32minfo\u001b[39m","message":"{\"method\":\"GET\",\"url\":\"/api/chat/fetch-notification?userId=67869a521514145a6498835f\",\"status\":\"304\",\"responseTime\":\"55.499\"}","timestamp":"2025-02-13T06:00:17.985Z"}
{"level":"\u001b[32minfo\u001b[39m","message":"{\"method\":\"GET\",\"url\":\"/api/chat/fetch-chat?userId=67869a521514145a6498835f\",\"status\":\"304\",\"responseTime\":\"175.703\"}","timestamp":"2025-02-13T06:00:18.118Z"}
{"level":"\u001b[32minfo\u001b[39m","message":"{\"method\":\"GET\",\"url\":\"/api/chat/fetch-notification?userId=67869a521514145a6498835f\",\"status\":\"304\",\"responseTime\":\"150.843\"}","timestamp":"2025-02-13T06:00:31.074Z"}
{"level":"\u001b[32minfo\u001b[39m","message":"{\"method\":\"GET\",\"url\":\"/api/chat/fetch-chat?userId=67869a521514145a6498835f\",\"status\":\"304\",\"responseTime\":\"370.446\"}","timestamp":"2025-02-13T06:00:31.301Z"}
{"level":"\u001b[32minfo\u001b[39m","message":"{\"method\":\"GET\",\"url\":\"/api/chat/fetch-notification?userId=67869a521514145a6498835f\",\"status\":\"304\",\"responseTime\":\"66.836\"}","timestamp":"2025-02-13T06:00:35.981Z"}
{"level":"\u001b[32minfo\u001b[39m","message":"{\"method\":\"GET\",\"url\":\"/api/chat/fetch-chat?userId=67869a521514145a6498835f\",\"status\":\"304\",\"responseTime\":\"169.444\"}","timestamp":"2025-02-13T06:00:36.093Z"}
{"level":"\u001b[32minfo\u001b[39m","message":"{\"method\":\"GET\",\"url\":\"/api/chat/fetch-notification?userId=67869a521514145a6498835f\",\"status\":\"401\",\"responseTime\":\"3.562\"}","timestamp":"2025-02-13T06:03:04.956Z"}
{"level":"\u001b[32minfo\u001b[39m","message":"{\"method\":\"GET\",\"url\":\"/api/chat/fetch-chat?userId=67869a521514145a6498835f\",\"status\":\"304\",\"responseTime\":\"609.495\"}","timestamp":"2025-02-13T06:03:05.574Z"}
{"level":"\u001b[32minfo\u001b[39m","message":"{\"method\":\"GET\",\"url\":\"/api/chat/fetch-notification?userId=67869a521514145a6498835f\",\"status\":\"304\",\"responseTime\":\"219.435\"}","timestamp":"2025-02-13T06:03:05.604Z"}
{"level":"\u001b[32minfo\u001b[39m","message":"{\"method\":\"GET\",\"url\":\"/api/chat/fetch-notification?userId=67869a521514145a6498835f\",\"status\":\"304\",\"responseTime\":\"100.686\"}","timestamp":"2025-02-13T06:03:09.006Z"}
{"level":"\u001b[32minfo\u001b[39m","message":"{\"method\":\"GET\",\"url\":\"/api/chat/fetch-chat?userId=67869a521514145a6498835f\",\"status\":\"304\",\"responseTime\":\"298.621\"}","timestamp":"2025-02-13T06:03:09.208Z"}
{"level":"\u001b[32minfo\u001b[39m","message":"{\"method\":\"GET\",\"url\":\"/api/chat/fetch-notification?userId=67869a521514145a6498835f\",\"status\":\"304\",\"responseTime\":\"73.568\"}","timestamp":"2025-02-13T06:03:12.989Z"}
{"level":"\u001b[32minfo\u001b[39m","message":"{\"method\":\"GET\",\"url\":\"/api/chat/fetch-chat?userId=67869a521514145a6498835f\",\"status\":\"304\",\"responseTime\":\"517.424\"}","timestamp":"2025-02-13T06:03:13.438Z"}
{"level":"\u001b[32minfo\u001b[39m","message":"{\"method\":\"GET\",\"url\":\"/api/chat/fetch-notification?userId=67869a521514145a6498835f\",\"status\":\"304\",\"responseTime\":\"158.156\"}","timestamp":"2025-02-13T06:03:17.080Z"}
{"level":"\u001b[32minfo\u001b[39m","message":"{\"method\":\"GET\",\"url\":\"/api/chat/fetch-chat?userId=67869a521514145a6498835f\",\"status\":\"304\",\"responseTime\":\"337.204\"}","timestamp":"2025-02-13T06:03:17.271Z"}
{"level":"\u001b[32minfo\u001b[39m","message":"{\"method\":\"GET\",\"url\":\"/api/chat/fetch-notification?userId=67869a521514145a6498835f\",\"status\":\"304\",\"responseTime\":\"325.760\"}","timestamp":"2025-02-13T06:03:20.257Z"}
{"level":"\u001b[32minfo\u001b[39m","message":"{\"method\":\"GET\",\"url\":\"/api/chat/fetch-chat?userId=67869a521514145a6498835f\",\"status\":\"304\",\"responseTime\":\"631.242\"}","timestamp":"2025-02-13T06:03:20.569Z"}
{"level":"\u001b[32minfo\u001b[39m","message":"{\"method\":\"GET\",\"url\":\"/api/chat/fetch-notification?userId=67869a521514145a6498835f\",\"status\":\"304\",\"responseTime\":\"161.186\"}","timestamp":"2025-02-13T06:03:25.077Z"}
{"level":"\u001b[32minfo\u001b[39m","message":"{\"method\":\"GET\",\"url\":\"/api/chat/fetch-chat?userId=67869a521514145a6498835f\",\"status\":\"304\",\"responseTime\":\"410.329\"}","timestamp":"2025-02-13T06:03:25.334Z"}
{"level":"\u001b[32minfo\u001b[39m","message":"{\"method\":\"GET\",\"url\":\"/api/chat/fetch-notification?userId=67869a521514145a6498835f\",\"status\":\"304\",\"responseTime\":\"153.666\"}","timestamp":"2025-02-13T06:03:27.067Z"}
{"level":"\u001b[32minfo\u001b[39m","message":"{\"method\":\"GET\",\"url\":\"/api/chat/fetch-chat?userId=67869a521514145a6498835f\",\"status\":\"304\",\"responseTime\":\"356.864\"}","timestamp":"2025-02-13T06:03:27.281Z"}
{"level":"\u001b[32minfo\u001b[39m","message":"{\"method\":\"GET\",\"url\":\"/api/chat/fetch-notification?userId=67869a521514145a6498835f\",\"status\":\"304\",\"responseTime\":\"780.385\"}","timestamp":"2025-02-13T06:03:29.688Z"}
{"level":"\u001b[32minfo\u001b[39m","message":"{\"method\":\"GET\",\"url\":\"/api/chat/fetch-chat?userId=67869a521514145a6498835f\",\"status\":\"304\",\"responseTime\":\"930.961\"}","timestamp":"2025-02-13T06:03:29.846Z"}
{"level":"\u001b[32minfo\u001b[39m","message":"{\"method\":\"GET\",\"url\":\"/api/chat/fetch-notification?userId=67869a521514145a6498835f\",\"status\":\"304\",\"responseTime\":\"135.456\"}","timestamp":"2025-02-13T06:03:47.054Z"}
{"level":"\u001b[32minfo\u001b[39m","message":"{\"method\":\"GET\",\"url\":\"/api/chat/fetch-chat?userId=67869a521514145a6498835f\",\"status\":\"304\",\"responseTime\":\"261.938\"}","timestamp":"2025-02-13T06:03:47.185Z"}
{"level":"\u001b[32minfo\u001b[39m","message":"{\"method\":\"GET\",\"url\":\"/api/chat/fetch-notification?userId=67869a521514145a6498835f\",\"status\":\"304\",\"responseTime\":\"223.368\"}","timestamp":"2025-02-13T06:03:52.142Z"}
{"level":"\u001b[32minfo\u001b[39m","message":"{\"method\":\"GET\",\"url\":\"/api/chat/fetch-chat?userId=67869a521514145a6498835f\",\"status\":\"304\",\"responseTime\":\"1067.279\"}","timestamp":"2025-02-13T06:03:52.991Z"}
{"level":"\u001b[32minfo\u001b[39m","message":"{\"method\":\"GET\",\"url\":\"/api/chat/fetch-notification?userId=67869a521514145a6498835f\",\"status\":\"304\",\"responseTime\":\"167.105\"}","timestamp":"2025-02-13T06:03:56.085Z"}
{"level":"\u001b[32minfo\u001b[39m","message":"{\"method\":\"GET\",\"url\":\"/api/chat/fetch-chat?userId=67869a521514145a6498835f\",\"status\":\"304\",\"responseTime\":\"1069.998\"}","timestamp":"2025-02-13T06:03:57.001Z"}
{"level":"\u001b[32minfo\u001b[39m","message":"{\"method\":\"GET\",\"url\":\"/api/chat/fetch-notification?userId=67869a521514145a6498835f\",\"status\":\"304\",\"responseTime\":\"160.712\"}","timestamp":"2025-02-13T06:03:58.153Z"}
{"level":"\u001b[32minfo\u001b[39m","message":"{\"method\":\"GET\",\"url\":\"/api/chat/fetch-chat?userId=67869a521514145a6498835f\",\"status\":\"304\",\"responseTime\":\"393.265\"}","timestamp":"2025-02-13T06:03:58.414Z"}
{"level":"\u001b[32minfo\u001b[39m","message":"{\"method\":\"GET\",\"url\":\"/api/chat/fetch-notification?userId=67869a521514145a6498835f\",\"status\":\"304\",\"responseTime\":\"82.503\"}","timestamp":"2025-02-13T06:04:00.163Z"}
{"level":"\u001b[32minfo\u001b[39m","message":"{\"method\":\"GET\",\"url\":\"/api/chat/fetch-chat?userId=67869a521514145a6498835f\",\"status\":\"304\",\"responseTime\":\"214.897\"}","timestamp":"2025-02-13T06:04:00.310Z"}
{"level":"\u001b[32minfo\u001b[39m","message":"{\"method\":\"GET\",\"url\":\"/api/chat/fetch-notification?userId=67869a521514145a6498835f\",\"status\":\"401\",\"responseTime\":\"2.799\"}","timestamp":"2025-02-13T06:04:05.913Z"}
{"level":"\u001b[32minfo\u001b[39m","message":"{\"method\":\"GET\",\"url\":\"/api/chat/fetch-notification?userId=67869a521514145a6498835f\",\"status\":\"304\",\"responseTime\":\"173.183\"}","timestamp":"2025-02-13T06:04:06.287Z"}
{"level":"\u001b[32minfo\u001b[39m","message":"{\"method\":\"GET\",\"url\":\"/api/chat/fetch-chat?userId=67869a521514145a6498835f\",\"status\":\"304\",\"responseTime\":\"495.349\"}","timestamp":"2025-02-13T06:04:06.414Z"}
{"level":"\u001b[32minfo\u001b[39m","message":"{\"method\":\"GET\",\"url\":\"/api/chat/fetch-notification?userId=67869a521514145a6498835f\",\"status\":\"304\",\"responseTime\":\"211.403\"}","timestamp":"2025-02-13T06:04:12.119Z"}
{"level":"\u001b[32minfo\u001b[39m","message":"{\"method\":\"GET\",\"url\":\"/api/chat/fetch-chat?userId=67869a521514145a6498835f\",\"status\":\"304\",\"responseTime\":\"365.666\"}","timestamp":"2025-02-13T06:04:12.278Z"}
{"level":"\u001b[32minfo\u001b[39m","message":"{\"method\":\"GET\",\"url\":\"/api/chat/fetch-notification?userId=67869a521514145a6498835f\",\"status\":\"304\",\"responseTime\":\"77.096\"}","timestamp":"2025-02-13T06:04:17.995Z"}
{"level":"\u001b[32minfo\u001b[39m","message":"{\"method\":\"GET\",\"url\":\"/api/chat/fetch-chat?userId=67869a521514145a6498835f\",\"status\":\"304\",\"responseTime\":\"295.261\"}","timestamp":"2025-02-13T06:04:18.229Z"}
{"level":"\u001b[32minfo\u001b[39m","message":"{\"method\":\"GET\",\"url\":\"/api/chat/fetch-notification?userId=67869a521514145a6498835f\",\"status\":\"304\",\"responseTime\":\"66.519\"}","timestamp":"2025-02-13T06:04:20.002Z"}
{"level":"\u001b[32minfo\u001b[39m","message":"{\"method\":\"GET\",\"url\":\"/api/chat/fetch-chat?userId=67869a521514145a6498835f\",\"status\":\"304\",\"responseTime\":\"192.785\"}","timestamp":"2025-02-13T06:04:20.138Z"}
{"level":"\u001b[32minfo\u001b[39m","message":"{\"method\":\"GET\",\"url\":\"/api/chat/fetch-notification?userId=67869a521514145a6498835f\",\"status\":\"304\",\"responseTime\":\"85.394\"}","timestamp":"2025-02-13T06:04:22.028Z"}
{"level":"\u001b[32minfo\u001b[39m","message":"{\"method\":\"GET\",\"url\":\"/api/chat/fetch-chat?userId=67869a521514145a6498835f\",\"status\":\"304\",\"responseTime\":\"169.010\"}","timestamp":"2025-02-13T06:04:22.121Z"}
{"level":"\u001b[32minfo\u001b[39m","message":"{\"method\":\"GET\",\"url\":\"/api/chat/fetch-notification?userId=67869a521514145a6498835f\",\"status\":\"304\",\"responseTime\":\"98.918\"}","timestamp":"2025-02-13T06:04:27.022Z"}
{"level":"\u001b[32minfo\u001b[39m","message":"{\"method\":\"GET\",\"url\":\"/api/chat/fetch-chat?userId=67869a521514145a6498835f\",\"status\":\"304\",\"responseTime\":\"256.784\"}","timestamp":"2025-02-13T06:04:27.193Z"}
{"level":"\u001b[32minfo\u001b[39m","message":"{\"method\":\"GET\",\"url\":\"/api/chat/fetch-notification?userId=67869a521514145a6498835f\",\"status\":\"304\",\"responseTime\":\"75.121\"}","timestamp":"2025-02-13T06:04:29.993Z"}
{"level":"\u001b[32minfo\u001b[39m","message":"{\"method\":\"GET\",\"url\":\"/api/chat/fetch-chat?userId=67869a521514145a6498835f\",\"status\":\"304\",\"responseTime\":\"333.745\"}","timestamp":"2025-02-13T06:04:30.261Z"}
{"level":"\u001b[32minfo\u001b[39m","message":"{\"method\":\"GET\",\"url\":\"/api/chat/fetch-notification?userId=67869a521514145a6498835f\",\"status\":\"304\",\"responseTime\":\"133.067\"}","timestamp":"2025-02-13T06:04:33.046Z"}
{"level":"\u001b[32minfo\u001b[39m","message":"{\"method\":\"GET\",\"url\":\"/api/chat/fetch-chat?userId=67869a521514145a6498835f\",\"status\":\"304\",\"responseTime\":\"219.986\"}","timestamp":"2025-02-13T06:04:33.140Z"}
{"level":"\u001b[32minfo\u001b[39m","message":"{\"method\":\"GET\",\"url\":\"/api/chat/fetch-notification?userId=67869a521514145a6498835f\",\"status\":\"304\",\"responseTime\":\"79.185\"}","timestamp":"2025-02-13T06:04:35.006Z"}
{"level":"\u001b[32minfo\u001b[39m","message":"{\"method\":\"GET\",\"url\":\"/api/chat/fetch-chat?userId=67869a521514145a6498835f\",\"status\":\"304\",\"responseTime\":\"132.759\"}","timestamp":"2025-02-13T06:04:35.066Z"}
{"level":"\u001b[32minfo\u001b[39m","message":"{\"method\":\"GET\",\"url\":\"/api/chat/fetch-notification?userId=67869a521514145a6498835f\",\"status\":\"304\",\"responseTime\":\"94.619\"}","timestamp":"2025-02-13T06:04:38.014Z"}
{"level":"\u001b[32minfo\u001b[39m","message":"{\"method\":\"GET\",\"url\":\"/api/chat/fetch-chat?userId=67869a521514145a6498835f\",\"status\":\"304\",\"responseTime\":\"430.253\"}","timestamp":"2025-02-13T06:04:38.363Z"}
{"level":"\u001b[32minfo\u001b[39m","message":"{\"method\":\"GET\",\"url\":\"/api/chat/fetch-notification?userId=67869a521514145a6498835f\",\"status\":\"304\",\"responseTime\":\"116.917\"}","timestamp":"2025-02-13T06:04:45.037Z"}
{"level":"\u001b[32minfo\u001b[39m","message":"{\"method\":\"GET\",\"url\":\"/api/chat/fetch-chat?userId=67869a521514145a6498835f\",\"status\":\"304\",\"responseTime\":\"219.583\"}","timestamp":"2025-02-13T06:04:45.146Z"}
{"level":"\u001b[32minfo\u001b[39m","message":"{\"method\":\"GET\",\"url\":\"/api/chat/fetch-notification?userId=67869a521514145a6498835f\",\"status\":\"304\",\"responseTime\":\"86.325\"}","timestamp":"2025-02-13T06:04:47.991Z"}
{"level":"\u001b[32minfo\u001b[39m","message":"{\"method\":\"GET\",\"url\":\"/api/chat/fetch-chat?userId=67869a521514145a6498835f\",\"status\":\"304\",\"responseTime\":\"260.460\"}","timestamp":"2025-02-13T06:04:48.171Z"}
{"level":"\u001b[32minfo\u001b[39m","message":"{\"method\":\"GET\",\"url\":\"/api/chat/fetch-notification?userId=67869a521514145a6498835f\",\"status\":\"304\",\"responseTime\":\"685.257\"}","timestamp":"2025-02-13T06:04:51.585Z"}
{"level":"\u001b[32minfo\u001b[39m","message":"{\"method\":\"GET\",\"url\":\"/api/chat/fetch-chat?userId=67869a521514145a6498835f\",\"status\":\"304\",\"responseTime\":\"1318.880\"}","timestamp":"2025-02-13T06:04:52.222Z"}
{"level":"\u001b[32minfo\u001b[39m","message":"{\"method\":\"GET\",\"url\":\"/api/chat/fetch-notification?userId=67869a521514145a6498835f\",\"status\":\"304\",\"responseTime\":\"234.198\"}","timestamp":"2025-02-13T06:04:54.147Z"}
{"level":"\u001b[32minfo\u001b[39m","message":"{\"method\":\"GET\",\"url\":\"/api/chat/fetch-chat?userId=67869a521514145a6498835f\",\"status\":\"304\",\"responseTime\":\"445.712\"}","timestamp":"2025-02-13T06:04:54.363Z"}
{"level":"\u001b[32minfo\u001b[39m","message":"{\"method\":\"GET\",\"url\":\"/api/chat/fetch-notification?userId=67869a521514145a6498835f\",\"status\":\"304\",\"responseTime\":\"62.774\"}","timestamp":"2025-02-13T06:04:56.981Z"}
{"level":"\u001b[32minfo\u001b[39m","message":"{\"method\":\"GET\",\"url\":\"/api/chat/fetch-chat?userId=67869a521514145a6498835f\",\"status\":\"304\",\"responseTime\":\"513.640\"}","timestamp":"2025-02-13T06:04:57.437Z"}
{"level":"\u001b[32minfo\u001b[39m","message":"{\"method\":\"GET\",\"url\":\"/api/chat/fetch-notification?userId=67869a521514145a6498835f\",\"status\":\"304\",\"responseTime\":\"273.377\"}","timestamp":"2025-02-13T06:05:02.208Z"}
{"level":"\u001b[32minfo\u001b[39m","message":"{\"method\":\"GET\",\"url\":\"/api/chat/fetch-chat?userId=67869a521514145a6498835f\",\"status\":\"304\",\"responseTime\":\"407.865\"}","timestamp":"2025-02-13T06:05:02.351Z"}
{"level":"\u001b[32minfo\u001b[39m","message":"{\"method\":\"GET\",\"url\":\"/api/chat/fetch-notification?userId=67869a521514145a6498835f\",\"status\":\"304\",\"responseTime\":\"133.852\"}","timestamp":"2025-02-13T06:05:04.064Z"}
{"level":"\u001b[32minfo\u001b[39m","message":"{\"method\":\"GET\",\"url\":\"/api/chat/fetch-chat?userId=67869a521514145a6498835f\",\"status\":\"304\",\"responseTime\":\"335.739\"}","timestamp":"2025-02-13T06:05:04.275Z"}
{"level":"\u001b[32minfo\u001b[39m","message":"{\"method\":\"GET\",\"url\":\"/api/chat/fetch-notification?userId=67869a521514145a6498835f\",\"status\":\"401\",\"responseTime\":\"3.843\"}","timestamp":"2025-02-13T06:05:09.929Z"}
{"level":"\u001b[32minfo\u001b[39m","message":"{\"method\":\"GET\",\"url\":\"/api/chat/fetch-chat?userId=67869a521514145a6498835f\",\"status\":\"304\",\"responseTime\":\"241.816\"}","timestamp":"2025-02-13T06:05:10.175Z"}
{"level":"\u001b[32minfo\u001b[39m","message":"{\"method\":\"GET\",\"url\":\"/api/chat/fetch-notification?userId=67869a521514145a6498835f\",\"status\":\"304\",\"responseTime\":\"233.448\"}","timestamp":"2025-02-13T06:05:10.351Z"}
{"level":"\u001b[32minfo\u001b[39m","message":"{\"method\":\"GET\",\"url\":\"/api/chat/fetch-notification?userId=67869a521514145a6498835f\",\"status\":\"304\",\"responseTime\":\"250.391\"}","timestamp":"2025-02-13T06:05:15.170Z"}
{"level":"\u001b[32minfo\u001b[39m","message":"{\"method\":\"GET\",\"url\":\"/api/chat/fetch-chat?userId=67869a521514145a6498835f\",\"status\":\"304\",\"responseTime\":\"333.361\"}","timestamp":"2025-02-13T06:05:15.260Z"}
{"level":"\u001b[32minfo\u001b[39m","message":"{\"method\":\"GET\",\"url\":\"/api/chat/fetch-notification?userId=67869a521514145a6498835f\",\"status\":\"304\",\"responseTime\":\"166.091\"}","timestamp":"2025-02-13T06:05:16.109Z"}
{"level":"\u001b[32minfo\u001b[39m","message":"{\"method\":\"GET\",\"url\":\"/api/chat/fetch-chat?userId=67869a521514145a6498835f\",\"status\":\"304\",\"responseTime\":\"390.599\"}","timestamp":"2025-02-13T06:05:16.343Z"}
{"level":"\u001b[32minfo\u001b[39m","message":"{\"method\":\"GET\",\"url\":\"/api/chat/fetch-notification?userId=67869a521514145a6498835f\",\"status\":\"304\",\"responseTime\":\"221.566\"}","timestamp":"2025-02-13T06:05:19.153Z"}
{"level":"\u001b[32minfo\u001b[39m","message":"{\"method\":\"GET\",\"url\":\"/api/chat/fetch-chat?userId=67869a521514145a6498835f\",\"status\":\"304\",\"responseTime\":\"794.766\"}","timestamp":"2025-02-13T06:05:19.732Z"}
{"level":"\u001b[32minfo\u001b[39m","message":"{\"method\":\"GET\",\"url\":\"/api/chat/fetch-notification?userId=67869a521514145a6498835f\",\"status\":\"304\",\"responseTime\":\"726.148\"}","timestamp":"2025-02-13T06:05:24.674Z"}
{"level":"\u001b[32minfo\u001b[39m","message":"{\"method\":\"GET\",\"url\":\"/api/chat/fetch-chat?userId=67869a521514145a6498835f\",\"status\":\"304\",\"responseTime\":\"1052.647\"}","timestamp":"2025-02-13T06:05:25.044Z"}
{"level":"\u001b[32minfo\u001b[39m","message":"{\"method\":\"GET\",\"url\":\"/api/chat/fetch-notification?userId=67869a521514145a6498835f\",\"status\":\"304\",\"responseTime\":\"152.513\"}","timestamp":"2025-02-13T06:05:26.062Z"}
{"level":"\u001b[32minfo\u001b[39m","message":"{\"method\":\"GET\",\"url\":\"/api/chat/fetch-chat?userId=67869a521514145a6498835f\",\"status\":\"304\",\"responseTime\":\"479.926\"}","timestamp":"2025-02-13T06:05:26.398Z"}
{"level":"\u001b[32minfo\u001b[39m","message":"{\"method\":\"GET\",\"url\":\"/api/chat/fetch-notification?userId=67869a521514145a6498835f\",\"status\":\"304\",\"responseTime\":\"246.534\"}","timestamp":"2025-02-13T06:05:37.142Z"}
{"level":"\u001b[32minfo\u001b[39m","message":"{\"method\":\"GET\",\"url\":\"/api/chat/fetch-chat?userId=67869a521514145a6498835f\",\"status\":\"304\",\"responseTime\":\"652.069\"}","timestamp":"2025-02-13T06:05:37.551Z"}
{"level":"\u001b[32minfo\u001b[39m","message":"{\"method\":\"GET\",\"url\":\"/api/chat/fetch-notification?userId=67869a521514145a6498835f\",\"status\":\"304\",\"responseTime\":\"286.162\"}","timestamp":"2025-02-13T06:05:41.229Z"}
{"level":"\u001b[32minfo\u001b[39m","message":"{\"method\":\"GET\",\"url\":\"/api/chat/fetch-chat?userId=67869a521514145a6498835f\",\"status\":\"304\",\"responseTime\":\"999.251\"}","timestamp":"2025-02-13T06:05:41.955Z"}
{"level":"\u001b[32minfo\u001b[39m","message":"{\"method\":\"GET\",\"url\":\"/api/chat/fetch-notification?userId=67869a521514145a6498835f\",\"status\":\"304\",\"responseTime\":\"169.115\"}","timestamp":"2025-02-13T06:05:43.093Z"}
{"level":"\u001b[32minfo\u001b[39m","message":"{\"method\":\"GET\",\"url\":\"/api/chat/fetch-chat?userId=67869a521514145a6498835f\",\"status\":\"304\",\"responseTime\":\"686.273\"}","timestamp":"2025-02-13T06:05:43.616Z"}
{"level":"\u001b[32minfo\u001b[39m","message":"{\"method\":\"GET\",\"url\":\"/api/chat/fetch-notification?userId=67869a521514145a6498835f\",\"status\":\"304\",\"responseTime\":\"200.766\"}","timestamp":"2025-02-13T06:05:47.103Z"}
{"level":"\u001b[32minfo\u001b[39m","message":"{\"method\":\"GET\",\"url\":\"/api/chat/fetch-chat?userId=67869a521514145a6498835f\",\"status\":\"304\",\"responseTime\":\"613.573\"}","timestamp":"2025-02-13T06:05:47.522Z"}
{"level":"\u001b[32minfo\u001b[39m","message":"{\"method\":\"GET\",\"url\":\"/api/chat/fetch-notification?userId=67869a521514145a6498835f\",\"status\":\"304\",\"responseTime\":\"161.065\"}","timestamp":"2025-02-13T06:05:50.077Z"}
{"level":"\u001b[32minfo\u001b[39m","message":"{\"method\":\"GET\",\"url\":\"/api/chat/fetch-chat?userId=67869a521514145a6498835f\",\"status\":\"304\",\"responseTime\":\"458.445\"}","timestamp":"2025-02-13T06:05:50.380Z"}
{"level":"\u001b[32minfo\u001b[39m","message":"{\"method\":\"GET\",\"url\":\"/api/chat/fetch-notification?userId=67869a521514145a6498835f\",\"status\":\"304\",\"responseTime\":\"221.041\"}","timestamp":"2025-02-13T06:05:53.144Z"}
{"level":"\u001b[32minfo\u001b[39m","message":"{\"method\":\"GET\",\"url\":\"/api/chat/fetch-chat?userId=67869a521514145a6498835f\",\"status\":\"304\",\"responseTime\":\"676.366\"}","timestamp":"2025-02-13T06:05:53.604Z"}
{"level":"\u001b[32minfo\u001b[39m","message":"{\"method\":\"GET\",\"url\":\"/api/chat/fetch-notification?userId=67869a521514145a6498835f\",\"status\":\"304\",\"responseTime\":\"124.479\"}","timestamp":"2025-02-13T06:05:55.053Z"}
{"level":"\u001b[32minfo\u001b[39m","message":"{\"method\":\"GET\",\"url\":\"/api/chat/fetch-chat?userId=67869a521514145a6498835f\",\"status\":\"304\",\"responseTime\":\"185.774\"}","timestamp":"2025-02-13T06:05:55.123Z"}
{"level":"\u001b[32minfo\u001b[39m","message":"{\"method\":\"GET\",\"url\":\"/api/chat/fetch-notification?userId=67869a521514145a6498835f\",\"status\":\"304\",\"responseTime\":\"411.855\"}","timestamp":"2025-02-13T06:06:00.318Z"}
{"level":"\u001b[32minfo\u001b[39m","message":"{\"method\":\"GET\",\"url\":\"/api/chat/fetch-chat?userId=67869a521514145a6498835f\",\"status\":\"304\",\"responseTime\":\"573.226\"}","timestamp":"2025-02-13T06:06:00.485Z"}
{"level":"\u001b[32minfo\u001b[39m","message":"{\"method\":\"GET\",\"url\":\"/api/chat/fetch-notification?userId=67869a521514145a6498835f\",\"status\":\"304\",\"responseTime\":\"147.622\"}","timestamp":"2025-02-13T06:06:03.055Z"}
{"level":"\u001b[32minfo\u001b[39m","message":"{\"method\":\"GET\",\"url\":\"/api/chat/fetch-chat?userId=67869a521514145a6498835f\",\"status\":\"304\",\"responseTime\":\"572.260\"}","timestamp":"2025-02-13T06:06:03.485Z"}
{"level":"\u001b[32minfo\u001b[39m","message":"{\"method\":\"GET\",\"url\":\"/api/chat/fetch-notification?userId=67869a521514145a6498835f\",\"status\":\"304\",\"responseTime\":\"188.575\"}","timestamp":"2025-02-13T06:06:06.109Z"}
{"level":"\u001b[32minfo\u001b[39m","message":"{\"method\":\"GET\",\"url\":\"/api/chat/fetch-chat?userId=67869a521514145a6498835f\",\"status\":\"304\",\"responseTime\":\"317.567\"}","timestamp":"2025-02-13T06:06:06.243Z"}
{"level":"\u001b[32minfo\u001b[39m","message":"{\"method\":\"GET\",\"url\":\"/api/chat/fetch-notification?userId=67869a521514145a6498835f\",\"status\":\"304\",\"responseTime\":\"239.320\"}","timestamp":"2025-02-13T06:06:09.150Z"}
{"level":"\u001b[32minfo\u001b[39m","message":"{\"method\":\"GET\",\"url\":\"/api/chat/fetch-chat?userId=67869a521514145a6498835f\",\"status\":\"304\",\"responseTime\":\"538.753\"}","timestamp":"2025-02-13T06:06:09.456Z"}
{"level":"\u001b[32minfo\u001b[39m","message":"{\"method\":\"GET\",\"url\":\"/api/chat/fetch-notification?userId=67869a521514145a6498835f\",\"status\":\"304\",\"responseTime\":\"101.953\"}","timestamp":"2025-02-13T06:06:10.032Z"}
{"level":"\u001b[32minfo\u001b[39m","message":"{\"method\":\"GET\",\"url\":\"/api/chat/fetch-chat?userId=67869a521514145a6498835f\",\"status\":\"304\",\"responseTime\":\"200.601\"}","timestamp":"2025-02-13T06:06:10.138Z"}
{"level":"\u001b[32minfo\u001b[39m","message":"{\"method\":\"GET\",\"url\":\"/api/chat/fetch-notification?userId=67869a521514145a6498835f\",\"status\":\"304\",\"responseTime\":\"310.576\"}","timestamp":"2025-02-13T06:06:14.224Z"}
{"level":"\u001b[32minfo\u001b[39m","message":"{\"method\":\"GET\",\"url\":\"/api/chat/fetch-chat?userId=67869a521514145a6498835f\",\"status\":\"304\",\"responseTime\":\"357.557\"}","timestamp":"2025-02-13T06:06:14.278Z"}
{"level":"\u001b[32minfo\u001b[39m","message":"{\"method\":\"GET\",\"url\":\"/api/chat/fetch-notification?userId=67869a521514145a6498835f\",\"status\":\"304\",\"responseTime\":\"110.611\"}","timestamp":"2025-02-13T06:06:18.022Z"}
{"level":"\u001b[32minfo\u001b[39m","message":"{\"method\":\"GET\",\"url\":\"/api/chat/fetch-chat?userId=67869a521514145a6498835f\",\"status\":\"304\",\"responseTime\":\"198.319\"}","timestamp":"2025-02-13T06:06:18.119Z"}
{"level":"\u001b[32minfo\u001b[39m","message":"{\"method\":\"GET\",\"url\":\"/api/chat/fetch-notification?userId=67869a521514145a6498835f\",\"status\":\"304\",\"responseTime\":\"190.698\"}","timestamp":"2025-02-13T06:06:21.107Z"}
{"level":"\u001b[32minfo\u001b[39m","message":"{\"method\":\"GET\",\"url\":\"/api/chat/fetch-chat?userId=67869a521514145a6498835f\",\"status\":\"304\",\"responseTime\":\"425.702\"}","timestamp":"2025-02-13T06:06:21.347Z"}
{"level":"\u001b[32minfo\u001b[39m","message":"{\"method\":\"GET\",\"url\":\"/api/chat/fetch-notification?userId=67869a521514145a6498835f\",\"status\":\"304\",\"responseTime\":\"142.969\"}","timestamp":"2025-02-13T06:06:50.057Z"}
{"level":"\u001b[32minfo\u001b[39m","message":"{\"method\":\"GET\",\"url\":\"/api/chat/fetch-chat?userId=67869a521514145a6498835f\",\"status\":\"304\",\"responseTime\":\"226.667\"}","timestamp":"2025-02-13T06:06:50.149Z"}
{"level":"\u001b[32minfo\u001b[39m","message":"{\"method\":\"GET\",\"url\":\"/api/chat/fetch-notification?userId=67869a521514145a6498835f\",\"status\":\"304\",\"responseTime\":\"140.633\"}","timestamp":"2025-02-13T06:06:57.047Z"}
{"level":"\u001b[32minfo\u001b[39m","message":"{\"method\":\"GET\",\"url\":\"/api/chat/fetch-chat?userId=67869a521514145a6498835f\",\"status\":\"304\",\"responseTime\":\"201.875\"}","timestamp":"2025-02-13T06:06:57.114Z"}
{"level":"\u001b[32minfo\u001b[39m","message":"{\"method\":\"GET\",\"url\":\"/api/chat/fetch-notification?userId=67869a521514145a6498835f\",\"status\":\"304\",\"responseTime\":\"383.857\"}","timestamp":"2025-02-13T06:06:59.294Z"}
{"level":"\u001b[32minfo\u001b[39m","message":"{\"method\":\"GET\",\"url\":\"/api/chat/fetch-chat?userId=67869a521514145a6498835f\",\"status\":\"304\",\"responseTime\":\"838.203\"}","timestamp":"2025-02-13T06:06:59.758Z"}
{"level":"\u001b[32minfo\u001b[39m","message":"{\"method\":\"GET\",\"url\":\"/api/chat/fetch-notification?userId=67869a521514145a6498835f\",\"status\":\"304\",\"responseTime\":\"361.033\"}","timestamp":"2025-02-13T06:07:04.292Z"}
{"level":"\u001b[32minfo\u001b[39m","message":"{\"method\":\"GET\",\"url\":\"/api/chat/fetch-chat?userId=67869a521514145a6498835f\",\"status\":\"304\",\"responseTime\":\"469.996\"}","timestamp":"2025-02-13T06:07:04.411Z"}
{"level":"\u001b[32minfo\u001b[39m","message":"{\"method\":\"GET\",\"url\":\"/api/chat/fetch-notification?userId=67869a521514145a6498835f\",\"status\":\"304\",\"responseTime\":\"184.971\"}","timestamp":"2025-02-13T06:07:06.152Z"}
{"level":"\u001b[32minfo\u001b[39m","message":"{\"method\":\"GET\",\"url\":\"/api/chat/fetch-chat?userId=67869a521514145a6498835f\",\"status\":\"304\",\"responseTime\":\"557.147\"}","timestamp":"2025-02-13T06:07:06.542Z"}
{"level":"\u001b[32minfo\u001b[39m","message":"{\"method\":\"GET\",\"url\":\"/api/chat/fetch-notification?userId=67869a521514145a6498835f\",\"status\":\"304\",\"responseTime\":\"180.522\"}","timestamp":"2025-02-13T06:07:08.220Z"}
{"level":"\u001b[32minfo\u001b[39m","message":"{\"method\":\"GET\",\"url\":\"/api/chat/fetch-chat?userId=67869a521514145a6498835f\",\"status\":\"304\",\"responseTime\":\"426.307\"}","timestamp":"2025-02-13T06:07:08.494Z"}
{"level":"\u001b[32minfo\u001b[39m","message":"{\"method\":\"GET\",\"url\":\"/api/chat/fetch-notification?userId=67869a521514145a6498835f\",\"status\":\"304\",\"responseTime\":\"80.164\"}","timestamp":"2025-02-13T06:07:09.996Z"}
{"level":"\u001b[32minfo\u001b[39m","message":"{\"method\":\"GET\",\"url\":\"/api/chat/fetch-chat?userId=67869a521514145a6498835f\",\"status\":\"304\",\"responseTime\":\"441.350\"}","timestamp":"2025-02-13T06:07:10.363Z"}
{"level":"\u001b[32minfo\u001b[39m","message":"{\"method\":\"GET\",\"url\":\"/api/chat/fetch-notification?userId=67869a521514145a6498835f\",\"status\":\"304\",\"responseTime\":\"223.617\"}","timestamp":"2025-02-13T06:07:21.141Z"}
{"level":"\u001b[32minfo\u001b[39m","message":"{\"method\":\"GET\",\"url\":\"/api/chat/fetch-chat?userId=67869a521514145a6498835f\",\"status\":\"304\",\"responseTime\":\"585.840\"}","timestamp":"2025-02-13T06:07:21.508Z"}
{"level":"\u001b[32minfo\u001b[39m","message":"{\"method\":\"GET\",\"url\":\"/api/chat/fetch-notification?userId=67869a521514145a6498835f\",\"status\":\"304\",\"responseTime\":\"247.621\"}","timestamp":"2025-02-13T06:07:37.189Z"}
{"level":"\u001b[32minfo\u001b[39m","message":"{\"method\":\"GET\",\"url\":\"/api/chat/fetch-chat?userId=67869a521514145a6498835f\",\"status\":\"304\",\"responseTime\":\"396.496\"}","timestamp":"2025-02-13T06:07:37.351Z"}
{"level":"\u001b[32minfo\u001b[39m","message":"{\"method\":\"GET\",\"url\":\"/api/chat/fetch-notification?userId=67869a521514145a6498835f\",\"status\":\"304\",\"responseTime\":\"312.719\"}","timestamp":"2025-02-13T06:07:43.241Z"}
{"level":"\u001b[32minfo\u001b[39m","message":"{\"method\":\"GET\",\"url\":\"/api/chat/fetch-chat?userId=67869a521514145a6498835f\",\"status\":\"304\",\"responseTime\":\"325.014\"}","timestamp":"2025-02-13T06:07:43.264Z"}
{"level":"\u001b[32minfo\u001b[39m","message":"{\"method\":\"GET\",\"url\":\"/api/chat/fetch-notification?userId=67869a521514145a6498835f\",\"status\":\"304\",\"responseTime\":\"172.897\"}","timestamp":"2025-02-13T06:07:45.077Z"}
{"level":"\u001b[32minfo\u001b[39m","message":"{\"method\":\"GET\",\"url\":\"/api/chat/fetch-chat?userId=67869a521514145a6498835f\",\"status\":\"304\",\"responseTime\":\"453.162\"}","timestamp":"2025-02-13T06:07:45.364Z"}
{"level":"\u001b[32minfo\u001b[39m","message":"{\"method\":\"GET\",\"url\":\"/api/chat/fetch-notification?userId=67869a521514145a6498835f\",\"status\":\"304\",\"responseTime\":\"198.220\"}","timestamp":"2025-02-13T06:07:50.150Z"}
{"level":"\u001b[32minfo\u001b[39m","message":"{\"method\":\"GET\",\"url\":\"/api/chat/fetch-chat?userId=67869a521514145a6498835f\",\"status\":\"304\",\"responseTime\":\"530.637\"}","timestamp":"2025-02-13T06:07:50.499Z"}
{"level":"\u001b[32minfo\u001b[39m","message":"{\"method\":\"GET\",\"url\":\"/api/chat/fetch-notification?userId=67869a521514145a6498835f\",\"status\":\"304\",\"responseTime\":\"250.678\"}","timestamp":"2025-02-13T06:07:57.161Z"}
{"level":"\u001b[32minfo\u001b[39m","message":"{\"method\":\"GET\",\"url\":\"/api/chat/fetch-chat?userId=67869a521514145a6498835f\",\"status\":\"304\",\"responseTime\":\"722.027\"}","timestamp":"2025-02-13T06:07:57.640Z"}
{"level":"\u001b[32minfo\u001b[39m","message":"{\"method\":\"GET\",\"url\":\"/api/chat/fetch-notification?userId=67869a521514145a6498835f\",\"status\":\"304\",\"responseTime\":\"96.806\"}","timestamp":"2025-02-13T06:08:02.007Z"}
{"level":"\u001b[32minfo\u001b[39m","message":"{\"method\":\"GET\",\"url\":\"/api/chat/fetch-chat?userId=67869a521514145a6498835f\",\"status\":\"304\",\"responseTime\":\"474.265\"}","timestamp":"2025-02-13T06:08:02.392Z"}
{"level":"\u001b[32minfo\u001b[39m","message":"{\"method\":\"GET\",\"url\":\"/api/chat/fetch-notification?userId=67869a521514145a6498835f\",\"status\":\"304\",\"responseTime\":\"152.156\"}","timestamp":"2025-02-13T06:08:07.061Z"}
{"level":"\u001b[32minfo\u001b[39m","message":"{\"method\":\"GET\",\"url\":\"/api/chat/fetch-chat?userId=67869a521514145a6498835f\",\"status\":\"304\",\"responseTime\":\"664.804\"}","timestamp":"2025-02-13T06:08:07.577Z"}
{"level":"\u001b[32minfo\u001b[39m","message":"{\"method\":\"GET\",\"url\":\"/api/chat/fetch-notification?userId=67869a521514145a6498835f\",\"status\":\"401\",\"responseTime\":\"4.463\"}","timestamp":"2025-02-13T06:08:13.931Z"}
{"level":"\u001b[32minfo\u001b[39m","message":"{\"method\":\"GET\",\"url\":\"/api/chat/fetch-chat?userId=67869a521514145a6498835f\",\"status\":\"304\",\"responseTime\":\"482.866\"}","timestamp":"2025-02-13T06:08:14.420Z"}
{"level":"\u001b[32minfo\u001b[39m","message":"{\"method\":\"GET\",\"url\":\"/api/chat/fetch-notification?userId=67869a521514145a6498835f\",\"status\":\"304\",\"responseTime\":\"345.291\"}","timestamp":"2025-02-13T06:08:14.731Z"}
{"level":"\u001b[32minfo\u001b[39m","message":"{\"method\":\"GET\",\"url\":\"/api/chat/fetch-notification?userId=67869a521514145a6498835f\",\"status\":\"304\",\"responseTime\":\"198.634\"}","timestamp":"2025-02-13T06:08:32.128Z"}
{"level":"\u001b[32minfo\u001b[39m","message":"{\"method\":\"GET\",\"url\":\"/api/chat/fetch-chat?userId=67869a521514145a6498835f\",\"status\":\"304\",\"responseTime\":\"831.396\"}","timestamp":"2025-02-13T06:08:32.771Z"}
{"level":"\u001b[32minfo\u001b[39m","message":"{\"method\":\"GET\",\"url\":\"/api/chat/fetch-notification?userId=67869a521514145a6498835f\",\"status\":\"304\",\"responseTime\":\"747.892\"}","timestamp":"2025-02-13T06:08:58.688Z"}
{"level":"\u001b[32minfo\u001b[39m","message":"{\"method\":\"GET\",\"url\":\"/api/chat/fetch-chat?userId=67869a521514145a6498835f\",\"status\":\"304\",\"responseTime\":\"1562.022\"}","timestamp":"2025-02-13T06:08:59.508Z"}
{"level":"\u001b[32minfo\u001b[39m","message":"{\"method\":\"GET\",\"url\":\"/api/chat/fetch-notification?userId=67869a521514145a6498835f\",\"status\":\"304\",\"responseTime\":\"2031.954\"}","timestamp":"2025-02-13T06:09:01.935Z"}
{"level":"\u001b[32minfo\u001b[39m","message":"{\"method\":\"GET\",\"url\":\"/api/chat/fetch-chat?userId=67869a521514145a6498835f\",\"status\":\"304\",\"responseTime\":\"3924.058\"}","timestamp":"2025-02-13T06:09:03.831Z"}
{"level":"\u001b[32minfo\u001b[39m","message":"{\"method\":\"GET\",\"url\":\"/api/chat/fetch-notification?userId=67869a521514145a6498835f\",\"status\":\"304\",\"responseTime\":\"453.873\"}","timestamp":"2025-02-13T06:09:05.366Z"}
{"level":"\u001b[32minfo\u001b[39m","message":"{\"method\":\"GET\",\"url\":\"/api/chat/fetch-chat?userId=67869a521514145a6498835f\",\"status\":\"304\",\"responseTime\":\"934.282\"}","timestamp":"2025-02-13T06:09:05.851Z"}
{"level":"\u001b[32minfo\u001b[39m","message":"{\"method\":\"GET\",\"url\":\"/api/chat/fetch-notification?userId=67869a521514145a6498835f\",\"status\":\"304\",\"responseTime\":\"257.205\"}","timestamp":"2025-02-13T06:09:11.167Z"}
{"level":"\u001b[32minfo\u001b[39m","message":"{\"method\":\"GET\",\"url\":\"/api/chat/fetch-chat?userId=67869a521514145a6498835f\",\"status\":\"304\",\"responseTime\":\"800.804\"}","timestamp":"2025-02-13T06:09:11.714Z"}
{"level":"\u001b[32minfo\u001b[39m","message":"{\"method\":\"GET\",\"url\":\"/api/chat/fetch-notification?userId=67869a521514145a6498835f\",\"status\":\"304\",\"responseTime\":\"325.957\"}","timestamp":"2025-02-13T06:09:13.229Z"}
{"level":"\u001b[32minfo\u001b[39m","message":"{\"method\":\"GET\",\"url\":\"/api/chat/fetch-chat?userId=67869a521514145a6498835f\",\"status\":\"304\",\"responseTime\":\"957.144\"}","timestamp":"2025-02-13T06:09:13.863Z"}
{"level":"\u001b[32minfo\u001b[39m","message":"{\"method\":\"GET\",\"url\":\"/api/chat/fetch-notification?userId=67869a521514145a6498835f\",\"status\":\"401\",\"responseTime\":\"2.611\"}","timestamp":"2025-02-13T06:09:17.901Z"}
{"level":"\u001b[32minfo\u001b[39m","message":"{\"method\":\"GET\",\"url\":\"/api/chat/fetch-notification?userId=67869a521514145a6498835f\",\"status\":\"304\",\"responseTime\":\"322.151\"}","timestamp":"2025-02-13T06:09:18.783Z"}
{"level":"\u001b[32minfo\u001b[39m","message":"{\"method\":\"GET\",\"url\":\"/api/chat/fetch-chat?userId=67869a521514145a6498835f\",\"status\":\"304\",\"responseTime\":\"1278.776\"}","timestamp":"2025-02-13T06:09:19.183Z"}
{"level":"\u001b[32minfo\u001b[39m","message":"{\"method\":\"GET\",\"url\":\"/api/chat/fetch-notification?userId=67869a521514145a6498835f\",\"status\":\"304\",\"responseTime\":\"367.644\"}","timestamp":"2025-02-13T06:09:22.269Z"}
{"level":"\u001b[32minfo\u001b[39m","message":"{\"method\":\"GET\",\"url\":\"/api/chat/fetch-chat?userId=67869a521514145a6498835f\",\"status\":\"304\",\"responseTime\":\"752.116\"}","timestamp":"2025-02-13T06:09:22.657Z"}
{"level":"\u001b[32minfo\u001b[39m","message":"{\"method\":\"GET\",\"url\":\"/api/chat/fetch-notification?userId=67869a521514145a6498835f\",\"status\":\"304\",\"responseTime\":\"488.480\"}","timestamp":"2025-02-13T06:09:35.440Z"}
{"level":"\u001b[32minfo\u001b[39m","message":"{\"method\":\"GET\",\"url\":\"/api/chat/fetch-chat?userId=67869a521514145a6498835f\",\"status\":\"304\",\"responseTime\":\"1776.987\"}","timestamp":"2025-02-13T06:09:36.737Z"}
{"level":"\u001b[32minfo\u001b[39m","message":"{\"method\":\"GET\",\"url\":\"/api/chat/fetch-notification?userId=67869a521514145a6498835f\",\"status\":\"304\",\"responseTime\":\"586.891\"}","timestamp":"2025-02-13T06:09:40.501Z"}
{"level":"\u001b[32minfo\u001b[39m","message":"{\"method\":\"GET\",\"url\":\"/api/chat/fetch-chat?userId=67869a521514145a6498835f\",\"status\":\"304\",\"responseTime\":\"1014.043\"}","timestamp":"2025-02-13T06:09:40.934Z"}
{"level":"\u001b[32minfo\u001b[39m","message":"{\"method\":\"GET\",\"url\":\"/api/chat/fetch-notification?userId=67869a521514145a6498835f\",\"status\":\"304\",\"responseTime\":\"293.016\"}","timestamp":"2025-02-13T06:09:50.202Z"}
{"level":"\u001b[32minfo\u001b[39m","message":"{\"method\":\"GET\",\"url\":\"/api/chat/fetch-chat?userId=67869a521514145a6498835f\",\"status\":\"304\",\"responseTime\":\"948.006\"}","timestamp":"2025-02-13T06:09:50.861Z"}
{"level":"\u001b[32minfo\u001b[39m","message":"{\"method\":\"GET\",\"url\":\"/api/chat/fetch-notification?userId=67869a521514145a6498835f\",\"status\":\"304\",\"responseTime\":\"214.751\"}","timestamp":"2025-02-13T06:09:57.170Z"}
{"level":"\u001b[32minfo\u001b[39m","message":"{\"method\":\"GET\",\"url\":\"/api/chat/fetch-chat?userId=67869a521514145a6498835f\",\"status\":\"304\",\"responseTime\":\"481.565\"}","timestamp":"2025-02-13T06:09:57.447Z"}
{"level":"\u001b[32minfo\u001b[39m","message":"{\"method\":\"GET\",\"url\":\"/api/chat/fetch-notification?userId=67869a521514145a6498835f\",\"status\":\"304\",\"responseTime\":\"210.109\"}","timestamp":"2025-02-13T06:10:03.110Z"}
{"level":"\u001b[32minfo\u001b[39m","message":"{\"method\":\"GET\",\"url\":\"/api/chat/fetch-chat?userId=67869a521514145a6498835f\",\"status\":\"304\",\"responseTime\":\"669.911\"}","timestamp":"2025-02-13T06:10:03.573Z"}
{"level":"\u001b[32minfo\u001b[39m","message":"{\"method\":\"GET\",\"url\":\"/api/chat/fetch-notification?userId=67869a521514145a6498835f\",\"status\":\"304\",\"responseTime\":\"543.710\"}","timestamp":"2025-02-13T06:10:12.501Z"}
{"level":"\u001b[32minfo\u001b[39m","message":"{\"method\":\"GET\",\"url\":\"/api/chat/fetch-chat?userId=67869a521514145a6498835f\",\"status\":\"304\",\"responseTime\":\"1314.644\"}","timestamp":"2025-02-13T06:10:13.288Z"}
{"level":"\u001b[32minfo\u001b[39m","message":"{\"method\":\"GET\",\"url\":\"/api/chat/fetch-notification?userId=67869a521514145a6498835f\",\"status\":\"304\",\"responseTime\":\"184.546\"}","timestamp":"2025-02-13T06:10:16.099Z"}
{"level":"\u001b[32minfo\u001b[39m","message":"{\"method\":\"GET\",\"url\":\"/api/chat/fetch-chat?userId=67869a521514145a6498835f\",\"status\":\"304\",\"responseTime\":\"514.248\"}","timestamp":"2025-02-13T06:10:16.433Z"}
{"level":"\u001b[32minfo\u001b[39m","message":"{\"method\":\"GET\",\"url\":\"/api/chat/fetch-notification?userId=67869a521514145a6498835f\",\"status\":\"401\",\"responseTime\":\"2.272\"}","timestamp":"2025-02-13T06:10:20.903Z"}
{"level":"\u001b[32minfo\u001b[39m","message":"{\"method\":\"GET\",\"url\":\"/api/chat/fetch-chat?userId=67869a521514145a6498835f\",\"status\":\"304\",\"responseTime\":\"283.252\"}","timestamp":"2025-02-13T06:10:21.189Z"}
{"level":"\u001b[32minfo\u001b[39m","message":"{\"method\":\"GET\",\"url\":\"/api/chat/fetch-notification?userId=67869a521514145a6498835f\",\"status\":\"304\",\"responseTime\":\"231.278\"}","timestamp":"2025-02-13T06:10:21.367Z"}
{"level":"\u001b[32minfo\u001b[39m","message":"{\"method\":\"GET\",\"url\":\"/api/chat/fetch-notification?userId=67869a521514145a6498835f\",\"status\":\"304\",\"responseTime\":\"340.717\"}","timestamp":"2025-02-13T06:10:54.245Z"}
{"level":"\u001b[32minfo\u001b[39m","message":"{\"method\":\"GET\",\"url\":\"/api/chat/fetch-notification?userId=67869a521514145a6498835f\",\"status\":\"304\",\"responseTime\":\"549.900\"}","timestamp":"2025-02-13T06:10:56.467Z"}
{"level":"\u001b[32minfo\u001b[39m","message":"{\"method\":\"GET\",\"url\":\"/api/chat/fetch-chat?userId=67869a521514145a6498835f\",\"status\":\"304\",\"responseTime\":\"2941.267\"}","timestamp":"2025-02-13T06:10:56.851Z"}
{"level":"\u001b[32minfo\u001b[39m","message":"{\"method\":\"GET\",\"url\":\"/api/chat/fetch-chat?userId=67869a521514145a6498835f\",\"status\":\"304\",\"responseTime\":\"725.860\"}","timestamp":"2025-02-13T06:10:57.591Z"}
{"level":"\u001b[32minfo\u001b[39m","message":"{\"method\":\"GET\",\"url\":\"/api/chat/fetch-notification?userId=67869a521514145a6498835f\",\"status\":\"304\",\"responseTime\":\"205.474\"}","timestamp":"2025-02-13T06:11:00.195Z"}
{"level":"\u001b[32minfo\u001b[39m","message":"{\"method\":\"GET\",\"url\":\"/api/chat/fetch-chat?userId=67869a521514145a6498835f\",\"status\":\"304\",\"responseTime\":\"4019.562\"}","timestamp":"2025-02-13T06:11:04.020Z"}
{"level":"\u001b[32minfo\u001b[39m","message":"{\"method\":\"GET\",\"url\":\"/api/chat/fetch-notification?userId=67869a521514145a6498835f\",\"status\":\"304\",\"responseTime\":\"3115.660\"}","timestamp":"2025-02-13T06:11:04.033Z"}
{"level":"\u001b[32minfo\u001b[39m","message":"{\"method\":\"GET\",\"url\":\"/api/chat/fetch-chat?userId=67869a521514145a6498835f\",\"status\":\"304\",\"responseTime\":\"2036.150\"}","timestamp":"2025-02-13T06:11:06.090Z"}
{"level":"\u001b[32minfo\u001b[39m","message":"{\"method\":\"GET\",\"url\":\"/api/chat/fetch-notification?userId=67869a521514145a6498835f\",\"status\":\"304\",\"responseTime\":\"1079.641\"}","timestamp":"2025-02-13T06:11:09.989Z"}
{"level":"\u001b[32minfo\u001b[39m","message":"{\"method\":\"GET\",\"url\":\"/api/chat/fetch-chat?userId=67869a521514145a6498835f\",\"status\":\"304\",\"responseTime\":\"2984.368\"}","timestamp":"2025-02-13T06:11:11.897Z"}
{"level":"\u001b[32minfo\u001b[39m","message":"{\"method\":\"GET\",\"url\":\"/api/chat/fetch-notification?userId=67869a521514145a6498835f\",\"status\":\"401\",\"responseTime\":\"3.407\"}","timestamp":"2025-02-13T06:11:22.929Z"}
{"level":"\u001b[32minfo\u001b[39m","message":"{\"method\":\"GET\",\"url\":\"/api/chat/fetch-chat?userId=67869a521514145a6498835f\",\"status\":\"304\",\"responseTime\":\"867.768\"}","timestamp":"2025-02-13T06:11:23.807Z"}
{"level":"\u001b[32minfo\u001b[39m","message":"{\"method\":\"GET\",\"url\":\"/api/chat/fetch-notification?userId=67869a521514145a6498835f\",\"status\":\"304\",\"responseTime\":\"687.154\"}","timestamp":"2025-02-13T06:11:24.250Z"}
{"level":"\u001b[32minfo\u001b[39m","message":"{\"method\":\"GET\",\"url\":\"/api/chat/fetch-notification?userId=67869a521514145a6498835f\",\"status\":\"304\",\"responseTime\":\"530.814\"}","timestamp":"2025-02-13T06:11:24.793Z"}
{"level":"\u001b[32minfo\u001b[39m","message":"{\"method\":\"GET\",\"url\":\"/api/chat/fetch-chat?userId=67869a521514145a6498835f\",\"status\":\"304\",\"responseTime\":\"1064.610\"}","timestamp":"2025-02-13T06:11:24.984Z"}
{"level":"\u001b[32minfo\u001b[39m","message":"{\"method\":\"GET\",\"url\":\"/api/chat/fetch-notification?userId=67869a521514145a6498835f\",\"status\":\"304\",\"responseTime\":\"139.952\"}","timestamp":"2025-02-13T06:11:25.042Z"}
{"level":"\u001b[32minfo\u001b[39m","message":"{\"method\":\"GET\",\"url\":\"/api/chat/fetch-chat?userId=67869a521514145a6498835f\",\"status\":\"304\",\"responseTime\":\"831.433\"}","timestamp":"2025-02-13T06:11:25.825Z"}
{"level":"\u001b[32minfo\u001b[39m","message":"{\"method\":\"GET\",\"url\":\"/api/chat/fetch-notification?userId=67869a521514145a6498835f\",\"status\":\"304\",\"responseTime\":\"651.343\"}","timestamp":"2025-02-13T06:11:28.554Z"}
{"level":"\u001b[32minfo\u001b[39m","message":"{\"method\":\"GET\",\"url\":\"/api/chat/fetch-chat?userId=67869a521514145a6498835f\",\"status\":\"304\",\"responseTime\":\"1130.222\"}","timestamp":"2025-02-13T06:11:29.029Z"}
{"level":"\u001b[32minfo\u001b[39m","message":"{\"method\":\"GET\",\"url\":\"/api/chat/fetch-notification?userId=67869a521514145a6498835f\",\"status\":\"304\",\"responseTime\":\"1017.633\"}","timestamp":"2025-02-13T06:11:30.931Z"}
{"level":"\u001b[32minfo\u001b[39m","message":"{\"method\":\"GET\",\"url\":\"/api/chat/fetch-chat?userId=67869a521514145a6498835f\",\"status\":\"304\",\"responseTime\":\"1567.580\"}","timestamp":"2025-02-13T06:11:31.487Z"}
{"level":"\u001b[32minfo\u001b[39m","message":"{\"method\":\"GET\",\"url\":\"/api/chat/fetch-notification?userId=67869a521514145a6498835f\",\"status\":\"304\",\"responseTime\":\"695.832\"}","timestamp":"2025-02-13T06:11:35.603Z"}
{"level":"\u001b[32minfo\u001b[39m","message":"{\"method\":\"GET\",\"url\":\"/api/chat/fetch-chat?userId=67869a521514145a6498835f\",\"status\":\"304\",\"responseTime\":\"1340.377\"}","timestamp":"2025-02-13T06:11:36.251Z"}
{"level":"\u001b[32minfo\u001b[39m","message":"{\"method\":\"GET\",\"url\":\"/api/chat/fetch-notification?userId=67869a521514145a6498835f\",\"status\":\"304\",\"responseTime\":\"212.538\"}","timestamp":"2025-02-13T06:11:38.130Z"}
{"level":"\u001b[32minfo\u001b[39m","message":"{\"method\":\"GET\",\"url\":\"/api/chat/fetch-chat?userId=67869a521514145a6498835f\",\"status\":\"304\",\"responseTime\":\"1489.476\"}","timestamp":"2025-02-13T06:11:39.412Z"}
{"level":"\u001b[32minfo\u001b[39m","message":"{\"method\":\"GET\",\"url\":\"/api/chat/fetch-notification?userId=67869a521514145a6498835f\",\"status\":\"304\",\"responseTime\":\"565.268\"}","timestamp":"2025-02-13T06:11:44.476Z"}
{"level":"\u001b[32minfo\u001b[39m","message":"{\"method\":\"GET\",\"url\":\"/api/chat/fetch-chat?userId=67869a521514145a6498835f\",\"status\":\"304\",\"responseTime\":\"1277.977\"}","timestamp":"2025-02-13T06:11:45.196Z"}
{"level":"\u001b[32minfo\u001b[39m","message":"{\"method\":\"GET\",\"url\":\"/api/chat/fetch-notification?userId=67869a521514145a6498835f\",\"status\":\"304\",\"responseTime\":\"265.736\"}","timestamp":"2025-02-13T06:11:47.169Z"}
{"level":"\u001b[32minfo\u001b[39m","message":"{\"method\":\"GET\",\"url\":\"/api/chat/fetch-chat?userId=67869a521514145a6498835f\",\"status\":\"304\",\"responseTime\":\"1272.476\"}","timestamp":"2025-02-13T06:11:48.178Z"}
{"level":"\u001b[32minfo\u001b[39m","message":"{\"method\":\"GET\",\"url\":\"/api/chat/fetch-notification?userId=67869a521514145a6498835f\",\"status\":\"304\",\"responseTime\":\"624.370\"}","timestamp":"2025-02-13T06:12:07.532Z"}
{"level":"\u001b[32minfo\u001b[39m","message":"{\"method\":\"GET\",\"url\":\"/api/chat/fetch-chat?userId=67869a521514145a6498835f\",\"status\":\"304\",\"responseTime\":\"1175.642\"}","timestamp":"2025-02-13T06:12:08.089Z"}
{"level":"\u001b[32minfo\u001b[39m","message":"{\"method\":\"GET\",\"url\":\"/api/chat/fetch-notification?userId=67869a521514145a6498835f\",\"status\":\"304\",\"responseTime\":\"374.111\"}","timestamp":"2025-02-13T06:12:13.300Z"}
{"level":"\u001b[32minfo\u001b[39m","message":"{\"method\":\"GET\",\"url\":\"/api/chat/fetch-chat?userId=67869a521514145a6498835f\",\"status\":\"304\",\"responseTime\":\"792.875\"}","timestamp":"2025-02-13T06:12:13.728Z"}
{"level":"\u001b[32minfo\u001b[39m","message":"{\"method\":\"GET\",\"url\":\"/api/chat/fetch-notification?userId=67869a521514145a6498835f\",\"status\":\"304\",\"responseTime\":\"721.449\"}","timestamp":"2025-02-13T06:12:14.630Z"}
{"level":"\u001b[32minfo\u001b[39m","message":"{\"method\":\"GET\",\"url\":\"/api/chat/fetch-chat?userId=67869a521514145a6498835f\",\"status\":\"304\",\"responseTime\":\"932.650\"}","timestamp":"2025-02-13T06:12:14.848Z"}
{"level":"\u001b[32minfo\u001b[39m","message":"{\"method\":\"GET\",\"url\":\"/api/chat/fetch-notification?userId=67869a521514145a6498835f\",\"status\":\"304\",\"responseTime\":\"206.267\"}","timestamp":"2025-02-13T06:12:19.107Z"}
{"level":"\u001b[32minfo\u001b[39m","message":"{\"method\":\"GET\",\"url\":\"/api/chat/fetch-chat?userId=67869a521514145a6498835f\",\"status\":\"304\",\"responseTime\":\"675.894\"}","timestamp":"2025-02-13T06:12:19.579Z"}
{"level":"\u001b[32minfo\u001b[39m","message":"{\"method\":\"GET\",\"url\":\"/api/chat/fetch-notification?userId=67869a521514145a6498835f\",\"status\":\"304\",\"responseTime\":\"1256.806\"}","timestamp":"2025-02-13T06:12:23.187Z"}
{"level":"\u001b[32minfo\u001b[39m","message":"{\"method\":\"GET\",\"url\":\"/api/chat/fetch-chat?userId=67869a521514145a6498835f\",\"status\":\"304\",\"responseTime\":\"1752.781\"}","timestamp":"2025-02-13T06:12:23.688Z"}
{"level":"\u001b[32minfo\u001b[39m","message":"{\"method\":\"GET\",\"url\":\"/api/chat/fetch-notification?userId=67869a521514145a6498835f\",\"status\":\"401\",\"responseTime\":\"2.741\"}","timestamp":"2025-02-13T06:12:23.912Z"}
{"level":"\u001b[32minfo\u001b[39m","message":"{\"method\":\"GET\",\"url\":\"/api/chat/fetch-chat?userId=67869a521514145a6498835f\",\"status\":\"304\",\"responseTime\":\"822.420\"}","timestamp":"2025-02-13T06:12:24.739Z"}
{"level":"\u001b[32minfo\u001b[39m","message":"{\"method\":\"GET\",\"url\":\"/api/chat/fetch-notification?userId=67869a521514145a6498835f\",\"status\":\"304\",\"responseTime\":\"609.302\"}","timestamp":"2025-02-13T06:12:25.367Z"}
{"level":"\u001b[32minfo\u001b[39m","message":"{\"method\":\"GET\",\"url\":\"/api/chat/fetch-notification?userId=67869a521514145a6498835f\",\"status\":\"304\",\"responseTime\":\"363.007\"}","timestamp":"2025-02-13T06:12:28.274Z"}
{"level":"\u001b[32minfo\u001b[39m","message":"{\"method\":\"GET\",\"url\":\"/api/chat/fetch-chat?userId=67869a521514145a6498835f\",\"status\":\"304\",\"responseTime\":\"952.936\"}","timestamp":"2025-02-13T06:12:28.868Z"}
{"level":"\u001b[32minfo\u001b[39m","message":"{\"method\":\"GET\",\"url\":\"/api/chat/fetch-notification?userId=67869a521514145a6498835f\",\"status\":\"304\",\"responseTime\":\"268.818\"}","timestamp":"2025-02-13T06:12:35.185Z"}
{"level":"\u001b[32minfo\u001b[39m","message":"{\"method\":\"GET\",\"url\":\"/api/chat/fetch-chat?userId=67869a521514145a6498835f\",\"status\":\"304\",\"responseTime\":\"1193.145\"}","timestamp":"2025-02-13T06:12:36.117Z"}
{"level":"\u001b[32minfo\u001b[39m","message":"{\"method\":\"GET\",\"url\":\"/api/chat/fetch-notification?userId=67869a521514145a6498835f\",\"status\":\"304\",\"responseTime\":\"338.660\"}","timestamp":"2025-02-13T06:12:39.242Z"}
{"level":"\u001b[32minfo\u001b[39m","message":"{\"method\":\"GET\",\"url\":\"/api/chat/fetch-chat?userId=67869a521514145a6498835f\",\"status\":\"304\",\"responseTime\":\"860.136\"}","timestamp":"2025-02-13T06:12:39.770Z"}
{"level":"\u001b[32minfo\u001b[39m","message":"{\"method\":\"GET\",\"url\":\"/api/chat/fetch-notification?userId=67869a521514145a6498835f\",\"status\":\"304\",\"responseTime\":\"490.295\"}","timestamp":"2025-02-13T06:12:41.414Z"}
{"level":"\u001b[32minfo\u001b[39m","message":"{\"method\":\"GET\",\"url\":\"/api/chat/fetch-chat?userId=67869a521514145a6498835f\",\"status\":\"304\",\"responseTime\":\"1920.520\"}","timestamp":"2025-02-13T06:12:42.849Z"}
{"level":"\u001b[32minfo\u001b[39m","message":"{\"method\":\"GET\",\"url\":\"/api/chat/fetch-notification?userId=67869a521514145a6498835f\",\"status\":\"304\",\"responseTime\":\"144.265\"}","timestamp":"2025-02-13T06:12:49.068Z"}
{"level":"\u001b[32minfo\u001b[39m","message":"{\"method\":\"GET\",\"url\":\"/api/chat/fetch-chat?userId=67869a521514145a6498835f\",\"status\":\"304\",\"responseTime\":\"579.408\"}","timestamp":"2025-02-13T06:12:49.519Z"}
{"level":"\u001b[32minfo\u001b[39m","message":"{\"method\":\"GET\",\"url\":\"/api/chat/fetch-notification?userId=67869a521514145a6498835f\",\"status\":\"304\",\"responseTime\":\"263.385\"}","timestamp":"2025-02-13T06:12:54.159Z"}
{"level":"\u001b[32minfo\u001b[39m","message":"{\"method\":\"GET\",\"url\":\"/api/chat/fetch-chat?userId=67869a521514145a6498835f\",\"status\":\"304\",\"responseTime\":\"541.078\"}","timestamp":"2025-02-13T06:12:54.441Z"}
{"level":"\u001b[32minfo\u001b[39m","message":"{\"method\":\"GET\",\"url\":\"/api/chat/fetch-notification?userId=67869a521514145a6498835f\",\"status\":\"401\",\"responseTime\":\"3.067\"}","timestamp":"2025-02-13T06:31:58.100Z"}
{"level":"\u001b[32minfo\u001b[39m","message":"{\"method\":\"GET\",\"url\":\"/api/chat/fetch-notification?userId=67869a521514145a6498835f\",\"status\":\"304\",\"responseTime\":\"1006.093\"}","timestamp":"2025-02-13T06:32:01.757Z"}
{"level":"\u001b[32minfo\u001b[39m","message":"{\"method\":\"GET\",\"url\":\"/api/chat/fetch-chat?userId=67869a521514145a6498835f\",\"status\":\"304\",\"responseTime\":\"309.102\"}","timestamp":"2025-02-13T06:32:03.373Z"}
{"level":"\u001b[32minfo\u001b[39m","message":"{\"method\":\"GET\",\"url\":\"/api/chat/fetch-notification?userId=67869a521514145a6498835f\",\"status\":\"401\",\"responseTime\":\"6.678\"}","timestamp":"2025-02-13T07:01:55.861Z"}
{"level":"\u001b[32minfo\u001b[39m","message":"{\"method\":\"GET\",\"url\":\"/api/chat/fetch-notification?userId=67869a521514145a6498835f\",\"status\":\"304\",\"responseTime\":\"595.155\"}","timestamp":"2025-02-13T07:01:57.593Z"}
{"level":"\u001b[32minfo\u001b[39m","message":"{\"method\":\"GET\",\"url\":\"/api/chat/fetch-chat?userId=67869a521514145a6498835f\",\"status\":\"304\",\"responseTime\":\"243.626\"}","timestamp":"2025-02-13T07:01:58.474Z"}
{"level":"\u001b[32minfo\u001b[39m","message":"{\"method\":\"GET\",\"url\":\"/api/chat/fetch-notification?userId=67a44a46314f8fe8e568bd5e\",\"status\":\"401\",\"responseTime\":\"1.499\"}","timestamp":"2025-02-13T07:02:03.257Z"}
{"level":"\u001b[32minfo\u001b[39m","message":"{\"method\":\"GET\",\"url\":\"/api/chat/fetch-notification?userId=67a44a46314f8fe8e568bd5e\",\"status\":\"304\",\"responseTime\":\"386.622\"}","timestamp":"2025-02-13T07:02:03.880Z"}
{"level":"\u001b[32minfo\u001b[39m","message":"{\"method\":\"GET\",\"url\":\"/api/chat/fetch-chat?userId=67a44a46314f8fe8e568bd5e\",\"status\":\"304\",\"responseTime\":\"222.290\"}","timestamp":"2025-02-13T07:02:04.678Z"}
{"level":"\u001b[32minfo\u001b[39m","message":"{\"method\":\"GET\",\"url\":\"/api/meet/fetchEmployees-Allmeets?employeeId=67a44a46314f8fe8e568bd5e\",\"status\":\"200\",\"responseTime\":\"53.243\"}","timestamp":"2025-02-13T07:02:24.908Z"}
{"level":"\u001b[32minfo\u001b[39m","message":"{\"method\":\"GET\",\"url\":\"/api/chat/fetch-chat?userId=67a44a46314f8fe8e568bd5e\",\"status\":\"304\",\"responseTime\":\"491.979\"}","timestamp":"2025-02-13T07:02:26.676Z"}
{"level":"\u001b[32minfo\u001b[39m","message":"{\"method\":\"GET\",\"url\":\"/api/chat/fetch-messages?chatId=67a99510d5d8188a9d23ee64\",\"status\":\"200\",\"responseTime\":\"139.653\"}","timestamp":"2025-02-13T07:02:28.206Z"}
{"level":"\u001b[32minfo\u001b[39m","message":"{\"method\":\"GET\",\"url\":\"/api/chat/fetch-chat?userId=67a44a46314f8fe8e568bd5e\",\"status\":\"200\",\"responseTime\":\"621.683\"}","timestamp":"2025-02-13T07:02:31.653Z"}
{"level":"\u001b[32minfo\u001b[39m","message":"{\"method\":\"PUT\",\"url\":\"/api/chat/mark-as-read\",\"status\":\"200\",\"responseTime\":\"68.370\"}","timestamp":"2025-02-13T07:02:42.034Z"}
{"level":"\u001b[32minfo\u001b[39m","message":"{\"method\":\"DELETE\",\"url\":\"/api/chat/clearNotifications\",\"status\":\"200\",\"responseTime\":\"50.876\"}","timestamp":"2025-02-13T07:02:43.635Z"}
{"level":"\u001b[32minfo\u001b[39m","message":"{\"method\":\"GET\",\"url\":\"/api/chat/fetch-notification?userId=67869a521514145a6498835f\",\"status\":\"401\",\"responseTime\":\"18.903\"}","timestamp":"2025-02-13T10:27:42.940Z"}
{"level":"\u001b[32minfo\u001b[39m","message":"{\"method\":\"GET\",\"url\":\"/api/chat/fetch-notification?userId=67869a521514145a6498835f\",\"status\":\"304\",\"responseTime\":\"401.830\"}","timestamp":"2025-02-13T10:27:44.577Z"}
{"level":"\u001b[32minfo\u001b[39m","message":"{\"method\":\"GET\",\"url\":\"/api/chat/fetch-notification?userId=67869a521514145a6498835f\",\"status\":\"401\",\"responseTime\":\"3.441\"}","timestamp":"2025-02-13T10:29:54.938Z"}
{"level":"\u001b[32minfo\u001b[39m","message":"{\"method\":\"GET\",\"url\":\"/api/chat/fetch-notification?userId=67869a521514145a6498835f\",\"status\":\"304\",\"responseTime\":\"46.043\"}","timestamp":"2025-02-13T10:29:55.078Z"}
{"level":"\u001b[32minfo\u001b[39m","message":"{\"method\":\"GET\",\"url\":\"/api/chat/fetch-notification?userId=67869a521514145a6498835f\",\"status\":\"304\",\"responseTime\":\"73.733\"}","timestamp":"2025-02-13T10:29:58.971Z"}
{"level":"\u001b[32minfo\u001b[39m","message":"{\"method\":\"GET\",\"url\":\"/api/chat/fetch-notification?userId=67869a521514145a6498835f\",\"status\":\"304\",\"responseTime\":\"45.073\"}","timestamp":"2025-02-13T10:30:00.958Z"}
{"level":"\u001b[32minfo\u001b[39m","message":"{\"method\":\"GET\",\"url\":\"/api/chat/fetch-notification?userId=67869a521514145a6498835f\",\"status\":\"304\",\"responseTime\":\"88.798\"}","timestamp":"2025-02-13T10:30:11.291Z"}
{"level":"\u001b[32minfo\u001b[39m","message":"{\"method\":\"GET\",\"url\":\"/api/chat/fetch-notification?userId=67869a521514145a6498835f\",\"status\":\"304\",\"responseTime\":\"54.506\"}","timestamp":"2025-02-13T10:30:17.425Z"}
{"level":"\u001b[32minfo\u001b[39m","message":"{\"method\":\"GET\",\"url\":\"/api/chat/fetch-notification?userId=67869a521514145a6498835f\",\"status\":\"401\",\"responseTime\":\"3.103\"}","timestamp":"2025-02-13T10:31:41.918Z"}
{"level":"\u001b[32minfo\u001b[39m","message":"{\"method\":\"GET\",\"url\":\"/api/chat/fetch-notification?userId=67869a521514145a6498835f\",\"status\":\"304\",\"responseTime\":\"55.102\"}","timestamp":"2025-02-13T10:31:42.078Z"}
{"level":"\u001b[32minfo\u001b[39m","message":"{\"method\":\"GET\",\"url\":\"/api/chat/fetch-notification?userId=67869a521514145a6498835f\",\"status\":\"401\",\"responseTime\":\"5.192\"}","timestamp":"2025-02-13T10:33:31.450Z"}
{"level":"\u001b[32minfo\u001b[39m","message":"{\"method\":\"GET\",\"url\":\"/api/chat/fetch-notification?userId=67869a521514145a6498835f\",\"status\":\"304\",\"responseTime\":\"95.520\"}","timestamp":"2025-02-13T10:33:32.789Z"}
{"level":"\u001b[32minfo\u001b[39m","message":"{\"method\":\"GET\",\"url\":\"/api/chat/fetch-notification?userId=67869a521514145a6498835f\",\"status\":\"304\",\"responseTime\":\"52.810\"}","timestamp":"2025-02-13T10:33:48.954Z"}
{"level":"\u001b[32minfo\u001b[39m","message":"{\"method\":\"GET\",\"url\":\"/api/chat/fetch-notification?userId=67869a521514145a6498835f\",\"status\":\"304\",\"responseTime\":\"50.293\"}","timestamp":"2025-02-13T10:34:20.766Z"}
