{"level":"\u001b[32minfo\u001b[39m","message":"{\"method\":\"POST\",\"url\":\"/api/subscription/webhook\",\"status\":\"200\",\"responseTime\":\"119.256\"}","timestamp":"2024-12-27T18:30:08.284Z"}
{"level":"\u001b[32minfo\u001b[39m","message":"{\"method\":\"POST\",\"url\":\"/api/subscription/webhook\",\"status\":\"200\",\"responseTime\":\"4.815\"}","timestamp":"2024-12-27T18:30:08.350Z"}
{"level":"\u001b[32minfo\u001b[39m","message":"{\"method\":\"POST\",\"url\":\"/api/subscription/webhook\",\"status\":\"200\",\"responseTime\":\"4.345\"}","timestamp":"2024-12-27T18:30:08.441Z"}
{"level":"\u001b[32minfo\u001b[39m","message":"{\"method\":\"POST\",\"url\":\"/api/subscription/webhook\",\"status\":\"200\",\"responseTime\":\"81.913\"}","timestamp":"2024-12-27T18:30:08.803Z"}
{"level":"\u001b[32minfo\u001b[39m","message":"{\"method\":\"GET\",\"url\":\"/api/subscription/get-subcriptionPlans?organizationId=676e81f245626fc97cdde061\",\"status\":\"200\",\"responseTime\":\"570.329\"}","timestamp":"2024-12-27T18:30:17.240Z"}
{"level":"\u001b[32minfo\u001b[39m","message":"{\"method\":\"GET\",\"url\":\"/api/subscription/get-subcriptionPlans?organizationId=676e81f245626fc97cdde061\",\"status\":\"304\",\"responseTime\":\"1513.755\"}","timestamp":"2024-12-27T18:38:34.056Z"}
{"level":"\u001b[32minfo\u001b[39m","message":"{\"method\":\"GET\",\"url\":\"/api/subscription/get-subcriptionPlans?organizationId=676e81f245626fc97cdde061\",\"status\":\"304\",\"responseTime\":\"643.892\"}","timestamp":"2024-12-27T18:39:07.217Z"}
{"level":"\u001b[32minfo\u001b[39m","message":"{\"method\":\"GET\",\"url\":\"/api/subscription/get-subcriptionPlans?organizationId=676e81f245626fc97cdde061\",\"status\":\"304\",\"responseTime\":\"678.135\"}","timestamp":"2024-12-27T18:39:09.224Z"}
{"level":"\u001b[32minfo\u001b[39m","message":"{\"method\":\"GET\",\"url\":\"/api/subscription/get-subcriptionPlans?organizationId=676e81f245626fc97cdde061\",\"status\":\"304\",\"responseTime\":\"904.672\"}","timestamp":"2024-12-27T18:39:12.199Z"}
{"level":"\u001b[32minfo\u001b[39m","message":"{\"method\":\"GET\",\"url\":\"/api/subscription/get-subcriptionPlans?organizationId=676e81f245626fc97cdde061\",\"status\":\"200\",\"responseTime\":\"1848.926\"}","timestamp":"2024-12-27T18:39:49.404Z"}
{"level":"\u001b[32minfo\u001b[39m","message":"{\"method\":\"GET\",\"url\":\"/api/subscription/get-subcriptionPlans?organizationId=676e81f245626fc97cdde061\",\"status\":\"200\",\"responseTime\":\"1337.834\"}","timestamp":"2024-12-27T18:39:49.893Z"}
{"level":"\u001b[32minfo\u001b[39m","message":"{\"method\":\"GET\",\"url\":\"/api/subscription/get-subcriptionPlans?organizationId=676e81f245626fc97cdde061\",\"status\":\"200\",\"responseTime\":\"2491.801\"}","timestamp":"2024-12-27T18:41:31.080Z"}
{"level":"\u001b[32minfo\u001b[39m","message":"{\"method\":\"GET\",\"url\":\"/api/subscription/get-subcriptionPlans?organizationId=676e81f245626fc97cdde061\",\"status\":\"200\",\"responseTime\":\"2130.854\"}","timestamp":"2024-12-27T18:42:04.697Z"}
{"level":"\u001b[32minfo\u001b[39m","message":"{\"method\":\"GET\",\"url\":\"/api/subscription/get-subcriptionPlans?organizationId=676e81f245626fc97cdde061\",\"status\":\"200\",\"responseTime\":\"1168.194\"}","timestamp":"2024-12-27T18:42:08.713Z"}
{"level":"\u001b[32minfo\u001b[39m","message":"{\"method\":\"GET\",\"url\":\"/api/subscription/get-subcriptionPlans?organizationId=676e81f245626fc97cdde061\",\"status\":\"200\",\"responseTime\":\"2224.411\"}","timestamp":"2024-12-27T18:59:24.533Z"}
{"level":"\u001b[32minfo\u001b[39m","message":"{\"method\":\"GET\",\"url\":\"/api/subscription/get-subcriptionPlans?organizationId=676e81f245626fc97cdde061\",\"status\":\"304\",\"responseTime\":\"2633.184\"}","timestamp":"2024-12-27T19:02:21.719Z"}
{"level":"\u001b[32minfo\u001b[39m","message":"{\"method\":\"GET\",\"url\":\"/api/subscription/get-subcriptionPlans?organizationId=676e81f245626fc97cdde061\",\"status\":\"-\",\"responseTime\":\"-\"}","timestamp":"2024-12-27T19:05:29.776Z"}
{"level":"\u001b[32minfo\u001b[39m","message":"{\"method\":\"POST\",\"url\":\"/api/subscription/create-checkout-session\",\"status\":\"200\",\"responseTime\":\"1670.718\"}","timestamp":"2024-12-27T19:06:17.974Z"}
{"level":"\u001b[32minfo\u001b[39m","message":"{\"method\":\"GET\",\"url\":\"/api/subscription/get-subcriptionPlans?organizationId=676e81f245626fc97cdde061\",\"status\":\"-\",\"responseTime\":\"-\"}","timestamp":"2024-12-27T19:06:18.557Z"}
{"level":"\u001b[32minfo\u001b[39m","message":"{\"method\":\"GET\",\"url\":\"/api/subscription/get-subcriptionPlans?organizationId=676e81f245626fc97cdde061\",\"status\":\"-\",\"responseTime\":\"-\"}","timestamp":"2024-12-27T19:06:18.563Z"}
{"level":"\u001b[32minfo\u001b[39m","message":"{\"method\":\"POST\",\"url\":\"/api/subscription/webhook\",\"status\":\"200\",\"responseTime\":\"127.936\"}","timestamp":"2024-12-27T19:06:51.690Z"}
{"level":"\u001b[32minfo\u001b[39m","message":"{\"method\":\"POST\",\"url\":\"/api/subscription/webhook\",\"status\":\"200\",\"responseTime\":\"4.759\"}","timestamp":"2024-12-27T19:06:51.749Z"}
{"level":"\u001b[32minfo\u001b[39m","message":"{\"method\":\"POST\",\"url\":\"/api/subscription/webhook\",\"status\":\"200\",\"responseTime\":\"5.492\"}","timestamp":"2024-12-27T19:06:51.854Z"}
{"level":"\u001b[32minfo\u001b[39m","message":"{\"method\":\"POST\",\"url\":\"/api/subscription/webhook\",\"status\":\"200\",\"responseTime\":\"155.036\"}","timestamp":"2024-12-27T19:06:52.430Z"}
{"level":"\u001b[32minfo\u001b[39m","message":"{\"method\":\"GET\",\"url\":\"/api/subscription/get-subcriptionPlans?organizationId=676e81f245626fc97cdde061\",\"status\":\"200\",\"responseTime\":\"1133.040\"}","timestamp":"2024-12-27T19:07:01.081Z"}
{"level":"\u001b[32minfo\u001b[39m","message":"{\"method\":\"GET\",\"url\":\"/api/subscription/get-subcriptionPlans?organizationId=676e81f245626fc97cdde061\",\"status\":\"304\",\"responseTime\":\"894.731\"}","timestamp":"2024-12-27T19:07:38.723Z"}
{"level":"\u001b[32minfo\u001b[39m","message":"{\"method\":\"GET\",\"url\":\"/api/subscription/get-subcriptionPlans?organizationId=676e81f245626fc97cdde061\",\"status\":\"304\",\"responseTime\":\"885.095\"}","timestamp":"2024-12-27T19:07:43.481Z"}
{"level":"\u001b[32minfo\u001b[39m","message":"{\"method\":\"GET\",\"url\":\"/api/subscription/get-subcriptionPlans?organizationId=676e81f245626fc97cdde061\",\"status\":\"304\",\"responseTime\":\"819.499\"}","timestamp":"2024-12-27T19:07:45.368Z"}
{"level":"\u001b[32minfo\u001b[39m","message":"{\"method\":\"GET\",\"url\":\"/api/subscription/get-subcriptionPlans?organizationId=676e81f245626fc97cdde061\",\"status\":\"304\",\"responseTime\":\"787.760\"}","timestamp":"2024-12-27T19:07:52.335Z"}
{"level":"\u001b[32minfo\u001b[39m","message":"{\"method\":\"GET\",\"url\":\"/api/subscription/get-subcriptionPlans?organizationId=676e81f245626fc97cdde061\",\"status\":\"304\",\"responseTime\":\"819.363\"}","timestamp":"2024-12-27T19:07:59.371Z"}
{"level":"\u001b[32minfo\u001b[39m","message":"{\"method\":\"GET\",\"url\":\"/api/subscription/get-subcriptionPlans?organizationId=676e81f245626fc97cdde061\",\"status\":\"304\",\"responseTime\":\"906.322\"}","timestamp":"2024-12-27T19:08:05.460Z"}
{"level":"\u001b[32minfo\u001b[39m","message":"{\"method\":\"GET\",\"url\":\"/api/subscription/get-subcriptionPlans?organizationId=676e81f245626fc97cdde061\",\"status\":\"304\",\"responseTime\":\"1103.448\"}","timestamp":"2024-12-27T19:08:10.398Z"}
{"level":"\u001b[32minfo\u001b[39m","message":"{\"method\":\"GET\",\"url\":\"/api/subscription/get-subcriptionPlans?organizationId=676e81f245626fc97cdde061\",\"status\":\"304\",\"responseTime\":\"924.987\"}","timestamp":"2024-12-27T19:08:16.419Z"}
{"level":"\u001b[32minfo\u001b[39m","message":"{\"method\":\"GET\",\"url\":\"/api/subscription/get-subcriptionPlans?organizationId=676e81f245626fc97cdde061\",\"status\":\"304\",\"responseTime\":\"824.297\"}","timestamp":"2024-12-27T19:09:08.318Z"}
{"level":"\u001b[32minfo\u001b[39m","message":"{\"method\":\"GET\",\"url\":\"/api/subscription/get-subcriptionPlans?organizationId=676e81f245626fc97cdde061\",\"status\":\"304\",\"responseTime\":\"847.125\"}","timestamp":"2024-12-27T19:09:12.808Z"}
{"level":"\u001b[32minfo\u001b[39m","message":"{\"method\":\"GET\",\"url\":\"/api/subscription/get-subcriptionPlans?organizationId=676e81f245626fc97cdde061\",\"status\":\"304\",\"responseTime\":\"804.991\"}","timestamp":"2024-12-27T19:09:23.434Z"}
{"level":"\u001b[32minfo\u001b[39m","message":"{\"method\":\"GET\",\"url\":\"/api/subscription/get-subcriptionPlans?organizationId=676e81f245626fc97cdde061\",\"status\":\"304\",\"responseTime\":\"805.199\"}","timestamp":"2024-12-27T19:09:31.949Z"}
{"level":"\u001b[32minfo\u001b[39m","message":"{\"method\":\"GET\",\"url\":\"/api/subscription/get-subcriptionPlans?organizationId=676e81f245626fc97cdde061\",\"status\":\"304\",\"responseTime\":\"793.457\"}","timestamp":"2024-12-27T19:09:59.987Z"}
{"level":"\u001b[32minfo\u001b[39m","message":"{\"method\":\"GET\",\"url\":\"/api/subscription/get-subcriptionPlans?organizationId=676e81f245626fc97cdde061\",\"status\":\"304\",\"responseTime\":\"835.297\"}","timestamp":"2024-12-27T19:10:02.881Z"}
{"level":"\u001b[32minfo\u001b[39m","message":"{\"method\":\"GET\",\"url\":\"/api/subscription/get-subcriptionPlans?organizationId=676e81f245626fc97cdde061\",\"status\":\"304\",\"responseTime\":\"809.534\"}","timestamp":"2024-12-27T19:10:13.061Z"}
{"level":"\u001b[32minfo\u001b[39m","message":"{\"method\":\"GET\",\"url\":\"/api/subscription/get-subcriptionPlans?organizationId=676e81f245626fc97cdde061\",\"status\":\"304\",\"responseTime\":\"1418.135\"}","timestamp":"2024-12-27T19:10:16.027Z"}
{"level":"\u001b[32minfo\u001b[39m","message":"{\"method\":\"GET\",\"url\":\"/api/subscription/get-subcriptionPlans?organizationId=676e81f245626fc97cdde061\",\"status\":\"304\",\"responseTime\":\"1016.717\"}","timestamp":"2024-12-28T03:35:49.638Z"}
{"level":"\u001b[32minfo\u001b[39m","message":"{\"method\":\"GET\",\"url\":\"/api/subscription/get-subcriptionPlans?organizationId=676e81f245626fc97cdde061\",\"status\":\"304\",\"responseTime\":\"2485.650\"}","timestamp":"2024-12-28T03:38:32.043Z"}
{"level":"\u001b[32minfo\u001b[39m","message":"{\"method\":\"GET\",\"url\":\"/api/subscription/get-subcriptionPlans?organizationId=676e81f245626fc97cdde061\",\"status\":\"304\",\"responseTime\":\"556.530\"}","timestamp":"2024-12-28T03:38:34.112Z"}
{"level":"\u001b[32minfo\u001b[39m","message":"{\"method\":\"GET\",\"url\":\"/api/subscription/get-subcriptionPlans?organizationId=676e81f245626fc97cdde061\",\"status\":\"304\",\"responseTime\":\"696.236\"}","timestamp":"2024-12-28T03:38:40.241Z"}
{"level":"\u001b[32minfo\u001b[39m","message":"{\"method\":\"GET\",\"url\":\"/api/subscription/get-subcriptionPlans?organizationId=676e81f245626fc97cdde061\",\"status\":\"304\",\"responseTime\":\"542.130\"}","timestamp":"2024-12-28T03:38:43.913Z"}
{"level":"\u001b[32minfo\u001b[39m","message":"{\"method\":\"GET\",\"url\":\"/api/subscription/get-subcriptionPlans?organizationId=676e81f245626fc97cdde061\",\"status\":\"400\",\"responseTime\":\"285.620\"}","timestamp":"2024-12-28T03:54:01.675Z"}
{"level":"\u001b[32minfo\u001b[39m","message":"{\"method\":\"GET\",\"url\":\"/api/subscription/get-subcriptionPlans?organizationId=676e81f245626fc97cdde061\",\"status\":\"400\",\"responseTime\":\"113.258\"}","timestamp":"2024-12-28T03:54:08.035Z"}
{"level":"\u001b[32minfo\u001b[39m","message":"{\"method\":\"GET\",\"url\":\"/api/subscription//get-subcriptionDetails?organizationId=676e81f245626fc97cdde061\",\"status\":\"400\",\"responseTime\":\"318.497\"}","timestamp":"2024-12-28T03:56:31.895Z"}
{"level":"\u001b[32minfo\u001b[39m","message":"{\"method\":\"GET\",\"url\":\"/api/subscription//get-subcriptionDetails?organizationId=676e81f245626fc97cdde061\",\"status\":\"400\",\"responseTime\":\"321.551\"}","timestamp":"2024-12-28T03:56:41.010Z"}
{"level":"\u001b[32minfo\u001b[39m","message":"{\"method\":\"POST\",\"url\":\"/api/subscription/create-checkout-session\",\"status\":\"200\",\"responseTime\":\"1642.663\"}","timestamp":"2024-12-28T03:56:48.698Z"}
{"level":"\u001b[32minfo\u001b[39m","message":"{\"method\":\"POST\",\"url\":\"/api/subscription/webhook\",\"status\":\"200\",\"responseTime\":\"73.861\"}","timestamp":"2024-12-28T03:57:15.483Z"}
{"level":"\u001b[32minfo\u001b[39m","message":"{\"method\":\"POST\",\"url\":\"/api/subscription/webhook\",\"status\":\"200\",\"responseTime\":\"8.448\"}","timestamp":"2024-12-28T03:57:15.652Z"}
{"level":"\u001b[32minfo\u001b[39m","message":"{\"method\":\"POST\",\"url\":\"/api/subscription/webhook\",\"status\":\"200\",\"responseTime\":\"4.137\"}","timestamp":"2024-12-28T03:57:15.658Z"}
{"level":"\u001b[32minfo\u001b[39m","message":"{\"method\":\"POST\",\"url\":\"/api/subscription/webhook\",\"status\":\"200\",\"responseTime\":\"62.203\"}","timestamp":"2024-12-28T03:57:15.791Z"}
{"level":"\u001b[32minfo\u001b[39m","message":"{\"method\":\"GET\",\"url\":\"/api/subscription//get-subcriptionDetails?organizationId=676e81f245626fc97cdde061\",\"status\":\"200\",\"responseTime\":\"773.168\"}","timestamp":"2024-12-28T03:57:24.111Z"}
{"level":"\u001b[32minfo\u001b[39m","message":"{\"method\":\"GET\",\"url\":\"/api/subscription//get-subcriptionDetails?organizationId=676e81f245626fc97cdde061\",\"status\":\"304\",\"responseTime\":\"626.142\"}","timestamp":"2024-12-28T03:57:53.192Z"}
{"level":"\u001b[32minfo\u001b[39m","message":"{\"method\":\"GET\",\"url\":\"/api/subscription//get-subcriptionDetails?organizationId=676f7862c7346611d3013e1f\",\"status\":\"400\",\"responseTime\":\"110.230\"}","timestamp":"2024-12-28T04:03:05.802Z"}
{"level":"\u001b[32minfo\u001b[39m","message":"{\"method\":\"GET\",\"url\":\"/api/subscription//get-subcriptionDetails?organizationId=676f7916c7346611d3013e27\",\"status\":\"400\",\"responseTime\":\"157.149\"}","timestamp":"2024-12-28T04:06:06.470Z"}
{"level":"\u001b[32minfo\u001b[39m","message":"{\"method\":\"GET\",\"url\":\"/api/subscription//get-subcriptionDetails?organizationId=676f7916c7346611d3013e27\",\"status\":\"400\",\"responseTime\":\"268.800\"}","timestamp":"2024-12-28T04:10:12.760Z"}
{"level":"\u001b[32minfo\u001b[39m","message":"{\"method\":\"POST\",\"url\":\"/api/subscription/create-checkout-session\",\"status\":\"200\",\"responseTime\":\"1036.195\"}","timestamp":"2024-12-28T04:10:16.891Z"}
{"level":"\u001b[32minfo\u001b[39m","message":"{\"method\":\"POST\",\"url\":\"/api/subscription/webhook\",\"status\":\"200\",\"responseTime\":\"87.603\"}","timestamp":"2024-12-28T04:10:42.050Z"}
{"level":"\u001b[32minfo\u001b[39m","message":"{\"method\":\"POST\",\"url\":\"/api/subscription/webhook\",\"status\":\"200\",\"responseTime\":\"4.667\"}","timestamp":"2024-12-28T04:10:42.549Z"}
{"level":"\u001b[32minfo\u001b[39m","message":"{\"method\":\"POST\",\"url\":\"/api/subscription/webhook\",\"status\":\"200\",\"responseTime\":\"5.230\"}","timestamp":"2024-12-28T04:10:42.558Z"}
{"level":"\u001b[32minfo\u001b[39m","message":"{\"method\":\"POST\",\"url\":\"/api/subscription/webhook\",\"status\":\"200\",\"responseTime\":\"59.283\"}","timestamp":"2024-12-28T04:10:42.778Z"}
{"level":"\u001b[32minfo\u001b[39m","message":"{\"method\":\"GET\",\"url\":\"/api/subscription//get-subcriptionDetails?organizationId=676f7916c7346611d3013e27\",\"status\":\"200\",\"responseTime\":\"589.599\"}","timestamp":"2024-12-28T04:10:49.713Z"}
{"level":"\u001b[32minfo\u001b[39m","message":"{\"method\":\"GET\",\"url\":\"/api/subscription//get-subcriptionDetails?organizationId=676f7916c7346611d3013e27\",\"status\":\"200\",\"responseTime\":\"887.980\"}","timestamp":"2024-12-28T04:19:09.292Z"}
{"level":"\u001b[32minfo\u001b[39m","message":"{\"method\":\"POST\",\"url\":\"/api/subscription/webhook\",\"status\":\"200\",\"responseTime\":\"14.255\"}","timestamp":"2024-12-28T04:24:36.183Z"}
{"level":"\u001b[32minfo\u001b[39m","message":"{\"method\":\"POST\",\"url\":\"/api/subscription/webhook\",\"status\":\"200\",\"responseTime\":\"4.293\"}","timestamp":"2024-12-28T04:24:53.222Z"}
{"level":"\u001b[32minfo\u001b[39m","message":"{\"method\":\"GET\",\"url\":\"/api/subscription//get-subcriptionDetails?organizationId=676f7916c7346611d3013e27\",\"status\":\"304\",\"responseTime\":\"835.164\"}","timestamp":"2024-12-28T04:29:20.414Z"}
{"level":"\u001b[32minfo\u001b[39m","message":"{\"method\":\"GET\",\"url\":\"/api/subscription//get-subcriptionDetails?organizationId=676f7916c7346611d3013e27\",\"status\":\"304\",\"responseTime\":\"807.086\"}","timestamp":"2024-12-28T04:30:57.373Z"}
{"level":"\u001b[32minfo\u001b[39m","message":"{\"method\":\"GET\",\"url\":\"/api/subscription//get-subcriptionDetails?organizationId=676f7916c7346611d3013e27\",\"status\":\"304\",\"responseTime\":\"542.448\"}","timestamp":"2024-12-28T04:31:59.784Z"}
{"level":"\u001b[32minfo\u001b[39m","message":"{\"method\":\"POST\",\"url\":\"/api/customer-portal-session\",\"status\":\"404\",\"responseTime\":\"16.536\"}","timestamp":"2024-12-28T04:32:02.850Z"}
{"level":"\u001b[32minfo\u001b[39m","message":"{\"method\":\"GET\",\"url\":\"/api/subscription/get-subcriptionDetails?organizationId=676f7916c7346611d3013e27\",\"status\":\"200\",\"responseTime\":\"530.597\"}","timestamp":"2024-12-28T04:32:49.352Z"}
{"level":"\u001b[32minfo\u001b[39m","message":"{\"method\":\"GET\",\"url\":\"/api/subscription/get-subcriptionDetails?organizationId=676f7916c7346611d3013e27\",\"status\":\"304\",\"responseTime\":\"586.135\"}","timestamp":"2024-12-28T04:33:01.153Z"}
{"level":"\u001b[32minfo\u001b[39m","message":"{\"method\":\"GET\",\"url\":\"/api/subscription/get-subcriptionDetails?organizationId=676f7916c7346611d3013e27\",\"status\":\"304\",\"responseTime\":\"532.842\"}","timestamp":"2024-12-28T04:33:09.362Z"}
{"level":"\u001b[32minfo\u001b[39m","message":"{\"method\":\"POST\",\"url\":\"/api/subscription/customer-portal-session\",\"status\":\"500\",\"responseTime\":\"355.667\"}","timestamp":"2024-12-28T04:33:11.634Z"}
{"level":"\u001b[32minfo\u001b[39m","message":"{\"method\":\"GET\",\"url\":\"/api/subscription/get-subcriptionDetails?organizationId=676f7916c7346611d3013e27\",\"status\":\"304\",\"responseTime\":\"868.168\"}","timestamp":"2024-12-28T04:35:35.414Z"}
{"level":"\u001b[32minfo\u001b[39m","message":"{\"method\":\"GET\",\"url\":\"/api/subscription/get-subcriptionDetails?organizationId=676f7916c7346611d3013e27\",\"status\":\"304\",\"responseTime\":\"645.896\"}","timestamp":"2024-12-28T04:35:39.913Z"}
{"level":"\u001b[32minfo\u001b[39m","message":"{\"method\":\"POST\",\"url\":\"/api/subscription/customer-portal-session\",\"status\":\"500\",\"responseTime\":\"744.335\"}","timestamp":"2024-12-28T04:35:48.740Z"}
{"level":"\u001b[32minfo\u001b[39m","message":"{\"method\":\"GET\",\"url\":\"/api/subscription/get-subcriptionDetails?organizationId=676f7916c7346611d3013e27\",\"status\":\"304\",\"responseTime\":\"755.755\"}","timestamp":"2024-12-28T04:37:07.333Z"}
{"level":"\u001b[32minfo\u001b[39m","message":"{\"method\":\"POST\",\"url\":\"/api/subscription/customer-portal-session\",\"status\":\"200\",\"responseTime\":\"1128.958\"}","timestamp":"2024-12-28T04:45:26.097Z"}
{"level":"\u001b[32minfo\u001b[39m","message":"{\"method\":\"POST\",\"url\":\"/api/subscription/webhook\",\"status\":\"200\",\"responseTime\":\"7.605\"}","timestamp":"2024-12-28T04:46:29.676Z"}
{"level":"\u001b[32minfo\u001b[39m","message":"{\"method\":\"POST\",\"url\":\"/api/subscription/webhook\",\"status\":\"200\",\"responseTime\":\"310.005\"}","timestamp":"2024-12-28T04:46:30.251Z"}
{"level":"\u001b[32minfo\u001b[39m","message":"{\"method\":\"GET\",\"url\":\"/api/subscription/get-subcriptionDetails?organizationId=676f7916c7346611d3013e27\",\"status\":\"200\",\"responseTime\":\"724.688\"}","timestamp":"2024-12-28T04:46:45.515Z"}
{"level":"\u001b[32minfo\u001b[39m","message":"{\"method\":\"GET\",\"url\":\"/api/subscription/get-subcriptionDetails?organizationId=676f7916c7346611d3013e27\",\"status\":\"304\",\"responseTime\":\"470.498\"}","timestamp":"2024-12-28T04:46:54.263Z"}
{"level":"\u001b[32minfo\u001b[39m","message":"{\"method\":\"POST\",\"url\":\"/api/subscription/customer-portal-session\",\"status\":\"200\",\"responseTime\":\"389.621\"}","timestamp":"2024-12-28T04:46:57.106Z"}
{"level":"\u001b[32minfo\u001b[39m","message":"{\"method\":\"POST\",\"url\":\"/api/subscription/webhook\",\"status\":\"200\",\"responseTime\":\"4.705\"}","timestamp":"2024-12-28T04:47:10.641Z"}
{"level":"\u001b[32minfo\u001b[39m","message":"{\"method\":\"POST\",\"url\":\"/api/subscription/webhook\",\"status\":\"200\",\"responseTime\":\"3.670\"}","timestamp":"2024-12-28T04:47:25.080Z"}
{"level":"\u001b[32minfo\u001b[39m","message":"{\"method\":\"GET\",\"url\":\"/api/subscription/get-subcriptionDetails?organizationId=676f7916c7346611d3013e27\",\"status\":\"200\",\"responseTime\":\"458.102\"}","timestamp":"2024-12-28T04:47:40.029Z"}
{"level":"\u001b[32minfo\u001b[39m","message":"{\"method\":\"POST\",\"url\":\"/api/subscription/customer-portal-session\",\"status\":\"200\",\"responseTime\":\"391.755\"}","timestamp":"2024-12-28T04:48:51.728Z"}
{"level":"\u001b[32minfo\u001b[39m","message":"{\"method\":\"POST\",\"url\":\"/api/subscription/webhook\",\"status\":\"200\",\"responseTime\":\"8.840\"}","timestamp":"2024-12-28T04:49:27.470Z"}
{"level":"\u001b[32minfo\u001b[39m","message":"{\"method\":\"POST\",\"url\":\"/api/subscription/webhook\",\"status\":\"200\",\"responseTime\":\"304.644\"}","timestamp":"2024-12-28T04:49:27.999Z"}
{"level":"\u001b[32minfo\u001b[39m","message":"{\"method\":\"GET\",\"url\":\"/api/subscription/get-subcriptionDetails?organizationId=676f7916c7346611d3013e27\",\"status\":\"200\",\"responseTime\":\"477.767\"}","timestamp":"2024-12-28T04:49:48.048Z"}
{"level":"\u001b[32minfo\u001b[39m","message":"{\"method\":\"POST\",\"url\":\"/api/subscription/webhook\",\"status\":\"200\",\"responseTime\":\"10.786\"}","timestamp":"2024-12-28T05:02:31.659Z"}
{"level":"\u001b[32minfo\u001b[39m","message":"{\"method\":\"GET\",\"url\":\"/api/subscription/get-subcriptionDetails?organizationId=676f7916c7346611d3013e27\",\"status\":\"401\",\"responseTime\":\"6.604\"}","timestamp":"2024-12-28T05:04:33.593Z"}
{"level":"\u001b[32minfo\u001b[39m","message":"{\"method\":\"GET\",\"url\":\"/api/subscription/get-subcriptionDetails?organizationId=676f7916c7346611d3013e27\",\"status\":\"304\",\"responseTime\":\"898.447\"}","timestamp":"2024-12-28T05:04:34.592Z"}
{"level":"\u001b[32minfo\u001b[39m","message":"{\"method\":\"GET\",\"url\":\"/api/subscription/get-subcriptionDetails?organizationId=676f7916c7346611d3013e27\",\"status\":\"304\",\"responseTime\":\"476.732\"}","timestamp":"2024-12-28T05:04:39.019Z"}
{"level":"\u001b[32minfo\u001b[39m","message":"{\"method\":\"POST\",\"url\":\"/api/subscription/payment-history\",\"status\":\"400\",\"responseTime\":\"40.410\"}","timestamp":"2024-12-28T05:11:59.603Z"}
{"level":"\u001b[32minfo\u001b[39m","message":"{\"method\":\"POST\",\"url\":\"/api/subscription/payment-history\",\"status\":\"400\",\"responseTime\":\"6.768\"}","timestamp":"2024-12-28T05:12:00.557Z"}
{"level":"\u001b[32minfo\u001b[39m","message":"{\"method\":\"POST\",\"url\":\"/api/subscription/payment-history\",\"status\":\"200\",\"responseTime\":\"1444.064\"}","timestamp":"2024-12-28T05:12:02.993Z"}
{"level":"\u001b[32minfo\u001b[39m","message":"{\"method\":\"GET\",\"url\":\"/api/subscription/get-subcriptionDetails?organizationId=676f7916c7346611d3013e27\",\"status\":\"304\",\"responseTime\":\"692.140\"}","timestamp":"2024-12-28T05:12:18.052Z"}
{"level":"\u001b[32minfo\u001b[39m","message":"{\"method\":\"POST\",\"url\":\"/api/subscription/payment-history\",\"status\":\"200\",\"responseTime\":\"981.490\"}","timestamp":"2024-12-28T05:12:19.210Z"}
{"level":"\u001b[32minfo\u001b[39m","message":"{\"method\":\"GET\",\"url\":\"/api/subscription/get-subcriptionDetails?organizationId=676f7916c7346611d3013e27\",\"status\":\"304\",\"responseTime\":\"921.300\"}","timestamp":"2024-12-28T05:13:57.682Z"}
{"level":"\u001b[32minfo\u001b[39m","message":"{\"method\":\"POST\",\"url\":\"/api/subscription/payment-history\",\"status\":\"200\",\"responseTime\":\"931.079\"}","timestamp":"2024-12-28T05:13:58.711Z"}
{"level":"\u001b[32minfo\u001b[39m","message":"{\"method\":\"GET\",\"url\":\"/api/subscription/get-subcriptionDetails?organizationId=676f7916c7346611d3013e27\",\"status\":\"304\",\"responseTime\":\"847.190\"}","timestamp":"2024-12-28T05:14:46.968Z"}
{"level":"\u001b[32minfo\u001b[39m","message":"{\"method\":\"POST\",\"url\":\"/api/subscription/payment-history\",\"status\":\"200\",\"responseTime\":\"1023.485\"}","timestamp":"2024-12-28T05:14:48.076Z"}
{"level":"\u001b[32minfo\u001b[39m","message":"{\"method\":\"POST\",\"url\":\"/api/subscription/payment-history\",\"status\":\"200\",\"responseTime\":\"1305.448\"}","timestamp":"2024-12-28T05:18:40.626Z"}
{"level":"\u001b[32minfo\u001b[39m","message":"{\"method\":\"GET\",\"url\":\"/api/subscription/get-subcriptionDetails?organizationId=676f7916c7346611d3013e27\",\"status\":\"304\",\"responseTime\":\"752.671\"}","timestamp":"2024-12-28T05:20:31.328Z"}
{"level":"\u001b[32minfo\u001b[39m","message":"{\"method\":\"GET\",\"url\":\"/api/subscription/get-subcriptionDetails?organizationId=676f7916c7346611d3013e27\",\"status\":\"304\",\"responseTime\":\"877.599\"}","timestamp":"2024-12-28T05:21:11.022Z"}
{"level":"\u001b[32minfo\u001b[39m","message":"{\"method\":\"GET\",\"url\":\"/api/subscription/get-subcriptionDetails?organizationId=676f7916c7346611d3013e27\",\"status\":\"304\",\"responseTime\":\"1326.902\"}","timestamp":"2024-12-28T05:22:27.176Z"}
{"level":"\u001b[32minfo\u001b[39m","message":"{\"method\":\"GET\",\"url\":\"/api/subscription/get-subcriptionDetails?organizationId=676f7916c7346611d3013e27\",\"status\":\"200\",\"responseTime\":\"866.481\"}","timestamp":"2024-12-28T05:23:46.269Z"}
{"level":"\u001b[32minfo\u001b[39m","message":"{\"method\":\"GET\",\"url\":\"/api/subscription/get-subcriptionDetails?organizationId=676f7916c7346611d3013e27\",\"status\":\"304\",\"responseTime\":\"547.049\"}","timestamp":"2024-12-28T05:24:05.225Z"}
{"level":"\u001b[32minfo\u001b[39m","message":"{\"method\":\"GET\",\"url\":\"/api/subscription/get-subcriptionDetails?organizationId=676f7916c7346611d3013e27\",\"status\":\"304\",\"responseTime\":\"721.723\"}","timestamp":"2024-12-28T05:27:12.306Z"}
{"level":"\u001b[32minfo\u001b[39m","message":"{\"method\":\"GET\",\"url\":\"/api/subscription/payment-history?customerId=cus_RTp0dpZquFZvPA\",\"status\":\"200\",\"responseTime\":\"1296.486\"}","timestamp":"2024-12-28T05:27:12.869Z"}
{"level":"\u001b[32minfo\u001b[39m","message":"{\"method\":\"GET\",\"url\":\"/api/subscription/payment-history?customerId=cus_RTp0dpZquFZvPA\",\"status\":\"200\",\"responseTime\":\"982.445\"}","timestamp":"2024-12-28T05:27:13.863Z"}
{"level":"\u001b[32minfo\u001b[39m","message":"{\"method\":\"GET\",\"url\":\"/api/subscription/get-subcriptionDetails?organizationId=676f7916c7346611d3013e27\",\"status\":\"304\",\"responseTime\":\"532.462\"}","timestamp":"2024-12-28T05:27:26.098Z"}
{"level":"\u001b[32minfo\u001b[39m","message":"{\"method\":\"GET\",\"url\":\"/api/subscription/payment-history?customerId=cus_RTp0dpZquFZvPA\",\"status\":\"200\",\"responseTime\":\"947.011\"}","timestamp":"2024-12-28T05:27:26.506Z"}
{"level":"\u001b[32minfo\u001b[39m","message":"{\"method\":\"GET\",\"url\":\"/api/subscription/payment-history?customerId=cus_RTp0dpZquFZvPA\",\"status\":\"200\",\"responseTime\":\"888.343\"}","timestamp":"2024-12-28T05:27:27.404Z"}
{"level":"\u001b[32minfo\u001b[39m","message":"{\"method\":\"GET\",\"url\":\"/api/subscription/payment-history?customerId=cus_RTp0dpZquFZvPA\",\"status\":\"200\",\"responseTime\":\"1335.328\"}","timestamp":"2024-12-28T05:30:19.892Z"}
{"level":"\u001b[32minfo\u001b[39m","message":"{\"method\":\"GET\",\"url\":\"/api/subscription/payment-history?customerId=cus_RTp0dpZquFZvPA\",\"status\":\"200\",\"responseTime\":\"994.146\"}","timestamp":"2024-12-28T05:30:46.547Z"}
{"level":"\u001b[32minfo\u001b[39m","message":"{\"method\":\"POST\",\"url\":\"/api/subscription/webhook\",\"status\":\"200\",\"responseTime\":\"5.959\"}","timestamp":"2024-12-28T05:31:10.436Z"}
{"level":"\u001b[32minfo\u001b[39m","message":"{\"method\":\"GET\",\"url\":\"/api/subscription/get-subcriptionDetails?organizationId=676f7916c7346611d3013e27\",\"status\":\"304\",\"responseTime\":\"745.838\"}","timestamp":"2024-12-28T05:31:22.302Z"}
{"level":"\u001b[32minfo\u001b[39m","message":"{\"method\":\"GET\",\"url\":\"/api/subscription/payment-history?customerId=cus_RTp0dpZquFZvPA\",\"status\":\"200\",\"responseTime\":\"895.801\"}","timestamp":"2024-12-28T05:31:22.448Z"}
{"level":"\u001b[32minfo\u001b[39m","message":"{\"method\":\"GET\",\"url\":\"/api/subscription/payment-history?customerId=cus_RTp0dpZquFZvPA\",\"status\":\"200\",\"responseTime\":\"1000.757\"}","timestamp":"2024-12-28T05:31:23.461Z"}
{"level":"\u001b[32minfo\u001b[39m","message":"{\"method\":\"GET\",\"url\":\"/api/subscription/payment-history?customerId=cus_RTp0dpZquFZvPA\",\"status\":\"200\",\"responseTime\":\"873.229\"}","timestamp":"2024-12-28T05:31:53.412Z"}
{"level":"\u001b[32minfo\u001b[39m","message":"{\"method\":\"GET\",\"url\":\"/api/subscription/payment-history?customerId=cus_RTp0dpZquFZvPA\",\"status\":\"200\",\"responseTime\":\"990.359\"}","timestamp":"2024-12-28T05:31:59.526Z"}
{"level":"\u001b[32minfo\u001b[39m","message":"{\"method\":\"GET\",\"url\":\"/api/subscription/payment-history?customerId=cus_RTp0dpZquFZvPA\",\"status\":\"200\",\"responseTime\":\"934.241\"}","timestamp":"2024-12-28T05:32:09.469Z"}
{"level":"\u001b[32minfo\u001b[39m","message":"{\"method\":\"GET\",\"url\":\"/api/subscription/payment-history?customerId=cus_RTp0dpZquFZvPA\",\"status\":\"200\",\"responseTime\":\"1038.663\"}","timestamp":"2024-12-28T05:32:12.584Z"}
{"level":"\u001b[32minfo\u001b[39m","message":"{\"method\":\"GET\",\"url\":\"/api/subscription/payment-history?customerId=cus_RTp0dpZquFZvPA\",\"status\":\"200\",\"responseTime\":\"890.688\"}","timestamp":"2024-12-28T05:32:17.436Z"}
{"level":"\u001b[32minfo\u001b[39m","message":"{\"method\":\"GET\",\"url\":\"/api/subscription/payment-history?customerId=cus_RTp0dpZquFZvPA\",\"status\":\"200\",\"responseTime\":\"1044.005\"}","timestamp":"2024-12-28T05:32:25.588Z"}
{"level":"\u001b[32minfo\u001b[39m","message":"{\"method\":\"GET\",\"url\":\"/api/subscription/payment-history?customerId=cus_RTp0dpZquFZvPA\",\"status\":\"200\",\"responseTime\":\"900.347\"}","timestamp":"2024-12-28T05:32:30.432Z"}
{"level":"\u001b[32minfo\u001b[39m","message":"{\"method\":\"GET\",\"url\":\"/api/subscription/payment-history?customerId=cus_RTp0dpZquFZvPA\",\"status\":\"200\",\"responseTime\":\"1326.064\"}","timestamp":"2024-12-28T05:35:08.953Z"}
{"level":"\u001b[32minfo\u001b[39m","message":"{\"method\":\"GET\",\"url\":\"/api/subscription/get-subcriptionDetails?organizationId=676f7916c7346611d3013e27\",\"status\":\"304\",\"responseTime\":\"514.787\"}","timestamp":"2024-12-28T05:35:12.647Z"}
{"level":"\u001b[32minfo\u001b[39m","message":"{\"method\":\"GET\",\"url\":\"/api/subscription/payment-history?customerId=cus_RTp0dpZquFZvPA\",\"status\":\"200\",\"responseTime\":\"899.027\"}","timestamp":"2024-12-28T05:35:13.748Z"}
{"level":"\u001b[32minfo\u001b[39m","message":"{\"method\":\"GET\",\"url\":\"/api/subscription/get-subcriptionDetails?organizationId=676f7916c7346611d3013e27\",\"status\":\"304\",\"responseTime\":\"973.549\"}","timestamp":"2024-12-28T05:44:03.041Z"}
{"level":"\u001b[32minfo\u001b[39m","message":"{\"method\":\"GET\",\"url\":\"/api/subscription/payment-history?customerId=cus_RTp0dpZquFZvPA\",\"status\":\"200\",\"responseTime\":\"1059.031\"}","timestamp":"2024-12-28T05:44:04.210Z"}
{"level":"\u001b[32minfo\u001b[39m","message":"{\"method\":\"GET\",\"url\":\"/api/subscription/payment-history?customerId=cus_RTp0dpZquFZvPA\",\"status\":\"200\",\"responseTime\":\"963.375\"}","timestamp":"2024-12-28T05:44:52.506Z"}
{"level":"\u001b[32minfo\u001b[39m","message":"{\"method\":\"GET\",\"url\":\"/api/subscription/payment-history?customerId=cus_RTp0dpZquFZvPA\",\"status\":\"200\",\"responseTime\":\"941.028\"}","timestamp":"2024-12-28T05:44:55.489Z"}
{"level":"\u001b[32minfo\u001b[39m","message":"{\"method\":\"GET\",\"url\":\"/api/subscription/payment-history?customerId=cus_RTp0dpZquFZvPA\",\"status\":\"200\",\"responseTime\":\"959.562\"}","timestamp":"2024-12-28T05:45:13.436Z"}
{"level":"\u001b[32minfo\u001b[39m","message":"{\"method\":\"GET\",\"url\":\"/api/subscription/payment-history?customerId=cus_RTp0dpZquFZvPA\",\"status\":\"200\",\"responseTime\":\"1116.450\"}","timestamp":"2024-12-28T05:45:45.657Z"}
{"level":"\u001b[32minfo\u001b[39m","message":"{\"method\":\"GET\",\"url\":\"/api/subscription/payment-history?customerId=cus_RTp0dpZquFZvPA\",\"status\":\"200\",\"responseTime\":\"964.640\"}","timestamp":"2024-12-28T05:45:48.516Z"}
{"level":"\u001b[32minfo\u001b[39m","message":"{\"method\":\"GET\",\"url\":\"/api/subscription/payment-history?customerId=cus_RTp0dpZquFZvPA\",\"status\":\"200\",\"responseTime\":\"1697.000\"}","timestamp":"2024-12-28T05:48:08.266Z"}
{"level":"\u001b[32minfo\u001b[39m","message":"{\"method\":\"GET\",\"url\":\"/api/subscription/get-subcriptionDetails?organizationId=676f7916c7346611d3013e27\",\"status\":\"304\",\"responseTime\":\"537.046\"}","timestamp":"2024-12-28T05:48:14.036Z"}
{"level":"\u001b[32minfo\u001b[39m","message":"{\"method\":\"GET\",\"url\":\"/api/subscription/payment-history?customerId=cus_RTp0dpZquFZvPA\",\"status\":\"200\",\"responseTime\":\"953.239\"}","timestamp":"2024-12-28T05:48:15.031Z"}
{"level":"\u001b[32minfo\u001b[39m","message":"{\"method\":\"GET\",\"url\":\"/api/subscription/payment-history?customerId=cus_RTp0dpZquFZvPA\",\"status\":\"200\",\"responseTime\":\"1023.076\"}","timestamp":"2024-12-28T05:48:25.221Z"}
{"level":"\u001b[32minfo\u001b[39m","message":"{\"method\":\"GET\",\"url\":\"/api/subscription/get-subcriptionDetails?organizationId=676f7916c7346611d3013e27\",\"status\":\"304\",\"responseTime\":\"675.782\"}","timestamp":"2024-12-28T05:49:41.246Z"}
{"level":"\u001b[32minfo\u001b[39m","message":"{\"method\":\"GET\",\"url\":\"/api/subscription/payment-history?customerId=cus_RTp0dpZquFZvPA\",\"status\":\"200\",\"responseTime\":\"1336.736\"}","timestamp":"2024-12-28T05:49:41.895Z"}
{"level":"\u001b[32minfo\u001b[39m","message":"{\"method\":\"GET\",\"url\":\"/api/subscription/get-subcriptionDetails?organizationId=676f7916c7346611d3013e27\",\"status\":\"400\",\"responseTime\":\"109.110\"}","timestamp":"2024-12-28T05:51:09.142Z"}
{"level":"\u001b[32minfo\u001b[39m","message":"{\"method\":\"GET\",\"url\":\"/api/subscription/get-subcriptionDetails?organizationId=676f7916c7346611d3013e27\",\"status\":\"400\",\"responseTime\":\"128.296\"}","timestamp":"2024-12-28T05:51:20.253Z"}
{"level":"\u001b[32minfo\u001b[39m","message":"{\"method\":\"POST\",\"url\":\"/api/subscription/create-checkout-session\",\"status\":\"200\",\"responseTime\":\"1287.475\"}","timestamp":"2024-12-28T05:51:33.103Z"}
{"level":"\u001b[32minfo\u001b[39m","message":"{\"method\":\"POST\",\"url\":\"/api/subscription/webhook\",\"status\":\"200\",\"responseTime\":\"4.479\"}","timestamp":"2024-12-28T05:52:03.118Z"}
{"level":"\u001b[32minfo\u001b[39m","message":"{\"method\":\"POST\",\"url\":\"/api/subscription/webhook\",\"status\":\"200\",\"responseTime\":\"4.563\"}","timestamp":"2024-12-28T05:52:03.212Z"}
{"level":"\u001b[32minfo\u001b[39m","message":"{\"method\":\"POST\",\"url\":\"/api/subscription/webhook\",\"status\":\"200\",\"responseTime\":\"85.292\"}","timestamp":"2024-12-28T05:52:03.340Z"}
{"level":"\u001b[32minfo\u001b[39m","message":"{\"method\":\"POST\",\"url\":\"/api/subscription/webhook\",\"status\":\"200\",\"responseTime\":\"67.367\"}","timestamp":"2024-12-28T05:52:04.050Z"}
{"level":"\u001b[32minfo\u001b[39m","message":"{\"method\":\"GET\",\"url\":\"/api/subscription/get-subcriptionDetails?organizationId=676f7916c7346611d3013e27\",\"status\":\"200\",\"responseTime\":\"633.184\"}","timestamp":"2024-12-28T05:52:11.030Z"}
{"level":"\u001b[32minfo\u001b[39m","message":"{\"method\":\"GET\",\"url\":\"/api/subscription/get-subcriptionDetails?organizationId=676f7916c7346611d3013e27\",\"status\":\"200\",\"responseTime\":\"1081.978\"}","timestamp":"2024-12-28T05:52:20.504Z"}
{"level":"\u001b[32minfo\u001b[39m","message":"{\"method\":\"GET\",\"url\":\"/api/subscription/payment-history?customerId=cus_RTqdPooo7WcFAl\",\"status\":\"200\",\"responseTime\":\"865.512\"}","timestamp":"2024-12-28T05:52:21.397Z"}
{"level":"\u001b[32minfo\u001b[39m","message":"{\"method\":\"GET\",\"url\":\"/api/subscription/payment-history?customerId=cus_RTqdPooo7WcFAl\",\"status\":\"200\",\"responseTime\":\"1471.813\"}","timestamp":"2024-12-28T05:56:21.121Z"}
{"level":"\u001b[32minfo\u001b[39m","message":"{\"method\":\"GET\",\"url\":\"/api/subscription/payment-history?customerId=cus_RTqdPooo7WcFAl\",\"status\":\"200\",\"responseTime\":\"875.119\"}","timestamp":"2024-12-28T05:56:28.430Z"}
{"level":"\u001b[32minfo\u001b[39m","message":"{\"method\":\"GET\",\"url\":\"/api/subscription/payment-history?customerId=cus_RTqdPooo7WcFAl\",\"status\":\"200\",\"responseTime\":\"909.022\"}","timestamp":"2024-12-28T05:57:31.925Z"}
{"level":"\u001b[32minfo\u001b[39m","message":"{\"method\":\"GET\",\"url\":\"/api/subscription/payment-history?customerId=cus_RTqdPooo7WcFAl\",\"status\":\"200\",\"responseTime\":\"839.861\"}","timestamp":"2024-12-28T05:57:35.297Z"}
{"level":"\u001b[32minfo\u001b[39m","message":"{\"method\":\"GET\",\"url\":\"/api/subscription/payment-history?customerId=cus_RTqdPooo7WcFAl\",\"status\":\"200\",\"responseTime\":\"1838.098\"}","timestamp":"2024-12-28T05:57:37.667Z"}
{"level":"\u001b[32minfo\u001b[39m","message":"{\"method\":\"GET\",\"url\":\"/api/subscription/payment-history?customerId=cus_RTqdPooo7WcFAl\",\"status\":\"200\",\"responseTime\":\"785.475\"}","timestamp":"2024-12-28T05:57:39.738Z"}
{"level":"\u001b[32minfo\u001b[39m","message":"{\"method\":\"GET\",\"url\":\"/api/subscription/payment-history?customerId=cus_RTqdPooo7WcFAl\",\"status\":\"200\",\"responseTime\":\"834.212\"}","timestamp":"2024-12-28T05:57:44.205Z"}
{"level":"\u001b[32minfo\u001b[39m","message":"{\"method\":\"GET\",\"url\":\"/api/subscription/payment-history?customerId=cus_RTqdPooo7WcFAl\",\"status\":\"200\",\"responseTime\":\"1848.501\"}","timestamp":"2024-12-28T05:57:56.911Z"}
{"level":"\u001b[32minfo\u001b[39m","message":"{\"method\":\"POST\",\"url\":\"/api/subscription/webhook\",\"status\":\"200\",\"responseTime\":\"5.514\"}","timestamp":"2024-12-28T05:59:49.760Z"}
{"level":"\u001b[32minfo\u001b[39m","message":"{\"method\":\"GET\",\"url\":\"/api/subscription/payment-history?customerId=cus_RTqdPooo7WcFAl\",\"status\":\"200\",\"responseTime\":\"1566.949\"}","timestamp":"2024-12-28T06:00:06.161Z"}
{"level":"\u001b[32minfo\u001b[39m","message":"{\"method\":\"GET\",\"url\":\"/api/subscription/payment-history?customerId=cus_RTqdPooo7WcFAl\",\"status\":\"200\",\"responseTime\":\"1341.960\"}","timestamp":"2024-12-28T06:00:07.895Z"}
{"level":"\u001b[32minfo\u001b[39m","message":"{\"method\":\"GET\",\"url\":\"/api/subscription/payment-history?customerId=cus_RTqdPooo7WcFAl\",\"status\":\"200\",\"responseTime\":\"892.880\"}","timestamp":"2024-12-28T06:00:27.440Z"}
{"level":"\u001b[32minfo\u001b[39m","message":"{\"method\":\"POST\",\"url\":\"/api/subscription/webhook\",\"status\":\"200\",\"responseTime\":\"5.116\"}","timestamp":"2024-12-28T06:00:38.403Z"}
{"level":"\u001b[32minfo\u001b[39m","message":"{\"method\":\"GET\",\"url\":\"/api/subscription/payment-history?customerId=cus_RTqdPooo7WcFAl\",\"status\":\"200\",\"responseTime\":\"859.957\"}","timestamp":"2024-12-28T06:01:16.410Z"}
{"level":"\u001b[32minfo\u001b[39m","message":"{\"method\":\"GET\",\"url\":\"/api/subscription/payment-history?customerId=cus_RTqdPooo7WcFAl\",\"status\":\"200\",\"responseTime\":\"1046.487\"}","timestamp":"2024-12-28T06:03:03.885Z"}
{"level":"\u001b[32minfo\u001b[39m","message":"{\"method\":\"GET\",\"url\":\"/api/subscription/payment-history?customerId=cus_RTqdPooo7WcFAl\",\"status\":\"200\",\"responseTime\":\"912.383\"}","timestamp":"2024-12-28T06:03:08.523Z"}
{"level":"\u001b[32minfo\u001b[39m","message":"{\"method\":\"POST\",\"url\":\"/api/subscription/webhook\",\"status\":\"200\",\"responseTime\":\"4.999\"}","timestamp":"2024-12-28T06:05:14.371Z"}
{"level":"\u001b[32minfo\u001b[39m","message":"{\"method\":\"GET\",\"url\":\"/api/subscription/payment-history?customerId=cus_RTqdPooo7WcFAl\",\"status\":\"401\",\"responseTime\":\"1.425\"}","timestamp":"2024-12-28T06:08:33.537Z"}
{"level":"\u001b[32minfo\u001b[39m","message":"{\"method\":\"GET\",\"url\":\"/api/subscription/payment-history?customerId=cus_RTqdPooo7WcFAl\",\"status\":\"200\",\"responseTime\":\"1708.339\"}","timestamp":"2024-12-28T06:08:35.441Z"}
{"level":"\u001b[32minfo\u001b[39m","message":"{\"method\":\"GET\",\"url\":\"/api/subscription/payment-history?customerId=cus_RTqdPooo7WcFAl\",\"status\":\"200\",\"responseTime\":\"886.489\"}","timestamp":"2024-12-28T06:09:35.427Z"}
{"level":"\u001b[32minfo\u001b[39m","message":"{\"method\":\"GET\",\"url\":\"/api/subscription/payment-history?customerId=cus_RTqdPooo7WcFAl\",\"status\":\"200\",\"responseTime\":\"1055.317\"}","timestamp":"2024-12-28T06:09:56.616Z"}
{"level":"\u001b[32minfo\u001b[39m","message":"{\"method\":\"GET\",\"url\":\"/api/subscription/payment-history?customerId=cus_RTqdPooo7WcFAl\",\"status\":\"200\",\"responseTime\":\"891.438\"}","timestamp":"2024-12-28T06:10:14.440Z"}
{"level":"\u001b[32minfo\u001b[39m","message":"{\"method\":\"GET\",\"url\":\"/api/subscription/payment-history?customerId=cus_RTqdPooo7WcFAl\",\"status\":\"200\",\"responseTime\":\"886.727\"}","timestamp":"2024-12-28T06:10:18.431Z"}
{"level":"\u001b[32minfo\u001b[39m","message":"{\"method\":\"GET\",\"url\":\"/api/subscription/get-subcriptionDetails?organizationId=676f7916c7346611d3013e27\",\"status\":\"304\",\"responseTime\":\"1483.120\"}","timestamp":"2024-12-28T06:15:05.666Z"}
{"level":"\u001b[32minfo\u001b[39m","message":"{\"method\":\"GET\",\"url\":\"/api/subscription/payment-history?customerId=cus_RTqdPooo7WcFAl\",\"status\":\"200\",\"responseTime\":\"886.672\"}","timestamp":"2024-12-28T06:15:06.598Z"}
{"level":"\u001b[32minfo\u001b[39m","message":"{\"method\":\"GET\",\"url\":\"/api/subscription/get-subcriptionDetails?organizationId=676f7916c7346611d3013e27\",\"status\":\"304\",\"responseTime\":\"715.058\"}","timestamp":"2024-12-28T06:15:13.883Z"}
{"level":"\u001b[32minfo\u001b[39m","message":"{\"method\":\"GET\",\"url\":\"/api/subscription/payment-history?customerId=cus_RTqdPooo7WcFAl\",\"status\":\"200\",\"responseTime\":\"968.208\"}","timestamp":"2024-12-28T06:15:14.875Z"}
