{"level":"\u001b[32minfo\u001b[39m","message":"{\"method\":\"GET\",\"url\":\"/api/subscription/get-subcriptionDetails?organizationId=67701928c0c75432d25c0fd1\",\"status\":\"304\",\"responseTime\":\"1445.735\"}","timestamp":"2024-12-29T05:08:16.864Z"}
{"level":"\u001b[32minfo\u001b[39m","message":"{\"method\":\"GET\",\"url\":\"/api/subscription/payment-history?customerId=cus_RU01hSx3hkhZIb\",\"status\":\"200\",\"responseTime\":\"766.672\"}","timestamp":"2024-12-29T05:08:17.665Z"}
{"level":"\u001b[32minfo\u001b[39m","message":"{\"method\":\"GET\",\"url\":\"/api/subscription/get-subcriptionDetails?organizationId=67701928c0c75432d25c0fd1\",\"status\":\"304\",\"responseTime\":\"5190.849\"}","timestamp":"2024-12-29T16:06:31.653Z"}
{"level":"\u001b[32minfo\u001b[39m","message":"{\"method\":\"GET\",\"url\":\"/api/subscription/get-subcriptionDetails?organizationId=67701928c0c75432d25c0fd1\",\"status\":\"304\",\"responseTime\":\"2166.175\"}","timestamp":"2024-12-29T16:07:21.842Z"}
{"level":"\u001b[32minfo\u001b[39m","message":"{\"method\":\"GET\",\"url\":\"/api/subscription/payment-history?customerId=cus_RU01hSx3hkhZIb\",\"status\":\"200\",\"responseTime\":\"1216.437\"}","timestamp":"2024-12-29T16:07:23.096Z"}
{"level":"\u001b[32minfo\u001b[39m","message":"{\"method\":\"POST\",\"url\":\"/api/subscription/customer-portal-session\",\"status\":\"200\",\"responseTime\":\"591.587\"}","timestamp":"2024-12-29T16:07:25.819Z"}
{"level":"\u001b[32minfo\u001b[39m","message":"{\"method\":\"POST\",\"url\":\"/api/subscription/webhook\",\"status\":\"200\",\"responseTime\":\"92.872\"}","timestamp":"2024-12-29T16:07:45.940Z"}
{"level":"\u001b[32minfo\u001b[39m","message":"{\"method\":\"POST\",\"url\":\"/api/subscription/webhook\",\"status\":\"200\",\"responseTime\":\"287.412\"}","timestamp":"2024-12-29T16:07:46.463Z"}
{"level":"\u001b[32minfo\u001b[39m","message":"{\"method\":\"GET\",\"url\":\"/api/subscription/get-subcriptionDetails?organizationId=67701928c0c75432d25c0fd1\",\"status\":\"200\",\"responseTime\":\"686.894\"}","timestamp":"2024-12-29T16:07:53.881Z"}
{"level":"\u001b[32minfo\u001b[39m","message":"{\"method\":\"GET\",\"url\":\"/api/subscription/payment-history?customerId=cus_RU01hSx3hkhZIb\",\"status\":\"200\",\"responseTime\":\"1344.826\"}","timestamp":"2024-12-29T16:07:55.466Z"}
{"level":"\u001b[32minfo\u001b[39m","message":"{\"method\":\"GET\",\"url\":\"/api/subscription/get-subcriptionDetails?organizationId=677174469a2f3672ce8cf3cb\",\"status\":\"400\",\"responseTime\":\"207.809\"}","timestamp":"2024-12-29T16:13:35.853Z"}
{"level":"\u001b[32minfo\u001b[39m","message":"{\"method\":\"POST\",\"url\":\"/api/subscription/create-checkout-session\",\"status\":\"200\",\"responseTime\":\"1471.841\"}","timestamp":"2024-12-29T16:13:39.878Z"}
{"level":"\u001b[32minfo\u001b[39m","message":"{\"method\":\"POST\",\"url\":\"/api/subscription/webhook\",\"status\":\"200\",\"responseTime\":\"85.402\"}","timestamp":"2024-12-29T16:14:09.627Z"}
{"level":"\u001b[32minfo\u001b[39m","message":"{\"method\":\"POST\",\"url\":\"/api/subscription/webhook\",\"status\":\"200\",\"responseTime\":\"12.221\"}","timestamp":"2024-12-29T16:14:09.698Z"}
{"level":"\u001b[32minfo\u001b[39m","message":"{\"method\":\"POST\",\"url\":\"/api/subscription/webhook\",\"status\":\"200\",\"responseTime\":\"95.163\"}","timestamp":"2024-12-29T16:14:09.867Z"}
{"level":"\u001b[32minfo\u001b[39m","message":"{\"method\":\"POST\",\"url\":\"/api/subscription/webhook\",\"status\":\"200\",\"responseTime\":\"75.051\"}","timestamp":"2024-12-29T16:14:10.274Z"}
{"level":"\u001b[32minfo\u001b[39m","message":"{\"method\":\"GET\",\"url\":\"/api/subscription/get-subcriptionDetails?organizationId=677174469a2f3672ce8cf3cb\",\"status\":\"200\",\"responseTime\":\"891.589\"}","timestamp":"2024-12-29T16:14:16.659Z"}
{"level":"\u001b[32minfo\u001b[39m","message":"{\"method\":\"GET\",\"url\":\"/api/subscription/get-subcriptionDetails?organizationId=677174469a2f3672ce8cf3cb\",\"status\":\"200\",\"responseTime\":\"508.591\"}","timestamp":"2024-12-29T16:14:22.764Z"}
{"level":"\u001b[32minfo\u001b[39m","message":"{\"method\":\"GET\",\"url\":\"/api/subscription/payment-history?customerId=cus_RUNtioyFnjd6lZ\",\"status\":\"200\",\"responseTime\":\"797.084\"}","timestamp":"2024-12-29T16:14:23.587Z"}
{"level":"\u001b[32minfo\u001b[39m","message":"{\"method\":\"GET\",\"url\":\"/api/subscription/All-payment-history\",\"status\":\"200\",\"responseTime\":\"4267.208\"}","timestamp":"2024-12-29T16:18:29.967Z"}
