{"level":"\u001b[32minfo\u001b[39m","message":"{\"method\":\"POST\",\"url\":\"/api/subscription/subscribe\",\"status\":\"500\",\"responseTime\":\"1779.577\"}","timestamp":"2024-12-25T07:57:19.200Z"}
{"level":"\u001b[32minfo\u001b[39m","message":"{\"method\":\"POST\",\"url\":\"/api/subscription/subscribe\",\"status\":\"500\",\"responseTime\":\"873.287\"}","timestamp":"2024-12-25T07:57:34.882Z"}
{"level":"\u001b[32minfo\u001b[39m","message":"{\"method\":\"POST\",\"url\":\"/api/subscription/subscribe\",\"status\":\"500\",\"responseTime\":\"787.856\"}","timestamp":"2024-12-25T07:57:45.585Z"}
{"level":"\u001b[32minfo\u001b[39m","message":"{\"method\":\"GET\",\"url\":\"/api/subcription/get-subcriptionPlans?email=moideenshacp28%40gmail.com\",\"status\":\"404\",\"responseTime\":\"7.518\"}","timestamp":"2024-12-25T09:37:31.345Z"}
{"level":"\u001b[32minfo\u001b[39m","message":"{\"method\":\"GET\",\"url\":\"/api/subcription/get-subcriptionPlans?email=moideenshacp28%40gmail.com\",\"status\":\"404\",\"responseTime\":\"10.517\"}","timestamp":"2024-12-25T09:39:30.599Z"}
{"level":"\u001b[32minfo\u001b[39m","message":"{\"method\":\"GET\",\"url\":\"/api/subcription/get-subcriptionPlans?email=moideenshacp28%40gmail.com\",\"status\":\"404\",\"responseTime\":\"1.291\"}","timestamp":"2024-12-25T09:41:33.618Z"}
{"level":"\u001b[32minfo\u001b[39m","message":"{\"method\":\"GET\",\"url\":\"/api/subscription/get-subcriptionPlans?email=moideenshacp28%40gmail.com\",\"status\":\"200\",\"responseTime\":\"9.365\"}","timestamp":"2024-12-25T09:42:55.443Z"}
{"level":"\u001b[32minfo\u001b[39m","message":"{\"method\":\"GET\",\"url\":\"/api/subscription/get-subcriptionPlans?email=moideenshacp28%40gmail.com\",\"status\":\"304\",\"responseTime\":\"5.601\"}","timestamp":"2024-12-25T09:43:01.967Z"}
{"level":"\u001b[32minfo\u001b[39m","message":"{\"method\":\"GET\",\"url\":\"/api/subscription/get-subcriptionPlans?email=moideenshacp28%40gmail.com\",\"status\":\"304\",\"responseTime\":\"2.923\"}","timestamp":"2024-12-25T09:43:33.427Z"}
{"level":"\u001b[32minfo\u001b[39m","message":"{\"method\":\"GET\",\"url\":\"/api/subscription/get-subcriptionPlans?email=moideenshacp28%40gmail.com\",\"status\":\"304\",\"responseTime\":\"22.827\"}","timestamp":"2024-12-25T09:44:32.765Z"}
{"level":"\u001b[32minfo\u001b[39m","message":"{\"method\":\"GET\",\"url\":\"/api/subscription/get-subcriptionPlans?email=moideenshacp28%40gmail.com\",\"status\":\"200\",\"responseTime\":\"195.408\"}","timestamp":"2024-12-25T09:49:12.192Z"}
{"level":"\u001b[32minfo\u001b[39m","message":"{\"method\":\"GET\",\"url\":\"/api/subscription/get-subcriptionPlans?email=moideenshacp28%40gmail.com\",\"status\":\"304\",\"responseTime\":\"248.414\"}","timestamp":"2024-12-25T09:49:51.450Z"}
{"level":"\u001b[32minfo\u001b[39m","message":"{\"method\":\"GET\",\"url\":\"/api/subscription/get-subcriptionPlans?email=moideenshacp28%40gmail.com\",\"status\":\"304\",\"responseTime\":\"46.599\"}","timestamp":"2024-12-25T09:57:09.120Z"}
{"level":"\u001b[32minfo\u001b[39m","message":"{\"method\":\"GET\",\"url\":\"/api/subscription/get-subcriptionPlans?email=moideenshacp28%40gmail.com\",\"status\":\"304\",\"responseTime\":\"13.054\"}","timestamp":"2024-12-25T09:59:13.762Z"}
{"level":"\u001b[32minfo\u001b[39m","message":"{\"method\":\"GET\",\"url\":\"/api/subscription/get-subcriptionPlans?email=moideenshacp28%40gmail.com\",\"status\":\"304\",\"responseTime\":\"27.318\"}","timestamp":"2024-12-25T10:05:34.237Z"}
{"level":"\u001b[32minfo\u001b[39m","message":"{\"method\":\"GET\",\"url\":\"/api/subscription/get-subcriptionPlans?email=moideenshacp28%40gmail.com\",\"status\":\"304\",\"responseTime\":\"77.269\"}","timestamp":"2024-12-25T10:16:40.987Z"}
{"level":"\u001b[32minfo\u001b[39m","message":"{\"method\":\"GET\",\"url\":\"/api/subscription/get-subcriptionPlans?email=moideenshacp28%40gmail.com\",\"status\":\"304\",\"responseTime\":\"72.862\"}","timestamp":"2024-12-25T10:17:50.888Z"}
{"level":"\u001b[32minfo\u001b[39m","message":"{\"method\":\"GET\",\"url\":\"/api/subscription/get-subcriptionPlans?email=moideenshacp28%40gmail.com\",\"status\":\"304\",\"responseTime\":\"67.131\"}","timestamp":"2024-12-25T10:18:21.246Z"}
{"level":"\u001b[32minfo\u001b[39m","message":"{\"method\":\"GET\",\"url\":\"/api/subscription/get-subcriptionPlans?email=moideenshacp28%40gmail.com\",\"status\":\"304\",\"responseTime\":\"56.884\"}","timestamp":"2024-12-25T10:19:24.119Z"}
{"level":"\u001b[32minfo\u001b[39m","message":"{\"method\":\"GET\",\"url\":\"/api/subscription/get-subcriptionPlans?email=moideenshacp28%40gmail.com\",\"status\":\"304\",\"responseTime\":\"99.957\"}","timestamp":"2024-12-25T10:19:55.371Z"}
{"level":"\u001b[32minfo\u001b[39m","message":"{\"method\":\"GET\",\"url\":\"/api/subscription/get-subcriptionPlans?email=moideenshacp28%40gmail.com\",\"status\":\"304\",\"responseTime\":\"101.973\"}","timestamp":"2024-12-25T10:20:54.743Z"}
{"level":"\u001b[32minfo\u001b[39m","message":"{\"method\":\"GET\",\"url\":\"/api/subscription/get-subcriptionPlans?email=moideenshacp28%40gmail.com\",\"status\":\"304\",\"responseTime\":\"398.400\"}","timestamp":"2024-12-25T10:25:26.959Z"}
{"level":"\u001b[32minfo\u001b[39m","message":"{\"method\":\"GET\",\"url\":\"/api/subscription/get-subcriptionPlans?email=moideenshacp28%40gmail.com\",\"status\":\"200\",\"responseTime\":\"419.451\"}","timestamp":"2024-12-25T10:27:39.551Z"}
{"level":"\u001b[32minfo\u001b[39m","message":"{\"method\":\"GET\",\"url\":\"/api/subscription/get-subcriptionPlans?email=moideenshacp28%40gmail.com\",\"status\":\"-\",\"responseTime\":\"-\"}","timestamp":"2024-12-25T10:28:11.052Z"}
{"level":"\u001b[32minfo\u001b[39m","message":"{\"method\":\"GET\",\"url\":\"/api/subscription/get-subcriptionPlans?email=moideenshacp28%40gmail.com\",\"status\":\"-\",\"responseTime\":\"-\"}","timestamp":"2024-12-25T10:28:20.298Z"}
{"level":"\u001b[32minfo\u001b[39m","message":"{\"method\":\"GET\",\"url\":\"/api/subscription/get-subcriptionPlans?email=moideenshacp28%40gmail.com\",\"status\":\"200\",\"responseTime\":\"109.686\"}","timestamp":"2024-12-25T10:29:47.682Z"}
{"level":"\u001b[32minfo\u001b[39m","message":"{\"method\":\"GET\",\"url\":\"/api/subscription/get-subcriptionPlans?email=moideenshacp28%40gmail.com\",\"status\":\"200\",\"responseTime\":\"482.138\"}","timestamp":"2024-12-25T10:37:32.663Z"}
{"level":"\u001b[32minfo\u001b[39m","message":"{\"method\":\"GET\",\"url\":\"/api/subscription/get-subcriptionPlans?email=moideenshacp28%40gmail.com\",\"status\":\"304\",\"responseTime\":\"30157.655\"}","timestamp":"2024-12-25T10:38:52.624Z"}
{"level":"\u001b[32minfo\u001b[39m","message":"{\"method\":\"GET\",\"url\":\"/api/subscription/get-subcriptionPlans?email=moideenshacp28%40gmail.com\",\"status\":\"304\",\"responseTime\":\"426.430\"}","timestamp":"2024-12-25T10:39:26.918Z"}
{"level":"\u001b[32minfo\u001b[39m","message":"{\"method\":\"GET\",\"url\":\"/api/subscription/get-subcriptionPlans?email=moideenshacp28%40gmail.com\",\"status\":\"-\",\"responseTime\":\"-\"}","timestamp":"2024-12-25T10:41:09.321Z"}
{"level":"\u001b[32minfo\u001b[39m","message":"{\"method\":\"GET\",\"url\":\"/api/subscription/get-subcriptionPlans?email=moideenshacp28%40gmail.com\",\"status\":\"-\",\"responseTime\":\"-\"}","timestamp":"2024-12-25T10:41:50.813Z"}
{"level":"\u001b[32minfo\u001b[39m","message":"{\"method\":\"GET\",\"url\":\"/api/subscription/get-subcriptionPlans?email=moideenshacp28%40gmail.com\",\"status\":\"200\",\"responseTime\":\"580.194\"}","timestamp":"2024-12-25T10:45:38.015Z"}
{"level":"\u001b[32minfo\u001b[39m","message":"{\"method\":\"GET\",\"url\":\"/api/subscription/get-subcriptionPlans?email=moideenshacp28%40gmail.com\",\"status\":\"200\",\"responseTime\":\"391.351\"}","timestamp":"2024-12-25T10:46:41.702Z"}
{"level":"\u001b[32minfo\u001b[39m","message":"{\"method\":\"GET\",\"url\":\"/api/subscription/get-subcriptionPlans?email=moideenshacp28%40gmail.com\",\"status\":\"-\",\"responseTime\":\"-\"}","timestamp":"2024-12-25T10:50:58.276Z"}
{"level":"\u001b[32minfo\u001b[39m","message":"{\"method\":\"GET\",\"url\":\"/api/subscription/get-subcriptionPlans?email=moideenshacp28%40gmail.com\",\"status\":\"200\",\"responseTime\":\"438.472\"}","timestamp":"2024-12-25T10:52:05.168Z"}
{"level":"\u001b[32minfo\u001b[39m","message":"{\"method\":\"GET\",\"url\":\"/api/subscription/get-subcriptionPlans?email=moideenshacp28%40gmail.com\",\"status\":\"-\",\"responseTime\":\"-\"}","timestamp":"2024-12-25T10:53:15.263Z"}
{"level":"\u001b[32minfo\u001b[39m","message":"{\"method\":\"GET\",\"url\":\"/api/subscription/get-subcriptionPlans?email=moideenshacp28%40gmail.com\",\"status\":\"200\",\"responseTime\":\"930.911\"}","timestamp":"2024-12-25T10:54:25.140Z"}
{"level":"\u001b[32minfo\u001b[39m","message":"{\"method\":\"GET\",\"url\":\"/api/subscription/get-subcriptionPlans?email=moideenshacp28%40gmail.com\",\"status\":\"200\",\"responseTime\":\"192.834\"}","timestamp":"2024-12-25T10:55:53.250Z"}
{"level":"\u001b[32minfo\u001b[39m","message":"{\"method\":\"GET\",\"url\":\"/api/subscription/get-subcriptionPlans?email=moideenshacp28%40gmail.com\",\"status\":\"200\",\"responseTime\":\"309.978\"}","timestamp":"2024-12-25T10:57:41.284Z"}
{"level":"\u001b[32minfo\u001b[39m","message":"{\"method\":\"GET\",\"url\":\"/api/subscription/get-subcriptionPlans?email=moideenshacp28%40gmail.com\",\"status\":\"-\",\"responseTime\":\"-\"}","timestamp":"2024-12-25T11:02:10.510Z"}
{"level":"\u001b[32minfo\u001b[39m","message":"{\"method\":\"GET\",\"url\":\"/api/subscription/get-subcriptionPlans?email=moideenshacp28%40gmail.com\",\"status\":\"304\",\"responseTime\":\"246.852\"}","timestamp":"2024-12-25T11:17:03.047Z"}
{"level":"\u001b[32minfo\u001b[39m","message":"{\"method\":\"GET\",\"url\":\"/api/subscription/get-subcriptionPlans?email=moideenshacp28%40gmail.com\",\"status\":\"200\",\"responseTime\":\"226.988\"}","timestamp":"2024-12-25T11:29:09.124Z"}
{"level":"\u001b[32minfo\u001b[39m","message":"{\"method\":\"GET\",\"url\":\"/api/subscription/get-subcriptionPlans?email=moideenshacp28%40gmail.com\",\"status\":\"304\",\"responseTime\":\"41200.596\"}","timestamp":"2024-12-25T11:29:53.534Z"}
{"level":"\u001b[32minfo\u001b[39m","message":"{\"method\":\"GET\",\"url\":\"/api/subscription/get-subcriptionPlans?email=moideenshacp28%40gmail.com\",\"status\":\"304\",\"responseTime\":\"405.217\"}","timestamp":"2024-12-25T11:31:18.864Z"}
{"level":"\u001b[32minfo\u001b[39m","message":"{\"method\":\"GET\",\"url\":\"/api/subscription/get-subcriptionPlans?email=moideenshacp28%40gmail.com\",\"status\":\"200\",\"responseTime\":\"77.082\"}","timestamp":"2024-12-25T11:36:16.588Z"}
{"level":"\u001b[32minfo\u001b[39m","message":"{\"method\":\"GET\",\"url\":\"/api/subscription/get-subcriptionPlans?email=moideenshacp28%40gmail.com\",\"status\":\"200\",\"responseTime\":\"271.904\"}","timestamp":"2024-12-25T11:40:01.081Z"}
{"level":"\u001b[32minfo\u001b[39m","message":"{\"method\":\"GET\",\"url\":\"/api/subscription/get-subcriptionPlans?email=moideenshacp28%40gmail.com\",\"status\":\"200\",\"responseTime\":\"238.325\"}","timestamp":"2024-12-25T11:45:20.617Z"}
{"level":"\u001b[32minfo\u001b[39m","message":"{\"method\":\"POST\",\"url\":\"/api/subscription/create-checkout-session\",\"status\":\"404\",\"responseTime\":\"20.790\"}","timestamp":"2024-12-25T17:23:56.137Z"}
{"level":"\u001b[32minfo\u001b[39m","message":"{\"method\":\"POST\",\"url\":\"/api/subscription/create-checkout-session\",\"status\":\"404\",\"responseTime\":\"1.284\"}","timestamp":"2024-12-25T17:24:27.271Z"}
{"level":"\u001b[32minfo\u001b[39m","message":"{\"method\":\"POST\",\"url\":\"/api/subscription/create-checkout-session\",\"status\":\"404\",\"responseTime\":\"0.860\"}","timestamp":"2024-12-25T17:25:11.333Z"}
{"level":"\u001b[32minfo\u001b[39m","message":"{\"method\":\"POST\",\"url\":\"/api/subscription/create-checkout-session\",\"status\":\"404\",\"responseTime\":\"0.517\"}","timestamp":"2024-12-25T17:26:25.111Z"}
{"level":"\u001b[32minfo\u001b[39m","message":"{\"method\":\"POST\",\"url\":\"/api/subscription/create-checkout-session\",\"status\":\"401\",\"responseTime\":\"20.924\"}","timestamp":"2024-12-25T17:27:17.811Z"}
{"level":"\u001b[32minfo\u001b[39m","message":"{\"method\":\"POST\",\"url\":\"/api/subscription/create-checkout-session\",\"status\":\"401\",\"responseTime\":\"5.044\"}","timestamp":"2024-12-25T17:28:31.826Z"}
{"level":"\u001b[32minfo\u001b[39m","message":"{\"method\":\"POST\",\"url\":\"/api/subscription/create-checkout-session\",\"status\":\"400\",\"responseTime\":\"1442.170\"}","timestamp":"2024-12-25T17:29:49.105Z"}
{"level":"\u001b[32minfo\u001b[39m","message":"{\"method\":\"POST\",\"url\":\"/api/subscription/create-checkout-session\",\"status\":\"400\",\"responseTime\":\"1320.892\"}","timestamp":"2024-12-25T17:30:24.308Z"}
{"level":"\u001b[32minfo\u001b[39m","message":"{\"method\":\"POST\",\"url\":\"/api/subscription/create-checkout-session\",\"status\":\"200\",\"responseTime\":\"2088.713\"}","timestamp":"2024-12-25T17:34:29.149Z"}
{"level":"\u001b[32minfo\u001b[39m","message":"{\"method\":\"POST\",\"url\":\"/api/subscription/webhook\",\"status\":\"401\",\"responseTime\":\"5.408\"}","timestamp":"2024-12-25T17:45:08.955Z"}
{"level":"\u001b[32minfo\u001b[39m","message":"{\"method\":\"POST\",\"url\":\"/api/subscription/webhook\",\"status\":\"401\",\"responseTime\":\"1.940\"}","timestamp":"2024-12-25T17:45:24.113Z"}
{"level":"\u001b[32minfo\u001b[39m","message":"{\"method\":\"POST\",\"url\":\"/api/subscription/create-checkout-session\",\"status\":\"200\",\"responseTime\":\"4702.056\"}","timestamp":"2024-12-25T17:53:22.376Z"}
{"level":"\u001b[32minfo\u001b[39m","message":"{\"method\":\"POST\",\"url\":\"/api/subscription/webhook\",\"status\":\"401\",\"responseTime\":\"3.258\"}","timestamp":"2024-12-25T17:54:00.975Z"}
